#                                                                                                         --- full sequence --- -------------- this domain -------------   hmm coord   ali coord   env coord
# target name                                     accession   tlen query name           accession   qlen   E-value  score  bias   #  of  c-Evalue  i-Evalue  score  bias  from    to  from    to  from    to  acc description of target
#                             ------------------- ---------- ----- -------------------- ---------- ----- --------- ------ ----- --- --- --------- --------- ------ ----- ----- ----- ----- ----- ----- ----- ---- ---------------------
1003at766_1359163_0:00014e|OZ308468.1:40579-41020 -            148 1003                 -            147   2.4e-75  241.6   9.6   1   1   2.7e-75   2.7e-75  241.5   9.6     1   147     1   147     1   147 0.99 -
1003at766_1248439_0:0000e1|OZ308468.1:40579-41026 -            149 1003                 -            147   2.4e-75  241.6   9.6   1   1   2.7e-75   2.7e-75  241.4   9.6     1   147     1   147     1   147 0.99 -
1003at766_1392507_0:00015a|OZ308468.1:40579-41026 -            149 1003                 -            147   2.4e-75  241.6   9.6   1   1   2.7e-75   2.7e-75  241.4   9.6     1   147     1   147     1   147 0.99 -
1003at766_142058_0:000261|OZ308468.1:40579-41026  -            149 1003                 -            147   2.4e-75  241.6   9.6   1   1   2.7e-75   2.7e-75  241.4   9.6     1   147     1   147     1   147 0.99 -
1003at766_169402_0:000091|OZ308468.1:40579-41026  -            149 1003                 -            147   2.4e-75  241.6   9.6   1   1   2.7e-75   2.7e-75  241.4   9.6     1   147     1   147     1   147 0.99 -
1003at766_246273_0:00033a|OZ308468.1:40579-41026  -            149 1003                 -            147   2.4e-75  241.6   9.6   1   1   2.7e-75   2.7e-75  241.4   9.6     1   147     1   147     1   147 0.99 -
1003at766_574556_0:0000e7|OZ308468.1:40579-41026  -            149 1003                 -            147   2.4e-75  241.6   9.6   1   1   2.7e-75   2.7e-75  241.4   9.6     1   147     1   147     1   147 0.99 -
1003at766_779_0:0000d6|OZ308468.1:40579-41023     -            149 1003                 -            147   2.4e-75  241.6   9.6   1   1   2.7e-75   2.7e-75  241.4   9.6     1   147     1   147     1   147 0.99 -
1003at766_955_0:00007b|OZ308468.1:40579-41026     -            149 1003                 -            147   2.4e-75  241.6   9.6   1   1   2.7e-75   2.7e-75  241.4   9.6     1   147     1   147     1   147 0.99 -
1003at766_96496_0:00022e|OZ308468.1:40579-41026   -            149 1003                 -            147   2.4e-75  241.6   9.6   1   1   2.7e-75   2.7e-75  241.4   9.6     1   147     1   147     1   147 0.99 -
1003at766_2486577_0:000182|OZ308468.1:40570-41017 -            150 1003                 -            147   2.5e-75  241.5   9.6   1   1   2.8e-75   2.8e-75  241.4   9.6     1   147     4   150     4   150 0.99 -
1003at766_2602574_0:000497|OZ308468.1:40558-41023 -            156 1003                 -            147   2.9e-75  241.3   9.6   1   1   3.3e-75   3.3e-75  241.2   9.6     1   147     8   154     8   154 0.99 -
1003at766_2486578_0:00038b|OZ308468.1:40585-41023 -            147 1003                 -            147   1.5e-74  239.0   9.4   1   1   1.6e-74   1.6e-74  238.9   9.4     3   147     1   145     1   145 0.99 -
1003at766_1802984_0:00029f|OZ308468.1:40588-41026 -            146 1003                 -            147   4.8e-74  237.4   9.3   1   1   5.4e-74   5.4e-74  237.2   9.3     4   147     1   144     1   144 0.99 -
1003at766_696127_0:000272|OZ308468.1:40588-41014  -            143 1003                 -            147   8.1e-74  236.6   9.1   1   1   8.9e-74   8.9e-74  236.5   9.1     4   145     1   142     1   143 0.99 -
#
# Program:         hmmsearch
# Version:         3.4 (Aug 2023)
# Pipeline mode:   SEARCH
# Query file:      /Users/rossoaa/Desktop/dummy/genomes/records/compleasm/mb_downloads/rickettsiales_odb12/hmms/1003at766.hmm
# Target file:     -
# Option settings: /Users/rossoaa/miniconda3/envs/compleasm_env/bin/hmmsearch --domtblout /Users/rossoaa/Desktop/dummy/genomes/records/compleasm/rickettsiales_odb12/hmmer_output/1003at766.out --cpu 1 /Users/rossoaa/Desktop/dummy/genomes/records/compleasm/mb_downloads/rickettsiales_odb12/hmms/1003at766.hmm - 
# Current dir:     /Users/rossoaa/Desktop/dummy/genomes/records/compleasm
# Date:            Tue Feb 10 10:20:23 2026
# [ok]
