#                                                                                                           --- full sequence --- -------------- this domain -------------   hmm coord   ali coord   env coord
# target name                                       accession   tlen query name           accession   qlen   E-value  score  bias   #  of  c-Evalue  i-Evalue  score  bias  from    to  from    to  from    to  acc description of target
#                               ------------------- ---------- ----- -------------------- ---------- ----- --------- ------ ----- --- --- --------- --------- ------ ----- ----- ----- ----- ----- ----- ----- ---- ---------------------
1008at766_1392507_0:000312|OZ308468.1:875469-880582 -            154 1008                 -            159   8.9e-46  144.6   5.7   1   1   9.7e-46   9.7e-46  144.4   5.7     2   155     2   150     1   154 0.86 -
1008at766_246273_0:0000d6|OZ308468.1:875472-875898  -            142 1008                 -            159   1.1e-45  144.2   6.7   1   1   3.3e-45   3.3e-45  142.7   6.7     2   155     1   139     1   142 0.89 -
1008at766_96496_0:0002f3|OZ308468.1:875472-875898   -            142 1008                 -            159   1.1e-45  144.2   6.7   1   1   3.3e-45   3.3e-45  142.7   6.7     2   155     1   139     1   142 0.89 -
1008at766_955_0:000299|OZ308468.1:875472-875889     -            140 1008                 -            159   1.9e-45  143.5   6.4   1   1   4.5e-45   4.5e-45  142.3   6.4     2   152     1   136     1   140 0.88 -
1008at766_169402_0:000474|OZ308468.1:875484-875898  -            138 1008                 -            159   1.3e-44  140.8   6.8   1   1   3.9e-44   3.9e-44  139.2   6.8     6   155     1   135     1   138 0.90 -
1008at766_1248439_0:00015a|OZ308468.1:875469-875829 -            121 1008                 -            159   1.6e-44  140.5   4.4   1   1   1.7e-44   1.7e-44  140.4   4.4     2   120     2   118     1   121 0.95 -
1008at766_574556_0:00017e|OZ308468.1:875469-875829  -            121 1008                 -            159   1.6e-44  140.5   4.4   1   1   1.7e-44   1.7e-44  140.4   4.4     2   120     2   118     1   121 0.95 -
1008at766_142058_0:0001af|OZ308468.1:875469-875823  -            119 1008                 -            159   1.7e-44  140.4   4.0   1   1   1.8e-44   1.8e-44  140.3   4.0     2   116     2   114     1   119 0.96 -
#
# Program:         hmmsearch
# Version:         3.4 (Aug 2023)
# Pipeline mode:   SEARCH
# Query file:      /Users/rossoaa/Desktop/dummy/genomes/records/compleasm/mb_downloads/rickettsiales_odb12/hmms/1008at766.hmm
# Target file:     -
# Option settings: /Users/rossoaa/miniconda3/envs/compleasm_env/bin/hmmsearch --domtblout /Users/rossoaa/Desktop/dummy/genomes/records/compleasm/rickettsiales_odb12/hmmer_output/1008at766.out --cpu 1 /Users/rossoaa/Desktop/dummy/genomes/records/compleasm/mb_downloads/rickettsiales_odb12/hmms/1008at766.hmm - 
# Current dir:     /Users/rossoaa/Desktop/dummy/genomes/records/compleasm
# Date:            Tue Feb 10 10:20:23 2026
# [ok]
