#                                                                                                           --- full sequence --- -------------- this domain -------------   hmm coord   ali coord   env coord
# target name                                       accession   tlen query name           accession   qlen   E-value  score  bias   #  of  c-Evalue  i-Evalue  score  bias  from    to  from    to  from    to  acc description of target
#                               ------------------- ---------- ----- -------------------- ---------- ----- --------- ------ ----- --- --- --------- --------- ------ ----- ----- ----- ----- ----- ----- ----- ---- ---------------------
1019at766_1286528_0:0000d8|OZ308468.1:195896-196121 -             75 1019                 -             74   7.8e-40  124.5  11.5   1   1   8.6e-40   8.6e-40  124.4  11.5     1    73     1    73     1    74 0.99 -
1019at766_1605993_0:000314|OZ308468.1:195896-196121 -             75 1019                 -             74   7.8e-40  124.5  11.5   1   1   8.6e-40   8.6e-40  124.4  11.5     1    73     1    73     1    74 0.99 -
1019at766_169402_0:00046e|OZ308468.1:195899-196121  -             75 1019                 -             74   7.8e-40  124.5  11.5   1   1   8.6e-40   8.6e-40  124.4  11.5     1    73     1    73     1    74 0.99 -
1019at766_1714371_0:00004b|OZ308468.1:195896-196121 -             75 1019                 -             74   7.8e-40  124.5  11.5   1   1   8.6e-40   8.6e-40  124.4  11.5     1    73     1    73     1    74 0.99 -
1019at766_246273_0:00030c|OZ308468.1:195896-196121  -             75 1019                 -             74   7.8e-40  124.5  11.5   1   1   8.6e-40   8.6e-40  124.4  11.5     1    73     1    73     1    74 0.99 -
1019at766_2486578_0:00010b|OZ308468.1:195899-196121 -             75 1019                 -             74   7.8e-40  124.5  11.5   1   1   8.6e-40   8.6e-40  124.4  11.5     1    73     1    73     1    74 0.99 -
1019at766_2602574_0:0000e3|OZ308468.1:195896-196121 -             75 1019                 -             74   7.8e-40  124.5  11.5   1   1   8.6e-40   8.6e-40  124.4  11.5     1    73     1    73     1    74 0.99 -
1019at766_96496_0:00030b|OZ308468.1:195896-196121   -             75 1019                 -             74   7.8e-40  124.5  11.5   1   1   8.6e-40   8.6e-40  124.4  11.5     1    73     1    73     1    74 0.99 -
1019at766_1248439_0:0000fb|OZ308468.1:195896-196115 -             73 1019                 -             74   3.1e-38  119.4  11.6   1   1   3.3e-38   3.3e-38  119.3  11.6     4    73     2    71     1    72 0.98 -
1019at766_1392507_0:000226|OZ308468.1:195896-196115 -             73 1019                 -             74   3.1e-38  119.4  11.6   1   1   3.3e-38   3.3e-38  119.3  11.6     4    73     2    71     1    72 0.98 -
1019at766_955_0:000092|OZ308468.1:195896-196112     -             72 1019                 -             74   3.9e-38  119.1  11.3   1   1   4.2e-38   4.2e-38  119.0  11.3     5    73     2    70     1    71 0.98 -
#
# Program:         hmmsearch
# Version:         3.4 (Aug 2023)
# Pipeline mode:   SEARCH
# Query file:      /Users/rossoaa/Desktop/dummy/genomes/records/compleasm/mb_downloads/rickettsiales_odb12/hmms/1019at766.hmm
# Target file:     -
# Option settings: /Users/rossoaa/miniconda3/envs/compleasm_env/bin/hmmsearch --domtblout /Users/rossoaa/Desktop/dummy/genomes/records/compleasm/rickettsiales_odb12/hmmer_output/1019at766.out --cpu 1 /Users/rossoaa/Desktop/dummy/genomes/records/compleasm/mb_downloads/rickettsiales_odb12/hmms/1019at766.hmm - 
# Current dir:     /Users/rossoaa/Desktop/dummy/genomes/records/compleasm
# Date:            Tue Feb 10 10:20:22 2026
# [ok]
