#                                                                                                           --- full sequence --- -------------- this domain -------------   hmm coord   ali coord   env coord
# target name                                       accession   tlen query name           accession   qlen   E-value  score  bias   #  of  c-Evalue  i-Evalue  score  bias  from    to  from    to  from    to  acc description of target
#                               ------------------- ---------- ----- -------------------- ---------- ----- --------- ------ ----- --- --- --------- --------- ------ ----- ----- ----- ----- ----- ----- ----- ---- ---------------------
1027at766_1105107_0:00009d|OZ308468.1:758862-759402 -            181 1027                 -            182   3.3e-86  278.8  10.9   1   1   3.7e-86   3.7e-86  278.7  10.9     2   181     2   180     1   181 0.98 -
1027at766_1242993_0:000064|OZ308468.1:758862-759402 -            181 1027                 -            182   3.3e-86  278.8  10.9   1   1   3.7e-86   3.7e-86  278.7  10.9     2   181     2   180     1   181 0.98 -
1027at766_1961830_0:000318|OZ308468.1:758862-759402 -            181 1027                 -            182   3.3e-86  278.8  10.9   1   1   3.7e-86   3.7e-86  278.7  10.9     2   181     2   180     1   181 0.98 -
1027at766_205920_0:00010e|OZ308468.1:758862-759402  -            181 1027                 -            182   3.3e-86  278.8  10.9   1   1   3.7e-86   3.7e-86  278.7  10.9     2   181     2   180     1   181 0.98 -
1027at766_481009_0:000473|OZ308468.1:758862-759402  -            181 1027                 -            182   3.3e-86  278.8  10.9   1   1   3.7e-86   3.7e-86  278.7  10.9     2   181     2   180     1   181 0.98 -
1027at766_752179_0:000100|OZ308468.1:758862-759402  -            181 1027                 -            182   3.3e-86  278.8  10.9   1   1   3.7e-86   3.7e-86  278.7  10.9     2   181     2   180     1   181 0.98 -
1027at766_1802984_0:0001fc|OZ308468.1:758859-759405 -            182 1027                 -            182   3.4e-86  278.8  10.9   1   1   3.8e-86   3.8e-86  278.6  10.9     2   181     3   181     2   182 0.98 -
1027at766_1605993_0:0000e9|OZ308468.1:758865-759405 -            180 1027                 -            182   6.5e-86  277.8  11.4   1   1   7.2e-86   7.2e-86  277.7  11.4     3   181     2   179     1   180 0.98 -
1027at766_169402_0:000571|OZ308468.1:758865-759405  -            180 1027                 -            182   6.5e-86  277.8  11.4   1   1   7.2e-86   7.2e-86  277.7  11.4     3   181     2   179     1   180 0.98 -
1027at766_246273_0:000006|OZ308468.1:758865-759405  -            180 1027                 -            182   6.5e-86  277.8  11.4   1   1   7.2e-86   7.2e-86  277.7  11.4     3   181     2   179     1   180 0.98 -
1027at766_2486577_0:00020c|OZ308468.1:758865-759402 -            180 1027                 -            182   6.5e-86  277.8  11.4   1   1   7.2e-86   7.2e-86  277.7  11.4     3   181     2   179     1   180 0.98 -
1027at766_696127_0:00032f|OZ308468.1:758865-759402  -            180 1027                 -            182   6.5e-86  277.8  11.4   1   1   7.2e-86   7.2e-86  277.7  11.4     3   181     2   179     1   180 0.98 -
1027at766_955_0:000118|OZ308468.1:758865-759402     -            180 1027                 -            182   6.5e-86  277.8  11.4   1   1   7.2e-86   7.2e-86  277.7  11.4     3   181     2   179     1   180 0.98 -
1027at766_96496_0:000152|OZ308468.1:758865-759405   -            180 1027                 -            182   6.5e-86  277.8  11.4   1   1   7.2e-86   7.2e-86  277.7  11.4     3   181     2   179     1   180 0.98 -
1027at766_1359163_0:00011c|OZ308468.1:758868-759402 -            179 1027                 -            182   8.6e-86  277.5  10.9   1   1   9.5e-86   9.5e-86  277.3  10.9     4   181     2   178     1   179 0.98 -
1027at766_1528098_0:00007b|OZ308468.1:758868-759402 -            179 1027                 -            182   8.6e-86  277.5  10.9   1   1   9.5e-86   9.5e-86  277.3  10.9     4   181     2   178     1   179 0.98 -
1027at766_2486578_0:0002fd|OZ308468.1:758868-759402 -            179 1027                 -            182   8.6e-86  277.5  10.9   1   1   9.5e-86   9.5e-86  277.3  10.9     4   181     2   178     1   179 0.98 -
1027at766_2602574_0:0004ab|OZ308468.1:758868-759405 -            179 1027                 -            182   8.6e-86  277.5  10.9   1   1   9.5e-86   9.5e-86  277.3  10.9     4   181     2   178     1   179 0.98 -
1027at766_86105_0:00051e|OZ308468.1:758868-759402   -            179 1027                 -            182   8.6e-86  277.5  10.9   1   1   9.5e-86   9.5e-86  277.3  10.9     4   181     2   178     1   179 0.98 -
1027at766_1423892_0:00028a|OZ308468.1:758871-759402 -            178 1027                 -            182   1.2e-85  277.0  10.6   1   1   1.3e-85   1.3e-85  276.9  10.6     4   181     1   177     1   178 0.99 -
1027at766_391036_0:000034|OZ308468.1:758871-759402  -            178 1027                 -            182   1.2e-85  277.0  10.6   1   1   1.3e-85   1.3e-85  276.9  10.6     4   181     1   177     1   178 0.99 -
1027at766_779_0:0002ff|OZ308468.1:758871-759402     -            178 1027                 -            182   1.2e-85  277.0  10.6   1   1   1.3e-85   1.3e-85  276.9  10.6     4   181     1   177     1   178 0.99 -
1027at766_1248439_0:000143|OZ308468.1:758868-759399 -            178 1027                 -            182   1.8e-85  276.4  11.3   1   1     2e-85     2e-85  276.2  11.3     4   181     2   178     1   178 0.99 -
1027at766_142058_0:000317|OZ308468.1:758868-759399  -            178 1027                 -            182   1.8e-85  276.4  11.3   1   1     2e-85     2e-85  276.2  11.3     4   181     2   178     1   178 0.99 -
1027at766_574556_0:0001cc|OZ308468.1:758868-759399  -            178 1027                 -            182   1.8e-85  276.4  11.3   1   1     2e-85     2e-85  276.2  11.3     4   181     2   178     1   178 0.99 -
1027at766_272947_0:00017a|OZ308468.1:758862-759387  -            176 1027                 -            182   6.4e-85  274.6  10.5   1   1     7e-85     7e-85  274.5  10.5     2   175     2   174     1   176 0.98 -
1027at766_1286528_0:0000a9|OZ308468.1:758871-759378 -            170 1027                 -            182   8.8e-84  270.9  10.6   1   1   9.8e-84   9.8e-84  270.8  10.6     4   174     1   170     1   170 0.99 -
1027at766_1392507_0:0000e6|OZ308468.1:758868-759366 -            167 1027                 -            182   1.4e-81  263.7  10.2   1   1   1.6e-81   1.6e-81  263.5  10.2     4   170     2   167     1   167 0.99 -
#
# Program:         hmmsearch
# Version:         3.4 (Aug 2023)
# Pipeline mode:   SEARCH
# Query file:      /Users/rossoaa/Desktop/dummy/genomes/records/compleasm/mb_downloads/rickettsiales_odb12/hmms/1027at766.hmm
# Target file:     -
# Option settings: /Users/rossoaa/miniconda3/envs/compleasm_env/bin/hmmsearch --domtblout /Users/rossoaa/Desktop/dummy/genomes/records/compleasm/rickettsiales_odb12/hmmer_output/1027at766.out --cpu 1 /Users/rossoaa/Desktop/dummy/genomes/records/compleasm/mb_downloads/rickettsiales_odb12/hmms/1027at766.hmm - 
# Current dir:     /Users/rossoaa/Desktop/dummy/genomes/records/compleasm
# Date:            Tue Feb 10 10:20:23 2026
# [ok]
