#                                                                                                           --- full sequence --- -------------- this domain -------------   hmm coord   ali coord   env coord
# target name                                       accession   tlen query name           accession   qlen   E-value  score  bias   #  of  c-Evalue  i-Evalue  score  bias  from    to  from    to  from    to  acc description of target
#                               ------------------- ---------- ----- -------------------- ---------- ----- --------- ------ ----- --- --- --------- --------- ------ ----- ----- ----- ----- ----- ----- ----- ---- ---------------------
1028at766_1392507_0:000291|OZ308468.1:931078-932812 -            578 1028                 -            518  1.2e-216  711.1  16.8   1   2   8.2e-36   8.2e-36  114.5   0.5     4    85     5    88     2    97 0.91 -
1028at766_1392507_0:000291|OZ308468.1:931078-932812 -            578 1028                 -            518  1.2e-216  711.1  16.8   2   2  3.2e-183  3.2e-183  600.8  10.1    82   502   119   543   112   558 0.96 -
1028at766_1248439_0:000262|OZ308468.1:931072-932812 -            580 1028                 -            518  1.2e-216  711.1  16.8   1   2   8.2e-36   8.2e-36  114.5   0.5     4    85     7    90     4    99 0.91 -
1028at766_1248439_0:000262|OZ308468.1:931072-932812 -            580 1028                 -            518  1.2e-216  711.1  16.8   2   2  3.2e-183  3.2e-183  600.8  10.1    82   502   121   545   114   560 0.96 -
1028at766_142058_0:000228|OZ308468.1:931072-932812  -            580 1028                 -            518  1.2e-216  711.1  16.8   1   2   8.2e-36   8.2e-36  114.5   0.5     4    85     7    90     4    99 0.91 -
1028at766_142058_0:000228|OZ308468.1:931072-932812  -            580 1028                 -            518  1.2e-216  711.1  16.8   2   2  3.2e-183  3.2e-183  600.8  10.1    82   502   121   545   114   560 0.96 -
1028at766_574556_0:0002a2|OZ308468.1:931072-932812  -            580 1028                 -            518  1.2e-216  711.1  16.8   1   2   8.2e-36   8.2e-36  114.5   0.5     4    85     7    90     4    99 0.91 -
1028at766_574556_0:0002a2|OZ308468.1:931072-932812  -            580 1028                 -            518  1.2e-216  711.1  16.8   2   2  3.2e-183  3.2e-183  600.8  10.1    82   502   121   545   114   560 0.96 -
1028at766_1423892_0:000216|OZ308468.1:931069-932812 -            581 1028                 -            518  1.2e-216  711.1  16.8   1   2   8.2e-36   8.2e-36  114.5   0.5     4    85     8    91     5   100 0.91 -
1028at766_1423892_0:000216|OZ308468.1:931069-932812 -            581 1028                 -            518  1.2e-216  711.1  16.8   2   2  3.2e-183  3.2e-183  600.8  10.1    82   502   122   546   115   561 0.96 -
1028at766_205920_0:000037|OZ308468.1:931069-932809  -            581 1028                 -            518  1.2e-216  711.1  16.8   1   2   8.2e-36   8.2e-36  114.5   0.5     4    85     8    91     5   100 0.91 -
1028at766_205920_0:000037|OZ308468.1:931069-932809  -            581 1028                 -            518  1.2e-216  711.1  16.8   2   2  3.2e-183  3.2e-183  600.8  10.1    82   502   122   546   115   561 0.96 -
1028at766_391036_0:00033a|OZ308468.1:931069-932812  -            581 1028                 -            518  1.2e-216  711.1  16.8   1   2   8.2e-36   8.2e-36  114.5   0.5     4    85     8    91     5   100 0.91 -
1028at766_391036_0:00033a|OZ308468.1:931069-932812  -            581 1028                 -            518  1.2e-216  711.1  16.8   2   2  3.2e-183  3.2e-183  600.8  10.1    82   502   122   546   115   561 0.96 -
1028at766_779_0:00004a|OZ308468.1:931069-932809     -            581 1028                 -            518  1.2e-216  711.1  16.8   1   2   8.2e-36   8.2e-36  114.5   0.5     4    85     8    91     5   100 0.91 -
1028at766_779_0:00004a|OZ308468.1:931069-932809     -            581 1028                 -            518  1.2e-216  711.1  16.8   2   2  3.2e-183  3.2e-183  600.8  10.1    82   502   122   546   115   561 0.96 -
1028at766_1242993_0:0002a6|OZ308468.1:931066-932809 -            582 1028                 -            518  1.2e-216  711.1  16.8   1   2   8.2e-36   8.2e-36  114.4   0.5     4    85     9    92     6   101 0.91 -
1028at766_1242993_0:0002a6|OZ308468.1:931066-932809 -            582 1028                 -            518  1.2e-216  711.1  16.8   2   2  3.3e-183  3.3e-183  600.8  10.1    82   502   123   547   116   562 0.96 -
1028at766_1605993_0:0002dc|OZ308468.1:931066-932812 -            582 1028                 -            518  1.2e-216  711.1  16.8   1   2   8.2e-36   8.2e-36  114.4   0.5     4    85     9    92     6   101 0.91 -
1028at766_1605993_0:0002dc|OZ308468.1:931066-932812 -            582 1028                 -            518  1.2e-216  711.1  16.8   2   2  3.3e-183  3.3e-183  600.8  10.1    82   502   123   547   116   562 0.96 -
1028at766_169402_0:0004e6|OZ308468.1:931066-932812  -            582 1028                 -            518  1.2e-216  711.1  16.8   1   2   8.2e-36   8.2e-36  114.4   0.5     4    85     9    92     6   101 0.91 -
1028at766_169402_0:0004e6|OZ308468.1:931066-932812  -            582 1028                 -            518  1.2e-216  711.1  16.8   2   2  3.3e-183  3.3e-183  600.8  10.1    82   502   123   547   116   562 0.96 -
1028at766_246273_0:000082|OZ308468.1:931066-932812  -            582 1028                 -            518  1.2e-216  711.1  16.8   1   2   8.2e-36   8.2e-36  114.4   0.5     4    85     9    92     6   101 0.91 -
1028at766_246273_0:000082|OZ308468.1:931066-932812  -            582 1028                 -            518  1.2e-216  711.1  16.8   2   2  3.3e-183  3.3e-183  600.8  10.1    82   502   123   547   116   562 0.96 -
1028at766_955_0:000064|OZ308468.1:931066-932812     -            582 1028                 -            518  1.2e-216  711.1  16.8   1   2   8.2e-36   8.2e-36  114.4   0.5     4    85     9    92     6   101 0.91 -
1028at766_955_0:000064|OZ308468.1:931066-932812     -            582 1028                 -            518  1.2e-216  711.1  16.8   2   2  3.3e-183  3.3e-183  600.8  10.1    82   502   123   547   116   562 0.96 -
1028at766_96496_0:0000e4|OZ308468.1:931066-932812   -            582 1028                 -            518  1.2e-216  711.1  16.8   1   2   8.2e-36   8.2e-36  114.4   0.5     4    85     9    92     6   101 0.91 -
1028at766_96496_0:0000e4|OZ308468.1:931066-932812   -            582 1028                 -            518  1.2e-216  711.1  16.8   2   2  3.3e-183  3.3e-183  600.8  10.1    82   502   123   547   116   562 0.96 -
1028at766_1961830_0:0002b7|OZ308468.1:931093-932761 -            557 1028                 -            518  3.8e-216  709.5  17.2   1   2   2.2e-35   2.2e-35  113.0   0.6     8    85     6    83     1    92 0.95 -
1028at766_1961830_0:0002b7|OZ308468.1:931093-932761 -            557 1028                 -            518  3.8e-216  709.5  17.2   2   2  2.8e-183  2.8e-183  601.0  10.1    82   502   114   538   107   553 0.96 -
1028at766_336407_0:000123|OZ308468.1:931093-932812  -            573 1028                 -            518  4.4e-216  709.3  17.2   1   2   2.3e-35   2.3e-35  113.0   0.6     8    85     6    83     1    92 0.95 -
1028at766_336407_0:000123|OZ308468.1:931093-932812  -            573 1028                 -            518  4.4e-216  709.3  17.2   2   2  3.1e-183  3.1e-183  600.9  10.1    82   502   114   538   107   553 0.96 -
1028at766_2486577_0:0000d4|OZ308468.1:931078-932674 -            533 1028                 -            518    9e-216  708.2  16.6   1   2   7.2e-36   7.2e-36  114.6   0.5     4    85     5    88     2    97 0.91 -
1028at766_2486577_0:0000d4|OZ308468.1:931078-932674 -            533 1028                 -            518    9e-216  708.2  16.6   2   2  2.6e-182  2.6e-182  597.8   9.9    82   490   119   531   112   533 0.97 -
1028at766_2115978_0:000403|OZ308468.1:931078-932668 -            531 1028                 -            518  1.8e-215  707.2  16.8   1   2   7.2e-36   7.2e-36  114.6   0.5     4    85     5    88     2    97 0.91 -
1028at766_2115978_0:000403|OZ308468.1:931078-932668 -            531 1028                 -            518  1.8e-215  707.2  16.8   2   2  5.2e-182  5.2e-182  596.8  10.1    82   489   119   530   112   531 0.97 -
1028at766_86105_0:00029e|OZ308468.1:931078-932668   -            531 1028                 -            518  1.8e-215  707.2  16.8   1   2   7.2e-36   7.2e-36  114.6   0.5     4    85     5    88     2    97 0.91 -
1028at766_86105_0:00029e|OZ308468.1:931078-932668   -            531 1028                 -            518  1.8e-215  707.2  16.8   2   2  5.2e-182  5.2e-182  596.8  10.1    82   489   119   530   112   531 0.97 -
1028at766_1359168_0:0002d6|OZ308468.1:931075-932668 -            532 1028                 -            518  1.8e-215  707.2  16.8   1   2   7.2e-36   7.2e-36  114.6   0.5     4    85     6    89     3    98 0.91 -
1028at766_1359168_0:0002d6|OZ308468.1:931075-932668 -            532 1028                 -            518  1.8e-215  707.2  16.8   2   2  5.3e-182  5.3e-182  596.8  10.1    82   489   120   531   113   532 0.97 -
1028at766_2486578_0:000373|OZ308468.1:931081-932668 -            530 1028                 -            518    2e-215  707.1  16.8   1   2   7.2e-36   7.2e-36  114.6   0.5     4    85     4    87     1    96 0.91 -
1028at766_2486578_0:000373|OZ308468.1:931081-932668 -            530 1028                 -            518    2e-215  707.1  16.8   2   2  5.2e-182  5.2e-182  596.8  10.1    82   489   118   529   111   530 0.97 -
1028at766_334380_0:000377|OZ308468.1:931081-932668  -            530 1028                 -            518    2e-215  707.1  16.8   1   2   7.2e-36   7.2e-36  114.6   0.5     4    85     4    87     1    96 0.91 -
1028at766_334380_0:000377|OZ308468.1:931081-932668  -            530 1028                 -            518    2e-215  707.1  16.8   2   2  5.2e-182  5.2e-182  596.8  10.1    82   489   118   529   111   530 0.97 -
1028at766_481009_0:0002bc|OZ308468.1:931117-934796  -            634 1028                 -            518    1e-214  704.8  17.9   1   2   4.1e-34   4.1e-34  108.8   1.1    11    85     1    75     1    84 0.96 -
1028at766_481009_0:0002bc|OZ308468.1:931117-934796  -            634 1028                 -            518    1e-214  704.8  17.9   2   2  3.1e-183  3.1e-183  600.9   9.8    82   502   106   530    99   544 0.96 -
1028at766_272947_0:00034a|OZ308468.1:931117-932746  -            544 1028                 -            518  1.5e-214  704.2  18.9   1   2   3.3e-34   3.3e-34  109.2   1.1    11    85     1    75     1    84 0.96 -
1028at766_272947_0:00034a|OZ308468.1:931117-932746  -            544 1028                 -            518  1.5e-214  704.2  18.9   2   2  4.9e-183  4.9e-183  600.2  10.8    82   500   106   528    99   543 0.96 -
1028at766_1359163_0:000130|OZ308468.1:931066-932656 -            531 1028                 -            518  1.5e-214  704.2  16.9   1   2   7.2e-36   7.2e-36  114.6   0.5     4    85     9    92     6   101 0.91 -
1028at766_1359163_0:000130|OZ308468.1:931066-932656 -            531 1028                 -            518  1.5e-214  704.2  16.9   2   2  4.3e-181  4.3e-181  593.8  10.2    82   485   123   530   116   531 0.97 -
1028at766_752179_0:000232|OZ308468.1:931117-934778  -            677 1028                 -            518  2.8e-214  703.3  18.8   1   2   4.5e-34   4.5e-34  108.7   1.1    11    85     1    75     1    84 0.96 -
1028at766_752179_0:000232|OZ308468.1:931117-934778  -            677 1028                 -            518  2.8e-214  703.3  18.8   2   2  8.4e-183  8.4e-183  599.5  10.7    82   501   106   529    99   544 0.96 -
1028at766_1528098_0:000315|OZ308468.1:931114-932674 -            521 1028                 -            518  3.6e-214  702.9  17.9   1   2   1.6e-34   1.6e-34  110.2   1.0    11    85     2    76     1    85 0.96 -
1028at766_1528098_0:000315|OZ308468.1:931114-932674 -            521 1028                 -            518  3.6e-214  702.9  17.9   2   2  2.4e-182  2.4e-182  598.0   9.9    82   490   107   519   100   521 0.97 -
1028at766_1105107_0:00019d|OZ308468.1:931120-934748 -            652 1028                 -            518  7.2e-214  701.9  19.2   1   2   1.1e-33   1.1e-33  107.5   1.0    12    85     1    74     1    83 0.96 -
1028at766_1105107_0:00019d|OZ308468.1:931120-934748 -            652 1028                 -            518  7.2e-214  701.9  19.2   2   2  9.4e-183  9.4e-183  599.3  11.3    82   503   105   530    98   547 0.96 -
1028at766_1802984_0:000002|OZ308468.1:931081-932680 -            491 1028                 -            518  9.2e-211  691.7  14.8   1   1  1.1e-210  1.1e-210  691.5  14.8     4   491     4   488     1   491 0.96 -
1028at766_2602574_0:00015e|OZ308468.1:931144-932656 -            505 1028                 -            518  1.2e-208  684.7  18.7   1   2   3.2e-30   3.2e-30   96.0   1.3    20    85     1    66     1    75 0.95 -
1028at766_2602574_0:00015e|OZ308468.1:931144-932656 -            505 1028                 -            518  1.2e-208  684.7  18.7   2   2  3.6e-181  3.6e-181  594.1  10.2    82   485    97   504    90   505 0.97 -
1028at766_696127_0:000120|OZ308468.1:931081-932575  -            499 1028                 -            518  1.5e-206  677.8  14.5   1   2   6.5e-36   6.5e-36  114.8   0.5     4    85     4    87     1    96 0.91 -
1028at766_696127_0:000120|OZ308468.1:931081-932575  -            499 1028                 -            518  1.5e-206  677.8  14.5   2   2  4.2e-173  4.2e-173  567.4   7.7    82   458   118   498   111   499 0.97 -
1028at766_1274402_0:00030a|OZ308468.1:931126-932599 -            492 1028                 -            518    1e-205  675.1  16.7   1   2   7.6e-33   7.6e-33  104.7   0.8    14    85     1    72     1    81 0.96 -
1028at766_1274402_0:00030a|OZ308468.1:931126-932599 -            492 1028                 -            518    1e-205  675.1  16.7   2   2  1.7e-175  1.7e-175  575.4   9.1    82   467   103   492    96   492 0.97 -
#
# Program:         hmmsearch
# Version:         3.4 (Aug 2023)
# Pipeline mode:   SEARCH
# Query file:      /Users/rossoaa/Desktop/dummy/genomes/records/compleasm/mb_downloads/rickettsiales_odb12/hmms/1028at766.hmm
# Target file:     -
# Option settings: /Users/rossoaa/miniconda3/envs/compleasm_env/bin/hmmsearch --domtblout /Users/rossoaa/Desktop/dummy/genomes/records/compleasm/rickettsiales_odb12/hmmer_output/1028at766.out --cpu 1 /Users/rossoaa/Desktop/dummy/genomes/records/compleasm/mb_downloads/rickettsiales_odb12/hmms/1028at766.hmm - 
# Current dir:     /Users/rossoaa/Desktop/dummy/genomes/records/compleasm
# Date:            Tue Feb 10 10:20:22 2026
# [ok]
