#                                                                                                           --- full sequence --- -------------- this domain -------------   hmm coord   ali coord   env coord
# target name                                       accession   tlen query name           accession   qlen   E-value  score  bias   #  of  c-Evalue  i-Evalue  score  bias  from    to  from    to  from    to  acc description of target
#                               ------------------- ---------- ----- -------------------- ---------- ----- --------- ------ ----- --- --- --------- --------- ------ ----- ----- ----- ----- ----- ----- ----- ---- ---------------------
1042at766_1286528_0:000068|OZ308468.1:702168-702462 -             99 1042                 -            100   1.3e-44  141.9   7.2   1   1   1.4e-44   1.4e-44  141.7   7.2     1    98     1    97     1    99 0.96 -
1042at766_1714371_0:00016e|OZ308468.1:702168-702462 -             99 1042                 -            100   1.3e-44  141.9   7.2   1   1   1.4e-44   1.4e-44  141.7   7.2     1    98     1    97     1    99 0.96 -
1042at766_2115978_0:0003ce|OZ308468.1:702168-702462 -             99 1042                 -            100   1.3e-44  141.9   7.2   1   1   1.4e-44   1.4e-44  141.7   7.2     1    98     1    97     1    99 0.96 -
1042at766_222891_0:000282|OZ308468.1:702168-702462  -             99 1042                 -            100   1.3e-44  141.9   7.2   1   1   1.4e-44   1.4e-44  141.7   7.2     1    98     1    97     1    99 0.96 -
1042at766_434131_0:0002b1|OZ308468.1:702168-702462  -             99 1042                 -            100   1.3e-44  141.9   7.2   1   1   1.4e-44   1.4e-44  141.7   7.2     1    98     1    97     1    99 0.96 -
1042at766_696127_0:000047|OZ308468.1:702168-702462  -             99 1042                 -            100   1.3e-44  141.9   7.2   1   1   1.4e-44   1.4e-44  141.7   7.2     1    98     1    97     1    99 0.96 -
1042at766_86105_0:00019d|OZ308468.1:702168-702462   -             99 1042                 -            100   1.3e-44  141.9   7.2   1   1   1.4e-44   1.4e-44  141.7   7.2     1    98     1    97     1    99 0.96 -
1042at766_1105107_0:000196|OZ308468.1:702168-702465 -            100 1042                 -            100   1.3e-44  141.8   7.2   1   1   1.4e-44   1.4e-44  141.7   7.2     1    98     1    97     1    99 0.96 -
1042at766_1242993_0:000306|OZ308468.1:702168-702468 -            100 1042                 -            100   1.3e-44  141.8   7.2   1   1   1.4e-44   1.4e-44  141.7   7.2     1    98     1    97     1    99 0.96 -
1042at766_1274402_0:0000e5|OZ308468.1:702168-702465 -            100 1042                 -            100   1.3e-44  141.8   7.2   1   1   1.4e-44   1.4e-44  141.7   7.2     1    98     1    97     1    99 0.96 -
1042at766_1423892_0:000051|OZ308468.1:702168-702468 -            100 1042                 -            100   1.3e-44  141.8   7.2   1   1   1.4e-44   1.4e-44  141.7   7.2     1    98     1    97     1    99 0.96 -
1042at766_169402_0:0002ec|OZ308468.1:702168-702468  -            100 1042                 -            100   1.3e-44  141.8   7.2   1   1   1.4e-44   1.4e-44  141.7   7.2     1    98     1    97     1    99 0.96 -
1042at766_1961830_0:0000be|OZ308468.1:702168-702465 -            100 1042                 -            100   1.3e-44  141.8   7.2   1   1   1.4e-44   1.4e-44  141.7   7.2     1    98     1    97     1    99 0.96 -
1042at766_205920_0:00014a|OZ308468.1:702168-702468  -            100 1042                 -            100   1.3e-44  141.8   7.2   1   1   1.4e-44   1.4e-44  141.7   7.2     1    98     1    97     1    99 0.96 -
1042at766_246273_0:0000d5|OZ308468.1:702168-702468  -            100 1042                 -            100   1.3e-44  141.8   7.2   1   1   1.4e-44   1.4e-44  141.7   7.2     1    98     1    97     1    99 0.96 -
1042at766_2486578_0:000304|OZ308468.1:702168-702465 -            100 1042                 -            100   1.3e-44  141.8   7.2   1   1   1.4e-44   1.4e-44  141.7   7.2     1    98     1    97     1    99 0.96 -
1042at766_2602574_0:0003eb|OZ308468.1:702168-702465 -            100 1042                 -            100   1.3e-44  141.8   7.2   1   1   1.4e-44   1.4e-44  141.7   7.2     1    98     1    97     1    99 0.96 -
1042at766_336407_0:0001bb|OZ308468.1:702168-702465  -            100 1042                 -            100   1.3e-44  141.8   7.2   1   1   1.4e-44   1.4e-44  141.7   7.2     1    98     1    97     1    99 0.96 -
1042at766_391036_0:00031a|OZ308468.1:702168-702468  -            100 1042                 -            100   1.3e-44  141.8   7.2   1   1   1.4e-44   1.4e-44  141.7   7.2     1    98     1    97     1    99 0.96 -
1042at766_752179_0:0000e8|OZ308468.1:702168-702468  -            100 1042                 -            100   1.3e-44  141.8   7.2   1   1   1.4e-44   1.4e-44  141.7   7.2     1    98     1    97     1    99 0.96 -
1042at766_779_0:000187|OZ308468.1:702168-702468     -            100 1042                 -            100   1.3e-44  141.8   7.2   1   1   1.4e-44   1.4e-44  141.7   7.2     1    98     1    97     1    99 0.96 -
1042at766_955_0:0001a7|OZ308468.1:702168-702465     -            100 1042                 -            100   1.3e-44  141.8   7.2   1   1   1.4e-44   1.4e-44  141.7   7.2     1    98     1    97     1    99 0.96 -
1042at766_96496_0:0000ff|OZ308468.1:702168-702468   -            100 1042                 -            100   1.3e-44  141.8   7.2   1   1   1.4e-44   1.4e-44  141.7   7.2     1    98     1    97     1    99 0.96 -
1042at766_1248439_0:00020e|OZ308468.1:702168-702459 -             98 1042                 -            100   1.4e-44  141.8   6.8   1   1   1.5e-44   1.5e-44  141.6   6.8     1    98     1    97     1    98 0.97 -
1042at766_1359168_0:0001ea|OZ308468.1:702168-702459 -             98 1042                 -            100   1.4e-44  141.8   6.8   1   1   1.5e-44   1.5e-44  141.6   6.8     1    98     1    97     1    98 0.97 -
1042at766_1392507_0:0001d7|OZ308468.1:702168-702459 -             98 1042                 -            100   1.4e-44  141.8   6.8   1   1   1.5e-44   1.5e-44  141.6   6.8     1    98     1    97     1    98 0.97 -
1042at766_142058_0:0001ed|OZ308468.1:702168-702459  -             98 1042                 -            100   1.4e-44  141.8   6.8   1   1   1.5e-44   1.5e-44  141.6   6.8     1    98     1    97     1    98 0.97 -
1042at766_334380_0:000303|OZ308468.1:702168-702459  -             98 1042                 -            100   1.4e-44  141.8   6.8   1   1   1.5e-44   1.5e-44  141.6   6.8     1    98     1    97     1    98 0.97 -
1042at766_574556_0:000131|OZ308468.1:702168-702459  -             98 1042                 -            100   1.4e-44  141.8   6.8   1   1   1.5e-44   1.5e-44  141.6   6.8     1    98     1    97     1    98 0.97 -
1042at766_2486577_0:000178|OZ308468.1:702165-702459 -             99 1042                 -            100   1.4e-44  141.7   6.8   1   1   1.6e-44   1.6e-44  141.6   6.8     1    98     2    98     2    99 0.97 -
1042at766_1359163_0:000241|OZ308468.1:702168-702456 -             97 1042                 -            100   2.4e-44  141.0   7.2   1   1   2.7e-44   2.7e-44  140.8   7.2     1    97     1    96     1    97 0.97 -
1042at766_1528098_0:00042f|OZ308468.1:702168-702456 -             97 1042                 -            100   2.4e-44  141.0   7.2   1   1   2.7e-44   2.7e-44  140.8   7.2     1    97     1    96     1    97 0.97 -
#
# Program:         hmmsearch
# Version:         3.4 (Aug 2023)
# Pipeline mode:   SEARCH
# Query file:      /Users/rossoaa/Desktop/dummy/genomes/records/compleasm/mb_downloads/rickettsiales_odb12/hmms/1042at766.hmm
# Target file:     -
# Option settings: /Users/rossoaa/miniconda3/envs/compleasm_env/bin/hmmsearch --domtblout /Users/rossoaa/Desktop/dummy/genomes/records/compleasm/rickettsiales_odb12/hmmer_output/1042at766.out --cpu 1 /Users/rossoaa/Desktop/dummy/genomes/records/compleasm/mb_downloads/rickettsiales_odb12/hmms/1042at766.hmm - 
# Current dir:     /Users/rossoaa/Desktop/dummy/genomes/records/compleasm
# Date:            Tue Feb 10 10:20:22 2026
# [ok]
