#                                                                                                           --- full sequence --- -------------- this domain -------------   hmm coord   ali coord   env coord
# target name                                       accession   tlen query name           accession   qlen   E-value  score  bias   #  of  c-Evalue  i-Evalue  score  bias  from    to  from    to  from    to  acc description of target
#                               ------------------- ---------- ----- -------------------- ---------- ----- --------- ------ ----- --- --- --------- --------- ------ ----- ----- ----- ----- ----- ----- ----- ---- ---------------------
1046at766_955_0:0000ab|OZ308468.1:841298-841589     -             98 1046                 -             97   1.7e-44  139.9   6.1   1   1   1.8e-44   1.8e-44  139.8   6.1     1    96     1    96     1    97 0.98 -
1046at766_779_0:00013c|OZ308468.1:841292-841589     -            100 1046                 -             97   1.8e-44  139.8   6.1   1   1     2e-44     2e-44  139.7   6.1     1    96     1    96     1    97 0.98 -
1046at766_169402_0:00004f|OZ308468.1:841289-841589  -            101 1046                 -             97   1.9e-44  139.8   6.1   1   1   2.1e-44   2.1e-44  139.6   6.1     1    96     1    96     1    97 0.98 -
1046at766_1359163_0:0001db|OZ308468.1:841280-841589 -            104 1046                 -             97     2e-44  139.6   6.1   1   1   2.3e-44   2.3e-44  139.5   6.1     1    96     1    96     1    97 0.98 -
1046at766_1605993_0:000129|OZ308468.1:841277-841589 -            104 1046                 -             97     2e-44  139.6   6.1   1   1   2.3e-44   2.3e-44  139.5   6.1     1    96     1    96     1    97 0.98 -
1046at766_246273_0:0002cb|OZ308468.1:841277-841589  -            104 1046                 -             97     2e-44  139.6   6.1   1   1   2.3e-44   2.3e-44  139.5   6.1     1    96     1    96     1    97 0.98 -
1046at766_96496_0:00007b|OZ308468.1:841277-841589   -            104 1046                 -             97     2e-44  139.6   6.1   1   1   2.3e-44   2.3e-44  139.5   6.1     1    96     1    96     1    97 0.98 -
1046at766_1242993_0:0002ca|OZ308468.1:841307-841589 -             95 1046                 -             97   4.3e-44  138.6   6.3   1   1   4.6e-44   4.6e-44  138.5   6.3     1    94     1    94     1    95 0.98 -
1046at766_1423892_0:00026d|OZ308468.1:841307-841589 -             95 1046                 -             97   4.3e-44  138.6   6.3   1   1   4.6e-44   4.6e-44  138.5   6.3     1    94     1    94     1    95 0.98 -
1046at766_205920_0:0000f6|OZ308468.1:841307-841589  -             95 1046                 -             97   4.3e-44  138.6   6.3   1   1   4.6e-44   4.6e-44  138.5   6.3     1    94     1    94     1    95 0.98 -
1046at766_391036_0:0002ff|OZ308468.1:841307-841589  -             95 1046                 -             97   4.3e-44  138.6   6.3   1   1   4.6e-44   4.6e-44  138.5   6.3     1    94     1    94     1    95 0.98 -
1046at766_1248439_0:000105|OZ308468.1:841310-841589 -             94 1046                 -             97   7.3e-44  137.9   6.1   1   1   7.9e-44   7.9e-44  137.8   6.1     1    93     1    93     1    94 0.98 -
1046at766_1392507_0:000019|OZ308468.1:841310-841589 -             94 1046                 -             97   7.3e-44  137.9   6.1   1   1   7.9e-44   7.9e-44  137.8   6.1     1    93     1    93     1    94 0.98 -
1046at766_142058_0:000247|OZ308468.1:841310-841589  -             94 1046                 -             97   7.3e-44  137.9   6.1   1   1   7.9e-44   7.9e-44  137.8   6.1     1    93     1    93     1    94 0.98 -
1046at766_574556_0:00000e|OZ308468.1:841310-841595  -             96 1046                 -             97   7.8e-44  137.8   6.1   1   1   8.5e-44   8.5e-44  137.6   6.1     1    93     3    95     3    96 0.98 -
#
# Program:         hmmsearch
# Version:         3.4 (Aug 2023)
# Pipeline mode:   SEARCH
# Query file:      /Users/rossoaa/Desktop/dummy/genomes/records/compleasm/mb_downloads/rickettsiales_odb12/hmms/1046at766.hmm
# Target file:     -
# Option settings: /Users/rossoaa/miniconda3/envs/compleasm_env/bin/hmmsearch --domtblout /Users/rossoaa/Desktop/dummy/genomes/records/compleasm/rickettsiales_odb12/hmmer_output/1046at766.out --cpu 1 /Users/rossoaa/Desktop/dummy/genomes/records/compleasm/mb_downloads/rickettsiales_odb12/hmms/1046at766.hmm - 
# Current dir:     /Users/rossoaa/Desktop/dummy/genomes/records/compleasm
# Date:            Tue Feb 10 10:20:23 2026
# [ok]
