#                                                                                                           --- full sequence --- -------------- this domain -------------   hmm coord   ali coord   env coord
# target name                                       accession   tlen query name           accession   qlen   E-value  score  bias   #  of  c-Evalue  i-Evalue  score  bias  from    to  from    to  from    to  acc description of target
#                               ------------------- ---------- ----- -------------------- ---------- ----- --------- ------ ----- --- --- --------- --------- ------ ----- ----- ----- ----- ----- ----- ----- ---- ---------------------
1058at766_779_0:00023c|OZ308468.1:462089-462905     -            273 1058                 -            270  5.1e-118  383.7   7.6   1   1  5.6e-118  5.6e-118  383.6   7.6     2   269     2   272     1   273 0.95 -
1058at766_1105107_0:0002f0|OZ308468.1:462086-462911 -            276 1058                 -            270  5.2e-118  383.7   7.6   1   1  5.9e-118  5.9e-118  383.5   7.6     2   269     4   274     3   275 0.95 -
1058at766_1528098_0:000298|OZ308468.1:462086-462911 -            276 1058                 -            270  5.2e-118  383.7   7.6   1   1  5.9e-118  5.9e-118  383.5   7.6     2   269     4   274     3   275 0.95 -
1058at766_336407_0:000215|OZ308468.1:462086-462911  -            276 1058                 -            270  5.2e-118  383.7   7.6   1   1  5.9e-118  5.9e-118  383.5   7.6     2   269     4   274     3   275 0.95 -
1058at766_481009_0:000301|OZ308468.1:462086-462911  -            276 1058                 -            270  5.2e-118  383.7   7.6   1   1  5.9e-118  5.9e-118  383.5   7.6     2   269     4   274     3   275 0.95 -
1058at766_2486578_0:00056a|OZ308468.1:462083-462908 -            276 1058                 -            270  5.2e-118  383.7   7.6   1   1  5.9e-118  5.9e-118  383.5   7.6     2   269     3   273     2   274 0.95 -
1058at766_1248439_0:000114|OZ308468.1:462080-462905 -            276 1058                 -            270  5.2e-118  383.7   7.6   1   1  5.9e-118  5.9e-118  383.5   7.6     2   269     2   272     1   273 0.95 -
1058at766_142058_0:0002ea|OZ308468.1:462080-462905  -            276 1058                 -            270  5.2e-118  383.7   7.6   1   1  5.9e-118  5.9e-118  383.5   7.6     2   269     2   272     1   273 0.95 -
1058at766_2115978_0:00029d|OZ308468.1:462089-462917 -            277 1058                 -            270  5.3e-118  383.7   7.6   1   1    6e-118    6e-118  383.5   7.6     2   269     6   276     5   277 0.95 -
1058at766_2602574_0:000166|OZ308468.1:462089-462917 -            277 1058                 -            270  5.3e-118  383.7   7.6   1   1    6e-118    6e-118  383.5   7.6     2   269     6   276     5   277 0.95 -
1058at766_1242993_0:00022b|OZ308468.1:462077-462905 -            277 1058                 -            270  5.3e-118  383.7   7.6   1   1    6e-118    6e-118  383.5   7.6     2   269     2   272     1   273 0.95 -
1058at766_1423892_0:000128|OZ308468.1:462077-462905 -            277 1058                 -            270  5.3e-118  383.7   7.6   1   1    6e-118    6e-118  383.5   7.6     2   269     2   272     1   273 0.95 -
1058at766_391036_0:000355|OZ308468.1:462077-462905  -            277 1058                 -            270  5.3e-118  383.7   7.6   1   1    6e-118    6e-118  383.5   7.6     2   269     2   272     1   273 0.95 -
1058at766_696127_0:000454|OZ308468.1:462080-462914  -            279 1058                 -            270  5.4e-118  383.6   7.6   1   1  6.2e-118  6.2e-118  383.4   7.6     2   269     5   275     4   276 0.95 -
1058at766_205920_0:000314|OZ308468.1:462071-462905  -            279 1058                 -            270  5.4e-118  383.6   7.6   1   1  6.2e-118  6.2e-118  383.4   7.6     2   269     2   272     1   273 0.95 -
1058at766_169402_0:000521|OZ308468.1:462056-462911  -            286 1058                 -            270  5.9e-118  383.5   7.6   1   1  6.8e-118  6.8e-118  383.3   7.6     2   269     4   274     3   275 0.95 -
1058at766_1605993_0:000333|OZ308468.1:462050-462911 -            287 1058                 -            270  5.9e-118  383.5   7.6   1   1  6.9e-118  6.9e-118  383.3   7.6     2   269     4   274     3   275 0.95 -
1058at766_752179_0:00041f|OZ308468.1:462086-462899  -            272 1058                 -            270  1.8e-117  381.9   7.5   1   1    2e-117    2e-117  381.8   7.5     3   269     1   270     1   271 0.95 -
1058at766_1359163_0:000058|OZ308468.1:462113-462899 -            263 1058                 -            270  3.7e-115  374.3   6.8   1   1  4.1e-115  4.1e-115  374.2   6.8     3   262     1   263     1   263 0.95 -
1058at766_1286528_0:00016d|OZ308468.1:462083-462803 -            241 1058                 -            270  4.4e-108  351.1   9.7   1   1  4.9e-108  4.9e-108  351.0   9.7    38   269     1   238     1   239 0.96 -
#
# Program:         hmmsearch
# Version:         3.4 (Aug 2023)
# Pipeline mode:   SEARCH
# Query file:      /Users/rossoaa/Desktop/dummy/genomes/records/compleasm/mb_downloads/rickettsiales_odb12/hmms/1058at766.hmm
# Target file:     -
# Option settings: /Users/rossoaa/miniconda3/envs/compleasm_env/bin/hmmsearch --domtblout /Users/rossoaa/Desktop/dummy/genomes/records/compleasm/rickettsiales_odb12/hmmer_output/1058at766.out --cpu 1 /Users/rossoaa/Desktop/dummy/genomes/records/compleasm/mb_downloads/rickettsiales_odb12/hmms/1058at766.hmm - 
# Current dir:     /Users/rossoaa/Desktop/dummy/genomes/records/compleasm
# Date:            Tue Feb 10 10:20:21 2026
# [ok]
