#                                                                                                           --- full sequence --- -------------- this domain -------------   hmm coord   ali coord   env coord
# target name                                       accession   tlen query name           accession   qlen   E-value  score  bias   #  of  c-Evalue  i-Evalue  score  bias  from    to  from    to  from    to  acc description of target
#                               ------------------- ---------- ----- -------------------- ---------- ----- --------- ------ ----- --- --- --------- --------- ------ ----- ----- ----- ----- ----- ----- ----- ---- ---------------------
1062at766_1359163_0:0001e1|OZ308468.1:602535-603993 -            487 1062                 -            482  1.1e-201  661.6  15.3   1   1  1.3e-201  1.3e-201  661.3  15.3     2   481     4   486     3   487 0.94 -
1062at766_1605993_0:0000af|OZ308468.1:602532-603993 -            487 1062                 -            482  1.1e-201  661.6  15.3   1   1  1.3e-201  1.3e-201  661.3  15.3     2   481     4   486     3   487 0.94 -
1062at766_169402_0:000104|OZ308468.1:602532-603993  -            487 1062                 -            482  1.1e-201  661.6  15.3   1   1  1.3e-201  1.3e-201  661.3  15.3     2   481     4   486     3   487 0.94 -
1062at766_246273_0:00007b|OZ308468.1:602532-603993  -            487 1062                 -            482  1.1e-201  661.6  15.3   1   1  1.3e-201  1.3e-201  661.3  15.3     2   481     4   486     3   487 0.94 -
1062at766_955_0:000334|OZ308468.1:602535-603993     -            487 1062                 -            482  1.1e-201  661.6  15.3   1   1  1.3e-201  1.3e-201  661.3  15.3     2   481     4   486     3   487 0.94 -
1062at766_1286528_0:000109|OZ308468.1:602532-603996 -            488 1062                 -            482  1.1e-201  661.6  15.3   1   1  1.3e-201  1.3e-201  661.3  15.3     2   481     5   487     4   488 0.94 -
1062at766_1528098_0:000608|OZ308468.1:602532-603996 -            488 1062                 -            482  1.1e-201  661.6  15.3   1   1  1.3e-201  1.3e-201  661.3  15.3     2   481     5   487     4   488 0.94 -
1062at766_1248439_0:0000ec|OZ308468.1:602532-603987 -            485 1062                 -            482  1.2e-201  661.5  15.3   1   1  1.3e-201  1.3e-201  661.4  15.3     2   481     2   484     1   485 0.94 -
1062at766_1423892_0:000279|OZ308468.1:602532-603987 -            485 1062                 -            482  1.2e-201  661.5  15.3   1   1  1.3e-201  1.3e-201  661.4  15.3     2   481     2   484     1   485 0.94 -
1062at766_205920_0:00012e|OZ308468.1:602532-603987  -            485 1062                 -            482  1.2e-201  661.5  15.3   1   1  1.3e-201  1.3e-201  661.4  15.3     2   481     2   484     1   485 0.94 -
1062at766_391036_0:0000e4|OZ308468.1:602532-603987  -            485 1062                 -            482  1.2e-201  661.5  15.3   1   1  1.3e-201  1.3e-201  661.4  15.3     2   481     2   484     1   485 0.94 -
1062at766_779_0:000045|OZ308468.1:602532-603987     -            485 1062                 -            482  1.2e-201  661.5  15.3   1   1  1.3e-201  1.3e-201  661.4  15.3     2   481     2   484     1   485 0.94 -
1062at766_86105_0:00012d|OZ308468.1:602535-603972   -            480 1062                 -            482  6.6e-201  659.1  15.1   1   1  7.3e-201  7.3e-201  658.9  15.1    11   481     6   479     1   480 0.93 -
1062at766_2486578_0:00055d|OZ308468.1:602538-603966 -            477 1062                 -            482    2e-200  657.5  15.0   1   1  2.2e-200  2.2e-200  657.3  15.0    20   481    15   477     1   477 0.94 -
1062at766_1392507_0:0000c3|OZ308468.1:602532-603945 -            471 1062                 -            482  8.2e-200  655.4  16.2   1   1  9.7e-200  9.7e-200  655.2  16.2    26   481    14   470     2   471 0.95 -
1062at766_481009_0:000269|OZ308468.1:602535-607607  -            501 1062                 -            482  9.9e-200  655.2  16.7   1   1  1.2e-199  1.2e-199  654.9  16.7    23   481    41   500    22   501 0.95 -
1062at766_1274402_0:000119|OZ308468.1:602535-603918 -            462 1062                 -            482  3.5e-199  653.4  17.6   1   1  3.9e-199  3.9e-199  653.2  17.6    28   481     7   461     1   462 0.96 -
1062at766_222891_0:00024c|OZ308468.1:602532-603885  -            451 1062                 -            482  8.1e-198  648.9  19.0   1   1  9.1e-198  9.1e-198  648.7  19.0    34   481     2   450     1   451 0.96 -
1062at766_2602574_0:000227|OZ308468.1:602535-603885 -            451 1062                 -            482  8.1e-198  648.9  19.0   1   1  9.1e-198  9.1e-198  648.7  19.0    34   481     2   450     1   451 0.96 -
1062at766_434131_0:00022d|OZ308468.1:602532-603885  -            451 1062                 -            482  8.1e-198  648.9  19.0   1   1  9.1e-198  9.1e-198  648.7  19.0    34   481     2   450     1   451 0.96 -
1062at766_142058_0:000329|OZ308468.1:602532-603882  -            450 1062                 -            482  1.3e-197  648.1  18.7   1   1  1.5e-197  1.5e-197  648.0  18.7    35   481     2   449     1   450 0.96 -
1062at766_1714371_0:0000f2|OZ308468.1:602532-603882 -            450 1062                 -            482  1.3e-197  648.1  18.7   1   1  1.5e-197  1.5e-197  648.0  18.7    35   481     2   449     1   450 0.96 -
1062at766_2486577_0:000205|OZ308468.1:602538-603882 -            449 1062                 -            482  2.1e-197  647.5  18.4   1   1  2.4e-197  2.4e-197  647.3  18.4    35   481     2   449     1   449 0.96 -
1062at766_1242993_0:00008f|OZ308468.1:602532-603879 -            449 1062                 -            482  2.2e-197  647.4  18.5   1   1  2.5e-197  2.5e-197  647.3  18.5    35   481     1   448     1   449 0.96 -
1062at766_574556_0:000358|OZ308468.1:602565-603963  -            467 1062                 -            482  4.5e-197  646.4  14.1   1   1    5e-197    5e-197  646.2  14.1    21   471    15   466     1   467 0.94 -
1062at766_1105107_0:00029c|OZ308468.1:602535-603873 -            447 1062                 -            482  1.5e-196  644.6  18.6   1   1  1.7e-196  1.7e-196  644.5  18.6    37   481     1   446     1   447 0.96 -
1062at766_1961830_0:00051d|OZ308468.1:602532-603873 -            447 1062                 -            482  1.5e-196  644.6  18.6   1   1  1.7e-196  1.7e-196  644.5  18.6    37   481     1   446     1   447 0.96 -
1062at766_2115978_0:000091|OZ308468.1:602532-603873 -            447 1062                 -            482  1.5e-196  644.6  18.6   1   1  1.7e-196  1.7e-196  644.5  18.6    37   481     1   446     1   447 0.96 -
1062at766_272947_0:00032f|OZ308468.1:602535-603873  -            447 1062                 -            482  1.5e-196  644.6  18.6   1   1  1.7e-196  1.7e-196  644.5  18.6    37   481     1   446     1   447 0.96 -
1062at766_336407_0:0003f0|OZ308468.1:602535-603873  -            447 1062                 -            482  1.5e-196  644.6  18.6   1   1  1.7e-196  1.7e-196  644.5  18.6    37   481     1   446     1   447 0.96 -
1062at766_696127_0:000003|OZ308468.1:602535-603873  -            447 1062                 -            482  1.5e-196  644.6  18.6   1   1  1.7e-196  1.7e-196  644.5  18.6    37   481     1   446     1   447 0.96 -
1062at766_1359168_0:0002ea|OZ308468.1:602544-603876 -            445 1062                 -            482  4.8e-196  643.0  18.1   1   1  5.3e-196  5.3e-196  642.9  18.1    36   479     1   445     1   445 0.96 -
1062at766_752179_0:000119|OZ308468.1:602571-603876  -            436 1062                 -            482  6.4e-193  632.7  17.5   1   1  7.2e-193  7.2e-193  632.5  17.5    36   470     1   436     1   436 0.96 -
#
# Program:         hmmsearch
# Version:         3.4 (Aug 2023)
# Pipeline mode:   SEARCH
# Query file:      /Users/rossoaa/Desktop/dummy/genomes/records/compleasm/mb_downloads/rickettsiales_odb12/hmms/1062at766.hmm
# Target file:     -
# Option settings: /Users/rossoaa/miniconda3/envs/compleasm_env/bin/hmmsearch --domtblout /Users/rossoaa/Desktop/dummy/genomes/records/compleasm/rickettsiales_odb12/hmmer_output/1062at766.out --cpu 1 /Users/rossoaa/Desktop/dummy/genomes/records/compleasm/mb_downloads/rickettsiales_odb12/hmms/1062at766.hmm - 
# Current dir:     /Users/rossoaa/Desktop/dummy/genomes/records/compleasm
# Date:            Tue Feb 10 10:20:24 2026
# [ok]
