#                                                                                                           --- full sequence --- -------------- this domain -------------   hmm coord   ali coord   env coord
# target name                                       accession   tlen query name           accession   qlen   E-value  score  bias   #  of  c-Evalue  i-Evalue  score  bias  from    to  from    to  from    to  acc description of target
#                               ------------------- ---------- ----- -------------------- ---------- ----- --------- ------ ----- --- --- --------- --------- ------ ----- ----- ----- ----- ----- ----- ----- ---- ---------------------
1070at766_1242993_0:0002b1|OZ308468.1:738983-739349 -            122 1070                 -            120   2.8e-60  192.4   2.4   1   1   3.2e-60   3.2e-60  192.2   2.4     1   120     2   122     2   122 0.98 -
1070at766_1248439_0:000197|OZ308468.1:738983-739349 -            122 1070                 -            120   2.8e-60  192.4   2.4   1   1   3.2e-60   3.2e-60  192.2   2.4     1   120     2   122     2   122 0.98 -
1070at766_1274402_0:0002ba|OZ308468.1:738983-739349 -            122 1070                 -            120   2.8e-60  192.4   2.4   1   1   3.2e-60   3.2e-60  192.2   2.4     1   120     2   122     2   122 0.98 -
1070at766_1359163_0:000185|OZ308468.1:738983-739349 -            122 1070                 -            120   2.8e-60  192.4   2.4   1   1   3.2e-60   3.2e-60  192.2   2.4     1   120     2   122     2   122 0.98 -
1070at766_1392507_0:0000bf|OZ308468.1:738983-739349 -            122 1070                 -            120   2.8e-60  192.4   2.4   1   1   3.2e-60   3.2e-60  192.2   2.4     1   120     2   122     2   122 0.98 -
1070at766_1423892_0:00026a|OZ308468.1:738983-739349 -            122 1070                 -            120   2.8e-60  192.4   2.4   1   1   3.2e-60   3.2e-60  192.2   2.4     1   120     2   122     2   122 0.98 -
1070at766_1528098_0:0004e8|OZ308468.1:738983-739349 -            122 1070                 -            120   2.8e-60  192.4   2.4   1   1   3.2e-60   3.2e-60  192.2   2.4     1   120     2   122     2   122 0.98 -
1070at766_1605993_0:0001ed|OZ308468.1:738983-739349 -            122 1070                 -            120   2.8e-60  192.4   2.4   1   1   3.2e-60   3.2e-60  192.2   2.4     1   120     2   122     2   122 0.98 -
1070at766_169402_0:00013b|OZ308468.1:738983-739349  -            122 1070                 -            120   2.8e-60  192.4   2.4   1   1   3.2e-60   3.2e-60  192.2   2.4     1   120     2   122     2   122 0.98 -
1070at766_1802984_0:00006f|OZ308468.1:738983-739349 -            122 1070                 -            120   2.8e-60  192.4   2.4   1   1   3.2e-60   3.2e-60  192.2   2.4     1   120     2   122     2   122 0.98 -
1070at766_246273_0:000052|OZ308468.1:738983-739349  -            122 1070                 -            120   2.8e-60  192.4   2.4   1   1   3.2e-60   3.2e-60  192.2   2.4     1   120     2   122     2   122 0.98 -
1070at766_2486577_0:000059|OZ308468.1:738983-739349 -            122 1070                 -            120   2.8e-60  192.4   2.4   1   1   3.2e-60   3.2e-60  192.2   2.4     1   120     2   122     2   122 0.98 -
1070at766_2486578_0:000419|OZ308468.1:738983-739349 -            122 1070                 -            120   2.8e-60  192.4   2.4   1   1   3.2e-60   3.2e-60  192.2   2.4     1   120     2   122     2   122 0.98 -
1070at766_2602574_0:000336|OZ308468.1:738983-739349 -            122 1070                 -            120   2.8e-60  192.4   2.4   1   1   3.2e-60   3.2e-60  192.2   2.4     1   120     2   122     2   122 0.98 -
1070at766_574556_0:00034a|OZ308468.1:738983-739349  -            122 1070                 -            120   2.8e-60  192.4   2.4   1   1   3.2e-60   3.2e-60  192.2   2.4     1   120     2   122     2   122 0.98 -
1070at766_696127_0:000468|OZ308468.1:738983-739349  -            122 1070                 -            120   2.8e-60  192.4   2.4   1   1   3.2e-60   3.2e-60  192.2   2.4     1   120     2   122     2   122 0.98 -
1070at766_779_0:000366|OZ308468.1:738983-739349     -            122 1070                 -            120   2.8e-60  192.4   2.4   1   1   3.2e-60   3.2e-60  192.2   2.4     1   120     2   122     2   122 0.98 -
1070at766_86105_0:00013f|OZ308468.1:738983-739349   -            122 1070                 -            120   2.8e-60  192.4   2.4   1   1   3.2e-60   3.2e-60  192.2   2.4     1   120     2   122     2   122 0.98 -
1070at766_955_0:000313|OZ308468.1:738983-739349     -            122 1070                 -            120   2.8e-60  192.4   2.4   1   1   3.2e-60   3.2e-60  192.2   2.4     1   120     2   122     2   122 0.98 -
1070at766_96496_0:00005b|OZ308468.1:738983-739349   -            122 1070                 -            120   2.8e-60  192.4   2.4   1   1   3.2e-60   3.2e-60  192.2   2.4     1   120     2   122     2   122 0.98 -
#
# Program:         hmmsearch
# Version:         3.4 (Aug 2023)
# Pipeline mode:   SEARCH
# Query file:      /Users/rossoaa/Desktop/dummy/genomes/records/compleasm/mb_downloads/rickettsiales_odb12/hmms/1070at766.hmm
# Target file:     -
# Option settings: /Users/rossoaa/miniconda3/envs/compleasm_env/bin/hmmsearch --domtblout /Users/rossoaa/Desktop/dummy/genomes/records/compleasm/rickettsiales_odb12/hmmer_output/1070at766.out --cpu 1 /Users/rossoaa/Desktop/dummy/genomes/records/compleasm/mb_downloads/rickettsiales_odb12/hmms/1070at766.hmm - 
# Current dir:     /Users/rossoaa/Desktop/dummy/genomes/records/compleasm
# Date:            Tue Feb 10 10:20:21 2026
# [ok]
