#                                                                                                           --- full sequence --- -------------- this domain -------------   hmm coord   ali coord   env coord
# target name                                       accession   tlen query name           accession   qlen   E-value  score  bias   #  of  c-Evalue  i-Evalue  score  bias  from    to  from    to  from    to  acc description of target
#                               ------------------- ---------- ----- -------------------- ---------- ----- --------- ------ ----- --- --- --------- --------- ------ ----- ----- ----- ----- ----- ----- ----- ---- ---------------------
1099at766_1605993_0:000396|OZ308468.1:453155-453422 -             89 1099                 -             90   2.8e-42  132.7  15.8   1   1   3.1e-42   3.1e-42  132.6  15.8     1    88     1    88     1    89 0.99 -
1099at766_169402_0:0003e4|OZ308468.1:453155-453422  -             89 1099                 -             90   2.8e-42  132.7  15.8   1   1   3.1e-42   3.1e-42  132.6  15.8     1    88     1    88     1    89 0.99 -
1099at766_246273_0:0002ca|OZ308468.1:453155-453422  -             89 1099                 -             90   2.8e-42  132.7  15.8   1   1   3.1e-42   3.1e-42  132.6  15.8     1    88     1    88     1    89 0.99 -
1099at766_955_0:00002c|OZ308468.1:453158-453422     -             89 1099                 -             90   2.8e-42  132.7  15.8   1   1   3.1e-42   3.1e-42  132.6  15.8     1    88     1    88     1    89 0.99 -
1099at766_96496_0:000160|OZ308468.1:453155-453422   -             89 1099                 -             90   2.8e-42  132.7  15.8   1   1   3.1e-42   3.1e-42  132.6  15.8     1    88     1    88     1    89 0.99 -
1099at766_1359163_0:00036d|OZ308468.1:453167-453422 -             86 1099                 -             90   9.9e-42  131.0  15.4   1   1   1.1e-41   1.1e-41  130.9  15.4     1    86     1    86     1    86 0.99 -
1099at766_205920_0:0000d7|OZ308468.1:453167-453422  -             86 1099                 -             90   9.9e-42  131.0  15.4   1   1   1.1e-41   1.1e-41  130.9  15.4     1    86     1    86     1    86 0.99 -
1099at766_1242993_0:000201|OZ308468.1:453170-453422 -             85 1099                 -             90   3.2e-41  129.3  15.9   1   1   3.5e-41   3.5e-41  129.2  15.9     1    85     1    85     1    85 0.99 -
1099at766_1423892_0:0002f8|OZ308468.1:453170-453422 -             85 1099                 -             90   3.2e-41  129.3  15.9   1   1   3.5e-41   3.5e-41  129.2  15.9     1    85     1    85     1    85 0.99 -
1099at766_391036_0:000171|OZ308468.1:453170-453422  -             85 1099                 -             90   3.2e-41  129.3  15.9   1   1   3.5e-41   3.5e-41  129.2  15.9     1    85     1    85     1    85 0.99 -
1099at766_779_0:00034d|OZ308468.1:453170-453422     -             85 1099                 -             90   3.2e-41  129.3  15.9   1   1   3.5e-41   3.5e-41  129.2  15.9     1    85     1    85     1    85 0.99 -
#
# Program:         hmmsearch
# Version:         3.4 (Aug 2023)
# Pipeline mode:   SEARCH
# Query file:      /Users/rossoaa/Desktop/dummy/genomes/records/compleasm/mb_downloads/rickettsiales_odb12/hmms/1099at766.hmm
# Target file:     -
# Option settings: /Users/rossoaa/miniconda3/envs/compleasm_env/bin/hmmsearch --domtblout /Users/rossoaa/Desktop/dummy/genomes/records/compleasm/rickettsiales_odb12/hmmer_output/1099at766.out --cpu 1 /Users/rossoaa/Desktop/dummy/genomes/records/compleasm/mb_downloads/rickettsiales_odb12/hmms/1099at766.hmm - 
# Current dir:     /Users/rossoaa/Desktop/dummy/genomes/records/compleasm
# Date:            Tue Feb 10 10:20:22 2026
# [ok]
