#                                                                                                           --- full sequence --- -------------- this domain -------------   hmm coord   ali coord   env coord
# target name                                       accession   tlen query name           accession   qlen   E-value  score  bias   #  of  c-Evalue  i-Evalue  score  bias  from    to  from    to  from    to  acc description of target
#                               ------------------- ---------- ----- -------------------- ---------- ----- --------- ------ ----- --- --- --------- --------- ------ ----- ----- ----- ----- ----- ----- ----- ---- ---------------------
1123at766_1242993_0:000293|OZ308468.1:733057-733414 -            119 1123                 -            119     1e-62  199.8   2.5   1   1   1.2e-62   1.2e-62  199.6   2.5     1   119     1   119     1   119 1.00 -
1123at766_1248439_0:00007d|OZ308468.1:733057-733414 -            119 1123                 -            119     1e-62  199.8   2.5   1   1   1.2e-62   1.2e-62  199.6   2.5     1   119     1   119     1   119 1.00 -
1123at766_1286528_0:00030e|OZ308468.1:733057-733411 -            119 1123                 -            119     1e-62  199.8   2.5   1   1   1.2e-62   1.2e-62  199.6   2.5     1   119     1   119     1   119 1.00 -
1123at766_1359163_0:0001c5|OZ308468.1:733057-733414 -            119 1123                 -            119     1e-62  199.8   2.5   1   1   1.2e-62   1.2e-62  199.6   2.5     1   119     1   119     1   119 1.00 -
1123at766_1392507_0:00004b|OZ308468.1:733057-733414 -            119 1123                 -            119     1e-62  199.8   2.5   1   1   1.2e-62   1.2e-62  199.6   2.5     1   119     1   119     1   119 1.00 -
1123at766_142058_0:0000fa|OZ308468.1:733057-733414  -            119 1123                 -            119     1e-62  199.8   2.5   1   1   1.2e-62   1.2e-62  199.6   2.5     1   119     1   119     1   119 1.00 -
1123at766_1423892_0:0002d6|OZ308468.1:733057-733414 -            119 1123                 -            119     1e-62  199.8   2.5   1   1   1.2e-62   1.2e-62  199.6   2.5     1   119     1   119     1   119 1.00 -
1123at766_1528098_0:0003ab|OZ308468.1:733057-733414 -            119 1123                 -            119     1e-62  199.8   2.5   1   1   1.2e-62   1.2e-62  199.6   2.5     1   119     1   119     1   119 1.00 -
1123at766_1605993_0:0001d5|OZ308468.1:733057-733414 -            119 1123                 -            119     1e-62  199.8   2.5   1   1   1.2e-62   1.2e-62  199.6   2.5     1   119     1   119     1   119 1.00 -
1123at766_169402_0:000268|OZ308468.1:733057-733414  -            119 1123                 -            119     1e-62  199.8   2.5   1   1   1.2e-62   1.2e-62  199.6   2.5     1   119     1   119     1   119 1.00 -
1123at766_1714371_0:0002d2|OZ308468.1:733057-733411 -            119 1123                 -            119     1e-62  199.8   2.5   1   1   1.2e-62   1.2e-62  199.6   2.5     1   119     1   119     1   119 1.00 -
1123at766_205920_0:0000d0|OZ308468.1:733057-733414  -            119 1123                 -            119     1e-62  199.8   2.5   1   1   1.2e-62   1.2e-62  199.6   2.5     1   119     1   119     1   119 1.00 -
1123at766_222891_0:00016c|OZ308468.1:733057-733411  -            119 1123                 -            119     1e-62  199.8   2.5   1   1   1.2e-62   1.2e-62  199.6   2.5     1   119     1   119     1   119 1.00 -
1123at766_246273_0:000302|OZ308468.1:733057-733414  -            119 1123                 -            119     1e-62  199.8   2.5   1   1   1.2e-62   1.2e-62  199.6   2.5     1   119     1   119     1   119 1.00 -
1123at766_434131_0:0000b7|OZ308468.1:733057-733411  -            119 1123                 -            119     1e-62  199.8   2.5   1   1   1.2e-62   1.2e-62  199.6   2.5     1   119     1   119     1   119 1.00 -
1123at766_574556_0:00010e|OZ308468.1:733057-733414  -            119 1123                 -            119     1e-62  199.8   2.5   1   1   1.2e-62   1.2e-62  199.6   2.5     1   119     1   119     1   119 1.00 -
1123at766_779_0:00031d|OZ308468.1:733057-733414     -            119 1123                 -            119     1e-62  199.8   2.5   1   1   1.2e-62   1.2e-62  199.6   2.5     1   119     1   119     1   119 1.00 -
1123at766_955_0:00032e|OZ308468.1:733057-733414     -            119 1123                 -            119     1e-62  199.8   2.5   1   1   1.2e-62   1.2e-62  199.6   2.5     1   119     1   119     1   119 1.00 -
1123at766_96496_0:000083|OZ308468.1:733057-733414   -            119 1123                 -            119     1e-62  199.8   2.5   1   1   1.2e-62   1.2e-62  199.6   2.5     1   119     1   119     1   119 1.00 -
#
# Program:         hmmsearch
# Version:         3.4 (Aug 2023)
# Pipeline mode:   SEARCH
# Query file:      /Users/rossoaa/Desktop/dummy/genomes/records/compleasm/mb_downloads/rickettsiales_odb12/hmms/1123at766.hmm
# Target file:     -
# Option settings: /Users/rossoaa/miniconda3/envs/compleasm_env/bin/hmmsearch --domtblout /Users/rossoaa/Desktop/dummy/genomes/records/compleasm/rickettsiales_odb12/hmmer_output/1123at766.out --cpu 1 /Users/rossoaa/Desktop/dummy/genomes/records/compleasm/mb_downloads/rickettsiales_odb12/hmms/1123at766.hmm - 
# Current dir:     /Users/rossoaa/Desktop/dummy/genomes/records/compleasm
# Date:            Tue Feb 10 10:20:24 2026
# [ok]
