#                                                                                                           --- full sequence --- -------------- this domain -------------   hmm coord   ali coord   env coord
# target name                                       accession   tlen query name           accession   qlen   E-value  score  bias   #  of  c-Evalue  i-Evalue  score  bias  from    to  from    to  from    to  acc description of target
#                               ------------------- ---------- ----- -------------------- ---------- ----- --------- ------ ----- --- --- --------- --------- ------ ----- ----- ----- ----- ----- ----- ----- ---- ---------------------
1129at766_1714371_0:00015b|OZ308468.1:910341-911553 -            405 1129                 -            349  1.3e-137  449.4   6.4   1   2  4.2e-117  4.2e-117  382.0   1.9     2   229     5   235     4   249 0.96 -
1129at766_1714371_0:00015b|OZ308468.1:910341-911553 -            405 1129                 -            349  1.3e-137  449.4   6.4   2   2   3.2e-22   3.2e-22   70.0   0.2   227   348   261   403   249   404 0.78 -
1129at766_222891_0:000121|OZ308468.1:910341-911553  -            405 1129                 -            349  1.3e-137  449.4   6.4   1   2  4.2e-117  4.2e-117  382.0   1.9     2   229     5   235     4   249 0.96 -
1129at766_222891_0:000121|OZ308468.1:910341-911553  -            405 1129                 -            349  1.3e-137  449.4   6.4   2   2   3.2e-22   3.2e-22   70.0   0.2   227   348   261   403   249   404 0.78 -
1129at766_434131_0:000166|OZ308468.1:910341-911553  -            405 1129                 -            349  1.3e-137  449.4   6.4   1   2  4.2e-117  4.2e-117  382.0   1.9     2   229     5   235     4   249 0.96 -
1129at766_434131_0:000166|OZ308468.1:910341-911553  -            405 1129                 -            349  1.3e-137  449.4   6.4   2   2   3.2e-22   3.2e-22   70.0   0.2   227   348   261   403   249   404 0.78 -
1129at766_481009_0:00009b|OZ308468.1:910341-911553  -            405 1129                 -            349  1.3e-137  449.4   6.4   1   2  4.2e-117  4.2e-117  382.0   1.9     2   229     5   235     4   249 0.96 -
1129at766_481009_0:00009b|OZ308468.1:910341-911553  -            405 1129                 -            349  1.3e-137  449.4   6.4   2   2   3.2e-22   3.2e-22   70.0   0.2   227   348   261   403   249   404 0.78 -
1129at766_1242993_0:00005e|OZ308468.1:910350-911565 -            405 1129                 -            349  1.4e-137  449.4   6.4   1   2  4.2e-117  4.2e-117  382.0   1.9     2   229     2   232     1   246 0.96 -
1129at766_1242993_0:00005e|OZ308468.1:910350-911565 -            405 1129                 -            349  1.4e-137  449.4   6.4   2   2   3.2e-22   3.2e-22   70.0   0.2   227   348   258   400   246   401 0.78 -
1129at766_169402_0:0001c4|OZ308468.1:910341-911556  -            406 1129                 -            349  1.4e-137  449.4   6.4   1   2  4.3e-117  4.3e-117  382.0   1.9     2   229     5   235     4   249 0.96 -
1129at766_169402_0:0001c4|OZ308468.1:910341-911556  -            406 1129                 -            349  1.4e-137  449.4   6.4   2   2   3.2e-22   3.2e-22   69.9   0.2   227   348   261   403   249   404 0.78 -
1129at766_1605993_0:00004f|OZ308468.1:910341-911565 -            408 1129                 -            349  1.4e-137  449.3   6.4   1   2  4.3e-117  4.3e-117  382.0   1.9     2   229     5   235     4   249 0.96 -
1129at766_1605993_0:00004f|OZ308468.1:910341-911565 -            408 1129                 -            349  1.4e-137  449.3   6.4   2   2   3.3e-22   3.3e-22   69.9   0.2   227   348   261   403   249   404 0.78 -
1129at766_246273_0:0001f9|OZ308468.1:910341-911565  -            408 1129                 -            349  1.4e-137  449.3   6.4   1   2  4.3e-117  4.3e-117  382.0   1.9     2   229     5   235     4   249 0.96 -
1129at766_246273_0:0001f9|OZ308468.1:910341-911565  -            408 1129                 -            349  1.4e-137  449.3   6.4   2   2   3.3e-22   3.3e-22   69.9   0.2   227   348   261   403   249   404 0.78 -
1129at766_2602574_0:00002b|OZ308468.1:910341-911565 -            408 1129                 -            349  1.4e-137  449.3   6.4   1   2  4.3e-117  4.3e-117  382.0   1.9     2   229     5   235     4   249 0.96 -
1129at766_2602574_0:00002b|OZ308468.1:910341-911565 -            408 1129                 -            349  1.4e-137  449.3   6.4   2   2   3.3e-22   3.3e-22   69.9   0.2   227   348   261   403   249   404 0.78 -
1129at766_96496_0:000050|OZ308468.1:910341-911565   -            408 1129                 -            349  1.4e-137  449.3   6.4   1   2  4.3e-117  4.3e-117  382.0   1.9     2   229     5   235     4   249 0.96 -
1129at766_96496_0:000050|OZ308468.1:910341-911565   -            408 1129                 -            349  1.4e-137  449.3   6.4   2   2   3.3e-22   3.3e-22   69.9   0.2   227   348   261   403   249   404 0.78 -
1129at766_2486578_0:0003c3|OZ308468.1:910356-911556 -            401 1129                 -            349  2.5e-137  448.5   6.2   1   2  8.4e-117  8.4e-117  381.0   1.9     5   229     3   230     1   244 0.96 -
1129at766_2486578_0:0003c3|OZ308468.1:910356-911556 -            401 1129                 -            349  2.5e-137  448.5   6.2   2   2   3.1e-22   3.1e-22   70.0   0.2   227   348   256   398   243   399 0.78 -
1129at766_955_0:00014b|OZ308468.1:910362-911565     -            401 1129                 -            349  4.1e-137  447.8   6.2   1   2  1.2e-116  1.2e-116  380.5   1.6     7   229     3   228     1   244 0.96 -
1129at766_955_0:00014b|OZ308468.1:910362-911565     -            401 1129                 -            349  4.1e-137  447.8   6.2   2   2   3.3e-22   3.3e-22   69.9   0.2   228   348   255   396   244   397 0.78 -
1129at766_272947_0:000179|OZ308468.1:910341-911544  -            402 1129                 -            349  4.2e-137  447.8   6.3   1   2  4.2e-117  4.2e-117  382.0   1.9     2   229     5   235     4   249 0.96 -
1129at766_272947_0:000179|OZ308468.1:910341-911544  -            402 1129                 -            349  4.2e-137  447.8   6.3   2   2   1.1e-21   1.1e-21   68.2   0.2   228   346   262   401   251   402 0.78 -
1129at766_1274402_0:000176|OZ308468.1:910368-911550 -            395 1129                 -            349  4.8e-137  447.6   5.8   1   2  1.6e-116  1.6e-116  380.1   1.5     8   229     2   226     1   247 0.96 -
1129at766_1274402_0:000176|OZ308468.1:910368-911550 -            395 1129                 -            349  4.8e-137  447.6   5.8   2   2     3e-22     3e-22   70.1   0.2   227   348   252   394   239   395 0.78 -
1129at766_205920_0:00016a|OZ308468.1:910365-911556  -            398 1129                 -            349  4.8e-137  447.6   6.1   1   2  1.3e-116  1.3e-116  380.3   1.6     7   229     2   227     1   248 0.96 -
1129at766_205920_0:00016a|OZ308468.1:910365-911556  -            398 1129                 -            349  4.8e-137  447.6   6.1   2   2   3.1e-22   3.1e-22   70.0   0.2   227   348   253   395   240   396 0.78 -
1129at766_1392507_0:00016c|OZ308468.1:910368-911556 -            397 1129                 -            349  4.9e-137  447.6   5.8   1   2  1.6e-116  1.6e-116  380.1   1.5     8   229     2   226     1   247 0.96 -
1129at766_1392507_0:00016c|OZ308468.1:910368-911556 -            397 1129                 -            349  4.9e-137  447.6   5.8   2   2     3e-22     3e-22   70.0   0.2   227   348   252   394   239   395 0.78 -
1129at766_1359163_0:000017|OZ308468.1:910365-911565 -            400 1129                 -            349  4.9e-137  447.5   6.1   1   2  1.4e-116  1.4e-116  380.3   1.6     7   229     2   227     1   248 0.96 -
1129at766_1359163_0:000017|OZ308468.1:910365-911565 -            400 1129                 -            349  4.9e-137  447.5   6.1   2   2   3.1e-22   3.1e-22   70.0   0.2   227   348   253   395   240   396 0.78 -
1129at766_1423892_0:0000ec|OZ308468.1:910365-911565 -            400 1129                 -            349  4.9e-137  447.5   6.1   1   2  1.4e-116  1.4e-116  380.3   1.6     7   229     2   227     1   248 0.96 -
1129at766_1423892_0:0000ec|OZ308468.1:910365-911565 -            400 1129                 -            349  4.9e-137  447.5   6.1   2   2   3.1e-22   3.1e-22   70.0   0.2   227   348   253   395   240   396 0.78 -
1129at766_391036_0:0000e0|OZ308468.1:910365-911565  -            400 1129                 -            349  4.9e-137  447.5   6.1   1   2  1.4e-116  1.4e-116  380.3   1.6     7   229     2   227     1   248 0.96 -
1129at766_391036_0:0000e0|OZ308468.1:910365-911565  -            400 1129                 -            349  4.9e-137  447.5   6.1   2   2   3.1e-22   3.1e-22   70.0   0.2   227   348   253   395   240   396 0.78 -
1129at766_779_0:0002df|OZ308468.1:910365-911565     -            400 1129                 -            349  4.9e-137  447.5   6.1   1   2  1.4e-116  1.4e-116  380.3   1.6     7   229     2   227     1   248 0.96 -
1129at766_779_0:0002df|OZ308468.1:910365-911565     -            400 1129                 -            349  4.9e-137  447.5   6.1   2   2   3.1e-22   3.1e-22   70.0   0.2   227   348   253   395   240   396 0.78 -
1129at766_1248439_0:00006e|OZ308468.1:910368-911565 -            399 1129                 -            349    5e-137  447.5   5.8   1   2  1.6e-116  1.6e-116  380.1   1.5     8   229     2   226     1   247 0.96 -
1129at766_1248439_0:00006e|OZ308468.1:910368-911565 -            399 1129                 -            349    5e-137  447.5   5.8   2   2     3e-22     3e-22   70.0   0.2   227   348   252   394   239   395 0.78 -
1129at766_142058_0:000307|OZ308468.1:910368-911565  -            399 1129                 -            349    5e-137  447.5   5.8   1   2  1.6e-116  1.6e-116  380.1   1.5     8   229     2   226     1   247 0.96 -
1129at766_142058_0:000307|OZ308468.1:910368-911565  -            399 1129                 -            349    5e-137  447.5   5.8   2   2     3e-22     3e-22   70.0   0.2   227   348   252   394   239   395 0.78 -
1129at766_574556_0:000267|OZ308468.1:910368-911565  -            399 1129                 -            349    5e-137  447.5   5.8   1   2  1.6e-116  1.6e-116  380.1   1.5     8   229     2   226     1   247 0.96 -
1129at766_574556_0:000267|OZ308468.1:910368-911565  -            399 1129                 -            349    5e-137  447.5   5.8   2   2     3e-22     3e-22   70.0   0.2   227   348   252   394   239   395 0.78 -
1129at766_336407_0:0004a8|OZ308468.1:910395-911556  -            388 1129                 -            349  2.9e-136  445.0   6.1   1   2  1.2e-115  1.2e-115  377.3   1.7    14   229     1   217     1   227 0.98 -
1129at766_336407_0:0004a8|OZ308468.1:910395-911556  -            388 1129                 -            349  2.9e-136  445.0   6.1   2   2     3e-22     3e-22   70.1   0.2   227   348   243   385   232   386 0.78 -
1129at766_86105_0:000055|OZ308468.1:910395-911562   -            390 1129                 -            349  2.9e-136  445.0   6.1   1   2  1.2e-115  1.2e-115  377.2   1.7    14   229     1   217     1   227 0.98 -
1129at766_86105_0:000055|OZ308468.1:910395-911562   -            390 1129                 -            349  2.9e-136  445.0   6.1   2   2     3e-22     3e-22   70.0   0.2   227   348   243   385   232   386 0.78 -
1129at766_1105107_0:000069|OZ308468.1:910395-911544 -            384 1129                 -            349    1e-135  443.2   6.2   1   2  8.9e-116  8.9e-116  377.6   1.6    14   229     1   217     1   234 0.97 -
1129at766_1105107_0:000069|OZ308468.1:910395-911544 -            384 1129                 -            349    1e-135  443.2   6.2   2   2     1e-21     1e-21   68.3   0.2   228   346   244   383   233   384 0.78 -
1129at766_696127_0:000246|OZ308468.1:910395-911544  -            384 1129                 -            349    1e-135  443.2   6.2   1   2  8.9e-116  8.9e-116  377.6   1.6    14   229     1   217     1   234 0.97 -
1129at766_696127_0:000246|OZ308468.1:910395-911544  -            384 1129                 -            349    1e-135  443.2   6.2   2   2     1e-21     1e-21   68.3   0.2   228   346   244   383   233   384 0.78 -
1129at766_2115978_0:000350|OZ308468.1:910401-911559 -            387 1129                 -            349  1.6e-135  442.5   5.9   1   2  5.8e-115  5.8e-115  374.9   1.6    16   229     1   215     1   232 0.97 -
1129at766_2115978_0:000350|OZ308468.1:910401-911559 -            387 1129                 -            349  1.6e-135  442.5   5.9   2   2   3.2e-22   3.2e-22   70.0   0.2   228   348   242   383   232   384 0.78 -
1129at766_1359168_0:000272|OZ308468.1:910401-911565 -            388 1129                 -            349  1.7e-135  442.5   5.9   1   2  5.9e-115  5.9e-115  374.9   1.6    16   229     1   215     1   232 0.97 -
1129at766_1359168_0:000272|OZ308468.1:910401-911565 -            388 1129                 -            349  1.7e-135  442.5   5.9   2   2   3.2e-22   3.2e-22   70.0   0.2   228   348   242   383   232   384 0.78 -
1129at766_1802984_0:0001d4|OZ308468.1:910398-911544 -            383 1129                 -            349    2e-135  442.2   5.9   1   2  2.6e-115  2.6e-115  376.1   1.7    15   229     1   216     1   227 0.98 -
1129at766_1802984_0:0001d4|OZ308468.1:910398-911544 -            383 1129                 -            349    2e-135  442.2   5.9   2   2   9.6e-22   9.6e-22   68.4   0.1   227   346   242   382   230   383 0.78 -
1129at766_752179_0:00002d|OZ308468.1:910437-911019  -            195 1129                 -            349  4.9e-104  339.0   2.9   1   1  5.5e-104  5.5e-104  338.9   2.9    28   221     1   195     1   195 0.99 -
#
# Program:         hmmsearch
# Version:         3.4 (Aug 2023)
# Pipeline mode:   SEARCH
# Query file:      /Users/rossoaa/Desktop/dummy/genomes/records/compleasm/mb_downloads/rickettsiales_odb12/hmms/1129at766.hmm
# Target file:     -
# Option settings: /Users/rossoaa/miniconda3/envs/compleasm_env/bin/hmmsearch --domtblout /Users/rossoaa/Desktop/dummy/genomes/records/compleasm/rickettsiales_odb12/hmmer_output/1129at766.out --cpu 1 /Users/rossoaa/Desktop/dummy/genomes/records/compleasm/mb_downloads/rickettsiales_odb12/hmms/1129at766.hmm - 
# Current dir:     /Users/rossoaa/Desktop/dummy/genomes/records/compleasm
# Date:            Tue Feb 10 10:20:24 2026
# [ok]
