#                                                                                                           --- full sequence --- -------------- this domain -------------   hmm coord   ali coord   env coord
# target name                                       accession   tlen query name           accession   qlen   E-value  score  bias   #  of  c-Evalue  i-Evalue  score  bias  from    to  from    to  from    to  acc description of target
#                               ------------------- ---------- ----- -------------------- ---------- ----- --------- ------ ----- --- --- --------- --------- ------ ----- ----- ----- ----- ----- ----- ----- ---- ---------------------
1130at766_1242993_0:000158|OZ308468.1:995695-996316 -            208 1130                 -            198   2.5e-81  261.9  13.5   1   1   2.9e-81   2.9e-81  261.7  13.5     2   198     4   207     3   207 0.93 -
1130at766_1359163_0:000074|OZ308468.1:995695-996316 -            208 1130                 -            198   2.5e-81  261.9  13.5   1   1   2.9e-81   2.9e-81  261.7  13.5     2   198     4   207     3   207 0.93 -
1130at766_1423892_0:0001ca|OZ308468.1:995695-996316 -            208 1130                 -            198   2.5e-81  261.9  13.5   1   1   2.9e-81   2.9e-81  261.7  13.5     2   198     4   207     3   207 0.93 -
1130at766_1605993_0:000228|OZ308468.1:995692-996316 -            208 1130                 -            198   2.5e-81  261.9  13.5   1   1   2.9e-81   2.9e-81  261.7  13.5     2   198     4   207     3   207 0.93 -
1130at766_169402_0:000361|OZ308468.1:995692-996316  -            208 1130                 -            198   2.5e-81  261.9  13.5   1   1   2.9e-81   2.9e-81  261.7  13.5     2   198     4   207     3   207 0.93 -
1130at766_205920_0:000274|OZ308468.1:995695-996316  -            208 1130                 -            198   2.5e-81  261.9  13.5   1   1   2.9e-81   2.9e-81  261.7  13.5     2   198     4   207     3   207 0.93 -
1130at766_246273_0:000202|OZ308468.1:995692-996316  -            208 1130                 -            198   2.5e-81  261.9  13.5   1   1   2.9e-81   2.9e-81  261.7  13.5     2   198     4   207     3   207 0.93 -
1130at766_391036_0:000138|OZ308468.1:995695-996316  -            208 1130                 -            198   2.5e-81  261.9  13.5   1   1   2.9e-81   2.9e-81  261.7  13.5     2   198     4   207     3   207 0.93 -
1130at766_779_0:0001f6|OZ308468.1:995695-996316     -            208 1130                 -            198   2.5e-81  261.9  13.5   1   1   2.9e-81   2.9e-81  261.7  13.5     2   198     4   207     3   207 0.93 -
1130at766_955_0:00018a|OZ308468.1:995692-996316     -            208 1130                 -            198   2.5e-81  261.9  13.5   1   1   2.9e-81   2.9e-81  261.7  13.5     2   198     4   207     3   207 0.93 -
1130at766_96496_0:0000f4|OZ308468.1:995692-996316   -            208 1130                 -            198   2.5e-81  261.9  13.5   1   1   2.9e-81   2.9e-81  261.7  13.5     2   198     4   207     3   207 0.93 -
1130at766_1392507_0:000399|OZ308468.1:995695-996325 -            211 1130                 -            198   2.7e-81  261.8  13.5   1   1     3e-81     3e-81  261.6  13.5     2   198     7   210     6   210 0.93 -
1130at766_142058_0:000250|OZ308468.1:995695-996337  -            215 1130                 -            198   2.9e-81  261.7  13.5   1   1   3.3e-81   3.3e-81  261.5  13.5     2   198    11   214    10   214 0.93 -
1130at766_1359168_0:000152|OZ308468.1:995692-996301 -            203 1130                 -            198   1.6e-79  256.1  15.3   1   1   1.8e-79   1.8e-79  255.9  15.3     4   198     1   202     1   202 0.93 -
#
# Program:         hmmsearch
# Version:         3.4 (Aug 2023)
# Pipeline mode:   SEARCH
# Query file:      /Users/rossoaa/Desktop/dummy/genomes/records/compleasm/mb_downloads/rickettsiales_odb12/hmms/1130at766.hmm
# Target file:     -
# Option settings: /Users/rossoaa/miniconda3/envs/compleasm_env/bin/hmmsearch --domtblout /Users/rossoaa/Desktop/dummy/genomes/records/compleasm/rickettsiales_odb12/hmmer_output/1130at766.out --cpu 1 /Users/rossoaa/Desktop/dummy/genomes/records/compleasm/mb_downloads/rickettsiales_odb12/hmms/1130at766.hmm - 
# Current dir:     /Users/rossoaa/Desktop/dummy/genomes/records/compleasm
# Date:            Tue Feb 10 10:20:21 2026
# [ok]
