#                                                                                                           --- full sequence --- -------------- this domain -------------   hmm coord   ali coord   env coord
# target name                                       accession   tlen query name           accession   qlen   E-value  score  bias   #  of  c-Evalue  i-Evalue  score  bias  from    to  from    to  from    to  acc description of target
#                               ------------------- ---------- ----- -------------------- ---------- ----- --------- ------ ----- --- --- --------- --------- ------ ----- ----- ----- ----- ----- ----- ----- ---- ---------------------
1131at766_2486578_0:00055e|OZ308468.1:398771-400883 -            705 1131                 -            690         0 1082.0  10.3   1   1         0         0 1081.8  10.3     1   687     1   697     1   700 0.97 -
1131at766_1105107_0:0001fa|OZ308468.1:398771-400904 -            712 1131                 -            690         0 1082.0  10.3   1   1         0         0 1081.8  10.3     1   687     1   697     1   700 0.97 -
1131at766_1392507_0:000212|OZ308468.1:398771-400934 -            722 1131                 -            690         0 1081.9  10.3   1   1         0         0 1081.7  10.3     1   687     1   697     1   700 0.97 -
1131at766_1714371_0:000125|OZ308468.1:398771-400940 -            724 1131                 -            690         0 1081.9  10.3   1   1         0         0 1081.7  10.3     1   687     1   697     1   700 0.97 -
1131at766_481009_0:0000fb|OZ308468.1:398771-400967  -            733 1131                 -            690         0 1081.8  10.3   1   1         0         0 1081.6  10.3     1   687     1   697     1   700 0.97 -
1131at766_1528098_0:000277|OZ308468.1:398771-400982 -            738 1131                 -            690         0 1081.8  10.3   1   1         0         0 1081.6  10.3     1   687     1   697     1   700 0.97 -
1131at766_1961830_0:0001e7|OZ308468.1:398771-400994 -            742 1131                 -            690         0 1081.8  10.3   1   1         0         0 1081.6  10.3     1   687     1   697     1   700 0.97 -
1131at766_2115978_0:000158|OZ308468.1:398771-400994 -            742 1131                 -            690         0 1081.8  10.3   1   1         0         0 1081.6  10.3     1   687     1   697     1   700 0.97 -
1131at766_336407_0:000075|OZ308468.1:398771-400994  -            742 1131                 -            690         0 1081.8  10.3   1   1         0         0 1081.6  10.3     1   687     1   697     1   700 0.97 -
1131at766_142058_0:0001a9|OZ308468.1:398771-401003  -            745 1131                 -            690         0 1081.7  10.3   1   1         0         0 1081.5  10.3     1   687     1   697     1   700 0.97 -
1131at766_1286528_0:00004b|OZ308468.1:398771-401006 -            746 1131                 -            690         0 1081.7  10.3   1   1         0         0 1081.5  10.3     1   687     1   697     1   700 0.97 -
1131at766_2486577_0:000026|OZ308468.1:398771-401006 -            746 1131                 -            690         0 1081.7  10.3   1   1         0         0 1081.5  10.3     1   687     1   697     1   700 0.97 -
1131at766_1359163_0:00005d|OZ308468.1:398771-401033 -            755 1131                 -            690         0 1081.7  10.3   1   1         0         0 1081.5  10.3     1   687     1   697     1   700 0.97 -
1131at766_1248439_0:00007c|OZ308468.1:398771-401039 -            757 1131                 -            690         0 1081.6  10.3   1   1         0         0 1081.5  10.3     1   687     1   697     1   700 0.97 -
1131at766_779_0:000123|OZ308468.1:398771-401039     -            757 1131                 -            690         0 1081.6  10.3   1   1         0         0 1081.5  10.3     1   687     1   697     1   700 0.97 -
1131at766_1242993_0:00034f|OZ308468.1:398771-401045 -            758 1131                 -            690         0 1081.6  10.3   1   1         0         0 1081.4  10.3     1   687     1   697     1   700 0.97 -
1131at766_1423892_0:0000a9|OZ308468.1:398771-401045 -            758 1131                 -            690         0 1081.6  10.3   1   1         0         0 1081.4  10.3     1   687     1   697     1   700 0.97 -
1131at766_169402_0:0000fb|OZ308468.1:398771-401045  -            758 1131                 -            690         0 1081.6  10.3   1   1         0         0 1081.4  10.3     1   687     1   697     1   700 0.97 -
1131at766_205920_0:000336|OZ308468.1:398771-401042  -            758 1131                 -            690         0 1081.6  10.3   1   1         0         0 1081.4  10.3     1   687     1   697     1   700 0.97 -
1131at766_222891_0:0000a4|OZ308468.1:398771-401045  -            758 1131                 -            690         0 1081.6  10.3   1   1         0         0 1081.4  10.3     1   687     1   697     1   700 0.97 -
1131at766_246273_0:000329|OZ308468.1:398771-401045  -            758 1131                 -            690         0 1081.6  10.3   1   1         0         0 1081.4  10.3     1   687     1   697     1   700 0.97 -
1131at766_391036_0:0002b0|OZ308468.1:398771-401045  -            758 1131                 -            690         0 1081.6  10.3   1   1         0         0 1081.4  10.3     1   687     1   697     1   700 0.97 -
1131at766_434131_0:000172|OZ308468.1:398771-401045  -            758 1131                 -            690         0 1081.6  10.3   1   1         0         0 1081.4  10.3     1   687     1   697     1   700 0.97 -
1131at766_574556_0:0002ef|OZ308468.1:398771-401045  -            758 1131                 -            690         0 1081.6  10.3   1   1         0         0 1081.4  10.3     1   687     1   697     1   700 0.97 -
1131at766_955_0:000186|OZ308468.1:398771-401045     -            758 1131                 -            690         0 1081.6  10.3   1   1         0         0 1081.4  10.3     1   687     1   697     1   700 0.97 -
1131at766_2602574_0:000117|OZ308468.1:398771-400844 -            692 1131                 -            690         0 1077.8  11.1   1   1         0         0 1077.7  11.1     1   681     1   691     1   692 0.97 -
1131at766_696127_0:0000fc|OZ308468.1:398771-400835  -            689 1131                 -            690         0 1074.8  10.8   1   1         0         0 1074.7  10.8     1   678     1   688     1   689 0.97 -
1131at766_1359168_0:0001dd|OZ308468.1:398771-400829 -            687 1131                 -            690         0 1073.5  10.6   1   1         0         0 1073.3  10.6     1   676     1   686     1   687 0.97 -
1131at766_334380_0:00045d|OZ308468.1:398771-400829  -            687 1131                 -            690         0 1073.5  10.6   1   1         0         0 1073.3  10.6     1   676     1   686     1   687 0.97 -
1131at766_272947_0:00007b|OZ308468.1:398771-400823  -            685 1131                 -            690         0 1071.9  10.8   1   1         0         0 1071.8  10.8     1   669     1   678     1   685 0.97 -
1131at766_752179_0:0003cb|OZ308468.1:398768-400823  -            686 1131                 -            690         0 1071.9  10.8   1   1         0         0 1071.8  10.8     1   669     2   679     2   686 0.97 -
1131at766_1274402_0:00009a|OZ308468.1:398783-400847 -            689 1131                 -            690         0 1071.1  10.5   1   1         0         0 1071.0  10.5     5   682     1   688     1   689 0.97 -
1131at766_86105_0:000136|OZ308468.1:398771-400799   -            677 1131                 -            690         0 1068.9  12.4   1   1         0         0 1068.8  12.4     1   668     1   677     1   677 0.98 -
1131at766_1802984_0:000165|OZ308468.1:398816-400721 -            636 1131                 -            690  1.4e-308 1015.8  10.0   1   1  1.6e-308  1.6e-308 1015.7  10.0    16   641     1   635     1   636 0.97 -
#
# Program:         hmmsearch
# Version:         3.4 (Aug 2023)
# Pipeline mode:   SEARCH
# Query file:      /Users/rossoaa/Desktop/dummy/genomes/records/compleasm/mb_downloads/rickettsiales_odb12/hmms/1131at766.hmm
# Target file:     -
# Option settings: /Users/rossoaa/miniconda3/envs/compleasm_env/bin/hmmsearch --domtblout /Users/rossoaa/Desktop/dummy/genomes/records/compleasm/rickettsiales_odb12/hmmer_output/1131at766.out --cpu 1 /Users/rossoaa/Desktop/dummy/genomes/records/compleasm/mb_downloads/rickettsiales_odb12/hmms/1131at766.hmm - 
# Current dir:     /Users/rossoaa/Desktop/dummy/genomes/records/compleasm
# Date:            Tue Feb 10 10:20:21 2026
# [ok]
