#                                                                                                           --- full sequence --- -------------- this domain -------------   hmm coord   ali coord   env coord
# target name                                       accession   tlen query name           accession   qlen   E-value  score  bias   #  of  c-Evalue  i-Evalue  score  bias  from    to  from    to  from    to  acc description of target
#                               ------------------- ---------- ----- -------------------- ---------- ----- --------- ------ ----- --- --- --------- --------- ------ ----- ----- ----- ----- ----- ----- ----- ---- ---------------------
1134at766_752179_0:0002c0|OZ308468.1:225439-227470  -            622 1134                 -            618         0 1076.6   3.3   1   1         0         0 1076.4   3.3     1   617     1   620     1   621 0.99 -
1134at766_1802984_0:00005c|OZ308468.1:225436-227470 -            623 1134                 -            618         0 1076.6   3.3   1   1         0         0 1076.4   3.3     1   617     1   620     1   621 0.99 -
1134at766_1286528_0:0002ec|OZ308468.1:225442-227470 -            621 1134                 -            618         0 1076.6   3.3   1   1         0         0 1076.4   3.3     1   617     1   620     1   621 0.99 -
1134at766_1242993_0:00027a|OZ308468.1:225433-227470 -            624 1134                 -            618         0 1076.6   3.3   1   1         0         0 1076.4   3.3     1   617     1   620     1   621 0.99 -
1134at766_1423892_0:000159|OZ308468.1:225433-227470 -            624 1134                 -            618         0 1076.6   3.3   1   1         0         0 1076.4   3.3     1   617     1   620     1   621 0.99 -
1134at766_205920_0:000069|OZ308468.1:225433-227470  -            624 1134                 -            618         0 1076.6   3.3   1   1         0         0 1076.4   3.3     1   617     1   620     1   621 0.99 -
1134at766_391036_0:000027|OZ308468.1:225433-227470  -            624 1134                 -            618         0 1076.6   3.3   1   1         0         0 1076.4   3.3     1   617     1   620     1   621 0.99 -
1134at766_272947_0:0001ba|OZ308468.1:225430-227470  -            625 1134                 -            618         0 1076.6   3.3   1   1         0         0 1076.4   3.3     1   617     1   620     1   621 0.99 -
1134at766_1359163_0:000048|OZ308468.1:225427-227482 -            630 1134                 -            618         0 1076.6   3.3   1   1         0         0 1076.3   3.3     1   617     5   624     5   625 0.99 -
1134at766_86105_0:000074|OZ308468.1:225445-227479   -            623 1134                 -            618         0 1076.5   3.0   1   1         0         0 1076.3   3.0     1   616     4   622     4   623 0.99 -
1134at766_1105107_0:000288|OZ308468.1:225451-227470 -            618 1134                 -            618         0 1075.3   2.8   1   1         0         0 1075.1   2.8     1   614     1   617     1   618 0.99 -
1134at766_1359168_0:00012f|OZ308468.1:225451-227470 -            618 1134                 -            618         0 1075.3   2.8   1   1         0         0 1075.1   2.8     1   614     1   617     1   618 0.99 -
1134at766_334380_0:0003f9|OZ308468.1:225451-227470  -            618 1134                 -            618         0 1075.3   2.8   1   1         0         0 1075.1   2.8     1   614     1   617     1   618 0.99 -
1134at766_336407_0:000422|OZ308468.1:225451-227470  -            618 1134                 -            618         0 1075.3   2.8   1   1         0         0 1075.1   2.8     1   614     1   617     1   618 0.99 -
1134at766_2486577_0:00003a|OZ308468.1:225445-227467 -            619 1134                 -            618         0 1075.0   3.0   1   1         0         0 1074.8   3.0     2   616     1   618     1   619 0.99 -
1134at766_1528098_0:0004c5|OZ308468.1:225457-227476 -            618 1134                 -            618         0 1073.6   2.5   1   1         0         0 1073.4   2.5     1   613     3   618     3   618 0.99 -
1134at766_2486578_0:0005e2|OZ308468.1:225457-227470 -            616 1134                 -            618         0 1073.6   2.5   1   1         0         0 1073.4   2.5     1   613     1   616     1   616 0.99 -
1134at766_779_0:000255|OZ308468.1:225433-227470     -            626 1134                 -            618         0 1071.5   3.2   1   1         0         0 1071.3   3.2     1   617     1   622     1   623 0.98 -
1134at766_1961830_0:000152|OZ308468.1:225442-227470 -            623 1134                 -            618         0 1071.5   3.2   1   1         0         0 1071.4   3.2     1   617     1   622     1   623 0.98 -
1134at766_481009_0:0001fc|OZ308468.1:225430-227470  -            627 1134                 -            618         0 1071.5   3.2   1   1         0         0 1071.3   3.2     1   617     1   622     1   623 0.98 -
1134at766_2115978_0:0004b1|OZ308468.1:225448-227470 -            621 1134                 -            618         0 1070.8   2.8   1   1         0         0 1070.6   2.8     1   615     1   620     1   621 0.98 -
1134at766_1392507_0:000332|OZ308468.1:225451-227470 -            620 1134                 -            618         0 1070.2   2.7   1   1         0         0 1070.0   2.7     1   614     1   619     1   620 0.98 -
1134at766_955_0:000319|OZ308468.1:225451-227470     -            620 1134                 -            618         0 1070.2   2.7   1   1         0         0 1070.0   2.7     1   614     1   619     1   620 0.98 -
1134at766_142058_0:0000cd|OZ308468.1:225427-227461  -            625 1134                 -            618         0 1067.7   3.0   1   1         0         0 1067.5   3.0     4   617     1   619     1   620 0.98 -
1134at766_1714371_0:00012c|OZ308468.1:225436-227455 -            618 1134                 -            618         0 1067.5   3.1   1   1         0         0 1067.4   3.1     6   617     1   615     1   616 0.99 -
1134at766_1248439_0:0000b7|OZ308468.1:225457-227461 -            615 1134                 -            618         0 1064.6   2.2   1   1         0         0 1064.4   2.2     4   613     1   615     1   615 0.98 -
1134at766_696127_0:000250|OZ308468.1:225457-227461  -            615 1134                 -            618         0 1064.6   2.2   1   1         0         0 1064.4   2.2     4   613     1   615     1   615 0.98 -
1134at766_222891_0:00023d|OZ308468.1:225457-227455  -            611 1134                 -            618         0 1064.5   2.3   1   1         0         0 1064.3   2.3     6   613     1   611     1   611 0.99 -
1134at766_434131_0:0000be|OZ308468.1:225457-227455  -            611 1134                 -            618         0 1064.5   2.3   1   1         0         0 1064.3   2.3     6   613     1   611     1   611 0.99 -
1134at766_169402_0:000165|OZ308468.1:225433-227470  -            680 1134                 -            618  8.9e-320 1052.8   7.2   1   2  6.9e-287  6.9e-287  944.2   0.1     1   526     1   529     1   558 0.98 -
1134at766_169402_0:000165|OZ308468.1:225433-227470  -            680 1134                 -            618  8.9e-320 1052.8   7.2   2   2   1.3e-34   1.3e-34  110.8   3.0   526   617   585   676   546   677 0.91 -
1134at766_1605993_0:000237|OZ308468.1:225424-227470 -            682 1134                 -            618    9e-320 1052.8   7.2   1   2    7e-287    7e-287  944.2   0.1     1   526     1   529     1   558 0.98 -
1134at766_1605993_0:000237|OZ308468.1:225424-227470 -            682 1134                 -            618    9e-320 1052.8   7.2   2   2   1.3e-34   1.3e-34  110.8   3.0   526   617   585   676   546   677 0.91 -
1134at766_246273_0:0002bc|OZ308468.1:225424-227470  -            682 1134                 -            618    9e-320 1052.8   7.2   1   2    7e-287    7e-287  944.2   0.1     1   526     1   529     1   558 0.98 -
1134at766_246273_0:0002bc|OZ308468.1:225424-227470  -            682 1134                 -            618    9e-320 1052.8   7.2   2   2   1.3e-34   1.3e-34  110.8   3.0   526   617   585   676   546   677 0.91 -
1134at766_96496_0:0002d6|OZ308468.1:225424-227470   -            682 1134                 -            618    9e-320 1052.8   7.2   1   2    7e-287    7e-287  944.2   0.1     1   526     1   529     1   558 0.98 -
1134at766_96496_0:0002d6|OZ308468.1:225424-227470   -            682 1134                 -            618    9e-320 1052.8   7.2   2   2   1.3e-34   1.3e-34  110.8   3.0   526   617   585   676   546   677 0.91 -
1134at766_2602574_0:000155|OZ308468.1:225442-227470 -            587 1134                 -            618  1.6e-298  982.6   9.5   1   2    2e-266    2e-266  876.6   0.7     1   484     1   487     1   496 0.97 -
1134at766_2602574_0:000155|OZ308468.1:225442-227470 -            587 1134                 -            618  1.6e-298  982.6   9.5   2   2   2.2e-34   2.2e-34  110.1   3.3   526   617   495   586   487   587 0.95 -
#
# Program:         hmmsearch
# Version:         3.4 (Aug 2023)
# Pipeline mode:   SEARCH
# Query file:      /Users/rossoaa/Desktop/dummy/genomes/records/compleasm/mb_downloads/rickettsiales_odb12/hmms/1134at766.hmm
# Target file:     -
# Option settings: /Users/rossoaa/miniconda3/envs/compleasm_env/bin/hmmsearch --domtblout /Users/rossoaa/Desktop/dummy/genomes/records/compleasm/rickettsiales_odb12/hmmer_output/1134at766.out --cpu 1 /Users/rossoaa/Desktop/dummy/genomes/records/compleasm/mb_downloads/rickettsiales_odb12/hmms/1134at766.hmm - 
# Current dir:     /Users/rossoaa/Desktop/dummy/genomes/records/compleasm
# Date:            Tue Feb 10 10:20:23 2026
# [ok]
