#                                                                                                           --- full sequence --- -------------- this domain -------------   hmm coord   ali coord   env coord
# target name                                       accession   tlen query name           accession   qlen   E-value  score  bias   #  of  c-Evalue  i-Evalue  score  bias  from    to  from    to  from    to  acc description of target
#                               ------------------- ---------- ----- -------------------- ---------- ----- --------- ------ ----- --- --- --------- --------- ------ ----- ----- ----- ----- ----- ----- ----- ---- ---------------------
1148at766_1248439_0:00023b|OZ308468.1:527201-528893 -            565 1148                 -            551  2.2e-256  842.6  35.9   1   1  2.5e-256  2.5e-256  842.4  35.9     3   550     4   563     2   564 0.96 -
1148at766_142058_0:000029|OZ308468.1:527201-528893  -            565 1148                 -            551  2.2e-256  842.6  35.9   1   1  2.5e-256  2.5e-256  842.4  35.9     3   550     4   563     2   564 0.96 -
1148at766_696127_0:0000b2|OZ308468.1:527198-528896  -            567 1148                 -            551  2.2e-256  842.6  35.9   1   1  2.5e-256  2.5e-256  842.4  35.9     3   550     5   564     3   565 0.96 -
1148at766_86105_0:000680|OZ308468.1:527198-528896   -            567 1148                 -            551  2.2e-256  842.6  35.9   1   1  2.5e-256  2.5e-256  842.4  35.9     3   550     5   564     3   565 0.96 -
1148at766_1528098_0:0000b6|OZ308468.1:527195-528893 -            567 1148                 -            551  2.2e-256  842.6  35.9   1   1  2.5e-256  2.5e-256  842.4  35.9     3   550     6   565     4   566 0.96 -
1148at766_2486577_0:000048|OZ308468.1:527195-528896 -            568 1148                 -            551  2.2e-256  842.6  35.9   1   1  2.6e-256  2.6e-256  842.4  35.9     3   550     6   565     4   566 0.96 -
1148at766_1359163_0:00023a|OZ308468.1:527198-528905 -            570 1148                 -            551  2.2e-256  842.6  35.9   1   1  2.6e-256  2.6e-256  842.4  35.9     3   550     5   564     3   565 0.96 -
1148at766_1423892_0:0000ee|OZ308468.1:527198-528905 -            570 1148                 -            551  2.2e-256  842.6  35.9   1   1  2.6e-256  2.6e-256  842.4  35.9     3   550     5   564     3   565 0.96 -
1148at766_1714371_0:000088|OZ308468.1:527198-528905 -            570 1148                 -            551  2.2e-256  842.6  35.9   1   1  2.6e-256  2.6e-256  842.4  35.9     3   550     5   564     3   565 0.96 -
1148at766_1286528_0:0000f2|OZ308468.1:527198-528908 -            571 1148                 -            551  2.2e-256  842.6  35.9   1   1  2.6e-256  2.6e-256  842.4  35.9     3   550     5   564     3   565 0.96 -
1148at766_779_0:00034b|OZ308468.1:527198-528908     -            571 1148                 -            551  2.2e-256  842.6  35.9   1   1  2.6e-256  2.6e-256  842.4  35.9     3   550     5   564     3   565 0.96 -
1148at766_1605993_0:000335|OZ308468.1:527198-528914 -            572 1148                 -            551  2.3e-256  842.6  35.9   1   1  2.6e-256  2.6e-256  842.4  35.9     3   550     5   564     3   565 0.96 -
1148at766_169402_0:00002e|OZ308468.1:527198-528914  -            572 1148                 -            551  2.3e-256  842.6  35.9   1   1  2.6e-256  2.6e-256  842.4  35.9     3   550     5   564     3   565 0.96 -
1148at766_222891_0:00007d|OZ308468.1:527198-528911  -            572 1148                 -            551  2.3e-256  842.6  35.9   1   1  2.6e-256  2.6e-256  842.4  35.9     3   550     5   564     3   565 0.96 -
1148at766_246273_0:0000cd|OZ308468.1:527198-528914  -            572 1148                 -            551  2.3e-256  842.6  35.9   1   1  2.6e-256  2.6e-256  842.4  35.9     3   550     5   564     3   565 0.96 -
1148at766_434131_0:000080|OZ308468.1:527198-528911  -            572 1148                 -            551  2.3e-256  842.6  35.9   1   1  2.6e-256  2.6e-256  842.4  35.9     3   550     5   564     3   565 0.96 -
1148at766_955_0:00033c|OZ308468.1:527198-528914     -            572 1148                 -            551  2.3e-256  842.6  35.9   1   1  2.6e-256  2.6e-256  842.4  35.9     3   550     5   564     3   565 0.96 -
1148at766_96496_0:0001ad|OZ308468.1:527198-528914   -            572 1148                 -            551  2.3e-256  842.6  35.9   1   1  2.6e-256  2.6e-256  842.4  35.9     3   550     5   564     3   565 0.96 -
1148at766_2115978_0:000219|OZ308468.1:527180-528893 -            572 1148                 -            551  2.3e-256  842.6  35.9   1   1  2.6e-256  2.6e-256  842.4  35.9     3   550    11   570     9   571 0.96 -
1148at766_1359168_0:000207|OZ308468.1:527201-528911 -            571 1148                 -            551  2.3e-256  842.6  35.9   1   1  2.6e-256  2.6e-256  842.4  35.9     3   550     4   563     2   564 0.96 -
1148at766_752179_0:0002c8|OZ308468.1:527213-528914  -            567 1148                 -            551  8.7e-256  840.6  36.5   1   1  9.8e-256  9.8e-256  840.5  36.5     5   550     2   559     1   560 0.97 -
1148at766_1392507_0:000134|OZ308468.1:527198-528878 -            561 1148                 -            551  2.7e-255  839.0  36.0   1   1  3.1e-255  3.1e-255  838.8  36.0     3   547     5   561     3   561 0.97 -
1148at766_1105107_0:000211|OZ308468.1:527219-528890 -            558 1148                 -            551  3.5e-255  838.6  36.7   1   1  3.9e-255  3.9e-255  838.5  36.7     6   550     1   557     1   558 0.97 -
1148at766_1961830_0:0003f3|OZ308468.1:527219-528890 -            558 1148                 -            551  3.5e-255  838.6  36.7   1   1  3.9e-255  3.9e-255  838.5  36.7     6   550     1   557     1   558 0.97 -
1148at766_272947_0:000069|OZ308468.1:527219-528890  -            558 1148                 -            551  3.5e-255  838.6  36.7   1   1  3.9e-255  3.9e-255  838.5  36.7     6   550     1   557     1   558 0.97 -
1148at766_336407_0:000267|OZ308468.1:527219-528890  -            558 1148                 -            551  3.5e-255  838.6  36.7   1   1  3.9e-255  3.9e-255  838.5  36.7     6   550     1   557     1   558 0.97 -
1148at766_481009_0:00019a|OZ308468.1:527219-528890  -            558 1148                 -            551  3.5e-255  838.6  36.7   1   1  3.9e-255  3.9e-255  838.5  36.7     6   550     1   557     1   558 0.97 -
1148at766_1802984_0:0001c5|OZ308468.1:527219-528896 -            560 1148                 -            551  3.6e-255  838.6  36.7   1   1    4e-255    4e-255  838.5  36.7     6   550     1   557     1   558 0.97 -
1148at766_2486578_0:0005c8|OZ308468.1:527225-528893 -            557 1148                 -            551  2.1e-254  836.1  36.2   1   1  2.4e-254  2.4e-254  835.9  36.2     8   550     1   555     1   556 0.97 -
1148at766_334380_0:00013f|OZ308468.1:527225-528914  -            563 1148                 -            551  2.2e-254  836.0  36.2   1   1  2.5e-254  2.5e-254  835.8  36.2     8   550     1   555     1   556 0.97 -
1148at766_2602574_0:00048a|OZ308468.1:527417-528893 -            493 1148                 -            551  1.3e-221  727.8  25.8   1   1  1.4e-221  1.4e-221  727.7  25.8    71   550     1   491     1   492 0.97 -
1148at766_1242993_0:0001ac|OZ308468.1:527198-528617 -            474 1148                 -            551  2.5e-215  707.1  37.4   1   1  2.9e-215  2.9e-215  706.9  37.4     3   460     5   474     3   474 0.96 -
#
# Program:         hmmsearch
# Version:         3.4 (Aug 2023)
# Pipeline mode:   SEARCH
# Query file:      /Users/rossoaa/Desktop/dummy/genomes/records/compleasm/mb_downloads/rickettsiales_odb12/hmms/1148at766.hmm
# Target file:     -
# Option settings: /Users/rossoaa/miniconda3/envs/compleasm_env/bin/hmmsearch --domtblout /Users/rossoaa/Desktop/dummy/genomes/records/compleasm/rickettsiales_odb12/hmmer_output/1148at766.out --cpu 1 /Users/rossoaa/Desktop/dummy/genomes/records/compleasm/mb_downloads/rickettsiales_odb12/hmms/1148at766.hmm - 
# Current dir:     /Users/rossoaa/Desktop/dummy/genomes/records/compleasm
# Date:            Tue Feb 10 10:20:23 2026
# [ok]
