#                                                                                                          --- full sequence --- -------------- this domain -------------   hmm coord   ali coord   env coord
# target name                                      accession   tlen query name           accession   qlen   E-value  score  bias   #  of  c-Evalue  i-Evalue  score  bias  from    to  from    to  from    to  acc description of target
#                              ------------------- ---------- ----- -------------------- ---------- ----- --------- ------ ----- --- --- --------- --------- ------ ----- ----- ----- ----- ----- ----- ----- ---- ---------------------
118at766_1242993_0:00001c|OZ308468.1:384931-385411 -            160 118                  -            152   4.3e-75  241.4   1.7   1   1   5.6e-75   5.6e-75  241.0   1.7     2   152     3   160     2   160 0.90 -
118at766_1248439_0:0002a7|OZ308468.1:384931-385411 -            160 118                  -            152   4.3e-75  241.4   1.7   1   1   5.6e-75   5.6e-75  241.0   1.7     2   152     3   160     2   160 0.90 -
118at766_1359163_0:0002e9|OZ308468.1:384931-385411 -            160 118                  -            152   4.3e-75  241.4   1.7   1   1   5.6e-75   5.6e-75  241.0   1.7     2   152     3   160     2   160 0.90 -
118at766_142058_0:00010e|OZ308468.1:384931-385411  -            160 118                  -            152   4.3e-75  241.4   1.7   1   1   5.6e-75   5.6e-75  241.0   1.7     2   152     3   160     2   160 0.90 -
118at766_1423892_0:00025f|OZ308468.1:384931-385411 -            160 118                  -            152   4.3e-75  241.4   1.7   1   1   5.6e-75   5.6e-75  241.0   1.7     2   152     3   160     2   160 0.90 -
118at766_1605993_0:000042|OZ308468.1:384931-385411 -            160 118                  -            152   4.3e-75  241.4   1.7   1   1   5.6e-75   5.6e-75  241.0   1.7     2   152     3   160     2   160 0.90 -
118at766_169402_0:0001f2|OZ308468.1:384931-385411  -            160 118                  -            152   4.3e-75  241.4   1.7   1   1   5.6e-75   5.6e-75  241.0   1.7     2   152     3   160     2   160 0.90 -
118at766_205920_0:0000fa|OZ308468.1:384931-385411  -            160 118                  -            152   4.3e-75  241.4   1.7   1   1   5.6e-75   5.6e-75  241.0   1.7     2   152     3   160     2   160 0.90 -
118at766_246273_0:000140|OZ308468.1:384931-385411  -            160 118                  -            152   4.3e-75  241.4   1.7   1   1   5.6e-75   5.6e-75  241.0   1.7     2   152     3   160     2   160 0.90 -
118at766_391036_0:000310|OZ308468.1:384931-385411  -            160 118                  -            152   4.3e-75  241.4   1.7   1   1   5.6e-75   5.6e-75  241.0   1.7     2   152     3   160     2   160 0.90 -
118at766_574556_0:000153|OZ308468.1:384931-385411  -            160 118                  -            152   4.3e-75  241.4   1.7   1   1   5.6e-75   5.6e-75  241.0   1.7     2   152     3   160     2   160 0.90 -
118at766_779_0:0000f5|OZ308468.1:384931-385411     -            160 118                  -            152   4.3e-75  241.4   1.7   1   1   5.6e-75   5.6e-75  241.0   1.7     2   152     3   160     2   160 0.90 -
118at766_955_0:000300|OZ308468.1:384931-385411     -            160 118                  -            152   4.3e-75  241.4   1.7   1   1   5.6e-75   5.6e-75  241.0   1.7     2   152     3   160     2   160 0.90 -
118at766_96496_0:00031a|OZ308468.1:384931-385411   -            160 118                  -            152   4.3e-75  241.4   1.7   1   1   5.6e-75   5.6e-75  241.0   1.7     2   152     3   160     2   160 0.90 -
118at766_1105107_0:00034d|OZ308468.1:384934-385411 -            159 118                  -            152   4.4e-75  241.4   1.7   1   1   5.4e-75   5.4e-75  241.1   1.7     2   152     2   159     1   159 0.90 -
118at766_1528098_0:0002d4|OZ308468.1:384934-385411 -            159 118                  -            152   4.4e-75  241.4   1.7   1   1   5.4e-75   5.4e-75  241.1   1.7     2   152     2   159     1   159 0.90 -
118at766_1961830_0:0002c1|OZ308468.1:384934-385411 -            159 118                  -            152   4.4e-75  241.4   1.7   1   1   5.4e-75   5.4e-75  241.1   1.7     2   152     2   159     1   159 0.90 -
118at766_2486577_0:000347|OZ308468.1:384934-385411 -            159 118                  -            152   4.4e-75  241.4   1.7   1   1   5.4e-75   5.4e-75  241.1   1.7     2   152     2   159     1   159 0.90 -
118at766_2486578_0:0000d6|OZ308468.1:384934-385411 -            159 118                  -            152   4.4e-75  241.4   1.7   1   1   5.4e-75   5.4e-75  241.1   1.7     2   152     2   159     1   159 0.90 -
118at766_2602574_0:000443|OZ308468.1:384934-385411 -            159 118                  -            152   4.4e-75  241.4   1.7   1   1   5.4e-75   5.4e-75  241.1   1.7     2   152     2   159     1   159 0.90 -
118at766_272947_0:00033c|OZ308468.1:384934-385411  -            159 118                  -            152   4.4e-75  241.4   1.7   1   1   5.4e-75   5.4e-75  241.1   1.7     2   152     2   159     1   159 0.90 -
118at766_334380_0:00037a|OZ308468.1:384934-385411  -            159 118                  -            152   4.4e-75  241.4   1.7   1   1   5.4e-75   5.4e-75  241.1   1.7     2   152     2   159     1   159 0.90 -
118at766_336407_0:000337|OZ308468.1:384934-385411  -            159 118                  -            152   4.4e-75  241.4   1.7   1   1   5.4e-75   5.4e-75  241.1   1.7     2   152     2   159     1   159 0.90 -
118at766_481009_0:000183|OZ308468.1:384934-385411  -            159 118                  -            152   4.4e-75  241.4   1.7   1   1   5.4e-75   5.4e-75  241.1   1.7     2   152     2   159     1   159 0.90 -
118at766_696127_0:000366|OZ308468.1:384934-385411  -            159 118                  -            152   4.4e-75  241.4   1.7   1   1   5.4e-75   5.4e-75  241.1   1.7     2   152     2   159     1   159 0.90 -
118at766_86105_0:000738|OZ308468.1:384934-385411   -            159 118                  -            152   4.4e-75  241.4   1.7   1   1   5.4e-75   5.4e-75  241.1   1.7     2   152     2   159     1   159 0.90 -
118at766_1286528_0:00005c|OZ308468.1:384943-385411 -            156 118                  -            152   2.7e-74  238.8   2.0   1   1   3.4e-74   3.4e-74  238.5   2.0     4   152     1   156     1   156 0.90 -
118at766_1714371_0:000276|OZ308468.1:384943-385411 -            156 118                  -            152   2.7e-74  238.8   2.0   1   1   3.4e-74   3.4e-74  238.5   2.0     4   152     1   156     1   156 0.90 -
118at766_222891_0:000198|OZ308468.1:384943-385411  -            156 118                  -            152   2.7e-74  238.8   2.0   1   1   3.4e-74   3.4e-74  238.5   2.0     4   152     1   156     1   156 0.90 -
118at766_434131_0:000252|OZ308468.1:384943-385411  -            156 118                  -            152   2.7e-74  238.8   2.0   1   1   3.4e-74   3.4e-74  238.5   2.0     4   152     1   156     1   156 0.90 -
118at766_1802984_0:00025a|OZ308468.1:384946-385297 -            118 118                  -            152   3.6e-69  222.2   0.9   1   1   3.9e-69   3.9e-69  222.1   0.9     5   121     1   117     1   118 0.99 -
#
# Program:         hmmsearch
# Version:         3.4 (Aug 2023)
# Pipeline mode:   SEARCH
# Query file:      /Users/rossoaa/Desktop/dummy/genomes/records/compleasm/mb_downloads/rickettsiales_odb12/hmms/118at766.hmm
# Target file:     -
# Option settings: /Users/rossoaa/miniconda3/envs/compleasm_env/bin/hmmsearch --domtblout /Users/rossoaa/Desktop/dummy/genomes/records/compleasm/rickettsiales_odb12/hmmer_output/118at766.out --cpu 1 /Users/rossoaa/Desktop/dummy/genomes/records/compleasm/mb_downloads/rickettsiales_odb12/hmms/118at766.hmm - 
# Current dir:     /Users/rossoaa/Desktop/dummy/genomes/records/compleasm
# Date:            Tue Feb 10 10:20:23 2026
# [ok]
