#                                                                                                         --- full sequence --- -------------- this domain -------------   hmm coord   ali coord   env coord
# target name                                     accession   tlen query name           accession   qlen   E-value  score  bias   #  of  c-Evalue  i-Evalue  score  bias  from    to  from    to  from    to  acc description of target
#                             ------------------- ---------- ----- -------------------- ---------- ----- --------- ------ ----- --- --- --------- --------- ------ ----- ----- ----- ----- ----- ----- ----- ---- ---------------------
11at766_1105107_0:000147|OZ308468.1:148832-149618 -            262 11                   -            261    1e-156  510.7   3.8   1   1  1.1e-156  1.1e-156  510.6   3.8     1   260     1   261     1   262 0.99 -
11at766_1248439_0:000388|OZ308468.1:148832-149618 -            262 11                   -            261    1e-156  510.7   3.8   1   1  1.1e-156  1.1e-156  510.6   3.8     1   260     1   261     1   262 0.99 -
11at766_1286528_0:00024a|OZ308468.1:148832-149615 -            262 11                   -            261    1e-156  510.7   3.8   1   1  1.1e-156  1.1e-156  510.6   3.8     1   260     1   261     1   262 0.99 -
11at766_1359168_0:0002f8|OZ308468.1:148832-149618 -            262 11                   -            261    1e-156  510.7   3.8   1   1  1.1e-156  1.1e-156  510.6   3.8     1   260     1   261     1   262 0.99 -
11at766_142058_0:000018|OZ308468.1:148832-149618  -            262 11                   -            261    1e-156  510.7   3.8   1   1  1.1e-156  1.1e-156  510.6   3.8     1   260     1   261     1   262 0.99 -
11at766_1528098_0:0000aa|OZ308468.1:148832-149618 -            262 11                   -            261    1e-156  510.7   3.8   1   1  1.1e-156  1.1e-156  510.6   3.8     1   260     1   261     1   262 0.99 -
11at766_1605993_0:000224|OZ308468.1:148832-149618 -            262 11                   -            261    1e-156  510.7   3.8   1   1  1.1e-156  1.1e-156  510.6   3.8     1   260     1   261     1   262 0.99 -
11at766_169402_0:00057d|OZ308468.1:148832-149618  -            262 11                   -            261    1e-156  510.7   3.8   1   1  1.1e-156  1.1e-156  510.6   3.8     1   260     1   261     1   262 0.99 -
11at766_1961830_0:0002da|OZ308468.1:148832-149618 -            262 11                   -            261    1e-156  510.7   3.8   1   1  1.1e-156  1.1e-156  510.6   3.8     1   260     1   261     1   262 0.99 -
11at766_2115978_0:0003d2|OZ308468.1:148832-149618 -            262 11                   -            261    1e-156  510.7   3.8   1   1  1.1e-156  1.1e-156  510.6   3.8     1   260     1   261     1   262 0.99 -
11at766_246273_0:00015d|OZ308468.1:148832-149618  -            262 11                   -            261    1e-156  510.7   3.8   1   1  1.1e-156  1.1e-156  510.6   3.8     1   260     1   261     1   262 0.99 -
11at766_2486578_0:000178|OZ308468.1:148832-149618 -            262 11                   -            261    1e-156  510.7   3.8   1   1  1.1e-156  1.1e-156  510.6   3.8     1   260     1   261     1   262 0.99 -
11at766_272947_0:000271|OZ308468.1:148832-149618  -            262 11                   -            261    1e-156  510.7   3.8   1   1  1.1e-156  1.1e-156  510.6   3.8     1   260     1   261     1   262 0.99 -
11at766_334380_0:00023c|OZ308468.1:148832-149618  -            262 11                   -            261    1e-156  510.7   3.8   1   1  1.1e-156  1.1e-156  510.6   3.8     1   260     1   261     1   262 0.99 -
11at766_336407_0:0003cb|OZ308468.1:148832-149618  -            262 11                   -            261    1e-156  510.7   3.8   1   1  1.1e-156  1.1e-156  510.6   3.8     1   260     1   261     1   262 0.99 -
11at766_481009_0:00016d|OZ308468.1:148832-149618  -            262 11                   -            261    1e-156  510.7   3.8   1   1  1.1e-156  1.1e-156  510.6   3.8     1   260     1   261     1   262 0.99 -
11at766_752179_0:00015e|OZ308468.1:148832-149618  -            262 11                   -            261    1e-156  510.7   3.8   1   1  1.1e-156  1.1e-156  510.6   3.8     1   260     1   261     1   262 0.99 -
11at766_96496_0:00026e|OZ308468.1:148832-149618   -            262 11                   -            261    1e-156  510.7   3.8   1   1  1.1e-156  1.1e-156  510.6   3.8     1   260     1   261     1   262 0.99 -
11at766_2602574_0:000480|OZ308468.1:148832-149612 -            261 11                   -            261  1.5e-156  510.2   3.8   1   1  1.7e-156  1.7e-156  510.0   3.8     1   259     1   260     1   261 0.99 -
11at766_1242993_0:0001b1|OZ308468.1:148832-149609 -            260 11                   -            261  3.2e-156  509.1   4.3   1   1  3.6e-156  3.6e-156  508.9   4.3     1   258     1   259     1   260 0.99 -
11at766_1359163_0:000215|OZ308468.1:148832-149609 -            260 11                   -            261  3.2e-156  509.1   4.3   1   1  3.6e-156  3.6e-156  508.9   4.3     1   258     1   259     1   260 0.99 -
11at766_1423892_0:0002ac|OZ308468.1:148832-149609 -            260 11                   -            261  3.2e-156  509.1   4.3   1   1  3.6e-156  3.6e-156  508.9   4.3     1   258     1   259     1   260 0.99 -
11at766_205920_0:0001cc|OZ308468.1:148832-149609  -            260 11                   -            261  3.2e-156  509.1   4.3   1   1  3.6e-156  3.6e-156  508.9   4.3     1   258     1   259     1   260 0.99 -
11at766_222891_0:000079|OZ308468.1:148832-149609  -            260 11                   -            261  3.2e-156  509.1   4.3   1   1  3.6e-156  3.6e-156  508.9   4.3     1   258     1   259     1   260 0.99 -
11at766_779_0:000272|OZ308468.1:148832-149609     -            260 11                   -            261  3.2e-156  509.1   4.3   1   1  3.6e-156  3.6e-156  508.9   4.3     1   258     1   259     1   260 0.99 -
11at766_1392507_0:000191|OZ308468.1:148832-149606 -            259 11                   -            261    6e-156  508.2   4.4   1   1  6.7e-156  6.7e-156  508.0   4.4     1   258     1   259     1   259 0.99 -
11at766_955_0:0002d8|OZ308468.1:148832-149606     -            259 11                   -            261    6e-156  508.2   4.4   1   1  6.7e-156  6.7e-156  508.0   4.4     1   258     1   259     1   259 0.99 -
11at766_1714371_0:00005e|OZ308468.1:148832-149603 -            258 11                   -            261  1.7e-155  506.7   4.4   1   1  1.9e-155  1.9e-155  506.6   4.4     1   257     1   258     1   258 0.99 -
11at766_434131_0:00028c|OZ308468.1:148832-149603  -            258 11                   -            261  1.7e-155  506.7   4.4   1   1  1.9e-155  1.9e-155  506.6   4.4     1   257     1   258     1   258 0.99 -
11at766_86105_0:0003f4|OZ308468.1:148853-149615   -            255 11                   -            261  1.6e-153  500.2   4.8   1   1  1.8e-153  1.8e-153  500.1   4.8     8   260     1   254     1   255 0.98 -
11at766_696127_0:00035d|OZ308468.1:148871-149615  -            249 11                   -            261  1.3e-152  497.3   4.2   1   1  1.4e-152  1.4e-152  497.1   4.2    13   260     1   248     1   249 0.99 -
11at766_1274402_0:000077|OZ308468.1:148871-149594 -            242 11                   -            261  6.6e-150  488.4   5.0   1   1  7.3e-150  7.3e-150  488.2   5.0    13   253     1   241     1   242 0.99 -
#
# Program:         hmmsearch
# Version:         3.4 (Aug 2023)
# Pipeline mode:   SEARCH
# Query file:      /Users/rossoaa/Desktop/dummy/genomes/records/compleasm/mb_downloads/rickettsiales_odb12/hmms/11at766.hmm
# Target file:     -
# Option settings: /Users/rossoaa/miniconda3/envs/compleasm_env/bin/hmmsearch --domtblout /Users/rossoaa/Desktop/dummy/genomes/records/compleasm/rickettsiales_odb12/hmmer_output/11at766.out --cpu 1 /Users/rossoaa/Desktop/dummy/genomes/records/compleasm/mb_downloads/rickettsiales_odb12/hmms/11at766.hmm - 
# Current dir:     /Users/rossoaa/Desktop/dummy/genomes/records/compleasm
# Date:            Tue Feb 10 10:20:24 2026
# [ok]
