#                                                                                                           --- full sequence --- -------------- this domain -------------   hmm coord   ali coord   env coord
# target name                                       accession   tlen query name           accession   qlen   E-value  score  bias   #  of  c-Evalue  i-Evalue  score  bias  from    to  from    to  from    to  acc description of target
#                               ------------------- ---------- ----- -------------------- ---------- ----- --------- ------ ----- --- --- --------- --------- ------ ----- ----- ----- ----- ----- ----- ----- ---- ---------------------
1218at766_1105107_0:000013|OZ308468.1:398484-398754 -             90 1218                 -             89     9e-46  144.7   2.4   1   1     1e-45     1e-45  144.5   2.4     1    89     1    90     1    90 0.98 -
1218at766_1242993_0:00039e|OZ308468.1:398484-398751 -             90 1218                 -             89     9e-46  144.7   2.4   1   1     1e-45     1e-45  144.5   2.4     1    89     1    90     1    90 0.98 -
1218at766_1248439_0:00011b|OZ308468.1:398484-398751 -             90 1218                 -             89     9e-46  144.7   2.4   1   1     1e-45     1e-45  144.5   2.4     1    89     1    90     1    90 0.98 -
1218at766_1359163_0:000300|OZ308468.1:398484-398751 -             90 1218                 -             89     9e-46  144.7   2.4   1   1     1e-45     1e-45  144.5   2.4     1    89     1    90     1    90 0.98 -
1218at766_1359168_0:0001c9|OZ308468.1:398484-398754 -             90 1218                 -             89     9e-46  144.7   2.4   1   1     1e-45     1e-45  144.5   2.4     1    89     1    90     1    90 0.98 -
1218at766_1392507_0:000063|OZ308468.1:398484-398751 -             90 1218                 -             89     9e-46  144.7   2.4   1   1     1e-45     1e-45  144.5   2.4     1    89     1    90     1    90 0.98 -
1218at766_142058_0:00018c|OZ308468.1:398484-398751  -             90 1218                 -             89     9e-46  144.7   2.4   1   1     1e-45     1e-45  144.5   2.4     1    89     1    90     1    90 0.98 -
1218at766_1423892_0:00029e|OZ308468.1:398484-398751 -             90 1218                 -             89     9e-46  144.7   2.4   1   1     1e-45     1e-45  144.5   2.4     1    89     1    90     1    90 0.98 -
1218at766_1528098_0:00061b|OZ308468.1:398484-398754 -             90 1218                 -             89     9e-46  144.7   2.4   1   1     1e-45     1e-45  144.5   2.4     1    89     1    90     1    90 0.98 -
1218at766_1605993_0:0000f3|OZ308468.1:398484-398754 -             90 1218                 -             89     9e-46  144.7   2.4   1   1     1e-45     1e-45  144.5   2.4     1    89     1    90     1    90 0.98 -
1218at766_169402_0:0002cb|OZ308468.1:398484-398754  -             90 1218                 -             89     9e-46  144.7   2.4   1   1     1e-45     1e-45  144.5   2.4     1    89     1    90     1    90 0.98 -
1218at766_1961830_0:0001ef|OZ308468.1:398484-398754 -             90 1218                 -             89     9e-46  144.7   2.4   1   1     1e-45     1e-45  144.5   2.4     1    89     1    90     1    90 0.98 -
1218at766_205920_0:00035e|OZ308468.1:398484-398751  -             90 1218                 -             89     9e-46  144.7   2.4   1   1     1e-45     1e-45  144.5   2.4     1    89     1    90     1    90 0.98 -
1218at766_246273_0:00008f|OZ308468.1:398484-398754  -             90 1218                 -             89     9e-46  144.7   2.4   1   1     1e-45     1e-45  144.5   2.4     1    89     1    90     1    90 0.98 -
1218at766_272947_0:00030b|OZ308468.1:398484-398754  -             90 1218                 -             89     9e-46  144.7   2.4   1   1     1e-45     1e-45  144.5   2.4     1    89     1    90     1    90 0.98 -
1218at766_334380_0:000102|OZ308468.1:398484-398754  -             90 1218                 -             89     9e-46  144.7   2.4   1   1     1e-45     1e-45  144.5   2.4     1    89     1    90     1    90 0.98 -
1218at766_336407_0:000238|OZ308468.1:398484-398754  -             90 1218                 -             89     9e-46  144.7   2.4   1   1     1e-45     1e-45  144.5   2.4     1    89     1    90     1    90 0.98 -
1218at766_391036_0:000105|OZ308468.1:398484-398751  -             90 1218                 -             89     9e-46  144.7   2.4   1   1     1e-45     1e-45  144.5   2.4     1    89     1    90     1    90 0.98 -
1218at766_481009_0:00035d|OZ308468.1:398484-398754  -             90 1218                 -             89     9e-46  144.7   2.4   1   1     1e-45     1e-45  144.5   2.4     1    89     1    90     1    90 0.98 -
1218at766_574556_0:000108|OZ308468.1:398484-398751  -             90 1218                 -             89     9e-46  144.7   2.4   1   1     1e-45     1e-45  144.5   2.4     1    89     1    90     1    90 0.98 -
1218at766_752179_0:00039e|OZ308468.1:398484-398754  -             90 1218                 -             89     9e-46  144.7   2.4   1   1     1e-45     1e-45  144.5   2.4     1    89     1    90     1    90 0.98 -
1218at766_779_0:000136|OZ308468.1:398484-398751     -             90 1218                 -             89     9e-46  144.7   2.4   1   1     1e-45     1e-45  144.5   2.4     1    89     1    90     1    90 0.98 -
1218at766_86105_0:00012f|OZ308468.1:398484-398754   -             90 1218                 -             89     9e-46  144.7   2.4   1   1     1e-45     1e-45  144.5   2.4     1    89     1    90     1    90 0.98 -
1218at766_955_0:0001ae|OZ308468.1:398484-398754     -             90 1218                 -             89     9e-46  144.7   2.4   1   1     1e-45     1e-45  144.5   2.4     1    89     1    90     1    90 0.98 -
1218at766_96496_0:0002c5|OZ308468.1:398484-398754   -             90 1218                 -             89     9e-46  144.7   2.4   1   1     1e-45     1e-45  144.5   2.4     1    89     1    90     1    90 0.98 -
#
# Program:         hmmsearch
# Version:         3.4 (Aug 2023)
# Pipeline mode:   SEARCH
# Query file:      /Users/rossoaa/Desktop/dummy/genomes/records/compleasm/mb_downloads/rickettsiales_odb12/hmms/1218at766.hmm
# Target file:     -
# Option settings: /Users/rossoaa/miniconda3/envs/compleasm_env/bin/hmmsearch --domtblout /Users/rossoaa/Desktop/dummy/genomes/records/compleasm/rickettsiales_odb12/hmmer_output/1218at766.out --cpu 1 /Users/rossoaa/Desktop/dummy/genomes/records/compleasm/mb_downloads/rickettsiales_odb12/hmms/1218at766.hmm - 
# Current dir:     /Users/rossoaa/Desktop/dummy/genomes/records/compleasm
# Date:            Tue Feb 10 10:20:23 2026
# [ok]
