#                                                                                                           --- full sequence --- -------------- this domain -------------   hmm coord   ali coord   env coord
# target name                                       accession   tlen query name           accession   qlen   E-value  score  bias   #  of  c-Evalue  i-Evalue  score  bias  from    to  from    to  from    to  acc description of target
#                               ------------------- ---------- ----- -------------------- ---------- ----- --------- ------ ----- --- --- --------- --------- ------ ----- ----- ----- ----- ----- ----- ----- ---- ---------------------
1251at766_86105_0:0002ed|OZ308468.1:435776-437108   -            445 1251                 -            416    5e-151  493.5  56.4   1   1  6.1e-151  6.1e-151  493.2  56.4     1   414     1   442     1   444 0.89 -
1251at766_1528098_0:000163|OZ308468.1:435764-437108 -            449 1251                 -            416  5.1e-151  493.5  56.4   1   1  6.3e-151  6.3e-151  493.2  56.4     1   414     1   442     1   444 0.89 -
1251at766_752179_0:000212|OZ308468.1:435779-437108  -            444 1251                 -            416  5.1e-151  493.5  56.4   1   1    6e-151    6e-151  493.2  56.4     1   414     1   442     1   444 0.89 -
1251at766_779_0:00029b|OZ308468.1:435773-437120     -            450 1251                 -            416  5.1e-151  493.4  56.4   1   1  6.4e-151  6.4e-151  493.1  56.4     1   414     5   446     5   448 0.89 -
1251at766_696127_0:0001c7|OZ308468.1:435746-437108  -            455 1251                 -            416  5.4e-151  493.4  56.4   1   1  6.7e-151  6.7e-151  493.1  56.4     1   414     1   442     1   444 0.89 -
1251at766_574556_0:0001d2|OZ308468.1:435749-437114  -            456 1251                 -            416  5.4e-151  493.4  56.4   1   1  6.7e-151  6.7e-151  493.1  56.4     1   414     3   444     3   446 0.89 -
1251at766_1359163_0:000039|OZ308468.1:435752-437120 -            457 1251                 -            416  5.4e-151  493.4  56.4   1   1  6.8e-151  6.8e-151  493.1  56.4     1   414     5   446     5   448 0.89 -
1251at766_1423892_0:00030c|OZ308468.1:435752-437120 -            457 1251                 -            416  5.4e-151  493.4  56.4   1   1  6.8e-151  6.8e-151  493.1  56.4     1   414     5   446     5   448 0.89 -
1251at766_391036_0:000135|OZ308468.1:435752-437120  -            457 1251                 -            416  5.4e-151  493.4  56.4   1   1  6.8e-151  6.8e-151  493.1  56.4     1   414     5   446     5   448 0.89 -
1251at766_1605993_0:0002d0|OZ308468.1:435752-437123 -            458 1251                 -            416  5.5e-151  493.4  56.4   1   1  6.8e-151  6.8e-151  493.0  56.4     1   414     6   447     6   449 0.89 -
1251at766_169402_0:000055|OZ308468.1:435752-437123  -            458 1251                 -            416  5.5e-151  493.4  56.4   1   1  6.8e-151  6.8e-151  493.0  56.4     1   414     6   447     6   449 0.89 -
1251at766_246273_0:00020f|OZ308468.1:435746-437123  -            460 1251                 -            416  5.6e-151  493.3  56.4   1   1  6.9e-151  6.9e-151  493.0  56.4     1   414     6   447     6   449 0.89 -
1251at766_96496_0:0002e7|OZ308468.1:435746-437123   -            460 1251                 -            416  5.6e-151  493.3  56.4   1   1  6.9e-151  6.9e-151  493.0  56.4     1   414     6   447     6   449 0.89 -
1251at766_1242993_0:0002e8|OZ308468.1:435752-437129 -            460 1251                 -            416  5.6e-151  493.3  56.4   1   1  6.9e-151  6.9e-151  493.0  56.4     1   414     8   449     8   451 0.89 -
1251at766_142058_0:00007f|OZ308468.1:435749-437129  -            461 1251                 -            416  5.6e-151  493.3  56.4   1   1    7e-151    7e-151  493.0  56.4     1   414     8   449     8   451 0.89 -
1251at766_955_0:00023b|OZ308468.1:435785-437123     -            447 1251                 -            416  6.3e-151  493.1  55.7   1   1  7.5e-151  7.5e-151  492.9  55.7     1   413     6   446     6   447 0.89 -
1251at766_2486578_0:000184|OZ308468.1:435752-437102 -            451 1251                 -            416  2.9e-150  491.0  55.2   1   1  3.5e-150  3.5e-150  490.7  55.2     3   414     1   440     1   442 0.89 -
1251at766_1248439_0:0002c7|OZ308468.1:435863-437129 -            423 1251                 -            416  6.2e-149  486.6  51.3   1   1  7.4e-149  7.4e-149  486.3  51.3     1   390     8   422     8   423 0.90 -
#
# Program:         hmmsearch
# Version:         3.4 (Aug 2023)
# Pipeline mode:   SEARCH
# Query file:      /Users/rossoaa/Desktop/dummy/genomes/records/compleasm/mb_downloads/rickettsiales_odb12/hmms/1251at766.hmm
# Target file:     -
# Option settings: /Users/rossoaa/miniconda3/envs/compleasm_env/bin/hmmsearch --domtblout /Users/rossoaa/Desktop/dummy/genomes/records/compleasm/rickettsiales_odb12/hmmer_output/1251at766.out --cpu 1 /Users/rossoaa/Desktop/dummy/genomes/records/compleasm/mb_downloads/rickettsiales_odb12/hmms/1251at766.hmm - 
# Current dir:     /Users/rossoaa/Desktop/dummy/genomes/records/compleasm
# Date:            Tue Feb 10 10:20:24 2026
# [ok]
