#                                                                                                           --- full sequence --- -------------- this domain -------------   hmm coord   ali coord   env coord
# target name                                       accession   tlen query name           accession   qlen   E-value  score  bias   #  of  c-Evalue  i-Evalue  score  bias  from    to  from    to  from    to  acc description of target
#                               ------------------- ---------- ----- -------------------- ---------- ----- --------- ------ ----- --- --- --------- --------- ------ ----- ----- ----- ----- ----- ----- ----- ---- ---------------------
1310at766_955_0:0000ae|OZ308468.1:574947-575718     -            257 1310                 -            256  4.4e-117  381.2  23.2   1   1  4.9e-117  4.9e-117  381.0  23.2     2   255     3   256     2   257 0.99 -
1310at766_1605993_0:000149|OZ308468.1:574938-575718 -            260 1310                 -            256  4.5e-117  381.2  23.2   1   1  5.1e-117  5.1e-117  381.0  23.2     2   255     6   259     5   260 0.99 -
1310at766_169402_0:000588|OZ308468.1:574938-575718  -            260 1310                 -            256  4.5e-117  381.2  23.2   1   1  5.1e-117  5.1e-117  381.0  23.2     2   255     6   259     5   260 0.99 -
1310at766_246273_0:00038a|OZ308468.1:574938-575718  -            260 1310                 -            256  4.5e-117  381.2  23.2   1   1  5.1e-117  5.1e-117  381.0  23.2     2   255     6   259     5   260 0.99 -
1310at766_96496_0:0002f5|OZ308468.1:574938-575718   -            260 1310                 -            256  4.5e-117  381.2  23.2   1   1  5.1e-117  5.1e-117  381.0  23.2     2   255     6   259     5   260 0.99 -
1310at766_2115978_0:000049|OZ308468.1:574947-575712 -            256 1310                 -            256  5.8e-117  380.8  23.1   1   1  6.5e-117  6.5e-117  380.6  23.1     2   254     3   255     2   256 0.99 -
1310at766_752179_0:0000ce|OZ308468.1:574932-575712  -            261 1310                 -            256  6.2e-117  380.7  23.1   1   1  7.1e-117  7.1e-117  380.5  23.1     2   254     8   260     7   261 0.99 -
1310at766_1105107_0:000051|OZ308468.1:574947-575706 -            254 1310                 -            256  1.6e-116  379.4  22.7   1   1  1.7e-116  1.7e-116  379.2  22.7     2   252     3   253     2   254 0.99 -
1310at766_1961830_0:000270|OZ308468.1:574947-575706 -            254 1310                 -            256  1.6e-116  379.4  22.7   1   1  1.7e-116  1.7e-116  379.2  22.7     2   252     3   253     2   254 0.99 -
1310at766_272947_0:000144|OZ308468.1:574947-575706  -            254 1310                 -            256  1.6e-116  379.4  22.7   1   1  1.7e-116  1.7e-116  379.2  22.7     2   252     3   253     2   254 0.99 -
1310at766_336407_0:000067|OZ308468.1:574947-575706  -            254 1310                 -            256  1.6e-116  379.4  22.7   1   1  1.7e-116  1.7e-116  379.2  22.7     2   252     3   253     2   254 0.99 -
1310at766_481009_0:0002a5|OZ308468.1:574941-575706  -            256 1310                 -            256  1.6e-116  379.4  22.7   1   1  1.8e-116  1.8e-116  379.2  22.7     2   252     5   255     4   256 0.99 -
1310at766_1423892_0:0002e4|OZ308468.1:574962-575718 -            252 1310                 -            256  2.3e-116  378.8  23.7   1   1  2.6e-116  2.6e-116  378.7  23.7     6   255     2   251     1   252 0.99 -
1310at766_391036_0:000052|OZ308468.1:574962-575718  -            252 1310                 -            256  2.3e-116  378.8  23.7   1   1  2.6e-116  2.6e-116  378.7  23.7     6   255     2   251     1   252 0.99 -
1310at766_2486577_0:00005b|OZ308468.1:574953-575706 -            252 1310                 -            256  2.7e-116  378.6  23.0   1   1    3e-116    3e-116  378.5  23.0     4   252     3   251     1   252 0.99 -
1310at766_696127_0:00048e|OZ308468.1:574953-575706  -            252 1310                 -            256  2.7e-116  378.6  23.0   1   1    3e-116    3e-116  378.5  23.0     4   252     3   251     1   252 0.99 -
1310at766_86105_0:0002fe|OZ308468.1:574953-575706   -            252 1310                 -            256  2.7e-116  378.6  23.0   1   1    3e-116    3e-116  378.5  23.0     4   252     3   251     1   252 0.99 -
1310at766_2486578_0:000474|OZ308468.1:574962-575712 -            251 1310                 -            256  3.1e-116  378.4  23.6   1   1  3.4e-116  3.4e-116  378.3  23.6     6   254     2   250     1   251 0.99 -
1310at766_334380_0:0003e2|OZ308468.1:574959-575706  -            250 1310                 -            256  5.5e-116  377.6  23.2   1   1  6.1e-116  6.1e-116  377.4  23.2     5   252     2   249     1   250 0.99 -
1310at766_2602574_0:00040f|OZ308468.1:574962-575706 -            249 1310                 -            256  8.2e-116  377.0  23.2   1   1  9.1e-116  9.1e-116  376.9  23.2     6   252     2   248     1   249 0.99 -
1310at766_1242993_0:0001f5|OZ308468.1:574971-575718 -            249 1310                 -            256  9.2e-116  376.9  23.2   1   1    1e-115    1e-115  376.7  23.2     8   255     1   248     1   249 0.99 -
1310at766_1248439_0:0001d2|OZ308468.1:574971-575718 -            249 1310                 -            256  9.2e-116  376.9  23.2   1   1    1e-115    1e-115  376.7  23.2     8   255     1   248     1   249 0.99 -
1310at766_1392507_0:0003d5|OZ308468.1:574971-575718 -            249 1310                 -            256  9.2e-116  376.9  23.2   1   1    1e-115    1e-115  376.7  23.2     8   255     1   248     1   249 0.99 -
1310at766_142058_0:00029f|OZ308468.1:574971-575718  -            249 1310                 -            256  9.2e-116  376.9  23.2   1   1    1e-115    1e-115  376.7  23.2     8   255     1   248     1   249 0.99 -
1310at766_205920_0:000294|OZ308468.1:574971-575718  -            249 1310                 -            256  9.2e-116  376.9  23.2   1   1    1e-115    1e-115  376.7  23.2     8   255     1   248     1   249 0.99 -
1310at766_574556_0:0000e6|OZ308468.1:574971-575718  -            249 1310                 -            256  9.2e-116  376.9  23.2   1   1    1e-115    1e-115  376.7  23.2     8   255     1   248     1   249 0.99 -
1310at766_779_0:0001c2|OZ308468.1:574971-575718     -            249 1310                 -            256  9.2e-116  376.9  23.2   1   1    1e-115    1e-115  376.7  23.2     8   255     1   248     1   249 0.99 -
1310at766_1528098_0:000492|OZ308468.1:574971-575706 -            246 1310                 -            256  3.3e-115  375.0  22.7   1   1  3.7e-115  3.7e-115  374.9  22.7     8   252     1   245     1   246 1.00 -
1310at766_1359163_0:000046|OZ308468.1:574998-575718 -            240 1310                 -            256  5.7e-113  367.7  22.6   1   1  6.3e-113  6.3e-113  367.6  22.6    18   255     2   239     1   240 0.99 -
1310at766_1274402_0:00031b|OZ308468.1:574995-575706 -            238 1310                 -            256  1.5e-112  366.4  22.3   1   1  1.6e-112  1.6e-112  366.2  22.3    17   252     2   237     1   238 0.99 -
1310at766_1359168_0:000001|OZ308468.1:575022-575706 -            229 1310                 -            256  1.3e-110  360.0  21.8   1   1  1.4e-110  1.4e-110  359.9  21.8    25   252     1   228     1   229 1.00 -
1310at766_1714371_0:000069|OZ308468.1:575064-575709 -            216 1310                 -            256  3.1e-105  342.4  22.3   1   1  3.4e-105  3.4e-105  342.2  22.3    39   254     1   216     1   216 0.99 -
1310at766_222891_0:000048|OZ308468.1:575064-575709  -            216 1310                 -            256  3.1e-105  342.4  22.3   1   1  3.4e-105  3.4e-105  342.2  22.3    39   254     1   216     1   216 0.99 -
1310at766_434131_0:0002e5|OZ308468.1:575064-575709  -            216 1310                 -            256  3.1e-105  342.4  22.3   1   1  3.4e-105  3.4e-105  342.2  22.3    39   254     1   216     1   216 0.99 -
#
# Program:         hmmsearch
# Version:         3.4 (Aug 2023)
# Pipeline mode:   SEARCH
# Query file:      /Users/rossoaa/Desktop/dummy/genomes/records/compleasm/mb_downloads/rickettsiales_odb12/hmms/1310at766.hmm
# Target file:     -
# Option settings: /Users/rossoaa/miniconda3/envs/compleasm_env/bin/hmmsearch --domtblout /Users/rossoaa/Desktop/dummy/genomes/records/compleasm/rickettsiales_odb12/hmmer_output/1310at766.out --cpu 1 /Users/rossoaa/Desktop/dummy/genomes/records/compleasm/mb_downloads/rickettsiales_odb12/hmms/1310at766.hmm - 
# Current dir:     /Users/rossoaa/Desktop/dummy/genomes/records/compleasm
# Date:            Tue Feb 10 10:20:23 2026
# [ok]
