#                                                                                                          --- full sequence --- -------------- this domain -------------   hmm coord   ali coord   env coord
# target name                                      accession   tlen query name           accession   qlen   E-value  score  bias   #  of  c-Evalue  i-Evalue  score  bias  from    to  from    to  from    to  acc description of target
#                              ------------------- ---------- ----- -------------------- ---------- ----- --------- ------ ----- --- --- --------- --------- ------ ----- ----- ----- ----- ----- ----- ----- ---- ---------------------
132at766_1359163_0:00007f|OZ308468.1:538813-540133 -            441 132                  -            431  9.6e-189  618.3   1.8   1   1  1.1e-188  1.1e-188  618.1   1.8     1   431     1   441     1   441 0.95 -
132at766_1392507_0:000020|OZ308468.1:538813-540133 -            441 132                  -            431  9.6e-189  618.3   1.8   1   1  1.1e-188  1.1e-188  618.1   1.8     1   431     1   441     1   441 0.95 -
132at766_1605993_0:0002ad|OZ308468.1:538810-540133 -            441 132                  -            431  9.6e-189  618.3   1.8   1   1  1.1e-188  1.1e-188  618.1   1.8     1   431     1   441     1   441 0.95 -
132at766_169402_0:0004aa|OZ308468.1:538810-540133  -            441 132                  -            431  9.6e-189  618.3   1.8   1   1  1.1e-188  1.1e-188  618.1   1.8     1   431     1   441     1   441 0.95 -
132at766_246273_0:000015|OZ308468.1:538810-540133  -            441 132                  -            431  9.6e-189  618.3   1.8   1   1  1.1e-188  1.1e-188  618.1   1.8     1   431     1   441     1   441 0.95 -
132at766_96496_0:000009|OZ308468.1:538810-540133   -            441 132                  -            431  9.6e-189  618.3   1.8   1   1  1.1e-188  1.1e-188  618.1   1.8     1   431     1   441     1   441 0.95 -
132at766_1242993_0:0002da|OZ308468.1:538816-540133 -            440 132                  -            431  1.7e-188  617.4   1.6   1   1  1.9e-188  1.9e-188  617.3   1.6     1   430     1   440     1   440 0.95 -
132at766_1248439_0:000090|OZ308468.1:538816-540133 -            440 132                  -            431  1.7e-188  617.4   1.6   1   1  1.9e-188  1.9e-188  617.3   1.6     1   430     1   440     1   440 0.95 -
132at766_142058_0:000248|OZ308468.1:538816-540133  -            440 132                  -            431  1.7e-188  617.4   1.6   1   1  1.9e-188  1.9e-188  617.3   1.6     1   430     1   440     1   440 0.95 -
132at766_1423892_0:000124|OZ308468.1:538816-540133 -            440 132                  -            431  1.7e-188  617.4   1.6   1   1  1.9e-188  1.9e-188  617.3   1.6     1   430     1   440     1   440 0.95 -
132at766_205920_0:000012|OZ308468.1:538816-540133  -            440 132                  -            431  1.7e-188  617.4   1.6   1   1  1.9e-188  1.9e-188  617.3   1.6     1   430     1   440     1   440 0.95 -
132at766_391036_0:000073|OZ308468.1:538816-540133  -            440 132                  -            431  1.7e-188  617.4   1.6   1   1  1.9e-188  1.9e-188  617.3   1.6     1   430     1   440     1   440 0.95 -
132at766_779_0:00010e|OZ308468.1:538816-540133     -            440 132                  -            431  1.7e-188  617.4   1.6   1   1  1.9e-188  1.9e-188  617.3   1.6     1   430     1   440     1   440 0.95 -
132at766_2115978_0:000247|OZ308468.1:538810-540130 -            440 132                  -            431  2.6e-188  616.8   1.7   1   1  2.9e-188  2.9e-188  616.7   1.7     3   431     2   440     1   440 0.95 -
132at766_955_0:0002c5|OZ308468.1:538810-540130     -            440 132                  -            431  2.6e-188  616.8   1.7   1   1  2.9e-188  2.9e-188  616.7   1.7     3   431     2   440     1   440 0.95 -
132at766_2602574_0:0000ec|OZ308468.1:538813-540127 -            439 132                  -            431    5e-188  615.9   1.8   1   1  5.6e-188  5.6e-188  615.7   1.8     3   431     1   439     1   439 0.95 -
132at766_1802984_0:00019d|OZ308468.1:538816-540127 -            438 132                  -            431  8.8e-188  615.1   1.5   1   1  9.8e-188  9.8e-188  614.9   1.5     3   430     1   438     1   438 0.95 -
132at766_1359168_0:0001ac|OZ308468.1:538810-540124 -            438 132                  -            431  1.3e-187  614.5   1.5   1   1  1.5e-187  1.5e-187  614.3   1.5     4   431     1   438     1   438 0.95 -
132at766_334380_0:000222|OZ308468.1:538813-540124  -            438 132                  -            431  1.3e-187  614.5   1.5   1   1  1.5e-187  1.5e-187  614.3   1.5     4   431     1   438     1   438 0.95 -
132at766_752179_0:000203|OZ308468.1:538813-540124  -            438 132                  -            431  1.3e-187  614.5   1.5   1   1  1.5e-187  1.5e-187  614.3   1.5     4   431     1   438     1   438 0.95 -
132at766_2486578_0:000029|OZ308468.1:538954-540130 -            393 132                  -            431    2e-163  534.8   2.4   1   1  2.2e-163  2.2e-163  534.7   2.4     3   384     2   393     1   393 0.94 -
132at766_86105_0:0000b7|OZ308468.1:538816-539821   -            336 132                  -            431  1.9e-142  465.7   0.8   1   1  2.2e-142  2.2e-142  465.5   0.8   103   430     1   336     1   336 0.95 -
132at766_1961830_0:0001eb|OZ308468.1:538810-539812 -            334 132                  -            431  1.8e-141  462.5   0.8   1   1    2e-141    2e-141  462.3   0.8   106   431     1   334     1   334 0.95 -
132at766_1528098_0:00026f|OZ308468.1:538813-539809 -            333 132                  -            431  3.4e-141  461.6   0.6   1   1  3.8e-141  3.8e-141  461.4   0.6   107   431     1   333     1   333 0.95 -
132at766_2486577_0:0000d6|OZ308468.1:539236-540133 -            300 132                  -            431  8.2e-131  427.4   1.2   1   1  9.2e-131  9.2e-131  427.2   1.2     1   292     1   299     1   300 0.94 -
132at766_2486577_0:0000d6|OZ308468.1:538810-539623 -            271 132                  -            431  3.6e-121  395.6   1.8   1   1    4e-121    4e-121  395.4   1.8   166   431     3   271     1   271 0.97 -
#
# Program:         hmmsearch
# Version:         3.4 (Aug 2023)
# Pipeline mode:   SEARCH
# Query file:      /Users/rossoaa/Desktop/dummy/genomes/records/compleasm/mb_downloads/rickettsiales_odb12/hmms/132at766.hmm
# Target file:     -
# Option settings: /Users/rossoaa/miniconda3/envs/compleasm_env/bin/hmmsearch --domtblout /Users/rossoaa/Desktop/dummy/genomes/records/compleasm/rickettsiales_odb12/hmmer_output/132at766.out --cpu 1 /Users/rossoaa/Desktop/dummy/genomes/records/compleasm/mb_downloads/rickettsiales_odb12/hmms/132at766.hmm - 
# Current dir:     /Users/rossoaa/Desktop/dummy/genomes/records/compleasm
# Date:            Tue Feb 10 10:20:21 2026
# [ok]
