#                                                                                                          --- full sequence --- -------------- this domain -------------   hmm coord   ali coord   env coord
# target name                                      accession   tlen query name           accession   qlen   E-value  score  bias   #  of  c-Evalue  i-Evalue  score  bias  from    to  from    to  from    to  acc description of target
#                              ------------------- ---------- ----- -------------------- ---------- ----- --------- ------ ----- --- --- --------- --------- ------ ----- ----- ----- ----- ----- ----- ----- ---- ---------------------
133at766_1248439_0:000066|OZ308468.1:103329-104226 -            299 133                  -            295  4.8e-133  433.7   0.0   1   1  5.4e-133  5.4e-133  433.6   0.0     1   293     1   295     1   297 0.99 -
133at766_1359163_0:000290|OZ308468.1:103329-104226 -            299 133                  -            295  4.8e-133  433.7   0.0   1   1  5.4e-133  5.4e-133  433.6   0.0     1   293     1   295     1   297 0.99 -
133at766_1605993_0:0000b6|OZ308468.1:103329-104226 -            299 133                  -            295  4.8e-133  433.7   0.0   1   1  5.4e-133  5.4e-133  433.6   0.0     1   293     1   295     1   297 0.99 -
133at766_169402_0:000003|OZ308468.1:103329-104226  -            299 133                  -            295  4.8e-133  433.7   0.0   1   1  5.4e-133  5.4e-133  433.6   0.0     1   293     1   295     1   297 0.99 -
133at766_246273_0:0002df|OZ308468.1:103329-104226  -            299 133                  -            295  4.8e-133  433.7   0.0   1   1  5.4e-133  5.4e-133  433.6   0.0     1   293     1   295     1   297 0.99 -
133at766_2486577_0:00033e|OZ308468.1:103329-104223 -            299 133                  -            295  4.8e-133  433.7   0.0   1   1  5.4e-133  5.4e-133  433.6   0.0     1   293     1   295     1   297 0.99 -
133at766_96496_0:000294|OZ308468.1:103329-104226   -            299 133                  -            295  4.8e-133  433.7   0.0   1   1  5.4e-133  5.4e-133  433.6   0.0     1   293     1   295     1   297 0.99 -
133at766_142058_0:00010a|OZ308468.1:103329-104211  -            295 133                  -            295  8.3e-133  432.9   0.0   1   1  9.2e-133  9.2e-133  432.8   0.0     1   291     1   293     1   295 0.99 -
133at766_1423892_0:000282|OZ308468.1:103329-104211 -            295 133                  -            295  8.3e-133  432.9   0.0   1   1  9.2e-133  9.2e-133  432.8   0.0     1   291     1   293     1   295 0.99 -
133at766_205920_0:00022c|OZ308468.1:103329-104211  -            295 133                  -            295  8.3e-133  432.9   0.0   1   1  9.2e-133  9.2e-133  432.8   0.0     1   291     1   293     1   295 0.99 -
133at766_391036_0:000098|OZ308468.1:103329-104211  -            295 133                  -            295  8.3e-133  432.9   0.0   1   1  9.2e-133  9.2e-133  432.8   0.0     1   291     1   293     1   295 0.99 -
133at766_2486578_0:0000a3|OZ308468.1:103329-104208 -            294 133                  -            295  1.1e-132  432.5   0.0   1   1  1.2e-132  1.2e-132  432.4   0.0     1   290     1   292     1   294 0.99 -
133at766_434131_0:00026c|OZ308468.1:103329-104202  -            292 133                  -            295  1.8e-132  431.9   0.0   1   1    2e-132    2e-132  431.7   0.0     1   289     1   291     1   292 0.99 -
133at766_1242993_0:000099|OZ308468.1:103329-104193 -            289 133                  -            295  8.8e-132  429.6   0.0   1   1  9.8e-132  9.8e-132  429.4   0.0     1   287     1   289     1   289 0.99 -
133at766_1359168_0:000067|OZ308468.1:103329-104193 -            289 133                  -            295  8.8e-132  429.6   0.0   1   1  9.8e-132  9.8e-132  429.4   0.0     1   287     1   289     1   289 0.99 -
133at766_1528098_0:00041e|OZ308468.1:103329-104193 -            289 133                  -            295  8.8e-132  429.6   0.0   1   1  9.8e-132  9.8e-132  429.4   0.0     1   287     1   289     1   289 0.99 -
133at766_2602574_0:00009b|OZ308468.1:103329-104193 -            289 133                  -            295  8.8e-132  429.6   0.0   1   1  9.8e-132  9.8e-132  429.4   0.0     1   287     1   289     1   289 0.99 -
133at766_334380_0:000473|OZ308468.1:103329-104193  -            289 133                  -            295  8.8e-132  429.6   0.0   1   1  9.8e-132  9.8e-132  429.4   0.0     1   287     1   289     1   289 0.99 -
133at766_696127_0:0000e8|OZ308468.1:103329-104193  -            289 133                  -            295  8.8e-132  429.6   0.0   1   1  9.8e-132  9.8e-132  429.4   0.0     1   287     1   289     1   289 0.99 -
133at766_752179_0:0000d2|OZ308468.1:103329-104193  -            289 133                  -            295  8.8e-132  429.6   0.0   1   1  9.8e-132  9.8e-132  429.4   0.0     1   287     1   289     1   289 0.99 -
133at766_779_0:000127|OZ308468.1:103329-104193     -            289 133                  -            295  8.8e-132  429.6   0.0   1   1  9.8e-132  9.8e-132  429.4   0.0     1   287     1   289     1   289 0.99 -
133at766_86105_0:0006df|OZ308468.1:103329-104193   -            289 133                  -            295  8.8e-132  429.6   0.0   1   1  9.8e-132  9.8e-132  429.4   0.0     1   287     1   289     1   289 0.99 -
133at766_1274402_0:0003a8|OZ308468.1:103308-104193 -            296 133                  -            295  9.6e-132  429.5   0.0   1   1  1.1e-131  1.1e-131  429.3   0.0     1   287     8   296     8   296 0.99 -
133at766_1392507_0:0000cc|OZ308468.1:103329-104187 -            287 133                  -            295  1.1e-130  425.9   0.0   1   1  1.3e-130  1.3e-130  425.8   0.0     1   285     1   287     1   287 0.99 -
133at766_955_0:0001a1|OZ308468.1:103344-104226     -            294 133                  -            295  5.6e-129  420.4   0.0   1   1  6.3e-129  6.3e-129  420.2   0.0     6   293     1   290     1   292 0.99 -
133at766_1286528_0:00018b|OZ308468.1:103344-104214 -            291 133                  -            295  7.4e-129  420.0   0.0   1   1  8.2e-129  8.2e-129  419.8   0.0     6   292     1   289     1   291 0.99 -
133at766_1714371_0:000172|OZ308468.1:103344-104214 -            291 133                  -            295  7.4e-129  420.0   0.0   1   1  8.2e-129  8.2e-129  419.8   0.0     6   292     1   289     1   291 0.99 -
133at766_222891_0:0001de|OZ308468.1:103344-104202  -            287 133                  -            295  2.1e-128  418.5   0.0   1   1  2.3e-128  2.3e-128  418.4   0.0     6   289     1   286     1   287 0.99 -
#
# Program:         hmmsearch
# Version:         3.4 (Aug 2023)
# Pipeline mode:   SEARCH
# Query file:      /Users/rossoaa/Desktop/dummy/genomes/records/compleasm/mb_downloads/rickettsiales_odb12/hmms/133at766.hmm
# Target file:     -
# Option settings: /Users/rossoaa/miniconda3/envs/compleasm_env/bin/hmmsearch --domtblout /Users/rossoaa/Desktop/dummy/genomes/records/compleasm/rickettsiales_odb12/hmmer_output/133at766.out --cpu 1 /Users/rossoaa/Desktop/dummy/genomes/records/compleasm/mb_downloads/rickettsiales_odb12/hmms/133at766.hmm - 
# Current dir:     /Users/rossoaa/Desktop/dummy/genomes/records/compleasm
# Date:            Tue Feb 10 10:20:21 2026
# [ok]
