#                                                                                                           --- full sequence --- -------------- this domain -------------   hmm coord   ali coord   env coord
# target name                                       accession   tlen query name           accession   qlen   E-value  score  bias   #  of  c-Evalue  i-Evalue  score  bias  from    to  from    to  from    to  acc description of target
#                               ------------------- ---------- ----- -------------------- ---------- ----- --------- ------ ----- --- --- --------- --------- ------ ----- ----- ----- ----- ----- ----- ----- ---- ---------------------
1344at766_1242993_0:00022d|OZ308468.1:799741-801241 -            421 1344                 -            441  5.4e-144  471.3   8.0   1   1    6e-144    6e-144  471.1   8.0     1   434     1   420     1   421 0.94 -
1344at766_1359163_0:000267|OZ308468.1:799741-801244 -            420 1344                 -            441    6e-143  467.9   9.3   1   1  6.7e-143  6.7e-143  467.7   9.3     1   435     1   419     1   420 0.93 -
1344at766_1423892_0:000308|OZ308468.1:799741-801241 -            433 1344                 -            441  1.2e-142  466.8  10.2   1   1  1.4e-142  1.4e-142  466.7  10.2     1   434     1   432     1   433 0.94 -
1344at766_1605993_0:00039b|OZ308468.1:799741-801250 -            503 1344                 -            441  2.9e-142  465.6  13.2   1   1  3.4e-142  3.4e-142  465.4  13.2     1   436     1   502     1   503 0.95 -
1344at766_169402_0:00002b|OZ308468.1:799741-801250  -            503 1344                 -            441  2.9e-142  465.6  13.2   1   1  3.4e-142  3.4e-142  465.4  13.2     1   436     1   502     1   503 0.95 -
1344at766_246273_0:00027c|OZ308468.1:799741-801250  -            503 1344                 -            441  2.9e-142  465.6  13.2   1   1  3.4e-142  3.4e-142  465.4  13.2     1   436     1   502     1   503 0.95 -
1344at766_96496_0:00027b|OZ308468.1:799741-801250   -            503 1344                 -            441  2.9e-142  465.6  13.2   1   1  3.4e-142  3.4e-142  465.4  13.2     1   436     1   502     1   503 0.95 -
1344at766_205920_0:00004f|OZ308468.1:799741-801241  -            429 1344                 -            441  2.2e-141  462.7   8.9   1   1  2.5e-141  2.5e-141  462.5   8.9     1   434     1   428     1   429 0.93 -
1344at766_391036_0:0002d4|OZ308468.1:799741-801241  -            429 1344                 -            441  2.2e-141  462.7   8.9   1   1  2.5e-141  2.5e-141  462.5   8.9     1   434     1   428     1   429 0.93 -
1344at766_779_0:0002e9|OZ308468.1:799741-801241     -            429 1344                 -            441  2.2e-141  462.7   8.9   1   1  2.5e-141  2.5e-141  462.5   8.9     1   434     1   428     1   429 0.93 -
1344at766_1248439_0:0002f0|OZ308468.1:799741-801247 -            403 1344                 -            441  6.9e-141  461.1   7.9   1   1    8e-141    8e-141  460.8   7.9     1   436     1   402     1   403 0.93 -
1344at766_142058_0:0002d2|OZ308468.1:799741-801247  -            403 1344                 -            441  6.9e-141  461.1   7.9   1   1    8e-141    8e-141  460.8   7.9     1   436     1   402     1   403 0.93 -
1344at766_574556_0:0002cb|OZ308468.1:799741-801247  -            403 1344                 -            441  6.9e-141  461.1   7.9   1   1    8e-141    8e-141  460.8   7.9     1   436     1   402     1   403 0.93 -
1344at766_1392507_0:00038d|OZ308468.1:799741-801244 -            402 1344                 -            441  9.1e-141  460.7   7.6   1   1  1.1e-140  1.1e-140  460.4   7.6     1   435     1   401     1   402 0.93 -
1344at766_2486578_0:000115|OZ308468.1:799759-801229 -            409 1344                 -            441  6.5e-140  457.9   9.2   1   1  7.2e-140  7.2e-140  457.7   9.2     8   431     2   409     1   409 0.93 -
1344at766_696127_0:000461|OZ308468.1:799774-801229  -            391 1344                 -            441  1.9e-139  456.3   8.3   1   1  2.2e-139  2.2e-139  456.1   8.3    13   431     2   391     1   391 0.93 -
1344at766_1528098_0:000118|OZ308468.1:799780-801247 -            390 1344                 -            441  2.1e-137  449.5   7.7   1   1  2.5e-137  2.5e-137  449.3   7.7    14   436     1   389     1   390 0.93 -
1344at766_1714371_0:000205|OZ308468.1:799741-801229 -            407 1344                 -            441  4.4e-137  448.5   8.3   1   1  4.9e-137  4.9e-137  448.4   8.3     1   431     1   407     1   407 0.91 -
1344at766_2602574_0:0002e4|OZ308468.1:799798-801250 -            384 1344                 -            441  2.7e-135  442.6   6.9   1   1  3.1e-135  3.1e-135  442.4   6.9    21   436     2   383     1   384 0.93 -
1344at766_86105_0:00073f|OZ308468.1:799744-801229   -            412 1344                 -            441  2.2e-134  439.6   8.8   1   1  2.5e-134  2.5e-134  439.5   8.8     3   431     2   412     1   412 0.90 -
1344at766_222891_0:000230|OZ308468.1:799852-801229  -            379 1344                 -            441  5.2e-128  418.6   6.2   1   1  5.9e-128  5.9e-128  418.4   6.2    39   431     2   379     1   379 0.92 -
1344at766_434131_0:000008|OZ308468.1:799861-801229  -            357 1344                 -            441  9.8e-128  417.7   5.0   1   1  1.1e-127  1.1e-127  417.5   5.0    42   431     2   357     1   357 0.93 -
1344at766_1286528_0:000286|OZ308468.1:800017-801238 -            337 1344                 -            441  2.1e-120  393.5   8.4   1   1  2.4e-120  2.4e-120  393.4   8.4    96   433     1   336     1   337 0.93 -
1344at766_2486577_0:0000c6|OZ308468.1:800269-801226 -            220 1344                 -            441  3.3e-103  336.9   9.6   1   1  3.9e-103  3.9e-103  336.6   9.6   202   430     4   220     1   220 0.97 -
#
# Program:         hmmsearch
# Version:         3.4 (Aug 2023)
# Pipeline mode:   SEARCH
# Query file:      /Users/rossoaa/Desktop/dummy/genomes/records/compleasm/mb_downloads/rickettsiales_odb12/hmms/1344at766.hmm
# Target file:     -
# Option settings: /Users/rossoaa/miniconda3/envs/compleasm_env/bin/hmmsearch --domtblout /Users/rossoaa/Desktop/dummy/genomes/records/compleasm/rickettsiales_odb12/hmmer_output/1344at766.out --cpu 1 /Users/rossoaa/Desktop/dummy/genomes/records/compleasm/mb_downloads/rickettsiales_odb12/hmms/1344at766.hmm - 
# Current dir:     /Users/rossoaa/Desktop/dummy/genomes/records/compleasm
# Date:            Tue Feb 10 10:20:24 2026
# [ok]
