#                                                                                                          --- full sequence --- -------------- this domain -------------   hmm coord   ali coord   env coord
# target name                                      accession   tlen query name           accession   qlen   E-value  score  bias   #  of  c-Evalue  i-Evalue  score  bias  from    to  from    to  from    to  acc description of target
#                              ------------------- ---------- ----- -------------------- ---------- ----- --------- ------ ----- --- --- --------- --------- ------ ----- ----- ----- ----- ----- ----- ----- ---- ---------------------
135at766_1961830_0:000485|OZ308468.1:768856-769546 -            230 135                  -            224  7.2e-108  349.7   2.7   1   1    8e-108    8e-108  349.6   2.7     1   224     1   230     1   230 0.96 -
135at766_2602574_0:00000e|OZ308468.1:768856-769546 -            230 135                  -            224  7.2e-108  349.7   2.7   1   1    8e-108    8e-108  349.6   2.7     1   224     1   230     1   230 0.96 -
135at766_86105_0:000304|OZ308468.1:768856-769546   -            230 135                  -            224  7.2e-108  349.7   2.7   1   1    8e-108    8e-108  349.6   2.7     1   224     1   230     1   230 0.96 -
135at766_1248439_0:000268|OZ308468.1:768850-769546 -            232 135                  -            224  7.3e-108  349.7   2.7   1   1  8.3e-108  8.3e-108  349.5   2.7     1   224     3   232     3   232 0.96 -
135at766_1359163_0:0001d2|OZ308468.1:768850-769546 -            232 135                  -            224  7.3e-108  349.7   2.7   1   1  8.3e-108  8.3e-108  349.5   2.7     1   224     3   232     3   232 0.96 -
135at766_1392507_0:000188|OZ308468.1:768850-769546 -            232 135                  -            224  7.3e-108  349.7   2.7   1   1  8.3e-108  8.3e-108  349.5   2.7     1   224     3   232     3   232 0.96 -
135at766_142058_0:000356|OZ308468.1:768850-769546  -            232 135                  -            224  7.3e-108  349.7   2.7   1   1  8.3e-108  8.3e-108  349.5   2.7     1   224     3   232     3   232 0.96 -
135at766_1605993_0:000177|OZ308468.1:768850-769546 -            232 135                  -            224  7.3e-108  349.7   2.7   1   1  8.3e-108  8.3e-108  349.5   2.7     1   224     3   232     3   232 0.96 -
135at766_169402_0:000057|OZ308468.1:768850-769546  -            232 135                  -            224  7.3e-108  349.7   2.7   1   1  8.3e-108  8.3e-108  349.5   2.7     1   224     3   232     3   232 0.96 -
135at766_246273_0:00027b|OZ308468.1:768850-769546  -            232 135                  -            224  7.3e-108  349.7   2.7   1   1  8.3e-108  8.3e-108  349.5   2.7     1   224     3   232     3   232 0.96 -
135at766_574556_0:000212|OZ308468.1:768850-769546  -            232 135                  -            224  7.3e-108  349.7   2.7   1   1  8.3e-108  8.3e-108  349.5   2.7     1   224     3   232     3   232 0.96 -
135at766_955_0:00005f|OZ308468.1:768850-769546     -            232 135                  -            224  7.3e-108  349.7   2.7   1   1  8.3e-108  8.3e-108  349.5   2.7     1   224     3   232     3   232 0.96 -
135at766_96496_0:0001dd|OZ308468.1:768850-769546   -            232 135                  -            224  7.3e-108  349.7   2.7   1   1  8.3e-108  8.3e-108  349.5   2.7     1   224     3   232     3   232 0.96 -
135at766_1242993_0:000118|OZ308468.1:768847-769546 -            233 135                  -            224  7.5e-108  349.7   2.7   1   1  8.4e-108  8.4e-108  349.5   2.7     1   224     4   233     4   233 0.96 -
135at766_1423892_0:000029|OZ308468.1:768847-769546 -            233 135                  -            224  7.5e-108  349.7   2.7   1   1  8.4e-108  8.4e-108  349.5   2.7     1   224     4   233     4   233 0.96 -
135at766_205920_0:00013a|OZ308468.1:768847-769546  -            233 135                  -            224  7.5e-108  349.7   2.7   1   1  8.4e-108  8.4e-108  349.5   2.7     1   224     4   233     4   233 0.96 -
135at766_391036_0:000224|OZ308468.1:768847-769546  -            233 135                  -            224  7.5e-108  349.7   2.7   1   1  8.4e-108  8.4e-108  349.5   2.7     1   224     4   233     4   233 0.96 -
135at766_752179_0:000386|OZ308468.1:768847-769546  -            233 135                  -            224  7.5e-108  349.7   2.7   1   1  8.4e-108  8.4e-108  349.5   2.7     1   224     4   233     4   233 0.96 -
135at766_779_0:0001ba|OZ308468.1:768847-769546     -            233 135                  -            224  7.5e-108  349.7   2.7   1   1  8.4e-108  8.4e-108  349.5   2.7     1   224     4   233     4   233 0.96 -
135at766_272947_0:000023|OZ308468.1:768856-769534  -            227 135                  -            224  1.5e-106  345.4   2.9   1   1  1.7e-106  1.7e-106  345.2   2.9     1   221     1   227     1   227 0.95 -
135at766_481009_0:0003db|OZ308468.1:768856-769534  -            227 135                  -            224  1.5e-106  345.4   2.9   1   1  1.7e-106  1.7e-106  345.2   2.9     1   221     1   227     1   227 0.95 -
135at766_1105107_0:00005b|OZ308468.1:768853-769534 -            228 135                  -            224  1.6e-106  345.4   2.9   1   1  1.7e-106  1.7e-106  345.2   2.9     1   221     2   228     2   228 0.95 -
135at766_336407_0:0004c9|OZ308468.1:768853-769534  -            228 135                  -            224  1.6e-106  345.4   2.9   1   1  1.7e-106  1.7e-106  345.2   2.9     1   221     2   228     2   228 0.95 -
135at766_1528098_0:000297|OZ308468.1:768865-769540 -            226 135                  -            224  1.9e-106  345.1   2.3   1   1  2.1e-106  2.1e-106  344.9   2.3     4   222     1   225     1   226 0.95 -
#
# Program:         hmmsearch
# Version:         3.4 (Aug 2023)
# Pipeline mode:   SEARCH
# Query file:      /Users/rossoaa/Desktop/dummy/genomes/records/compleasm/mb_downloads/rickettsiales_odb12/hmms/135at766.hmm
# Target file:     -
# Option settings: /Users/rossoaa/miniconda3/envs/compleasm_env/bin/hmmsearch --domtblout /Users/rossoaa/Desktop/dummy/genomes/records/compleasm/rickettsiales_odb12/hmmer_output/135at766.out --cpu 1 /Users/rossoaa/Desktop/dummy/genomes/records/compleasm/mb_downloads/rickettsiales_odb12/hmms/135at766.hmm - 
# Current dir:     /Users/rossoaa/Desktop/dummy/genomes/records/compleasm
# Date:            Tue Feb 10 10:20:21 2026
# [ok]
