#                                                                                                          --- full sequence --- -------------- this domain -------------   hmm coord   ali coord   env coord
# target name                                      accession   tlen query name           accession   qlen   E-value  score  bias   #  of  c-Evalue  i-Evalue  score  bias  from    to  from    to  from    to  acc description of target
#                              ------------------- ---------- ----- -------------------- ---------- ----- --------- ------ ----- --- --- --------- --------- ------ ----- ----- ----- ----- ----- ----- ----- ---- ---------------------
141at766_955_0:0001fa|OZ308468.1:659144-659873     -            244 141                  -            224   4.5e-96  310.9   1.3   1   1   6.5e-96   6.5e-96  310.4   1.3     2   224     3   244     2   244 0.89 -
141at766_205920_0:0002e0|OZ308468.1:659147-659882  -            246 141                  -            224   4.7e-96  310.8   1.3   1   1   6.7e-96   6.7e-96  310.3   1.3     2   224     2   243     1   243 0.89 -
141at766_391036_0:0000b4|OZ308468.1:659147-659882  -            246 141                  -            224   4.7e-96  310.8   1.3   1   1   6.7e-96   6.7e-96  310.3   1.3     2   224     2   243     1   243 0.89 -
141at766_1105107_0:0000e3|OZ308468.1:659135-659876 -            248 141                  -            224   4.7e-96  310.8   1.3   1   1   6.9e-96   6.9e-96  310.3   1.3     2   224     6   247     5   247 0.89 -
141at766_481009_0:000340|OZ308468.1:659135-659879  -            249 141                  -            224   4.8e-96  310.8   1.3   1   1     7e-96     7e-96  310.3   1.3     2   224     6   247     5   247 0.89 -
141at766_1248439_0:00003e|OZ308468.1:659135-659882 -            250 141                  -            224   4.8e-96  310.8   1.3   1   1   7.1e-96   7.1e-96  310.2   1.3     2   224     6   247     5   247 0.89 -
141at766_142058_0:00037a|OZ308468.1:659135-659882  -            250 141                  -            224   4.8e-96  310.8   1.3   1   1   7.1e-96   7.1e-96  310.2   1.3     2   224     6   247     5   247 0.89 -
141at766_574556_0:00005a|OZ308468.1:659135-659882  -            250 141                  -            224   4.8e-96  310.8   1.3   1   1   7.1e-96   7.1e-96  310.2   1.3     2   224     6   247     5   247 0.89 -
141at766_779_0:00035f|OZ308468.1:659147-659891     -            249 141                  -            224   4.9e-96  310.8   1.3   1   1     7e-96     7e-96  310.3   1.3     2   224     2   243     1   243 0.89 -
141at766_96496_0:00021a|OZ308468.1:659135-659885   -            251 141                  -            224   4.9e-96  310.8   1.3   1   1   7.2e-96   7.2e-96  310.2   1.3     2   224     6   247     5   247 0.89 -
141at766_246273_0:0002d8|OZ308468.1:659135-659888  -            252 141                  -            224     5e-96  310.7   1.3   1   1   7.4e-96   7.4e-96  310.2   1.3     2   224     6   247     5   247 0.89 -
141at766_1392507_0:0002c6|OZ308468.1:659135-659894 -            254 141                  -            224   5.1e-96  310.7   1.3   1   1   7.6e-96   7.6e-96  310.2   1.3     2   224     6   247     5   247 0.89 -
141at766_272947_0:000320|OZ308468.1:659114-659876  -            255 141                  -            224   5.2e-96  310.7   1.3   1   1   7.7e-96   7.7e-96  310.1   1.3     2   224    13   254    12   254 0.89 -
141at766_1605993_0:000047|OZ308468.1:659135-659900 -            255 141                  -            224   5.2e-96  310.7   1.3   1   1   7.7e-96   7.7e-96  310.1   1.3     2   224     6   247     5   247 0.89 -
141at766_169402_0:00039e|OZ308468.1:659135-659897  -            255 141                  -            224   5.2e-96  310.7   1.3   1   1   7.7e-96   7.7e-96  310.1   1.3     2   224     6   247     5   247 0.89 -
141at766_1242993_0:000266|OZ308468.1:659150-659882 -            245 141                  -            224     7e-96  310.3   1.2   1   1     1e-95     1e-95  309.7   1.2     3   224     2   242     1   242 0.89 -
141at766_1961830_0:000086|OZ308468.1:659138-659867 -            244 141                  -            224   2.4e-95  308.5   1.2   1   1   3.5e-95   3.5e-95  308.0   1.2     2   222     5   244     4   244 0.89 -
141at766_336407_0:0004da|OZ308468.1:659165-659882  -            240 141                  -            224   1.3e-94  306.1   0.8   1   1   1.9e-94   1.9e-94  305.6   0.8     7   224     1   237     1   237 0.89 -
141at766_1359163_0:000238|OZ308468.1:659165-659888 -            242 141                  -            224   1.3e-94  306.1   0.8   1   1   1.9e-94   1.9e-94  305.5   0.8     7   224     1   237     1   237 0.89 -
141at766_1528098_0:00022a|OZ308468.1:659165-659888 -            242 141                  -            224   1.3e-94  306.1   0.8   1   1   1.9e-94   1.9e-94  305.5   0.8     7   224     1   237     1   237 0.89 -
141at766_1423892_0:0000a7|OZ308468.1:659168-659876 -            237 141                  -            224   1.6e-93  302.6   1.1   1   1   2.3e-93   2.3e-93  302.0   1.1     8   224     1   236     1   236 0.89 -
#
# Program:         hmmsearch
# Version:         3.4 (Aug 2023)
# Pipeline mode:   SEARCH
# Query file:      /Users/rossoaa/Desktop/dummy/genomes/records/compleasm/mb_downloads/rickettsiales_odb12/hmms/141at766.hmm
# Target file:     -
# Option settings: /Users/rossoaa/miniconda3/envs/compleasm_env/bin/hmmsearch --domtblout /Users/rossoaa/Desktop/dummy/genomes/records/compleasm/rickettsiales_odb12/hmmer_output/141at766.out --cpu 1 /Users/rossoaa/Desktop/dummy/genomes/records/compleasm/mb_downloads/rickettsiales_odb12/hmms/141at766.hmm - 
# Current dir:     /Users/rossoaa/Desktop/dummy/genomes/records/compleasm
# Date:            Tue Feb 10 10:20:22 2026
# [ok]
