#                                                                                                          --- full sequence --- -------------- this domain -------------   hmm coord   ali coord   env coord
# target name                                      accession   tlen query name           accession   qlen   E-value  score  bias   #  of  c-Evalue  i-Evalue  score  bias  from    to  from    to  from    to  acc description of target
#                              ------------------- ---------- ----- -------------------- ---------- ----- --------- ------ ----- --- --- --------- --------- ------ ----- ----- ----- ----- ----- ----- ----- ---- ---------------------
145at766_1105107_0:0001ca|OZ308468.1:351173-352178 -            336 145                  -            338  4.3e-168  549.4   0.3   1   1    5e-168    5e-168  549.2   0.3     2   337     3   334     2   335 0.99 -
145at766_1605993_0:00002d|OZ308468.1:351173-352181 -            336 145                  -            338  4.3e-168  549.4   0.3   1   1    5e-168    5e-168  549.2   0.3     2   337     3   334     2   335 0.99 -
145at766_1961830_0:00027f|OZ308468.1:351173-352178 -            336 145                  -            338  4.3e-168  549.4   0.3   1   1    5e-168    5e-168  549.2   0.3     2   337     3   334     2   335 0.99 -
145at766_246273_0:000076|OZ308468.1:351173-352178  -            336 145                  -            338  4.3e-168  549.4   0.3   1   1    5e-168    5e-168  549.2   0.3     2   337     3   334     2   335 0.99 -
145at766_272947_0:000280|OZ308468.1:351173-352178  -            336 145                  -            338  4.3e-168  549.4   0.3   1   1    5e-168    5e-168  549.2   0.3     2   337     3   334     2   335 0.99 -
145at766_336407_0:000135|OZ308468.1:351173-352178  -            336 145                  -            338  4.3e-168  549.4   0.3   1   1    5e-168    5e-168  549.2   0.3     2   337     3   334     2   335 0.99 -
145at766_955_0:000073|OZ308468.1:351173-352178     -            336 145                  -            338  4.3e-168  549.4   0.3   1   1    5e-168    5e-168  549.2   0.3     2   337     3   334     2   335 0.99 -
145at766_96496_0:000325|OZ308468.1:351173-352178   -            336 145                  -            338  4.3e-168  549.4   0.3   1   1    5e-168    5e-168  549.2   0.3     2   337     3   334     2   335 0.99 -
145at766_2486578_0:0005c3|OZ308468.1:351176-352175 -            334 145                  -            338  4.4e-168  549.4   0.3   1   1  4.9e-168  4.9e-168  549.3   0.3     2   337     2   333     1   334 0.99 -
145at766_86105_0:000135|OZ308468.1:351176-352175   -            334 145                  -            338  4.4e-168  549.4   0.3   1   1  4.9e-168  4.9e-168  549.3   0.3     2   337     2   333     1   334 0.99 -
145at766_1359168_0:00016f|OZ308468.1:351176-352178 -            335 145                  -            338  4.4e-168  549.4   0.3   1   1  4.9e-168  4.9e-168  549.3   0.3     2   337     2   333     1   334 0.99 -
145at766_2486577_0:000142|OZ308468.1:351176-352178 -            335 145                  -            338  4.4e-168  549.4   0.3   1   1  4.9e-168  4.9e-168  549.3   0.3     2   337     2   333     1   334 0.99 -
145at766_334380_0:000281|OZ308468.1:351176-352178  -            335 145                  -            338  4.4e-168  549.4   0.3   1   1  4.9e-168  4.9e-168  549.3   0.3     2   337     2   333     1   334 0.99 -
145at766_752179_0:000299|OZ308468.1:351176-352178  -            335 145                  -            338  4.4e-168  549.4   0.3   1   1  4.9e-168  4.9e-168  549.3   0.3     2   337     2   333     1   334 0.99 -
145at766_1392507_0:00014a|OZ308468.1:351170-352181 -            337 145                  -            338  4.4e-168  549.4   0.3   1   1    5e-168    5e-168  549.2   0.3     2   337     4   335     3   336 0.99 -
145at766_169402_0:000258|OZ308468.1:351167-352175  -            337 145                  -            338  4.4e-168  549.4   0.3   1   1    5e-168    5e-168  549.2   0.3     2   337     5   336     4   337 0.99 -
145at766_205920_0:00002f|OZ308468.1:351173-352172  -            334 145                  -            338  7.7e-168  548.6   0.3   1   1  8.8e-168  8.8e-168  548.4   0.3     2   336     3   333     2   334 0.99 -
145at766_481009_0:0004b5|OZ308468.1:351173-352172  -            334 145                  -            338  7.7e-168  548.6   0.3   1   1  8.8e-168  8.8e-168  548.4   0.3     2   336     3   333     2   334 0.99 -
145at766_2602574_0:000455|OZ308468.1:351176-352172 -            333 145                  -            338  7.8e-168  548.6   0.3   1   1  8.7e-168  8.7e-168  548.5   0.3     2   336     2   332     1   333 0.99 -
145at766_1359163_0:00023e|OZ308468.1:351179-352178 -            334 145                  -            338    8e-168  548.6   0.3   1   1    9e-168    9e-168  548.4   0.3     2   337     1   332     1   333 0.99 -
145at766_1242993_0:00032f|OZ308468.1:351161-352172 -            338 145                  -            338    8e-168  548.6   0.3   1   1  9.2e-168  9.2e-168  548.4   0.3     2   336     7   337     6   338 0.99 -
145at766_1423892_0:00005c|OZ308468.1:351161-352172 -            338 145                  -            338    8e-168  548.6   0.3   1   1  9.2e-168  9.2e-168  548.4   0.3     2   336     7   337     6   338 0.99 -
145at766_391036_0:00005e|OZ308468.1:351161-352172  -            338 145                  -            338    8e-168  548.6   0.3   1   1  9.2e-168  9.2e-168  548.4   0.3     2   336     7   337     6   338 0.99 -
145at766_779_0:000250|OZ308468.1:351158-352172     -            339 145                  -            338  8.1e-168  548.6   0.3   1   1  9.3e-168  9.3e-168  548.4   0.3     2   336     8   338     7   339 0.99 -
145at766_1248439_0:000370|OZ308468.1:351173-352169 -            333 145                  -            338  1.5e-167  547.6   0.3   1   1  1.7e-167  1.7e-167  547.5   0.3     2   336     3   333     2   333 0.99 -
145at766_1274402_0:000332|OZ308468.1:351176-352169 -            332 145                  -            338  1.5e-167  547.6   0.3   1   1  1.7e-167  1.7e-167  547.5   0.3     2   336     2   332     1   332 0.99 -
145at766_1528098_0:000521|OZ308468.1:351176-352169 -            332 145                  -            338  1.5e-167  547.6   0.3   1   1  1.7e-167  1.7e-167  547.5   0.3     2   336     2   332     1   332 0.99 -
145at766_1286528_0:000219|OZ308468.1:351182-352178 -            333 145                  -            338  1.7e-167  547.5   0.3   1   1  1.9e-167  1.9e-167  547.3   0.3     3   337     1   331     1   332 0.99 -
145at766_574556_0:0000f3|OZ308468.1:351179-352169  -            331 145                  -            338  2.8e-167  546.8   0.3   1   1  3.1e-167  3.1e-167  546.6   0.3     2   336     1   331     1   331 0.99 -
145at766_2115978_0:0000c7|OZ308468.1:351173-352118 -            316 145                  -            338  2.1e-160  524.2   1.7   1   1  2.3e-160  2.3e-160  524.0   1.7     2   318     3   315     2   316 0.99 -
#
# Program:         hmmsearch
# Version:         3.4 (Aug 2023)
# Pipeline mode:   SEARCH
# Query file:      /Users/rossoaa/Desktop/dummy/genomes/records/compleasm/mb_downloads/rickettsiales_odb12/hmms/145at766.hmm
# Target file:     -
# Option settings: /Users/rossoaa/miniconda3/envs/compleasm_env/bin/hmmsearch --domtblout /Users/rossoaa/Desktop/dummy/genomes/records/compleasm/rickettsiales_odb12/hmmer_output/145at766.out --cpu 1 /Users/rossoaa/Desktop/dummy/genomes/records/compleasm/mb_downloads/rickettsiales_odb12/hmms/145at766.hmm - 
# Current dir:     /Users/rossoaa/Desktop/dummy/genomes/records/compleasm
# Date:            Tue Feb 10 10:20:21 2026
# [ok]
