#                                                                                                            --- full sequence --- -------------- this domain -------------   hmm coord   ali coord   env coord
# target name                                        accession   tlen query name           accession   qlen   E-value  score  bias   #  of  c-Evalue  i-Evalue  score  bias  from    to  from    to  from    to  acc description of target
#                                ------------------- ---------- ----- -------------------- ---------- ----- --------- ------ ----- --- --- --------- --------- ------ ----- ----- ----- ----- ----- ----- ----- ---- ---------------------
151at766_434131_0:000007|OZ308468.1:1036287-1038855  -            814 151                  -            805         0 1333.8  16.4   1   1         0         0 1333.6  16.4     3   793     3   798     1   813 0.97 -
151at766_1714371_0:0001f7|OZ308468.1:1036287-1038822 -            803 151                  -            805         0 1332.4  16.7   1   1         0         0 1332.1  16.7     3   791     3   796     1   802 0.98 -
151at766_86105_0:000764|OZ308468.1:1036287-1038843   -            813 151                  -            805         0 1331.4  16.2   1   1         0         0 1331.3  16.2     3   792     3   800     1   813 0.97 -
151at766_222891_0:0000ed|OZ308468.1:1036287-1038792  -            793 151                  -            805         0 1329.7  17.1   1   1         0         0 1329.5  17.1     3   787     3   792     1   793 0.98 -
151at766_1423892_0:0000b0|OZ308468.1:1036293-1039286 -            821 151                  -            805         0 1326.0  16.8   1   1         0         0 1325.9  16.8     4   801     2   814     1   818 0.97 -
151at766_205920_0:000041|OZ308468.1:1036293-1038849  -            819 151                  -            805         0 1325.5  15.6   1   1         0         0 1325.4  15.6     4   793     2   805     1   819 0.97 -
151at766_391036_0:000207|OZ308468.1:1036293-1038846  -            818 151                  -            805         0 1325.2  15.8   1   1         0         0 1325.0  15.8     4   793     2   805     1   818 0.97 -
151at766_2486577_0:0001c8|OZ308468.1:1036296-1038783 -            790 151                  -            805         0 1325.1  15.7   1   1         0         0 1324.9  15.7     5   784     2   789     1   790 0.98 -
151at766_1528098_0:00003f|OZ308468.1:1036296-1038858 -            821 151                  -            805         0 1324.8  15.5   1   1         0         0 1324.6  15.5     5   793     2   804     1   819 0.96 -
151at766_1105107_0:000065|OZ308468.1:1036287-1038792 -            794 151                  -            805         0 1323.9  17.5   1   1         0         0 1323.8  17.5     3   787     3   793     1   794 0.98 -
151at766_1286528_0:000215|OZ308468.1:1036287-1038792 -            793 151                  -            805         0 1322.8  17.1   1   1         0         0 1322.6  17.1     3   787     3   792     1   793 0.98 -
151at766_2486578_0:00006e|OZ308468.1:1036302-1038855 -            818 151                  -            805         0 1322.7  15.6   1   1         0         0 1322.6  15.6     6   793     1   802     1   817 0.96 -
151at766_1242993_0:0001d0|OZ308468.1:1036293-1038792 -            800 151                  -            805         0 1321.5  16.4   1   1         0         0 1321.3  16.4     4   787     2   799     1   800 0.97 -
151at766_779_0:000148|OZ308468.1:1036293-1038786     -            798 151                  -            805         0 1320.3  15.7   1   1         0         0 1320.1  15.7     4   785     2   797     1   798 0.97 -
151at766_336407_0:0004c7|OZ308468.1:1036302-1038792  -            797 151                  -            805         0 1318.7  16.3   1   1         0         0 1318.5  16.3     6   787     1   796     1   797 0.97 -
151at766_334380_0:0002f6|OZ308468.1:1036287-1038852  -            828 151                  -            805         0 1318.1  18.4   1   1         0         0 1317.0  18.4     3   793     3   813     1   828 0.96 -
151at766_1802984_0:000274|OZ308468.1:1036293-1038720 -            767 151                  -            805         0 1316.5  15.8   1   1         0         0 1316.3  15.8     4   764     2   764     1   767 0.99 -
151at766_169402_0:0002d2|OZ308468.1:1036293-1038855  -            855 151                  -            805         0 1314.7  19.5   1   2  8.1e-163  8.1e-163  534.0   1.0     4   303     2   301     1   309 0.98 -
151at766_169402_0:0002d2|OZ308468.1:1036293-1038855  -            855 151                  -            805         0 1314.7  19.5   2   2  6.4e-239  6.4e-239  785.8  11.5   302   793   344   839   335   854 0.96 -
151at766_1961830_0:0004af|OZ308468.1:1036293-1038855 -            855 151                  -            805         0 1314.7  19.5   1   2  8.1e-163  8.1e-163  534.0   1.0     4   303     2   301     1   309 0.98 -
151at766_1961830_0:0004af|OZ308468.1:1036293-1038855 -            855 151                  -            805         0 1314.7  19.5   2   2  6.4e-239  6.4e-239  785.8  11.5   302   793   344   839   335   854 0.96 -
151at766_246273_0:000058|OZ308468.1:1036293-1038855  -            855 151                  -            805         0 1314.7  19.5   1   2  8.1e-163  8.1e-163  534.0   1.0     4   303     2   301     1   309 0.98 -
151at766_246273_0:000058|OZ308468.1:1036293-1038855  -            855 151                  -            805         0 1314.7  19.5   2   2  6.4e-239  6.4e-239  785.8  11.5   302   793   344   839   335   854 0.96 -
151at766_1605993_0:0000b3|OZ308468.1:1036293-1038864 -            857 151                  -            805         0 1314.7  19.5   1   2  8.2e-163  8.2e-163  534.0   1.0     4   303     2   301     1   309 0.98 -
151at766_1605993_0:0000b3|OZ308468.1:1036293-1038864 -            857 151                  -            805         0 1314.7  19.5   2   2  6.4e-239  6.4e-239  785.8  11.5   302   793   344   839   335   854 0.96 -
151at766_1248439_0:0000c1|OZ308468.1:1036287-1038816 -            844 151                  -            805         0 1313.6  19.8   1   2    6e-163    6e-163  534.5   1.1     3   303     3   303     1   311 0.98 -
151at766_1248439_0:0000c1|OZ308468.1:1036287-1038816 -            844 151                  -            805         0 1313.6  19.8   2   2  1.9e-238  1.9e-238  784.2  11.7   302   791   346   839   337   843 0.97 -
151at766_142058_0:000260|OZ308468.1:1036287-1038816  -            844 151                  -            805         0 1313.6  19.8   1   2    6e-163    6e-163  534.5   1.1     3   303     3   303     1   311 0.98 -
151at766_142058_0:000260|OZ308468.1:1036287-1038816  -            844 151                  -            805         0 1313.6  19.8   2   2  1.9e-238  1.9e-238  784.2  11.7   302   791   346   839   337   843 0.97 -
151at766_752179_0:000255|OZ308468.1:1036287-1038798  -            838 151                  -            805         0 1312.3  19.8   1   2  5.9e-163  5.9e-163  534.5   1.1     3   303     3   303     1   311 0.98 -
151at766_752179_0:000255|OZ308468.1:1036287-1038798  -            838 151                  -            805         0 1312.3  19.8   2   2  4.3e-238  4.3e-238  783.0  11.7   302   788   346   836   337   838 0.98 -
151at766_2602574_0:000412|OZ308468.1:1036290-1038852 -            816 151                  -            805         0 1312.2  16.0   1   1         0         0 1312.1  16.0     3   793     2   801     1   816 0.96 -
151at766_1359163_0:0000e2|OZ308468.1:1036290-1038777 -            802 151                  -            805         0 1311.0  18.6   1   1         0         0 1309.5  18.6     3   783     2   802     1   802 0.97 -
151at766_272947_0:000153|OZ308468.1:1036308-1038792  -            801 151                  -            805         0 1308.8  19.0   1   1         0         0 1307.2  19.0     8   787     1   800     1   801 0.97 -
151at766_481009_0:000042|OZ308468.1:1036302-1038792  -            831 151                  -            805         0 1307.5  20.4   1   2    6e-162    6e-162  531.2   1.0     6   303     1   298     1   306 0.99 -
151at766_481009_0:000042|OZ308468.1:1036302-1038792  -            831 151                  -            805         0 1307.5  20.4   2   2  1.3e-237  1.3e-237  781.5  12.4   302   787   341   830   332   831 0.98 -
151at766_2115978_0:000254|OZ308468.1:1036320-1038837 -            840 151                  -            805         0 1303.9  19.1   1   2    1e-159    1e-159  523.8   0.9    12   303     1   292     1   300 0.99 -
151at766_2115978_0:000254|OZ308468.1:1036320-1038837 -            840 151                  -            805         0 1303.9  19.1   2   2  1.1e-238  1.1e-238  785.0  11.3   302   792   335   829   326   837 0.97 -
151at766_1392507_0:0003b9|OZ308468.1:1036293-1038765 -            825 151                  -            805         0 1301.4  19.4   1   2  7.5e-163  7.5e-163  534.2   1.0     4   303     2   301     1   309 0.98 -
151at766_1392507_0:0003b9|OZ308468.1:1036293-1038765 -            825 151                  -            805         0 1301.4  19.4   2   2    7e-235    7e-235  772.4  11.4   302   779   344   825   335   825 0.97 -
#
# Program:         hmmsearch
# Version:         3.4 (Aug 2023)
# Pipeline mode:   SEARCH
# Query file:      /Users/rossoaa/Desktop/dummy/genomes/records/compleasm/mb_downloads/rickettsiales_odb12/hmms/151at766.hmm
# Target file:     -
# Option settings: /Users/rossoaa/miniconda3/envs/compleasm_env/bin/hmmsearch --domtblout /Users/rossoaa/Desktop/dummy/genomes/records/compleasm/rickettsiales_odb12/hmmer_output/151at766.out --cpu 1 /Users/rossoaa/Desktop/dummy/genomes/records/compleasm/mb_downloads/rickettsiales_odb12/hmms/151at766.hmm - 
# Current dir:     /Users/rossoaa/Desktop/dummy/genomes/records/compleasm
# Date:            Tue Feb 10 10:20:24 2026
# [ok]
