#                                                                                                          --- full sequence --- -------------- this domain -------------   hmm coord   ali coord   env coord
# target name                                      accession   tlen query name           accession   qlen   E-value  score  bias   #  of  c-Evalue  i-Evalue  score  bias  from    to  from    to  from    to  acc description of target
#                              ------------------- ---------- ----- -------------------- ---------- ----- --------- ------ ----- --- --- --------- --------- ------ ----- ----- ----- ----- ----- ----- ----- ---- ---------------------
158at766_1105107_0:00028f|OZ308468.1:739798-740848 -            350 158                  -            333    1e-155  508.6   1.2   1   1  1.3e-155  1.3e-155  508.3   1.2     2   333     2   349     1   349 0.93 -
158at766_1961830_0:00009b|OZ308468.1:739798-740848 -            350 158                  -            333    1e-155  508.6   1.2   1   1  1.3e-155  1.3e-155  508.3   1.2     2   333     2   349     1   349 0.93 -
158at766_752179_0:000311|OZ308468.1:739798-740848  -            350 158                  -            333    1e-155  508.6   1.2   1   1  1.3e-155  1.3e-155  508.3   1.2     2   333     2   349     1   349 0.93 -
158at766_272947_0:00020f|OZ308468.1:739798-740842  -            349 158                  -            333    1e-155  508.6   1.2   1   1  1.3e-155  1.3e-155  508.3   1.2     2   333     2   349     1   349 0.93 -
158at766_336407_0:000212|OZ308468.1:739798-740842  -            349 158                  -            333    1e-155  508.6   1.2   1   1  1.3e-155  1.3e-155  508.3   1.2     2   333     2   349     1   349 0.93 -
158at766_481009_0:000139|OZ308468.1:739798-740842  -            349 158                  -            333    1e-155  508.6   1.2   1   1  1.3e-155  1.3e-155  508.3   1.2     2   333     2   349     1   349 0.93 -
158at766_1359168_0:000187|OZ308468.1:739795-740848 -            351 158                  -            333    1e-155  508.6   1.2   1   1  1.3e-155  1.3e-155  508.3   1.2     2   333     3   350     2   350 0.93 -
158at766_1392507_0:00018d|OZ308468.1:739789-740845 -            353 158                  -            333  1.1e-155  508.6   1.2   1   1  1.4e-155  1.4e-155  508.3   1.2     2   333     5   352     4   352 0.93 -
158at766_205920_0:000278|OZ308468.1:739789-740845  -            353 158                  -            333  1.1e-155  508.6   1.2   1   1  1.4e-155  1.4e-155  508.3   1.2     2   333     5   352     4   352 0.93 -
158at766_391036_0:000219|OZ308468.1:739789-740845  -            353 158                  -            333  1.1e-155  508.6   1.2   1   1  1.4e-155  1.4e-155  508.3   1.2     2   333     5   352     4   352 0.93 -
158at766_1605993_0:0001e7|OZ308468.1:739783-740848 -            355 158                  -            333  1.1e-155  508.6   1.2   1   1  1.4e-155  1.4e-155  508.2   1.2     2   333     7   354     6   354 0.93 -
158at766_169402_0:0002df|OZ308468.1:739783-740848  -            355 158                  -            333  1.1e-155  508.6   1.2   1   1  1.4e-155  1.4e-155  508.2   1.2     2   333     7   354     6   354 0.93 -
158at766_246273_0:000043|OZ308468.1:739783-740848  -            355 158                  -            333  1.1e-155  508.6   1.2   1   1  1.4e-155  1.4e-155  508.2   1.2     2   333     7   354     6   354 0.93 -
158at766_955_0:000332|OZ308468.1:739783-740848     -            355 158                  -            333  1.1e-155  508.6   1.2   1   1  1.4e-155  1.4e-155  508.2   1.2     2   333     7   354     6   354 0.93 -
158at766_96496_0:00006b|OZ308468.1:739783-740848   -            355 158                  -            333  1.1e-155  508.6   1.2   1   1  1.4e-155  1.4e-155  508.2   1.2     2   333     7   354     6   354 0.93 -
158at766_1248439_0:0000ab|OZ308468.1:739774-740845 -            358 158                  -            333  1.1e-155  508.5   1.2   1   1  1.4e-155  1.4e-155  508.2   1.2     2   333    10   357     9   357 0.93 -
158at766_574556_0:000314|OZ308468.1:739774-740845  -            358 158                  -            333  1.1e-155  508.5   1.2   1   1  1.4e-155  1.4e-155  508.2   1.2     2   333    10   357     9   357 0.93 -
158at766_779_0:00035a|OZ308468.1:739762-740845     -            362 158                  -            333  1.2e-155  508.5   1.2   1   1  1.5e-155  1.5e-155  508.1   1.2     2   333    14   361    13   361 0.93 -
158at766_1423892_0:000238|OZ308468.1:739744-740845 -            368 158                  -            333  1.2e-155  508.4   1.2   1   1  1.6e-155  1.6e-155  508.0   1.2     2   333    20   367    19   367 0.93 -
158at766_1242993_0:0002b9|OZ308468.1:739801-740845 -            349 158                  -            333  1.3e-155  508.3   1.0   1   1  1.7e-155  1.7e-155  508.0   1.0     3   333     2   348     1   348 0.93 -
158at766_1359163_0:0002d4|OZ308468.1:739801-740845 -            349 158                  -            333  1.3e-155  508.3   1.0   1   1  1.7e-155  1.7e-155  508.0   1.0     3   333     2   348     1   348 0.93 -
158at766_2486577_0:00003d|OZ308468.1:739804-740845 -            348 158                  -            333  1.8e-155  507.8   0.9   1   1  2.3e-155  2.3e-155  507.5   0.9     5   333     3   347     1   347 0.93 -
158at766_86105_0:00012e|OZ308468.1:739804-740848   -            348 158                  -            333  1.8e-155  507.8   0.9   1   1  2.3e-155  2.3e-155  507.5   0.9     5   333     3   347     1   347 0.93 -
158at766_334380_0:000248|OZ308468.1:739816-740848  -            344 158                  -            333  8.1e-155  505.7   1.3   1   1    1e-154    1e-154  505.3   1.3     7   333     1   343     1   343 0.93 -
158at766_696127_0:00048d|OZ308468.1:739816-740848  -            344 158                  -            333  8.1e-155  505.7   1.3   1   1    1e-154    1e-154  505.3   1.3     7   333     1   343     1   343 0.93 -
158at766_1528098_0:0001ea|OZ308468.1:739816-740842 -            343 158                  -            333  8.2e-155  505.7   1.3   1   1    1e-154    1e-154  505.4   1.3     7   333     1   343     1   343 0.93 -
158at766_1274402_0:0002fe|OZ308468.1:739816-740833 -            340 158                  -            333  8.1e-154  502.4   1.2   1   1    1e-153    1e-153  502.1   1.2     7   330     1   340     1   340 0.93 -
158at766_2486578_0:0001c7|OZ308468.1:739828-740842 -            339 158                  -            333  9.4e-154  502.2   1.3   1   1  1.2e-153  1.2e-153  501.9   1.3    11   333     1   339     1   339 0.93 -
158at766_1802984_0:0000cb|OZ308468.1:739891-740848 -            319 158                  -            333  7.6e-150  489.4   0.7   1   1  9.8e-150  9.8e-150  489.0   0.7    31   333     1   318     1   318 0.94 -
158at766_2602574_0:000339|OZ308468.1:739891-740848 -            319 158                  -            333  7.6e-150  489.4   0.7   1   1  9.8e-150  9.8e-150  489.0   0.7    31   333     1   318     1   318 0.94 -
158at766_1286528_0:0000c5|OZ308468.1:739816-740797 -            328 158                  -            333  1.6e-147  481.7   1.7   1   1    2e-147    2e-147  481.4   1.7     7   318     1   328     1   328 0.93 -
#
# Program:         hmmsearch
# Version:         3.4 (Aug 2023)
# Pipeline mode:   SEARCH
# Query file:      /Users/rossoaa/Desktop/dummy/genomes/records/compleasm/mb_downloads/rickettsiales_odb12/hmms/158at766.hmm
# Target file:     -
# Option settings: /Users/rossoaa/miniconda3/envs/compleasm_env/bin/hmmsearch --domtblout /Users/rossoaa/Desktop/dummy/genomes/records/compleasm/rickettsiales_odb12/hmmer_output/158at766.out --cpu 1 /Users/rossoaa/Desktop/dummy/genomes/records/compleasm/mb_downloads/rickettsiales_odb12/hmms/158at766.hmm - 
# Current dir:     /Users/rossoaa/Desktop/dummy/genomes/records/compleasm
# Date:            Tue Feb 10 10:20:22 2026
# [ok]
