#                                                                                                          --- full sequence --- -------------- this domain -------------   hmm coord   ali coord   env coord
# target name                                      accession   tlen query name           accession   qlen   E-value  score  bias   #  of  c-Evalue  i-Evalue  score  bias  from    to  from    to  from    to  acc description of target
#                              ------------------- ---------- ----- -------------------- ---------- ----- --------- ------ ----- --- --- --------- --------- ------ ----- ----- ----- ----- ----- ----- ----- ---- ---------------------
162at766_1359163_0:00030a|OZ308468.1:852062-853694 -            544 162                  -            535  2.5e-255  838.8   4.8   1   1  2.9e-255  2.9e-255  838.6   4.8     2   535     4   544     3   544 0.98 -
162at766_1392507_0:000093|OZ308468.1:852062-853694 -            544 162                  -            535  2.5e-255  838.8   4.8   1   1  2.9e-255  2.9e-255  838.6   4.8     2   535     4   544     3   544 0.98 -
162at766_1528098_0:00045b|OZ308468.1:852065-853694 -            544 162                  -            535  2.5e-255  838.8   4.8   1   1  2.9e-255  2.9e-255  838.6   4.8     2   535     4   544     3   544 0.98 -
162at766_1605993_0:0002ef|OZ308468.1:852062-853694 -            544 162                  -            535  2.5e-255  838.8   4.8   1   1  2.9e-255  2.9e-255  838.6   4.8     2   535     4   544     3   544 0.98 -
162at766_169402_0:000586|OZ308468.1:852062-853694  -            544 162                  -            535  2.5e-255  838.8   4.8   1   1  2.9e-255  2.9e-255  838.6   4.8     2   535     4   544     3   544 0.98 -
162at766_246273_0:000380|OZ308468.1:852062-853694  -            544 162                  -            535  2.5e-255  838.8   4.8   1   1  2.9e-255  2.9e-255  838.6   4.8     2   535     4   544     3   544 0.98 -
162at766_2486577_0:0002e8|OZ308468.1:852062-853694 -            544 162                  -            535  2.5e-255  838.8   4.8   1   1  2.9e-255  2.9e-255  838.6   4.8     2   535     4   544     3   544 0.98 -
162at766_752179_0:00025a|OZ308468.1:852062-853694  -            544 162                  -            535  2.5e-255  838.8   4.8   1   1  2.9e-255  2.9e-255  838.6   4.8     2   535     4   544     3   544 0.98 -
162at766_955_0:00024a|OZ308468.1:852062-853694     -            544 162                  -            535  2.5e-255  838.8   4.8   1   1  2.9e-255  2.9e-255  838.6   4.8     2   535     4   544     3   544 0.98 -
162at766_96496_0:00017a|OZ308468.1:852062-853694   -            544 162                  -            535  2.5e-255  838.8   4.8   1   1  2.9e-255  2.9e-255  838.6   4.8     2   535     4   544     3   544 0.98 -
162at766_1242993_0:0000ca|OZ308468.1:852062-853688 -            542 162                  -            535  2.5e-255  838.8   4.8   1   1  2.8e-255  2.8e-255  838.7   4.8     2   535     2   542     1   542 0.98 -
162at766_1286528_0:0002d3|OZ308468.1:852062-853688 -            542 162                  -            535  2.5e-255  838.8   4.8   1   1  2.8e-255  2.8e-255  838.7   4.8     2   535     2   542     1   542 0.98 -
162at766_1714371_0:0001dc|OZ308468.1:852062-853688 -            542 162                  -            535  2.5e-255  838.8   4.8   1   1  2.8e-255  2.8e-255  838.7   4.8     2   535     2   542     1   542 0.98 -
162at766_205920_0:000066|OZ308468.1:852062-853688  -            542 162                  -            535  2.5e-255  838.8   4.8   1   1  2.8e-255  2.8e-255  838.7   4.8     2   535     2   542     1   542 0.98 -
162at766_222891_0:00009c|OZ308468.1:852062-853688  -            542 162                  -            535  2.5e-255  838.8   4.8   1   1  2.8e-255  2.8e-255  838.7   4.8     2   535     2   542     1   542 0.98 -
162at766_391036_0:000092|OZ308468.1:852062-853688  -            542 162                  -            535  2.5e-255  838.8   4.8   1   1  2.8e-255  2.8e-255  838.7   4.8     2   535     2   542     1   542 0.98 -
162at766_434131_0:000210|OZ308468.1:852062-853688  -            542 162                  -            535  2.5e-255  838.8   4.8   1   1  2.8e-255  2.8e-255  838.7   4.8     2   535     2   542     1   542 0.98 -
162at766_779_0:00012c|OZ308468.1:852062-853688     -            542 162                  -            535  2.5e-255  838.8   4.8   1   1  2.8e-255  2.8e-255  838.7   4.8     2   535     2   542     1   542 0.98 -
162at766_272947_0:000189|OZ308468.1:852065-853703  -            547 162                  -            535  2.6e-255  838.8   4.8   1   1  2.9e-255  2.9e-255  838.6   4.8     2   535     7   547     6   547 0.98 -
162at766_336407_0:0004b9|OZ308468.1:852065-853703  -            547 162                  -            535  2.6e-255  838.8   4.8   1   1  2.9e-255  2.9e-255  838.6   4.8     2   535     7   547     6   547 0.98 -
162at766_481009_0:000043|OZ308468.1:852065-853703  -            547 162                  -            535  2.6e-255  838.8   4.8   1   1  2.9e-255  2.9e-255  838.6   4.8     2   535     7   547     6   547 0.98 -
162at766_86105_0:00038f|OZ308468.1:852062-853703   -            547 162                  -            535  2.6e-255  838.8   4.8   1   1  2.9e-255  2.9e-255  838.6   4.8     2   535     7   547     6   547 0.98 -
162at766_1274402_0:000024|OZ308468.1:852065-853706 -            548 162                  -            535  2.6e-255  838.8   4.8   1   1  2.9e-255  2.9e-255  838.6   4.8     2   535     8   548     7   548 0.98 -
162at766_2602574_0:000359|OZ308468.1:852062-853709 -            549 162                  -            535  2.6e-255  838.8   4.8   1   1    3e-255    3e-255  838.6   4.8     2   535     9   549     8   549 0.98 -
162at766_1105107_0:0002b0|OZ308468.1:852062-853721 -            553 162                  -            535  2.7e-255  838.7   4.8   1   1    3e-255    3e-255  838.6   4.8     2   535    13   553    12   553 0.98 -
162at766_1359168_0:000116|OZ308468.1:852062-853724 -            554 162                  -            535  2.7e-255  838.7   4.8   1   1  3.1e-255  3.1e-255  838.5   4.8     2   535    14   554    13   554 0.98 -
162at766_334380_0:000277|OZ308468.1:852062-853724  -            554 162                  -            535  2.7e-255  838.7   4.8   1   1  3.1e-255  3.1e-255  838.5   4.8     2   535    14   554    13   554 0.98 -
162at766_1961830_0:00016d|OZ308468.1:852065-853685 -            541 162                  -            535  3.2e-255  838.5   4.5   1   1  3.6e-255  3.6e-255  838.3   4.5     2   535     1   541     1   541 0.98 -
162at766_1248439_0:000033|OZ308468.1:852062-853673 -            537 162                  -            535  9.6e-254  833.6   4.1   1   1  1.1e-253  1.1e-253  833.4   4.1     6   535     1   537     1   537 0.98 -
162at766_142058_0:00005b|OZ308468.1:852062-853673  -            537 162                  -            535  9.6e-254  833.6   4.1   1   1  1.1e-253  1.1e-253  833.4   4.1     6   535     1   537     1   537 0.98 -
162at766_574556_0:000303|OZ308468.1:852062-853673  -            537 162                  -            535  9.6e-254  833.6   4.1   1   1  1.1e-253  1.1e-253  833.4   4.1     6   535     1   537     1   537 0.98 -
#
# Program:         hmmsearch
# Version:         3.4 (Aug 2023)
# Pipeline mode:   SEARCH
# Query file:      /Users/rossoaa/Desktop/dummy/genomes/records/compleasm/mb_downloads/rickettsiales_odb12/hmms/162at766.hmm
# Target file:     -
# Option settings: /Users/rossoaa/miniconda3/envs/compleasm_env/bin/hmmsearch --domtblout /Users/rossoaa/Desktop/dummy/genomes/records/compleasm/rickettsiales_odb12/hmmer_output/162at766.out --cpu 1 /Users/rossoaa/Desktop/dummy/genomes/records/compleasm/mb_downloads/rickettsiales_odb12/hmms/162at766.hmm - 
# Current dir:     /Users/rossoaa/Desktop/dummy/genomes/records/compleasm
# Date:            Tue Feb 10 10:20:23 2026
# [ok]
