#                                                                                                          --- full sequence --- -------------- this domain -------------   hmm coord   ali coord   env coord
# target name                                      accession   tlen query name           accession   qlen   E-value  score  bias   #  of  c-Evalue  i-Evalue  score  bias  from    to  from    to  from    to  acc description of target
#                              ------------------- ---------- ----- -------------------- ---------- ----- --------- ------ ----- --- --- --------- --------- ------ ----- ----- ----- ----- ----- ----- ----- ---- ---------------------
170at766_1605993_0:00026f|OZ308468.1:638632-639133 -            167 170                  -            153     6e-61  194.5   0.3   1   1   7.1e-61   7.1e-61  194.3   0.3     7   151     2   161     1   163 0.96 -
170at766_169402_0:0001b9|OZ308468.1:638632-639133  -            167 170                  -            153     6e-61  194.5   0.3   1   1   7.1e-61   7.1e-61  194.3   0.3     7   151     2   161     1   163 0.96 -
170at766_246273_0:000337|OZ308468.1:638632-639133  -            167 170                  -            153     6e-61  194.5   0.3   1   1   7.1e-61   7.1e-61  194.3   0.3     7   151     2   161     1   163 0.96 -
170at766_96496_0:0001be|OZ308468.1:638632-639133   -            167 170                  -            153     6e-61  194.5   0.3   1   1   7.1e-61   7.1e-61  194.3   0.3     7   151     2   161     1   163 0.96 -
170at766_1423892_0:0001ce|OZ308468.1:638635-639121 -            163 170                  -            153   8.5e-61  194.0   0.2   1   1   9.7e-61   9.7e-61  193.8   0.2     8   151     2   160     1   162 0.96 -
170at766_1242993_0:00012c|OZ308468.1:638635-639124 -            164 170                  -            153   8.5e-61  194.0   0.2   1   1     1e-60     1e-60  193.8   0.2     8   151     2   160     1   162 0.96 -
170at766_205920_0:00035b|OZ308468.1:638635-639124  -            164 170                  -            153   8.5e-61  194.0   0.2   1   1     1e-60     1e-60  193.8   0.2     8   151     2   160     1   162 0.96 -
170at766_1392507_0:000092|OZ308468.1:638635-639118 -            162 170                  -            153   8.5e-61  194.0   0.2   1   1   9.5e-61   9.5e-61  193.9   0.2     8   151     2   160     1   162 0.96 -
170at766_779_0:0001fe|OZ308468.1:638635-639133     -            166 170                  -            153   8.9e-61  194.0   0.2   1   1     1e-60     1e-60  193.7   0.2     8   151     2   160     1   162 0.96 -
170at766_391036_0:0001f6|OZ308468.1:638635-639112  -            160 170                  -            153   1.5e-60  193.3   0.2   1   1   1.6e-60   1.6e-60  193.1   0.2     8   149     2   158     1   160 0.96 -
170at766_955_0:0001e3|OZ308468.1:638647-639106     -            154 170                  -            153   4.7e-59  188.4   0.2   1   1   5.3e-59   5.3e-59  188.2   0.2    11   148     1   153     1   154 0.96 -
170at766_1248439_0:000061|OZ308468.1:638635-639091 -            153 170                  -            153   1.2e-58  187.0   0.1   1   1   1.3e-58   1.3e-58  186.9   0.1     8   143     2   152     1   153 0.96 -
170at766_142058_0:0000c7|OZ308468.1:638635-639091  -            153 170                  -            153   1.2e-58  187.0   0.1   1   1   1.3e-58   1.3e-58  186.9   0.1     8   143     2   152     1   153 0.96 -
170at766_574556_0:00009d|OZ308468.1:638635-639091  -            153 170                  -            153   1.2e-58  187.0   0.1   1   1   1.3e-58   1.3e-58  186.9   0.1     8   143     2   152     1   153 0.96 -
#
# Program:         hmmsearch
# Version:         3.4 (Aug 2023)
# Pipeline mode:   SEARCH
# Query file:      /Users/rossoaa/Desktop/dummy/genomes/records/compleasm/mb_downloads/rickettsiales_odb12/hmms/170at766.hmm
# Target file:     -
# Option settings: /Users/rossoaa/miniconda3/envs/compleasm_env/bin/hmmsearch --domtblout /Users/rossoaa/Desktop/dummy/genomes/records/compleasm/rickettsiales_odb12/hmmer_output/170at766.out --cpu 1 /Users/rossoaa/Desktop/dummy/genomes/records/compleasm/mb_downloads/rickettsiales_odb12/hmms/170at766.hmm - 
# Current dir:     /Users/rossoaa/Desktop/dummy/genomes/records/compleasm
# Date:            Tue Feb 10 10:20:21 2026
# [ok]
