#                                                                                                           --- full sequence --- -------------- this domain -------------   hmm coord   ali coord   env coord
# target name                                       accession   tlen query name           accession   qlen   E-value  score  bias   #  of  c-Evalue  i-Evalue  score  bias  from    to  from    to  from    to  acc description of target
#                               ------------------- ---------- ----- -------------------- ---------- ----- --------- ------ ----- --- --- --------- --------- ------ ----- ----- ----- ----- ----- ----- ----- ---- ---------------------
1757at766_1359168_0:00025e|OZ308468.1:296028-298488 -            820 1757                 -            803         0 1399.0   3.2   1   1         0         0 1398.9   3.2     1   803     1   820     1   820 0.96 -
1757at766_2602574_0:000002|OZ308468.1:296028-298488 -            820 1757                 -            803         0 1399.0   3.2   1   1         0         0 1398.9   3.2     1   803     1   820     1   820 0.96 -
1757at766_334380_0:000141|OZ308468.1:296028-298488  -            820 1757                 -            803         0 1399.0   3.2   1   1         0         0 1398.9   3.2     1   803     1   820     1   820 0.96 -
1757at766_752179_0:000393|OZ308468.1:296028-298488  -            820 1757                 -            803         0 1399.0   3.2   1   1         0         0 1398.9   3.2     1   803     1   820     1   820 0.96 -
1757at766_1274402_0:00014a|OZ308468.1:296025-298488 -            821 1757                 -            803         0 1399.0   3.2   1   1         0         0 1398.9   3.2     1   803     2   821     2   821 0.96 -
1757at766_1242993_0:000036|OZ308468.1:296022-298488 -            822 1757                 -            803         0 1399.0   3.2   1   1         0         0 1398.9   3.2     1   803     3   822     3   822 0.96 -
1757at766_1248439_0:0000af|OZ308468.1:296022-298485 -            822 1757                 -            803         0 1399.0   3.2   1   1         0         0 1398.9   3.2     1   803     3   822     3   822 0.96 -
1757at766_1359163_0:000194|OZ308468.1:296022-298485 -            822 1757                 -            803         0 1399.0   3.2   1   1         0         0 1398.9   3.2     1   803     3   822     3   822 0.96 -
1757at766_1392507_0:00011a|OZ308468.1:296022-298485 -            822 1757                 -            803         0 1399.0   3.2   1   1         0         0 1398.9   3.2     1   803     3   822     3   822 0.96 -
1757at766_1423892_0:000161|OZ308468.1:296022-298485 -            822 1757                 -            803         0 1399.0   3.2   1   1         0         0 1398.9   3.2     1   803     3   822     3   822 0.96 -
1757at766_1605993_0:000298|OZ308468.1:296022-298488 -            822 1757                 -            803         0 1399.0   3.2   1   1         0         0 1398.9   3.2     1   803     3   822     3   822 0.96 -
1757at766_169402_0:00013f|OZ308468.1:296022-298488  -            822 1757                 -            803         0 1399.0   3.2   1   1         0         0 1398.9   3.2     1   803     3   822     3   822 0.96 -
1757at766_205920_0:0002bb|OZ308468.1:296022-298485  -            822 1757                 -            803         0 1399.0   3.2   1   1         0         0 1398.9   3.2     1   803     3   822     3   822 0.96 -
1757at766_246273_0:00035f|OZ308468.1:296022-298488  -            822 1757                 -            803         0 1399.0   3.2   1   1         0         0 1398.9   3.2     1   803     3   822     3   822 0.96 -
1757at766_391036_0:000064|OZ308468.1:296022-298485  -            822 1757                 -            803         0 1399.0   3.2   1   1         0         0 1398.9   3.2     1   803     3   822     3   822 0.96 -
1757at766_779_0:000372|OZ308468.1:296022-298485     -            822 1757                 -            803         0 1399.0   3.2   1   1         0         0 1398.9   3.2     1   803     3   822     3   822 0.96 -
1757at766_955_0:000293|OZ308468.1:296022-298488     -            822 1757                 -            803         0 1399.0   3.2   1   1         0         0 1398.9   3.2     1   803     3   822     3   822 0.96 -
1757at766_96496_0:000270|OZ308468.1:296022-298488   -            822 1757                 -            803         0 1399.0   3.2   1   1         0         0 1398.9   3.2     1   803     3   822     3   822 0.96 -
1757at766_1286528_0:0000d3|OZ308468.1:296019-298485 -            823 1757                 -            803         0 1399.0   3.2   1   1         0         0 1398.9   3.2     1   803     4   823     4   823 0.96 -
1757at766_1714371_0:000078|OZ308468.1:296019-298485 -            823 1757                 -            803         0 1399.0   3.2   1   1         0         0 1398.9   3.2     1   803     4   823     4   823 0.96 -
1757at766_1802984_0:0001d8|OZ308468.1:296019-298488 -            823 1757                 -            803         0 1399.0   3.2   1   1         0         0 1398.9   3.2     1   803     4   823     4   823 0.96 -
1757at766_222891_0:0001be|OZ308468.1:296019-298485  -            823 1757                 -            803         0 1399.0   3.2   1   1         0         0 1398.9   3.2     1   803     4   823     4   823 0.96 -
1757at766_2486577_0:0001f9|OZ308468.1:296019-298488 -            823 1757                 -            803         0 1399.0   3.2   1   1         0         0 1398.9   3.2     1   803     4   823     4   823 0.96 -
1757at766_434131_0:00000e|OZ308468.1:296019-298485  -            823 1757                 -            803         0 1399.0   3.2   1   1         0         0 1398.9   3.2     1   803     4   823     4   823 0.96 -
1757at766_86105_0:0005a1|OZ308468.1:296019-298488   -            823 1757                 -            803         0 1399.0   3.2   1   1         0         0 1398.9   3.2     1   803     4   823     4   823 0.96 -
1757at766_142058_0:000196|OZ308468.1:296013-298485  -            825 1757                 -            803         0 1399.0   3.2   1   1         0         0 1398.8   3.2     1   803     6   825     6   825 0.96 -
1757at766_696127_0:0000c5|OZ308468.1:296013-298485  -            825 1757                 -            803         0 1399.0   3.2   1   1         0         0 1398.8   3.2     1   803     6   825     6   825 0.96 -
1757at766_2486578_0:0005b2|OZ308468.1:296010-298488 -            826 1757                 -            803         0 1399.0   3.2   1   1         0         0 1398.8   3.2     1   803     7   826     7   826 0.96 -
1757at766_1105107_0:000145|OZ308468.1:296034-298488 -            818 1757                 -            803         0 1395.7   3.2   1   1         0         0 1395.6   3.2     3   803     1   818     1   818 0.96 -
1757at766_1961830_0:0002ef|OZ308468.1:296034-298488 -            818 1757                 -            803         0 1395.7   3.2   1   1         0         0 1395.6   3.2     3   803     1   818     1   818 0.96 -
1757at766_272947_0:0002d3|OZ308468.1:296034-298488  -            818 1757                 -            803         0 1395.7   3.2   1   1         0         0 1395.6   3.2     3   803     1   818     1   818 0.96 -
1757at766_481009_0:0000ec|OZ308468.1:296034-298488  -            818 1757                 -            803         0 1395.7   3.2   1   1         0         0 1395.6   3.2     3   803     1   818     1   818 0.96 -
1757at766_2115978_0:000145|OZ308468.1:296037-298488 -            817 1757                 -            803         0 1394.4   3.2   1   1         0         0 1394.3   3.2     4   803     1   817     1   817 0.96 -
1757at766_336407_0:000346|OZ308468.1:296037-298488  -            817 1757                 -            803         0 1394.4   3.2   1   1         0         0 1394.3   3.2     4   803     1   817     1   817 0.96 -
1757at766_1528098_0:00001f|OZ308468.1:296043-298488 -            815 1757                 -            803         0 1392.4   2.8   1   1         0         0 1392.2   2.8     6   803     1   815     1   815 0.96 -
#
# Program:         hmmsearch
# Version:         3.4 (Aug 2023)
# Pipeline mode:   SEARCH
# Query file:      /Users/rossoaa/Desktop/dummy/genomes/records/compleasm/mb_downloads/rickettsiales_odb12/hmms/1757at766.hmm
# Target file:     -
# Option settings: /Users/rossoaa/miniconda3/envs/compleasm_env/bin/hmmsearch --domtblout /Users/rossoaa/Desktop/dummy/genomes/records/compleasm/rickettsiales_odb12/hmmer_output/1757at766.out --cpu 1 /Users/rossoaa/Desktop/dummy/genomes/records/compleasm/mb_downloads/rickettsiales_odb12/hmms/1757at766.hmm - 
# Current dir:     /Users/rossoaa/Desktop/dummy/genomes/records/compleasm
# Date:            Tue Feb 10 10:20:22 2026
# [ok]
