#                                                                                                           --- full sequence --- -------------- this domain -------------   hmm coord   ali coord   env coord
# target name                                       accession   tlen query name           accession   qlen   E-value  score  bias   #  of  c-Evalue  i-Evalue  score  bias  from    to  from    to  from    to  acc description of target
#                               ------------------- ---------- ----- -------------------- ---------- ----- --------- ------ ----- --- --- --------- --------- ------ ----- ----- ----- ----- ----- ----- ----- ---- ---------------------
1771at766_1286528_0:0001f8|OZ308468.1:898655-901895 -            950 1771                 -            649  5.1e-235  772.7  17.6   1   1  1.9e-233  1.9e-233  767.5  17.6     2   647     5   724     4   726 0.87 -
1771at766_1714371_0:000245|OZ308468.1:898655-901895 -            950 1771                 -            649  5.1e-235  772.7  17.6   1   1  1.9e-233  1.9e-233  767.5  17.6     2   647     5   724     4   726 0.87 -
1771at766_222891_0:000277|OZ308468.1:898655-901895  -            950 1771                 -            649  5.1e-235  772.7  17.6   1   1  1.9e-233  1.9e-233  767.5  17.6     2   647     5   724     4   726 0.87 -
1771at766_434131_0:000029|OZ308468.1:898655-901895  -            950 1771                 -            649  5.1e-235  772.7  17.6   1   1  1.9e-233  1.9e-233  767.5  17.6     2   647     5   724     4   726 0.87 -
1771at766_1248439_0:000076|OZ308468.1:899261-901898 -            880 1771                 -            649  9.1e-231  758.6  29.3   1   2   3.7e-55   3.7e-55  178.4   2.7     2   213     6   236     5   243 0.83 -
1771at766_1248439_0:000076|OZ308468.1:899261-901898 -            880 1771                 -            649  9.1e-231  758.6  29.3   2   2  5.1e-177  5.1e-177  581.1  18.9   121   647   276   856   264   858 0.85 -
1771at766_1242993_0:000265|OZ308468.1:899249-901895 -            883 1771                 -            649  9.3e-231  758.6  29.3   1   2   3.8e-55   3.8e-55  178.4   2.7     2   213     5   235     4   242 0.83 -
1771at766_1242993_0:000265|OZ308468.1:899249-901895 -            883 1771                 -            649  9.3e-231  758.6  29.3   2   2  5.1e-177  5.1e-177  581.0  18.9   121   647   275   855   263   857 0.85 -
1771at766_1423892_0:0002e8|OZ308468.1:899249-901895 -            883 1771                 -            649  9.3e-231  758.6  29.3   1   2   3.8e-55   3.8e-55  178.4   2.7     2   213     5   235     4   242 0.83 -
1771at766_1423892_0:0002e8|OZ308468.1:899249-901895 -            883 1771                 -            649  9.3e-231  758.6  29.3   2   2  5.1e-177  5.1e-177  581.0  18.9   121   647   275   855   263   857 0.85 -
1771at766_205920_0:000126|OZ308468.1:899249-901895  -            883 1771                 -            649  9.3e-231  758.6  29.3   1   2   3.8e-55   3.8e-55  178.4   2.7     2   213     5   235     4   242 0.83 -
1771at766_205920_0:000126|OZ308468.1:899249-901895  -            883 1771                 -            649  9.3e-231  758.6  29.3   2   2  5.1e-177  5.1e-177  581.0  18.9   121   647   275   855   263   857 0.85 -
1771at766_391036_0:000016|OZ308468.1:899249-901895  -            883 1771                 -            649  9.3e-231  758.6  29.3   1   2   3.8e-55   3.8e-55  178.4   2.7     2   213     5   235     4   242 0.83 -
1771at766_391036_0:000016|OZ308468.1:899249-901895  -            883 1771                 -            649  9.3e-231  758.6  29.3   2   2  5.1e-177  5.1e-177  581.0  18.9   121   647   275   855   263   857 0.85 -
1771at766_1359163_0:000297|OZ308468.1:899246-901916 -            891 1771                 -            649  9.7e-231  758.5  29.3   1   2   3.8e-55   3.8e-55  178.4   2.7     2   213    12   242    11   249 0.83 -
1771at766_1359163_0:000297|OZ308468.1:899246-901916 -            891 1771                 -            649  9.7e-231  758.5  29.3   2   2  5.3e-177  5.3e-177  581.0  18.9   121   647   282   862   270   864 0.85 -
1771at766_1105107_0:00011a|OZ308468.1:899330-901895 -            787 1771                 -            649  1.1e-230  758.3  26.7   1   2   7.5e-55   7.5e-55  177.4   2.9     2   193     5   215     4   227 0.81 -
1771at766_1105107_0:00011a|OZ308468.1:899330-901895 -            787 1771                 -            649  1.1e-230  758.3  26.7   2   2  7.1e-177  7.1e-177  580.6  18.8   123   647   208   786   195   787 0.84 -
1771at766_481009_0:000233|OZ308468.1:899330-901895  -            787 1771                 -            649  1.1e-230  758.3  26.7   1   2   7.5e-55   7.5e-55  177.4   2.9     2   193     5   215     4   227 0.81 -
1771at766_481009_0:000233|OZ308468.1:899330-901895  -            787 1771                 -            649  1.1e-230  758.3  26.7   2   2  7.1e-177  7.1e-177  580.6  18.8   123   647   208   786   195   787 0.84 -
1771at766_696127_0:000055|OZ308468.1:899336-901901  -            856 1771                 -            649  1.8e-230  757.7  29.1   1   3   3.6e-55   3.6e-55  178.5   2.7     2   213     7   237     6   244 0.83 -
1771at766_696127_0:000055|OZ308468.1:899336-901901  -            856 1771                 -            649  1.8e-230  757.7  29.1   2   3   2.2e-69   2.2e-69  225.4   6.4   121   360   277   532   268   540 0.81 -
1771at766_696127_0:000055|OZ308468.1:899336-901901  -            856 1771                 -            649  1.8e-230  757.7  29.1   3   3    1e-111    1e-111  365.3   4.9   353   645   544   855   533   856 0.91 -
1771at766_272947_0:000277|OZ308468.1:899330-901895  -            811 1771                 -            649  1.8e-230  757.6  28.1   1   2   7.9e-55   7.9e-55  177.3   3.4     2   211     5   233     4   243 0.82 -
1771at766_272947_0:000277|OZ308468.1:899330-901895  -            811 1771                 -            649  1.8e-230  757.6  28.1   2   2  7.8e-177  7.8e-177  580.4  17.9   138   647   248   810   229   811 0.84 -
1771at766_1274402_0:000113|OZ308468.1:899336-901910 -            859 1771                 -            649  1.8e-230  757.6  29.1   1   3   3.6e-55   3.6e-55  178.5   2.7     2   213    10   240     9   247 0.83 -
1771at766_1274402_0:000113|OZ308468.1:899336-901910 -            859 1771                 -            649  1.8e-230  757.6  29.1   2   3   2.3e-69   2.3e-69  225.4   6.4   121   360   280   535   271   543 0.81 -
1771at766_1274402_0:000113|OZ308468.1:899336-901910 -            859 1771                 -            649  1.8e-230  757.6  29.1   3   3    1e-111    1e-111  365.3   4.9   353   645   547   858   536   859 0.91 -
1771at766_336407_0:000078|OZ308468.1:899339-901895  -            784 1771                 -            649  2.2e-230  757.4  26.1   1   2   6.6e-55   6.6e-55  177.6   2.8     2   193     5   215     4   227 0.81 -
1771at766_336407_0:000078|OZ308468.1:899339-901895  -            784 1771                 -            649  2.2e-230  757.4  26.1   2   2  1.1e-176  1.1e-176  579.9  17.8   124   645   209   784   197   784 0.84 -
1771at766_2602574_0:000286|OZ308468.1:898661-901904 -           1051 1771                 -            649  2.3e-230  757.3  29.4   1   2   5.1e-55   5.1e-55  178.0   2.7     2   213     8   238     7   245 0.83 -
1771at766_2602574_0:000286|OZ308468.1:898661-901904 -           1051 1771                 -            649  2.3e-230  757.3  29.4   2   2    9e-177    9e-177  580.2  19.0   121   647   278   858   268   860 0.85 -
1771at766_169402_0:000025|OZ308468.1:898629-901895  -           1089 1771                 -            649  2.7e-230  757.1  29.4   1   2   5.4e-55   5.4e-55  177.9   2.7     2   213     5   235     4   242 0.83 -
1771at766_169402_0:000025|OZ308468.1:898629-901895  -           1089 1771                 -            649  2.7e-230  757.1  29.4   2   2  9.7e-177  9.7e-177  580.1  18.9   121   647   275   855   265   857 0.85 -
1771at766_1605993_0:000053|OZ308468.1:898628-901895 -           1089 1771                 -            649  2.7e-230  757.1  29.4   1   2   5.4e-55   5.4e-55  177.9   2.7     2   213     5   235     4   242 0.83 -
1771at766_1605993_0:000053|OZ308468.1:898628-901895 -           1089 1771                 -            649  2.7e-230  757.1  29.4   2   2  9.7e-177  9.7e-177  580.1  18.9   121   647   275   855   265   857 0.85 -
1771at766_96496_0:0002b2|OZ308468.1:898628-901895   -           1089 1771                 -            649  2.7e-230  757.1  29.4   1   2   5.4e-55   5.4e-55  177.9   2.7     2   213     5   235     4   242 0.83 -
1771at766_96496_0:0002b2|OZ308468.1:898628-901895   -           1089 1771                 -            649  2.7e-230  757.1  29.4   2   2  9.7e-177  9.7e-177  580.1  18.9   121   647   275   855   265   857 0.85 -
1771at766_2486578_0:0004a0|OZ308468.1:898628-901907 -           1093 1771                 -            649  2.8e-230  757.0  29.4   1   2   5.4e-55   5.4e-55  177.9   2.7     2   213     9   239     8   246 0.83 -
1771at766_2486578_0:0004a0|OZ308468.1:898628-901907 -           1093 1771                 -            649  2.8e-230  757.0  29.4   2   2  9.8e-177  9.8e-177  580.1  18.9   121   647   279   859   269   861 0.85 -
1771at766_1961830_0:000233|OZ308468.1:899276-901895 -            826 1771                 -            649  3.7e-230  756.6  28.9   1   3   1.6e-54   1.6e-54  176.3   3.7     2   207     5   229     4   241 0.80 -
1771at766_1961830_0:000233|OZ308468.1:899276-901895 -            826 1771                 -            649  3.7e-230  756.6  28.9   2   3      0.19      0.19    1.0   0.7   149   183   215   248   185   274 0.59 -
1771at766_1961830_0:000233|OZ308468.1:899276-901895 -            826 1771                 -            649  3.7e-230  756.6  28.9   3   3  1.2e-176  1.2e-176  579.9  18.7   139   647   246   807   227   809 0.84 -
1771at766_1528098_0:00035f|OZ308468.1:898640-901883 -           1082 1771                 -            649  4.2e-230  756.4  29.2   1   2   8.4e-55   8.4e-55  177.2   2.5     2   213     1   231     1   238 0.83 -
1771at766_1528098_0:00035f|OZ308468.1:898640-901883 -           1082 1771                 -            649  4.2e-230  756.4  29.2   2   2  9.8e-177  9.8e-177  580.1  19.0   121   647   271   851   261   853 0.85 -
1771at766_86105_0:000488|OZ308468.1:898640-901883   -           1082 1771                 -            649  4.2e-230  756.4  29.2   1   2   8.4e-55   8.4e-55  177.2   2.5     2   213     1   231     1   238 0.83 -
1771at766_86105_0:000488|OZ308468.1:898640-901883   -           1082 1771                 -            649  4.2e-230  756.4  29.2   2   2  9.8e-177  9.8e-177  580.1  19.0   121   647   271   851   261   853 0.85 -
1771at766_1359168_0:000281|OZ308468.1:898631-901883 -           1085 1771                 -            649  4.3e-230  756.4  29.2   1   2   8.4e-55   8.4e-55  177.2   2.5     2   213     1   231     1   238 0.83 -
1771at766_1359168_0:000281|OZ308468.1:898631-901883 -           1085 1771                 -            649  4.3e-230  756.4  29.2   2   2  9.8e-177  9.8e-177  580.1  19.0   121   647   271   851   261   853 0.85 -
1771at766_334380_0:0003f4|OZ308468.1:898631-901883  -           1085 1771                 -            649  4.3e-230  756.4  29.2   1   2   8.4e-55   8.4e-55  177.2   2.5     2   213     1   231     1   238 0.83 -
1771at766_334380_0:0003f4|OZ308468.1:898631-901883  -           1085 1771                 -            649  4.3e-230  756.4  29.2   2   2  9.8e-177  9.8e-177  580.1  19.0   121   647   271   851   261   853 0.85 -
1771at766_2115978_0:00033f|OZ308468.1:898655-901898 -           1037 1771                 -            649  6.4e-230  755.8  28.4   1   2   1.3e-54   1.3e-54  176.7   3.4     2   211     6   234     5   243 0.81 -
1771at766_2115978_0:00033f|OZ308468.1:898655-901898 -           1037 1771                 -            649  6.4e-230  755.8  28.4   2   2  1.6e-176  1.6e-176  579.4  19.2   122   647   232   811   214   813 0.84 -
1771at766_2486577_0:000294|OZ308468.1:899345-901883 -            847 1771                 -            649  1.8e-229  754.3  28.8   1   2   5.5e-55   5.5e-55  177.9   2.5     2   213     1   231     1   238 0.83 -
1771at766_2486577_0:000294|OZ308468.1:899345-901883 -            847 1771                 -            649  1.8e-229  754.3  28.8   2   2  7.6e-176  7.6e-176  577.2  18.6   121   643   271   847   261   847 0.85 -
1771at766_955_0:000006|OZ308468.1:899216-901871     -            886 1771                 -            649  1.4e-228  751.4  29.7   1   2   5.3e-53   5.3e-53  171.3   3.0     6   213     1   227     1   234 0.83 -
1771at766_955_0:000006|OZ308468.1:899216-901871     -            886 1771                 -            649  1.4e-228  751.4  29.7   2   2  5.2e-177  5.2e-177  581.0  18.9   121   647   267   847   255   849 0.85 -
1771at766_1392507_0:00038a|OZ308468.1:899249-901862 -            872 1771                 -            649  2.1e-227  747.5  29.8   1   2   7.8e-52   7.8e-52  167.4   3.0     9   213     1   224     1   231 0.83 -
1771at766_1392507_0:00038a|OZ308468.1:899249-901862 -            872 1771                 -            649  2.1e-227  747.5  29.8   2   2  5.6e-177  5.6e-177  580.9  19.0   121   647   264   844   254   846 0.85 -
1771at766_779_0:000078|OZ308468.1:899249-901862     -            872 1771                 -            649  2.1e-227  747.5  29.8   1   2   7.8e-52   7.8e-52  167.4   3.0     9   213     1   224     1   231 0.83 -
1771at766_779_0:000078|OZ308468.1:899249-901862     -            872 1771                 -            649  2.1e-227  747.5  29.8   2   2  5.6e-177  5.6e-177  580.9  19.0   121   647   264   844   254   846 0.85 -
1771at766_142058_0:000375|OZ308468.1:899246-901862  -            873 1771                 -            649  2.1e-227  747.5  29.8   1   2   7.8e-52   7.8e-52  167.4   3.0     9   213     1   224     1   231 0.83 -
1771at766_142058_0:000375|OZ308468.1:899246-901862  -            873 1771                 -            649  2.1e-227  747.5  29.8   2   2  5.6e-177  5.6e-177  580.9  19.0   121   647   264   844   254   846 0.85 -
#
# Program:         hmmsearch
# Version:         3.4 (Aug 2023)
# Pipeline mode:   SEARCH
# Query file:      /Users/rossoaa/Desktop/dummy/genomes/records/compleasm/mb_downloads/rickettsiales_odb12/hmms/1771at766.hmm
# Target file:     -
# Option settings: /Users/rossoaa/miniconda3/envs/compleasm_env/bin/hmmsearch --domtblout /Users/rossoaa/Desktop/dummy/genomes/records/compleasm/rickettsiales_odb12/hmmer_output/1771at766.out --cpu 1 /Users/rossoaa/Desktop/dummy/genomes/records/compleasm/mb_downloads/rickettsiales_odb12/hmms/1771at766.hmm - 
# Current dir:     /Users/rossoaa/Desktop/dummy/genomes/records/compleasm
# Date:            Tue Feb 10 10:20:22 2026
# [ok]
