#                                                                                                           --- full sequence --- -------------- this domain -------------   hmm coord   ali coord   env coord
# target name                                       accession   tlen query name           accession   qlen   E-value  score  bias   #  of  c-Evalue  i-Evalue  score  bias  from    to  from    to  from    to  acc description of target
#                               ------------------- ---------- ----- -------------------- ---------- ----- --------- ------ ----- --- --- --------- --------- ------ ----- ----- ----- ----- ----- ----- ----- ---- ---------------------
1797at766_1359163_0:000140|OZ308468.1:709281-710334 -            352 1797                 -            349  3.1e-142  463.9  18.8   1   1  3.5e-142  3.5e-142  463.8  18.8     1   346     1   348     1   351 0.97 -
1797at766_246273_0:0002f6|OZ308468.1:709278-710334  -            353 1797                 -            349  3.1e-142  463.9  18.8   1   1  3.6e-142  3.6e-142  463.8  18.8     1   346     1   348     1   351 0.97 -
1797at766_955_0:0002db|OZ308468.1:709278-710334     -            353 1797                 -            349  3.1e-142  463.9  18.8   1   1  3.6e-142  3.6e-142  463.8  18.8     1   346     1   348     1   351 0.97 -
1797at766_1242993_0:000235|OZ308468.1:709272-710334 -            355 1797                 -            349  3.2e-142  463.9  18.8   1   1  3.6e-142  3.6e-142  463.7  18.8     1   346     1   348     1   351 0.97 -
1797at766_169402_0:000409|OZ308468.1:709272-710334  -            355 1797                 -            349  3.2e-142  463.9  18.8   1   1  3.6e-142  3.6e-142  463.7  18.8     1   346     1   348     1   351 0.97 -
1797at766_1605993_0:000386|OZ308468.1:709266-710334 -            356 1797                 -            349  3.2e-142  463.9  18.8   1   1  3.7e-142  3.7e-142  463.7  18.8     1   346     1   348     1   351 0.97 -
1797at766_779_0:0000c6|OZ308468.1:709269-710334     -            356 1797                 -            349  3.2e-142  463.9  18.8   1   1  3.7e-142  3.7e-142  463.7  18.8     1   346     1   348     1   351 0.97 -
1797at766_96496_0:000118|OZ308468.1:709266-710334   -            356 1797                 -            349  3.2e-142  463.9  18.8   1   1  3.7e-142  3.7e-142  463.7  18.8     1   346     1   348     1   351 0.97 -
1797at766_1248439_0:000161|OZ308468.1:709287-710334 -            350 1797                 -            349  3.6e-142  463.8  18.7   1   1    4e-142    4e-142  463.6  18.7     1   346     1   348     1   350 0.97 -
1797at766_142058_0:0002df|OZ308468.1:709287-710334  -            350 1797                 -            349  3.6e-142  463.8  18.7   1   1    4e-142    4e-142  463.6  18.7     1   346     1   348     1   350 0.97 -
1797at766_574556_0:0000c3|OZ308468.1:709287-710334  -            350 1797                 -            349  3.6e-142  463.8  18.7   1   1    4e-142    4e-142  463.6  18.7     1   346     1   348     1   350 0.97 -
1797at766_1423892_0:000115|OZ308468.1:709290-710334 -            349 1797                 -            349  9.2e-142  462.4  19.8   1   1    1e-141    1e-141  462.2  19.8     1   346     1   348     1   349 0.97 -
1797at766_205920_0:00033f|OZ308468.1:709290-710334  -            349 1797                 -            349  9.2e-142  462.4  19.8   1   1    1e-141    1e-141  462.2  19.8     1   346     1   348     1   349 0.97 -
1797at766_391036_0:000183|OZ308468.1:709290-710334  -            349 1797                 -            349  9.2e-142  462.4  19.8   1   1    1e-141    1e-141  462.2  19.8     1   346     1   348     1   349 0.97 -
1797at766_1286528_0:000307|OZ308468.1:709302-710229 -            310 1797                 -            349  4.8e-136  443.6  14.2   1   1  5.4e-136  5.4e-136  443.4  14.2    36   343     2   310     1   310 0.99 -
1797at766_1392507_0:0001ec|OZ308468.1:709275-710193 -            307 1797                 -            349  1.1e-135  442.4  12.6   1   1  1.3e-135  1.3e-135  442.2  12.6    47   346     1   301     1   304 0.99 -
1797at766_1714371_0:0001fa|OZ308468.1:709302-710184 -            295 1797                 -            349  5.2e-133  433.6  12.9   1   1  5.9e-133  5.9e-133  433.4  12.9    50   343     1   295     1   295 0.99 -
1797at766_434131_0:00020a|OZ308468.1:709302-710184  -            295 1797                 -            349  5.2e-133  433.6  12.9   1   1  5.9e-133  5.9e-133  433.4  12.9    50   343     1   295     1   295 0.99 -
1797at766_222891_0:00015d|OZ308468.1:709371-710292  -            308 1797                 -            349  4.4e-131  427.3  14.5   1   1  4.8e-131  4.8e-131  427.1  14.5    21   320     8   308     1   308 0.98 -
1797at766_696127_0:000170|OZ308468.1:709380-710298  -            307 1797                 -            349  4.1e-130  424.1  14.8   1   1  4.5e-130  4.5e-130  424.0  14.8    18   317     8   307     1   307 0.97 -
#
# Program:         hmmsearch
# Version:         3.4 (Aug 2023)
# Pipeline mode:   SEARCH
# Query file:      /Users/rossoaa/Desktop/dummy/genomes/records/compleasm/mb_downloads/rickettsiales_odb12/hmms/1797at766.hmm
# Target file:     -
# Option settings: /Users/rossoaa/miniconda3/envs/compleasm_env/bin/hmmsearch --domtblout /Users/rossoaa/Desktop/dummy/genomes/records/compleasm/rickettsiales_odb12/hmmer_output/1797at766.out --cpu 1 /Users/rossoaa/Desktop/dummy/genomes/records/compleasm/mb_downloads/rickettsiales_odb12/hmms/1797at766.hmm - 
# Current dir:     /Users/rossoaa/Desktop/dummy/genomes/records/compleasm
# Date:            Tue Feb 10 10:20:24 2026
# [ok]
