#                                                                                                           --- full sequence --- -------------- this domain -------------   hmm coord   ali coord   env coord
# target name                                       accession   tlen query name           accession   qlen   E-value  score  bias   #  of  c-Evalue  i-Evalue  score  bias  from    to  from    to  from    to  acc description of target
#                               ------------------- ---------- ----- -------------------- ---------- ----- --------- ------ ----- --- --- --------- --------- ------ ----- ----- ----- ----- ----- ----- ----- ---- ---------------------
1800at766_574556_0:0000a3|OZ308468.1:153380-154118  -            247 1800                 -            242  3.2e-123  400.7   1.1   1   1  3.5e-123  3.5e-123  400.6   1.1     1   240     1   245     1   247 0.97 -
1800at766_142058_0:00033d|OZ308468.1:153380-154130  -            251 1800                 -            242  3.3e-123  400.7   1.1   1   1  3.8e-123  3.8e-123  400.5   1.1     1   240     1   245     1   247 0.97 -
1800at766_1528098_0:000120|OZ308468.1:153380-154130 -            251 1800                 -            242  3.3e-123  400.7   1.1   1   1  3.8e-123  3.8e-123  400.5   1.1     1   240     1   245     1   247 0.97 -
1800at766_752179_0:000277|OZ308468.1:153380-154130  -            251 1800                 -            242  3.3e-123  400.7   1.1   1   1  3.8e-123  3.8e-123  400.5   1.1     1   240     1   245     1   247 0.97 -
1800at766_1248439_0:000291|OZ308468.1:153380-154148 -            256 1800                 -            242  3.5e-123  400.6   1.1   1   1  4.1e-123  4.1e-123  400.4   1.1     1   240     1   245     1   247 0.97 -
1800at766_1392507_0:000129|OZ308468.1:153380-154148 -            256 1800                 -            242  3.5e-123  400.6   1.1   1   1  4.1e-123  4.1e-123  400.4   1.1     1   240     1   245     1   247 0.97 -
1800at766_1605993_0:00021c|OZ308468.1:153380-154148 -            256 1800                 -            242  3.5e-123  400.6   1.1   1   1  4.1e-123  4.1e-123  400.4   1.1     1   240     1   245     1   247 0.97 -
1800at766_169402_0:0002ff|OZ308468.1:153380-154148  -            256 1800                 -            242  3.5e-123  400.6   1.1   1   1  4.1e-123  4.1e-123  400.4   1.1     1   240     1   245     1   247 0.97 -
1800at766_2115978_0:00019e|OZ308468.1:153380-154148 -            256 1800                 -            242  3.5e-123  400.6   1.1   1   1  4.1e-123  4.1e-123  400.4   1.1     1   240     1   245     1   247 0.97 -
1800at766_222891_0:00028c|OZ308468.1:153380-154148  -            256 1800                 -            242  3.5e-123  400.6   1.1   1   1  4.1e-123  4.1e-123  400.4   1.1     1   240     1   245     1   247 0.97 -
1800at766_246273_0:000373|OZ308468.1:153380-154148  -            256 1800                 -            242  3.5e-123  400.6   1.1   1   1  4.1e-123  4.1e-123  400.4   1.1     1   240     1   245     1   247 0.97 -
1800at766_96496_0:00026a|OZ308468.1:153380-154148   -            256 1800                 -            242  3.5e-123  400.6   1.1   1   1  4.1e-123  4.1e-123  400.4   1.1     1   240     1   245     1   247 0.97 -
1800at766_1274402_0:000366|OZ308468.1:153380-154112 -            245 1800                 -            242  5.5e-123  399.9   1.0   1   1  6.1e-123  6.1e-123  399.8   1.0     1   237     1   242     1   245 0.97 -
1800at766_955_0:00001e|OZ308468.1:153380-154112     -            245 1800                 -            242  5.5e-123  399.9   1.0   1   1  6.1e-123  6.1e-123  399.8   1.0     1   237     1   242     1   245 0.97 -
1800at766_334380_0:000093|OZ308468.1:153380-154109  -            244 1800                 -            242  7.5e-123  399.5   1.1   1   1  8.3e-123  8.3e-123  399.3   1.1     1   237     1   242     1   244 0.97 -
1800at766_1359168_0:00011d|OZ308468.1:153380-154088 -            237 1800                 -            242  3.7e-122  397.2   1.0   1   1  4.1e-122  4.1e-122  397.1   1.0     1   231     1   236     1   237 0.98 -
1800at766_1961830_0:0004be|OZ308468.1:153380-154085 -            236 1800                 -            242  5.4e-122  396.7   1.1   1   1    6e-122    6e-122  396.5   1.1     1   230     1   235     1   236 0.98 -
1800at766_1242993_0:000109|OZ308468.1:153380-154082 -            235 1800                 -            242  8.3e-122  396.1   1.2   1   1  9.2e-122  9.2e-122  395.9   1.2     1   229     1   234     1   235 0.98 -
1800at766_1359163_0:000321|OZ308468.1:153380-154082 -            235 1800                 -            242  8.3e-122  396.1   1.2   1   1  9.2e-122  9.2e-122  395.9   1.2     1   229     1   234     1   235 0.98 -
1800at766_1423892_0:000080|OZ308468.1:153380-154082 -            235 1800                 -            242  8.3e-122  396.1   1.2   1   1  9.2e-122  9.2e-122  395.9   1.2     1   229     1   234     1   235 0.98 -
1800at766_779_0:000247|OZ308468.1:153380-154082     -            235 1800                 -            242  8.3e-122  396.1   1.2   1   1  9.2e-122  9.2e-122  395.9   1.2     1   229     1   234     1   235 0.98 -
1800at766_2486577_0:00035b|OZ308468.1:153380-154073 -            232 1800                 -            242  3.9e-121  393.9   1.2   1   1  4.3e-121  4.3e-121  393.7   1.2     1   226     1   231     1   232 0.98 -
1800at766_1714371_0:00019a|OZ308468.1:153380-154070 -            231 1800                 -            242  6.4e-121  393.2   1.1   1   1  7.1e-121  7.1e-121  393.0   1.1     1   225     1   230     1   231 0.98 -
1800at766_434131_0:000156|OZ308468.1:153380-154070  -            231 1800                 -            242  6.4e-121  393.2   1.1   1   1  7.1e-121  7.1e-121  393.0   1.1     1   225     1   230     1   231 0.98 -
1800at766_1105107_0:000060|OZ308468.1:153380-154067 -            230 1800                 -            242  1.1e-120  392.4   1.1   1   1  1.2e-120  1.2e-120  392.3   1.1     1   224     1   229     1   230 0.98 -
1800at766_272947_0:0000f3|OZ308468.1:153380-154067  -            230 1800                 -            242  1.1e-120  392.4   1.1   1   1  1.2e-120  1.2e-120  392.3   1.1     1   224     1   229     1   230 0.98 -
1800at766_336407_0:000032|OZ308468.1:153380-154067  -            230 1800                 -            242  1.1e-120  392.4   1.1   1   1  1.2e-120  1.2e-120  392.3   1.1     1   224     1   229     1   230 0.98 -
1800at766_481009_0:000439|OZ308468.1:153380-154067  -            230 1800                 -            242  1.1e-120  392.4   1.1   1   1  1.2e-120  1.2e-120  392.3   1.1     1   224     1   229     1   230 0.98 -
1800at766_2486578_0:00045a|OZ308468.1:153380-154064 -            229 1800                 -            242  1.6e-120  391.8   1.0   1   1  1.8e-120  1.8e-120  391.7   1.0     1   224     1   229     1   229 0.98 -
1800at766_86105_0:0004c0|OZ308468.1:153380-154064   -            229 1800                 -            242  1.6e-120  391.8   1.0   1   1  1.8e-120  1.8e-120  391.7   1.0     1   224     1   229     1   229 0.98 -
#
# Program:         hmmsearch
# Version:         3.4 (Aug 2023)
# Pipeline mode:   SEARCH
# Query file:      /Users/rossoaa/Desktop/dummy/genomes/records/compleasm/mb_downloads/rickettsiales_odb12/hmms/1800at766.hmm
# Target file:     -
# Option settings: /Users/rossoaa/miniconda3/envs/compleasm_env/bin/hmmsearch --domtblout /Users/rossoaa/Desktop/dummy/genomes/records/compleasm/rickettsiales_odb12/hmmer_output/1800at766.out --cpu 1 /Users/rossoaa/Desktop/dummy/genomes/records/compleasm/mb_downloads/rickettsiales_odb12/hmms/1800at766.hmm - 
# Current dir:     /Users/rossoaa/Desktop/dummy/genomes/records/compleasm
# Date:            Tue Feb 10 10:20:21 2026
# [ok]
