#                                                                                                         --- full sequence --- -------------- this domain -------------   hmm coord   ali coord   env coord
# target name                                     accession   tlen query name           accession   qlen   E-value  score  bias   #  of  c-Evalue  i-Evalue  score  bias  from    to  from    to  from    to  acc description of target
#                             ------------------- ---------- ----- -------------------- ---------- ----- --------- ------ ----- --- --- --------- --------- ------ ----- ----- ----- ----- ----- ----- ----- ---- ---------------------
1817at766_142058_0:000147|OZ308468.1:66662-67358  -            233 1817                 -            233   3.1e-97  315.1   3.3   1   1   3.5e-97   3.5e-97  314.9   3.3     1   232     1   231     1   232 0.98 -
1817at766_169402_0:000479|OZ308468.1:66662-67358  -            233 1817                 -            233   3.1e-97  315.1   3.3   1   1   3.5e-97   3.5e-97  314.9   3.3     1   232     1   231     1   232 0.98 -
1817at766_1961830_0:00007b|OZ308468.1:66662-67358 -            233 1817                 -            233   3.1e-97  315.1   3.3   1   1   3.5e-97   3.5e-97  314.9   3.3     1   232     1   231     1   232 0.98 -
1817at766_574556_0:000356|OZ308468.1:66662-67358  -            233 1817                 -            233   3.1e-97  315.1   3.3   1   1   3.5e-97   3.5e-97  314.9   3.3     1   232     1   231     1   232 0.98 -
1817at766_246273_0:0000dc|OZ308468.1:66662-67361  -            234 1817                 -            233   3.2e-97  315.0   3.3   1   1   3.6e-97   3.6e-97  314.9   3.3     1   232     1   231     1   232 0.98 -
1817at766_96496_0:000093|OZ308468.1:66662-67361   -            234 1817                 -            233   3.2e-97  315.0   3.3   1   1   3.6e-97   3.6e-97  314.9   3.3     1   232     1   231     1   232 0.98 -
1817at766_1605993_0:0000e3|OZ308468.1:66662-67370 -            236 1817                 -            233   3.3e-97  315.0   3.3   1   1   3.7e-97   3.7e-97  314.8   3.3     1   232     1   231     1   232 0.98 -
1817at766_1714371_0:000134|OZ308468.1:66653-67358 -            236 1817                 -            233   3.3e-97  315.0   3.3   1   1   3.7e-97   3.7e-97  314.8   3.3     1   232     4   234     4   235 0.98 -
1817at766_222891_0:000081|OZ308468.1:66653-67358  -            236 1817                 -            233   3.3e-97  315.0   3.3   1   1   3.7e-97   3.7e-97  314.8   3.3     1   232     4   234     4   235 0.98 -
1817at766_434131_0:00008f|OZ308468.1:66653-67358  -            236 1817                 -            233   3.3e-97  315.0   3.3   1   1   3.7e-97   3.7e-97  314.8   3.3     1   232     4   234     4   235 0.98 -
1817at766_1528098_0:0001c5|OZ308468.1:66656-67364 -            237 1817                 -            233   3.3e-97  315.0   3.3   1   1   3.8e-97   3.8e-97  314.8   3.3     1   232     3   233     3   234 0.98 -
1817at766_955_0:000259|OZ308468.1:66662-67352     -            231 1817                 -            233     4e-97  314.7   3.2   1   1   4.4e-97   4.4e-97  314.6   3.2     1   231     1   230     1   231 0.98 -
1817at766_696127_0:0000a8|OZ308468.1:66659-67343  -            229 1817                 -            233     2e-96  312.4   2.8   1   1   2.3e-96   2.3e-96  312.2   2.8     1   229     2   229     2   229 0.98 -
1817at766_1242993_0:000350|OZ308468.1:66662-67340 -            227 1817                 -            233   3.9e-96  311.5   2.7   1   1   4.4e-96   4.4e-96  311.3   2.7     1   228     1   227     1   227 0.98 -
1817at766_1423892_0:000074|OZ308468.1:66662-67340 -            227 1817                 -            233   3.9e-96  311.5   2.7   1   1   4.4e-96   4.4e-96  311.3   2.7     1   228     1   227     1   227 0.98 -
1817at766_205920_0:000202|OZ308468.1:66662-67340  -            227 1817                 -            233   3.9e-96  311.5   2.7   1   1   4.4e-96   4.4e-96  311.3   2.7     1   228     1   227     1   227 0.98 -
1817at766_391036_0:0002eb|OZ308468.1:66662-67340  -            227 1817                 -            233   3.9e-96  311.5   2.7   1   1   4.4e-96   4.4e-96  311.3   2.7     1   228     1   227     1   227 0.98 -
1817at766_779_0:00027d|OZ308468.1:66662-67340     -            227 1817                 -            233   3.9e-96  311.5   2.7   1   1   4.4e-96   4.4e-96  311.3   2.7     1   228     1   227     1   227 0.98 -
1817at766_1286528_0:000302|OZ308468.1:66674-67343 -            224 1817                 -            233   1.5e-94  306.3   3.3   1   1   1.7e-94   1.7e-94  306.1   3.3     5   229     1   224     1   224 0.98 -
#
# Program:         hmmsearch
# Version:         3.4 (Aug 2023)
# Pipeline mode:   SEARCH
# Query file:      /Users/rossoaa/Desktop/dummy/genomes/records/compleasm/mb_downloads/rickettsiales_odb12/hmms/1817at766.hmm
# Target file:     -
# Option settings: /Users/rossoaa/miniconda3/envs/compleasm_env/bin/hmmsearch --domtblout /Users/rossoaa/Desktop/dummy/genomes/records/compleasm/rickettsiales_odb12/hmmer_output/1817at766.out --cpu 1 /Users/rossoaa/Desktop/dummy/genomes/records/compleasm/mb_downloads/rickettsiales_odb12/hmms/1817at766.hmm - 
# Current dir:     /Users/rossoaa/Desktop/dummy/genomes/records/compleasm
# Date:            Tue Feb 10 10:20:22 2026
# [ok]
