#                                                                                                          --- full sequence --- -------------- this domain -------------   hmm coord   ali coord   env coord
# target name                                      accession   tlen query name           accession   qlen   E-value  score  bias   #  of  c-Evalue  i-Evalue  score  bias  from    to  from    to  from    to  acc description of target
#                              ------------------- ---------- ----- -------------------- ---------- ----- --------- ------ ----- --- --- --------- --------- ------ ----- ----- ----- ----- ----- ----- ----- ---- ---------------------
181at766_1105107_0:00029e|OZ308468.1:828852-829230 -            127 181                  -            131   4.5e-78  250.6   0.8   1   1   4.9e-78   4.9e-78  250.5   0.8     1   126     1   126     1   127 0.99 -
181at766_1248439_0:00031e|OZ308468.1:828849-829230 -            127 181                  -            131   4.5e-78  250.6   0.8   1   1   4.9e-78   4.9e-78  250.5   0.8     1   126     1   126     1   127 0.99 -
181at766_1392507_0:00018e|OZ308468.1:828852-829230 -            127 181                  -            131   4.5e-78  250.6   0.8   1   1   4.9e-78   4.9e-78  250.5   0.8     1   126     1   126     1   127 0.99 -
181at766_142058_0:0000a1|OZ308468.1:828852-829230  -            127 181                  -            131   4.5e-78  250.6   0.8   1   1   4.9e-78   4.9e-78  250.5   0.8     1   126     1   126     1   127 0.99 -
181at766_1605993_0:000128|OZ308468.1:828849-829230 -            127 181                  -            131   4.5e-78  250.6   0.8   1   1   4.9e-78   4.9e-78  250.5   0.8     1   126     1   126     1   127 0.99 -
181at766_1802984_0:00022c|OZ308468.1:828849-829230 -            127 181                  -            131   4.5e-78  250.6   0.8   1   1   4.9e-78   4.9e-78  250.5   0.8     1   126     1   126     1   127 0.99 -
181at766_1961830_0:0000e7|OZ308468.1:828852-829230 -            127 181                  -            131   4.5e-78  250.6   0.8   1   1   4.9e-78   4.9e-78  250.5   0.8     1   126     1   126     1   127 0.99 -
181at766_2115978_0:000433|OZ308468.1:828852-829230 -            127 181                  -            131   4.5e-78  250.6   0.8   1   1   4.9e-78   4.9e-78  250.5   0.8     1   126     1   126     1   127 0.99 -
181at766_2486577_0:000195|OZ308468.1:828849-829230 -            127 181                  -            131   4.5e-78  250.6   0.8   1   1   4.9e-78   4.9e-78  250.5   0.8     1   126     1   126     1   127 0.99 -
181at766_2486578_0:00048d|OZ308468.1:828852-829230 -            127 181                  -            131   4.5e-78  250.6   0.8   1   1   4.9e-78   4.9e-78  250.5   0.8     1   126     1   126     1   127 0.99 -
181at766_272947_0:000289|OZ308468.1:828849-829230  -            127 181                  -            131   4.5e-78  250.6   0.8   1   1   4.9e-78   4.9e-78  250.5   0.8     1   126     1   126     1   127 0.99 -
181at766_336407_0:00003e|OZ308468.1:828849-829230  -            127 181                  -            131   4.5e-78  250.6   0.8   1   1   4.9e-78   4.9e-78  250.5   0.8     1   126     1   126     1   127 0.99 -
181at766_481009_0:0002eb|OZ308468.1:828852-829230  -            127 181                  -            131   4.5e-78  250.6   0.8   1   1   4.9e-78   4.9e-78  250.5   0.8     1   126     1   126     1   127 0.99 -
181at766_86105_0:000567|OZ308468.1:828852-829230   -            127 181                  -            131   4.5e-78  250.6   0.8   1   1   4.9e-78   4.9e-78  250.5   0.8     1   126     1   126     1   127 0.99 -
181at766_1242993_0:000339|OZ308468.1:828855-829230 -            126 181                  -            131   7.8e-78  249.8   0.8   1   1   8.6e-78   8.6e-78  249.7   0.8     1   126     1   126     1   126 0.99 -
181at766_1274402_0:00001d|OZ308468.1:828855-829230 -            126 181                  -            131   7.8e-78  249.8   0.8   1   1   8.6e-78   8.6e-78  249.7   0.8     1   126     1   126     1   126 0.99 -
181at766_1286528_0:0001ab|OZ308468.1:828855-829230 -            126 181                  -            131   7.8e-78  249.8   0.8   1   1   8.6e-78   8.6e-78  249.7   0.8     1   126     1   126     1   126 0.99 -
181at766_1359163_0:0002d1|OZ308468.1:828855-829230 -            126 181                  -            131   7.8e-78  249.8   0.8   1   1   8.6e-78   8.6e-78  249.7   0.8     1   126     1   126     1   126 0.99 -
181at766_1423892_0:00024d|OZ308468.1:828855-829230 -            126 181                  -            131   7.8e-78  249.8   0.8   1   1   8.6e-78   8.6e-78  249.7   0.8     1   126     1   126     1   126 0.99 -
181at766_169402_0:000497|OZ308468.1:828855-829230  -            126 181                  -            131   7.8e-78  249.8   0.8   1   1   8.6e-78   8.6e-78  249.7   0.8     1   126     1   126     1   126 0.99 -
181at766_1714371_0:0001fb|OZ308468.1:828855-829230 -            126 181                  -            131   7.8e-78  249.8   0.8   1   1   8.6e-78   8.6e-78  249.7   0.8     1   126     1   126     1   126 0.99 -
181at766_205920_0:000098|OZ308468.1:828855-829230  -            126 181                  -            131   7.8e-78  249.8   0.8   1   1   8.6e-78   8.6e-78  249.7   0.8     1   126     1   126     1   126 0.99 -
181at766_222891_0:000110|OZ308468.1:828855-829230  -            126 181                  -            131   7.8e-78  249.8   0.8   1   1   8.6e-78   8.6e-78  249.7   0.8     1   126     1   126     1   126 0.99 -
181at766_434131_0:000287|OZ308468.1:828855-829230  -            126 181                  -            131   7.8e-78  249.8   0.8   1   1   8.6e-78   8.6e-78  249.7   0.8     1   126     1   126     1   126 0.99 -
181at766_779_0:0001f3|OZ308468.1:828855-829230     -            126 181                  -            131   7.8e-78  249.8   0.8   1   1   8.6e-78   8.6e-78  249.7   0.8     1   126     1   126     1   126 0.99 -
181at766_955_0:0002c8|OZ308468.1:828855-829230     -            126 181                  -            131   7.8e-78  249.8   0.8   1   1   8.6e-78   8.6e-78  249.7   0.8     1   126     1   126     1   126 0.99 -
181at766_1528098_0:000603|OZ308468.1:828858-829230 -            125 181                  -            131   1.7e-77  248.8   0.7   1   1   1.8e-77   1.8e-77  248.7   0.7     1   125     1   125     1   125 0.99 -
181at766_696127_0:0002eb|OZ308468.1:828858-829230  -            125 181                  -            131   1.7e-77  248.8   0.7   1   1   1.8e-77   1.8e-77  248.7   0.7     1   125     1   125     1   125 0.99 -
181at766_96496_0:0001d3|OZ308468.1:828858-829230   -            125 181                  -            131   1.7e-77  248.8   0.7   1   1   1.8e-77   1.8e-77  248.7   0.7     1   125     1   125     1   125 0.99 -
181at766_1359168_0:000115|OZ308468.1:828855-829224 -            124 181                  -            131   1.6e-76  245.6   0.8   1   1   1.8e-76   1.8e-76  245.5   0.8     3   126     1   124     1   124 0.99 -
181at766_334380_0:00017f|OZ308468.1:828855-829224  -            124 181                  -            131   1.6e-76  245.6   0.8   1   1   1.8e-76   1.8e-76  245.5   0.8     3   126     1   124     1   124 0.99 -
181at766_752179_0:0001ce|OZ308468.1:828855-829224  -            124 181                  -            131   1.6e-76  245.6   0.8   1   1   1.8e-76   1.8e-76  245.5   0.8     3   126     1   124     1   124 0.99 -
#
# Program:         hmmsearch
# Version:         3.4 (Aug 2023)
# Pipeline mode:   SEARCH
# Query file:      /Users/rossoaa/Desktop/dummy/genomes/records/compleasm/mb_downloads/rickettsiales_odb12/hmms/181at766.hmm
# Target file:     -
# Option settings: /Users/rossoaa/miniconda3/envs/compleasm_env/bin/hmmsearch --domtblout /Users/rossoaa/Desktop/dummy/genomes/records/compleasm/rickettsiales_odb12/hmmer_output/181at766.out --cpu 1 /Users/rossoaa/Desktop/dummy/genomes/records/compleasm/mb_downloads/rickettsiales_odb12/hmms/181at766.hmm - 
# Current dir:     /Users/rossoaa/Desktop/dummy/genomes/records/compleasm
# Date:            Tue Feb 10 10:20:23 2026
# [ok]
