#                                                                                                           --- full sequence --- -------------- this domain -------------   hmm coord   ali coord   env coord
# target name                                       accession   tlen query name           accession   qlen   E-value  score  bias   #  of  c-Evalue  i-Evalue  score  bias  from    to  from    to  from    to  acc description of target
#                               ------------------- ---------- ----- -------------------- ---------- ----- --------- ------ ----- --- --- --------- --------- ------ ----- ----- ----- ----- ----- ----- ----- ---- ---------------------
1825at766_1242993_0:0000ff|OZ308468.1:127281-127719 -            146 1825                 -            141   9.7e-63  200.3   4.1   1   1   1.1e-62   1.1e-62  200.2   4.1     1   141     1   145     1   145 0.96 -
1825at766_1359163_0:0000ba|OZ308468.1:127281-127719 -            146 1825                 -            141   9.7e-63  200.3   4.1   1   1   1.1e-62   1.1e-62  200.2   4.1     1   141     1   145     1   145 0.96 -
1825at766_1423892_0:00017f|OZ308468.1:127281-127719 -            146 1825                 -            141   9.7e-63  200.3   4.1   1   1   1.1e-62   1.1e-62  200.2   4.1     1   141     1   145     1   145 0.96 -
1825at766_1605993_0:0000df|OZ308468.1:127281-127719 -            146 1825                 -            141   9.7e-63  200.3   4.1   1   1   1.1e-62   1.1e-62  200.2   4.1     1   141     1   145     1   145 0.96 -
1825at766_169402_0:0000b3|OZ308468.1:127281-127719  -            146 1825                 -            141   9.7e-63  200.3   4.1   1   1   1.1e-62   1.1e-62  200.2   4.1     1   141     1   145     1   145 0.96 -
1825at766_205920_0:000065|OZ308468.1:127281-127719  -            146 1825                 -            141   9.7e-63  200.3   4.1   1   1   1.1e-62   1.1e-62  200.2   4.1     1   141     1   145     1   145 0.96 -
1825at766_246273_0:00032e|OZ308468.1:127281-127719  -            146 1825                 -            141   9.7e-63  200.3   4.1   1   1   1.1e-62   1.1e-62  200.2   4.1     1   141     1   145     1   145 0.96 -
1825at766_391036_0:000025|OZ308468.1:127281-127719  -            146 1825                 -            141   9.7e-63  200.3   4.1   1   1   1.1e-62   1.1e-62  200.2   4.1     1   141     1   145     1   145 0.96 -
1825at766_779_0:000143|OZ308468.1:127281-127719     -            146 1825                 -            141   9.7e-63  200.3   4.1   1   1   1.1e-62   1.1e-62  200.2   4.1     1   141     1   145     1   145 0.96 -
1825at766_955_0:000181|OZ308468.1:127284-127719     -            146 1825                 -            141   9.7e-63  200.3   4.1   1   1   1.1e-62   1.1e-62  200.2   4.1     1   141     1   145     1   145 0.96 -
1825at766_96496_0:0002f8|OZ308468.1:127281-127719   -            146 1825                 -            141   9.7e-63  200.3   4.1   1   1   1.1e-62   1.1e-62  200.2   4.1     1   141     1   145     1   145 0.96 -
1825at766_696127_0:000300|OZ308468.1:127284-127722  -            147 1825                 -            141   9.9e-63  200.3   4.1   1   1   1.1e-62   1.1e-62  200.1   4.1     1   141     2   146     2   146 0.96 -
1825at766_1248439_0:00007b|OZ308468.1:127284-127725 -            148 1825                 -            141     1e-62  200.3   4.1   1   1   1.2e-62   1.2e-62  200.1   4.1     1   141     3   147     3   147 0.96 -
1825at766_142058_0:00012d|OZ308468.1:127284-127725  -            148 1825                 -            141     1e-62  200.3   4.1   1   1   1.2e-62   1.2e-62  200.1   4.1     1   141     3   147     3   147 0.96 -
1825at766_574556_0:000139|OZ308468.1:127284-127725  -            148 1825                 -            141     1e-62  200.3   4.1   1   1   1.2e-62   1.2e-62  200.1   4.1     1   141     3   147     3   147 0.96 -
1825at766_1392507_0:0001c3|OZ308468.1:127290-127725 -            146 1825                 -            141   3.4e-62  198.6   4.2   1   1   3.8e-62   3.8e-62  198.4   4.2     1   140     3   146     3   146 0.96 -
#
# Program:         hmmsearch
# Version:         3.4 (Aug 2023)
# Pipeline mode:   SEARCH
# Query file:      /Users/rossoaa/Desktop/dummy/genomes/records/compleasm/mb_downloads/rickettsiales_odb12/hmms/1825at766.hmm
# Target file:     -
# Option settings: /Users/rossoaa/miniconda3/envs/compleasm_env/bin/hmmsearch --domtblout /Users/rossoaa/Desktop/dummy/genomes/records/compleasm/rickettsiales_odb12/hmmer_output/1825at766.out --cpu 1 /Users/rossoaa/Desktop/dummy/genomes/records/compleasm/mb_downloads/rickettsiales_odb12/hmms/1825at766.hmm - 
# Current dir:     /Users/rossoaa/Desktop/dummy/genomes/records/compleasm
# Date:            Tue Feb 10 10:20:20 2026
# [ok]
