#                                                                                                          --- full sequence --- -------------- this domain -------------   hmm coord   ali coord   env coord
# target name                                      accession   tlen query name           accession   qlen   E-value  score  bias   #  of  c-Evalue  i-Evalue  score  bias  from    to  from    to  from    to  acc description of target
#                              ------------------- ---------- ----- -------------------- ---------- ----- --------- ------ ----- --- --- --------- --------- ------ ----- ----- ----- ----- ----- ----- ----- ---- ---------------------
185at766_1242993_0:00000c|OZ308468.1:206302-207622 -            440 185                  -            433  4.3e-236  774.2   0.6   1   1  4.8e-236  4.8e-236  774.1   0.6     1   431     1   438     1   440 0.97 -
185at766_1605993_0:00030f|OZ308468.1:206302-207622 -            440 185                  -            433  4.3e-236  774.2   0.6   1   1  4.8e-236  4.8e-236  774.1   0.6     1   431     1   438     1   440 0.97 -
185at766_779_0:0001af|OZ308468.1:206302-207622     -            440 185                  -            433  4.3e-236  774.2   0.6   1   1  4.8e-236  4.8e-236  774.1   0.6     1   431     1   438     1   440 0.97 -
185at766_86105_0:000659|OZ308468.1:206302-207622   -            440 185                  -            433  4.3e-236  774.2   0.6   1   1  4.8e-236  4.8e-236  774.1   0.6     1   431     1   438     1   440 0.97 -
185at766_696127_0:000040|OZ308468.1:206305-207625  -            441 185                  -            433  4.3e-236  774.2   0.6   1   1  4.9e-236  4.9e-236  774.1   0.6     1   431     2   439     2   441 0.97 -
185at766_2115978_0:0001b0|OZ308468.1:206302-207628 -            442 185                  -            433  4.4e-236  774.2   0.6   1   1  4.9e-236  4.9e-236  774.1   0.6     1   431     3   440     3   442 0.97 -
185at766_96496_0:00016d|OZ308468.1:206308-207622   -            439 185                  -            433  5.8e-236  773.8   0.6   1   1  6.5e-236  6.5e-236  773.7   0.6     1   431     1   438     1   439 0.97 -
185at766_1359163_0:000275|OZ308468.1:206311-207622 -            438 185                  -            433  8.6e-236  773.3   0.7   1   1  9.6e-236  9.6e-236  773.1   0.7     1   430     1   437     1   438 0.97 -
185at766_1423892_0:00005b|OZ308468.1:206311-207622 -            438 185                  -            433  8.6e-236  773.3   0.7   1   1  9.6e-236  9.6e-236  773.1   0.7     1   430     1   437     1   438 0.97 -
185at766_205920_0:00033e|OZ308468.1:206311-207622  -            438 185                  -            433  8.6e-236  773.3   0.7   1   1  9.6e-236  9.6e-236  773.1   0.7     1   430     1   437     1   438 0.97 -
185at766_246273_0:0002e9|OZ308468.1:206311-207622  -            438 185                  -            433  8.6e-236  773.3   0.7   1   1  9.6e-236  9.6e-236  773.1   0.7     1   430     1   437     1   438 0.97 -
185at766_391036_0:000248|OZ308468.1:206311-207622  -            438 185                  -            433  8.6e-236  773.3   0.7   1   1  9.6e-236  9.6e-236  773.1   0.7     1   430     1   437     1   438 0.97 -
185at766_1105107_0:000188|OZ308468.1:206311-207625 -            439 185                  -            433  8.6e-236  773.3   0.7   1   1  9.7e-236  9.7e-236  773.1   0.7     1   430     2   438     2   439 0.97 -
185at766_1248439_0:00015c|OZ308468.1:206311-207625 -            439 185                  -            433  8.6e-236  773.3   0.7   1   1  9.7e-236  9.7e-236  773.1   0.7     1   430     2   438     2   439 0.97 -
185at766_1359168_0:000211|OZ308468.1:206311-207625 -            439 185                  -            433  8.6e-236  773.3   0.7   1   1  9.7e-236  9.7e-236  773.1   0.7     1   430     2   438     2   439 0.97 -
185at766_1392507_0:0001f9|OZ308468.1:206311-207625 -            439 185                  -            433  8.6e-236  773.3   0.7   1   1  9.7e-236  9.7e-236  773.1   0.7     1   430     2   438     2   439 0.97 -
185at766_2486578_0:000320|OZ308468.1:206311-207625 -            439 185                  -            433  8.6e-236  773.3   0.7   1   1  9.7e-236  9.7e-236  773.1   0.7     1   430     2   438     2   439 0.97 -
185at766_272947_0:00018c|OZ308468.1:206311-207625  -            439 185                  -            433  8.6e-236  773.3   0.7   1   1  9.7e-236  9.7e-236  773.1   0.7     1   430     2   438     2   439 0.97 -
185at766_334380_0:000449|OZ308468.1:206311-207625  -            439 185                  -            433  8.6e-236  773.3   0.7   1   1  9.7e-236  9.7e-236  773.1   0.7     1   430     2   438     2   439 0.97 -
185at766_336407_0:000506|OZ308468.1:206311-207625  -            439 185                  -            433  8.6e-236  773.3   0.7   1   1  9.7e-236  9.7e-236  773.1   0.7     1   430     2   438     2   439 0.97 -
185at766_481009_0:00021e|OZ308468.1:206311-207625  -            439 185                  -            433  8.6e-236  773.3   0.7   1   1  9.7e-236  9.7e-236  773.1   0.7     1   430     2   438     2   439 0.97 -
185at766_2602574_0:000001|OZ308468.1:206311-207628 -            440 185                  -            433  8.7e-236  773.2   0.7   1   1  9.8e-236  9.8e-236  773.1   0.7     1   430     3   439     3   440 0.97 -
185at766_142058_0:00010d|OZ308468.1:206314-207625  -            438 185                  -            433  1.4e-235  772.6   0.6   1   1  1.5e-235  1.5e-235  772.4   0.6     1   430     2   438     2   438 0.97 -
185at766_1528098_0:000418|OZ308468.1:206314-207631 -            440 185                  -            433  1.4e-235  772.6   0.6   1   1  1.6e-235  1.6e-235  772.4   0.6     1   430     4   440     4   440 0.97 -
185at766_2486577_0:00004f|OZ308468.1:206317-207622 -            436 185                  -            433  3.6e-235  771.2   0.8   1   1    4e-235    4e-235  771.1   0.8     1   428     1   435     1   436 0.97 -
185at766_1274402_0:0001b8|OZ308468.1:206311-207613 -            435 185                  -            433  1.3e-234  769.4   0.6   1   1  1.4e-234  1.4e-234  769.3   0.6     4   430     1   434     1   435 0.97 -
185at766_1802984_0:00009e|OZ308468.1:206311-207613 -            435 185                  -            433  1.3e-234  769.4   0.6   1   1  1.4e-234  1.4e-234  769.3   0.6     4   430     1   434     1   435 0.97 -
185at766_222891_0:000292|OZ308468.1:206332-207622  -            431 185                  -            433  3.7e-233  764.6   0.8   1   1  4.1e-233  4.1e-233  764.4   0.8     1   423     1   430     1   431 0.97 -
185at766_434131_0:00014a|OZ308468.1:206332-207622  -            431 185                  -            433  3.7e-233  764.6   0.8   1   1  4.1e-233  4.1e-233  764.4   0.8     1   423     1   430     1   431 0.97 -
185at766_1714371_0:0000c6|OZ308468.1:206332-207625 -            432 185                  -            433  3.7e-233  764.6   0.8   1   1  4.2e-233  4.2e-233  764.4   0.8     1   423     2   431     2   432 0.97 -
185at766_1286528_0:0000d5|OZ308468.1:206383-207619 -            413 185                  -            433  1.6e-229  752.6   0.4   1   1  1.7e-229  1.7e-229  752.5   0.4     2   408     1   412     1   413 0.97 -
#
# Program:         hmmsearch
# Version:         3.4 (Aug 2023)
# Pipeline mode:   SEARCH
# Query file:      /Users/rossoaa/Desktop/dummy/genomes/records/compleasm/mb_downloads/rickettsiales_odb12/hmms/185at766.hmm
# Target file:     -
# Option settings: /Users/rossoaa/miniconda3/envs/compleasm_env/bin/hmmsearch --domtblout /Users/rossoaa/Desktop/dummy/genomes/records/compleasm/rickettsiales_odb12/hmmer_output/185at766.out --cpu 1 /Users/rossoaa/Desktop/dummy/genomes/records/compleasm/mb_downloads/rickettsiales_odb12/hmms/185at766.hmm - 
# Current dir:     /Users/rossoaa/Desktop/dummy/genomes/records/compleasm
# Date:            Tue Feb 10 10:20:21 2026
# [ok]
