#                                                                                                          --- full sequence --- -------------- this domain -------------   hmm coord   ali coord   env coord
# target name                                      accession   tlen query name           accession   qlen   E-value  score  bias   #  of  c-Evalue  i-Evalue  score  bias  from    to  from    to  from    to  acc description of target
#                              ------------------- ---------- ----- -------------------- ---------- ----- --------- ------ ----- --- --- --------- --------- ------ ----- ----- ----- ----- ----- ----- ----- ---- ---------------------
191at766_1242993_0:0002b6|OZ308468.1:572532-573486 -            318 191                  -            319  3.6e-156  509.9   8.0   1   1    4e-156    4e-156  509.7   8.0     2   319     2   318     1   318 0.99 -
191at766_1248439_0:0001fb|OZ308468.1:572532-573486 -            318 191                  -            319  3.6e-156  509.9   8.0   1   1    4e-156    4e-156  509.7   8.0     2   319     2   318     1   318 0.99 -
191at766_1359163_0:0000c2|OZ308468.1:572532-573486 -            318 191                  -            319  3.6e-156  509.9   8.0   1   1    4e-156    4e-156  509.7   8.0     2   319     2   318     1   318 0.99 -
191at766_1392507_0:00028d|OZ308468.1:572532-573486 -            318 191                  -            319  3.6e-156  509.9   8.0   1   1    4e-156    4e-156  509.7   8.0     2   319     2   318     1   318 0.99 -
191at766_142058_0:0001f5|OZ308468.1:572532-573486  -            318 191                  -            319  3.6e-156  509.9   8.0   1   1    4e-156    4e-156  509.7   8.0     2   319     2   318     1   318 0.99 -
191at766_1423892_0:000272|OZ308468.1:572532-573486 -            318 191                  -            319  3.6e-156  509.9   8.0   1   1    4e-156    4e-156  509.7   8.0     2   319     2   318     1   318 0.99 -
191at766_1605993_0:000154|OZ308468.1:572532-573486 -            318 191                  -            319  3.6e-156  509.9   8.0   1   1    4e-156    4e-156  509.7   8.0     2   319     2   318     1   318 0.99 -
191at766_169402_0:0001b0|OZ308468.1:572532-573486  -            318 191                  -            319  3.6e-156  509.9   8.0   1   1    4e-156    4e-156  509.7   8.0     2   319     2   318     1   318 0.99 -
191at766_205920_0:000254|OZ308468.1:572532-573486  -            318 191                  -            319  3.6e-156  509.9   8.0   1   1    4e-156    4e-156  509.7   8.0     2   319     2   318     1   318 0.99 -
191at766_246273_0:0001a9|OZ308468.1:572532-573486  -            318 191                  -            319  3.6e-156  509.9   8.0   1   1    4e-156    4e-156  509.7   8.0     2   319     2   318     1   318 0.99 -
191at766_2486577_0:0001ed|OZ308468.1:572532-573486 -            318 191                  -            319  3.6e-156  509.9   8.0   1   1    4e-156    4e-156  509.7   8.0     2   319     2   318     1   318 0.99 -
191at766_2486578_0:000386|OZ308468.1:572532-573486 -            318 191                  -            319  3.6e-156  509.9   8.0   1   1    4e-156    4e-156  509.7   8.0     2   319     2   318     1   318 0.99 -
191at766_2602574_0:0002a6|OZ308468.1:572532-573486 -            318 191                  -            319  3.6e-156  509.9   8.0   1   1    4e-156    4e-156  509.7   8.0     2   319     2   318     1   318 0.99 -
191at766_391036_0:000175|OZ308468.1:572532-573486  -            318 191                  -            319  3.6e-156  509.9   8.0   1   1    4e-156    4e-156  509.7   8.0     2   319     2   318     1   318 0.99 -
191at766_574556_0:000245|OZ308468.1:572532-573486  -            318 191                  -            319  3.6e-156  509.9   8.0   1   1    4e-156    4e-156  509.7   8.0     2   319     2   318     1   318 0.99 -
191at766_779_0:0001c1|OZ308468.1:572532-573486     -            318 191                  -            319  3.6e-156  509.9   8.0   1   1    4e-156    4e-156  509.7   8.0     2   319     2   318     1   318 0.99 -
191at766_86105_0:000115|OZ308468.1:572532-573486   -            318 191                  -            319  3.6e-156  509.9   8.0   1   1    4e-156    4e-156  509.7   8.0     2   319     2   318     1   318 0.99 -
191at766_955_0:000263|OZ308468.1:572532-573486     -            318 191                  -            319  3.6e-156  509.9   8.0   1   1    4e-156    4e-156  509.7   8.0     2   319     2   318     1   318 0.99 -
191at766_96496_0:0002f7|OZ308468.1:572532-573486   -            318 191                  -            319  3.6e-156  509.9   8.0   1   1    4e-156    4e-156  509.7   8.0     2   319     2   318     1   318 0.99 -
191at766_1274402_0:00009c|OZ308468.1:572532-573483 -            317 191                  -            319  5.1e-156  509.4   8.1   1   1  5.7e-156  5.7e-156  509.2   8.1     3   319     2   317     1   317 0.99 -
191at766_696127_0:0000c6|OZ308468.1:572532-573483  -            317 191                  -            319  5.1e-156  509.4   8.1   1   1  5.7e-156  5.7e-156  509.2   8.1     3   319     2   317     1   317 0.99 -
191at766_1528098_0:000633|OZ308468.1:572532-573480 -            316 191                  -            319    8e-156  508.7   8.0   1   1  8.9e-156  8.9e-156  508.6   8.0     4   319     2   316     1   316 0.99 -
191at766_1802984_0:0002a7|OZ308468.1:572532-573471 -            313 191                  -            319  4.7e-155  506.2   8.2   1   1  5.2e-155  5.2e-155  506.1   8.2     6   319     1   313     1   313 0.99 -
191at766_1961830_0:0003db|OZ308468.1:572532-573471 -            313 191                  -            319  4.7e-155  506.2   8.2   1   1  5.2e-155  5.2e-155  506.1   8.2     6   319     1   313     1   313 0.99 -
191at766_336407_0:0000f9|OZ308468.1:572532-573471  -            313 191                  -            319  4.7e-155  506.2   8.2   1   1  5.2e-155  5.2e-155  506.1   8.2     6   319     1   313     1   313 0.99 -
191at766_481009_0:000202|OZ308468.1:572532-573471  -            313 191                  -            319  4.7e-155  506.2   8.2   1   1  5.2e-155  5.2e-155  506.1   8.2     6   319     1   313     1   313 0.99 -
191at766_752179_0:0001c7|OZ308468.1:572532-573471  -            313 191                  -            319  4.7e-155  506.2   8.2   1   1  5.2e-155  5.2e-155  506.1   8.2     6   319     1   313     1   313 0.99 -
191at766_2115978_0:00015e|OZ308468.1:572538-573471 -            312 191                  -            319  1.9e-154  504.2   8.6   1   1  2.1e-154  2.1e-154  504.0   8.6     6   318     1   312     1   312 0.99 -
#
# Program:         hmmsearch
# Version:         3.4 (Aug 2023)
# Pipeline mode:   SEARCH
# Query file:      /Users/rossoaa/Desktop/dummy/genomes/records/compleasm/mb_downloads/rickettsiales_odb12/hmms/191at766.hmm
# Target file:     -
# Option settings: /Users/rossoaa/miniconda3/envs/compleasm_env/bin/hmmsearch --domtblout /Users/rossoaa/Desktop/dummy/genomes/records/compleasm/rickettsiales_odb12/hmmer_output/191at766.out --cpu 1 /Users/rossoaa/Desktop/dummy/genomes/records/compleasm/mb_downloads/rickettsiales_odb12/hmms/191at766.hmm - 
# Current dir:     /Users/rossoaa/Desktop/dummy/genomes/records/compleasm
# Date:            Tue Feb 10 10:20:22 2026
# [ok]
