#                                                                                                          --- full sequence --- -------------- this domain -------------   hmm coord   ali coord   env coord
# target name                                      accession   tlen query name           accession   qlen   E-value  score  bias   #  of  c-Evalue  i-Evalue  score  bias  from    to  from    to  from    to  acc description of target
#                              ------------------- ---------- ----- -------------------- ---------- ----- --------- ------ ----- --- --- --------- --------- ------ ----- ----- ----- ----- ----- ----- ----- ---- ---------------------
194at766_86105_0:000185|OZ308468.1:702481-702730   -             84 194                  -             85   6.4e-48  152.0   3.4   1   1     7e-48     7e-48  151.9   3.4     1    83     1    81     1    83 0.98 -
194at766_1274402_0:000117|OZ308468.1:702481-702733 -             85 194                  -             85   6.7e-48  151.9   3.4   1   1   7.4e-48   7.4e-48  151.8   3.4     1    83     1    81     1    83 0.98 -
194at766_96496_0:0000f8|OZ308468.1:702481-702736   -             86 194                  -             85     7e-48  151.9   3.4   1   1   7.7e-48   7.7e-48  151.7   3.4     1    83     1    81     1    83 0.98 -
194at766_1242993_0:000302|OZ308468.1:702481-702739 -             87 194                  -             85   7.3e-48  151.8   3.4   1   1   8.1e-48   8.1e-48  151.7   3.4     1    83     1    81     1    83 0.98 -
194at766_1423892_0:00018c|OZ308468.1:702481-702739 -             87 194                  -             85   7.3e-48  151.8   3.4   1   1   8.1e-48   8.1e-48  151.7   3.4     1    83     1    81     1    83 0.98 -
194at766_205920_0:000364|OZ308468.1:702481-702739  -             87 194                  -             85   7.3e-48  151.8   3.4   1   1   8.1e-48   8.1e-48  151.7   3.4     1    83     1    81     1    83 0.98 -
194at766_391036_0:000223|OZ308468.1:702481-702739  -             87 194                  -             85   7.3e-48  151.8   3.4   1   1   8.1e-48   8.1e-48  151.7   3.4     1    83     1    81     1    83 0.98 -
194at766_779_0:000146|OZ308468.1:702481-702739     -             87 194                  -             85   7.3e-48  151.8   3.4   1   1   8.1e-48   8.1e-48  151.7   3.4     1    83     1    81     1    83 0.98 -
194at766_1248439_0:0002d7|OZ308468.1:702481-702742 -             88 194                  -             85   7.6e-48  151.8   3.4   1   1   8.5e-48   8.5e-48  151.6   3.4     1    83     1    81     1    83 0.98 -
194at766_1359168_0:0001e8|OZ308468.1:702481-702742 -             88 194                  -             85   7.6e-48  151.8   3.4   1   1   8.5e-48   8.5e-48  151.6   3.4     1    83     1    81     1    83 0.98 -
194at766_334380_0:00029d|OZ308468.1:702481-702742  -             88 194                  -             85   7.6e-48  151.8   3.4   1   1   8.5e-48   8.5e-48  151.6   3.4     1    83     1    81     1    83 0.98 -
194at766_574556_0:000015|OZ308468.1:702481-702742  -             88 194                  -             85   7.6e-48  151.8   3.4   1   1   8.5e-48   8.5e-48  151.6   3.4     1    83     1    81     1    83 0.98 -
194at766_1392507_0:0002aa|OZ308468.1:702481-702748 -             89 194                  -             85   7.9e-48  151.7   3.4   1   1   8.8e-48   8.8e-48  151.5   3.4     1    83     1    81     1    83 0.98 -
194at766_142058_0:0001e3|OZ308468.1:702481-702745  -             89 194                  -             85   7.9e-48  151.7   3.4   1   1   8.8e-48   8.8e-48  151.5   3.4     1    83     1    81     1    83 0.98 -
194at766_1605993_0:00037b|OZ308468.1:702481-702748 -             89 194                  -             85   7.9e-48  151.7   3.4   1   1   8.8e-48   8.8e-48  151.5   3.4     1    83     1    81     1    83 0.98 -
194at766_169402_0:0001b4|OZ308468.1:702481-702748  -             89 194                  -             85   7.9e-48  151.7   3.4   1   1   8.8e-48   8.8e-48  151.5   3.4     1    83     1    81     1    83 0.98 -
194at766_246273_0:00006c|OZ308468.1:702481-702748  -             89 194                  -             85   7.9e-48  151.7   3.4   1   1   8.8e-48   8.8e-48  151.5   3.4     1    83     1    81     1    83 0.98 -
194at766_955_0:0001af|OZ308468.1:702481-702748     -             89 194                  -             85   7.9e-48  151.7   3.4   1   1   8.8e-48   8.8e-48  151.5   3.4     1    83     1    81     1    83 0.98 -
194at766_2115978_0:00039e|OZ308468.1:702481-702724 -             82 194                  -             85   9.8e-48  151.4   3.6   1   1   1.1e-47   1.1e-47  151.3   3.6     1    83     1    81     1    82 0.98 -
194at766_1286528_0:000001|OZ308468.1:702481-702721 -             81 194                  -             85   1.4e-47  150.9   3.6   1   1   1.5e-47   1.5e-47  150.8   3.6     1    82     1    80     1    81 0.99 -
194at766_1359163_0:000151|OZ308468.1:702481-702721 -             81 194                  -             85   1.4e-47  150.9   3.6   1   1   1.5e-47   1.5e-47  150.8   3.6     1    82     1    80     1    81 0.99 -
194at766_1714371_0:00002c|OZ308468.1:702481-702721 -             81 194                  -             85   1.4e-47  150.9   3.6   1   1   1.5e-47   1.5e-47  150.8   3.6     1    82     1    80     1    81 0.99 -
194at766_222891_0:0002df|OZ308468.1:702481-702721  -             81 194                  -             85   1.4e-47  150.9   3.6   1   1   1.5e-47   1.5e-47  150.8   3.6     1    82     1    80     1    81 0.99 -
194at766_2602574_0:0003ec|OZ308468.1:702481-702721 -             81 194                  -             85   1.4e-47  150.9   3.6   1   1   1.5e-47   1.5e-47  150.8   3.6     1    82     1    80     1    81 0.99 -
194at766_434131_0:000076|OZ308468.1:702481-702721  -             81 194                  -             85   1.4e-47  150.9   3.6   1   1   1.5e-47   1.5e-47  150.8   3.6     1    82     1    80     1    81 0.99 -
194at766_752179_0:0000da|OZ308468.1:702481-702721  -             81 194                  -             85   1.4e-47  150.9   3.6   1   1   1.5e-47   1.5e-47  150.8   3.6     1    82     1    80     1    81 0.99 -
194at766_1528098_0:00020e|OZ308468.1:702481-702718 -             80 194                  -             85   4.9e-47  149.1   4.7   1   1   5.4e-47   5.4e-47  149.0   4.7     1    82     1    80     1    80 0.99 -
194at766_1802984_0:000239|OZ308468.1:702481-702718 -             80 194                  -             85   4.9e-47  149.1   4.7   1   1   5.4e-47   5.4e-47  149.0   4.7     1    82     1    80     1    80 0.99 -
194at766_2486577_0:00016b|OZ308468.1:702481-702718 -             80 194                  -             85   4.9e-47  149.1   4.7   1   1   5.4e-47   5.4e-47  149.0   4.7     1    82     1    80     1    80 0.99 -
194at766_272947_0:00028e|OZ308468.1:702481-702718  -             80 194                  -             85   4.9e-47  149.1   4.7   1   1   5.4e-47   5.4e-47  149.0   4.7     1    82     1    80     1    80 0.99 -
194at766_1105107_0:00024c|OZ308468.1:702481-702703 -             75 194                  -             85   1.4e-44  141.3   5.3   1   1   1.5e-44   1.5e-44  141.2   5.3     1    77     1    75     1    75 0.98 -
194at766_1961830_0:0000ba|OZ308468.1:702481-702703 -             75 194                  -             85   1.4e-44  141.3   5.3   1   1   1.5e-44   1.5e-44  141.2   5.3     1    77     1    75     1    75 0.98 -
194at766_336407_0:000268|OZ308468.1:702481-702703  -             75 194                  -             85   1.4e-44  141.3   5.3   1   1   1.5e-44   1.5e-44  141.2   5.3     1    77     1    75     1    75 0.98 -
194at766_481009_0:000279|OZ308468.1:702481-702703  -             75 194                  -             85   1.4e-44  141.3   5.3   1   1   1.5e-44   1.5e-44  141.2   5.3     1    77     1    75     1    75 0.98 -
#
# Program:         hmmsearch
# Version:         3.4 (Aug 2023)
# Pipeline mode:   SEARCH
# Query file:      /Users/rossoaa/Desktop/dummy/genomes/records/compleasm/mb_downloads/rickettsiales_odb12/hmms/194at766.hmm
# Target file:     -
# Option settings: /Users/rossoaa/miniconda3/envs/compleasm_env/bin/hmmsearch --domtblout /Users/rossoaa/Desktop/dummy/genomes/records/compleasm/rickettsiales_odb12/hmmer_output/194at766.out --cpu 1 /Users/rossoaa/Desktop/dummy/genomes/records/compleasm/mb_downloads/rickettsiales_odb12/hmms/194at766.hmm - 
# Current dir:     /Users/rossoaa/Desktop/dummy/genomes/records/compleasm
# Date:            Tue Feb 10 10:20:21 2026
# [ok]
