#                                                                                                          --- full sequence --- -------------- this domain -------------   hmm coord   ali coord   env coord
# target name                                      accession   tlen query name           accession   qlen   E-value  score  bias   #  of  c-Evalue  i-Evalue  score  bias  from    to  from    to  from    to  acc description of target
#                              ------------------- ---------- ----- -------------------- ---------- ----- --------- ------ ----- --- --- --------- --------- ------ ----- ----- ----- ----- ----- ----- ----- ---- ---------------------
204at766_1605993_0:000261|OZ308468.1:635724-636414 -            230 204                  -            231  3.1e-102  331.0   0.1   1   1  3.4e-102  3.4e-102  330.9   0.1     4   229     5   229     2   230 0.99 -
204at766_246273_0:0002cf|OZ308468.1:635724-636411  -            230 204                  -            231  3.1e-102  331.0   0.1   1   1  3.4e-102  3.4e-102  330.9   0.1     4   229     5   229     2   230 0.99 -
204at766_96496_0:000188|OZ308468.1:635724-636411   -            230 204                  -            231  3.1e-102  331.0   0.1   1   1  3.4e-102  3.4e-102  330.9   0.1     4   229     5   229     2   230 0.99 -
204at766_779_0:00027e|OZ308468.1:635730-636414     -            228 204                  -            231  3.5e-102  330.8   0.2   1   1  3.8e-102  3.8e-102  330.7   0.2     4   229     3   227     1   228 0.99 -
204at766_1423892_0:00025b|OZ308468.1:635733-636414 -            227 204                  -            231    4e-102  330.7   0.2   1   1  4.4e-102  4.4e-102  330.5   0.2     5   229     3   226     1   227 0.99 -
204at766_205920_0:0002fd|OZ308468.1:635733-636414  -            227 204                  -            231    4e-102  330.7   0.2   1   1  4.4e-102  4.4e-102  330.5   0.2     5   229     3   226     1   227 0.99 -
204at766_391036_0:0000d8|OZ308468.1:635733-636414  -            227 204                  -            231    4e-102  330.7   0.2   1   1  4.4e-102  4.4e-102  330.5   0.2     5   229     3   226     1   227 0.99 -
204at766_1359163_0:000220|OZ308468.1:635736-636414 -            226 204                  -            231    5e-102  330.3   0.2   1   1  5.5e-102  5.5e-102  330.2   0.2     5   229     2   225     1   226 0.99 -
204at766_169402_0:000210|OZ308468.1:635724-636408  -            229 204                  -            231    5e-102  330.3   0.1   1   1  5.6e-102  5.6e-102  330.2   0.1     4   228     5   228     2   229 0.99 -
204at766_1392507_0:0002e8|OZ308468.1:635733-636408 -            226 204                  -            231  6.5e-102  330.0   0.2   1   1  7.2e-102  7.2e-102  329.8   0.2     5   228     3   225     1   226 0.99 -
204at766_1286528_0:00009c|OZ308468.1:635739-636414 -            225 204                  -            231    7e-102  329.8   0.1   1   1  7.7e-102  7.7e-102  329.7   0.1     6   229     2   224     1   225 0.99 -
204at766_222891_0:000095|OZ308468.1:635745-636414  -            223 204                  -            231    2e-101  328.4   0.2   1   1  2.2e-101  2.2e-101  328.2   0.2     7   229     1   222     1   223 0.99 -
204at766_434131_0:0001ab|OZ308468.1:635745-636414  -            223 204                  -            231    2e-101  328.4   0.2   1   1  2.2e-101  2.2e-101  328.2   0.2     7   229     1   222     1   223 0.99 -
204at766_1528098_0:000212|OZ308468.1:635736-636402 -            223 204                  -            231    3e-101  327.8   0.1   1   1  3.3e-101  3.3e-101  327.7   0.1     5   227     2   223     1   223 0.99 -
204at766_334380_0:000125|OZ308468.1:635739-636402  -            222 204                  -            231  4.2e-101  327.3   0.1   1   1  4.6e-101  4.6e-101  327.2   0.1     6   227     2   222     1   222 0.99 -
204at766_1714371_0:000263|OZ308468.1:635757-636414 -            219 204                  -            231  3.1e-100  324.5   0.1   1   1  3.4e-100  3.4e-100  324.3   0.1    11   229     1   218     1   219 0.99 -
204at766_2602574_0:000179|OZ308468.1:635748-636402 -            219 204                  -            231  3.1e-100  324.5   0.1   1   1  3.4e-100  3.4e-100  324.3   0.1     9   227     2   219     1   219 0.99 -
204at766_86105_0:0004d8|OZ308468.1:635757-636408   -            218 204                  -            231    5e-100  323.8   0.1   1   1  5.5e-100  5.5e-100  323.6   0.1    11   228     1   217     1   218 0.99 -
204at766_2486577_0:00009f|OZ308468.1:635751-636399 -            217 204                  -            231   1.3e-99  322.4   0.1   1   1   1.4e-99   1.4e-99  322.3   0.1     9   226     1   217     1   217 0.99 -
#
# Program:         hmmsearch
# Version:         3.4 (Aug 2023)
# Pipeline mode:   SEARCH
# Query file:      /Users/rossoaa/Desktop/dummy/genomes/records/compleasm/mb_downloads/rickettsiales_odb12/hmms/204at766.hmm
# Target file:     -
# Option settings: /Users/rossoaa/miniconda3/envs/compleasm_env/bin/hmmsearch --domtblout /Users/rossoaa/Desktop/dummy/genomes/records/compleasm/rickettsiales_odb12/hmmer_output/204at766.out --cpu 1 /Users/rossoaa/Desktop/dummy/genomes/records/compleasm/mb_downloads/rickettsiales_odb12/hmms/204at766.hmm - 
# Current dir:     /Users/rossoaa/Desktop/dummy/genomes/records/compleasm
# Date:            Tue Feb 10 10:20:20 2026
# [ok]
