#                                                                                                        --- full sequence --- -------------- this domain -------------   hmm coord   ali coord   env coord
# target name                                    accession   tlen query name           accession   qlen   E-value  score  bias   #  of  c-Evalue  i-Evalue  score  bias  from    to  from    to  from    to  acc description of target
#                            ------------------- ---------- ----- -------------------- ---------- ----- --------- ------ ----- --- --- --------- --------- ------ ----- ----- ----- ----- ----- ----- ----- ---- ---------------------
213at766_336407_0:0003a3|OZ308468.1:87576-88581  -            336 213                  -            299  7.6e-115  374.2   2.7   1   1  3.9e-114  3.9e-114  371.8   2.7     5   299     7   335     2   335 0.87 -
213at766_1359168_0:000145|OZ308468.1:87573-88581 -            337 213                  -            299  7.7e-115  374.1   2.7   1   1  3.9e-114  3.9e-114  371.8   2.7     5   299     8   336     3   336 0.87 -
213at766_752179_0:0002a0|OZ308468.1:87573-88581  -            337 213                  -            299  7.7e-115  374.1   2.7   1   1  3.9e-114  3.9e-114  371.8   2.7     5   299     8   336     3   336 0.87 -
213at766_1105107_0:000205|OZ308468.1:87576-88587 -            338 213                  -            299  7.8e-115  374.1   2.7   1   1    4e-114    4e-114  371.8   2.7     5   299     7   335     2   335 0.87 -
213at766_1392507_0:000294|OZ308468.1:87576-88590 -            338 213                  -            299  7.8e-115  374.1   2.7   1   1    4e-114    4e-114  371.8   2.7     5   299     7   335     2   335 0.87 -
213at766_86105_0:000500|OZ308468.1:87576-88587   -            338 213                  -            299  7.8e-115  374.1   2.7   1   1    4e-114    4e-114  371.8   2.7     5   299     7   335     2   335 0.87 -
213at766_696127_0:000191|OZ308468.1:87567-88584  -            340 213                  -            299  7.9e-115  374.1   2.7   1   1  4.1e-114  4.1e-114  371.8   2.7     5   299    10   338     5   338 0.87 -
213at766_1286528_0:000112|OZ308468.1:87564-88581 -            340 213                  -            299    8e-115  374.1   2.7   1   1  4.1e-114  4.1e-114  371.8   2.7     5   299    11   339     6   339 0.87 -
213at766_1714371_0:0000c9|OZ308468.1:87564-88581 -            340 213                  -            299    8e-115  374.1   2.7   1   1  4.1e-114  4.1e-114  371.8   2.7     5   299    11   339     6   339 0.87 -
213at766_222891_0:000243|OZ308468.1:87564-88581  -            340 213                  -            299    8e-115  374.1   2.7   1   1  4.1e-114  4.1e-114  371.8   2.7     5   299    11   339     6   339 0.87 -
213at766_434131_0:00022a|OZ308468.1:87564-88581  -            340 213                  -            299    8e-115  374.1   2.7   1   1  4.1e-114  4.1e-114  371.8   2.7     5   299    11   339     6   339 0.87 -
213at766_955_0:0000bf|OZ308468.1:87564-88581     -            340 213                  -            299    8e-115  374.1   2.7   1   1  4.1e-114  4.1e-114  371.8   2.7     5   299    11   339     6   339 0.87 -
213at766_1242993_0:0003a9|OZ308468.1:87564-88587 -            342 213                  -            299  8.1e-115  374.1   2.6   1   1  4.1e-114  4.1e-114  371.8   2.6     5   299    11   339     6   339 0.87 -
213at766_1359163_0:0002a6|OZ308468.1:87564-88590 -            342 213                  -            299  8.1e-115  374.1   2.6   1   1  4.1e-114  4.1e-114  371.8   2.6     5   299    11   339     6   339 0.87 -
213at766_1423892_0:000076|OZ308468.1:87564-88590 -            342 213                  -            299  8.1e-115  374.1   2.6   1   1  4.1e-114  4.1e-114  371.8   2.6     5   299    11   339     6   339 0.87 -
213at766_1605993_0:00007d|OZ308468.1:87564-88590 -            342 213                  -            299  8.1e-115  374.1   2.6   1   1  4.1e-114  4.1e-114  371.8   2.6     5   299    11   339     6   339 0.87 -
213at766_169402_0:000119|OZ308468.1:87564-88590  -            342 213                  -            299  8.1e-115  374.1   2.6   1   1  4.1e-114  4.1e-114  371.8   2.6     5   299    11   339     6   339 0.87 -
213at766_205920_0:000329|OZ308468.1:87564-88587  -            342 213                  -            299  8.1e-115  374.1   2.6   1   1  4.1e-114  4.1e-114  371.8   2.6     5   299    11   339     6   339 0.87 -
213at766_246273_0:00028f|OZ308468.1:87564-88590  -            342 213                  -            299  8.1e-115  374.1   2.6   1   1  4.1e-114  4.1e-114  371.8   2.6     5   299    11   339     6   339 0.87 -
213at766_391036_0:00025f|OZ308468.1:87564-88590  -            342 213                  -            299  8.1e-115  374.1   2.6   1   1  4.1e-114  4.1e-114  371.8   2.6     5   299    11   339     6   339 0.87 -
213at766_779_0:00031e|OZ308468.1:87564-88587     -            342 213                  -            299  8.1e-115  374.1   2.6   1   1  4.1e-114  4.1e-114  371.8   2.6     5   299    11   339     6   339 0.87 -
213at766_1528098_0:000100|OZ308468.1:87561-88587 -            343 213                  -            299  8.2e-115  374.1   2.6   1   1  4.2e-114  4.2e-114  371.7   2.6     5   299    12   340     7   340 0.87 -
213at766_334380_0:00021d|OZ308468.1:87552-88581  -            344 213                  -            299  8.3e-115  374.0   2.6   1   1  4.2e-114  4.2e-114  371.7   2.6     5   299    15   343    10   343 0.87 -
213at766_142058_0:000111|OZ308468.1:87582-88587  -            336 213                  -            299  9.4e-115  373.9   2.7   1   1  4.8e-114  4.8e-114  371.5   2.7     5   299     5   333     1   333 0.88 -
213at766_2115978_0:00002e|OZ308468.1:87582-88587 -            336 213                  -            299  9.4e-115  373.9   2.7   1   1  4.8e-114  4.8e-114  371.5   2.7     5   299     5   333     1   333 0.88 -
213at766_1961830_0:00026c|OZ308468.1:87576-88575 -            334 213                  -            299    2e-114  372.8   2.5   1   1    1e-113    1e-113  370.5   2.5     5   297     7   333     2   334 0.87 -
213at766_2602574_0:0001f1|OZ308468.1:87558-88575 -            340 213                  -            299  2.1e-114  372.7   2.5   1   1  1.1e-113  1.1e-113  370.4   2.5     5   297    13   339     8   340 0.87 -
213at766_272947_0:000220|OZ308468.1:87603-88587  -            329 213                  -            299  1.2e-113  370.2   2.7   1   1  6.2e-113  6.2e-113  367.9   2.7     8   299     1   326     1   326 0.88 -
213at766_1248439_0:0001a1|OZ308468.1:87609-88587 -            327 213                  -            299  4.1e-113  368.5   2.4   1   1  2.1e-112  2.1e-112  366.1   2.4    10   299     1   324     1   324 0.87 -
213at766_574556_0:000343|OZ308468.1:87609-88590  -            327 213                  -            299  4.1e-113  368.5   2.4   1   1  2.1e-112  2.1e-112  366.1   2.4    10   299     1   324     1   324 0.87 -
213at766_481009_0:0000cb|OZ308468.1:87576-88518  -            315 213                  -            299  2.7e-108  352.7   1.4   1   1  1.4e-107  1.4e-107  350.3   1.4     5   281     7   313     2   315 0.88 -
213at766_96496_0:0002a6|OZ308468.1:87756-88590   -            277 213                  -            299   6.3e-93  302.2   1.9   1   1   2.1e-92   2.1e-92  300.5   1.9    52   299     1   274     1   274 0.87 -
#
# Program:         hmmsearch
# Version:         3.4 (Aug 2023)
# Pipeline mode:   SEARCH
# Query file:      /Users/rossoaa/Desktop/dummy/genomes/records/compleasm/mb_downloads/rickettsiales_odb12/hmms/213at766.hmm
# Target file:     -
# Option settings: /Users/rossoaa/miniconda3/envs/compleasm_env/bin/hmmsearch --domtblout /Users/rossoaa/Desktop/dummy/genomes/records/compleasm/rickettsiales_odb12/hmmer_output/213at766.out --cpu 1 /Users/rossoaa/Desktop/dummy/genomes/records/compleasm/mb_downloads/rickettsiales_odb12/hmms/213at766.hmm - 
# Current dir:     /Users/rossoaa/Desktop/dummy/genomes/records/compleasm
# Date:            Tue Feb 10 10:20:21 2026
# [ok]
