#                                                                                                          --- full sequence --- -------------- this domain -------------   hmm coord   ali coord   env coord
# target name                                      accession   tlen query name           accession   qlen   E-value  score  bias   #  of  c-Evalue  i-Evalue  score  bias  from    to  from    to  from    to  acc description of target
#                              ------------------- ---------- ----- -------------------- ---------- ----- --------- ------ ----- --- --- --------- --------- ------ ----- ----- ----- ----- ----- ----- ----- ---- ---------------------
231at766_1359163_0:000149|OZ308468.1:305814-310422 -            335 231                  -            330    2e-162  531.0   1.3   1   1  2.5e-162  2.5e-162  530.7   1.3     3   324     4   323     2   328 0.98 -
231at766_222891_0:0002d8|OZ308468.1:305817-306768  -            318 231                  -            330  2.2e-160  524.3   0.6   1   1  2.6e-160  2.6e-160  524.1   0.6     3   316     3   314     1   317 0.98 -
231at766_434131_0:00027f|OZ308468.1:305817-306768  -            318 231                  -            330  2.2e-160  524.3   0.6   1   1  2.6e-160  2.6e-160  524.1   0.6     3   316     3   314     1   317 0.98 -
231at766_1105107_0:000132|OZ308468.1:305814-306768 -            319 231                  -            330  2.2e-160  524.3   0.6   1   1  2.6e-160  2.6e-160  524.1   0.6     3   316     4   315     2   318 0.98 -
231at766_2602574_0:0001e6|OZ308468.1:305805-306768 -            322 231                  -            330  2.3e-160  524.3   0.6   1   1  2.7e-160  2.7e-160  524.0   0.6     3   316     7   318     5   321 0.98 -
231at766_86105_0:0005b5|OZ308468.1:305811-306765   -            319 231                  -            330  2.4e-160  524.2   0.6   1   1  2.6e-160  2.6e-160  524.1   0.6     3   316     5   316     3   319 0.98 -
231at766_205920_0:00026f|OZ308468.1:305805-306765  -            321 231                  -            330  2.4e-160  524.2   0.6   1   1  2.7e-160  2.7e-160  524.0   0.6     3   316     7   318     5   321 0.98 -
231at766_1605993_0:00010c|OZ308468.1:305820-306771 -            317 231                  -            330  2.8e-160  524.0   0.6   1   1  3.4e-160  3.4e-160  523.7   0.6     3   316     2   313     1   316 0.98 -
231at766_1286528_0:000132|OZ308468.1:305817-306759 -            315 231                  -            330  3.7e-160  523.6   0.7   1   1  4.1e-160  4.1e-160  523.4   0.7     3   315     3   313     1   315 0.98 -
231at766_334380_0:0000b0|OZ308468.1:305823-306768  -            316 231                  -            330  3.8e-160  523.5   0.6   1   1  4.5e-160  4.5e-160  523.3   0.6     3   316     1   312     1   315 0.98 -
231at766_169402_0:000048|OZ308468.1:305817-306756  -            314 231                  -            330  5.1e-160  523.1   0.7   1   1  5.7e-160  5.7e-160  523.0   0.7     3   315     3   313     1   314 0.98 -
231at766_1392507_0:000069|OZ308468.1:305814-306756 -            315 231                  -            330  5.2e-160  523.1   0.7   1   1  5.8e-160  5.8e-160  522.9   0.7     3   315     4   314     2   315 0.98 -
231at766_246273_0:0000fa|OZ308468.1:305820-306756  -            313 231                  -            330  6.7e-160  522.7   0.7   1   1  7.4e-160  7.4e-160  522.6   0.7     3   315     2   312     1   313 0.98 -
231at766_96496_0:0001a5|OZ308468.1:305820-306756   -            313 231                  -            330  6.7e-160  522.7   0.7   1   1  7.4e-160  7.4e-160  522.6   0.7     3   315     2   312     1   313 0.98 -
231at766_1242993_0:00026f|OZ308468.1:305817-306753 -            313 231                  -            330  7.5e-160  522.6   0.6   1   1  8.3e-160  8.3e-160  522.4   0.6     3   314     3   312     1   313 0.98 -
231at766_1274402_0:000238|OZ308468.1:305820-306753 -            312 231                  -            330  9.8e-160  522.2   0.6   1   1  1.1e-159  1.1e-159  522.0   0.6     3   314     2   311     1   312 0.98 -
231at766_696127_0:0000e0|OZ308468.1:305814-306750  -            313 231                  -            330  1.2e-159  521.9   0.6   1   1  1.3e-159  1.3e-159  521.8   0.6     3   313     4   312     2   313 0.98 -
231at766_955_0:0002f0|OZ308468.1:305820-306750     -            311 231                  -            330  1.5e-159  521.6   0.6   1   1  1.7e-159  1.7e-159  521.4   0.6     3   313     2   310     1   311 0.98 -
231at766_1528098_0:0002db|OZ308468.1:305817-306747 -            311 231                  -            330  1.9e-159  521.3   0.6   1   1  2.1e-159  2.1e-159  521.1   0.6     3   312     3   310     1   311 0.98 -
231at766_1714371_0:000200|OZ308468.1:305817-306747 -            311 231                  -            330  1.9e-159  521.3   0.6   1   1  2.1e-159  2.1e-159  521.1   0.6     3   312     3   310     1   311 0.98 -
231at766_779_0:0000c8|OZ308468.1:305817-306747     -            311 231                  -            330  1.9e-159  521.3   0.6   1   1  2.1e-159  2.1e-159  521.1   0.6     3   312     3   310     1   311 0.98 -
231at766_336407_0:000006|OZ308468.1:305814-306747  -            312 231                  -            330  1.9e-159  521.3   0.6   1   1  2.1e-159  2.1e-159  521.1   0.6     3   312     4   311     2   312 0.98 -
231at766_272947_0:00019b|OZ308468.1:305829-306768  -            314 231                  -            330  2.7e-159  520.7   0.5   1   1  3.2e-159  3.2e-159  520.5   0.5     5   316     1   310     1   313 0.98 -
231at766_481009_0:00026d|OZ308468.1:305829-306768  -            314 231                  -            330  2.7e-159  520.7   0.5   1   1  3.2e-159  3.2e-159  520.5   0.5     5   316     1   310     1   313 0.98 -
231at766_1359168_0:000089|OZ308468.1:305823-306747 -            309 231                  -            330  3.2e-159  520.5   0.5   1   1  3.6e-159  3.6e-159  520.3   0.5     3   312     1   308     1   309 0.98 -
231at766_1423892_0:00003c|OZ308468.1:305817-306744 -            310 231                  -            330  3.2e-159  520.5   0.7   1   1  3.6e-159  3.6e-159  520.3   0.7     3   312     3   310     1   310 0.98 -
231at766_391036_0:000178|OZ308468.1:305817-306744  -            310 231                  -            330  3.2e-159  520.5   0.7   1   1  3.6e-159  3.6e-159  520.3   0.7     3   312     3   310     1   310 0.98 -
231at766_2486578_0:000199|OZ308468.1:305817-306741 -            309 231                  -            330  7.4e-159  519.3   0.7   1   1  8.2e-159  8.2e-159  519.2   0.7     3   311     3   309     1   309 0.98 -
231at766_574556_0:000256|OZ308468.1:305811-306741  -            311 231                  -            330  7.5e-159  519.3   0.7   1   1  8.4e-159  8.4e-159  519.1   0.7     3   311     5   311     3   311 0.98 -
231at766_752179_0:0003be|OZ308468.1:305811-306741  -            311 231                  -            330  7.5e-159  519.3   0.7   1   1  8.4e-159  8.4e-159  519.1   0.7     3   311     5   311     3   311 0.98 -
231at766_1248439_0:00003b|OZ308468.1:305808-306741 -            312 231                  -            330  7.6e-159  519.3   0.7   1   1  8.5e-159  8.5e-159  519.1   0.7     3   311     6   312     4   312 0.98 -
231at766_1961830_0:0000a7|OZ308468.1:305808-306741 -            312 231                  -            330  7.6e-159  519.3   0.7   1   1  8.5e-159  8.5e-159  519.1   0.7     3   311     6   312     4   312 0.98 -
231at766_142058_0:000374|OZ308468.1:305823-306741  -            307 231                  -            330  1.3e-158  518.5   0.6   1   1  1.4e-158  1.4e-158  518.4   0.6     3   311     1   307     1   307 0.99 -
#
# Program:         hmmsearch
# Version:         3.4 (Aug 2023)
# Pipeline mode:   SEARCH
# Query file:      /Users/rossoaa/Desktop/dummy/genomes/records/compleasm/mb_downloads/rickettsiales_odb12/hmms/231at766.hmm
# Target file:     -
# Option settings: /Users/rossoaa/miniconda3/envs/compleasm_env/bin/hmmsearch --domtblout /Users/rossoaa/Desktop/dummy/genomes/records/compleasm/rickettsiales_odb12/hmmer_output/231at766.out --cpu 1 /Users/rossoaa/Desktop/dummy/genomes/records/compleasm/mb_downloads/rickettsiales_odb12/hmms/231at766.hmm - 
# Current dir:     /Users/rossoaa/Desktop/dummy/genomes/records/compleasm
# Date:            Tue Feb 10 10:20:21 2026
# [ok]
