#                                                                                                           --- full sequence --- -------------- this domain -------------   hmm coord   ali coord   env coord
# target name                                       accession   tlen query name           accession   qlen   E-value  score  bias   #  of  c-Evalue  i-Evalue  score  bias  from    to  from    to  from    to  acc description of target
#                               ------------------- ---------- ----- -------------------- ---------- ----- --------- ------ ----- --- --- --------- --------- ------ ----- ----- ----- ----- ----- ----- ----- ---- ---------------------
2408at766_1248439_0:00035c|OZ308468.1:426698-427178 -            160 2408                 -            158   1.3e-96  311.5   0.7   1   1   1.5e-96   1.5e-96  311.3   0.7     3   158     4   159     2   159 0.98 -
2408at766_142058_0:00038b|OZ308468.1:426698-427178  -            160 2408                 -            158   1.3e-96  311.5   0.7   1   1   1.5e-96   1.5e-96  311.3   0.7     3   158     4   159     2   159 0.98 -
2408at766_1605993_0:000291|OZ308468.1:426698-427178 -            160 2408                 -            158   1.3e-96  311.5   0.7   1   1   1.5e-96   1.5e-96  311.3   0.7     3   158     4   159     2   159 0.98 -
2408at766_169402_0:0003a6|OZ308468.1:426698-427178  -            160 2408                 -            158   1.3e-96  311.5   0.7   1   1   1.5e-96   1.5e-96  311.3   0.7     3   158     4   159     2   159 0.98 -
2408at766_246273_0:000366|OZ308468.1:426698-427178  -            160 2408                 -            158   1.3e-96  311.5   0.7   1   1   1.5e-96   1.5e-96  311.3   0.7     3   158     4   159     2   159 0.98 -
2408at766_955_0:0002a8|OZ308468.1:426698-427178     -            160 2408                 -            158   1.3e-96  311.5   0.7   1   1   1.5e-96   1.5e-96  311.3   0.7     3   158     4   159     2   159 0.98 -
2408at766_96496_0:00017b|OZ308468.1:426698-427178   -            160 2408                 -            158   1.3e-96  311.5   0.7   1   1   1.5e-96   1.5e-96  311.3   0.7     3   158     4   159     2   159 0.98 -
2408at766_86105_0:00064c|OZ308468.1:426701-427178   -            159 2408                 -            158   1.3e-96  311.5   0.7   1   1   1.4e-96   1.4e-96  311.4   0.7     3   158     3   158     1   158 0.98 -
2408at766_1528098_0:000348|OZ308468.1:426692-427178 -            162 2408                 -            158   1.3e-96  311.5   0.7   1   1   1.6e-96   1.6e-96  311.3   0.7     3   158     6   161     4   161 0.98 -
2408at766_2115978_0:000039|OZ308468.1:426689-427178 -            163 2408                 -            158   1.4e-96  311.5   0.7   1   1   1.6e-96   1.6e-96  311.2   0.7     3   158     7   162     5   162 0.98 -
2408at766_779_0:00009b|OZ308468.1:426677-427178     -            167 2408                 -            158   1.5e-96  311.3   0.7   1   1   1.7e-96   1.7e-96  311.1   0.7     3   158    11   166     9   166 0.98 -
2408at766_222891_0:000184|OZ308468.1:426710-427178  -            156 2408                 -            158   3.2e-96  310.2   0.6   1   1   3.5e-96   3.5e-96  310.1   0.6     6   158     3   155     1   155 0.98 -
2408at766_2602574_0:0002a5|OZ308468.1:426701-427166 -            156 2408                 -            158   5.1e-96  309.6   0.8   1   1   5.6e-96   5.6e-96  309.5   0.8     3   155     3   155     1   156 0.98 -
2408at766_1105107_0:000026|OZ308468.1:426734-427178 -            148 2408                 -            158   6.3e-95  306.0   1.4   1   1     7e-95     7e-95  305.9   1.4    13   158     2   147     1   147 0.99 -
2408at766_1359168_0:0000ae|OZ308468.1:426734-427178 -            148 2408                 -            158   6.3e-95  306.0   1.4   1   1     7e-95     7e-95  305.9   1.4    13   158     2   147     1   147 0.99 -
2408at766_1961830_0:0004b9|OZ308468.1:426734-427178 -            148 2408                 -            158   6.3e-95  306.0   1.4   1   1     7e-95     7e-95  305.9   1.4    13   158     2   147     1   147 0.99 -
2408at766_2486578_0:0005d8|OZ308468.1:426734-427178 -            148 2408                 -            158   6.3e-95  306.0   1.4   1   1     7e-95     7e-95  305.9   1.4    13   158     2   147     1   147 0.99 -
2408at766_272947_0:0002c6|OZ308468.1:426734-427178  -            148 2408                 -            158   6.3e-95  306.0   1.4   1   1     7e-95     7e-95  305.9   1.4    13   158     2   147     1   147 0.99 -
2408at766_334380_0:0002d8|OZ308468.1:426734-427178  -            148 2408                 -            158   6.3e-95  306.0   1.4   1   1     7e-95     7e-95  305.9   1.4    13   158     2   147     1   147 0.99 -
2408at766_336407_0:0000b5|OZ308468.1:426734-427178  -            148 2408                 -            158   6.3e-95  306.0   1.4   1   1     7e-95     7e-95  305.9   1.4    13   158     2   147     1   147 0.99 -
2408at766_481009_0:000410|OZ308468.1:426734-427178  -            148 2408                 -            158   6.3e-95  306.0   1.4   1   1     7e-95     7e-95  305.9   1.4    13   158     2   147     1   147 0.99 -
2408at766_696127_0:0000b3|OZ308468.1:426734-427178  -            148 2408                 -            158   6.3e-95  306.0   1.4   1   1     7e-95     7e-95  305.9   1.4    13   158     2   147     1   147 0.99 -
2408at766_1359163_0:00030e|OZ308468.1:426740-427178 -            146 2408                 -            158   2.2e-94  304.3   1.5   1   1   2.4e-94   2.4e-94  304.1   1.5    14   158     1   145     1   145 0.99 -
2408at766_1392507_0:000366|OZ308468.1:426740-427178 -            146 2408                 -            158   2.2e-94  304.3   1.5   1   1   2.4e-94   2.4e-94  304.1   1.5    14   158     1   145     1   145 0.99 -
2408at766_574556_0:0000da|OZ308468.1:426740-427178  -            146 2408                 -            158   2.2e-94  304.3   1.5   1   1   2.4e-94   2.4e-94  304.1   1.5    14   158     1   145     1   145 0.99 -
2408at766_1274402_0:000378|OZ308468.1:426734-427166 -            145 2408                 -            158   2.7e-94  304.0   1.7   1   1   2.9e-94   2.9e-94  303.9   1.7    13   155     2   144     1   145 0.99 -
2408at766_1242993_0:000327|OZ308468.1:426743-427178 -            145 2408                 -            158   6.7e-94  302.7   1.5   1   1   7.5e-94   7.5e-94  302.6   1.5    15   158     1   144     1   144 0.99 -
2408at766_1423892_0:000347|OZ308468.1:426743-427178 -            145 2408                 -            158   6.7e-94  302.7   1.5   1   1   7.5e-94   7.5e-94  302.6   1.5    15   158     1   144     1   144 0.99 -
2408at766_205920_0:000024|OZ308468.1:426743-427178  -            145 2408                 -            158   6.7e-94  302.7   1.5   1   1   7.5e-94   7.5e-94  302.6   1.5    15   158     1   144     1   144 0.99 -
2408at766_391036_0:00027a|OZ308468.1:426743-427178  -            145 2408                 -            158   6.7e-94  302.7   1.5   1   1   7.5e-94   7.5e-94  302.6   1.5    15   158     1   144     1   144 0.99 -
2408at766_1286528_0:0001c2|OZ308468.1:426746-427178 -            144 2408                 -            158   1.7e-93  301.4   1.3   1   1   1.9e-93   1.9e-93  301.2   1.3    16   158     1   143     1   143 0.99 -
2408at766_1714371_0:000203|OZ308468.1:426746-427178 -            144 2408                 -            158   1.7e-93  301.4   1.3   1   1   1.9e-93   1.9e-93  301.2   1.3    16   158     1   143     1   143 0.99 -
2408at766_434131_0:000099|OZ308468.1:426746-427178  -            144 2408                 -            158   1.7e-93  301.4   1.3   1   1   1.9e-93   1.9e-93  301.2   1.3    16   158     1   143     1   143 0.99 -
2408at766_1802984_0:0001c1|OZ308468.1:426734-427145 -            138 2408                 -            158   7.1e-92  296.1   1.7   1   1   7.8e-92   7.8e-92  296.0   1.7    13   148     2   137     1   138 0.99 -
#
# Program:         hmmsearch
# Version:         3.4 (Aug 2023)
# Pipeline mode:   SEARCH
# Query file:      /Users/rossoaa/Desktop/dummy/genomes/records/compleasm/mb_downloads/rickettsiales_odb12/hmms/2408at766.hmm
# Target file:     -
# Option settings: /Users/rossoaa/miniconda3/envs/compleasm_env/bin/hmmsearch --domtblout /Users/rossoaa/Desktop/dummy/genomes/records/compleasm/rickettsiales_odb12/hmmer_output/2408at766.out --cpu 1 /Users/rossoaa/Desktop/dummy/genomes/records/compleasm/mb_downloads/rickettsiales_odb12/hmms/2408at766.hmm - 
# Current dir:     /Users/rossoaa/Desktop/dummy/genomes/records/compleasm
# Date:            Tue Feb 10 10:20:21 2026
# [ok]
