#                                                                                                           --- full sequence --- -------------- this domain -------------   hmm coord   ali coord   env coord
# target name                                       accession   tlen query name           accession   qlen   E-value  score  bias   #  of  c-Evalue  i-Evalue  score  bias  from    to  from    to  from    to  acc description of target
#                               ------------------- ---------- ----- -------------------- ---------- ----- --------- ------ ----- --- --- --------- --------- ------ ----- ----- ----- ----- ----- ----- ----- ---- ---------------------
2419at766_246273_0:0001c4|OZ308468.1:429833-431072  -            414 2419                 -            406  4.9e-243  796.9   0.1   1   1  5.5e-243  5.5e-243  796.7   0.1     1   406     1   414     1   414 0.98 -
2419at766_1286528_0:0000f6|OZ308468.1:429833-431075 -            415 2419                 -            406  4.9e-243  796.9   0.1   1   1  5.5e-243  5.5e-243  796.7   0.1     1   406     2   415     2   415 0.98 -
2419at766_1714371_0:000230|OZ308468.1:429833-431075 -            415 2419                 -            406  4.9e-243  796.9   0.1   1   1  5.5e-243  5.5e-243  796.7   0.1     1   406     2   415     2   415 0.98 -
2419at766_222891_0:0001f7|OZ308468.1:429833-431075  -            415 2419                 -            406  4.9e-243  796.9   0.1   1   1  5.5e-243  5.5e-243  796.7   0.1     1   406     2   415     2   415 0.98 -
2419at766_1248439_0:00004f|OZ308468.1:429830-431072 -            415 2419                 -            406  4.9e-243  796.9   0.1   1   1  5.5e-243  5.5e-243  796.7   0.1     1   406     1   414     1   414 0.98 -
2419at766_142058_0:00007d|OZ308468.1:429830-431072  -            415 2419                 -            406  4.9e-243  796.9   0.1   1   1  5.5e-243  5.5e-243  796.7   0.1     1   406     1   414     1   414 0.98 -
2419at766_574556_0:00015a|OZ308468.1:429830-431072  -            415 2419                 -            406  4.9e-243  796.9   0.1   1   1  5.5e-243  5.5e-243  796.7   0.1     1   406     1   414     1   414 0.98 -
2419at766_1105107_0:000293|OZ308468.1:429830-431075 -            416 2419                 -            406  4.9e-243  796.9   0.1   1   1  5.6e-243  5.6e-243  796.7   0.1     1   406     2   415     2   415 0.98 -
2419at766_1242993_0:0002f5|OZ308468.1:429830-431075 -            416 2419                 -            406  4.9e-243  796.9   0.1   1   1  5.6e-243  5.6e-243  796.7   0.1     1   406     2   415     2   415 0.98 -
2419at766_1359168_0:0002ae|OZ308468.1:429830-431075 -            416 2419                 -            406  4.9e-243  796.9   0.1   1   1  5.6e-243  5.6e-243  796.7   0.1     1   406     2   415     2   415 0.98 -
2419at766_1392507_0:00028e|OZ308468.1:429830-431075 -            416 2419                 -            406  4.9e-243  796.9   0.1   1   1  5.6e-243  5.6e-243  796.7   0.1     1   406     2   415     2   415 0.98 -
2419at766_1528098_0:000338|OZ308468.1:429830-431075 -            416 2419                 -            406  4.9e-243  796.9   0.1   1   1  5.6e-243  5.6e-243  796.7   0.1     1   406     2   415     2   415 0.98 -
2419at766_1802984_0:000241|OZ308468.1:429830-431075 -            416 2419                 -            406  4.9e-243  796.9   0.1   1   1  5.6e-243  5.6e-243  796.7   0.1     1   406     2   415     2   415 0.98 -
2419at766_1961830_0:000132|OZ308468.1:429830-431075 -            416 2419                 -            406  4.9e-243  796.9   0.1   1   1  5.6e-243  5.6e-243  796.7   0.1     1   406     2   415     2   415 0.98 -
2419at766_205920_0:0000c3|OZ308468.1:429830-431075  -            416 2419                 -            406  4.9e-243  796.9   0.1   1   1  5.6e-243  5.6e-243  796.7   0.1     1   406     2   415     2   415 0.98 -
2419at766_2486578_0:000061|OZ308468.1:429830-431075 -            416 2419                 -            406  4.9e-243  796.9   0.1   1   1  5.6e-243  5.6e-243  796.7   0.1     1   406     2   415     2   415 0.98 -
2419at766_2602574_0:0001c5|OZ308468.1:429830-431075 -            416 2419                 -            406  4.9e-243  796.9   0.1   1   1  5.6e-243  5.6e-243  796.7   0.1     1   406     2   415     2   415 0.98 -
2419at766_272947_0:000113|OZ308468.1:429830-431075  -            416 2419                 -            406  4.9e-243  796.9   0.1   1   1  5.6e-243  5.6e-243  796.7   0.1     1   406     2   415     2   415 0.98 -
2419at766_334380_0:00048c|OZ308468.1:429830-431075  -            416 2419                 -            406  4.9e-243  796.9   0.1   1   1  5.6e-243  5.6e-243  796.7   0.1     1   406     2   415     2   415 0.98 -
2419at766_481009_0:000212|OZ308468.1:429830-431075  -            416 2419                 -            406  4.9e-243  796.9   0.1   1   1  5.6e-243  5.6e-243  796.7   0.1     1   406     2   415     2   415 0.98 -
2419at766_696127_0:000433|OZ308468.1:429830-431075  -            416 2419                 -            406  4.9e-243  796.9   0.1   1   1  5.6e-243  5.6e-243  796.7   0.1     1   406     2   415     2   415 0.98 -
2419at766_752179_0:000087|OZ308468.1:429830-431075  -            416 2419                 -            406  4.9e-243  796.9   0.1   1   1  5.6e-243  5.6e-243  796.7   0.1     1   406     2   415     2   415 0.98 -
2419at766_779_0:000053|OZ308468.1:429830-431075     -            416 2419                 -            406  4.9e-243  796.9   0.1   1   1  5.6e-243  5.6e-243  796.7   0.1     1   406     2   415     2   415 0.98 -
2419at766_86105_0:00064b|OZ308468.1:429830-431075   -            416 2419                 -            406  4.9e-243  796.9   0.1   1   1  5.6e-243  5.6e-243  796.7   0.1     1   406     2   415     2   415 0.98 -
2419at766_955_0:000298|OZ308468.1:429830-431075     -            416 2419                 -            406  4.9e-243  796.9   0.1   1   1  5.6e-243  5.6e-243  796.7   0.1     1   406     2   415     2   415 0.98 -
2419at766_1274402_0:00027f|OZ308468.1:429833-431078 -            416 2419                 -            406  4.9e-243  796.9   0.1   1   1  5.6e-243  5.6e-243  796.7   0.1     1   406     3   416     3   416 0.98 -
2419at766_1359163_0:000338|OZ308468.1:429824-431075 -            417 2419                 -            406  4.9e-243  796.9   0.1   1   1  5.7e-243  5.7e-243  796.7   0.1     1   406     2   415     2   415 0.98 -
2419at766_1423892_0:00013e|OZ308468.1:429824-431075 -            417 2419                 -            406  4.9e-243  796.9   0.1   1   1  5.7e-243  5.7e-243  796.7   0.1     1   406     2   415     2   415 0.98 -
2419at766_1605993_0:000294|OZ308468.1:429824-431075 -            417 2419                 -            406  4.9e-243  796.9   0.1   1   1  5.7e-243  5.7e-243  796.7   0.1     1   406     2   415     2   415 0.98 -
2419at766_169402_0:0002f1|OZ308468.1:429824-431075  -            417 2419                 -            406  4.9e-243  796.9   0.1   1   1  5.7e-243  5.7e-243  796.7   0.1     1   406     2   415     2   415 0.98 -
2419at766_336407_0:00012d|OZ308468.1:429827-431075  -            417 2419                 -            406  4.9e-243  796.9   0.1   1   1  5.7e-243  5.7e-243  796.7   0.1     1   406     2   415     2   415 0.98 -
2419at766_391036_0:000240|OZ308468.1:429824-431075  -            417 2419                 -            406  4.9e-243  796.9   0.1   1   1  5.7e-243  5.7e-243  796.7   0.1     1   406     2   415     2   415 0.98 -
2419at766_96496_0:00012d|OZ308468.1:429824-431075   -            417 2419                 -            406  4.9e-243  796.9   0.1   1   1  5.7e-243  5.7e-243  796.7   0.1     1   406     2   415     2   415 0.98 -
2419at766_2115978_0:00049b|OZ308468.1:430142-431075 -            312 2419                 -            406  7.7e-175  572.3   0.0   1   1  8.8e-175  8.8e-175  572.1   0.0     1   303     2   312     2   312 0.98 -
#
# Program:         hmmsearch
# Version:         3.4 (Aug 2023)
# Pipeline mode:   SEARCH
# Query file:      /Users/rossoaa/Desktop/dummy/genomes/records/compleasm/mb_downloads/rickettsiales_odb12/hmms/2419at766.hmm
# Target file:     -
# Option settings: /Users/rossoaa/miniconda3/envs/compleasm_env/bin/hmmsearch --domtblout /Users/rossoaa/Desktop/dummy/genomes/records/compleasm/rickettsiales_odb12/hmmer_output/2419at766.out --cpu 1 /Users/rossoaa/Desktop/dummy/genomes/records/compleasm/mb_downloads/rickettsiales_odb12/hmms/2419at766.hmm - 
# Current dir:     /Users/rossoaa/Desktop/dummy/genomes/records/compleasm
# Date:            Tue Feb 10 10:20:22 2026
# [ok]
