#                                                                                                          --- full sequence --- -------------- this domain -------------   hmm coord   ali coord   env coord
# target name                                      accession   tlen query name           accession   qlen   E-value  score  bias   #  of  c-Evalue  i-Evalue  score  bias  from    to  from    to  from    to  acc description of target
#                              ------------------- ---------- ----- -------------------- ---------- ----- --------- ------ ----- --- --- --------- --------- ------ ----- ----- ----- ----- ----- ----- ----- ---- ---------------------
242at766_1242993_0:000222|OZ308468.1:273927-274947 -            340 242                  -            326    6e-157  512.5   5.2   1   1  6.7e-157  6.7e-157  512.4   5.2     2   326     3   339     2   339 0.97 -
242at766_1359163_0:000137|OZ308468.1:273927-274947 -            340 242                  -            326    6e-157  512.5   5.2   1   1  6.7e-157  6.7e-157  512.4   5.2     2   326     3   339     2   339 0.97 -
242at766_1423892_0:00011b|OZ308468.1:273927-274947 -            340 242                  -            326    6e-157  512.5   5.2   1   1  6.7e-157  6.7e-157  512.4   5.2     2   326     3   339     2   339 0.97 -
242at766_1528098_0:000293|OZ308468.1:273930-274947 -            340 242                  -            326    6e-157  512.5   5.2   1   1  6.7e-157  6.7e-157  512.4   5.2     2   326     3   339     2   339 0.97 -
242at766_1605993_0:00006d|OZ308468.1:273927-274947 -            340 242                  -            326    6e-157  512.5   5.2   1   1  6.7e-157  6.7e-157  512.4   5.2     2   326     3   339     2   339 0.97 -
242at766_169402_0:0002a6|OZ308468.1:273927-274947  -            340 242                  -            326    6e-157  512.5   5.2   1   1  6.7e-157  6.7e-157  512.4   5.2     2   326     3   339     2   339 0.97 -
242at766_1714371_0:00020f|OZ308468.1:273930-274947 -            340 242                  -            326    6e-157  512.5   5.2   1   1  6.7e-157  6.7e-157  512.4   5.2     2   326     3   339     2   339 0.97 -
242at766_205920_0:000189|OZ308468.1:273927-274947  -            340 242                  -            326    6e-157  512.5   5.2   1   1  6.7e-157  6.7e-157  512.4   5.2     2   326     3   339     2   339 0.97 -
242at766_246273_0:00013f|OZ308468.1:273930-274947  -            340 242                  -            326    6e-157  512.5   5.2   1   1  6.7e-157  6.7e-157  512.4   5.2     2   326     3   339     2   339 0.97 -
242at766_2486577_0:00001e|OZ308468.1:273927-274947 -            340 242                  -            326    6e-157  512.5   5.2   1   1  6.7e-157  6.7e-157  512.4   5.2     2   326     3   339     2   339 0.97 -
242at766_2602574_0:0001a7|OZ308468.1:273927-274947 -            340 242                  -            326    6e-157  512.5   5.2   1   1  6.7e-157  6.7e-157  512.4   5.2     2   326     3   339     2   339 0.97 -
242at766_391036_0:0001c7|OZ308468.1:273927-274947  -            340 242                  -            326    6e-157  512.5   5.2   1   1  6.7e-157  6.7e-157  512.4   5.2     2   326     3   339     2   339 0.97 -
242at766_434131_0:0000b2|OZ308468.1:273930-274947  -            340 242                  -            326    6e-157  512.5   5.2   1   1  6.7e-157  6.7e-157  512.4   5.2     2   326     3   339     2   339 0.97 -
242at766_779_0:000292|OZ308468.1:273927-274947     -            340 242                  -            326    6e-157  512.5   5.2   1   1  6.7e-157  6.7e-157  512.4   5.2     2   326     3   339     2   339 0.97 -
242at766_86105_0:0002cf|OZ308468.1:273927-274947   -            340 242                  -            326    6e-157  512.5   5.2   1   1  6.7e-157  6.7e-157  512.4   5.2     2   326     3   339     2   339 0.97 -
242at766_96496_0:0000d0|OZ308468.1:273927-274947   -            340 242                  -            326    6e-157  512.5   5.2   1   1  6.7e-157  6.7e-157  512.4   5.2     2   326     3   339     2   339 0.97 -
242at766_222891_0:000083|OZ308468.1:273930-274950  -            341 242                  -            326    6e-157  512.5   5.2   1   1  6.8e-157  6.8e-157  512.4   5.2     2   326     4   340     3   340 0.97 -
242at766_1248439_0:0002cf|OZ308468.1:273927-274938 -            337 242                  -            326  2.1e-156  510.7   5.8   1   1  2.4e-156  2.4e-156  510.6   5.8     3   326     1   336     1   336 0.97 -
242at766_142058_0:0002ed|OZ308468.1:273927-274938  -            337 242                  -            326  2.1e-156  510.7   5.8   1   1  2.4e-156  2.4e-156  510.6   5.8     3   326     1   336     1   336 0.97 -
242at766_574556_0:0001ce|OZ308468.1:273927-274938  -            337 242                  -            326  2.1e-156  510.7   5.8   1   1  2.4e-156  2.4e-156  510.6   5.8     3   326     1   336     1   336 0.97 -
242at766_1286528_0:000013|OZ308468.1:273942-274947 -            336 242                  -            326  5.5e-156  509.4   5.0   1   1  6.2e-156  6.2e-156  509.2   5.0     2   323     3   336     2   336 0.97 -
242at766_2486578_0:0002df|OZ308468.1:273933-274935 -            335 242                  -            326  5.7e-156  509.3   5.6   1   1  6.4e-156  6.4e-156  509.2   5.6     4   326     1   335     1   335 0.97 -
242at766_1105107_0:000368|OZ308468.1:273927-274935 -            336 242                  -            326  5.8e-156  509.3   5.6   1   1  6.5e-156  6.5e-156  509.1   5.6     4   326     1   335     1   335 0.97 -
242at766_272947_0:000059|OZ308468.1:273927-274935  -            336 242                  -            326  5.8e-156  509.3   5.6   1   1  6.5e-156  6.5e-156  509.1   5.6     4   326     1   335     1   335 0.97 -
242at766_334380_0:000225|OZ308468.1:273927-274935  -            336 242                  -            326  5.8e-156  509.3   5.6   1   1  6.5e-156  6.5e-156  509.1   5.6     4   326     1   335     1   335 0.97 -
242at766_481009_0:0003be|OZ308468.1:273927-274935  -            336 242                  -            326  5.8e-156  509.3   5.6   1   1  6.5e-156  6.5e-156  509.1   5.6     4   326     1   335     1   335 0.97 -
242at766_1961830_0:0000ef|OZ308468.1:273936-274935 -            334 242                  -            326  1.2e-155  508.2   5.6   1   1  1.4e-155  1.4e-155  508.1   5.6     4   325     1   334     1   334 0.97 -
242at766_2115978_0:0000cb|OZ308468.1:273939-274935 -            333 242                  -            326  2.6e-155  507.2   5.6   1   1  2.9e-155  2.9e-155  507.0   5.6     4   324     1   333     1   333 0.97 -
242at766_955_0:00021f|OZ308468.1:273948-274947     -            334 242                  -            326    3e-155  506.9   4.8   1   1  3.4e-155  3.4e-155  506.8   4.8     2   320     3   333     2   334 0.97 -
#
# Program:         hmmsearch
# Version:         3.4 (Aug 2023)
# Pipeline mode:   SEARCH
# Query file:      /Users/rossoaa/Desktop/dummy/genomes/records/compleasm/mb_downloads/rickettsiales_odb12/hmms/242at766.hmm
# Target file:     -
# Option settings: /Users/rossoaa/miniconda3/envs/compleasm_env/bin/hmmsearch --domtblout /Users/rossoaa/Desktop/dummy/genomes/records/compleasm/rickettsiales_odb12/hmmer_output/242at766.out --cpu 1 /Users/rossoaa/Desktop/dummy/genomes/records/compleasm/mb_downloads/rickettsiales_odb12/hmms/242at766.hmm - 
# Current dir:     /Users/rossoaa/Desktop/dummy/genomes/records/compleasm
# Date:            Tue Feb 10 10:20:23 2026
# [ok]
