#                                                                                                           --- full sequence --- -------------- this domain -------------   hmm coord   ali coord   env coord
# target name                                       accession   tlen query name           accession   qlen   E-value  score  bias   #  of  c-Evalue  i-Evalue  score  bias  from    to  from    to  from    to  acc description of target
#                               ------------------- ---------- ----- -------------------- ---------- ----- --------- ------ ----- --- --- --------- --------- ------ ----- ----- ----- ----- ----- ----- ----- ---- ---------------------
2431at766_1242993_0:0001dd|OZ308468.1:244233-244989 -            109 2431                 -            109   3.5e-48  151.5   2.1   1   1   3.7e-48   3.7e-48  151.4   2.1     2   108     2   108     1   109 0.98 -
2431at766_391036_0:0001d1|OZ308468.1:244233-244989  -            109 2431                 -            109   3.5e-48  151.5   2.1   1   1   3.7e-48   3.7e-48  151.4   2.1     2   108     2   108     1   109 0.98 -
2431at766_1248439_0:0001b1|OZ308468.1:244233-244992 -            110 2431                 -            109   3.5e-48  151.5   2.1   1   1   3.9e-48   3.9e-48  151.3   2.1     2   108     2   108     1   109 0.98 -
2431at766_1392507_0:000207|OZ308468.1:244233-244992 -            110 2431                 -            109   3.5e-48  151.5   2.1   1   1   3.9e-48   3.9e-48  151.3   2.1     2   108     2   108     1   109 0.98 -
2431at766_1359163_0:000092|OZ308468.1:244233-244980 -            106 2431                 -            109   1.2e-47  149.8   1.7   1   1   1.3e-47   1.3e-47  149.7   1.7     2   105     2   105     1   106 0.98 -
2431at766_779_0:00002b|OZ308468.1:244233-244977     -            105 2431                 -            109   1.9e-47  149.1   1.5   1   1   2.1e-47   2.1e-47  149.0   1.5     2   104     2   104     1   105 0.99 -
2431at766_1605993_0:00017a|OZ308468.1:244233-245004 -            257 2431                 -            109   1.1e-46  146.7   7.0   1   2   1.4e-12   1.4e-12   36.9   0.4     2    46     2    46     1    60 0.92 -
2431at766_1605993_0:00017a|OZ308468.1:244233-245004 -            257 2431                 -            109   1.1e-46  146.7   7.0   2   2   5.1e-36   5.1e-36  112.3   1.0    19   108   162   252   151   253 0.91 -
2431at766_169402_0:0003d6|OZ308468.1:244233-245004  -            257 2431                 -            109   1.1e-46  146.7   7.0   1   2   1.4e-12   1.4e-12   36.9   0.4     2    46     2    46     1    60 0.92 -
2431at766_169402_0:0003d6|OZ308468.1:244233-245004  -            257 2431                 -            109   1.1e-46  146.7   7.0   2   2   5.1e-36   5.1e-36  112.3   1.0    19   108   162   252   151   253 0.91 -
2431at766_246273_0:000284|OZ308468.1:244233-245004  -            257 2431                 -            109   1.1e-46  146.7   7.0   1   2   1.4e-12   1.4e-12   36.9   0.4     2    46     2    46     1    60 0.92 -
2431at766_246273_0:000284|OZ308468.1:244233-245004  -            257 2431                 -            109   1.1e-46  146.7   7.0   2   2   5.1e-36   5.1e-36  112.3   1.0    19   108   162   252   151   253 0.91 -
2431at766_955_0:0001fb|OZ308468.1:244233-245001     -            257 2431                 -            109   1.1e-46  146.7   7.0   1   2   1.4e-12   1.4e-12   36.9   0.4     2    46     2    46     1    60 0.92 -
2431at766_955_0:0001fb|OZ308468.1:244233-245001     -            257 2431                 -            109   1.1e-46  146.7   7.0   2   2   5.1e-36   5.1e-36  112.3   1.0    19   108   162   252   151   253 0.91 -
2431at766_96496_0:0000e7|OZ308468.1:244233-245004   -            257 2431                 -            109   1.1e-46  146.7   7.0   1   2   1.4e-12   1.4e-12   36.9   0.4     2    46     2    46     1    60 0.92 -
2431at766_96496_0:0000e7|OZ308468.1:244233-245004   -            257 2431                 -            109   1.1e-46  146.7   7.0   2   2   5.1e-36   5.1e-36  112.3   1.0    19   108   162   252   151   253 0.91 -
#
# Program:         hmmsearch
# Version:         3.4 (Aug 2023)
# Pipeline mode:   SEARCH
# Query file:      /Users/rossoaa/Desktop/dummy/genomes/records/compleasm/mb_downloads/rickettsiales_odb12/hmms/2431at766.hmm
# Target file:     -
# Option settings: /Users/rossoaa/miniconda3/envs/compleasm_env/bin/hmmsearch --domtblout /Users/rossoaa/Desktop/dummy/genomes/records/compleasm/rickettsiales_odb12/hmmer_output/2431at766.out --cpu 1 /Users/rossoaa/Desktop/dummy/genomes/records/compleasm/mb_downloads/rickettsiales_odb12/hmms/2431at766.hmm - 
# Current dir:     /Users/rossoaa/Desktop/dummy/genomes/records/compleasm
# Date:            Tue Feb 10 10:20:21 2026
# [ok]
