#                                                                                                         --- full sequence --- -------------- this domain -------------   hmm coord   ali coord   env coord
# target name                                     accession   tlen query name           accession   qlen   E-value  score  bias   #  of  c-Evalue  i-Evalue  score  bias  from    to  from    to  from    to  acc description of target
#                             ------------------- ---------- ----- -------------------- ---------- ----- --------- ------ ----- --- --- --------- --------- ------ ----- ----- ----- ----- ----- ----- ----- ---- ---------------------
2451at766_1242993_0:0001b3|OZ308468.1:83510-85307 -            599 2451                 -            594         0 1213.2   2.2   1   1         0         0 1213.1   2.2     2   594     4   599     3   599 0.99 -
2451at766_1286528_0:0002fb|OZ308468.1:83510-85307 -            599 2451                 -            594         0 1213.2   2.2   1   1         0         0 1213.1   2.2     2   594     4   599     3   599 0.99 -
2451at766_1359163_0:00036b|OZ308468.1:83510-85307 -            599 2451                 -            594         0 1213.2   2.2   1   1         0         0 1213.1   2.2     2   594     4   599     3   599 0.99 -
2451at766_1392507_0:000123|OZ308468.1:83510-85307 -            599 2451                 -            594         0 1213.2   2.2   1   1         0         0 1213.1   2.2     2   594     4   599     3   599 0.99 -
2451at766_1423892_0:000071|OZ308468.1:83510-85307 -            599 2451                 -            594         0 1213.2   2.2   1   1         0         0 1213.1   2.2     2   594     4   599     3   599 0.99 -
2451at766_1528098_0:0005d5|OZ308468.1:83510-85307 -            599 2451                 -            594         0 1213.2   2.2   1   1         0         0 1213.1   2.2     2   594     4   599     3   599 0.99 -
2451at766_1605993_0:000081|OZ308468.1:83510-85307 -            599 2451                 -            594         0 1213.2   2.2   1   1         0         0 1213.1   2.2     2   594     4   599     3   599 0.99 -
2451at766_169402_0:0000e5|OZ308468.1:83510-85307  -            599 2451                 -            594         0 1213.2   2.2   1   1         0         0 1213.1   2.2     2   594     4   599     3   599 0.99 -
2451at766_1714371_0:0000f3|OZ308468.1:83510-85307 -            599 2451                 -            594         0 1213.2   2.2   1   1         0         0 1213.1   2.2     2   594     4   599     3   599 0.99 -
2451at766_1961830_0:00040f|OZ308468.1:83510-85307 -            599 2451                 -            594         0 1213.2   2.2   1   1         0         0 1213.1   2.2     2   594     4   599     3   599 0.99 -
2451at766_222891_0:000041|OZ308468.1:83510-85307  -            599 2451                 -            594         0 1213.2   2.2   1   1         0         0 1213.1   2.2     2   594     4   599     3   599 0.99 -
2451at766_246273_0:0001e5|OZ308468.1:83510-85307  -            599 2451                 -            594         0 1213.2   2.2   1   1         0         0 1213.1   2.2     2   594     4   599     3   599 0.99 -
2451at766_2486578_0:000347|OZ308468.1:83510-85307 -            599 2451                 -            594         0 1213.2   2.2   1   1         0         0 1213.1   2.2     2   594     4   599     3   599 0.99 -
2451at766_2602574_0:000063|OZ308468.1:83510-85307 -            599 2451                 -            594         0 1213.2   2.2   1   1         0         0 1213.1   2.2     2   594     4   599     3   599 0.99 -
2451at766_336407_0:00038e|OZ308468.1:83510-85307  -            599 2451                 -            594         0 1213.2   2.2   1   1         0         0 1213.1   2.2     2   594     4   599     3   599 0.99 -
2451at766_391036_0:0002b8|OZ308468.1:83510-85307  -            599 2451                 -            594         0 1213.2   2.2   1   1         0         0 1213.1   2.2     2   594     4   599     3   599 0.99 -
2451at766_779_0:000393|OZ308468.1:83510-85307     -            599 2451                 -            594         0 1213.2   2.2   1   1         0         0 1213.1   2.2     2   594     4   599     3   599 0.99 -
2451at766_955_0:00013e|OZ308468.1:83510-85307     -            599 2451                 -            594         0 1213.2   2.2   1   1         0         0 1213.1   2.2     2   594     4   599     3   599 0.99 -
2451at766_96496_0:0002a7|OZ308468.1:83510-85307   -            599 2451                 -            594         0 1213.2   2.2   1   1         0         0 1213.1   2.2     2   594     4   599     3   599 0.99 -
2451at766_1105107_0:000263|OZ308468.1:83510-85304 -            598 2451                 -            594         0 1213.2   2.2   1   1         0         0 1213.1   2.2     2   594     3   598     2   598 0.99 -
2451at766_272947_0:000149|OZ308468.1:83510-85304  -            598 2451                 -            594         0 1213.2   2.2   1   1         0         0 1213.1   2.2     2   594     3   598     2   598 0.99 -
2451at766_481009_0:000162|OZ308468.1:83510-85304  -            598 2451                 -            594         0 1213.2   2.2   1   1         0         0 1213.1   2.2     2   594     3   598     2   598 0.99 -
2451at766_1274402_0:00039a|OZ308468.1:83510-85301 -            597 2451                 -            594         0 1213.2   2.2   1   1         0         0 1213.1   2.2     2   594     2   597     1   597 0.99 -
2451at766_1359168_0:0002f4|OZ308468.1:83510-85301 -            597 2451                 -            594         0 1213.2   2.2   1   1         0         0 1213.1   2.2     2   594     2   597     1   597 0.99 -
2451at766_2115978_0:000420|OZ308468.1:83510-85301 -            597 2451                 -            594         0 1213.2   2.2   1   1         0         0 1213.1   2.2     2   594     2   597     1   597 0.99 -
2451at766_334380_0:000495|OZ308468.1:83510-85301  -            597 2451                 -            594         0 1213.2   2.2   1   1         0         0 1213.1   2.2     2   594     2   597     1   597 0.99 -
2451at766_752179_0:000159|OZ308468.1:83510-85301  -            597 2451                 -            594         0 1213.2   2.2   1   1         0         0 1213.1   2.2     2   594     2   597     1   597 0.99 -
2451at766_86105_0:00023c|OZ308468.1:83510-85301   -            597 2451                 -            594         0 1213.2   2.2   1   1         0         0 1213.1   2.2     2   594     2   597     1   597 0.99 -
2451at766_1248439_0:000135|OZ308468.1:83510-85313 -            601 2451                 -            594         0 1213.2   2.2   1   1         0         0 1213.0   2.2     2   594     6   601     5   601 0.99 -
2451at766_205920_0:0001e9|OZ308468.1:83510-85313  -            601 2451                 -            594         0 1213.2   2.2   1   1         0         0 1213.0   2.2     2   594     6   601     5   601 0.99 -
2451at766_696127_0:0001be|OZ308468.1:83510-85295  -            595 2451                 -            594         0 1211.3   2.2   1   1         0         0 1211.2   2.2     3   594     1   595     1   595 0.99 -
#
# Program:         hmmsearch
# Version:         3.4 (Aug 2023)
# Pipeline mode:   SEARCH
# Query file:      /Users/rossoaa/Desktop/dummy/genomes/records/compleasm/mb_downloads/rickettsiales_odb12/hmms/2451at766.hmm
# Target file:     -
# Option settings: /Users/rossoaa/miniconda3/envs/compleasm_env/bin/hmmsearch --domtblout /Users/rossoaa/Desktop/dummy/genomes/records/compleasm/rickettsiales_odb12/hmmer_output/2451at766.out --cpu 1 /Users/rossoaa/Desktop/dummy/genomes/records/compleasm/mb_downloads/rickettsiales_odb12/hmms/2451at766.hmm - 
# Current dir:     /Users/rossoaa/Desktop/dummy/genomes/records/compleasm
# Date:            Tue Feb 10 10:20:22 2026
# [ok]
