#                                                                                                          --- full sequence --- -------------- this domain -------------   hmm coord   ali coord   env coord
# target name                                      accession   tlen query name           accession   qlen   E-value  score  bias   #  of  c-Evalue  i-Evalue  score  bias  from    to  from    to  from    to  acc description of target
#                              ------------------- ---------- ----- -------------------- ---------- ----- --------- ------ ----- --- --- --------- --------- ------ ----- ----- ----- ----- ----- ----- ----- ---- ---------------------
249at766_1242993_0:000292|OZ308468.1:735032-735575 -            181 249                  -            177     3e-81  261.7   2.6   1   1   3.5e-81   3.5e-81  261.5   2.6     1   177     1   180     1   180 0.98 -
249at766_1248439_0:0001a2|OZ308468.1:735032-735575 -            181 249                  -            177     3e-81  261.7   2.6   1   1   3.5e-81   3.5e-81  261.5   2.6     1   177     1   180     1   180 0.98 -
249at766_1286528_0:000182|OZ308468.1:735032-735572 -            181 249                  -            177     3e-81  261.7   2.6   1   1   3.5e-81   3.5e-81  261.5   2.6     1   177     1   180     1   180 0.98 -
249at766_1392507_0:0000f9|OZ308468.1:735032-735575 -            181 249                  -            177     3e-81  261.7   2.6   1   1   3.5e-81   3.5e-81  261.5   2.6     1   177     1   180     1   180 0.98 -
249at766_142058_0:0000e1|OZ308468.1:735032-735575  -            181 249                  -            177     3e-81  261.7   2.6   1   1   3.5e-81   3.5e-81  261.5   2.6     1   177     1   180     1   180 0.98 -
249at766_1423892_0:0002d4|OZ308468.1:735032-735575 -            181 249                  -            177     3e-81  261.7   2.6   1   1   3.5e-81   3.5e-81  261.5   2.6     1   177     1   180     1   180 0.98 -
249at766_1605993_0:0001e6|OZ308468.1:735032-735575 -            181 249                  -            177     3e-81  261.7   2.6   1   1   3.5e-81   3.5e-81  261.5   2.6     1   177     1   180     1   180 0.98 -
249at766_169402_0:000049|OZ308468.1:735032-735575  -            181 249                  -            177     3e-81  261.7   2.6   1   1   3.5e-81   3.5e-81  261.5   2.6     1   177     1   180     1   180 0.98 -
249at766_1714371_0:0000c5|OZ308468.1:735032-735572 -            181 249                  -            177     3e-81  261.7   2.6   1   1   3.5e-81   3.5e-81  261.5   2.6     1   177     1   180     1   180 0.98 -
249at766_205920_0:000209|OZ308468.1:735032-735575  -            181 249                  -            177     3e-81  261.7   2.6   1   1   3.5e-81   3.5e-81  261.5   2.6     1   177     1   180     1   180 0.98 -
249at766_222891_0:0002e5|OZ308468.1:735032-735572  -            181 249                  -            177     3e-81  261.7   2.6   1   1   3.5e-81   3.5e-81  261.5   2.6     1   177     1   180     1   180 0.98 -
249at766_246273_0:000074|OZ308468.1:735032-735575  -            181 249                  -            177     3e-81  261.7   2.6   1   1   3.5e-81   3.5e-81  261.5   2.6     1   177     1   180     1   180 0.98 -
249at766_391036_0:000035|OZ308468.1:735032-735575  -            181 249                  -            177     3e-81  261.7   2.6   1   1   3.5e-81   3.5e-81  261.5   2.6     1   177     1   180     1   180 0.98 -
249at766_434131_0:0001f9|OZ308468.1:735032-735572  -            181 249                  -            177     3e-81  261.7   2.6   1   1   3.5e-81   3.5e-81  261.5   2.6     1   177     1   180     1   180 0.98 -
249at766_574556_0:000222|OZ308468.1:735032-735575  -            181 249                  -            177     3e-81  261.7   2.6   1   1   3.5e-81   3.5e-81  261.5   2.6     1   177     1   180     1   180 0.98 -
249at766_779_0:000161|OZ308468.1:735032-735575     -            181 249                  -            177     3e-81  261.7   2.6   1   1   3.5e-81   3.5e-81  261.5   2.6     1   177     1   180     1   180 0.98 -
249at766_955_0:00032b|OZ308468.1:735032-735575     -            181 249                  -            177     3e-81  261.7   2.6   1   1   3.5e-81   3.5e-81  261.5   2.6     1   177     1   180     1   180 0.98 -
249at766_96496_0:000064|OZ308468.1:735032-735575   -            181 249                  -            177     3e-81  261.7   2.6   1   1   3.5e-81   3.5e-81  261.5   2.6     1   177     1   180     1   180 0.98 -
#
# Program:         hmmsearch
# Version:         3.4 (Aug 2023)
# Pipeline mode:   SEARCH
# Query file:      /Users/rossoaa/Desktop/dummy/genomes/records/compleasm/mb_downloads/rickettsiales_odb12/hmms/249at766.hmm
# Target file:     -
# Option settings: /Users/rossoaa/miniconda3/envs/compleasm_env/bin/hmmsearch --domtblout /Users/rossoaa/Desktop/dummy/genomes/records/compleasm/rickettsiales_odb12/hmmer_output/249at766.out --cpu 1 /Users/rossoaa/Desktop/dummy/genomes/records/compleasm/mb_downloads/rickettsiales_odb12/hmms/249at766.hmm - 
# Current dir:     /Users/rossoaa/Desktop/dummy/genomes/records/compleasm
# Date:            Tue Feb 10 10:20:24 2026
# [ok]
