#                                                                                                           --- full sequence --- -------------- this domain -------------   hmm coord   ali coord   env coord
# target name                                       accession   tlen query name           accession   qlen   E-value  score  bias   #  of  c-Evalue  i-Evalue  score  bias  from    to  from    to  from    to  acc description of target
#                               ------------------- ---------- ----- -------------------- ---------- ----- --------- ------ ----- --- --- --------- --------- ------ ----- ----- ----- ----- ----- ----- ----- ---- ---------------------
2510at766_246273_0:0000ad|OZ308468.1:148319-148769  -            151 2510                 -            159   2.9e-61  194.8   4.8   1   1   3.2e-61   3.2e-61  194.7   4.8     3   157     1   148     1   150 0.98 -
2510at766_1605993_0:000222|OZ308468.1:148319-148775 -            152 2510                 -            159     3e-61  194.8   4.8   1   1   3.3e-61   3.3e-61  194.7   4.8     3   157     1   148     1   150 0.98 -
2510at766_169402_0:000343|OZ308468.1:148319-148763  -            149 2510                 -            159   3.5e-61  194.6   4.8   1   1   3.9e-61   3.9e-61  194.4   4.8     3   156     1   147     1   149 0.98 -
2510at766_2115978_0:000007|OZ308468.1:148310-148751 -            148 2510                 -            159   7.1e-61  193.6   4.0   1   1   7.7e-61   7.7e-61  193.4   4.0     3   153     4   147     2   148 0.98 -
2510at766_96496_0:000267|OZ308468.1:148319-148754   -            146 2510                 -            159   8.5e-61  193.3   4.3   1   1   9.4e-61   9.4e-61  193.2   4.3     3   154     1   145     1   146 0.98 -
2510at766_955_0:0002c0|OZ308468.1:148319-148751     -            145 2510                 -            159   1.2e-60  192.8   4.2   1   1   1.4e-60   1.4e-60  192.6   4.2     3   153     1   144     1   145 0.98 -
2510at766_142058_0:0002ef|OZ308468.1:148319-148748  -            144 2510                 -            159   2.2e-60  191.9   4.2   1   1   2.5e-60   2.5e-60  191.8   4.2     3   152     1   143     1   144 0.98 -
2510at766_2602574_0:0002f5|OZ308468.1:148382-148754 -            125 2510                 -            159   9.2e-54  170.4   5.2   1   1     1e-53     1e-53  170.3   5.2    25   154     2   124     1   125 0.98 -
#
# Program:         hmmsearch
# Version:         3.4 (Aug 2023)
# Pipeline mode:   SEARCH
# Query file:      /Users/rossoaa/Desktop/dummy/genomes/records/compleasm/mb_downloads/rickettsiales_odb12/hmms/2510at766.hmm
# Target file:     -
# Option settings: /Users/rossoaa/miniconda3/envs/compleasm_env/bin/hmmsearch --domtblout /Users/rossoaa/Desktop/dummy/genomes/records/compleasm/rickettsiales_odb12/hmmer_output/2510at766.out --cpu 1 /Users/rossoaa/Desktop/dummy/genomes/records/compleasm/mb_downloads/rickettsiales_odb12/hmms/2510at766.hmm - 
# Current dir:     /Users/rossoaa/Desktop/dummy/genomes/records/compleasm
# Date:            Tue Feb 10 10:20:22 2026
# [ok]
