#                                                                                                           --- full sequence --- -------------- this domain -------------   hmm coord   ali coord   env coord
# target name                                       accession   tlen query name           accession   qlen   E-value  score  bias   #  of  c-Evalue  i-Evalue  score  bias  from    to  from    to  from    to  acc description of target
#                               ------------------- ---------- ----- -------------------- ---------- ----- --------- ------ ----- --- --- --------- --------- ------ ----- ----- ----- ----- ----- ----- ----- ---- ---------------------
2532at766_336407_0:000489|OZ308468.1:223650-225414  -            545 2532                 -            497  3.3e-213  699.6   5.3   1   1  3.9e-213  3.9e-213  699.4   5.3     1   496     1   535     1   536 0.90 -
2532at766_272947_0:0001e1|OZ308468.1:223650-225426  -            549 2532                 -            497  3.4e-213  699.6   5.3   1   1    4e-213    4e-213  699.4   5.3     1   496     5   539     5   540 0.90 -
2532at766_334380_0:000417|OZ308468.1:223644-225432  -            553 2532                 -            497  3.5e-213  699.6   5.3   1   1  4.1e-213  4.1e-213  699.3   5.3     1   496     7   541     7   542 0.90 -
2532at766_246273_0:0001ee|OZ308468.1:223629-225420  -            554 2532                 -            497  3.5e-213  699.5   5.3   1   1  4.1e-213  4.1e-213  699.3   5.3     1   496     3   537     3   538 0.90 -
2532at766_1359168_0:00027e|OZ308468.1:223638-225432 -            542 2532                 -            497    1e-209  688.1   4.8   1   1  1.2e-209  1.2e-209  687.9   4.8     1   496     7   528     7   529 0.90 -
2532at766_2486578_0:000475|OZ308468.1:223650-225429 -            560 2532                 -            497  1.4e-209  687.7   5.4   1   1  2.3e-209  2.3e-209  687.0   5.4     1   496     6   550     6   551 0.89 -
2532at766_2602574_0:0003fc|OZ308468.1:223644-225429 -            562 2532                 -            497  1.4e-209  687.7   5.4   1   1  2.3e-209  2.3e-209  687.0   5.4     1   496     6   550     6   551 0.89 -
2532at766_1392507_0:000198|OZ308468.1:223629-225414 -            562 2532                 -            497  1.4e-209  687.6   5.4   1   1  2.3e-209  2.3e-209  687.0   5.4     1   496     1   545     1   546 0.89 -
2532at766_2115978_0:00000e|OZ308468.1:223629-225414 -            562 2532                 -            497  1.4e-209  687.6   5.4   1   1  2.3e-209  2.3e-209  687.0   5.4     1   496     1   545     1   546 0.89 -
2532at766_1248439_0:000154|OZ308468.1:223629-225417 -            563 2532                 -            497  1.4e-209  687.6   5.4   1   1  2.3e-209  2.3e-209  686.9   5.4     1   496     2   546     2   547 0.89 -
2532at766_142058_0:00021f|OZ308468.1:223629-225417  -            563 2532                 -            497  1.4e-209  687.6   5.4   1   1  2.3e-209  2.3e-209  686.9   5.4     1   496     2   546     2   547 0.89 -
2532at766_1359163_0:00019a|OZ308468.1:223626-225423 -            565 2532                 -            497  1.5e-209  687.6   5.4   1   1  2.4e-209  2.4e-209  686.9   5.4     1   496     4   548     4   549 0.89 -
2532at766_1423892_0:00008c|OZ308468.1:223626-225423 -            565 2532                 -            497  1.5e-209  687.6   5.4   1   1  2.4e-209  2.4e-209  686.9   5.4     1   496     4   548     4   549 0.89 -
2532at766_205920_0:0000f0|OZ308468.1:223626-225423  -            565 2532                 -            497  1.5e-209  687.6   5.4   1   1  2.4e-209  2.4e-209  686.9   5.4     1   496     4   548     4   549 0.89 -
2532at766_391036_0:0000fd|OZ308468.1:223626-225423  -            565 2532                 -            497  1.5e-209  687.6   5.4   1   1  2.4e-209  2.4e-209  686.9   5.4     1   496     4   548     4   549 0.89 -
2532at766_779_0:000134|OZ308468.1:223626-225423     -            565 2532                 -            497  1.5e-209  687.6   5.4   1   1  2.4e-209  2.4e-209  686.9   5.4     1   496     4   548     4   549 0.89 -
2532at766_1714371_0:0001b9|OZ308468.1:223674-225432 -            554 2532                 -            497  1.7e-209  687.4   5.9   1   1  3.5e-209  3.5e-209  686.4   5.9     1   496     7   552     7   553 0.89 -
2532at766_1105107_0:00033e|OZ308468.1:223659-225414 -            586 2532                 -            497  7.4e-209  685.3   7.0   1   2   1.2e-61   1.2e-61  199.7   0.4     1   226     1   256     1   262 0.84 -
2532at766_1105107_0:00033e|OZ308468.1:223659-225414 -            586 2532                 -            497  7.4e-209  685.3   7.0   2   2  2.5e-149  2.5e-149  488.9   1.4   221   496   297   579   260   580 0.94 -
2532at766_481009_0:000195|OZ308468.1:223650-225420  -            591 2532                 -            497  7.7e-209  685.2   7.1   1   2   1.3e-61   1.3e-61  199.6   0.4     1   226     3   258     3   264 0.84 -
2532at766_481009_0:000195|OZ308468.1:223650-225420  -            591 2532                 -            497  7.7e-209  685.2   7.1   2   2  2.6e-149  2.6e-149  488.9   1.4   221   496   299   581   262   582 0.94 -
2532at766_1961830_0:00009a|OZ308468.1:223650-225426 -            593 2532                 -            497  7.8e-209  685.2   7.1   1   2   1.3e-61   1.3e-61  199.6   0.4     1   226     5   260     5   266 0.84 -
2532at766_1961830_0:00009a|OZ308468.1:223650-225426 -            593 2532                 -            497  7.8e-209  685.2   7.1   2   2  2.6e-149  2.6e-149  488.9   1.4   221   496   301   583   264   584 0.94 -
2532at766_955_0:000046|OZ308468.1:223638-225420     -            595 2532                 -            497  7.9e-209  685.2   7.1   1   2   1.3e-61   1.3e-61  199.6   0.4     1   226     3   258     3   264 0.84 -
2532at766_955_0:000046|OZ308468.1:223638-225420     -            595 2532                 -            497  7.9e-209  685.2   7.1   2   2  2.6e-149  2.6e-149  488.9   1.4   221   496   299   581   262   582 0.94 -
2532at766_1605993_0:00022f|OZ308468.1:223626-225420 -            598 2532                 -            497  8.1e-209  685.2   7.0   1   2   1.3e-61   1.3e-61  199.6   0.4     1   226     3   258     3   264 0.84 -
2532at766_1605993_0:00022f|OZ308468.1:223626-225420 -            598 2532                 -            497  8.1e-209  685.2   7.0   2   2  2.6e-149  2.6e-149  488.9   1.4   221   496   299   581   262   582 0.94 -
2532at766_96496_0:0002f2|OZ308468.1:223629-225420   -            598 2532                 -            497  8.1e-209  685.2   7.0   1   2   1.3e-61   1.3e-61  199.6   0.4     1   226     3   258     3   264 0.84 -
2532at766_96496_0:0002f2|OZ308468.1:223629-225420   -            598 2532                 -            497  8.1e-209  685.2   7.0   2   2  2.6e-149  2.6e-149  488.9   1.4   221   496   299   581   262   582 0.94 -
2532at766_1242993_0:0002bf|OZ308468.1:223626-225423 -            599 2532                 -            497  8.1e-209  685.2   7.0   1   2   1.3e-61   1.3e-61  199.6   0.4     1   226     4   259     4   265 0.84 -
2532at766_1242993_0:0002bf|OZ308468.1:223626-225423 -            599 2532                 -            497  8.1e-209  685.2   7.0   2   2  2.6e-149  2.6e-149  488.8   1.4   221   496   300   582   263   583 0.94 -
2532at766_434131_0:00017d|OZ308468.1:223692-225432  -            547 2532                 -            497    2e-208  683.9   4.4   1   1  3.3e-208  3.3e-208  683.2   4.4     1   492     7   547     7   547 0.89 -
2532at766_86105_0:000250|OZ308468.1:223629-225423   -            565 2532                 -            497  1.9e-206  677.3   6.2   1   1  1.6e-205  1.6e-205  674.3   6.2     1   496     4   548     4   549 0.87 -
2532at766_1528098_0:000063|OZ308468.1:223629-225384 -            552 2532                 -            497  6.3e-206  675.6   4.9   1   1    1e-205    1e-205  674.9   4.9    11   496     1   535     1   536 0.88 -
2532at766_1286528_0:0000a5|OZ308468.1:223704-225420 -            573 2532                 -            497  8.5e-206  675.2   5.8   1   2   1.1e-61   1.1e-61  199.8   0.4     1   226     3   258     3   266 0.84 -
2532at766_1286528_0:0000a5|OZ308468.1:223704-225420 -            573 2532                 -            497  8.5e-206  675.2   5.8   2   2  4.5e-146  4.5e-146  478.2   0.7   221   488   299   573   263   573 0.94 -
2532at766_222891_0:0000cd|OZ308468.1:223692-225390  -            533 2532                 -            497  1.8e-205  674.1   4.6   1   1  2.9e-205  2.9e-205  673.4   4.6     9   492     1   533     1   533 0.89 -
2532at766_2486577_0:000223|OZ308468.1:223647-225375 -            537 2532                 -            497  2.6e-202  663.7   4.9   1   1  6.2e-202  6.2e-202  662.4   4.9    14   496     1   526     1   527 0.87 -
2532at766_169402_0:000051|OZ308468.1:223980-225420  -            481 2532                 -            497  7.1e-155  507.2   4.4   1   2   7.6e-62   7.6e-62  200.4   0.4     1   226     3   258     3   264 0.84 -
2532at766_169402_0:000051|OZ308468.1:223980-225420  -            481 2532                 -            497  7.1e-155  507.2   4.4   2   2   1.2e-94   1.2e-94  308.6   0.3   221   400   299   481   262   481 0.94 -
2532at766_696127_0:0002f8|OZ308468.1:223638-224040  -            135 2532                 -            497   9.3e-65  210.0   0.9   1   1     1e-64     1e-64  209.8   0.9   380   496     1   121     1   122 0.95 -
#
# Program:         hmmsearch
# Version:         3.4 (Aug 2023)
# Pipeline mode:   SEARCH
# Query file:      /Users/rossoaa/Desktop/dummy/genomes/records/compleasm/mb_downloads/rickettsiales_odb12/hmms/2532at766.hmm
# Target file:     -
# Option settings: /Users/rossoaa/miniconda3/envs/compleasm_env/bin/hmmsearch --domtblout /Users/rossoaa/Desktop/dummy/genomes/records/compleasm/rickettsiales_odb12/hmmer_output/2532at766.out --cpu 1 /Users/rossoaa/Desktop/dummy/genomes/records/compleasm/mb_downloads/rickettsiales_odb12/hmms/2532at766.hmm - 
# Current dir:     /Users/rossoaa/Desktop/dummy/genomes/records/compleasm
# Date:            Tue Feb 10 10:20:21 2026
# [ok]
