#                                                                                                           --- full sequence --- -------------- this domain -------------   hmm coord   ali coord   env coord
# target name                                       accession   tlen query name           accession   qlen   E-value  score  bias   #  of  c-Evalue  i-Evalue  score  bias  from    to  from    to  from    to  acc description of target
#                               ------------------- ---------- ----- -------------------- ---------- ----- --------- ------ ----- --- --- --------- --------- ------ ----- ----- ----- ----- ----- ----- ----- ---- ---------------------
2543at766_1286528_0:0002df|OZ308468.1:798266-798944 -            226 2543                 -            223   5.2e-95  307.3  14.2   1   1   5.8e-95   5.8e-95  307.2  14.2     1   222     1   225     1   226 0.96 -
2543at766_1605993_0:0003a1|OZ308468.1:798266-798944 -            226 2543                 -            223   5.2e-95  307.3  14.2   1   1   5.8e-95   5.8e-95  307.2  14.2     1   222     1   225     1   226 0.96 -
2543at766_169402_0:0003f2|OZ308468.1:798266-798944  -            226 2543                 -            223   5.2e-95  307.3  14.2   1   1   5.8e-95   5.8e-95  307.2  14.2     1   222     1   225     1   226 0.96 -
2543at766_1714371_0:00027c|OZ308468.1:798266-798944 -            226 2543                 -            223   5.2e-95  307.3  14.2   1   1   5.8e-95   5.8e-95  307.2  14.2     1   222     1   225     1   226 0.96 -
2543at766_222891_0:000025|OZ308468.1:798266-798944  -            226 2543                 -            223   5.2e-95  307.3  14.2   1   1   5.8e-95   5.8e-95  307.2  14.2     1   222     1   225     1   226 0.96 -
2543at766_246273_0:00036e|OZ308468.1:798266-798944  -            226 2543                 -            223   5.2e-95  307.3  14.2   1   1   5.8e-95   5.8e-95  307.2  14.2     1   222     1   225     1   226 0.96 -
2543at766_434131_0:00018b|OZ308468.1:798266-798944  -            226 2543                 -            223   5.2e-95  307.3  14.2   1   1   5.8e-95   5.8e-95  307.2  14.2     1   222     1   225     1   226 0.96 -
2543at766_779_0:0001d5|OZ308468.1:798266-798944     -            226 2543                 -            223   5.2e-95  307.3  14.2   1   1   5.8e-95   5.8e-95  307.2  14.2     1   222     1   225     1   226 0.96 -
2543at766_96496_0:000275|OZ308468.1:798266-798944   -            226 2543                 -            223   5.2e-95  307.3  14.2   1   1   5.8e-95   5.8e-95  307.2  14.2     1   222     1   225     1   226 0.96 -
2543at766_1423892_0:0002c0|OZ308468.1:798263-798944 -            227 2543                 -            223   5.3e-95  307.3  14.2   1   1   5.9e-95   5.9e-95  307.2  14.2     1   222     2   226     2   227 0.96 -
2543at766_391036_0:00027d|OZ308468.1:798263-798944  -            227 2543                 -            223   5.3e-95  307.3  14.2   1   1   5.9e-95   5.9e-95  307.2  14.2     1   222     2   226     2   227 0.96 -
2543at766_142058_0:0002b4|OZ308468.1:798260-798944  -            228 2543                 -            223   5.4e-95  307.3  14.2   1   1     6e-95     6e-95  307.1  14.2     1   222     3   227     3   228 0.96 -
2543at766_955_0:000191|OZ308468.1:798266-798935     -            224 2543                 -            223   1.1e-94  306.3  13.4   1   1   1.2e-94   1.2e-94  306.2  13.4     1   221     1   224     1   224 0.96 -
2543at766_1359163_0:00037e|OZ308468.1:798269-798944 -            225 2543                 -            223   2.5e-94  305.1  14.1   1   1   2.7e-94   2.7e-94  305.0  14.1     3   222     2   224     1   225 0.96 -
2543at766_205920_0:0002c7|OZ308468.1:798293-798944  -            217 2543                 -            223   3.9e-92  298.0  13.6   1   1   4.3e-92   4.3e-92  297.8  13.6    11   222     2   216     1   217 0.95 -
2543at766_1242993_0:00023d|OZ308468.1:798296-798944 -            216 2543                 -            223     6e-92  297.3  13.5   1   1   6.7e-92   6.7e-92  297.2  13.5    12   222     2   215     1   216 0.95 -
2543at766_1248439_0:0002e9|OZ308468.1:798320-798944 -            208 2543                 -            223   1.1e-90  293.2  13.6   1   1   1.2e-90   1.2e-90  293.0  13.6    19   222     1   207     1   208 0.96 -
2543at766_1392507_0:0000b0|OZ308468.1:798320-798944 -            208 2543                 -            223   1.1e-90  293.2  13.6   1   1   1.2e-90   1.2e-90  293.0  13.6    19   222     1   207     1   208 0.96 -
2543at766_574556_0:000038|OZ308468.1:798320-798944  -            208 2543                 -            223   1.1e-90  293.2  13.6   1   1   1.2e-90   1.2e-90  293.0  13.6    19   222     1   207     1   208 0.96 -
#
# Program:         hmmsearch
# Version:         3.4 (Aug 2023)
# Pipeline mode:   SEARCH
# Query file:      /Users/rossoaa/Desktop/dummy/genomes/records/compleasm/mb_downloads/rickettsiales_odb12/hmms/2543at766.hmm
# Target file:     -
# Option settings: /Users/rossoaa/miniconda3/envs/compleasm_env/bin/hmmsearch --domtblout /Users/rossoaa/Desktop/dummy/genomes/records/compleasm/rickettsiales_odb12/hmmer_output/2543at766.out --cpu 1 /Users/rossoaa/Desktop/dummy/genomes/records/compleasm/mb_downloads/rickettsiales_odb12/hmms/2543at766.hmm - 
# Current dir:     /Users/rossoaa/Desktop/dummy/genomes/records/compleasm
# Date:            Tue Feb 10 10:20:21 2026
# [ok]
