#                                                                                                         --- full sequence --- -------------- this domain -------------   hmm coord   ali coord   env coord
# target name                                     accession   tlen query name           accession   qlen   E-value  score  bias   #  of  c-Evalue  i-Evalue  score  bias  from    to  from    to  from    to  acc description of target
#                             ------------------- ---------- ----- -------------------- ---------- ----- --------- ------ ----- --- --- --------- --------- ------ ----- ----- ----- ----- ----- ----- ----- ---- ---------------------
2567at766_246273_0:0002a2|OZ308468.1:51243-53895  -            885 2567                 -            856         0 1404.8   0.0   1   1         0         0 1404.6   0.0     3   855     5   882     3   883 0.96 -
2567at766_955_0:0000bd|OZ308468.1:51240-53895     -            886 2567                 -            856         0 1404.8   0.0   1   1         0         0 1404.6   0.0     3   855     5   882     3   883 0.96 -
2567at766_1392507_0:0002ce|OZ308468.1:51246-53895 -            884 2567                 -            856         0 1404.8   0.0   1   1         0         0 1404.6   0.0     3   855     5   882     3   883 0.96 -
2567at766_1423892_0:00034b|OZ308468.1:51246-53895 -            884 2567                 -            856         0 1404.8   0.0   1   1         0         0 1404.6   0.0     3   855     5   882     3   883 0.96 -
2567at766_205920_0:00018d|OZ308468.1:51246-53895  -            884 2567                 -            856         0 1404.8   0.0   1   1         0         0 1404.6   0.0     3   855     5   882     3   883 0.96 -
2567at766_2602574_0:000218|OZ308468.1:51246-53895 -            884 2567                 -            856         0 1404.8   0.0   1   1         0         0 1404.6   0.0     3   855     5   882     3   883 0.96 -
2567at766_391036_0:000121|OZ308468.1:51246-53895  -            884 2567                 -            856         0 1404.8   0.0   1   1         0         0 1404.6   0.0     3   855     5   882     3   883 0.96 -
2567at766_779_0:00008c|OZ308468.1:51246-53895     -            884 2567                 -            856         0 1404.8   0.0   1   1         0         0 1404.6   0.0     3   855     5   882     3   883 0.96 -
2567at766_86105_0:000510|OZ308468.1:51246-53895   -            884 2567                 -            856         0 1404.8   0.0   1   1         0         0 1404.6   0.0     3   855     5   882     3   883 0.96 -
2567at766_1359163_0:0000c7|OZ308468.1:51246-53892 -            883 2567                 -            856         0 1404.8   0.0   1   1         0         0 1404.6   0.0     3   855     4   881     2   882 0.96 -
2567at766_2486578_0:0004d1|OZ308468.1:51243-53904 -            888 2567                 -            856         0 1404.8   0.0   1   1         0         0 1404.5   0.0     3   855     8   885     6   886 0.96 -
2567at766_169402_0:00000f|OZ308468.1:51240-53904  -            889 2567                 -            856         0 1404.8   0.0   1   1         0         0 1404.5   0.0     3   855     8   885     6   886 0.96 -
2567at766_1248439_0:000069|OZ308468.1:51246-53904 -            887 2567                 -            856         0 1404.8   0.0   1   1         0         0 1404.6   0.0     3   855     8   885     6   886 0.96 -
2567at766_1605993_0:00004a|OZ308468.1:51228-53895 -            889 2567                 -            856         0 1404.8   0.0   1   1         0         0 1404.5   0.0     3   855     5   882     3   883 0.96 -
2567at766_142058_0:0001cc|OZ308468.1:51246-53919  -            892 2567                 -            856         0 1404.7   0.0   1   1         0         0 1404.5   0.0     3   855    13   890    11   891 0.96 -
2567at766_434131_0:0000bb|OZ308468.1:51243-53883  -            881 2567                 -            856         0 1403.8   0.0   1   1         0         0 1403.6   0.0     3   855     1   878     1   879 0.96 -
2567at766_1528098_0:000008|OZ308468.1:51246-53883 -            880 2567                 -            856         0 1403.8   0.0   1   1         0         0 1403.6   0.0     3   855     1   878     1   879 0.96 -
2567at766_696127_0:0003c9|OZ308468.1:51246-53883  -            880 2567                 -            856         0 1403.8   0.0   1   1         0         0 1403.6   0.0     3   855     1   878     1   879 0.96 -
2567at766_1961830_0:000452|OZ308468.1:51255-53883 -            877 2567                 -            856         0 1402.6   0.0   1   1         0         0 1402.5   0.0     3   854     1   877     1   877 0.96 -
2567at766_1359168_0:000017|OZ308468.1:51258-53895 -            880 2567                 -            856         0 1402.1   0.0   1   1         0         0 1401.9   0.0     3   853     5   880     3   880 0.96 -
2567at766_334380_0:00043c|OZ308468.1:51258-53889  -            878 2567                 -            856         0 1402.1   0.0   1   1         0         0 1402.0   0.0     3   853     3   878     1   878 0.96 -
2567at766_1105107_0:00027d|OZ308468.1:51243-53877 -            879 2567                 -            856         0 1400.3   0.0   1   1         0         0 1400.1   0.0     5   855     1   876     1   877 0.96 -
2567at766_1286528_0:0001a8|OZ308468.1:51243-53877 -            879 2567                 -            856         0 1400.3   0.0   1   1         0         0 1400.1   0.0     5   855     1   876     1   877 0.96 -
2567at766_481009_0:0003b4|OZ308468.1:51243-53877  -            879 2567                 -            856         0 1400.3   0.0   1   1         0         0 1400.1   0.0     5   855     1   876     1   877 0.96 -
2567at766_336407_0:0002e7|OZ308468.1:51240-53877  -            880 2567                 -            856         0 1400.3   0.0   1   1         0         0 1400.1   0.0     5   855     1   876     1   877 0.96 -
2567at766_272947_0:000263|OZ308468.1:51234-53877  -            882 2567                 -            856         0 1400.3   0.0   1   1         0         0 1400.1   0.0     5   855     1   876     1   877 0.96 -
2567at766_2115978_0:0000dd|OZ308468.1:51255-53877 -            875 2567                 -            856         0 1399.1   0.0   1   1         0         0 1399.0   0.0     5   854     1   875     1   875 0.96 -
2567at766_1714371_0:000043|OZ308468.1:51243-53859 -            873 2567                 -            856         0 1392.1   0.0   1   1         0         0 1391.9   0.0    11   855     1   870     1   871 0.96 -
2567at766_222891_0:0001d3|OZ308468.1:51243-53859  -            873 2567                 -            856         0 1392.1   0.0   1   1         0         0 1391.9   0.0    11   855     1   870     1   871 0.96 -
2567at766_1274402_0:000051|OZ308468.1:51255-53730 -            826 2567                 -            856         0 1348.9   0.0   1   1         0         0 1348.7   0.0    56   854     3   826     1   826 0.96 -
2567at766_96496_0:000286|OZ308468.1:51798-53895   -            700 2567                 -            856         0 1125.5   0.0   1   1         0         0 1125.3   0.0     3   687     5   700     3   700 0.97 -
2567at766_1242993_0:000005|OZ308468.1:52113-53895 -            595 2567                 -            856  5.7e-266  875.9   0.0   1   1  6.5e-266  6.5e-266  875.7   0.0     3   582     5   594     3   595 0.97 -
#
# Program:         hmmsearch
# Version:         3.4 (Aug 2023)
# Pipeline mode:   SEARCH
# Query file:      /Users/rossoaa/Desktop/dummy/genomes/records/compleasm/mb_downloads/rickettsiales_odb12/hmms/2567at766.hmm
# Target file:     -
# Option settings: /Users/rossoaa/miniconda3/envs/compleasm_env/bin/hmmsearch --domtblout /Users/rossoaa/Desktop/dummy/genomes/records/compleasm/rickettsiales_odb12/hmmer_output/2567at766.out --cpu 1 /Users/rossoaa/Desktop/dummy/genomes/records/compleasm/mb_downloads/rickettsiales_odb12/hmms/2567at766.hmm - 
# Current dir:     /Users/rossoaa/Desktop/dummy/genomes/records/compleasm
# Date:            Tue Feb 10 10:20:22 2026
# [ok]
