#                                                                                                           --- full sequence --- -------------- this domain -------------   hmm coord   ali coord   env coord
# target name                                       accession   tlen query name           accession   qlen   E-value  score  bias   #  of  c-Evalue  i-Evalue  score  bias  from    to  from    to  from    to  acc description of target
#                               ------------------- ---------- ----- -------------------- ---------- ----- --------- ------ ----- --- --- --------- --------- ------ ----- ----- ----- ----- ----- ----- ----- ---- ---------------------
2571at766_1274402_0:0002d8|OZ308468.1:132625-132991 -            123 2571                 -            122     4e-68  217.8   4.3   1   1   4.4e-68   4.4e-68  217.7   4.3     1   122     1   123     1   123 0.98 -
2571at766_1802984_0:0000ea|OZ308468.1:132625-132991 -            123 2571                 -            122     4e-68  217.8   4.3   1   1   4.4e-68   4.4e-68  217.7   4.3     1   122     1   123     1   123 0.98 -
2571at766_1961830_0:0003f8|OZ308468.1:132625-132991 -            123 2571                 -            122     4e-68  217.8   4.3   1   1   4.4e-68   4.4e-68  217.7   4.3     1   122     1   123     1   123 0.98 -
2571at766_2115978_0:00031b|OZ308468.1:132625-132991 -            123 2571                 -            122     4e-68  217.8   4.3   1   1   4.4e-68   4.4e-68  217.7   4.3     1   122     1   123     1   123 0.98 -
2571at766_272947_0:0001f9|OZ308468.1:132625-132991  -            123 2571                 -            122     4e-68  217.8   4.3   1   1   4.4e-68   4.4e-68  217.7   4.3     1   122     1   123     1   123 0.98 -
2571at766_336407_0:000065|OZ308468.1:132625-132991  -            123 2571                 -            122     4e-68  217.8   4.3   1   1   4.4e-68   4.4e-68  217.7   4.3     1   122     1   123     1   123 0.98 -
2571at766_696127_0:0004ba|OZ308468.1:132625-132991  -            123 2571                 -            122     4e-68  217.8   4.3   1   1   4.4e-68   4.4e-68  217.7   4.3     1   122     1   123     1   123 0.98 -
2571at766_955_0:0001be|OZ308468.1:132625-132991     -            123 2571                 -            122     4e-68  217.8   4.3   1   1   4.4e-68   4.4e-68  217.7   4.3     1   122     1   123     1   123 0.98 -
2571at766_1242993_0:0000fb|OZ308468.1:132622-132991 -            124 2571                 -            122   4.1e-68  217.8   4.3   1   1   4.6e-68   4.6e-68  217.6   4.3     1   122     1   123     1   123 0.98 -
2571at766_1248439_0:000178|OZ308468.1:132619-132991 -            124 2571                 -            122   4.1e-68  217.8   4.3   1   1   4.6e-68   4.6e-68  217.6   4.3     1   122     1   123     1   123 0.98 -
2571at766_1286528_0:00014e|OZ308468.1:132622-132991 -            124 2571                 -            122   4.1e-68  217.8   4.3   1   1   4.6e-68   4.6e-68  217.6   4.3     1   122     1   123     1   123 0.98 -
2571at766_1359163_0:0000f6|OZ308468.1:132619-132991 -            124 2571                 -            122   4.1e-68  217.8   4.3   1   1   4.6e-68   4.6e-68  217.6   4.3     1   122     1   123     1   123 0.98 -
2571at766_1359168_0:0002c3|OZ308468.1:132619-132991 -            124 2571                 -            122   4.1e-68  217.8   4.3   1   1   4.6e-68   4.6e-68  217.6   4.3     1   122     1   123     1   123 0.98 -
2571at766_1392507_0:0002d2|OZ308468.1:132619-132991 -            124 2571                 -            122   4.1e-68  217.8   4.3   1   1   4.6e-68   4.6e-68  217.6   4.3     1   122     1   123     1   123 0.98 -
2571at766_1528098_0:0001bd|OZ308468.1:132619-132991 -            124 2571                 -            122   4.1e-68  217.8   4.3   1   1   4.6e-68   4.6e-68  217.6   4.3     1   122     1   123     1   123 0.98 -
2571at766_1605993_0:0001b9|OZ308468.1:132619-132991 -            124 2571                 -            122   4.1e-68  217.8   4.3   1   1   4.6e-68   4.6e-68  217.6   4.3     1   122     1   123     1   123 0.98 -
2571at766_169402_0:0004fb|OZ308468.1:132619-132991  -            124 2571                 -            122   4.1e-68  217.8   4.3   1   1   4.6e-68   4.6e-68  217.6   4.3     1   122     1   123     1   123 0.98 -
2571at766_1714371_0:0000a9|OZ308468.1:132622-132991 -            124 2571                 -            122   4.1e-68  217.8   4.3   1   1   4.6e-68   4.6e-68  217.6   4.3     1   122     1   123     1   123 0.98 -
2571at766_246273_0:000238|OZ308468.1:132619-132991  -            124 2571                 -            122   4.1e-68  217.8   4.3   1   1   4.6e-68   4.6e-68  217.6   4.3     1   122     1   123     1   123 0.98 -
2571at766_2486577_0:000153|OZ308468.1:132619-132991 -            124 2571                 -            122   4.1e-68  217.8   4.3   1   1   4.6e-68   4.6e-68  217.6   4.3     1   122     1   123     1   123 0.98 -
2571at766_2486578_0:000072|OZ308468.1:132619-132991 -            124 2571                 -            122   4.1e-68  217.8   4.3   1   1   4.6e-68   4.6e-68  217.6   4.3     1   122     1   123     1   123 0.98 -
2571at766_2602574_0:000330|OZ308468.1:132622-132991 -            124 2571                 -            122   4.1e-68  217.8   4.3   1   1   4.6e-68   4.6e-68  217.6   4.3     1   122     1   123     1   123 0.98 -
2571at766_334380_0:000134|OZ308468.1:132619-132991  -            124 2571                 -            122   4.1e-68  217.8   4.3   1   1   4.6e-68   4.6e-68  217.6   4.3     1   122     1   123     1   123 0.98 -
2571at766_752179_0:00014d|OZ308468.1:132619-132991  -            124 2571                 -            122   4.1e-68  217.8   4.3   1   1   4.6e-68   4.6e-68  217.6   4.3     1   122     1   123     1   123 0.98 -
2571at766_779_0:000093|OZ308468.1:132622-132991     -            124 2571                 -            122   4.1e-68  217.8   4.3   1   1   4.6e-68   4.6e-68  217.6   4.3     1   122     1   123     1   123 0.98 -
2571at766_86105_0:000627|OZ308468.1:132619-132991   -            124 2571                 -            122   4.1e-68  217.8   4.3   1   1   4.6e-68   4.6e-68  217.6   4.3     1   122     1   123     1   123 0.98 -
2571at766_96496_0:0001c4|OZ308468.1:132619-132991   -            124 2571                 -            122   4.1e-68  217.8   4.3   1   1   4.6e-68   4.6e-68  217.6   4.3     1   122     1   123     1   123 0.98 -
2571at766_1105107_0:000319|OZ308468.1:132634-132991 -            120 2571                 -            122   6.3e-67  213.9   3.5   1   1     7e-67     7e-67  213.8   3.5     1   119     1   120     1   120 0.98 -
#
# Program:         hmmsearch
# Version:         3.4 (Aug 2023)
# Pipeline mode:   SEARCH
# Query file:      /Users/rossoaa/Desktop/dummy/genomes/records/compleasm/mb_downloads/rickettsiales_odb12/hmms/2571at766.hmm
# Target file:     -
# Option settings: /Users/rossoaa/miniconda3/envs/compleasm_env/bin/hmmsearch --domtblout /Users/rossoaa/Desktop/dummy/genomes/records/compleasm/rickettsiales_odb12/hmmer_output/2571at766.out --cpu 1 /Users/rossoaa/Desktop/dummy/genomes/records/compleasm/mb_downloads/rickettsiales_odb12/hmms/2571at766.hmm - 
# Current dir:     /Users/rossoaa/Desktop/dummy/genomes/records/compleasm
# Date:            Tue Feb 10 10:20:21 2026
# [ok]
