#                                                                                                         --- full sequence --- -------------- this domain -------------   hmm coord   ali coord   env coord
# target name                                     accession   tlen query name           accession   qlen   E-value  score  bias   #  of  c-Evalue  i-Evalue  score  bias  from    to  from    to  from    to  acc description of target
#                             ------------------- ---------- ----- -------------------- ---------- ----- --------- ------ ----- --- --- --------- --------- ------ ----- ----- ----- ----- ----- ----- ----- ---- ---------------------
2599at766_142058_0:00001f|OZ308468.1:80634-81240  -            202 2599                 -            207   1.2e-94  306.2   0.5   1   1   1.3e-94   1.3e-94  306.1   0.5     2   197     2   197     1   202 0.97 -
2599at766_1605993_0:0003b6|OZ308468.1:80634-81240 -            202 2599                 -            207   1.2e-94  306.2   0.5   1   1   1.3e-94   1.3e-94  306.1   0.5     2   197     2   197     1   202 0.97 -
2599at766_1248439_0:0002fb|OZ308468.1:80628-81240 -            204 2599                 -            207   1.3e-94  306.1   0.5   1   1   1.4e-94   1.4e-94  306.0   0.5     2   197     4   199     3   204 0.97 -
2599at766_1423892_0:00011a|OZ308468.1:80628-81234 -            203 2599                 -            207   1.5e-94  305.9   0.5   1   1   1.6e-94   1.6e-94  305.8   0.5     2   197     4   199     3   203 0.98 -
2599at766_205920_0:000101|OZ308468.1:80628-81234  -            203 2599                 -            207   1.5e-94  305.9   0.5   1   1   1.6e-94   1.6e-94  305.8   0.5     2   197     4   199     3   203 0.98 -
2599at766_391036_0:0000e8|OZ308468.1:80628-81234  -            203 2599                 -            207   1.5e-94  305.9   0.5   1   1   1.6e-94   1.6e-94  305.8   0.5     2   197     4   199     3   203 0.98 -
2599at766_169402_0:0004d3|OZ308468.1:80634-81222  -            197 2599                 -            207   2.6e-94  305.1   0.5   1   1   2.8e-94   2.8e-94  305.0   0.5     2   195     2   195     1   197 0.98 -
2599at766_246273_0:0002b7|OZ308468.1:80634-81222  -            197 2599                 -            207   2.6e-94  305.1   0.5   1   1   2.8e-94   2.8e-94  305.0   0.5     2   195     2   195     1   197 0.98 -
2599at766_1392507_0:000107|OZ308468.1:80640-81237 -            200 2599                 -            207   3.2e-94  304.8   0.4   1   1   3.5e-94   3.5e-94  304.7   0.4     4   197     2   195     1   200 0.98 -
2599at766_1961830_0:0004bc|OZ308468.1:80628-81213 -            196 2599                 -            207   5.5e-94  304.1   0.4   1   1   6.1e-94   6.1e-94  303.9   0.4     2   192     4   194     3   196 0.99 -
2599at766_2486578_0:00017e|OZ308468.1:80634-81210 -            193 2599                 -            207   6.6e-94  303.8   0.3   1   1   7.2e-94   7.2e-94  303.7   0.3     2   192     2   192     1   193 0.99 -
2599at766_96496_0:000002|OZ308468.1:80634-81210   -            193 2599                 -            207   6.6e-94  303.8   0.3   1   1   7.2e-94   7.2e-94  303.7   0.3     2   192     2   192     1   193 0.99 -
2599at766_86105_0:000594|OZ308468.1:80631-81210   -            194 2599                 -            207   6.6e-94  303.8   0.3   1   1   7.4e-94   7.4e-94  303.6   0.3     2   192     3   193     2   194 0.99 -
2599at766_1274402_0:0002da|OZ308468.1:80634-81207 -            192 2599                 -            207   8.4e-94  303.5   0.4   1   1   9.2e-94   9.2e-94  303.3   0.4     2   191     2   191     1   192 0.99 -
2599at766_955_0:000087|OZ308468.1:80634-81207     -            192 2599                 -            207   8.4e-94  303.5   0.4   1   1   9.2e-94   9.2e-94  303.3   0.4     2   191     2   191     1   192 0.99 -
2599at766_1286528_0:000061|OZ308468.1:80640-81219 -            194 2599                 -            207   8.4e-94  303.4   0.4   1   1   9.3e-94   9.3e-94  303.3   0.4     4   194     2   192     1   194 0.98 -
2599at766_1242993_0:0001b8|OZ308468.1:80628-81207 -            194 2599                 -            207   8.6e-94  303.4   0.4   1   1   9.6e-94   9.6e-94  303.3   0.4     2   191     4   193     3   194 0.99 -
2599at766_779_0:0000c4|OZ308468.1:80628-81207     -            194 2599                 -            207   8.6e-94  303.4   0.4   1   1   9.6e-94   9.6e-94  303.3   0.4     2   191     4   193     3   194 0.99 -
2599at766_336407_0:00004d|OZ308468.1:80637-81213  -            193 2599                 -            207   9.4e-94  303.3   0.3   1   1     1e-93     1e-93  303.2   0.3     3   192     2   191     1   193 0.99 -
2599at766_2115978_0:000046|OZ308468.1:80637-81207 -            191 2599                 -            207   1.5e-93  302.7   0.3   1   1   1.6e-93   1.6e-93  302.5   0.3     3   191     2   190     1   191 0.99 -
2599at766_1528098_0:00057a|OZ308468.1:80640-81210 -            191 2599                 -            207   1.7e-93  302.4   0.3   1   1   1.9e-93   1.9e-93  302.3   0.3     4   192     2   190     1   191 0.99 -
2599at766_272947_0:0001e9|OZ308468.1:80634-81189  -            186 2599                 -            207   8.4e-93  300.2   0.3   1   1   9.3e-93   9.3e-93  300.0   0.3     2   185     2   185     1   186 0.99 -
2599at766_752179_0:000162|OZ308468.1:80640-81189  -            184 2599                 -            207   2.2e-92  298.8   0.2   1   1   2.4e-92   2.4e-92  298.7   0.2     4   185     2   183     1   184 0.99 -
2599at766_2486577_0:000285|OZ308468.1:80652-81210 -            187 2599                 -            207   3.5e-92  298.2   0.2   1   1   3.8e-92   3.8e-92  298.0   0.2     7   192     1   186     1   187 0.99 -
2599at766_1359163_0:0002ab|OZ308468.1:80658-81219 -            188 2599                 -            207   2.5e-91  295.3   0.3   1   1   2.8e-91   2.8e-91  295.2   0.3     9   194     1   186     1   188 0.98 -
#
# Program:         hmmsearch
# Version:         3.4 (Aug 2023)
# Pipeline mode:   SEARCH
# Query file:      /Users/rossoaa/Desktop/dummy/genomes/records/compleasm/mb_downloads/rickettsiales_odb12/hmms/2599at766.hmm
# Target file:     -
# Option settings: /Users/rossoaa/miniconda3/envs/compleasm_env/bin/hmmsearch --domtblout /Users/rossoaa/Desktop/dummy/genomes/records/compleasm/rickettsiales_odb12/hmmer_output/2599at766.out --cpu 1 /Users/rossoaa/Desktop/dummy/genomes/records/compleasm/mb_downloads/rickettsiales_odb12/hmms/2599at766.hmm - 
# Current dir:     /Users/rossoaa/Desktop/dummy/genomes/records/compleasm
# Date:            Tue Feb 10 10:20:21 2026
# [ok]
