#                                                                                                           --- full sequence --- -------------- this domain -------------   hmm coord   ali coord   env coord
# target name                                       accession   tlen query name           accession   qlen   E-value  score  bias   #  of  c-Evalue  i-Evalue  score  bias  from    to  from    to  from    to  acc description of target
#                               ------------------- ---------- ----- -------------------- ---------- ----- --------- ------ ----- --- --- --------- --------- ------ ----- ----- ----- ----- ----- ----- ----- ---- ---------------------
2605at766_1961830_0:000250|OZ308468.1:541253-542741 -            496 2605                 -            493  1.6e-284  934.8   0.2   1   1  1.8e-284  1.8e-284  934.6   0.2     2   493     3   496     2   496 0.99 -
2605at766_434131_0:00004f|OZ308468.1:541253-542741  -            496 2605                 -            493  1.6e-284  934.8   0.2   1   1  1.8e-284  1.8e-284  934.6   0.2     2   493     3   496     2   496 0.99 -
2605at766_955_0:000142|OZ308468.1:541241-542741     -            500 2605                 -            493  1.6e-284  934.7   0.2   1   1  1.9e-284  1.9e-284  934.6   0.2     2   493     7   500     6   500 0.99 -
2605at766_1423892_0:000283|OZ308468.1:541235-542741 -            502 2605                 -            493  1.7e-284  934.7   0.2   1   1  1.9e-284  1.9e-284  934.5   0.2     2   493     9   502     8   502 0.99 -
2605at766_205920_0:00022d|OZ308468.1:541235-542741  -            502 2605                 -            493  1.7e-284  934.7   0.2   1   1  1.9e-284  1.9e-284  934.5   0.2     2   493     9   502     8   502 0.99 -
2605at766_391036_0:00000a|OZ308468.1:541235-542741  -            502 2605                 -            493  1.7e-284  934.7   0.2   1   1  1.9e-284  1.9e-284  934.5   0.2     2   493     9   502     8   502 0.99 -
2605at766_779_0:000273|OZ308468.1:541235-542741     -            502 2605                 -            493  1.7e-284  934.7   0.2   1   1  1.9e-284  1.9e-284  934.5   0.2     2   493     9   502     8   502 0.99 -
2605at766_1286528_0:0001b5|OZ308468.1:541232-542741 -            503 2605                 -            493  1.7e-284  934.7   0.2   1   1  1.9e-284  1.9e-284  934.5   0.2     2   493    10   503     9   503 0.99 -
2605at766_2115978_0:000337|OZ308468.1:541226-542741 -            505 2605                 -            493  1.7e-284  934.7   0.2   1   1  1.9e-284  1.9e-284  934.5   0.2     2   493    12   505    11   505 0.99 -
2605at766_2486577_0:000078|OZ308468.1:541226-542741 -            505 2605                 -            493  1.7e-284  934.7   0.2   1   1  1.9e-284  1.9e-284  934.5   0.2     2   493    12   505    11   505 0.99 -
2605at766_86105_0:000333|OZ308468.1:541226-542741   -            505 2605                 -            493  1.7e-284  934.7   0.2   1   1  1.9e-284  1.9e-284  934.5   0.2     2   493    12   505    11   505 0.99 -
2605at766_1248439_0:000017|OZ308468.1:541220-542741 -            507 2605                 -            493  1.7e-284  934.7   0.2   1   1    2e-284    2e-284  934.5   0.2     2   493    14   507    13   507 0.99 -
2605at766_1359163_0:000158|OZ308468.1:541220-542741 -            507 2605                 -            493  1.7e-284  934.7   0.2   1   1    2e-284    2e-284  934.5   0.2     2   493    14   507    13   507 0.99 -
2605at766_1392507_0:0001bb|OZ308468.1:541220-542741 -            507 2605                 -            493  1.7e-284  934.7   0.2   1   1    2e-284    2e-284  934.5   0.2     2   493    14   507    13   507 0.99 -
2605at766_142058_0:000082|OZ308468.1:541220-542741  -            507 2605                 -            493  1.7e-284  934.7   0.2   1   1    2e-284    2e-284  934.5   0.2     2   493    14   507    13   507 0.99 -
2605at766_1528098_0:0005dd|OZ308468.1:541220-542741 -            507 2605                 -            493  1.7e-284  934.7   0.2   1   1    2e-284    2e-284  934.5   0.2     2   493    14   507    13   507 0.99 -
2605at766_1105107_0:000061|OZ308468.1:541217-542741 -            508 2605                 -            493  1.7e-284  934.7   0.2   1   1    2e-284    2e-284  934.5   0.2     2   493    15   508    14   508 0.99 -
2605at766_1242993_0:00036b|OZ308468.1:541217-542741 -            508 2605                 -            493  1.7e-284  934.7   0.2   1   1    2e-284    2e-284  934.5   0.2     2   493    15   508    14   508 0.99 -
2605at766_1605993_0:0002c4|OZ308468.1:541217-542741 -            508 2605                 -            493  1.7e-284  934.7   0.2   1   1    2e-284    2e-284  934.5   0.2     2   493    15   508    14   508 0.99 -
2605at766_169402_0:00040a|OZ308468.1:541217-542741  -            508 2605                 -            493  1.7e-284  934.7   0.2   1   1    2e-284    2e-284  934.5   0.2     2   493    15   508    14   508 0.99 -
2605at766_246273_0:0003c0|OZ308468.1:541217-542741  -            508 2605                 -            493  1.7e-284  934.7   0.2   1   1    2e-284    2e-284  934.5   0.2     2   493    15   508    14   508 0.99 -
2605at766_2602574_0:0001d9|OZ308468.1:541217-542741 -            508 2605                 -            493  1.7e-284  934.7   0.2   1   1    2e-284    2e-284  934.5   0.2     2   493    15   508    14   508 0.99 -
2605at766_272947_0:0000ff|OZ308468.1:541217-542741  -            508 2605                 -            493  1.7e-284  934.7   0.2   1   1    2e-284    2e-284  934.5   0.2     2   493    15   508    14   508 0.99 -
2605at766_336407_0:00051c|OZ308468.1:541217-542741  -            508 2605                 -            493  1.7e-284  934.7   0.2   1   1    2e-284    2e-284  934.5   0.2     2   493    15   508    14   508 0.99 -
2605at766_96496_0:00002d|OZ308468.1:541217-542741   -            508 2605                 -            493  1.7e-284  934.7   0.2   1   1    2e-284    2e-284  934.5   0.2     2   493    15   508    14   508 0.99 -
2605at766_2486578_0:000174|OZ308468.1:541274-542741 -            489 2605                 -            493  3.5e-283  930.3   0.2   1   1    4e-283    4e-283  930.2   0.2     8   493     2   489     1   489 0.99 -
2605at766_696127_0:000375|OZ308468.1:541274-542741  -            489 2605                 -            493  3.5e-283  930.3   0.2   1   1    4e-283    4e-283  930.2   0.2     8   493     2   489     1   489 0.99 -
2605at766_1802984_0:00007b|OZ308468.1:541298-542741 -            481 2605                 -            493  7.6e-281  922.7   0.3   1   1  8.5e-281  8.5e-281  922.5   0.3    15   493     1   481     1   481 0.99 -
2605at766_1714371_0:0000db|OZ308468.1:541301-542741 -            480 2605                 -            493  2.2e-280  921.1   0.3   1   1  2.5e-280  2.5e-280  921.0   0.3    16   493     1   480     1   480 0.99 -
2605at766_222891_0:00028b|OZ308468.1:541301-542741  -            480 2605                 -            493  2.2e-280  921.1   0.3   1   1  2.5e-280  2.5e-280  921.0   0.3    16   493     1   480     1   480 0.99 -
#
# Program:         hmmsearch
# Version:         3.4 (Aug 2023)
# Pipeline mode:   SEARCH
# Query file:      /Users/rossoaa/Desktop/dummy/genomes/records/compleasm/mb_downloads/rickettsiales_odb12/hmms/2605at766.hmm
# Target file:     -
# Option settings: /Users/rossoaa/miniconda3/envs/compleasm_env/bin/hmmsearch --domtblout /Users/rossoaa/Desktop/dummy/genomes/records/compleasm/rickettsiales_odb12/hmmer_output/2605at766.out --cpu 1 /Users/rossoaa/Desktop/dummy/genomes/records/compleasm/mb_downloads/rickettsiales_odb12/hmms/2605at766.hmm - 
# Current dir:     /Users/rossoaa/Desktop/dummy/genomes/records/compleasm
# Date:            Tue Feb 10 10:20:20 2026
# [ok]
