#                                                                                                          --- full sequence --- -------------- this domain -------------   hmm coord   ali coord   env coord
# target name                                      accession   tlen query name           accession   qlen   E-value  score  bias   #  of  c-Evalue  i-Evalue  score  bias  from    to  from    to  from    to  acc description of target
#                              ------------------- ---------- ----- -------------------- ---------- ----- --------- ------ ----- --- --- --------- --------- ------ ----- ----- ----- ----- ----- ----- ----- ---- ---------------------
262at766_1242993_0:00029b|OZ308468.1:733740-734271 -            178 262                  -            177   3.5e-93  300.9   1.3   1   1   3.9e-93   3.9e-93  300.7   1.3     1   177     1   177     1   177 0.99 -
262at766_1248439_0:0001ae|OZ308468.1:733740-734271 -            178 262                  -            177   3.5e-93  300.9   1.3   1   1   3.9e-93   3.9e-93  300.7   1.3     1   177     1   177     1   177 0.99 -
262at766_1359163_0:0001cd|OZ308468.1:733740-734271 -            178 262                  -            177   3.5e-93  300.9   1.3   1   1   3.9e-93   3.9e-93  300.7   1.3     1   177     1   177     1   177 0.99 -
262at766_1392507_0:000222|OZ308468.1:733740-734271 -            178 262                  -            177   3.5e-93  300.9   1.3   1   1   3.9e-93   3.9e-93  300.7   1.3     1   177     1   177     1   177 0.99 -
262at766_142058_0:0000f2|OZ308468.1:733740-734271  -            178 262                  -            177   3.5e-93  300.9   1.3   1   1   3.9e-93   3.9e-93  300.7   1.3     1   177     1   177     1   177 0.99 -
262at766_1423892_0:000285|OZ308468.1:733740-734271 -            178 262                  -            177   3.5e-93  300.9   1.3   1   1   3.9e-93   3.9e-93  300.7   1.3     1   177     1   177     1   177 0.99 -
262at766_1605993_0:0001e4|OZ308468.1:733740-734274 -            178 262                  -            177   3.5e-93  300.9   1.3   1   1   3.9e-93   3.9e-93  300.7   1.3     1   177     1   177     1   177 0.99 -
262at766_169402_0:00015c|OZ308468.1:733740-734271  -            178 262                  -            177   3.5e-93  300.9   1.3   1   1   3.9e-93   3.9e-93  300.7   1.3     1   177     1   177     1   177 0.99 -
262at766_1714371_0:000224|OZ308468.1:733740-734271 -            178 262                  -            177   3.5e-93  300.9   1.3   1   1   3.9e-93   3.9e-93  300.7   1.3     1   177     1   177     1   177 0.99 -
262at766_205920_0:000323|OZ308468.1:733740-734271  -            178 262                  -            177   3.5e-93  300.9   1.3   1   1   3.9e-93   3.9e-93  300.7   1.3     1   177     1   177     1   177 0.99 -
262at766_246273_0:0002d4|OZ308468.1:733740-734271  -            178 262                  -            177   3.5e-93  300.9   1.3   1   1   3.9e-93   3.9e-93  300.7   1.3     1   177     1   177     1   177 0.99 -
262at766_2486577_0:000167|OZ308468.1:733740-734274 -            178 262                  -            177   3.5e-93  300.9   1.3   1   1   3.9e-93   3.9e-93  300.7   1.3     1   177     1   177     1   177 0.99 -
262at766_391036_0:0000b8|OZ308468.1:733740-734271  -            178 262                  -            177   3.5e-93  300.9   1.3   1   1   3.9e-93   3.9e-93  300.7   1.3     1   177     1   177     1   177 0.99 -
262at766_434131_0:000041|OZ308468.1:733740-734271  -            178 262                  -            177   3.5e-93  300.9   1.3   1   1   3.9e-93   3.9e-93  300.7   1.3     1   177     1   177     1   177 0.99 -
262at766_574556_0:0000ce|OZ308468.1:733740-734271  -            178 262                  -            177   3.5e-93  300.9   1.3   1   1   3.9e-93   3.9e-93  300.7   1.3     1   177     1   177     1   177 0.99 -
262at766_779_0:000359|OZ308468.1:733740-734271     -            178 262                  -            177   3.5e-93  300.9   1.3   1   1   3.9e-93   3.9e-93  300.7   1.3     1   177     1   177     1   177 0.99 -
262at766_86105_0:00013e|OZ308468.1:733740-734271   -            178 262                  -            177   3.5e-93  300.9   1.3   1   1   3.9e-93   3.9e-93  300.7   1.3     1   177     1   177     1   177 0.99 -
262at766_955_0:000331|OZ308468.1:733740-734271     -            178 262                  -            177   3.5e-93  300.9   1.3   1   1   3.9e-93   3.9e-93  300.7   1.3     1   177     1   177     1   177 0.99 -
262at766_96496_0:00007a|OZ308468.1:733740-734271   -            178 262                  -            177   3.5e-93  300.9   1.3   1   1   3.9e-93   3.9e-93  300.7   1.3     1   177     1   177     1   177 0.99 -
262at766_1105107_0:00015c|OZ308468.1:733734-734274 -            180 262                  -            177   3.6e-93  300.8   1.3   1   1   4.1e-93   4.1e-93  300.6   1.3     1   177     3   179     3   179 0.99 -
262at766_1961830_0:000099|OZ308468.1:733734-734271 -            180 262                  -            177   3.6e-93  300.8   1.3   1   1   4.1e-93   4.1e-93  300.6   1.3     1   177     3   179     3   179 0.99 -
262at766_272947_0:000092|OZ308468.1:733734-734271  -            180 262                  -            177   3.6e-93  300.8   1.3   1   1   4.1e-93   4.1e-93  300.6   1.3     1   177     3   179     3   179 0.99 -
262at766_336407_0:0003be|OZ308468.1:733734-734271  -            180 262                  -            177   3.6e-93  300.8   1.3   1   1   4.1e-93   4.1e-93  300.6   1.3     1   177     3   179     3   179 0.99 -
262at766_481009_0:0002ff|OZ308468.1:733734-734271  -            180 262                  -            177   3.6e-93  300.8   1.3   1   1   4.1e-93   4.1e-93  300.6   1.3     1   177     3   179     3   179 0.99 -
262at766_1528098_0:000554|OZ308468.1:733743-734271 -            177 262                  -            177   1.2e-92  299.2   1.1   1   1   1.3e-92   1.3e-92  299.0   1.1     2   177     1   176     1   176 0.99 -
262at766_2115978_0:000002|OZ308468.1:733743-734271 -            177 262                  -            177   1.2e-92  299.2   1.1   1   1   1.3e-92   1.3e-92  299.0   1.1     2   177     1   176     1   176 0.99 -
262at766_2486578_0:0001d5|OZ308468.1:733743-734271 -            177 262                  -            177   1.2e-92  299.2   1.1   1   1   1.3e-92   1.3e-92  299.0   1.1     2   177     1   176     1   176 0.99 -
262at766_752179_0:00030b|OZ308468.1:733743-734271  -            177 262                  -            177   1.2e-92  299.2   1.1   1   1   1.3e-92   1.3e-92  299.0   1.1     2   177     1   176     1   176 0.99 -
262at766_2602574_0:000203|OZ308468.1:733779-734271 -            165 262                  -            177   1.6e-88  285.7   0.6   1   1   1.8e-88   1.8e-88  285.5   0.6    14   177     1   164     1   164 0.99 -
#
# Program:         hmmsearch
# Version:         3.4 (Aug 2023)
# Pipeline mode:   SEARCH
# Query file:      /Users/rossoaa/Desktop/dummy/genomes/records/compleasm/mb_downloads/rickettsiales_odb12/hmms/262at766.hmm
# Target file:     -
# Option settings: /Users/rossoaa/miniconda3/envs/compleasm_env/bin/hmmsearch --domtblout /Users/rossoaa/Desktop/dummy/genomes/records/compleasm/rickettsiales_odb12/hmmer_output/262at766.out --cpu 1 /Users/rossoaa/Desktop/dummy/genomes/records/compleasm/mb_downloads/rickettsiales_odb12/hmms/262at766.hmm - 
# Current dir:     /Users/rossoaa/Desktop/dummy/genomes/records/compleasm
# Date:            Tue Feb 10 10:20:21 2026
# [ok]
