#                                                                                                           --- full sequence --- -------------- this domain -------------   hmm coord   ali coord   env coord
# target name                                       accession   tlen query name           accession   qlen   E-value  score  bias   #  of  c-Evalue  i-Evalue  score  bias  from    to  from    to  from    to  acc description of target
#                               ------------------- ---------- ----- -------------------- ---------- ----- --------- ------ ----- --- --- --------- --------- ------ ----- ----- ----- ----- ----- ----- ----- ---- ---------------------
2670at766_1605993_0:000209|OZ308468.1:500153-500762 -            203 2670                 -            204   2.4e-89  287.5   4.2   1   1   2.7e-89   2.7e-89  287.3   4.2     1   199     3   202     3   203 0.97 -
2670at766_169402_0:000274|OZ308468.1:500153-500762  -            203 2670                 -            204   2.4e-89  287.5   4.2   1   1   2.7e-89   2.7e-89  287.3   4.2     1   199     3   202     3   203 0.97 -
2670at766_246273_0:0001de|OZ308468.1:500153-500762  -            203 2670                 -            204   2.4e-89  287.5   4.2   1   1   2.7e-89   2.7e-89  287.3   4.2     1   199     3   202     3   203 0.97 -
2670at766_96496_0:000229|OZ308468.1:500153-500762   -            203 2670                 -            204   2.4e-89  287.5   4.2   1   1   2.7e-89   2.7e-89  287.3   4.2     1   199     3   202     3   203 0.97 -
2670at766_86105_0:0000a6|OZ308468.1:500171-500756   -            196 2670                 -            204   2.1e-88  284.4   3.7   1   1   2.3e-88   2.3e-88  284.3   3.7     1   194     1   195     1   196 0.98 -
2670at766_1242993_0:0001d6|OZ308468.1:500177-500762 -            196 2670                 -            204   5.8e-88  283.0   3.4   1   1   6.4e-88   6.4e-88  282.8   3.4     1   193     3   196     3   196 0.98 -
2670at766_1423892_0:0000f8|OZ308468.1:500177-500762 -            196 2670                 -            204   5.8e-88  283.0   3.4   1   1   6.4e-88   6.4e-88  282.8   3.4     1   193     3   196     3   196 0.98 -
2670at766_205920_0:000093|OZ308468.1:500177-500762  -            196 2670                 -            204   5.8e-88  283.0   3.4   1   1   6.4e-88   6.4e-88  282.8   3.4     1   193     3   196     3   196 0.98 -
2670at766_2602574_0:000318|OZ308468.1:500153-500696 -            181 2670                 -            204   1.2e-83  268.9   2.0   1   1   1.3e-83   1.3e-83  268.7   2.0    21   199     1   180     1   181 0.97 -
#
# Program:         hmmsearch
# Version:         3.4 (Aug 2023)
# Pipeline mode:   SEARCH
# Query file:      /Users/rossoaa/Desktop/dummy/genomes/records/compleasm/mb_downloads/rickettsiales_odb12/hmms/2670at766.hmm
# Target file:     -
# Option settings: /Users/rossoaa/miniconda3/envs/compleasm_env/bin/hmmsearch --domtblout /Users/rossoaa/Desktop/dummy/genomes/records/compleasm/rickettsiales_odb12/hmmer_output/2670at766.out --cpu 1 /Users/rossoaa/Desktop/dummy/genomes/records/compleasm/mb_downloads/rickettsiales_odb12/hmms/2670at766.hmm - 
# Current dir:     /Users/rossoaa/Desktop/dummy/genomes/records/compleasm
# Date:            Tue Feb 10 10:20:23 2026
# [ok]
