#                                                                                                           --- full sequence --- -------------- this domain -------------   hmm coord   ali coord   env coord
# target name                                       accession   tlen query name           accession   qlen   E-value  score  bias   #  of  c-Evalue  i-Evalue  score  bias  from    to  from    to  from    to  acc description of target
#                               ------------------- ---------- ----- -------------------- ---------- ----- --------- ------ ----- --- --- --------- --------- ------ ----- ----- ----- ----- ----- ----- ----- ---- ---------------------
2719at766_1242993_0:00003a|OZ308468.1:675160-675841 -            227 2719                 -            229  1.6e-108  352.2   3.4   1   1  1.9e-108  1.9e-108  352.0   3.4     5   222     4   222     1   226 0.98 -
2719at766_1392507_0:000353|OZ308468.1:675160-675841 -            227 2719                 -            229  1.6e-108  352.2   3.4   1   1  1.9e-108  1.9e-108  352.0   3.4     5   222     4   222     1   226 0.98 -
2719at766_1605993_0:0003b0|OZ308468.1:675160-675841 -            227 2719                 -            229  1.6e-108  352.2   3.4   1   1  1.9e-108  1.9e-108  352.0   3.4     5   222     4   222     1   226 0.98 -
2719at766_169402_0:00005e|OZ308468.1:675160-675841  -            227 2719                 -            229  1.6e-108  352.2   3.4   1   1  1.9e-108  1.9e-108  352.0   3.4     5   222     4   222     1   226 0.98 -
2719at766_246273_0:000398|OZ308468.1:675160-675841  -            227 2719                 -            229  1.6e-108  352.2   3.4   1   1  1.9e-108  1.9e-108  352.0   3.4     5   222     4   222     1   226 0.98 -
2719at766_955_0:000081|OZ308468.1:675160-675841     -            227 2719                 -            229  1.6e-108  352.2   3.4   1   1  1.9e-108  1.9e-108  352.0   3.4     5   222     4   222     1   226 0.98 -
2719at766_96496_0:00024f|OZ308468.1:675160-675841   -            227 2719                 -            229  1.6e-108  352.2   3.4   1   1  1.9e-108  1.9e-108  352.0   3.4     5   222     4   222     1   226 0.98 -
2719at766_1248439_0:000235|OZ308468.1:675160-675835 -            225 2719                 -            229  2.4e-108  351.7   3.3   1   1  2.8e-108  2.8e-108  351.5   3.3     6   222     3   220     1   224 0.98 -
2719at766_142058_0:0001d8|OZ308468.1:675160-675835  -            225 2719                 -            229  2.4e-108  351.7   3.3   1   1  2.8e-108  2.8e-108  351.5   3.3     6   222     3   220     1   224 0.98 -
2719at766_696127_0:00022d|OZ308468.1:675166-675829  -            222 2719                 -            229  2.6e-108  351.5   3.0   1   1  3.2e-108  3.2e-108  351.3   3.0     7   222     2   218     1   221 0.98 -
2719at766_779_0:0002bc|OZ308468.1:675178-675844     -            223 2719                 -            229  3.2e-108  351.2   3.8   1   1  3.5e-108  3.5e-108  351.1   3.8     4   221     4   222     1   223 0.98 -
2719at766_2486578_0:000002|OZ308468.1:675175-675829 -            219 2719                 -            229  4.6e-108  350.8   3.3   1   1    5e-108    5e-108  350.6   3.3     7   221     2   217     1   219 0.99 -
2719at766_2486577_0:000002|OZ308468.1:675178-675829 -            218 2719                 -            229  5.9e-108  350.4   3.3   1   1  6.5e-108  6.5e-108  350.3   3.3     7   221     2   217     1   218 0.99 -
2719at766_2602574_0:00018b|OZ308468.1:675178-675829 -            218 2719                 -            229  5.9e-108  350.4   3.3   1   1  6.5e-108  6.5e-108  350.3   3.3     7   221     2   217     1   218 0.99 -
2719at766_1359163_0:0000c5|OZ308468.1:675184-675829 -            216 2719                 -            229  1.6e-107  349.0   3.5   1   1  1.7e-107  1.7e-107  348.9   3.5     7   219     2   215     1   216 0.99 -
2719at766_1423892_0:000147|OZ308468.1:675160-675823 -            221 2719                 -            229  1.8e-107  348.8   4.2   1   1  2.1e-107  2.1e-107  348.6   4.2     8   222     1   216     1   220 0.98 -
2719at766_205920_0:00008c|OZ308468.1:675160-675823  -            221 2719                 -            229  1.8e-107  348.8   4.2   1   1  2.1e-107  2.1e-107  348.6   4.2     8   222     1   216     1   220 0.98 -
2719at766_391036_0:0002fe|OZ308468.1:675160-675823  -            221 2719                 -            229  1.8e-107  348.8   4.2   1   1  2.1e-107  2.1e-107  348.6   4.2     8   222     1   216     1   220 0.98 -
2719at766_222891_0:0001e2|OZ308468.1:675175-675823  -            217 2719                 -            229  2.5e-107  348.4   4.1   1   1  2.7e-107  2.7e-107  348.2   4.1     8   221     1   215     1   217 0.99 -
2719at766_1528098_0:00062b|OZ308468.1:675184-675826 -            215 2719                 -            229  2.7e-107  348.2   3.7   1   1    3e-107    3e-107  348.1   3.7     7   219     1   214     1   215 0.99 -
2719at766_1961830_0:000263|OZ308468.1:675166-675820 -            219 2719                 -            229  3.5e-107  347.9   3.7   1   1  4.2e-107  4.2e-107  347.6   3.7     9   222     1   215     1   218 0.99 -
2719at766_2115978_0:000003|OZ308468.1:675166-675820 -            219 2719                 -            229  3.5e-107  347.9   3.7   1   1  4.2e-107  4.2e-107  347.6   3.7     9   222     1   215     1   218 0.99 -
2719at766_1105107_0:000294|OZ308468.1:675169-675820 -            218 2719                 -            229  3.7e-107  347.8   3.7   1   1  4.1e-107  4.1e-107  347.6   3.7     9   222     1   215     1   218 0.99 -
2719at766_272947_0:0002d2|OZ308468.1:675169-675820  -            218 2719                 -            229  3.7e-107  347.8   3.7   1   1  4.1e-107  4.1e-107  347.6   3.7     9   222     1   215     1   218 0.99 -
2719at766_481009_0:00019e|OZ308468.1:675169-675820  -            218 2719                 -            229  3.7e-107  347.8   3.7   1   1  4.1e-107  4.1e-107  347.6   3.7     9   222     1   215     1   218 0.99 -
2719at766_86105_0:0003d6|OZ308468.1:675193-675829   -            213 2719                 -            229  1.1e-106  346.2   3.7   1   1  1.2e-106  1.2e-106  346.1   3.7     7   217     2   213     1   213 0.99 -
2719at766_336407_0:000415|OZ308468.1:675181-675820  -            214 2719                 -            229  1.1e-106  346.2   4.2   1   1  1.3e-106  1.3e-106  346.0   4.2     9   220     1   213     1   214 0.99 -
2719at766_1714371_0:000185|OZ308468.1:675187-675823 -            213 2719                 -            229  1.6e-106  345.7   4.4   1   1  1.7e-106  1.7e-106  345.6   4.4     8   218     1   212     1   213 0.99 -
2719at766_1359168_0:0001cc|OZ308468.1:675184-675820 -            213 2719                 -            229  2.1e-106  345.3   4.2   1   1  2.3e-106  2.3e-106  345.2   4.2     9   219     1   212     1   213 0.99 -
2719at766_334380_0:0004c1|OZ308468.1:675184-675820  -            213 2719                 -            229  2.1e-106  345.3   4.2   1   1  2.3e-106  2.3e-106  345.2   4.2     9   219     1   212     1   213 0.99 -
2719at766_752179_0:000113|OZ308468.1:675184-675820  -            213 2719                 -            229  2.1e-106  345.3   4.2   1   1  2.3e-106  2.3e-106  345.2   4.2     9   219     1   212     1   213 0.99 -
2719at766_1286528_0:00008a|OZ308468.1:675190-675823 -            212 2719                 -            229  2.9e-106  344.9   4.4   1   1  3.2e-106  3.2e-106  344.7   4.4     8   217     1   211     1   212 0.99 -
2719at766_1802984_0:000275|OZ308468.1:675190-675820 -            211 2719                 -            229  7.2e-106  343.6   4.3   1   1    8e-106    8e-106  343.4   4.3     9   217     1   210     1   211 0.99 -
2719at766_1274402_0:00026d|OZ308468.1:675199-675820 -            208 2719                 -            229  1.2e-104  339.6   4.6   1   1  1.3e-104  1.3e-104  339.5   4.6     9   215     1   208     1   208 0.99 -
#
# Program:         hmmsearch
# Version:         3.4 (Aug 2023)
# Pipeline mode:   SEARCH
# Query file:      /Users/rossoaa/Desktop/dummy/genomes/records/compleasm/mb_downloads/rickettsiales_odb12/hmms/2719at766.hmm
# Target file:     -
# Option settings: /Users/rossoaa/miniconda3/envs/compleasm_env/bin/hmmsearch --domtblout /Users/rossoaa/Desktop/dummy/genomes/records/compleasm/rickettsiales_odb12/hmmer_output/2719at766.out --cpu 1 /Users/rossoaa/Desktop/dummy/genomes/records/compleasm/mb_downloads/rickettsiales_odb12/hmms/2719at766.hmm - 
# Current dir:     /Users/rossoaa/Desktop/dummy/genomes/records/compleasm
# Date:            Tue Feb 10 10:20:22 2026
# [ok]
