#                                                                                                           --- full sequence --- -------------- this domain -------------   hmm coord   ali coord   env coord
# target name                                       accession   tlen query name           accession   qlen   E-value  score  bias   #  of  c-Evalue  i-Evalue  score  bias  from    to  from    to  from    to  acc description of target
#                               ------------------- ---------- ----- -------------------- ---------- ----- --------- ------ ----- --- --- --------- --------- ------ ----- ----- ----- ----- ----- ----- ----- ---- ---------------------
2722at766_1105107_0:000164|OZ308468.1:425175-426489 -            438 2722                 -            427  2.2e-197  647.2   7.9   1   1  2.4e-197  2.4e-197  647.0   7.9     2   427     2   438     1   438 0.96 -
2722at766_1242993_0:000200|OZ308468.1:425175-426489 -            438 2722                 -            427  2.2e-197  647.2   7.9   1   1  2.4e-197  2.4e-197  647.0   7.9     2   427     2   438     1   438 0.96 -
2722at766_1286528_0:000152|OZ308468.1:425175-426489 -            438 2722                 -            427  2.2e-197  647.2   7.9   1   1  2.4e-197  2.4e-197  647.0   7.9     2   427     2   438     1   438 0.96 -
2722at766_1359163_0:000051|OZ308468.1:425175-426489 -            438 2722                 -            427  2.2e-197  647.2   7.9   1   1  2.4e-197  2.4e-197  647.0   7.9     2   427     2   438     1   438 0.96 -
2722at766_1423892_0:000310|OZ308468.1:425175-426489 -            438 2722                 -            427  2.2e-197  647.2   7.9   1   1  2.4e-197  2.4e-197  647.0   7.9     2   427     2   438     1   438 0.96 -
2722at766_1528098_0:00015f|OZ308468.1:425175-426489 -            438 2722                 -            427  2.2e-197  647.2   7.9   1   1  2.4e-197  2.4e-197  647.0   7.9     2   427     2   438     1   438 0.96 -
2722at766_1714371_0:0000bb|OZ308468.1:425175-426489 -            438 2722                 -            427  2.2e-197  647.2   7.9   1   1  2.4e-197  2.4e-197  647.0   7.9     2   427     2   438     1   438 0.96 -
2722at766_1961830_0:000373|OZ308468.1:425175-426489 -            438 2722                 -            427  2.2e-197  647.2   7.9   1   1  2.4e-197  2.4e-197  647.0   7.9     2   427     2   438     1   438 0.96 -
2722at766_205920_0:000191|OZ308468.1:425175-426489  -            438 2722                 -            427  2.2e-197  647.2   7.9   1   1  2.4e-197  2.4e-197  647.0   7.9     2   427     2   438     1   438 0.96 -
2722at766_222891_0:000131|OZ308468.1:425175-426489  -            438 2722                 -            427  2.2e-197  647.2   7.9   1   1  2.4e-197  2.4e-197  647.0   7.9     2   427     2   438     1   438 0.96 -
2722at766_272947_0:0001d2|OZ308468.1:425175-426489  -            438 2722                 -            427  2.2e-197  647.2   7.9   1   1  2.4e-197  2.4e-197  647.0   7.9     2   427     2   438     1   438 0.96 -
2722at766_336407_0:000005|OZ308468.1:425175-426489  -            438 2722                 -            427  2.2e-197  647.2   7.9   1   1  2.4e-197  2.4e-197  647.0   7.9     2   427     2   438     1   438 0.96 -
2722at766_391036_0:0002a7|OZ308468.1:425175-426489  -            438 2722                 -            427  2.2e-197  647.2   7.9   1   1  2.4e-197  2.4e-197  647.0   7.9     2   427     2   438     1   438 0.96 -
2722at766_434131_0:000176|OZ308468.1:425175-426489  -            438 2722                 -            427  2.2e-197  647.2   7.9   1   1  2.4e-197  2.4e-197  647.0   7.9     2   427     2   438     1   438 0.96 -
2722at766_481009_0:0004cd|OZ308468.1:425175-426489  -            438 2722                 -            427  2.2e-197  647.2   7.9   1   1  2.4e-197  2.4e-197  647.0   7.9     2   427     2   438     1   438 0.96 -
2722at766_779_0:00007e|OZ308468.1:425175-426489     -            438 2722                 -            427  2.2e-197  647.2   7.9   1   1  2.4e-197  2.4e-197  647.0   7.9     2   427     2   438     1   438 0.96 -
2722at766_1802984_0:0001b2|OZ308468.1:425175-426492 -            439 2722                 -            427  2.2e-197  647.2   7.9   1   1  2.4e-197  2.4e-197  647.0   7.9     2   427     3   439     2   439 0.96 -
2722at766_86105_0:0000a9|OZ308468.1:425175-426492   -            439 2722                 -            427  2.2e-197  647.2   7.9   1   1  2.4e-197  2.4e-197  647.0   7.9     2   427     3   439     2   439 0.96 -
2722at766_2486578_0:000253|OZ308468.1:425175-426495 -            440 2722                 -            427  2.2e-197  647.2   7.9   1   1  2.5e-197  2.5e-197  647.0   7.9     2   427     4   440     3   440 0.96 -
2722at766_752179_0:0003d4|OZ308468.1:425175-426495  -            440 2722                 -            427  2.2e-197  647.2   7.9   1   1  2.5e-197  2.5e-197  647.0   7.9     2   427     4   440     3   440 0.96 -
2722at766_1248439_0:000340|OZ308468.1:425175-426498 -            441 2722                 -            427  2.2e-197  647.1   7.9   1   1  2.5e-197  2.5e-197  647.0   7.9     2   427     5   441     4   441 0.96 -
2722at766_142058_0:0002c0|OZ308468.1:425175-426498  -            441 2722                 -            427  2.2e-197  647.1   7.9   1   1  2.5e-197  2.5e-197  647.0   7.9     2   427     5   441     4   441 0.96 -
2722at766_1605993_0:0001c2|OZ308468.1:425175-426501 -            442 2722                 -            427  2.2e-197  647.1   7.9   1   1  2.5e-197  2.5e-197  647.0   7.9     2   427     6   442     5   442 0.96 -
2722at766_169402_0:00046c|OZ308468.1:425175-426501  -            442 2722                 -            427  2.2e-197  647.1   7.9   1   1  2.5e-197  2.5e-197  647.0   7.9     2   427     6   442     5   442 0.96 -
2722at766_246273_0:000219|OZ308468.1:425175-426501  -            442 2722                 -            427  2.2e-197  647.1   7.9   1   1  2.5e-197  2.5e-197  647.0   7.9     2   427     6   442     5   442 0.96 -
2722at766_955_0:0001bf|OZ308468.1:425175-426501     -            442 2722                 -            427  2.2e-197  647.1   7.9   1   1  2.5e-197  2.5e-197  647.0   7.9     2   427     6   442     5   442 0.96 -
2722at766_96496_0:0000da|OZ308468.1:425175-426501   -            442 2722                 -            427  2.2e-197  647.1   7.9   1   1  2.5e-197  2.5e-197  647.0   7.9     2   427     6   442     5   442 0.96 -
2722at766_1392507_0:0002b7|OZ308468.1:425175-426504 -            443 2722                 -            427  2.2e-197  647.1   7.9   1   1  2.5e-197  2.5e-197  646.9   7.9     2   427     7   443     6   443 0.96 -
2722at766_2602574_0:00015d|OZ308468.1:425175-426486 -            437 2722                 -            427    4e-197  646.3   7.8   1   1  4.5e-197  4.5e-197  646.1   7.8     2   427     1   437     1   437 0.96 -
2722at766_696127_0:00046f|OZ308468.1:425598-426492  -            299 2722                 -            427  8.9e-153  500.2   2.1   1   1    1e-152    1e-152  500.0   2.1     2   293     3   298     2   299 0.97 -
#
# Program:         hmmsearch
# Version:         3.4 (Aug 2023)
# Pipeline mode:   SEARCH
# Query file:      /Users/rossoaa/Desktop/dummy/genomes/records/compleasm/mb_downloads/rickettsiales_odb12/hmms/2722at766.hmm
# Target file:     -
# Option settings: /Users/rossoaa/miniconda3/envs/compleasm_env/bin/hmmsearch --domtblout /Users/rossoaa/Desktop/dummy/genomes/records/compleasm/rickettsiales_odb12/hmmer_output/2722at766.out --cpu 1 /Users/rossoaa/Desktop/dummy/genomes/records/compleasm/mb_downloads/rickettsiales_odb12/hmms/2722at766.hmm - 
# Current dir:     /Users/rossoaa/Desktop/dummy/genomes/records/compleasm
# Date:            Tue Feb 10 10:20:21 2026
# [ok]
