#                                                                                                          --- full sequence --- -------------- this domain -------------   hmm coord   ali coord   env coord
# target name                                      accession   tlen query name           accession   qlen   E-value  score  bias   #  of  c-Evalue  i-Evalue  score  bias  from    to  from    to  from    to  acc description of target
#                              ------------------- ---------- ----- -------------------- ---------- ----- --------- ------ ----- --- --- --------- --------- ------ ----- ----- ----- ----- ----- ----- ----- ---- ---------------------
282at766_1392507_0:00008e|OZ308468.1:505420-506638 -            406 282                  -            398  2.5e-166  543.5  14.2   1   1  2.8e-166  2.8e-166  543.4  14.2     2   398     2   404     1   404 0.97 -
282at766_1605993_0:000219|OZ308468.1:505420-506656 -            412 282                  -            398  2.6e-166  543.5  14.2   1   1  2.9e-166  2.9e-166  543.3  14.2     2   398     8   410     7   410 0.97 -
282at766_169402_0:00019a|OZ308468.1:505420-506656  -            412 282                  -            398  2.6e-166  543.5  14.2   1   1  2.9e-166  2.9e-166  543.3  14.2     2   398     8   410     7   410 0.97 -
282at766_246273_0:00026c|OZ308468.1:505420-506656  -            412 282                  -            398  2.6e-166  543.5  14.2   1   1  2.9e-166  2.9e-166  543.3  14.2     2   398     8   410     7   410 0.97 -
282at766_955_0:0001d2|OZ308468.1:505420-506656     -            412 282                  -            398  2.6e-166  543.5  14.2   1   1  2.9e-166  2.9e-166  543.3  14.2     2   398     8   410     7   410 0.97 -
282at766_96496_0:0002fc|OZ308468.1:505420-506656   -            412 282                  -            398  2.6e-166  543.5  14.2   1   1  2.9e-166  2.9e-166  543.3  14.2     2   398     8   410     7   410 0.97 -
282at766_1242993_0:00006d|OZ308468.1:505426-506659 -            412 282                  -            398  2.6e-166  543.5  14.2   1   1  2.9e-166  2.9e-166  543.3  14.2     2   398     9   411     8   411 0.97 -
282at766_205920_0:000251|OZ308468.1:505426-506659  -            412 282                  -            398  2.6e-166  543.5  14.2   1   1  2.9e-166  2.9e-166  543.3  14.2     2   398     9   411     8   411 0.97 -
282at766_391036_0:0001f8|OZ308468.1:505426-506659  -            412 282                  -            398  2.6e-166  543.5  14.2   1   1  2.9e-166  2.9e-166  543.3  14.2     2   398     9   411     8   411 0.97 -
282at766_1248439_0:0002bb|OZ308468.1:505420-506659 -            413 282                  -            398  2.6e-166  543.5  14.2   1   1    3e-166    3e-166  543.3  14.2     2   398     9   411     8   411 0.97 -
282at766_142058_0:000332|OZ308468.1:505420-506659  -            413 282                  -            398  2.6e-166  543.5  14.2   1   1    3e-166    3e-166  543.3  14.2     2   398     9   411     8   411 0.97 -
282at766_1423892_0:0000d2|OZ308468.1:505420-506659 -            413 282                  -            398  2.6e-166  543.5  14.2   1   1    3e-166    3e-166  543.3  14.2     2   398     9   411     8   411 0.97 -
282at766_574556_0:00018e|OZ308468.1:505420-506659  -            413 282                  -            398  2.6e-166  543.5  14.2   1   1    3e-166    3e-166  543.3  14.2     2   398     9   411     8   411 0.97 -
282at766_779_0:0000fe|OZ308468.1:505423-506659     -            413 282                  -            398  2.6e-166  543.5  14.2   1   1    3e-166    3e-166  543.3  14.2     2   398     9   411     8   411 0.97 -
282at766_1359163_0:0000e7|OZ308468.1:505435-506659 -            409 282                  -            398  8.5e-166  541.8  13.7   1   1  9.5e-166  9.5e-166  541.6  13.7     2   395     9   408     8   409 0.97 -
282at766_1528098_0:00042c|OZ308468.1:505438-506641 -            402 282                  -            398  1.4e-165  541.1  13.6   1   1  1.5e-165  1.5e-165  540.9  13.6     2   395     3   402     2   402 0.97 -
282at766_1714371_0:000071|OZ308468.1:505507-506617 -            371 282                  -            398  2.7e-159  520.3  16.0   1   1  3.1e-159  3.1e-159  520.2  16.0     8   375     1   371     1   371 0.98 -
282at766_1286528_0:00017c|OZ308468.1:505600-506611 -            338 282                  -            398  1.1e-148  485.4  18.3   1   1  1.2e-148  1.2e-148  485.3  18.3    10   345     1   338     1   338 0.98 -
#
# Program:         hmmsearch
# Version:         3.4 (Aug 2023)
# Pipeline mode:   SEARCH
# Query file:      /Users/rossoaa/Desktop/dummy/genomes/records/compleasm/mb_downloads/rickettsiales_odb12/hmms/282at766.hmm
# Target file:     -
# Option settings: /Users/rossoaa/miniconda3/envs/compleasm_env/bin/hmmsearch --domtblout /Users/rossoaa/Desktop/dummy/genomes/records/compleasm/rickettsiales_odb12/hmmer_output/282at766.out --cpu 1 /Users/rossoaa/Desktop/dummy/genomes/records/compleasm/mb_downloads/rickettsiales_odb12/hmms/282at766.hmm - 
# Current dir:     /Users/rossoaa/Desktop/dummy/genomes/records/compleasm
# Date:            Tue Feb 10 10:20:23 2026
# [ok]
