#                                                                                                           --- full sequence --- -------------- this domain -------------   hmm coord   ali coord   env coord
# target name                                       accession   tlen query name           accession   qlen   E-value  score  bias   #  of  c-Evalue  i-Evalue  score  bias  from    to  from    to  from    to  acc description of target
#                               ------------------- ---------- ----- -------------------- ---------- ----- --------- ------ ----- --- --- --------- --------- ------ ----- ----- ----- ----- ----- ----- ----- ---- ---------------------
2838at766_1242993_0:000389|OZ308468.1:888415-888991 -            193 2838                 -            192   2.4e-67  216.7   0.2   1   1   2.7e-67   2.7e-67  216.5   0.2     1   192     1   193     1   193 0.95 -
2838at766_86105_0:00051a|OZ308468.1:888415-888991   -            193 2838                 -            192   2.4e-67  216.7   0.2   1   1   2.7e-67   2.7e-67  216.5   0.2     1   192     1   193     1   193 0.95 -
2838at766_1423892_0:0001b8|OZ308468.1:888412-888991 -            194 2838                 -            192   2.4e-67  216.7   0.2   1   1   2.7e-67   2.7e-67  216.5   0.2     1   192     1   193     1   193 0.95 -
2838at766_205920_0:0001ae|OZ308468.1:888412-888991  -            194 2838                 -            192   2.4e-67  216.7   0.2   1   1   2.7e-67   2.7e-67  216.5   0.2     1   192     1   193     1   193 0.95 -
2838at766_391036_0:000215|OZ308468.1:888412-888991  -            194 2838                 -            192   2.4e-67  216.7   0.2   1   1   2.7e-67   2.7e-67  216.5   0.2     1   192     1   193     1   193 0.95 -
2838at766_955_0:000067|OZ308468.1:888406-888991     -            196 2838                 -            192   2.5e-67  216.6   0.2   1   1   2.8e-67   2.8e-67  216.4   0.2     1   192     1   193     1   193 0.95 -
2838at766_169402_0:00022f|OZ308468.1:888397-888991  -            199 2838                 -            192   2.7e-67  216.5   0.2   1   1     3e-67     3e-67  216.4   0.2     1   192     1   193     1   193 0.95 -
2838at766_246273_0:0002e6|OZ308468.1:888397-888991  -            199 2838                 -            192   2.7e-67  216.5   0.2   1   1     3e-67     3e-67  216.4   0.2     1   192     1   193     1   193 0.95 -
2838at766_96496_0:000258|OZ308468.1:888397-888991   -            199 2838                 -            192   2.7e-67  216.5   0.2   1   1     3e-67     3e-67  216.4   0.2     1   192     1   193     1   193 0.95 -
2838at766_1605993_0:000037|OZ308468.1:888388-888991 -            201 2838                 -            192   2.8e-67  216.5   0.2   1   1   3.1e-67   3.1e-67  216.3   0.2     1   192     1   193     1   193 0.95 -
2838at766_1359163_0:000328|OZ308468.1:888421-888991 -            191 2838                 -            192   1.1e-66  214.5   0.3   1   1   1.3e-66   1.3e-66  214.3   0.3     1   189     1   190     1   191 0.95 -
2838at766_779_0:0001ce|OZ308468.1:888421-888991     -            191 2838                 -            192   1.1e-66  214.5   0.3   1   1   1.3e-66   1.3e-66  214.3   0.3     1   189     1   190     1   191 0.95 -
2838at766_2115978_0:000398|OZ308468.1:888553-888991 -            147 2838                 -            192     2e-57  184.3   0.6   1   1   2.4e-57   2.4e-57  184.0   0.6     1   143     1   144     1   146 0.94 -
2838at766_752179_0:000251|OZ308468.1:888562-888991  -            144 2838                 -            192   3.5e-57  183.5   0.5   1   1   3.9e-57   3.9e-57  183.4   0.5     1   142     1   143     1   144 0.95 -
2838at766_1359168_0:0001c1|OZ308468.1:888595-888991 -            133 2838                 -            192   2.4e-54  174.3   1.1   1   1   2.6e-54   2.6e-54  174.1   1.1     1   132     1   133     1   133 0.95 -
2838at766_334380_0:000390|OZ308468.1:888595-888991  -            133 2838                 -            192   2.4e-54  174.3   1.1   1   1   2.6e-54   2.6e-54  174.1   1.1     1   132     1   133     1   133 0.95 -
2838at766_272947_0:00001b|OZ308468.1:888394-888874  -            161 2838                 -            192   6.5e-52  166.3   0.1   1   1   7.3e-52   7.3e-52  166.2   0.1    39   192     1   154     1   154 0.94 -
2838at766_336407_0:0004a2|OZ308468.1:888709-888991  -             95 2838                 -            192     7e-44  140.1   0.4   1   1   7.7e-44   7.7e-44  140.0   0.4     1    94     1    95     1    95 0.97 -
2838at766_1961830_0:000283|OZ308468.1:888730-888991 -             88 2838                 -            192   8.4e-41  130.1   0.6   1   1   9.2e-41   9.2e-41  130.0   0.6     1    87     1    88     1    88 0.97 -
2838at766_1105107_0:00013e|OZ308468.1:888736-888991 -             86 2838                 -            192   7.1e-40  127.1   0.6   1   1   7.7e-40   7.7e-40  126.9   0.6     1    85     1    86     1    86 0.97 -
2838at766_2486578_0:000548|OZ308468.1:888736-888991 -             86 2838                 -            192   7.1e-40  127.1   0.6   1   1   7.7e-40   7.7e-40  126.9   0.6     1    85     1    86     1    86 0.97 -
2838at766_481009_0:0002bf|OZ308468.1:888745-888991  -             83 2838                 -            192   7.9e-39  123.7   0.5   1   1   8.6e-39   8.6e-39  123.5   0.5     1    82     1    83     1    83 0.97 -
2838at766_2486577_0:000331|OZ308468.1:888697-888898 -             68 2838                 -            192   1.3e-34  109.9   0.1   1   1   1.4e-34   1.4e-34  109.8   0.1    32    98     2    68     1    68 0.98 -
#
# Program:         hmmsearch
# Version:         3.4 (Aug 2023)
# Pipeline mode:   SEARCH
# Query file:      /Users/rossoaa/Desktop/dummy/genomes/records/compleasm/mb_downloads/rickettsiales_odb12/hmms/2838at766.hmm
# Target file:     -
# Option settings: /Users/rossoaa/miniconda3/envs/compleasm_env/bin/hmmsearch --domtblout /Users/rossoaa/Desktop/dummy/genomes/records/compleasm/rickettsiales_odb12/hmmer_output/2838at766.out --cpu 1 /Users/rossoaa/Desktop/dummy/genomes/records/compleasm/mb_downloads/rickettsiales_odb12/hmms/2838at766.hmm - 
# Current dir:     /Users/rossoaa/Desktop/dummy/genomes/records/compleasm
# Date:            Tue Feb 10 10:20:21 2026
# [ok]
