#                                                                                                          --- full sequence --- -------------- this domain -------------   hmm coord   ali coord   env coord
# target name                                      accession   tlen query name           accession   qlen   E-value  score  bias   #  of  c-Evalue  i-Evalue  score  bias  from    to  from    to  from    to  acc description of target
#                              ------------------- ---------- ----- -------------------- ---------- ----- --------- ------ ----- --- --- --------- --------- ------ ----- ----- ----- ----- ----- ----- ----- ---- ---------------------
283at766_1359163_0:000347|OZ308468.1:906654-907956 -            435 283                  -            416  1.6e-195  640.6   3.3   1   1  1.9e-195  1.9e-195  640.3   3.3     1   416     1   435     1   435 0.95 -
283at766_2486577_0:0001ec|OZ308468.1:906654-907956 -            435 283                  -            416  1.6e-195  640.6   3.3   1   1  1.9e-195  1.9e-195  640.3   3.3     1   416     1   435     1   435 0.95 -
283at766_272947_0:00030e|OZ308468.1:906654-907956  -            435 283                  -            416  1.6e-195  640.6   3.3   1   1  1.9e-195  1.9e-195  640.3   3.3     1   416     1   435     1   435 0.95 -
283at766_696127_0:00019e|OZ308468.1:906654-907956  -            435 283                  -            416  1.6e-195  640.6   3.3   1   1  1.9e-195  1.9e-195  640.3   3.3     1   416     1   435     1   435 0.95 -
283at766_1105107_0:000302|OZ308468.1:906651-907956 -            436 283                  -            416  1.6e-195  640.6   3.3   1   1  1.9e-195  1.9e-195  640.3   3.3     1   416     1   435     1   435 0.95 -
283at766_1286528_0:0002d9|OZ308468.1:906651-907956 -            436 283                  -            416  1.6e-195  640.6   3.3   1   1  1.9e-195  1.9e-195  640.3   3.3     1   416     1   435     1   435 0.95 -
283at766_1392507_0:00036e|OZ308468.1:906651-907956 -            436 283                  -            416  1.6e-195  640.6   3.3   1   1  1.9e-195  1.9e-195  640.3   3.3     1   416     1   435     1   435 0.95 -
283at766_2115978_0:0000a5|OZ308468.1:906651-907956 -            436 283                  -            416  1.6e-195  640.6   3.3   1   1  1.9e-195  1.9e-195  640.3   3.3     1   416     1   435     1   435 0.95 -
283at766_336407_0:00027d|OZ308468.1:906651-907956  -            436 283                  -            416  1.6e-195  640.6   3.3   1   1  1.9e-195  1.9e-195  640.3   3.3     1   416     1   435     1   435 0.95 -
283at766_1359168_0:000238|OZ308468.1:906648-907956 -            437 283                  -            416  1.6e-195  640.6   3.3   1   1    2e-195    2e-195  640.3   3.3     1   416     1   435     1   435 0.95 -
283at766_1961830_0:000008|OZ308468.1:906648-907956 -            437 283                  -            416  1.6e-195  640.6   3.3   1   1    2e-195    2e-195  640.3   3.3     1   416     1   435     1   435 0.95 -
283at766_246273_0:0002f7|OZ308468.1:906648-907956  -            437 283                  -            416  1.6e-195  640.6   3.3   1   1    2e-195    2e-195  640.3   3.3     1   416     1   435     1   435 0.95 -
283at766_752179_0:0002e4|OZ308468.1:906648-907956  -            437 283                  -            416  1.6e-195  640.6   3.3   1   1    2e-195    2e-195  640.3   3.3     1   416     1   435     1   435 0.95 -
283at766_1248439_0:000248|OZ308468.1:906645-907956 -            438 283                  -            416  1.6e-195  640.6   3.3   1   1    2e-195    2e-195  640.3   3.3     1   416     1   435     1   435 0.95 -
283at766_142058_0:000259|OZ308468.1:906645-907956  -            438 283                  -            416  1.6e-195  640.6   3.3   1   1    2e-195    2e-195  640.3   3.3     1   416     1   435     1   435 0.95 -
283at766_1423892_0:000354|OZ308468.1:906645-907956 -            438 283                  -            416  1.6e-195  640.6   3.3   1   1    2e-195    2e-195  640.3   3.3     1   416     1   435     1   435 0.95 -
283at766_169402_0:000523|OZ308468.1:906645-907956  -            438 283                  -            416  1.6e-195  640.6   3.3   1   1    2e-195    2e-195  640.3   3.3     1   416     1   435     1   435 0.95 -
283at766_391036_0:0001bc|OZ308468.1:906645-907956  -            438 283                  -            416  1.6e-195  640.6   3.3   1   1    2e-195    2e-195  640.3   3.3     1   416     1   435     1   435 0.95 -
283at766_481009_0:000362|OZ308468.1:906645-907956  -            438 283                  -            416  1.6e-195  640.6   3.3   1   1    2e-195    2e-195  640.3   3.3     1   416     1   435     1   435 0.95 -
283at766_574556_0:00017a|OZ308468.1:906645-907956  -            438 283                  -            416  1.6e-195  640.6   3.3   1   1    2e-195    2e-195  640.3   3.3     1   416     1   435     1   435 0.95 -
283at766_96496_0:0002a9|OZ308468.1:906645-907956   -            438 283                  -            416  1.6e-195  640.6   3.3   1   1    2e-195    2e-195  640.3   3.3     1   416     1   435     1   435 0.95 -
283at766_205920_0:00008e|OZ308468.1:906642-907956  -            439 283                  -            416  1.7e-195  640.5   3.3   1   1    2e-195    2e-195  640.3   3.3     1   416     1   435     1   435 0.95 -
283at766_334380_0:000137|OZ308468.1:906642-907956  -            439 283                  -            416  1.7e-195  640.5   3.3   1   1    2e-195    2e-195  640.3   3.3     1   416     1   435     1   435 0.95 -
283at766_1528098_0:0005de|OZ308468.1:906639-907956 -            440 283                  -            416  1.7e-195  640.5   3.3   1   1    2e-195    2e-195  640.3   3.3     1   416     1   435     1   435 0.95 -
283at766_1714371_0:0002cd|OZ308468.1:906639-907956 -            440 283                  -            416  1.7e-195  640.5   3.3   1   1    2e-195    2e-195  640.3   3.3     1   416     1   435     1   435 0.95 -
283at766_222891_0:000013|OZ308468.1:906639-907956  -            440 283                  -            416  1.7e-195  640.5   3.3   1   1    2e-195    2e-195  640.3   3.3     1   416     1   435     1   435 0.95 -
283at766_2486578_0:00004c|OZ308468.1:906639-907956 -            440 283                  -            416  1.7e-195  640.5   3.3   1   1    2e-195    2e-195  640.3   3.3     1   416     1   435     1   435 0.95 -
283at766_2602574_0:0003c1|OZ308468.1:906639-907956 -            440 283                  -            416  1.7e-195  640.5   3.3   1   1    2e-195    2e-195  640.3   3.3     1   416     1   435     1   435 0.95 -
283at766_86105_0:00045d|OZ308468.1:906639-907956   -            440 283                  -            416  1.7e-195  640.5   3.3   1   1    2e-195    2e-195  640.3   3.3     1   416     1   435     1   435 0.95 -
283at766_779_0:0001eb|OZ308468.1:906636-907956     -            441 283                  -            416  1.7e-195  640.5   3.3   1   1    2e-195    2e-195  640.3   3.3     1   416     1   435     1   435 0.95 -
283at766_955_0:000024|OZ308468.1:906633-907956     -            442 283                  -            416  1.7e-195  640.5   3.3   1   1  2.1e-195  2.1e-195  640.2   3.3     1   416     1   435     1   435 0.95 -
283at766_1242993_0:00011c|OZ308468.1:906630-907956 -            443 283                  -            416  1.7e-195  640.5   3.3   1   1  2.1e-195  2.1e-195  640.2   3.3     1   416     1   435     1   435 0.95 -
283at766_1605993_0:000059|OZ308468.1:906604-907956 -            450 283                  -            416  1.8e-195  640.4   3.3   1   1  2.2e-195  2.2e-195  640.1   3.3     1   416     1   435     1   435 0.95 -
283at766_1274402_0:0001b6|OZ308468.1:906654-907953 -            434 283                  -            416    7e-195  638.5   3.2   1   1  8.4e-195  8.4e-195  638.2   3.2     2   416     1   434     1   434 0.95 -
#
# Program:         hmmsearch
# Version:         3.4 (Aug 2023)
# Pipeline mode:   SEARCH
# Query file:      /Users/rossoaa/Desktop/dummy/genomes/records/compleasm/mb_downloads/rickettsiales_odb12/hmms/283at766.hmm
# Target file:     -
# Option settings: /Users/rossoaa/miniconda3/envs/compleasm_env/bin/hmmsearch --domtblout /Users/rossoaa/Desktop/dummy/genomes/records/compleasm/rickettsiales_odb12/hmmer_output/283at766.out --cpu 1 /Users/rossoaa/Desktop/dummy/genomes/records/compleasm/mb_downloads/rickettsiales_odb12/hmms/283at766.hmm - 
# Current dir:     /Users/rossoaa/Desktop/dummy/genomes/records/compleasm
# Date:            Tue Feb 10 10:20:23 2026
# [ok]
