#                                                                                                           --- full sequence --- -------------- this domain -------------   hmm coord   ali coord   env coord
# target name                                       accession   tlen query name           accession   qlen   E-value  score  bias   #  of  c-Evalue  i-Evalue  score  bias  from    to  from    to  from    to  acc description of target
#                               ------------------- ---------- ----- -------------------- ---------- ----- --------- ------ ----- --- --- --------- --------- ------ ----- ----- ----- ----- ----- ----- ----- ---- ---------------------
2852at766_1248439_0:00025f|OZ308468.1:731174-731510 -            113 2852                 -            113   1.7e-52  166.7   3.6   1   1   1.8e-52   1.8e-52  166.6   3.6     3   112     3   112     1   113 0.98 -
2852at766_1392507_0:000318|OZ308468.1:731174-731510 -            113 2852                 -            113   1.7e-52  166.7   3.6   1   1   1.8e-52   1.8e-52  166.6   3.6     3   112     3   112     1   113 0.98 -
2852at766_142058_0:0000ee|OZ308468.1:731174-731510  -            113 2852                 -            113   1.7e-52  166.7   3.6   1   1   1.8e-52   1.8e-52  166.6   3.6     3   112     3   112     1   113 0.98 -
2852at766_574556_0:00013a|OZ308468.1:731174-731510  -            113 2852                 -            113   1.7e-52  166.7   3.6   1   1   1.8e-52   1.8e-52  166.6   3.6     3   112     3   112     1   113 0.98 -
2852at766_205920_0:000050|OZ308468.1:731171-731513  -            114 2852                 -            113   1.7e-52  166.7   3.6   1   1   1.9e-52   1.9e-52  166.6   3.6     3   112     4   113     2   114 0.98 -
2852at766_779_0:000280|OZ308468.1:731171-731513     -            114 2852                 -            113   1.7e-52  166.7   3.6   1   1   1.9e-52   1.9e-52  166.6   3.6     3   112     4   113     2   114 0.98 -
2852at766_1423892_0:00018f|OZ308468.1:731168-731513 -            115 2852                 -            113   1.8e-52  166.7   3.6   1   1     2e-52     2e-52  166.5   3.6     3   112     5   114     3   115 0.98 -
2852at766_391036_0:0002a1|OZ308468.1:731168-731513  -            115 2852                 -            113   1.8e-52  166.7   3.6   1   1     2e-52     2e-52  166.5   3.6     3   112     5   114     3   115 0.98 -
2852at766_2115978_0:000265|OZ308468.1:731165-731507 -            115 2852                 -            113   1.8e-52  166.7   3.3   1   1     2e-52     2e-52  166.5   3.3     3   111     6   114     4   115 0.98 -
2852at766_2486578_0:00036f|OZ308468.1:731165-731507 -            115 2852                 -            113   1.8e-52  166.7   3.3   1   1     2e-52     2e-52  166.5   3.3     3   111     6   114     4   115 0.98 -
2852at766_1359163_0:000362|OZ308468.1:731165-731513 -            116 2852                 -            113   1.8e-52  166.7   3.6   1   1   2.1e-52   2.1e-52  166.5   3.6     3   112     6   115     4   116 0.98 -
2852at766_1605993_0:0001f5|OZ308468.1:731165-731513 -            116 2852                 -            113   1.8e-52  166.7   3.6   1   1   2.1e-52   2.1e-52  166.5   3.6     3   112     6   115     4   116 0.98 -
2852at766_246273_0:00031f|OZ308468.1:731165-731513  -            116 2852                 -            113   1.8e-52  166.7   3.6   1   1   2.1e-52   2.1e-52  166.5   3.6     3   112     6   115     4   116 0.98 -
2852at766_752179_0:00031e|OZ308468.1:731165-731510  -            116 2852                 -            113   1.8e-52  166.7   3.6   1   1   2.1e-52   2.1e-52  166.5   3.6     3   112     6   115     4   116 0.98 -
2852at766_1359168_0:000193|OZ308468.1:731156-731513 -            119 2852                 -            113     2e-52  166.5   3.6   1   1   2.3e-52   2.3e-52  166.3   3.6     3   112     9   118     7   119 0.98 -
2852at766_169402_0:000538|OZ308468.1:731165-731548  -            127 2852                 -            113   2.5e-52  166.2   3.6   1   1   2.9e-52   2.9e-52  166.0   3.6     3   112     6   115     4   116 0.98 -
2852at766_2602574_0:00020c|OZ308468.1:731180-731507 -            110 2852                 -            113     3e-52  166.0   3.4   1   1   3.2e-52   3.2e-52  165.9   3.4     4   111     2   109     1   110 0.98 -
2852at766_1242993_0:00027f|OZ308468.1:731180-731513 -            111 2852                 -            113     3e-52  166.0   3.7   1   1   3.2e-52   3.2e-52  165.8   3.7     4   112     2   110     1   111 0.98 -
2852at766_955_0:000326|OZ308468.1:731183-731510     -            110 2852                 -            113   3.3e-52  165.8   3.5   1   1   3.6e-52   3.6e-52  165.7   3.5     5   112     2   109     1   110 0.98 -
2852at766_334380_0:00042b|OZ308468.1:731189-731513  -            108 2852                 -            113   7.8e-52  164.6   3.0   1   1   8.5e-52   8.5e-52  164.5   3.0     7   112     2   107     1   108 0.98 -
2852at766_2486577_0:00013f|OZ308468.1:731192-731507 -            106 2852                 -            113   1.6e-51  163.6   3.0   1   1   1.7e-51   1.7e-51  163.5   3.0     7   111     1   105     1   106 0.98 -
2852at766_1961830_0:000092|OZ308468.1:731198-731510 -            105 2852                 -            113   5.7e-51  161.8   3.8   1   1   6.2e-51   6.2e-51  161.7   3.8    10   112     2   104     1   105 0.98 -
#
# Program:         hmmsearch
# Version:         3.4 (Aug 2023)
# Pipeline mode:   SEARCH
# Query file:      /Users/rossoaa/Desktop/dummy/genomes/records/compleasm/mb_downloads/rickettsiales_odb12/hmms/2852at766.hmm
# Target file:     -
# Option settings: /Users/rossoaa/miniconda3/envs/compleasm_env/bin/hmmsearch --domtblout /Users/rossoaa/Desktop/dummy/genomes/records/compleasm/rickettsiales_odb12/hmmer_output/2852at766.out --cpu 1 /Users/rossoaa/Desktop/dummy/genomes/records/compleasm/mb_downloads/rickettsiales_odb12/hmms/2852at766.hmm - 
# Current dir:     /Users/rossoaa/Desktop/dummy/genomes/records/compleasm
# Date:            Tue Feb 10 10:20:22 2026
# [ok]
