#                                                                                                          --- full sequence --- -------------- this domain -------------   hmm coord   ali coord   env coord
# target name                                      accession   tlen query name           accession   qlen   E-value  score  bias   #  of  c-Evalue  i-Evalue  score  bias  from    to  from    to  from    to  acc description of target
#                              ------------------- ---------- ----- -------------------- ---------- ----- --------- ------ ----- --- --- --------- --------- ------ ----- ----- ----- ----- ----- ----- ----- ---- ---------------------
287at766_1286528_0:0000a4|OZ308468.1:507328-508069 -            248 287                  -            238  4.1e-118  384.1   0.0   1   1  4.8e-118  4.8e-118  383.9   0.0     2   237     4   247     3   248 0.92 -
287at766_86105_0:00006a|OZ308468.1:507325-508069   -            249 287                  -            238  4.2e-118  384.1   0.0   1   1  4.9e-118  4.9e-118  383.8   0.0     2   237     5   248     4   249 0.92 -
287at766_1714371_0:00009f|OZ308468.1:507322-508069 -            250 287                  -            238  4.2e-118  384.0   0.0   1   1    5e-118    5e-118  383.8   0.0     2   237     6   249     5   250 0.92 -
287at766_246273_0:000395|OZ308468.1:507322-508069  -            250 287                  -            238  4.2e-118  384.0   0.0   1   1    5e-118    5e-118  383.8   0.0     2   237     6   249     5   250 0.92 -
287at766_272947_0:00033a|OZ308468.1:507322-508072  -            251 287                  -            238  4.3e-118  384.0   0.0   1   1  5.1e-118  5.1e-118  383.8   0.0     2   237     6   249     5   250 0.92 -
287at766_481009_0:00006d|OZ308468.1:507322-508072  -            251 287                  -            238  4.3e-118  384.0   0.0   1   1  5.1e-118  5.1e-118  383.8   0.0     2   237     6   249     5   250 0.92 -
287at766_1242993_0:0001f2|OZ308468.1:507322-508075 -            252 287                  -            238  4.3e-118  384.0   0.0   1   1  5.1e-118  5.1e-118  383.8   0.0     2   237     6   249     5   250 0.92 -
287at766_1359163_0:000229|OZ308468.1:507322-508075 -            252 287                  -            238  4.3e-118  384.0   0.0   1   1  5.1e-118  5.1e-118  383.8   0.0     2   237     6   249     5   250 0.92 -
287at766_1423892_0:0002c1|OZ308468.1:507322-508075 -            252 287                  -            238  4.3e-118  384.0   0.0   1   1  5.1e-118  5.1e-118  383.8   0.0     2   237     6   249     5   250 0.92 -
287at766_205920_0:00025f|OZ308468.1:507322-508075  -            252 287                  -            238  4.3e-118  384.0   0.0   1   1  5.1e-118  5.1e-118  383.8   0.0     2   237     6   249     5   250 0.92 -
287at766_2602574_0:000394|OZ308468.1:507322-508075 -            252 287                  -            238  4.3e-118  384.0   0.0   1   1  5.1e-118  5.1e-118  383.8   0.0     2   237     6   249     5   250 0.92 -
287at766_391036_0:0001d5|OZ308468.1:507322-508075  -            252 287                  -            238  4.3e-118  384.0   0.0   1   1  5.1e-118  5.1e-118  383.8   0.0     2   237     6   249     5   250 0.92 -
287at766_955_0:0001d3|OZ308468.1:507322-508075     -            252 287                  -            238  4.3e-118  384.0   0.0   1   1  5.1e-118  5.1e-118  383.8   0.0     2   237     6   249     5   250 0.92 -
287at766_434131_0:0001d2|OZ308468.1:507322-508081  -            254 287                  -            238  4.4e-118  384.0   0.0   1   1  5.3e-118  5.3e-118  383.7   0.0     2   237     6   249     5   250 0.92 -
287at766_574556_0:000039|OZ308468.1:507331-508093  -            254 287                  -            238  4.5e-118  384.0   0.0   1   1  5.3e-118  5.3e-118  383.7   0.0     2   237     3   246     2   247 0.92 -
287at766_1248439_0:000199|OZ308468.1:507325-508093 -            256 287                  -            238  4.6e-118  383.9   0.0   1   1  5.5e-118  5.5e-118  383.7   0.0     2   237     5   248     4   249 0.92 -
287at766_1392507_0:000341|OZ308468.1:507325-508093 -            256 287                  -            238  4.6e-118  383.9   0.0   1   1  5.5e-118  5.5e-118  383.7   0.0     2   237     5   248     4   249 0.92 -
287at766_142058_0:000294|OZ308468.1:507325-508093  -            256 287                  -            238  4.6e-118  383.9   0.0   1   1  5.5e-118  5.5e-118  383.7   0.0     2   237     5   248     4   249 0.92 -
287at766_1605993_0:00021b|OZ308468.1:507322-508093 -            257 287                  -            238  4.6e-118  383.9   0.0   1   1  5.6e-118  5.6e-118  383.7   0.0     2   237     6   249     5   250 0.92 -
287at766_169402_0:000170|OZ308468.1:507322-508093  -            257 287                  -            238  4.6e-118  383.9   0.0   1   1  5.6e-118  5.6e-118  383.7   0.0     2   237     6   249     5   250 0.92 -
287at766_2486578_0:0004c4|OZ308468.1:507322-508093 -            257 287                  -            238  4.6e-118  383.9   0.0   1   1  5.6e-118  5.6e-118  383.7   0.0     2   237     6   249     5   250 0.92 -
287at766_336407_0:00055d|OZ308468.1:507322-508090  -            257 287                  -            238  4.6e-118  383.9   0.0   1   1  5.6e-118  5.6e-118  383.7   0.0     2   237     6   249     5   250 0.92 -
287at766_96496_0:0002ff|OZ308468.1:507322-508093   -            257 287                  -            238  4.6e-118  383.9   0.0   1   1  5.6e-118  5.6e-118  383.7   0.0     2   237     6   249     5   250 0.92 -
287at766_779_0:00037d|OZ308468.1:507337-508075     -            247 287                  -            238  5.8e-118  383.6   0.0   1   1  6.7e-118  6.7e-118  383.4   0.0     3   237     2   244     1   245 0.92 -
287at766_1359168_0:00027f|OZ308468.1:507322-508066 -            249 287                  -            238  7.7e-118  383.2   0.0   1   1  9.1e-118  9.1e-118  383.0   0.0     2   236     6   248     5   249 0.92 -
287at766_2115978_0:0000d4|OZ308468.1:507322-508066 -            249 287                  -            238  7.7e-118  383.2   0.0   1   1  9.1e-118  9.1e-118  383.0   0.0     2   236     6   248     5   249 0.92 -
287at766_334380_0:000017|OZ308468.1:507322-508066  -            249 287                  -            238  7.7e-118  383.2   0.0   1   1  9.1e-118  9.1e-118  383.0   0.0     2   236     6   248     5   249 0.92 -
287at766_752179_0:000103|OZ308468.1:507322-508066  -            249 287                  -            238  7.7e-118  383.2   0.0   1   1  9.1e-118  9.1e-118  383.0   0.0     2   236     6   248     5   249 0.92 -
287at766_696127_0:000266|OZ308468.1:507316-508066  -            251 287                  -            238    8e-118  383.1   0.0   1   1  9.4e-118  9.4e-118  382.9   0.0     2   236     8   250     7   251 0.92 -
287at766_222891_0:00023c|OZ308468.1:507340-508069  -            244 287                  -            238  8.9e-118  383.0   0.0   1   1    1e-117    1e-117  382.8   0.0     3   237     1   243     1   244 0.92 -
287at766_2486577_0:000225|OZ308468.1:507340-508072 -            245 287                  -            238  8.9e-118  383.0   0.0   1   1    1e-117    1e-117  382.8   0.0     3   237     1   243     1   244 0.92 -
287at766_1528098_0:0001f3|OZ308468.1:507343-508069 -            243 287                  -            238  2.1e-117  381.8   0.0   1   1  2.4e-117  2.4e-117  381.6   0.0     4   237     1   242     1   243 0.92 -
287at766_1802984_0:0000a9|OZ308468.1:507415-508057 -            215 287                  -            238  1.4e-111  362.7   0.0   1   1  1.5e-111  1.5e-111  362.6   0.0    25   234     6   215     1   215 0.96 -
287at766_1961830_0:00045e|OZ308468.1:507487-508069 -            195 287                  -            238  8.3e-111  360.2   0.0   1   1  9.2e-111  9.2e-111  360.0   0.0    44   237     1   194     1   195 0.99 -
287at766_1105107_0:0001c0|OZ308468.1:507487-508072 -            196 287                  -            238  8.4e-111  360.1   0.0   1   1  9.4e-111  9.4e-111  360.0   0.0    44   237     1   194     1   195 0.99 -
287at766_1274402_0:0000ce|OZ308468.1:507466-508057 -            198 287                  -            238  1.1e-110  359.7   0.0   1   1  1.3e-110  1.3e-110  359.6   0.0    39   234     3   198     1   198 0.99 -
#
# Program:         hmmsearch
# Version:         3.4 (Aug 2023)
# Pipeline mode:   SEARCH
# Query file:      /Users/rossoaa/Desktop/dummy/genomes/records/compleasm/mb_downloads/rickettsiales_odb12/hmms/287at766.hmm
# Target file:     -
# Option settings: /Users/rossoaa/miniconda3/envs/compleasm_env/bin/hmmsearch --domtblout /Users/rossoaa/Desktop/dummy/genomes/records/compleasm/rickettsiales_odb12/hmmer_output/287at766.out --cpu 1 /Users/rossoaa/Desktop/dummy/genomes/records/compleasm/mb_downloads/rickettsiales_odb12/hmms/287at766.hmm - 
# Current dir:     /Users/rossoaa/Desktop/dummy/genomes/records/compleasm
# Date:            Tue Feb 10 10:20:21 2026
# [ok]
