#                                                                                                         --- full sequence --- -------------- this domain -------------   hmm coord   ali coord   env coord
# target name                                     accession   tlen query name           accession   qlen   E-value  score  bias   #  of  c-Evalue  i-Evalue  score  bias  from    to  from    to  from    to  acc description of target
#                             ------------------- ---------- ----- -------------------- ---------- ----- --------- ------ ----- --- --- --------- --------- ------ ----- ----- ----- ----- ----- ----- ----- ---- ---------------------
28at766_1242993_0:0002a0|OZ308468.1:730871-731153 -             94 28                   -             91     5e-46  144.7   0.1   1   1   5.5e-46   5.5e-46  144.6   0.1     1    91     1    94     1    94 0.95 -
28at766_1286528_0:000114|OZ308468.1:730871-731153 -             94 28                   -             91     5e-46  144.7   0.1   1   1   5.5e-46   5.5e-46  144.6   0.1     1    91     1    94     1    94 0.95 -
28at766_1359163_0:000088|OZ308468.1:730871-731153 -             94 28                   -             91     5e-46  144.7   0.1   1   1   5.5e-46   5.5e-46  144.6   0.1     1    91     1    94     1    94 0.95 -
28at766_1423892_0:0002d0|OZ308468.1:730871-731153 -             94 28                   -             91     5e-46  144.7   0.1   1   1   5.5e-46   5.5e-46  144.6   0.1     1    91     1    94     1    94 0.95 -
28at766_1605993_0:0001e3|OZ308468.1:730871-731153 -             94 28                   -             91     5e-46  144.7   0.1   1   1   5.5e-46   5.5e-46  144.6   0.1     1    91     1    94     1    94 0.95 -
28at766_169402_0:0003b0|OZ308468.1:730871-731153  -             94 28                   -             91     5e-46  144.7   0.1   1   1   5.5e-46   5.5e-46  144.6   0.1     1    91     1    94     1    94 0.95 -
28at766_1714371_0:00013a|OZ308468.1:730871-731153 -             94 28                   -             91     5e-46  144.7   0.1   1   1   5.5e-46   5.5e-46  144.6   0.1     1    91     1    94     1    94 0.95 -
28at766_205920_0:000086|OZ308468.1:730871-731153  -             94 28                   -             91     5e-46  144.7   0.1   1   1   5.5e-46   5.5e-46  144.6   0.1     1    91     1    94     1    94 0.95 -
28at766_246273_0:00001e|OZ308468.1:730871-731153  -             94 28                   -             91     5e-46  144.7   0.1   1   1   5.5e-46   5.5e-46  144.6   0.1     1    91     1    94     1    94 0.95 -
28at766_779_0:000117|OZ308468.1:730871-731153     -             94 28                   -             91     5e-46  144.7   0.1   1   1   5.5e-46   5.5e-46  144.6   0.1     1    91     1    94     1    94 0.95 -
28at766_955_0:00030a|OZ308468.1:730871-731153     -             94 28                   -             91     5e-46  144.7   0.1   1   1   5.5e-46   5.5e-46  144.6   0.1     1    91     1    94     1    94 0.95 -
#
# Program:         hmmsearch
# Version:         3.4 (Aug 2023)
# Pipeline mode:   SEARCH
# Query file:      /Users/rossoaa/Desktop/dummy/genomes/records/compleasm/mb_downloads/rickettsiales_odb12/hmms/28at766.hmm
# Target file:     -
# Option settings: /Users/rossoaa/miniconda3/envs/compleasm_env/bin/hmmsearch --domtblout /Users/rossoaa/Desktop/dummy/genomes/records/compleasm/rickettsiales_odb12/hmmer_output/28at766.out --cpu 1 /Users/rossoaa/Desktop/dummy/genomes/records/compleasm/mb_downloads/rickettsiales_odb12/hmms/28at766.hmm - 
# Current dir:     /Users/rossoaa/Desktop/dummy/genomes/records/compleasm
# Date:            Tue Feb 10 10:20:22 2026
# [ok]
