#                                                                                                           --- full sequence --- -------------- this domain -------------   hmm coord   ali coord   env coord
# target name                                       accession   tlen query name           accession   qlen   E-value  score  bias   #  of  c-Evalue  i-Evalue  score  bias  from    to  from    to  from    to  acc description of target
#                               ------------------- ---------- ----- -------------------- ---------- ----- --------- ------ ----- --- --- --------- --------- ------ ----- ----- ----- ----- ----- ----- ----- ---- ---------------------
2907at766_1274402_0:00018b|OZ308468.1:922381-923311 -            310 2907                 -            306  3.6e-166  542.8   4.1   1   1    4e-166    4e-166  542.7   4.1     2   305     2   309     1   310 0.98 -
2907at766_1286528_0:000266|OZ308468.1:922381-923311 -            310 2907                 -            306  3.6e-166  542.8   4.1   1   1    4e-166    4e-166  542.7   4.1     2   305     2   309     1   310 0.98 -
2907at766_169402_0:00035b|OZ308468.1:922381-923311  -            310 2907                 -            306  3.6e-166  542.8   4.1   1   1    4e-166    4e-166  542.7   4.1     2   305     2   309     1   310 0.98 -
2907at766_1714371_0:000265|OZ308468.1:922381-923308 -            310 2907                 -            306  3.6e-166  542.8   4.1   1   1    4e-166    4e-166  542.7   4.1     2   305     2   309     1   310 0.98 -
2907at766_2115978_0:000111|OZ308468.1:922381-923311 -            310 2907                 -            306  3.6e-166  542.8   4.1   1   1    4e-166    4e-166  542.7   4.1     2   305     2   309     1   310 0.98 -
2907at766_222891_0:000151|OZ308468.1:922381-923308  -            310 2907                 -            306  3.6e-166  542.8   4.1   1   1    4e-166    4e-166  542.7   4.1     2   305     2   309     1   310 0.98 -
2907at766_434131_0:00018a|OZ308468.1:922381-923308  -            310 2907                 -            306  3.6e-166  542.8   4.1   1   1    4e-166    4e-166  542.7   4.1     2   305     2   309     1   310 0.98 -
2907at766_696127_0:0001de|OZ308468.1:922381-923311  -            310 2907                 -            306  3.6e-166  542.8   4.1   1   1    4e-166    4e-166  542.7   4.1     2   305     2   309     1   310 0.98 -
2907at766_955_0:0002ca|OZ308468.1:922381-923311     -            310 2907                 -            306  3.6e-166  542.8   4.1   1   1    4e-166    4e-166  542.7   4.1     2   305     2   309     1   310 0.98 -
2907at766_2486578_0:0004ea|OZ308468.1:922378-923311 -            311 2907                 -            306  3.6e-166  542.8   4.1   1   1  4.1e-166  4.1e-166  542.6   4.1     2   305     3   310     2   311 0.98 -
2907at766_2602574_0:000400|OZ308468.1:922378-923311 -            311 2907                 -            306  3.6e-166  542.8   4.1   1   1  4.1e-166  4.1e-166  542.6   4.1     2   305     3   310     2   311 0.98 -
2907at766_1105107_0:00031e|OZ308468.1:922375-923311 -            312 2907                 -            306  3.7e-166  542.8   4.1   1   1  4.1e-166  4.1e-166  542.6   4.1     2   305     4   311     3   312 0.98 -
2907at766_1961830_0:0001c3|OZ308468.1:922375-923311 -            312 2907                 -            306  3.7e-166  542.8   4.1   1   1  4.1e-166  4.1e-166  542.6   4.1     2   305     4   311     3   312 0.98 -
2907at766_272947_0:000074|OZ308468.1:922375-923311  -            312 2907                 -            306  3.7e-166  542.8   4.1   1   1  4.1e-166  4.1e-166  542.6   4.1     2   305     4   311     3   312 0.98 -
2907at766_336407_0:00035c|OZ308468.1:922375-923311  -            312 2907                 -            306  3.7e-166  542.8   4.1   1   1  4.1e-166  4.1e-166  542.6   4.1     2   305     4   311     3   312 0.98 -
2907at766_481009_0:000108|OZ308468.1:922375-923311  -            312 2907                 -            306  3.7e-166  542.8   4.1   1   1  4.1e-166  4.1e-166  542.6   4.1     2   305     4   311     3   312 0.98 -
2907at766_752179_0:00007c|OZ308468.1:922372-923311  -            313 2907                 -            306  3.7e-166  542.8   4.1   1   1  4.2e-166  4.2e-166  542.6   4.1     2   305     5   312     4   313 0.98 -
2907at766_1359163_0:000369|OZ308468.1:922369-923311 -            314 2907                 -            306  3.7e-166  542.8   4.1   1   1  4.2e-166  4.2e-166  542.6   4.1     2   305     6   313     5   314 0.98 -
2907at766_1605993_0:000186|OZ308468.1:922366-923311 -            315 2907                 -            306  3.8e-166  542.8   4.1   1   1  4.3e-166  4.3e-166  542.6   4.1     2   305     7   314     6   315 0.98 -
2907at766_246273_0:0002fd|OZ308468.1:922366-923308  -            315 2907                 -            306  3.8e-166  542.8   4.1   1   1  4.3e-166  4.3e-166  542.6   4.1     2   305     7   314     6   315 0.98 -
2907at766_96496_0:000006|OZ308468.1:922366-923308   -            315 2907                 -            306  3.8e-166  542.8   4.1   1   1  4.3e-166  4.3e-166  542.6   4.1     2   305     7   314     6   315 0.98 -
2907at766_1802984_0:000090|OZ308468.1:922381-923305 -            309 2907                 -            306  6.6e-166  542.0   4.2   1   1  7.4e-166  7.4e-166  541.8   4.2     2   305     2   309     1   309 0.98 -
2907at766_86105_0:00010b|OZ308468.1:922381-923305   -            309 2907                 -            306  6.6e-166  542.0   4.2   1   1  7.4e-166  7.4e-166  541.8   4.2     2   305     2   309     1   309 0.98 -
2907at766_1423892_0:000031|OZ308468.1:922369-923305 -            313 2907                 -            306  6.8e-166  541.9   4.2   1   1  7.7e-166  7.7e-166  541.7   4.2     2   305     6   313     5   313 0.98 -
2907at766_1528098_0:000391|OZ308468.1:922369-923305 -            313 2907                 -            306  6.8e-166  541.9   4.2   1   1  7.7e-166  7.7e-166  541.7   4.2     2   305     6   313     5   313 0.98 -
2907at766_205920_0:0002b2|OZ308468.1:922369-923305  -            313 2907                 -            306  6.8e-166  541.9   4.2   1   1  7.7e-166  7.7e-166  541.7   4.2     2   305     6   313     5   313 0.98 -
2907at766_574556_0:0001e6|OZ308468.1:922369-923305  -            313 2907                 -            306  6.8e-166  541.9   4.2   1   1  7.7e-166  7.7e-166  541.7   4.2     2   305     6   313     5   313 0.98 -
2907at766_1392507_0:0002c9|OZ308468.1:922363-923305 -            315 2907                 -            306    7e-166  541.9   4.2   1   1  7.9e-166  7.9e-166  541.7   4.2     2   305     8   315     7   315 0.98 -
2907at766_391036_0:0001b9|OZ308468.1:922363-923305  -            315 2907                 -            306    7e-166  541.9   4.2   1   1  7.9e-166  7.9e-166  541.7   4.2     2   305     8   315     7   315 0.98 -
2907at766_779_0:0000b2|OZ308468.1:922363-923305     -            315 2907                 -            306    7e-166  541.9   4.2   1   1  7.9e-166  7.9e-166  541.7   4.2     2   305     8   315     7   315 0.98 -
2907at766_142058_0:000187|OZ308468.1:922357-923305  -            317 2907                 -            306  7.2e-166  541.9   4.2   1   1  8.1e-166  8.1e-166  541.7   4.2     2   305    10   317     9   317 0.98 -
2907at766_1242993_0:000370|OZ308468.1:922384-923305 -            308 2907                 -            306  1.2e-165  541.1   4.4   1   1  1.3e-165  1.3e-165  541.0   4.4     3   305     2   308     1   308 0.98 -
2907at766_2486577_0:0000a1|OZ308468.1:922387-923311 -            308 2907                 -            306  1.2e-165  541.1   4.4   1   1  1.3e-165  1.3e-165  541.0   4.4     3   305     1   307     1   308 0.98 -
2907at766_1359168_0:0002ed|OZ308468.1:922393-923308 -            306 2907                 -            306    1e-164  538.1   4.2   1   1  1.1e-164  1.1e-164  537.9   4.2     5   305     1   305     1   306 0.98 -
2907at766_334380_0:000400|OZ308468.1:922393-923308  -            306 2907                 -            306    1e-164  538.1   4.2   1   1  1.1e-164  1.1e-164  537.9   4.2     5   305     1   305     1   306 0.98 -
2907at766_1248439_0:00012b|OZ308468.1:922402-923305 -            302 2907                 -            306    2e-162  530.6   4.2   1   1  2.2e-162  2.2e-162  530.4   4.2     8   305     1   302     1   302 0.98 -
#
# Program:         hmmsearch
# Version:         3.4 (Aug 2023)
# Pipeline mode:   SEARCH
# Query file:      /Users/rossoaa/Desktop/dummy/genomes/records/compleasm/mb_downloads/rickettsiales_odb12/hmms/2907at766.hmm
# Target file:     -
# Option settings: /Users/rossoaa/miniconda3/envs/compleasm_env/bin/hmmsearch --domtblout /Users/rossoaa/Desktop/dummy/genomes/records/compleasm/rickettsiales_odb12/hmmer_output/2907at766.out --cpu 1 /Users/rossoaa/Desktop/dummy/genomes/records/compleasm/mb_downloads/rickettsiales_odb12/hmms/2907at766.hmm - 
# Current dir:     /Users/rossoaa/Desktop/dummy/genomes/records/compleasm
# Date:            Tue Feb 10 10:20:24 2026
# [ok]
