#                                                                                                          --- full sequence --- -------------- this domain -------------   hmm coord   ali coord   env coord
# target name                                      accession   tlen query name           accession   qlen   E-value  score  bias   #  of  c-Evalue  i-Evalue  score  bias  from    to  from    to  from    to  acc description of target
#                              ------------------- ---------- ----- -------------------- ---------- ----- --------- ------ ----- --- --- --------- --------- ------ ----- ----- ----- ----- ----- ----- ----- ---- ---------------------
294at766_1605993_0:00026b|OZ308468.1:639142-641761 -            873 294                  -            816         0 1384.8   0.1   1   1         0         0 1384.5   0.1     8   815    17   872     9   873 0.94 -
294at766_246273_0:000173|OZ308468.1:639142-641761  -            873 294                  -            816         0 1384.8   0.1   1   1         0         0 1384.5   0.1     8   815    17   872     9   873 0.94 -
294at766_1105107_0:000040|OZ308468.1:639172-641758 -            863 294                  -            816         0 1384.7   0.0   1   1         0         0 1384.3   0.0     8   815     7   862     4   863 0.94 -
294at766_272947_0:00003f|OZ308468.1:639172-641758  -            863 294                  -            816         0 1384.7   0.0   1   1         0         0 1384.3   0.0     8   815     7   862     4   863 0.94 -
294at766_481009_0:000355|OZ308468.1:639172-641758  -            863 294                  -            816         0 1384.7   0.0   1   1         0         0 1384.3   0.0     8   815     7   862     4   863 0.94 -
294at766_1359163_0:0001f1|OZ308468.1:639148-641755 -            870 294                  -            816         0 1384.4   0.1   1   1         0         0 1384.0   0.1     8   814    15   869     7   870 0.94 -
294at766_391036_0:0002b5|OZ308468.1:639148-641755  -            870 294                  -            816         0 1384.4   0.1   1   1         0         0 1384.0   0.1     8   814    15   869     7   870 0.94 -
294at766_779_0:000353|OZ308468.1:639148-641755     -            870 294                  -            816         0 1384.4   0.1   1   1         0         0 1384.0   0.1     8   814    15   869     7   870 0.94 -
294at766_1242993_0:000077|OZ308468.1:639136-641755 -            874 294                  -            816         0 1384.3   0.1   1   1         0         0 1384.0   0.1     8   814    19   873    11   874 0.94 -
294at766_1423892_0:000317|OZ308468.1:639136-641755 -            874 294                  -            816         0 1384.3   0.1   1   1         0         0 1384.0   0.1     8   814    19   873    11   874 0.94 -
294at766_205920_0:00033b|OZ308468.1:639136-641755  -            874 294                  -            816         0 1384.3   0.1   1   1         0         0 1384.0   0.1     8   814    19   873    11   874 0.94 -
294at766_2115978_0:0002a5|OZ308468.1:639136-641755 -            874 294                  -            816         0 1384.3   0.1   1   1         0         0 1384.0   0.1     8   814    19   873    11   874 0.94 -
294at766_1248439_0:0002a3|OZ308468.1:639148-641752 -            869 294                  -            816         0 1383.8   0.1   1   1         0         0 1383.4   0.1     8   813    15   868     7   869 0.94 -
294at766_1392507_0:0002f4|OZ308468.1:639148-641752 -            869 294                  -            816         0 1383.8   0.1   1   1         0         0 1383.4   0.1     8   813    15   868     7   869 0.94 -
294at766_142058_0:00035f|OZ308468.1:639148-641752  -            869 294                  -            816         0 1383.8   0.1   1   1         0         0 1383.4   0.1     8   813    15   868     7   869 0.94 -
294at766_1528098_0:0002a3|OZ308468.1:639148-641752 -            869 294                  -            816         0 1383.8   0.1   1   1         0         0 1383.4   0.1     8   813    15   868     7   869 0.94 -
294at766_574556_0:000218|OZ308468.1:639148-641752  -            869 294                  -            816         0 1383.8   0.1   1   1         0         0 1383.4   0.1     8   813    15   868     7   869 0.94 -
294at766_86105_0:00046d|OZ308468.1:639148-641752   -            869 294                  -            816         0 1383.8   0.1   1   1         0         0 1383.4   0.1     8   813    15   868     7   869 0.94 -
294at766_169402_0:00045a|OZ308468.1:639142-641752  -            871 294                  -            816         0 1383.8   0.1   1   1         0         0 1383.4   0.1     8   813    17   870     9   871 0.94 -
294at766_2602574_0:000367|OZ308468.1:639142-641752 -            871 294                  -            816         0 1383.8   0.1   1   1         0         0 1383.4   0.1     8   813    17   870     9   871 0.94 -
294at766_955_0:000205|OZ308468.1:639142-641752     -            871 294                  -            816         0 1383.8   0.1   1   1         0         0 1383.4   0.1     8   813    17   870     9   871 0.94 -
294at766_96496_0:0001c0|OZ308468.1:639142-641752   -            871 294                  -            816         0 1383.8   0.1   1   1         0         0 1383.4   0.1     8   813    17   870     9   871 0.94 -
294at766_336407_0:00017d|OZ308468.1:639139-641752  -            872 294                  -            816         0 1383.8   0.1   1   1         0         0 1383.4   0.1     8   813    18   871    10   872 0.94 -
294at766_752179_0:0002cc|OZ308468.1:639136-641752  -            873 294                  -            816         0 1383.8   0.1   1   1         0         0 1383.4   0.1     8   813    19   872    11   873 0.94 -
294at766_696127_0:00042c|OZ308468.1:635442-641752  -            877 294                  -            816         0 1383.7   0.1   1   1         0         0 1383.4   0.1     8   813    23   876    15   877 0.94 -
294at766_1961830_0:000520|OZ308468.1:639172-641752 -            861 294                  -            816         0 1383.7   0.0   1   1         0         0 1383.3   0.0     8   813     7   860     4   861 0.94 -
294at766_2486578_0:000452|OZ308468.1:639175-641752 -            860 294                  -            816         0 1383.6   0.0   1   1         0         0 1383.2   0.0     8   813     6   859     4   860 0.94 -
294at766_1714371_0:000178|OZ308468.1:639196-641752 -            853 294                  -            816         0 1381.2   0.1   1   1         0         0 1380.9   0.1    16   813    12   852     1   853 0.94 -
294at766_222891_0:00017f|OZ308468.1:639196-641752  -            853 294                  -            816         0 1381.2   0.1   1   1         0         0 1380.9   0.1    16   813    12   852     1   853 0.94 -
294at766_434131_0:00012f|OZ308468.1:639196-641752  -            853 294                  -            816         0 1381.2   0.1   1   1         0         0 1380.9   0.1    16   813    12   852     1   853 0.94 -
294at766_1286528_0:000025|OZ308468.1:639205-641752 -            850 294                  -            816         0 1380.6   0.0   1   1         0         0 1380.2   0.0    16   813     9   849     7   850 0.94 -
#
# Program:         hmmsearch
# Version:         3.4 (Aug 2023)
# Pipeline mode:   SEARCH
# Query file:      /Users/rossoaa/Desktop/dummy/genomes/records/compleasm/mb_downloads/rickettsiales_odb12/hmms/294at766.hmm
# Target file:     -
# Option settings: /Users/rossoaa/miniconda3/envs/compleasm_env/bin/hmmsearch --domtblout /Users/rossoaa/Desktop/dummy/genomes/records/compleasm/rickettsiales_odb12/hmmer_output/294at766.out --cpu 1 /Users/rossoaa/Desktop/dummy/genomes/records/compleasm/mb_downloads/rickettsiales_odb12/hmms/294at766.hmm - 
# Current dir:     /Users/rossoaa/Desktop/dummy/genomes/records/compleasm
# Date:            Tue Feb 10 10:20:23 2026
# [ok]
