#                                                                                                           --- full sequence --- -------------- this domain -------------   hmm coord   ali coord   env coord
# target name                                       accession   tlen query name           accession   qlen   E-value  score  bias   #  of  c-Evalue  i-Evalue  score  bias  from    to  from    to  from    to  acc description of target
#                               ------------------- ---------- ----- -------------------- ---------- ----- --------- ------ ----- --- --- --------- --------- ------ ----- ----- ----- ----- ----- ----- ----- ---- ---------------------
2985at766_955_0:0000f5|OZ308468.1:963481-964267     -            263 2985                 -            234   2.6e-78  252.4   1.7   1   1   3.7e-78   3.7e-78  251.9   1.7     2   229     3   254     2   258 0.86 -
2985at766_96496_0:0001c7|OZ308468.1:963481-964267   -            263 2985                 -            234   2.6e-78  252.4   1.7   1   1   3.7e-78   3.7e-78  251.9   1.7     2   229     3   254     2   258 0.86 -
2985at766_336407_0:0003a7|OZ308468.1:963481-964264  -            262 2985                 -            234   2.6e-78  252.4   1.7   1   1   3.7e-78   3.7e-78  251.9   1.7     2   229     2   253     1   257 0.86 -
2985at766_481009_0:0001bd|OZ308468.1:963481-964264  -            262 2985                 -            234   2.6e-78  252.4   1.7   1   1   3.7e-78   3.7e-78  251.9   1.7     2   229     2   253     1   257 0.86 -
2985at766_1605993_0:000000|OZ308468.1:963472-964267 -            265 2985                 -            234   2.6e-78  252.4   1.7   1   1   3.9e-78   3.9e-78  251.9   1.7     2   229     3   254     2   258 0.86 -
2985at766_169402_0:0003ae|OZ308468.1:963472-964267  -            265 2985                 -            234   2.6e-78  252.4   1.7   1   1   3.9e-78   3.9e-78  251.9   1.7     2   229     3   254     2   258 0.86 -
2985at766_246273_0:0003c2|OZ308468.1:963472-964267  -            265 2985                 -            234   2.6e-78  252.4   1.7   1   1   3.9e-78   3.9e-78  251.9   1.7     2   229     3   254     2   258 0.86 -
2985at766_1242993_0:0001ce|OZ308468.1:963472-964270 -            266 2985                 -            234   2.7e-78  252.4   1.7   1   1   3.9e-78   3.9e-78  251.8   1.7     2   229     4   255     3   259 0.86 -
2985at766_1423892_0:00024c|OZ308468.1:963472-964270 -            266 2985                 -            234   2.7e-78  252.4   1.7   1   1   3.9e-78   3.9e-78  251.8   1.7     2   229     4   255     3   259 0.86 -
2985at766_391036_0:000247|OZ308468.1:963472-964270  -            266 2985                 -            234   2.7e-78  252.4   1.7   1   1   3.9e-78   3.9e-78  251.8   1.7     2   229     4   255     3   259 0.86 -
2985at766_779_0:000154|OZ308468.1:963472-964270     -            266 2985                 -            234   2.7e-78  252.4   1.7   1   1   3.9e-78   3.9e-78  251.8   1.7     2   229     4   255     3   259 0.86 -
2985at766_334380_0:00017b|OZ308468.1:963499-964270  -            258 2985                 -            234   3.4e-78  252.0   2.0   1   1   4.8e-78   4.8e-78  251.5   2.0     2   229     4   255     3   258 0.86 -
2985at766_1359163_0:00009a|OZ308468.1:963517-964267 -            251 2985                 -            234   1.8e-77  249.7   1.9   1   1   2.6e-77   2.6e-77  249.2   1.9     2   225     3   250     2   251 0.86 -
2985at766_222891_0:0001e0|OZ308468.1:963529-964231  -            235 2985                 -            234   1.1e-72  234.1   2.5   1   1   1.5e-72   1.5e-72  233.6   2.5    12   222     1   235     1   235 0.85 -
2985at766_1274402_0:00013a|OZ308468.1:963544-964246 -            235 2985                 -            234   2.5e-72  232.8   2.8   1   1   3.6e-72   3.6e-72  232.3   2.8     7   217     1   235     1   235 0.85 -
2985at766_696127_0:0003b0|OZ308468.1:963571-964261  -            231 2985                 -            234   4.3e-71  228.8   2.7   1   1   5.9e-71   5.9e-71  228.4   2.7     2   196     1   215     1   231 0.84 -
2985at766_2486577_0:000185|OZ308468.1:963637-964267 -            211 2985                 -            234   3.2e-69  222.7   4.8   1   1   4.7e-69   4.7e-69  222.1   4.8     2   190     3   211     2   211 0.87 -
#
# Program:         hmmsearch
# Version:         3.4 (Aug 2023)
# Pipeline mode:   SEARCH
# Query file:      /Users/rossoaa/Desktop/dummy/genomes/records/compleasm/mb_downloads/rickettsiales_odb12/hmms/2985at766.hmm
# Target file:     -
# Option settings: /Users/rossoaa/miniconda3/envs/compleasm_env/bin/hmmsearch --domtblout /Users/rossoaa/Desktop/dummy/genomes/records/compleasm/rickettsiales_odb12/hmmer_output/2985at766.out --cpu 1 /Users/rossoaa/Desktop/dummy/genomes/records/compleasm/mb_downloads/rickettsiales_odb12/hmms/2985at766.hmm - 
# Current dir:     /Users/rossoaa/Desktop/dummy/genomes/records/compleasm
# Date:            Tue Feb 10 10:20:23 2026
# [ok]
