#                                                                                                          --- full sequence --- -------------- this domain -------------   hmm coord   ali coord   env coord
# target name                                      accession   tlen query name           accession   qlen   E-value  score  bias   #  of  c-Evalue  i-Evalue  score  bias  from    to  from    to  from    to  acc description of target
#                              ------------------- ---------- ----- -------------------- ---------- ----- --------- ------ ----- --- --- --------- --------- ------ ----- ----- ----- ----- ----- ----- ----- ---- ---------------------
2at766_1286528_0:000118|OZ308468.1:1017306-1017735 -            143 2                    -            138   9.9e-68  216.8  10.3   1   1   1.1e-67   1.1e-67  216.7  10.3     2   137     2   141     1   142 0.96 -
2at766_955_0:0002ce|OZ308468.1:1017312-1017741     -            144 2                    -            138     1e-67  216.8  10.3   1   1   1.1e-67   1.1e-67  216.6  10.3     2   137     4   143     3   144 0.96 -
2at766_1605993_0:000360|OZ308468.1:1017306-1017741 -            145 2                    -            138     1e-67  216.8  10.3   1   1   1.2e-67   1.2e-67  216.6  10.3     2   137     4   143     3   144 0.96 -
2at766_169402_0:000255|OZ308468.1:1017306-1017741  -            145 2                    -            138     1e-67  216.8  10.3   1   1   1.2e-67   1.2e-67  216.6  10.3     2   137     4   143     3   144 0.96 -
2at766_246273_0:000235|OZ308468.1:1017306-1017741  -            145 2                    -            138     1e-67  216.8  10.3   1   1   1.2e-67   1.2e-67  216.6  10.3     2   137     4   143     3   144 0.96 -
2at766_96496_0:000080|OZ308468.1:1017306-1017741   -            145 2                    -            138     1e-67  216.8  10.3   1   1   1.2e-67   1.2e-67  216.6  10.3     2   137     4   143     3   144 0.96 -
2at766_1392507_0:000187|OZ308468.1:1017315-1017741 -            143 2                    -            138   1.1e-67  216.7   9.9   1   1   1.2e-67   1.2e-67  216.6   9.9     2   136     4   142     3   143 0.96 -
2at766_1242993_0:00015c|OZ308468.1:1017309-1017747 -            147 2                    -            138   1.1e-67  216.7  10.3   1   1   1.2e-67   1.2e-67  216.5  10.3     2   137     6   145     5   146 0.96 -
2at766_1423892_0:0001dd|OZ308468.1:1017309-1017747 -            147 2                    -            138   1.1e-67  216.7  10.3   1   1   1.2e-67   1.2e-67  216.5  10.3     2   137     6   145     5   146 0.96 -
2at766_205920_0:000196|OZ308468.1:1017309-1017747  -            147 2                    -            138   1.1e-67  216.7  10.3   1   1   1.2e-67   1.2e-67  216.5  10.3     2   137     6   145     5   146 0.96 -
2at766_779_0:000144|OZ308468.1:1017309-1017747     -            147 2                    -            138   1.1e-67  216.7  10.3   1   1   1.2e-67   1.2e-67  216.5  10.3     2   137     6   145     5   146 0.96 -
2at766_1359163_0:0000bd|OZ308468.1:1017315-1017747 -            145 2                    -            138   1.1e-67  216.7   9.9   1   1   1.3e-67   1.3e-67  216.5   9.9     2   136     6   144     5   145 0.96 -
2at766_1359168_0:000221|OZ308468.1:1017306-1017774 -            156 2                    -            138   1.3e-67  216.4  10.3   1   1   1.6e-67   1.6e-67  216.2  10.3     2   137    15   154    14   155 0.96 -
2at766_1528098_0:0002b4|OZ308468.1:1017321-1017735 -            139 2                    -            138   2.4e-67  215.6   9.9   1   1   2.7e-67   2.7e-67  215.4   9.9     2   134     2   138     1   139 0.96 -
2at766_391036_0:000268|OZ308468.1:1017309-1017729  -            141 2                    -            138   2.6e-67  215.5   9.9   1   1   2.9e-67   2.9e-67  215.3   9.9     3   137     1   139     1   140 0.96 -
2at766_1961830_0:000317|OZ308468.1:1017321-1017753 -            145 2                    -            138   2.7e-67  215.4   9.9   1   1   3.2e-67   3.2e-67  215.2   9.9     2   134     8   144     7   145 0.96 -
2at766_1248439_0:0000ce|OZ308468.1:1017324-1017741 -            140 2                    -            138   4.5e-67  214.7   9.9   1   1   5.2e-67   5.2e-67  214.5   9.9     2   134     4   140     3   140 0.96 -
2at766_142058_0:000253|OZ308468.1:1017324-1017741  -            140 2                    -            138   4.5e-67  214.7   9.9   1   1   5.2e-67   5.2e-67  214.5   9.9     2   134     4   140     3   140 0.96 -
2at766_574556_0:0002e1|OZ308468.1:1017324-1017741  -            140 2                    -            138   4.5e-67  214.7   9.9   1   1   5.2e-67   5.2e-67  214.5   9.9     2   134     4   140     3   140 0.96 -
2at766_2602574_0:00035f|OZ308468.1:1017309-1017726 -            140 2                    -            138   5.5e-67  214.4  10.0   1   1   6.2e-67   6.2e-67  214.3  10.0     4   137     1   138     1   139 0.96 -
2at766_334380_0:000080|OZ308468.1:1017306-1017726  -            140 2                    -            138   5.5e-67  214.4  10.0   1   1   6.2e-67   6.2e-67  214.3  10.0     4   137     1   138     1   139 0.96 -
2at766_272947_0:0000a5|OZ308468.1:1017327-1017738  -            138 2                    -            138   9.7e-67  213.6   9.7   1   1   1.1e-66   1.1e-66  213.4   9.7     2   133     3   138     2   138 0.96 -
2at766_336407_0:000165|OZ308468.1:1017327-1017747  -            141 2                    -            138     1e-66  213.5   9.7   1   1   1.2e-66   1.2e-66  213.3   9.7     2   133     6   141     5   141 0.96 -
2at766_696127_0:0002f5|OZ308468.1:1017315-1017720  -            136 2                    -            138   2.8e-66  212.1   9.5   1   1   3.1e-66   3.1e-66  212.0   9.5     6   136     1   135     1   136 0.96 -
#
# Program:         hmmsearch
# Version:         3.4 (Aug 2023)
# Pipeline mode:   SEARCH
# Query file:      /Users/rossoaa/Desktop/dummy/genomes/records/compleasm/mb_downloads/rickettsiales_odb12/hmms/2at766.hmm
# Target file:     -
# Option settings: /Users/rossoaa/miniconda3/envs/compleasm_env/bin/hmmsearch --domtblout /Users/rossoaa/Desktop/dummy/genomes/records/compleasm/rickettsiales_odb12/hmmer_output/2at766.out --cpu 1 /Users/rossoaa/Desktop/dummy/genomes/records/compleasm/mb_downloads/rickettsiales_odb12/hmms/2at766.hmm - 
# Current dir:     /Users/rossoaa/Desktop/dummy/genomes/records/compleasm
# Date:            Tue Feb 10 10:20:24 2026
# [ok]
