#                                                                                                           --- full sequence --- -------------- this domain -------------   hmm coord   ali coord   env coord
# target name                                       accession   tlen query name           accession   qlen   E-value  score  bias   #  of  c-Evalue  i-Evalue  score  bias  from    to  from    to  from    to  acc description of target
#                               ------------------- ---------- ----- -------------------- ---------- ----- --------- ------ ----- --- --- --------- --------- ------ ----- ----- ----- ----- ----- ----- ----- ---- ---------------------
3030at766_1961830_0:00051b|OZ308468.1:604002-604857 -            286 3030                 -            279  5.1e-133  433.4   7.0   1   1    6e-133    6e-133  433.2   7.0     4   278     7   284     4   285 0.98 -
3030at766_955_0:000346|OZ308468.1:603999-604857     -            286 3030                 -            279  5.1e-133  433.4   7.0   1   1    6e-133    6e-133  433.2   7.0     4   278     7   284     4   285 0.98 -
3030at766_752179_0:00011a|OZ308468.1:604002-604866  -            289 3030                 -            279  5.2e-133  433.4   7.0   1   1  6.2e-133  6.2e-133  433.1   7.0     4   278    10   287     7   288 0.98 -
3030at766_1605993_0:0000a7|OZ308468.1:603999-604869 -            290 3030                 -            279  5.3e-133  433.3   7.0   1   1  6.3e-133  6.3e-133  433.1   7.0     4   278    11   288     8   289 0.98 -
3030at766_169402_0:000330|OZ308468.1:604002-604869  -            290 3030                 -            279  5.3e-133  433.3   7.0   1   1  6.3e-133  6.3e-133  433.1   7.0     4   278    11   288     8   289 0.98 -
3030at766_2115978_0:0001cc|OZ308468.1:604002-604869 -            290 3030                 -            279  5.3e-133  433.3   7.0   1   1  6.3e-133  6.3e-133  433.1   7.0     4   278    11   288     8   289 0.98 -
3030at766_246273_0:000287|OZ308468.1:603999-604869  -            290 3030                 -            279  5.3e-133  433.3   7.0   1   1  6.3e-133  6.3e-133  433.1   7.0     4   278    11   288     8   289 0.98 -
3030at766_96496_0:000208|OZ308468.1:603999-604869   -            290 3030                 -            279  5.3e-133  433.3   7.0   1   1  6.3e-133  6.3e-133  433.1   7.0     4   278    11   288     8   289 0.98 -
3030at766_1248439_0:00036d|OZ308468.1:604008-604851 -            282 3030                 -            279  1.4e-132  431.9   7.8   1   1  1.8e-132  1.8e-132  431.6   7.8     4   277     5   281     3   282 0.98 -
3030at766_1528098_0:00036c|OZ308468.1:604008-604854 -            283 3030                 -            279  1.7e-132  431.7   8.0   1   1  1.9e-132  1.9e-132  431.5   8.0     4   277     6   282     3   283 0.98 -
3030at766_142058_0:000305|OZ308468.1:604008-604863  -            286 3030                 -            279  1.7e-132  431.7   8.0   1   1    2e-132    2e-132  431.4   8.0     4   277     9   285     6   286 0.98 -
3030at766_1359163_0:0001ea|OZ308468.1:604008-604869 -            288 3030                 -            279  1.7e-132  431.6   8.0   1   1  2.1e-132  2.1e-132  431.4   8.0     4   277    11   287     8   288 0.98 -
3030at766_205920_0:000288|OZ308468.1:604008-604869  -            288 3030                 -            279  1.7e-132  431.6   8.0   1   1  2.1e-132  2.1e-132  431.4   8.0     4   277    11   287     8   288 0.98 -
3030at766_86105_0:000267|OZ308468.1:604008-604869   -            288 3030                 -            279  1.7e-132  431.6   8.0   1   1  2.1e-132  2.1e-132  431.4   8.0     4   277    11   287     8   288 0.98 -
3030at766_1392507_0:0002db|OZ308468.1:604008-604872 -            289 3030                 -            279  1.8e-132  431.6   8.0   1   1  2.1e-132  2.1e-132  431.4   8.0     4   277    12   288     9   289 0.98 -
3030at766_1423892_0:0002f9|OZ308468.1:604008-604872 -            289 3030                 -            279  1.8e-132  431.6   8.0   1   1  2.1e-132  2.1e-132  431.4   8.0     4   277    12   288     9   289 0.98 -
3030at766_391036_0:0001bb|OZ308468.1:604008-604872  -            289 3030                 -            279  1.8e-132  431.6   8.0   1   1  2.1e-132  2.1e-132  431.4   8.0     4   277    12   288     9   289 0.98 -
3030at766_779_0:0000d5|OZ308468.1:604008-604872     -            289 3030                 -            279  1.8e-132  431.6   8.0   1   1  2.1e-132  2.1e-132  431.4   8.0     4   277    12   288     9   289 0.98 -
3030at766_1105107_0:000247|OZ308468.1:604011-604851 -            281 3030                 -            279  3.5e-132  430.6   8.4   1   1  4.3e-132  4.3e-132  430.3   8.4     4   277     5   281     3   281 0.98 -
3030at766_272947_0:000196|OZ308468.1:604011-604851  -            281 3030                 -            279  3.5e-132  430.6   8.4   1   1  4.3e-132  4.3e-132  430.3   8.4     4   277     5   281     3   281 0.98 -
3030at766_481009_0:0001f0|OZ308468.1:604011-604851  -            281 3030                 -            279  3.5e-132  430.6   8.4   1   1  4.3e-132  4.3e-132  430.3   8.4     4   277     5   281     3   281 0.98 -
3030at766_336407_0:0001c4|OZ308468.1:604011-604857  -            283 3030                 -            279  4.1e-132  430.4   8.6   1   1  4.8e-132  4.8e-132  430.2   8.6     4   277     7   283     4   283 0.98 -
3030at766_1359168_0:0002ee|OZ308468.1:604011-604863 -            285 3030                 -            279  4.1e-132  430.4   8.6   1   1  4.9e-132  4.9e-132  430.2   8.6     4   277     9   285     6   285 0.98 -
3030at766_334380_0:000111|OZ308468.1:604011-604863  -            285 3030                 -            279  4.1e-132  430.4   8.6   1   1  4.9e-132  4.9e-132  430.2   8.6     4   277     9   285     6   285 0.98 -
3030at766_1274402_0:00000a|OZ308468.1:604011-604869 -            287 3030                 -            279  4.2e-132  430.4   8.6   1   1    5e-132    5e-132  430.1   8.6     4   277    11   287     8   287 0.98 -
3030at766_1286528_0:00025d|OZ308468.1:604014-604857 -            282 3030                 -            279  9.4e-132  429.2   8.3   1   1  1.1e-131  1.1e-131  429.0   8.3     4   276     7   282     4   282 0.98 -
3030at766_1714371_0:0000e9|OZ308468.1:604014-604857 -            282 3030                 -            279  9.4e-132  429.2   8.3   1   1  1.1e-131  1.1e-131  429.0   8.3     4   276     7   282     4   282 0.98 -
3030at766_434131_0:00020d|OZ308468.1:604014-604857  -            282 3030                 -            279  9.4e-132  429.2   8.3   1   1  1.1e-131  1.1e-131  429.0   8.3     4   276     7   282     4   282 0.98 -
3030at766_2486578_0:000546|OZ308468.1:604014-604872 -            287 3030                 -            279  9.9e-132  429.2   8.3   1   1  1.2e-131  1.2e-131  428.9   8.3     4   276    12   287     9   287 0.98 -
3030at766_2486577_0:000018|OZ308468.1:604011-604836 -            276 3030                 -            279    1e-131  429.2   8.3   1   1  1.1e-131  1.1e-131  429.0   8.3     5   277     1   276     1   276 0.98 -
3030at766_574556_0:000239|OZ308468.1:604008-604830  -            275 3030                 -            279  1.3e-131  428.8   7.5   1   1  1.4e-131  1.4e-131  428.7   7.5     8   277     2   274     1   275 0.98 -
3030at766_222891_0:0000b5|OZ308468.1:604014-604836  -            275 3030                 -            279  2.3e-131  428.0   8.0   1   1  2.5e-131  2.5e-131  427.8   8.0     5   276     1   275     1   275 0.98 -
#
# Program:         hmmsearch
# Version:         3.4 (Aug 2023)
# Pipeline mode:   SEARCH
# Query file:      /Users/rossoaa/Desktop/dummy/genomes/records/compleasm/mb_downloads/rickettsiales_odb12/hmms/3030at766.hmm
# Target file:     -
# Option settings: /Users/rossoaa/miniconda3/envs/compleasm_env/bin/hmmsearch --domtblout /Users/rossoaa/Desktop/dummy/genomes/records/compleasm/rickettsiales_odb12/hmmer_output/3030at766.out --cpu 1 /Users/rossoaa/Desktop/dummy/genomes/records/compleasm/mb_downloads/rickettsiales_odb12/hmms/3030at766.hmm - 
# Current dir:     /Users/rossoaa/Desktop/dummy/genomes/records/compleasm
# Date:            Tue Feb 10 10:20:22 2026
# [ok]
