#                                                                                                         --- full sequence --- -------------- this domain -------------   hmm coord   ali coord   env coord
# target name                                     accession   tlen query name           accession   qlen   E-value  score  bias   #  of  c-Evalue  i-Evalue  score  bias  from    to  from    to  from    to  acc description of target
#                             ------------------- ---------- ----- -------------------- ---------- ----- --------- ------ ----- --- --- --------- --------- ------ ----- ----- ----- ----- ----- ----- ----- ---- ---------------------
3033at766_96496_0:000146|OZ308468.1:56694-57237   -            182 3033                 -            191   2.8e-74  237.7   8.6   1   1   3.1e-74   3.1e-74  237.6   8.6     8   190     5   180     1   181 0.95 -
3033at766_246273_0:000065|OZ308468.1:56685-57237  -            185 3033                 -            191     3e-74  237.6   8.6   1   1   3.3e-74   3.3e-74  237.5   8.6     8   190     5   180     1   181 0.95 -
3033at766_86105_0:000341|OZ308468.1:56694-57243   -            184 3033                 -            191     3e-74  237.6   9.1   1   1   3.3e-74   3.3e-74  237.5   9.1     7   190     6   182     1   183 0.95 -
3033at766_1605993_0:0000c7|OZ308468.1:56679-57237 -            186 3033                 -            191     3e-74  237.6   8.6   1   1   3.4e-74   3.4e-74  237.4   8.6     8   190     5   180     1   181 0.95 -
3033at766_169402_0:00037c|OZ308468.1:56700-57237  -            180 3033                 -            191   3.6e-74  237.3   8.6   1   1     4e-74     4e-74  237.2   8.6     8   190     5   180     1   180 0.95 -
3033at766_955_0:0001cf|OZ308468.1:56682-57228     -            183 3033                 -            191   6.6e-74  236.5   8.5   1   1   7.4e-74   7.4e-74  236.3   8.5     8   190     2   177     1   178 0.96 -
3033at766_2486578_0:00058d|OZ308468.1:56703-57252 -            184 3033                 -            191   8.6e-74  236.1   9.2   1   1   9.9e-74   9.9e-74  235.9   9.2     7   189     9   184     3   184 0.95 -
#
# Program:         hmmsearch
# Version:         3.4 (Aug 2023)
# Pipeline mode:   SEARCH
# Query file:      /Users/rossoaa/Desktop/dummy/genomes/records/compleasm/mb_downloads/rickettsiales_odb12/hmms/3033at766.hmm
# Target file:     -
# Option settings: /Users/rossoaa/miniconda3/envs/compleasm_env/bin/hmmsearch --domtblout /Users/rossoaa/Desktop/dummy/genomes/records/compleasm/rickettsiales_odb12/hmmer_output/3033at766.out --cpu 1 /Users/rossoaa/Desktop/dummy/genomes/records/compleasm/mb_downloads/rickettsiales_odb12/hmms/3033at766.hmm - 
# Current dir:     /Users/rossoaa/Desktop/dummy/genomes/records/compleasm
# Date:            Tue Feb 10 10:20:23 2026
# [ok]
