#                                                                                                          --- full sequence --- -------------- this domain -------------   hmm coord   ali coord   env coord
# target name                                      accession   tlen query name           accession   qlen   E-value  score  bias   #  of  c-Evalue  i-Evalue  score  bias  from    to  from    to  from    to  acc description of target
#                              ------------------- ---------- ----- -------------------- ---------- ----- --------- ------ ----- --- --- --------- --------- ------ ----- ----- ----- ----- ----- ----- ----- ---- ---------------------
303at766_1242993_0:000063|OZ308468.1:582988-583411 -            142 303                  -            142   1.6e-66  213.2   0.5   1   1   1.7e-66   1.7e-66  213.0   0.5     1   141     1   141     1   142 0.99 -
303at766_1423892_0:00015a|OZ308468.1:582988-583411 -            142 303                  -            142   1.6e-66  213.2   0.5   1   1   1.7e-66   1.7e-66  213.0   0.5     1   141     1   141     1   142 0.99 -
303at766_205920_0:0001a5|OZ308468.1:582988-583411  -            142 303                  -            142   1.6e-66  213.2   0.5   1   1   1.7e-66   1.7e-66  213.0   0.5     1   141     1   141     1   142 0.99 -
303at766_391036_0:0000e6|OZ308468.1:582988-583411  -            142 303                  -            142   1.6e-66  213.2   0.5   1   1   1.7e-66   1.7e-66  213.0   0.5     1   141     1   141     1   142 0.99 -
303at766_1392507_0:00008d|OZ308468.1:582985-583411 -            143 303                  -            142   1.6e-66  213.1   0.5   1   1   1.8e-66   1.8e-66  213.0   0.5     1   141     1   141     1   142 0.99 -
303at766_1605993_0:000147|OZ308468.1:582982-583411 -            143 303                  -            142   1.6e-66  213.1   0.5   1   1   1.8e-66   1.8e-66  213.0   0.5     1   141     1   141     1   142 0.99 -
303at766_246273_0:00039e|OZ308468.1:582982-583411  -            143 303                  -            142   1.6e-66  213.1   0.5   1   1   1.8e-66   1.8e-66  213.0   0.5     1   141     1   141     1   142 0.99 -
303at766_336407_0:0002d4|OZ308468.1:582982-583411  -            143 303                  -            142   1.6e-66  213.1   0.5   1   1   1.8e-66   1.8e-66  213.0   0.5     1   141     1   141     1   142 0.99 -
303at766_955_0:000192|OZ308468.1:582982-583411     -            143 303                  -            142   1.6e-66  213.1   0.5   1   1   1.8e-66   1.8e-66  213.0   0.5     1   141     1   141     1   142 0.99 -
303at766_96496_0:00003c|OZ308468.1:582982-583411   -            143 303                  -            142   1.6e-66  213.1   0.5   1   1   1.8e-66   1.8e-66  213.0   0.5     1   141     1   141     1   142 0.99 -
303at766_169402_0:00056d|OZ308468.1:582985-583414  -            144 303                  -            142   1.6e-66  213.1   0.5   1   1   1.8e-66   1.8e-66  213.0   0.5     1   141     2   142     2   143 0.99 -
303at766_142058_0:00030c|OZ308468.1:582988-583417  -            144 303                  -            142   1.6e-66  213.1   0.5   1   1   1.8e-66   1.8e-66  213.0   0.5     1   141     3   143     3   144 0.99 -
303at766_574556_0:000160|OZ308468.1:582988-583417  -            144 303                  -            142   1.6e-66  213.1   0.5   1   1   1.8e-66   1.8e-66  213.0   0.5     1   141     3   143     3   144 0.99 -
303at766_2486577_0:000037|OZ308468.1:582985-583417 -            145 303                  -            142   1.7e-66  213.1   0.5   1   1   1.9e-66   1.9e-66  212.9   0.5     1   141     3   143     3   144 0.99 -
303at766_86105_0:00032e|OZ308468.1:582982-583429   -            149 303                  -            142   1.9e-66  212.9   0.5   1   1   2.1e-66   2.1e-66  212.8   0.5     1   141     7   147     7   148 0.99 -
303at766_752179_0:0001e2|OZ308468.1:582982-583408  -            142 303                  -            142   3.8e-66  211.9   0.4   1   1   4.2e-66   4.2e-66  211.8   0.4     3   141     2   140     1   141 0.98 -
303at766_1359168_0:0000cf|OZ308468.1:582982-583402 -            140 303                  -            142   9.7e-66  210.6   0.4   1   1   1.1e-65   1.1e-65  210.5   0.4     4   141     1   138     1   139 0.99 -
303at766_1528098_0:0004f2|OZ308468.1:582982-583402 -            140 303                  -            142   9.7e-66  210.6   0.4   1   1   1.1e-65   1.1e-65  210.5   0.4     4   141     1   138     1   139 0.99 -
303at766_2602574_0:0002c2|OZ308468.1:582982-583402 -            140 303                  -            142   9.7e-66  210.6   0.4   1   1   1.1e-65   1.1e-65  210.5   0.4     4   141     1   138     1   139 0.99 -
303at766_1274402_0:000317|OZ308468.1:582985-583393 -            137 303                  -            142   9.2e-65  207.4   0.4   1   1     1e-64     1e-64  207.3   0.4     7   141     1   135     1   136 0.99 -
303at766_334380_0:000375|OZ308468.1:582985-583393  -            137 303                  -            142   9.2e-65  207.4   0.4   1   1     1e-64     1e-64  207.3   0.4     7   141     1   135     1   136 0.99 -
303at766_1248439_0:000112|OZ308468.1:582988-583390 -            135 303                  -            142   2.3e-64  206.1   0.5   1   1   2.5e-64   2.5e-64  206.0   0.5     8   141     1   134     1   135 0.99 -
303at766_1286528_0:0001f6|OZ308468.1:582985-583381 -            133 303                  -            142   6.7e-63  201.4   0.2   1   1   7.4e-63   7.4e-63  201.3   0.2    11   141     1   131     1   132 0.99 -
#
# Program:         hmmsearch
# Version:         3.4 (Aug 2023)
# Pipeline mode:   SEARCH
# Query file:      /Users/rossoaa/Desktop/dummy/genomes/records/compleasm/mb_downloads/rickettsiales_odb12/hmms/303at766.hmm
# Target file:     -
# Option settings: /Users/rossoaa/miniconda3/envs/compleasm_env/bin/hmmsearch --domtblout /Users/rossoaa/Desktop/dummy/genomes/records/compleasm/rickettsiales_odb12/hmmer_output/303at766.out --cpu 1 /Users/rossoaa/Desktop/dummy/genomes/records/compleasm/mb_downloads/rickettsiales_odb12/hmms/303at766.hmm - 
# Current dir:     /Users/rossoaa/Desktop/dummy/genomes/records/compleasm
# Date:            Tue Feb 10 10:20:23 2026
# [ok]
