#                                                                                                           --- full sequence --- -------------- this domain -------------   hmm coord   ali coord   env coord
# target name                                       accession   tlen query name           accession   qlen   E-value  score  bias   #  of  c-Evalue  i-Evalue  score  bias  from    to  from    to  from    to  acc description of target
#                               ------------------- ---------- ----- -------------------- ---------- ----- --------- ------ ----- --- --- --------- --------- ------ ----- ----- ----- ----- ----- ----- ----- ---- ---------------------
3042at766_1248439_0:0000a5|OZ308468.1:736495-736933 -            147 3042                 -            144   7.9e-63  200.8   8.2   1   1   8.7e-63   8.7e-63  200.6   8.2     1   143     1   145     1   146 0.97 -
3042at766_1392507_0:000265|OZ308468.1:736495-736933 -            147 3042                 -            144   7.9e-63  200.8   8.2   1   1   8.7e-63   8.7e-63  200.6   8.2     1   143     1   145     1   146 0.97 -
3042at766_142058_0:0000f9|OZ308468.1:736495-736933  -            147 3042                 -            144   7.9e-63  200.8   8.2   1   1   8.7e-63   8.7e-63  200.6   8.2     1   143     1   145     1   146 0.97 -
3042at766_574556_0:0000e1|OZ308468.1:736495-736933  -            147 3042                 -            144   7.9e-63  200.8   8.2   1   1   8.7e-63   8.7e-63  200.6   8.2     1   143     1   145     1   146 0.97 -
3042at766_2486578_0:000564|OZ308468.1:736495-736942 -            150 3042                 -            144   8.5e-63  200.7   8.2   1   1   9.5e-63   9.5e-63  200.5   8.2     1   143     1   145     1   146 0.97 -
3042at766_779_0:000158|OZ308468.1:736483-736936     -            152 3042                 -            144   8.9e-63  200.6   8.2   1   1     1e-62     1e-62  200.4   8.2     1   143     5   149     5   150 0.97 -
3042at766_955_0:000320|OZ308468.1:736492-736948     -            153 3042                 -            144   9.1e-63  200.6   8.2   1   1     1e-62     1e-62  200.4   8.2     1   143     2   146     2   147 0.97 -
3042at766_1423892_0:0001a9|OZ308468.1:736483-736942 -            154 3042                 -            144   9.3e-63  200.5   8.2   1   1   1.1e-62   1.1e-62  200.4   8.2     1   143     5   149     5   150 0.97 -
3042at766_205920_0:000239|OZ308468.1:736483-736942  -            154 3042                 -            144   9.3e-63  200.5   8.2   1   1   1.1e-62   1.1e-62  200.4   8.2     1   143     5   149     5   150 0.97 -
3042at766_1605993_0:0001f4|OZ308468.1:736483-736951 -            156 3042                 -            144   9.8e-63  200.5   8.2   1   1   1.1e-62   1.1e-62  200.3   8.2     1   143     5   149     5   150 0.97 -
3042at766_169402_0:00046f|OZ308468.1:736483-736951  -            156 3042                 -            144   9.8e-63  200.5   8.2   1   1   1.1e-62   1.1e-62  200.3   8.2     1   143     5   149     5   150 0.97 -
3042at766_246273_0:000277|OZ308468.1:736483-736951  -            156 3042                 -            144   9.8e-63  200.5   8.2   1   1   1.1e-62   1.1e-62  200.3   8.2     1   143     5   149     5   150 0.97 -
3042at766_391036_0:0001eb|OZ308468.1:736483-736948  -            156 3042                 -            144   9.8e-63  200.5   8.2   1   1   1.1e-62   1.1e-62  200.3   8.2     1   143     5   149     5   150 0.97 -
3042at766_96496_0:000060|OZ308468.1:736483-736951   -            156 3042                 -            144   9.8e-63  200.5   8.2   1   1   1.1e-62   1.1e-62  200.3   8.2     1   143     5   149     5   150 0.97 -
3042at766_696127_0:00019d|OZ308468.1:736498-736948  -            151 3042                 -            144   2.4e-62  199.2   8.2   1   1   2.7e-62   2.7e-62  199.1   8.2     2   143     1   144     1   145 0.97 -
3042at766_1359163_0:000192|OZ308468.1:736495-736918 -            142 3042                 -            144   3.9e-62  198.5   7.7   1   1   4.3e-62   4.3e-62  198.4   7.7     1   139     1   141     1   142 0.97 -
3042at766_1242993_0:000288|OZ308468.1:736483-736918 -            146 3042                 -            144   4.4e-62  198.4   7.7   1   1   4.8e-62   4.8e-62  198.2   7.7     1   139     5   145     5   146 0.97 -
3042at766_752179_0:000319|OZ308468.1:736495-736852  -            120 3042                 -            144   1.7e-57  183.5   9.7   1   1   1.9e-57   1.9e-57  183.3   9.7     1   119     1   119     1   120 0.99 -
#
# Program:         hmmsearch
# Version:         3.4 (Aug 2023)
# Pipeline mode:   SEARCH
# Query file:      /Users/rossoaa/Desktop/dummy/genomes/records/compleasm/mb_downloads/rickettsiales_odb12/hmms/3042at766.hmm
# Target file:     -
# Option settings: /Users/rossoaa/miniconda3/envs/compleasm_env/bin/hmmsearch --domtblout /Users/rossoaa/Desktop/dummy/genomes/records/compleasm/rickettsiales_odb12/hmmer_output/3042at766.out --cpu 1 /Users/rossoaa/Desktop/dummy/genomes/records/compleasm/mb_downloads/rickettsiales_odb12/hmms/3042at766.hmm - 
# Current dir:     /Users/rossoaa/Desktop/dummy/genomes/records/compleasm
# Date:            Tue Feb 10 10:20:23 2026
# [ok]
