#                                                                                                          --- full sequence --- -------------- this domain -------------   hmm coord   ali coord   env coord
# target name                                      accession   tlen query name           accession   qlen   E-value  score  bias   #  of  c-Evalue  i-Evalue  score  bias  from    to  from    to  from    to  acc description of target
#                              ------------------- ---------- ----- -------------------- ---------- ----- --------- ------ ----- --- --- --------- --------- ------ ----- ----- ----- ----- ----- ----- ----- ---- ---------------------
304at766_1242993_0:0000fc|OZ308468.1:132137-132611 -            158 304                  -            156   1.9e-72  233.0   1.8   1   1   2.2e-72   2.2e-72  232.8   1.8     1   156     1   158     1   158 0.97 -
304at766_1248439_0:0002e7|OZ308468.1:132137-132611 -            158 304                  -            156   1.9e-72  233.0   1.8   1   1   2.2e-72   2.2e-72  232.8   1.8     1   156     1   158     1   158 0.97 -
304at766_1274402_0:000387|OZ308468.1:132137-132611 -            158 304                  -            156   1.9e-72  233.0   1.8   1   1   2.2e-72   2.2e-72  232.8   1.8     1   156     1   158     1   158 0.97 -
304at766_1359163_0:0000b2|OZ308468.1:132137-132611 -            158 304                  -            156   1.9e-72  233.0   1.8   1   1   2.2e-72   2.2e-72  232.8   1.8     1   156     1   158     1   158 0.97 -
304at766_1392507_0:0000cb|OZ308468.1:132137-132611 -            158 304                  -            156   1.9e-72  233.0   1.8   1   1   2.2e-72   2.2e-72  232.8   1.8     1   156     1   158     1   158 0.97 -
304at766_142058_0:000067|OZ308468.1:132137-132611  -            158 304                  -            156   1.9e-72  233.0   1.8   1   1   2.2e-72   2.2e-72  232.8   1.8     1   156     1   158     1   158 0.97 -
304at766_1423892_0:000067|OZ308468.1:132137-132611 -            158 304                  -            156   1.9e-72  233.0   1.8   1   1   2.2e-72   2.2e-72  232.8   1.8     1   156     1   158     1   158 0.97 -
304at766_1528098_0:000141|OZ308468.1:132137-132611 -            158 304                  -            156   1.9e-72  233.0   1.8   1   1   2.2e-72   2.2e-72  232.8   1.8     1   156     1   158     1   158 0.97 -
304at766_1605993_0:0001b7|OZ308468.1:132137-132611 -            158 304                  -            156   1.9e-72  233.0   1.8   1   1   2.2e-72   2.2e-72  232.8   1.8     1   156     1   158     1   158 0.97 -
304at766_169402_0:0002a7|OZ308468.1:132137-132611  -            158 304                  -            156   1.9e-72  233.0   1.8   1   1   2.2e-72   2.2e-72  232.8   1.8     1   156     1   158     1   158 0.97 -
304at766_1802984_0:000004|OZ308468.1:132137-132611 -            158 304                  -            156   1.9e-72  233.0   1.8   1   1   2.2e-72   2.2e-72  232.8   1.8     1   156     1   158     1   158 0.97 -
304at766_205920_0:0000ba|OZ308468.1:132137-132611  -            158 304                  -            156   1.9e-72  233.0   1.8   1   1   2.2e-72   2.2e-72  232.8   1.8     1   156     1   158     1   158 0.97 -
304at766_246273_0:0000e1|OZ308468.1:132137-132611  -            158 304                  -            156   1.9e-72  233.0   1.8   1   1   2.2e-72   2.2e-72  232.8   1.8     1   156     1   158     1   158 0.97 -
304at766_2486578_0:0003db|OZ308468.1:132137-132611 -            158 304                  -            156   1.9e-72  233.0   1.8   1   1   2.2e-72   2.2e-72  232.8   1.8     1   156     1   158     1   158 0.97 -
304at766_2602574_0:000333|OZ308468.1:132137-132611 -            158 304                  -            156   1.9e-72  233.0   1.8   1   1   2.2e-72   2.2e-72  232.8   1.8     1   156     1   158     1   158 0.97 -
304at766_391036_0:000114|OZ308468.1:132137-132611  -            158 304                  -            156   1.9e-72  233.0   1.8   1   1   2.2e-72   2.2e-72  232.8   1.8     1   156     1   158     1   158 0.97 -
304at766_574556_0:0002d1|OZ308468.1:132137-132611  -            158 304                  -            156   1.9e-72  233.0   1.8   1   1   2.2e-72   2.2e-72  232.8   1.8     1   156     1   158     1   158 0.97 -
304at766_696127_0:00007d|OZ308468.1:132137-132611  -            158 304                  -            156   1.9e-72  233.0   1.8   1   1   2.2e-72   2.2e-72  232.8   1.8     1   156     1   158     1   158 0.97 -
304at766_779_0:0002b8|OZ308468.1:132137-132611     -            158 304                  -            156   1.9e-72  233.0   1.8   1   1   2.2e-72   2.2e-72  232.8   1.8     1   156     1   158     1   158 0.97 -
304at766_86105_0:000628|OZ308468.1:132137-132611   -            158 304                  -            156   1.9e-72  233.0   1.8   1   1   2.2e-72   2.2e-72  232.8   1.8     1   156     1   158     1   158 0.97 -
304at766_955_0:00019d|OZ308468.1:132137-132611     -            158 304                  -            156   1.9e-72  233.0   1.8   1   1   2.2e-72   2.2e-72  232.8   1.8     1   156     1   158     1   158 0.97 -
304at766_96496_0:0001c1|OZ308468.1:132137-132611   -            158 304                  -            156   1.9e-72  233.0   1.8   1   1   2.2e-72   2.2e-72  232.8   1.8     1   156     1   158     1   158 0.97 -
304at766_334380_0:0000ef|OZ308468.1:132143-132611  -            157 304                  -            156     7e-72  231.2   2.0   1   1   7.8e-72   7.8e-72  231.0   2.0     1   155     1   157     1   157 0.97 -
304at766_1105107_0:00026d|OZ308468.1:132146-132611 -            156 304                  -            156   1.7e-71  229.9   1.7   1   1   1.9e-71   1.9e-71  229.7   1.7     1   154     1   156     1   156 0.97 -
304at766_272947_0:0002b3|OZ308468.1:132146-132611  -            156 304                  -            156   1.7e-71  229.9   1.7   1   1   1.9e-71   1.9e-71  229.7   1.7     1   154     1   156     1   156 0.97 -
304at766_336407_0:0000c2|OZ308468.1:132146-132611  -            156 304                  -            156   1.7e-71  229.9   1.7   1   1   1.9e-71   1.9e-71  229.7   1.7     1   154     1   156     1   156 0.97 -
304at766_481009_0:000488|OZ308468.1:132146-132611  -            156 304                  -            156   1.7e-71  229.9   1.7   1   1   1.9e-71   1.9e-71  229.7   1.7     1   154     1   156     1   156 0.97 -
#
# Program:         hmmsearch
# Version:         3.4 (Aug 2023)
# Pipeline mode:   SEARCH
# Query file:      /Users/rossoaa/Desktop/dummy/genomes/records/compleasm/mb_downloads/rickettsiales_odb12/hmms/304at766.hmm
# Target file:     -
# Option settings: /Users/rossoaa/miniconda3/envs/compleasm_env/bin/hmmsearch --domtblout /Users/rossoaa/Desktop/dummy/genomes/records/compleasm/rickettsiales_odb12/hmmer_output/304at766.out --cpu 1 /Users/rossoaa/Desktop/dummy/genomes/records/compleasm/mb_downloads/rickettsiales_odb12/hmms/304at766.hmm - 
# Current dir:     /Users/rossoaa/Desktop/dummy/genomes/records/compleasm
# Date:            Tue Feb 10 10:20:23 2026
# [ok]
