#                                                                                                           --- full sequence --- -------------- this domain -------------   hmm coord   ali coord   env coord
# target name                                       accession   tlen query name           accession   qlen   E-value  score  bias   #  of  c-Evalue  i-Evalue  score  bias  from    to  from    to  from    to  acc description of target
#                               ------------------- ---------- ----- -------------------- ---------- ----- --------- ------ ----- --- --- --------- --------- ------ ----- ----- ----- ----- ----- ----- ----- ---- ---------------------
3073at766_1242993_0:000386|OZ308468.1:390961-392110 -            384 3073                 -            376  9.6e-176  574.8   1.3   1   1  1.1e-175  1.1e-175  574.7   1.3     4   374    10   381     7   383 0.99 -
3073at766_1359163_0:00001c|OZ308468.1:390943-392095 -            385 3073                 -            376  9.6e-176  574.8   1.3   1   1  1.1e-175  1.1e-175  574.6   1.3     4   374     5   376     2   378 0.99 -
3073at766_1423892_0:0001f9|OZ308468.1:390961-392119 -            387 3073                 -            376  9.9e-176  574.8   1.3   1   1  1.1e-175  1.1e-175  574.6   1.3     4   374    13   384    10   386 0.99 -
3073at766_391036_0:000009|OZ308468.1:390961-392119  -            387 3073                 -            376  9.9e-176  574.8   1.3   1   1  1.1e-175  1.1e-175  574.6   1.3     4   374    13   384    10   386 0.99 -
3073at766_2486578_0:0000ee|OZ308468.1:390952-392089 -            380 3073                 -            376  9.9e-176  574.8   1.2   1   1  1.1e-175  1.1e-175  574.6   1.2     4   374     3   374     1   376 0.99 -
3073at766_1605993_0:0000d1|OZ308468.1:390934-392119 -            395 3073                 -            376  1.1e-175  574.7   1.3   1   1  1.2e-175  1.2e-175  574.5   1.3     4   374    13   384    10   386 0.99 -
3073at766_1359168_0:000111|OZ308468.1:390967-392092 -            376 3073                 -            376  1.1e-175  574.6   1.2   1   1  1.2e-175  1.2e-175  574.5   1.2     4   373     4   374     1   376 0.99 -
3073at766_96496_0:0002c4|OZ308468.1:390967-392104   -            380 3073                 -            376  1.1e-175  574.6   1.2   1   1  1.3e-175  1.3e-175  574.4   1.2     4   373     8   378     5   380 0.99 -
3073at766_169402_0:000294|OZ308468.1:390970-392119  -            384 3073                 -            376  1.4e-175  574.3   1.2   1   1  1.6e-175  1.6e-175  574.1   1.2     4   372    13   382    10   384 0.99 -
3073at766_246273_0:0002b2|OZ308468.1:390970-392119  -            384 3073                 -            376  1.4e-175  574.3   1.2   1   1  1.6e-175  1.6e-175  574.1   1.2     4   372    13   382    10   384 0.99 -
3073at766_2486577_0:000193|OZ308468.1:390982-392086 -            369 3073                 -            376  5.2e-175  572.4   0.9   1   1  5.8e-175  5.8e-175  572.3   0.9     5   370     3   369     1   369 0.99 -
3073at766_205920_0:0000c2|OZ308468.1:390961-392071  -            371 3073                 -            376  8.7e-175  571.7   1.1   1   1  9.8e-175  9.8e-175  571.5   1.1     8   374     1   368     1   370 0.99 -
3073at766_696127_0:000247|OZ308468.1:390958-392071  -            372 3073                 -            376  8.7e-175  571.7   1.1   1   1  9.9e-175  9.9e-175  571.5   1.1     8   374     1   368     1   370 0.99 -
3073at766_955_0:0000db|OZ308468.1:390958-392071     -            372 3073                 -            376  8.7e-175  571.7   1.1   1   1  9.9e-175  9.9e-175  571.5   1.1     8   374     1   368     1   370 0.99 -
3073at766_1248439_0:000018|OZ308468.1:390967-392071 -            369 3073                 -            376  1.1e-174  571.4   1.0   1   1  1.2e-174  1.2e-174  571.3   1.0     8   373     1   367     1   369 0.99 -
3073at766_779_0:0000dc|OZ308468.1:390967-392071     -            369 3073                 -            376  1.1e-174  571.4   1.0   1   1  1.2e-174  1.2e-174  571.3   1.0     8   373     1   367     1   369 0.99 -
3073at766_1961830_0:000418|OZ308468.1:390979-392074 -            366 3073                 -            376  1.3e-174  571.1   0.8   1   1  1.5e-174  1.5e-174  570.9   0.8     8   370     2   365     1   366 0.99 -
3073at766_1286528_0:000074|OZ308468.1:390976-392071 -            366 3073                 -            376  1.8e-174  570.6   0.8   1   1    2e-174    2e-174  570.5   0.8     8   371     1   365     1   366 1.00 -
3073at766_2115978_0:000363|OZ308468.1:390982-392074 -            365 3073                 -            376    2e-174  570.5   0.8   1   1  2.3e-174  2.3e-174  570.3   0.8     8   370     2   365     1   365 1.00 -
3073at766_334380_0:00013d|OZ308468.1:390988-392086  -            367 3073                 -            376  2.3e-174  570.3   0.8   1   1  2.6e-174  2.6e-174  570.1   0.8     5   368     3   367     1   367 0.99 -
3073at766_1105107_0:000350|OZ308468.1:390985-392074 -            364 3073                 -            376    4e-174  569.5   0.7   1   1  4.5e-174  4.5e-174  569.3   0.7     8   369     2   364     1   364 1.00 -
3073at766_336407_0:00013f|OZ308468.1:390988-392074  -            363 3073                 -            376  9.2e-174  568.3   0.6   1   1    1e-173    1e-173  568.2   0.6     8   368     2   363     1   363 1.00 -
3073at766_1392507_0:000195|OZ308468.1:390988-392071 -            362 3073                 -            376  1.7e-173  567.4   0.6   1   1  1.9e-173  1.9e-173  567.3   0.6     8   368     1   362     1   362 1.00 -
3073at766_142058_0:0000a8|OZ308468.1:390988-392071  -            362 3073                 -            376  1.7e-173  567.4   0.6   1   1  1.9e-173  1.9e-173  567.3   0.6     8   368     1   362     1   362 1.00 -
3073at766_752179_0:0001cb|OZ308468.1:390988-392071  -            362 3073                 -            376  1.7e-173  567.4   0.6   1   1  1.9e-173  1.9e-173  567.3   0.6     8   368     1   362     1   362 1.00 -
3073at766_1274402_0:000022|OZ308468.1:419490-420573 -            362 3073                 -            376   2.1e-91  297.2   0.1   1   1   2.4e-91   2.4e-91  297.1   0.1     8   356     1   361     1   362 0.91 -
#
# Program:         hmmsearch
# Version:         3.4 (Aug 2023)
# Pipeline mode:   SEARCH
# Query file:      /Users/rossoaa/Desktop/dummy/genomes/records/compleasm/mb_downloads/rickettsiales_odb12/hmms/3073at766.hmm
# Target file:     -
# Option settings: /Users/rossoaa/miniconda3/envs/compleasm_env/bin/hmmsearch --domtblout /Users/rossoaa/Desktop/dummy/genomes/records/compleasm/rickettsiales_odb12/hmmer_output/3073at766.out --cpu 1 /Users/rossoaa/Desktop/dummy/genomes/records/compleasm/mb_downloads/rickettsiales_odb12/hmms/3073at766.hmm - 
# Current dir:     /Users/rossoaa/Desktop/dummy/genomes/records/compleasm
# Date:            Tue Feb 10 10:20:22 2026
# [ok]
