#                                                                                                           --- full sequence --- -------------- this domain -------------   hmm coord   ali coord   env coord
# target name                                       accession   tlen query name           accession   qlen   E-value  score  bias   #  of  c-Evalue  i-Evalue  score  bias  from    to  from    to  from    to  acc description of target
#                               ------------------- ---------- ----- -------------------- ---------- ----- --------- ------ ----- --- --- --------- --------- ------ ----- ----- ----- ----- ----- ----- ----- ---- ---------------------
3079at766_2486578_0:000472|OZ308468.1:612201-614076 -            626 3079                 -            542    2e-219  720.8  37.2   1   2   4.1e-56   4.1e-56  181.8  22.4    13   260    29   317    10   333 0.78 -
3079at766_2486578_0:000472|OZ308468.1:612201-614076 -            626 3079                 -            542    2e-219  720.8  37.2   2   2    2e-161    2e-161  529.4   7.4   255   542   336   626   321   626 0.97 -
3079at766_696127_0:000315|OZ308468.1:612201-614079  -            626 3079                 -            542    2e-219  720.8  37.2   1   2   4.1e-56   4.1e-56  181.8  22.4    13   260    29   317    10   333 0.78 -
3079at766_696127_0:000315|OZ308468.1:612201-614079  -            626 3079                 -            542    2e-219  720.8  37.2   2   2    2e-161    2e-161  529.4   7.4   255   542   336   626   321   626 0.97 -
3079at766_1242993_0:0003a8|OZ308468.1:612192-614079 -            629 3079                 -            542  2.1e-219  720.7  37.2   1   2   4.2e-56   4.2e-56  181.8  22.4    13   260    32   320    13   336 0.78 -
3079at766_1242993_0:0003a8|OZ308468.1:612192-614079 -            629 3079                 -            542  2.1e-219  720.7  37.2   2   2    2e-161    2e-161  529.4   7.4   255   542   339   629   324   629 0.97 -
3079at766_1359163_0:00029b|OZ308468.1:612192-614079 -            629 3079                 -            542  2.1e-219  720.7  37.2   1   2   4.2e-56   4.2e-56  181.8  22.4    13   260    32   320    13   336 0.78 -
3079at766_1359163_0:00029b|OZ308468.1:612192-614079 -            629 3079                 -            542  2.1e-219  720.7  37.2   2   2    2e-161    2e-161  529.4   7.4   255   542   339   629   324   629 0.97 -
3079at766_205920_0:000111|OZ308468.1:612192-614079  -            629 3079                 -            542  2.1e-219  720.7  37.2   1   2   4.2e-56   4.2e-56  181.8  22.4    13   260    32   320    13   336 0.78 -
3079at766_205920_0:000111|OZ308468.1:612192-614079  -            629 3079                 -            542  2.1e-219  720.7  37.2   2   2    2e-161    2e-161  529.4   7.4   255   542   339   629   324   629 0.97 -
3079at766_391036_0:000104|OZ308468.1:612192-614079  -            629 3079                 -            542  2.1e-219  720.7  37.2   1   2   4.2e-56   4.2e-56  181.8  22.4    13   260    32   320    13   336 0.78 -
3079at766_391036_0:000104|OZ308468.1:612192-614079  -            629 3079                 -            542  2.1e-219  720.7  37.2   2   2    2e-161    2e-161  529.4   7.4   255   542   339   629   324   629 0.97 -
3079at766_779_0:000369|OZ308468.1:612192-614079     -            629 3079                 -            542  2.1e-219  720.7  37.2   1   2   4.2e-56   4.2e-56  181.8  22.4    13   260    32   320    13   336 0.78 -
3079at766_779_0:000369|OZ308468.1:612192-614079     -            629 3079                 -            542  2.1e-219  720.7  37.2   2   2    2e-161    2e-161  529.4   7.4   255   542   339   629   324   629 0.97 -
3079at766_1274402_0:0003c8|OZ308468.1:612189-614076 -            630 3079                 -            542  2.1e-219  720.7  37.2   1   2   4.2e-56   4.2e-56  181.8  22.4    13   260    33   321    14   337 0.78 -
3079at766_1274402_0:0003c8|OZ308468.1:612189-614076 -            630 3079                 -            542  2.1e-219  720.7  37.2   2   2    2e-161    2e-161  529.4   7.4   255   542   340   630   325   630 0.97 -
3079at766_1714371_0:0001c5|OZ308468.1:612189-614076 -            630 3079                 -            542  2.1e-219  720.7  37.2   1   2   4.2e-56   4.2e-56  181.8  22.4    13   260    33   321    14   337 0.78 -
3079at766_1714371_0:0001c5|OZ308468.1:612189-614076 -            630 3079                 -            542  2.1e-219  720.7  37.2   2   2    2e-161    2e-161  529.4   7.4   255   542   340   630   325   630 0.97 -
3079at766_1105107_0:0001f5|OZ308468.1:612183-614076 -            632 3079                 -            542  2.1e-219  720.7  37.2   1   2   4.2e-56   4.2e-56  181.7  22.4    13   260    35   323    16   339 0.78 -
3079at766_1105107_0:0001f5|OZ308468.1:612183-614076 -            632 3079                 -            542  2.1e-219  720.7  37.2   2   2    2e-161    2e-161  529.3   7.4   255   542   342   632   327   632 0.97 -
3079at766_1605993_0:0000fa|OZ308468.1:612183-614079 -            632 3079                 -            542  2.1e-219  720.7  37.2   1   2   4.2e-56   4.2e-56  181.7  22.4    13   260    35   323    16   339 0.78 -
3079at766_1605993_0:0000fa|OZ308468.1:612183-614079 -            632 3079                 -            542  2.1e-219  720.7  37.2   2   2    2e-161    2e-161  529.3   7.4   255   542   342   632   327   632 0.97 -
3079at766_169402_0:000280|OZ308468.1:612183-614079  -            632 3079                 -            542  2.1e-219  720.7  37.2   1   2   4.2e-56   4.2e-56  181.7  22.4    13   260    35   323    16   339 0.78 -
3079at766_169402_0:000280|OZ308468.1:612183-614079  -            632 3079                 -            542  2.1e-219  720.7  37.2   2   2    2e-161    2e-161  529.3   7.4   255   542   342   632   327   632 0.97 -
3079at766_246273_0:000157|OZ308468.1:612183-614079  -            632 3079                 -            542  2.1e-219  720.7  37.2   1   2   4.2e-56   4.2e-56  181.7  22.4    13   260    35   323    16   339 0.78 -
3079at766_246273_0:000157|OZ308468.1:612183-614079  -            632 3079                 -            542  2.1e-219  720.7  37.2   2   2    2e-161    2e-161  529.3   7.4   255   542   342   632   327   632 0.97 -
3079at766_2486577_0:000091|OZ308468.1:612183-614076 -            632 3079                 -            542  2.1e-219  720.7  37.2   1   2   4.2e-56   4.2e-56  181.7  22.4    13   260    35   323    16   339 0.78 -
3079at766_2486577_0:000091|OZ308468.1:612183-614076 -            632 3079                 -            542  2.1e-219  720.7  37.2   2   2    2e-161    2e-161  529.3   7.4   255   542   342   632   327   632 0.97 -
3079at766_272947_0:000287|OZ308468.1:612183-614076  -            632 3079                 -            542  2.1e-219  720.7  37.2   1   2   4.2e-56   4.2e-56  181.7  22.4    13   260    35   323    16   339 0.78 -
3079at766_272947_0:000287|OZ308468.1:612183-614076  -            632 3079                 -            542  2.1e-219  720.7  37.2   2   2    2e-161    2e-161  529.3   7.4   255   542   342   632   327   632 0.97 -
3079at766_481009_0:00013f|OZ308468.1:612183-614076  -            632 3079                 -            542  2.1e-219  720.7  37.2   1   2   4.2e-56   4.2e-56  181.7  22.4    13   260    35   323    16   339 0.78 -
3079at766_481009_0:00013f|OZ308468.1:612183-614076  -            632 3079                 -            542  2.1e-219  720.7  37.2   2   2    2e-161    2e-161  529.3   7.4   255   542   342   632   327   632 0.97 -
3079at766_96496_0:00012c|OZ308468.1:612183-614079   -            632 3079                 -            542  2.1e-219  720.7  37.2   1   2   4.2e-56   4.2e-56  181.7  22.4    13   260    35   323    16   339 0.78 -
3079at766_96496_0:00012c|OZ308468.1:612183-614079   -            632 3079                 -            542  2.1e-219  720.7  37.2   2   2    2e-161    2e-161  529.3   7.4   255   542   342   632   327   632 0.97 -
3079at766_1961830_0:000340|OZ308468.1:612180-614076 -            633 3079                 -            542  2.2e-219  720.7  37.2   1   2   4.2e-56   4.2e-56  181.7  22.4    13   260    36   324    17   340 0.78 -
3079at766_1961830_0:000340|OZ308468.1:612180-614076 -            633 3079                 -            542  2.2e-219  720.7  37.2   2   2    2e-161    2e-161  529.3   7.4   255   542   343   633   328   633 0.97 -
3079at766_336407_0:000040|OZ308468.1:612180-614076  -            633 3079                 -            542  2.2e-219  720.7  37.2   1   2   4.2e-56   4.2e-56  181.7  22.4    13   260    36   324    17   340 0.78 -
3079at766_336407_0:000040|OZ308468.1:612180-614076  -            633 3079                 -            542  2.2e-219  720.7  37.2   2   2    2e-161    2e-161  529.3   7.4   255   542   343   633   328   633 0.97 -
3079at766_1286528_0:0001bf|OZ308468.1:612216-614076 -            621 3079                 -            542  2.4e-219  720.6  37.5   1   2   1.5e-36   1.5e-36  117.2  10.6    13   149    24   176     6   185 0.81 -
3079at766_1286528_0:0001bf|OZ308468.1:612216-614076 -            621 3079                 -            542  2.4e-219  720.6  37.5   2   2  2.3e-181  2.3e-181  595.2  20.1   134   542   185   621   175   621 0.90 -
3079at766_222891_0:0000dc|OZ308468.1:612216-614076  -            621 3079                 -            542  2.4e-219  720.6  37.5   1   2   1.5e-36   1.5e-36  117.2  10.6    13   149    24   176     6   185 0.81 -
3079at766_222891_0:0000dc|OZ308468.1:612216-614076  -            621 3079                 -            542  2.4e-219  720.6  37.5   2   2  2.3e-181  2.3e-181  595.2  20.1   134   542   185   621   175   621 0.90 -
3079at766_1248439_0:000270|OZ308468.1:612213-614079 -            622 3079                 -            542  2.4e-219  720.6  37.5   1   2   1.5e-36   1.5e-36  117.2  10.6    13   149    25   177     7   186 0.81 -
3079at766_1248439_0:000270|OZ308468.1:612213-614079 -            622 3079                 -            542  2.4e-219  720.6  37.5   2   2  2.3e-181  2.3e-181  595.2  20.1   134   542   186   622   176   622 0.90 -
3079at766_1392507_0:0003a6|OZ308468.1:612213-614079 -            622 3079                 -            542  2.4e-219  720.6  37.5   1   2   1.5e-36   1.5e-36  117.2  10.6    13   149    25   177     7   186 0.81 -
3079at766_1392507_0:0003a6|OZ308468.1:612213-614079 -            622 3079                 -            542  2.4e-219  720.6  37.5   2   2  2.3e-181  2.3e-181  595.2  20.1   134   542   186   622   176   622 0.90 -
3079at766_142058_0:0001bf|OZ308468.1:612213-614079  -            622 3079                 -            542  2.4e-219  720.6  37.5   1   2   1.5e-36   1.5e-36  117.2  10.6    13   149    25   177     7   186 0.81 -
3079at766_142058_0:0001bf|OZ308468.1:612213-614079  -            622 3079                 -            542  2.4e-219  720.6  37.5   2   2  2.3e-181  2.3e-181  595.2  20.1   134   542   186   622   176   622 0.90 -
3079at766_574556_0:00026f|OZ308468.1:612213-614079  -            622 3079                 -            542  2.4e-219  720.6  37.5   1   2   1.5e-36   1.5e-36  117.2  10.6    13   149    25   177     7   186 0.81 -
3079at766_574556_0:00026f|OZ308468.1:612213-614079  -            622 3079                 -            542  2.4e-219  720.6  37.5   2   2  2.3e-181  2.3e-181  595.2  20.1   134   542   186   622   176   622 0.90 -
3079at766_86105_0:000750|OZ308468.1:612240-614076   -            613 3079                 -            542  2.6e-219  720.4  37.5   1   3   1.5e-36   1.5e-36  117.2  10.2    13   149    16   168     4   176 0.82 -
3079at766_86105_0:000750|OZ308468.1:612240-614076   -            613 3079                 -            542  2.6e-219  720.4  37.5   2   3   1.6e-25   1.6e-25   80.8   6.3   133   260   176   304   163   318 0.88 -
3079at766_86105_0:000750|OZ308468.1:612240-614076   -            613 3079                 -            542  2.6e-219  720.4  37.5   3   3  1.6e-161  1.6e-161  529.7   7.3   255   542   323   613   306   613 0.97 -
3079at766_1528098_0:00006e|OZ308468.1:612258-614076 -            607 3079                 -            542  2.7e-219  720.4  37.4   1   2     6e-56     6e-56  181.2  22.3    14   260    11   298     3   307 0.79 -
3079at766_1528098_0:00006e|OZ308468.1:612258-614076 -            607 3079                 -            542  2.7e-219  720.4  37.4   2   2  1.7e-161  1.7e-161  529.6   7.4   255   542   317   607   299   607 0.97 -
3079at766_752179_0:00040c|OZ308468.1:612279-614076  -            600 3079                 -            542  3.3e-219  720.1  37.3   1   3   2.4e-36   2.4e-36  116.5  10.4    15   149     5   155     2   164 0.82 -
3079at766_752179_0:00040c|OZ308468.1:612279-614076  -            600 3079                 -            542  3.3e-219  720.1  37.3   2   3   1.1e-25   1.1e-25   81.3   5.7   133   260   163   291   153   307 0.88 -
3079at766_752179_0:00040c|OZ308468.1:612279-614076  -            600 3079                 -            542  3.3e-219  720.1  37.3   3   3  1.6e-161  1.6e-161  529.7   7.3   255   542   310   600   293   600 0.97 -
3079at766_334380_0:0002d7|OZ308468.1:612300-614076  -            593 3079                 -            542    6e-219  719.2  36.3   1   3   4.2e-36   4.2e-36  115.7   9.3    19   149     2   148     1   157 0.82 -
3079at766_334380_0:0002d7|OZ308468.1:612300-614076  -            593 3079                 -            542    6e-219  719.2  36.3   2   3   1.1e-25   1.1e-25   81.3   5.8   133   260   156   284   146   302 0.88 -
3079at766_334380_0:0002d7|OZ308468.1:612300-614076  -            593 3079                 -            542    6e-219  719.2  36.3   3   3  1.6e-161  1.6e-161  529.7   7.4   255   542   303   593   286   593 0.97 -
3079at766_2115978_0:00033c|OZ308468.1:612399-614076 -            560 3079                 -            542  1.4e-216  711.4  29.8   1   3   8.8e-35   8.8e-35  111.4   2.8    43   149     9   115     2   126 0.90 -
3079at766_2115978_0:00033c|OZ308468.1:612399-614076 -            560 3079                 -            542  1.4e-216  711.4  29.8   2   3   1.2e-25   1.2e-25   81.2   6.1   133   260   123   251   111   266 0.88 -
3079at766_2115978_0:00033c|OZ308468.1:612399-614076 -            560 3079                 -            542  1.4e-216  711.4  29.8   3   3  1.5e-161  1.5e-161  529.8   7.5   255   542   270   560   254   560 0.97 -
3079at766_1802984_0:00020b|OZ308468.1:612315-614043 -            577 3079                 -            542  4.6e-212  696.5  35.9   1   2   3.5e-35   3.5e-35  112.7   8.7    23   149     1   143     1   152 0.82 -
3079at766_1802984_0:00020b|OZ308468.1:612315-614043 -            577 3079                 -            542  4.6e-212  696.5  35.9   2   2  2.1e-175  2.1e-175  575.5  20.3   134   531   152   577   142   577 0.90 -
3079at766_2602574_0:0002c0|OZ308468.1:612591-614079 -            496 3079                 -            542  1.9e-192  631.8  22.6   1   2     4e-09     4e-09   26.7   0.0    99   149     1    51     1    61 0.87 -
3079at766_2602574_0:0002c0|OZ308468.1:612591-614079 -            496 3079                 -            542  1.9e-192  631.8  22.6   2   2  1.4e-181  1.4e-181  595.9  20.6   133   542    59   496    49   496 0.90 -
#
# Program:         hmmsearch
# Version:         3.4 (Aug 2023)
# Pipeline mode:   SEARCH
# Query file:      /Users/rossoaa/Desktop/dummy/genomes/records/compleasm/mb_downloads/rickettsiales_odb12/hmms/3079at766.hmm
# Target file:     -
# Option settings: /Users/rossoaa/miniconda3/envs/compleasm_env/bin/hmmsearch --domtblout /Users/rossoaa/Desktop/dummy/genomes/records/compleasm/rickettsiales_odb12/hmmer_output/3079at766.out --cpu 1 /Users/rossoaa/Desktop/dummy/genomes/records/compleasm/mb_downloads/rickettsiales_odb12/hmms/3079at766.hmm - 
# Current dir:     /Users/rossoaa/Desktop/dummy/genomes/records/compleasm
# Date:            Tue Feb 10 10:20:22 2026
# [ok]
