#                                                                                                          --- full sequence --- -------------- this domain -------------   hmm coord   ali coord   env coord
# target name                                      accession   tlen query name           accession   qlen   E-value  score  bias   #  of  c-Evalue  i-Evalue  score  bias  from    to  from    to  from    to  acc description of target
#                              ------------------- ---------- ----- -------------------- ---------- ----- --------- ------ ----- --- --- --------- --------- ------ ----- ----- ----- ----- ----- ----- ----- ---- ---------------------
309at766_1105107_0:00025c|OZ308468.1:588438-590028 -            530 309                  -            500  1.6e-199  654.7  31.4   1   1  1.9e-199  1.9e-199  654.4  31.4    17   500    23   530     8   530 0.94 -
309at766_272947_0:0001a1|OZ308468.1:588438-590028  -            530 309                  -            500  1.6e-199  654.7  31.4   1   1  1.9e-199  1.9e-199  654.4  31.4    17   500    23   530     8   530 0.94 -
309at766_336407_0:00000b|OZ308468.1:588438-590028  -            530 309                  -            500  1.6e-199  654.7  31.4   1   1  1.9e-199  1.9e-199  654.4  31.4    17   500    23   530     8   530 0.94 -
309at766_481009_0:000408|OZ308468.1:588438-590028  -            530 309                  -            500  1.6e-199  654.7  31.4   1   1  1.9e-199  1.9e-199  654.4  31.4    17   500    23   530     8   530 0.94 -
309at766_1242993_0:00026e|OZ308468.1:588438-590049 -            537 309                  -            500  1.6e-199  654.6  31.4   1   1    2e-199    2e-199  654.3  31.4    17   500    30   537    15   537 0.94 -
309at766_1423892_0:0000f7|OZ308468.1:588438-590049 -            537 309                  -            500  1.6e-199  654.6  31.4   1   1    2e-199    2e-199  654.3  31.4    17   500    30   537    15   537 0.94 -
309at766_205920_0:000240|OZ308468.1:588438-590049  -            537 309                  -            500  1.6e-199  654.6  31.4   1   1    2e-199    2e-199  654.3  31.4    17   500    30   537    15   537 0.94 -
309at766_752179_0:0002e3|OZ308468.1:588438-590049  -            537 309                  -            500  1.6e-199  654.6  31.4   1   1    2e-199    2e-199  654.3  31.4    17   500    30   537    15   537 0.94 -
309at766_779_0:00027c|OZ308468.1:588438-590049     -            537 309                  -            500  1.6e-199  654.6  31.4   1   1    2e-199    2e-199  654.3  31.4    17   500    30   537    15   537 0.94 -
309at766_1248439_0:0001e0|OZ308468.1:588438-590052 -            538 309                  -            500  1.6e-199  654.6  31.4   1   1    2e-199    2e-199  654.3  31.4    17   500    31   538    16   538 0.94 -
309at766_142058_0:000376|OZ308468.1:588438-590052  -            538 309                  -            500  1.6e-199  654.6  31.4   1   1    2e-199    2e-199  654.3  31.4    17   500    31   538    16   538 0.94 -
309at766_574556_0:000041|OZ308468.1:588438-590052  -            538 309                  -            500  1.6e-199  654.6  31.4   1   1    2e-199    2e-199  654.3  31.4    17   500    31   538    16   538 0.94 -
309at766_169402_0:0001f4|OZ308468.1:588438-590055  -            539 309                  -            500  1.6e-199  654.6  31.4   1   1    2e-199    2e-199  654.3  31.4    17   500    32   539    17   539 0.94 -
309at766_246273_0:0002fb|OZ308468.1:588438-590055  -            539 309                  -            500  1.6e-199  654.6  31.4   1   1    2e-199    2e-199  654.3  31.4    17   500    32   539    17   539 0.94 -
309at766_96496_0:00003e|OZ308468.1:588438-590055   -            539 309                  -            500  1.6e-199  654.6  31.4   1   1    2e-199    2e-199  654.3  31.4    17   500    32   539    17   539 0.94 -
309at766_1392507_0:00002e|OZ308468.1:588438-590061 -            541 309                  -            500  1.7e-199  654.6  31.4   1   1    2e-199    2e-199  654.3  31.4    17   500    34   541    19   541 0.94 -
309at766_955_0:00018d|OZ308468.1:588441-590067     -            543 309                  -            500  1.7e-199  654.6  31.4   1   1  2.1e-199  2.1e-199  654.3  31.4    17   500    36   543    21   543 0.94 -
309at766_1605993_0:000144|OZ308468.1:588438-590088 -            550 309                  -            500  1.8e-199  654.5  31.4   1   1  2.2e-199  2.2e-199  654.2  31.4    17   500    43   550    28   550 0.94 -
309at766_1359163_0:0002b9|OZ308468.1:588438-590091 -            551 309                  -            500  1.8e-199  654.5  31.4   1   1  2.2e-199  2.2e-199  654.2  31.4    17   500    44   551    29   551 0.94 -
309at766_696127_0:000265|OZ308468.1:588444-590019  -            526 309                  -            500  3.1e-199  653.7  31.0   1   1  3.7e-199  3.7e-199  653.4  31.0    17   498    20   525     5   526 0.94 -
309at766_1286528_0:000293|OZ308468.1:588444-590076 -            545 309                  -            500  3.4e-199  653.5  31.0   1   1  4.3e-199  4.3e-199  653.2  31.0    17   498    39   544    24   545 0.94 -
309at766_2602574_0:0002cb|OZ308468.1:588444-589998 -            519 309                  -            500  4.1e-199  653.3  31.1   1   1    5e-199    5e-199  653.0  31.1    17   498    13   518     3   519 0.94 -
309at766_2115978_0:000451|OZ308468.1:588447-590046 -            534 309                  -            500  6.4e-199  652.7  31.2   1   1  7.8e-199  7.8e-199  652.4  31.2    17   498    29   534    14   534 0.94 -
309at766_1714371_0:00004a|OZ308468.1:588447-590076 -            544 309                  -            500  6.8e-199  652.6  31.2   1   1  8.4e-199  8.4e-199  652.3  31.2    17   498    39   544    24   544 0.94 -
309at766_222891_0:0001ff|OZ308468.1:588447-590076  -            544 309                  -            500  6.8e-199  652.6  31.2   1   1  8.4e-199  8.4e-199  652.3  31.2    17   498    39   544    24   544 0.94 -
309at766_434131_0:0000f2|OZ308468.1:588447-590076  -            544 309                  -            500  6.8e-199  652.6  31.2   1   1  8.4e-199  8.4e-199  652.3  31.2    17   498    39   544    24   544 0.94 -
309at766_1802984_0:000176|OZ308468.1:588450-590004 -            519 309                  -            500  2.1e-198  651.0  30.9   1   1  2.5e-198  2.5e-198  650.7  30.9    17   497    15   519     3   519 0.94 -
309at766_1528098_0:0003c5|OZ308468.1:588456-589965 -            504 309                  -            500  2.7e-197  647.3  31.8   1   1  3.1e-197  3.1e-197  647.1  31.8    18   494     3   503     1   504 0.95 -
309at766_2486577_0:000036|OZ308468.1:588462-590007 -            516 309                  -            500    3e-197  647.1  30.4   1   1  3.6e-197  3.6e-197  646.9  30.4    17   493    16   516     2   516 0.94 -
309at766_1961830_0:00045b|OZ308468.1:588462-590046 -            529 309                  -            500  3.5e-197  646.9  30.6   1   1  4.2e-197  4.2e-197  646.6  30.6    17   493    29   529    14   529 0.94 -
309at766_86105_0:0003e2|OZ308468.1:588462-589971   -            504 309                  -            500  9.1e-197  645.5  31.3   1   1  1.1e-196  1.1e-196  645.2  31.3    18   493     5   504     3   504 0.95 -
309at766_1274402_0:0001b7|OZ308468.1:588465-589953 -            497 309                  -            500  2.6e-195  640.8  32.2   1   1  2.9e-195  2.9e-195  640.6  32.2    20   492     1   497     1   497 0.95 -
309at766_334380_0:000187|OZ308468.1:588666-590049  -            462 309                  -            500  1.8e-184  605.0  23.1   1   1  2.2e-184  2.2e-184  604.7  23.1    17   432    30   462    15   462 0.95 -
309at766_1359168_0:0002c8|OZ308468.1:588666-589950 -            429 309                  -            500  7.7e-183  599.6  24.3   1   1  8.6e-183  8.6e-183  599.4  24.3    21   432     1   429     1   429 0.96 -
#
# Program:         hmmsearch
# Version:         3.4 (Aug 2023)
# Pipeline mode:   SEARCH
# Query file:      /Users/rossoaa/Desktop/dummy/genomes/records/compleasm/mb_downloads/rickettsiales_odb12/hmms/309at766.hmm
# Target file:     -
# Option settings: /Users/rossoaa/miniconda3/envs/compleasm_env/bin/hmmsearch --domtblout /Users/rossoaa/Desktop/dummy/genomes/records/compleasm/rickettsiales_odb12/hmmer_output/309at766.out --cpu 1 /Users/rossoaa/Desktop/dummy/genomes/records/compleasm/mb_downloads/rickettsiales_odb12/hmms/309at766.hmm - 
# Current dir:     /Users/rossoaa/Desktop/dummy/genomes/records/compleasm
# Date:            Tue Feb 10 10:20:24 2026
# [ok]
