#                                                                                                          --- full sequence --- -------------- this domain -------------   hmm coord   ali coord   env coord
# target name                                      accession   tlen query name           accession   qlen   E-value  score  bias   #  of  c-Evalue  i-Evalue  score  bias  from    to  from    to  from    to  acc description of target
#                              ------------------- ---------- ----- -------------------- ---------- ----- --------- ------ ----- --- --- --------- --------- ------ ----- ----- ----- ----- ----- ----- ----- ---- ---------------------
312at766_1714371_0:000006|OZ308468.1:280717-281944 -            409 312                  -            414  4.5e-200  655.2   1.5   1   1    5e-200    5e-200  655.1   1.5     3   410     3   409     1   409 0.99 -
312at766_222891_0:000208|OZ308468.1:280717-281944  -            409 312                  -            414  4.5e-200  655.2   1.5   1   1    5e-200    5e-200  655.1   1.5     3   410     3   409     1   409 0.99 -
312at766_1605993_0:00006f|OZ308468.1:280717-281938 -            407 312                  -            414  6.6e-200  654.7   1.4   1   1  7.3e-200  7.3e-200  654.5   1.4     4   410     2   407     1   407 0.99 -
312at766_169402_0:00054f|OZ308468.1:280717-281938  -            407 312                  -            414  6.6e-200  654.7   1.4   1   1  7.3e-200  7.3e-200  654.5   1.4     4   410     2   407     1   407 0.99 -
312at766_1961830_0:0004e6|OZ308468.1:280717-281938 -            407 312                  -            414  6.6e-200  654.7   1.4   1   1  7.3e-200  7.3e-200  654.5   1.4     4   410     2   407     1   407 0.99 -
312at766_246273_0:000267|OZ308468.1:280717-281938  -            407 312                  -            414  6.6e-200  654.7   1.4   1   1  7.3e-200  7.3e-200  654.5   1.4     4   410     2   407     1   407 0.99 -
312at766_2602574_0:0003f6|OZ308468.1:280717-281938 -            407 312                  -            414  6.6e-200  654.7   1.4   1   1  7.3e-200  7.3e-200  654.5   1.4     4   410     2   407     1   407 0.99 -
312at766_955_0:000220|OZ308468.1:280717-281938     -            407 312                  -            414  6.6e-200  654.7   1.4   1   1  7.3e-200  7.3e-200  654.5   1.4     4   410     2   407     1   407 0.99 -
312at766_96496_0:000090|OZ308468.1:280717-281938   -            407 312                  -            414  6.6e-200  654.7   1.4   1   1  7.3e-200  7.3e-200  654.5   1.4     4   410     2   407     1   407 0.99 -
312at766_696127_0:00031a|OZ308468.1:280723-281944  -            408 312                  -            414  9.4e-200  654.1   1.4   1   1    1e-199    1e-199  654.0   1.4     3   408     3   407     1   408 0.99 -
312at766_272947_0:00025f|OZ308468.1:280723-281950  -            410 312                  -            414  9.5e-200  654.1   1.4   1   1  1.1e-199  1.1e-199  654.0   1.4     3   408     5   409     3   410 0.99 -
312at766_2115978_0:000470|OZ308468.1:280723-281938 -            406 312                  -            414  1.4e-199  653.6   1.3   1   1  1.5e-199  1.5e-199  653.4   1.3     4   408     2   405     1   406 0.99 -
312at766_336407_0:00005b|OZ308468.1:280723-281938  -            406 312                  -            414  1.4e-199  653.6   1.3   1   1  1.5e-199  1.5e-199  653.4   1.3     4   408     2   405     1   406 0.99 -
312at766_481009_0:00003f|OZ308468.1:280723-281938  -            406 312                  -            414  1.4e-199  653.6   1.3   1   1  1.5e-199  1.5e-199  653.4   1.3     4   408     2   405     1   406 0.99 -
312at766_1359163_0:0002b1|OZ308468.1:280717-281929 -            404 312                  -            414  2.1e-199  653.0   1.2   1   1  2.4e-199  2.4e-199  652.8   1.2     6   410     1   404     1   404 0.99 -
312at766_752179_0:0001d4|OZ308468.1:280717-281929  -            404 312                  -            414  2.1e-199  653.0   1.2   1   1  2.4e-199  2.4e-199  652.8   1.2     6   410     1   404     1   404 0.99 -
312at766_334380_0:00006a|OZ308468.1:280732-281944  -            405 312                  -            414  3.8e-199  652.1   1.2   1   1  4.2e-199  4.2e-199  652.0   1.2     3   405     3   404     1   405 0.99 -
312at766_434131_0:000178|OZ308468.1:280732-281944  -            405 312                  -            414  3.8e-199  652.1   1.2   1   1  4.2e-199  4.2e-199  652.0   1.2     3   405     3   404     1   405 0.99 -
312at766_1105107_0:0001a6|OZ308468.1:280723-281929 -            403 312                  -            414  4.5e-199  651.9   1.1   1   1    5e-199    5e-199  651.7   1.1     6   408     1   402     1   403 0.99 -
312at766_1392507_0:000359|OZ308468.1:280723-281929 -            403 312                  -            414  4.5e-199  651.9   1.1   1   1    5e-199    5e-199  651.7   1.1     6   408     1   402     1   403 0.99 -
312at766_1248439_0:000389|OZ308468.1:280732-281929 -            400 312                  -            414  1.9e-198  649.9   1.0   1   1  2.1e-198  2.1e-198  649.7   1.0     6   405     1   399     1   400 0.99 -
312at766_1359168_0:000231|OZ308468.1:280732-281929 -            400 312                  -            414  1.9e-198  649.9   1.0   1   1  2.1e-198  2.1e-198  649.7   1.0     6   405     1   399     1   400 0.99 -
312at766_86105_0:000493|OZ308468.1:280732-281929   -            400 312                  -            414  1.9e-198  649.9   1.0   1   1  2.1e-198  2.1e-198  649.7   1.0     6   405     1   399     1   400 0.99 -
312at766_1274402_0:00037b|OZ308468.1:280726-281926 -            401 312                  -            414  2.2e-198  649.6   0.9   1   1  2.4e-198  2.4e-198  649.5   0.9     7   407     1   400     1   401 0.99 -
312at766_2486578_0:00005b|OZ308468.1:280744-281938 -            399 312                  -            414  2.9e-198  649.3   1.0   1   1  3.2e-198  3.2e-198  649.1   1.0     4   401     2   398     1   399 0.99 -
312at766_1242993_0:00019d|OZ308468.1:280723-281923 -            401 312                  -            414    3e-198  649.2   0.9   1   1  3.4e-198  3.4e-198  649.0   0.9     8   408     1   400     1   401 0.99 -
312at766_142058_0:000014|OZ308468.1:280741-281929  -            397 312                  -            414    7e-198  648.0   0.9   1   1  7.8e-198  7.8e-198  647.8   0.9     6   402     1   396     1   397 0.99 -
312at766_1423892_0:0000df|OZ308468.1:280738-281923 -            396 312                  -            414    3e-197  645.9   0.7   1   1  3.4e-197  3.4e-197  645.7   0.7     8   403     1   395     1   396 0.99 -
312at766_205920_0:00012a|OZ308468.1:280738-281923  -            396 312                  -            414    3e-197  645.9   0.7   1   1  3.4e-197  3.4e-197  645.7   0.7     8   403     1   395     1   396 0.99 -
312at766_391036_0:000103|OZ308468.1:280738-281923  -            396 312                  -            414    3e-197  645.9   0.7   1   1  3.4e-197  3.4e-197  645.7   0.7     8   403     1   395     1   396 0.99 -
312at766_574556_0:0001fa|OZ308468.1:280741-281923  -            395 312                  -            414  4.8e-197  645.2   0.7   1   1  5.4e-197  5.4e-197  645.1   0.7     8   402     1   394     1   395 1.00 -
312at766_779_0:00028d|OZ308468.1:280750-281923     -            392 312                  -            414  2.7e-196  642.8   0.7   1   1    3e-196    3e-196  642.6   0.7     8   399     1   391     1   392 1.00 -
312at766_1286528_0:0000ed|OZ308468.1:280753-281923 -            391 312                  -            414  4.1e-196  642.2   0.6   1   1  4.6e-196  4.6e-196  642.0   0.6     8   398     1   390     1   391 1.00 -
#
# Program:         hmmsearch
# Version:         3.4 (Aug 2023)
# Pipeline mode:   SEARCH
# Query file:      /Users/rossoaa/Desktop/dummy/genomes/records/compleasm/mb_downloads/rickettsiales_odb12/hmms/312at766.hmm
# Target file:     -
# Option settings: /Users/rossoaa/miniconda3/envs/compleasm_env/bin/hmmsearch --domtblout /Users/rossoaa/Desktop/dummy/genomes/records/compleasm/rickettsiales_odb12/hmmer_output/312at766.out --cpu 1 /Users/rossoaa/Desktop/dummy/genomes/records/compleasm/mb_downloads/rickettsiales_odb12/hmms/312at766.hmm - 
# Current dir:     /Users/rossoaa/Desktop/dummy/genomes/records/compleasm
# Date:            Tue Feb 10 10:20:22 2026
# [ok]
