#                                                                                                           --- full sequence --- -------------- this domain -------------   hmm coord   ali coord   env coord
# target name                                       accession   tlen query name           accession   qlen   E-value  score  bias   #  of  c-Evalue  i-Evalue  score  bias  from    to  from    to  from    to  acc description of target
#                               ------------------- ---------- ----- -------------------- ---------- ----- --------- ------ ----- --- --- --------- --------- ------ ----- ----- ----- ----- ----- ----- ----- ---- ---------------------
3146at766_2486577_0:000010|OZ308468.1:558404-559376 -            325 3146                 -            308  2.8e-129  421.7   4.0   1   1  3.2e-129  3.2e-129  421.6   4.0     2   308     4   321     3   321 0.93 -
3146at766_1359163_0:000350|OZ308468.1:558395-559370 -            326 3146                 -            308  2.9e-129  421.7   4.0   1   1  3.2e-129  3.2e-129  421.5   4.0     2   308     2   319     1   319 0.93 -
3146at766_1392507_0:00032c|OZ308468.1:558395-559370 -            326 3146                 -            308  2.9e-129  421.7   4.0   1   1  3.2e-129  3.2e-129  421.5   4.0     2   308     2   319     1   319 0.93 -
3146at766_142058_0:00034f|OZ308468.1:558395-559370  -            326 3146                 -            308  2.9e-129  421.7   4.0   1   1  3.2e-129  3.2e-129  421.5   4.0     2   308     2   319     1   319 0.93 -
3146at766_1423892_0:0002b1|OZ308468.1:558395-559370 -            326 3146                 -            308  2.9e-129  421.7   4.0   1   1  3.2e-129  3.2e-129  421.5   4.0     2   308     2   319     1   319 0.93 -
3146at766_169402_0:00008a|OZ308468.1:558395-559370  -            326 3146                 -            308  2.9e-129  421.7   4.0   1   1  3.2e-129  3.2e-129  421.5   4.0     2   308     2   319     1   319 0.93 -
3146at766_205920_0:000143|OZ308468.1:558395-559370  -            326 3146                 -            308  2.9e-129  421.7   4.0   1   1  3.2e-129  3.2e-129  421.5   4.0     2   308     2   319     1   319 0.93 -
3146at766_391036_0:0002e2|OZ308468.1:558395-559370  -            326 3146                 -            308  2.9e-129  421.7   4.0   1   1  3.2e-129  3.2e-129  421.5   4.0     2   308     2   319     1   319 0.93 -
3146at766_955_0:0000f6|OZ308468.1:558395-559370     -            326 3146                 -            308  2.9e-129  421.7   4.0   1   1  3.2e-129  3.2e-129  421.5   4.0     2   308     2   319     1   319 0.93 -
3146at766_1528098_0:0001ad|OZ308468.1:558395-559376 -            328 3146                 -            308  2.9e-129  421.7   4.0   1   1  3.3e-129  3.3e-129  421.5   4.0     2   308     4   321     3   321 0.93 -
3146at766_86105_0:0002d3|OZ308468.1:558392-559370   -            327 3146                 -            308  2.9e-129  421.7   4.0   1   1  3.3e-129  3.3e-129  421.5   4.0     2   308     2   319     1   319 0.93 -
3146at766_574556_0:000087|OZ308468.1:558383-559370  -            330 3146                 -            308    3e-129  421.6   4.0   1   1  3.4e-129  3.4e-129  421.5   4.0     2   308     2   319     1   319 0.93 -
3146at766_96496_0:000053|OZ308468.1:558383-559370   -            330 3146                 -            308    3e-129  421.6   4.0   1   1  3.4e-129  3.4e-129  421.5   4.0     2   308     2   319     1   319 0.93 -
3146at766_1242993_0:000117|OZ308468.1:558374-559370 -            332 3146                 -            308  3.1e-129  421.6   4.0   1   1  3.5e-129  3.5e-129  421.4   4.0     2   308     2   319     1   319 0.93 -
3146at766_1248439_0:00038a|OZ308468.1:558374-559370 -            332 3146                 -            308  3.1e-129  421.6   4.0   1   1  3.5e-129  3.5e-129  421.4   4.0     2   308     2   319     1   319 0.93 -
3146at766_246273_0:000023|OZ308468.1:558374-559370  -            332 3146                 -            308  3.1e-129  421.6   4.0   1   1  3.5e-129  3.5e-129  421.4   4.0     2   308     2   319     1   319 0.93 -
3146at766_779_0:0002cd|OZ308468.1:558374-559370     -            332 3146                 -            308  3.1e-129  421.6   4.0   1   1  3.5e-129  3.5e-129  421.4   4.0     2   308     2   319     1   319 0.93 -
3146at766_1605993_0:000148|OZ308468.1:558374-559391 -            339 3146                 -            308  3.3e-129  421.5   4.0   1   1  3.8e-129  3.8e-129  421.3   4.0     2   308     9   326     8   326 0.93 -
3146at766_1961830_0:000512|OZ308468.1:558419-559376 -            320 3146                 -            308  6.3e-129  420.6   4.1   1   1  7.1e-129  7.1e-129  420.4   4.1     2   307     4   320     3   320 0.93 -
3146at766_1359168_0:0002ec|OZ308468.1:558449-559373 -            309 3146                 -            308    1e-126  413.3   4.0   1   1  1.2e-126  1.2e-126  413.1   4.0     2   296     3   308     2   309 0.93 -
3146at766_1105107_0:000108|OZ308468.1:558449-559376 -            310 3146                 -            308  1.1e-126  413.3   4.0   1   1  1.2e-126  1.2e-126  413.1   4.0     2   296     4   309     3   310 0.93 -
3146at766_272947_0:0000c9|OZ308468.1:558449-559376  -            310 3146                 -            308  1.1e-126  413.3   4.0   1   1  1.2e-126  1.2e-126  413.1   4.0     2   296     4   309     3   310 0.93 -
3146at766_336407_0:0003cc|OZ308468.1:558449-559376  -            310 3146                 -            308  1.1e-126  413.3   4.0   1   1  1.2e-126  1.2e-126  413.1   4.0     2   296     4   309     3   310 0.93 -
3146at766_334380_0:0003db|OZ308468.1:558455-559382  -            310 3146                 -            308  5.7e-126  410.9   4.6   1   1  6.5e-126  6.5e-126  410.7   4.6     2   294     6   309     5   310 0.93 -
3146at766_481009_0:000334|OZ308468.1:558449-559298  -            284 3146                 -            308  3.4e-125  408.3   2.2   1   1  3.7e-125  3.7e-125  408.2   2.2    23   296     4   283     1   284 0.95 -
3146at766_1286528_0:000228|OZ308468.1:558374-559130 -            252 3146                 -            308  1.3e-118  386.7   1.4   1   1  1.5e-118  1.5e-118  386.5   1.4    72   308     2   239     1   239 0.98 -
3146at766_696127_0:000156|OZ308468.1:558377-559118  -            248 3146                 -            308  2.8e-117  382.3   1.5   1   1  3.1e-117  3.1e-117  382.2   1.5    75   308     1   235     1   235 0.99 -
3146at766_1714371_0:000241|OZ308468.1:558407-559109 -            235 3146                 -            308    6e-116  378.0   1.4   1   1  6.7e-116  6.7e-116  377.8   1.4    78   308     1   232     1   232 0.99 -
3146at766_222891_0:000240|OZ308468.1:558395-559109  -            239 3146                 -            308  6.4e-116  377.9   1.4   1   1  7.1e-116  7.1e-116  377.7   1.4    78   308     1   232     1   232 0.99 -
3146at766_434131_0:0000a9|OZ308468.1:558395-559109  -            239 3146                 -            308  6.4e-116  377.9   1.4   1   1  7.1e-116  7.1e-116  377.7   1.4    78   308     1   232     1   232 0.99 -
3146at766_2602574_0:00043f|OZ308468.1:558470-559151 -            228 3146                 -            308  1.8e-115  376.4   2.2   1   1    2e-115    2e-115  376.2   2.2    67   289     4   227     1   228 0.98 -
3146at766_2115978_0:000449|OZ308468.1:558482-559133 -            218 3146                 -            308  3.8e-112  365.5   2.8   1   1  4.2e-112  4.2e-112  365.3   2.8    70   286     1   218     1   218 0.98 -
3146at766_1802984_0:0001ca|OZ308468.1:558575-559142 -            190 3146                 -            308  1.6e-102  333.9   2.5   1   1  1.8e-102  1.8e-102  333.7   2.5    68   254     2   189     1   190 0.98 -
3146at766_2486578_0:000163|OZ308468.1:558593-559205 -            205 3146                 -            308  8.7e-101  328.2   4.8   1   1    1e-100    1e-100  327.9   4.8    56   249     7   205     2   205 0.95 -
#
# Program:         hmmsearch
# Version:         3.4 (Aug 2023)
# Pipeline mode:   SEARCH
# Query file:      /Users/rossoaa/Desktop/dummy/genomes/records/compleasm/mb_downloads/rickettsiales_odb12/hmms/3146at766.hmm
# Target file:     -
# Option settings: /Users/rossoaa/miniconda3/envs/compleasm_env/bin/hmmsearch --domtblout /Users/rossoaa/Desktop/dummy/genomes/records/compleasm/rickettsiales_odb12/hmmer_output/3146at766.out --cpu 1 /Users/rossoaa/Desktop/dummy/genomes/records/compleasm/mb_downloads/rickettsiales_odb12/hmms/3146at766.hmm - 
# Current dir:     /Users/rossoaa/Desktop/dummy/genomes/records/compleasm
# Date:            Tue Feb 10 10:20:23 2026
# [ok]
