#                                                                                                             --- full sequence --- -------------- this domain -------------   hmm coord   ali coord   env coord
# target name                                         accession   tlen query name           accession   qlen   E-value  score  bias   #  of  c-Evalue  i-Evalue  score  bias  from    to  from    to  from    to  acc description of target
#                                 ------------------- ---------- ----- -------------------- ---------- ----- --------- ------ ----- --- --- --------- --------- ------ ----- ----- ----- ----- ----- ----- ----- ---- ---------------------
3157at766_246273_0:0002d1|OZ308468.1:1408858-1410373  -            504 3157                 -            515  3.1e-224  737.3  23.5   1   1  3.4e-224  3.4e-224  737.1  23.5     2   510     2   502     1   504 0.98 -
3157at766_336407_0:000211|OZ308468.1:1408858-1410373  -            504 3157                 -            515  3.1e-224  737.3  23.5   1   1  3.4e-224  3.4e-224  737.1  23.5     2   510     2   502     1   504 0.98 -
3157at766_481009_0:000249|OZ308468.1:1408858-1410373  -            504 3157                 -            515  3.1e-224  737.3  23.5   1   1  3.4e-224  3.4e-224  737.1  23.5     2   510     2   502     1   504 0.98 -
3157at766_169402_0:00041a|OZ308468.1:1408858-1410373  -            504 3157                 -            515  6.1e-224  736.3  23.8   1   1  6.7e-224  6.7e-224  736.1  23.8     2   510     2   502     1   504 0.98 -
3157at766_1961830_0:00002e|OZ308468.1:1408858-1410373 -            504 3157                 -            515  6.1e-224  736.3  23.8   1   1  6.7e-224  6.7e-224  736.1  23.8     2   510     2   502     1   504 0.98 -
3157at766_1605993_0:000006|OZ308468.1:1408858-1410373 -            504 3157                 -            515  6.5e-224  736.2  23.7   1   1  7.3e-224  7.3e-224  736.0  23.7     2   510     2   502     1   504 0.98 -
3157at766_1605993_0:000006|OZ308468.1:9737-11249      -            504 3157                 -            515  6.5e-224  736.2  23.7   1   1  7.3e-224  7.3e-224  736.0  23.7     2   510     2   502     1   504 0.98 -
3157at766_169402_0:00041a|OZ308468.1:9737-11249       -            504 3157                 -            515  6.5e-224  736.2  23.7   1   1  7.3e-224  7.3e-224  736.0  23.7     2   510     2   502     1   504 0.98 -
3157at766_1961830_0:00002e|OZ308468.1:9737-11249      -            504 3157                 -            515  6.5e-224  736.2  23.7   1   1  7.3e-224  7.3e-224  736.0  23.7     2   510     2   502     1   504 0.98 -
3157at766_246273_0:0002d1|OZ308468.1:9737-11249       -            504 3157                 -            515  6.5e-224  736.2  23.7   1   1  7.3e-224  7.3e-224  736.0  23.7     2   510     2   502     1   504 0.98 -
3157at766_272947_0:000337|OZ308468.1:9737-11249       -            504 3157                 -            515  6.5e-224  736.2  23.7   1   1  7.3e-224  7.3e-224  736.0  23.7     2   510     2   502     1   504 0.98 -
3157at766_336407_0:000211|OZ308468.1:9737-11249       -            504 3157                 -            515  6.5e-224  736.2  23.7   1   1  7.3e-224  7.3e-224  736.0  23.7     2   510     2   502     1   504 0.98 -
3157at766_481009_0:000249|OZ308468.1:9737-11249       -            504 3157                 -            515  6.5e-224  736.2  23.7   1   1  7.3e-224  7.3e-224  736.0  23.7     2   510     2   502     1   504 0.98 -
3157at766_96496_0:000088|OZ308468.1:1408858-1410373   -            504 3157                 -            515  6.5e-224  736.2  23.7   1   1  7.3e-224  7.3e-224  736.0  23.7     2   510     2   502     1   504 0.98 -
3157at766_96496_0:000088|OZ308468.1:9737-11249        -            504 3157                 -            515  6.5e-224  736.2  23.7   1   1  7.3e-224  7.3e-224  736.0  23.7     2   510     2   502     1   504 0.98 -
3157at766_2486578_0:00008a|OZ308468.1:9728-11249      -            507 3157                 -            515  6.6e-224  736.2  23.7   1   1  7.4e-224  7.4e-224  736.0  23.7     2   510     5   505     4   507 0.98 -
3157at766_222891_0:000293|OZ308468.1:9740-11240       -            501 3157                 -            515  1.2e-223  735.3  23.0   1   1  1.3e-223  1.3e-223  735.2  23.0     4   509     3   500     1   501 0.98 -
3157at766_2486578_0:00008a|OZ308468.1:1408849-1410373 -            507 3157                 -            515  1.5e-223  735.0  23.3   1   1  1.7e-223  1.7e-223  734.8  23.3     2   510     5   505     4   507 0.98 -
3157at766_142058_0:00026e|OZ308468.1:1408873-1410364  -            497 3157                 -            515  2.3e-223  734.4  23.2   1   1  2.6e-223  2.6e-223  734.2  23.2     7   509     2   496     1   497 0.99 -
3157at766_574556_0:000301|OZ308468.1:1408873-1410364  -            497 3157                 -            515  2.3e-223  734.4  23.2   1   1  2.6e-223  2.6e-223  734.2  23.2     7   509     2   496     1   497 0.99 -
3157at766_1359163_0:00037f|OZ308468.1:9743-11243      -            501 3157                 -            515  2.5e-223  734.2  24.3   1   1  2.8e-223  2.8e-223  734.1  24.3     4   509     2   499     1   501 0.98 -
3157at766_1105107_0:000356|OZ308468.1:1408858-1410352 -            498 3157                 -            515  3.3e-223  733.9  23.8   1   1  3.7e-223  3.7e-223  733.7  23.8     2   505     2   497     1   498 0.98 -
3157at766_1242993_0:000047|OZ308468.1:1408858-1410352 -            498 3157                 -            515  3.5e-223  733.8  24.1   1   1  3.9e-223  3.9e-223  733.6  24.1     2   505     2   497     1   498 0.98 -
3157at766_752179_0:000376|OZ308468.1:1408879-1410373  -            497 3157                 -            515  3.9e-223  733.6  22.9   1   1  4.4e-223  4.4e-223  733.5  22.9     8   510     1   495     1   497 0.98 -
3157at766_272947_0:000337|OZ308468.1:1408858-1410373  -            504 3157                 -            515  4.4e-223  733.5  24.7   1   1  4.8e-223  4.8e-223  733.3  24.7     2   510     2   502     1   504 0.98 -
3157at766_1248439_0:000140|OZ308468.1:9752-11240      -            497 3157                 -            515    5e-223  733.3  23.4   1   1  5.6e-223  5.6e-223  733.1  23.4     7   509     2   496     1   497 0.99 -
3157at766_142058_0:00026e|OZ308468.1:9752-11240       -            497 3157                 -            515    5e-223  733.3  23.4   1   1  5.6e-223  5.6e-223  733.1  23.4     7   509     2   496     1   497 0.99 -
3157at766_574556_0:000301|OZ308468.1:9752-11240       -            497 3157                 -            515    5e-223  733.3  23.4   1   1  5.6e-223  5.6e-223  733.1  23.4     7   509     2   496     1   497 0.99 -
3157at766_434131_0:000012|OZ308468.1:9755-11240       -            496 3157                 -            515  5.5e-223  733.1  22.9   1   1  6.1e-223  6.1e-223  733.0  22.9     7   509     1   495     1   496 0.99 -
3157at766_1359163_0:00037f|OZ308468.1:1408864-1410367 -            501 3157                 -            515  6.1e-223  733.0  24.1   1   1  6.8e-223  6.8e-223  732.8  24.1     4   509     2   499     1   501 0.98 -
3157at766_222891_0:000293|OZ308468.1:1408861-1410364  -            501 3157                 -            515  6.8e-223  732.8  24.0   1   1  7.6e-223  7.6e-223  732.7  24.0     4   509     3   500     1   501 0.98 -
3157at766_1105107_0:000356|OZ308468.1:9737-11228      -            498 3157                 -            515  7.1e-223  732.8  24.0   1   1    8e-223    8e-223  732.6  24.0     2   505     2   497     1   498 0.98 -
3157at766_1242993_0:000047|OZ308468.1:9737-11228      -            498 3157                 -            515  7.1e-223  732.8  24.0   1   1    8e-223    8e-223  732.6  24.0     2   505     2   497     1   498 0.98 -
3157at766_1359168_0:000061|OZ308468.1:9737-11228      -            498 3157                 -            515  7.1e-223  732.8  24.0   1   1    8e-223    8e-223  732.6  24.0     2   505     2   497     1   498 0.98 -
3157at766_1423892_0:00002e|OZ308468.1:9737-11228      -            498 3157                 -            515  7.1e-223  732.8  24.0   1   1    8e-223    8e-223  732.6  24.0     2   505     2   497     1   498 0.98 -
3157at766_205920_0:0002a3|OZ308468.1:9737-11228       -            498 3157                 -            515  7.1e-223  732.8  24.0   1   1    8e-223    8e-223  732.6  24.0     2   505     2   497     1   498 0.98 -
3157at766_391036_0:000250|OZ308468.1:9737-11228       -            498 3157                 -            515  7.1e-223  732.8  24.0   1   1    8e-223    8e-223  732.6  24.0     2   505     2   497     1   498 0.98 -
3157at766_779_0:00037a|OZ308468.1:9737-11228          -            498 3157                 -            515  7.1e-223  732.8  24.0   1   1    8e-223    8e-223  732.6  24.0     2   505     2   497     1   498 0.98 -
3157at766_1528098_0:0005fb|OZ308468.1:1408879-1410373 -            497 3157                 -            515  7.9e-223  732.6  23.2   1   1  8.8e-223  8.8e-223  732.5  23.2     8   510     1   495     1   497 0.98 -
3157at766_1359168_0:000061|OZ308468.1:1408858-1410352 -            498 3157                 -            515  7.9e-223  732.6  24.5   1   1  8.8e-223  8.8e-223  732.5  24.5     2   505     2   497     1   498 0.98 -
3157at766_1528098_0:0005fb|OZ308468.1:9758-11249      -            497 3157                 -            515  8.5e-223  732.5  23.1   1   1  9.5e-223  9.5e-223  732.4  23.1     8   510     1   495     1   497 0.98 -
3157at766_2486577_0:0000f9|OZ308468.1:1408879-1410373 -            497 3157                 -            515  8.5e-223  732.5  23.1   1   1  9.5e-223  9.5e-223  732.4  23.1     8   510     1   495     1   497 0.98 -
3157at766_2486577_0:0000f9|OZ308468.1:9758-11249      -            497 3157                 -            515  8.5e-223  732.5  23.1   1   1  9.5e-223  9.5e-223  732.4  23.1     8   510     1   495     1   497 0.98 -
3157at766_752179_0:000376|OZ308468.1:9758-11249       -            497 3157                 -            515  8.5e-223  732.5  23.1   1   1  9.5e-223  9.5e-223  732.4  23.1     8   510     1   495     1   497 0.98 -
3157at766_1248439_0:000140|OZ308468.1:1408873-1410364 -            497 3157                 -            515  1.1e-222  732.1  23.0   1   1  1.3e-222  1.3e-222  731.9  23.0     7   509     2   496     1   497 0.99 -
3157at766_1423892_0:00002e|OZ308468.1:1408858-1410352 -            498 3157                 -            515  1.7e-222  731.5  23.8   1   1  1.9e-222  1.9e-222  731.3  23.8     2   505     2   497     1   498 0.98 -
3157at766_205920_0:0002a3|OZ308468.1:1408858-1410352  -            498 3157                 -            515  1.7e-222  731.5  23.8   1   1  1.9e-222  1.9e-222  731.3  23.8     2   505     2   497     1   498 0.98 -
3157at766_391036_0:000250|OZ308468.1:1408858-1410352  -            498 3157                 -            515  1.7e-222  731.5  23.8   1   1  1.9e-222  1.9e-222  731.3  23.8     2   505     2   497     1   498 0.98 -
3157at766_779_0:00037a|OZ308468.1:1408858-1410352     -            498 3157                 -            515  1.7e-222  731.5  23.8   1   1  1.9e-222  1.9e-222  731.3  23.8     2   505     2   497     1   498 0.98 -
3157at766_955_0:000004|OZ308468.1:1408891-1410373     -            493 3157                 -            515    3e-222  730.7  22.6   1   1  3.3e-222  3.3e-222  730.5  22.6    12   510     1   491     1   493 0.98 -
3157at766_434131_0:000012|OZ308468.1:1408876-1410364  -            496 3157                 -            515  3.1e-222  730.6  23.9   1   1  3.5e-222  3.5e-222  730.5  23.9     7   509     1   495     1   496 0.99 -
3157at766_1286528_0:0002cf|OZ308468.1:1408879-1410352 -            491 3157                 -            515  4.3e-222  730.2  23.1   1   1  4.8e-222  4.8e-222  730.0  23.1     8   505     1   490     1   491 0.99 -
3157at766_334380_0:0001bc|OZ308468.1:1408852-1410343  -            497 3157                 -            515  6.5e-222  729.6  24.3   1   1  7.3e-222  7.3e-222  729.4  24.3     2   503     4   497     3   497 0.98 -
3157at766_955_0:000004|OZ308468.1:9770-11249          -            493 3157                 -            515  6.5e-222  729.6  22.8   1   1  7.3e-222  7.3e-222  729.4  22.8    12   510     1   491     1   493 0.98 -
3157at766_334380_0:0001bc|OZ308468.1:9731-11219       -            497 3157                 -            515    7e-222  729.5  24.3   1   1  7.9e-222  7.9e-222  729.3  24.3     2   503     4   497     3   497 0.98 -
3157at766_1392507_0:000171|OZ308468.1:9743-11222      -            494 3157                 -            515  7.6e-222  729.4  24.3   1   1  8.5e-222  8.5e-222  729.2  24.3     4   504     2   494     1   494 0.98 -
3157at766_2115978_0:000394|OZ308468.1:9743-11222      -            494 3157                 -            515  7.6e-222  729.4  24.3   1   1  8.5e-222  8.5e-222  729.2  24.3     4   504     2   494     1   494 0.98 -
3157at766_2115978_0:000394|OZ308468.1:1408864-1410346 -            494 3157                 -            515  8.4e-222  729.2  24.8   1   1  9.3e-222  9.3e-222  729.1  24.8     4   504     2   494     1   494 0.99 -
3157at766_1286528_0:0002cf|OZ308468.1:9758-11228      -            491 3157                 -            515  9.3e-222  729.1  23.4   1   1    1e-221    1e-221  728.9  23.4     8   505     1   490     1   491 0.99 -
3157at766_1392507_0:000171|OZ308468.1:1408864-1410346 -            494 3157                 -            515  1.8e-221  728.1  24.1   1   1    2e-221    2e-221  728.0  24.1     4   504     2   494     1   494 0.98 -
3157at766_1714371_0:00023b|OZ308468.1:9755-11219      -            489 3157                 -            515  5.3e-221  726.6  23.9   1   1  5.9e-221  5.9e-221  726.4  23.9     7   503     1   489     1   489 0.99 -
3157at766_2602574_0:0001d1|OZ308468.1:9764-11222      -            487 3157                 -            515  9.1e-221  725.8  22.9   1   1    1e-220    1e-220  725.7  22.9    11   504     2   487     1   487 0.99 -
3157at766_86105_0:00037f|OZ308468.1:1408879-1410340   -            487 3157                 -            515  1.4e-220  725.2  22.8   1   1  1.5e-220  1.5e-220  725.1  22.8     8   502     1   487     1   487 0.99 -
3157at766_696127_0:000082|OZ308468.1:9758-11216       -            487 3157                 -            515  1.7e-220  724.9  23.5   1   1  1.9e-220  1.9e-220  724.7  23.5     8   502     1   487     1   487 0.99 -
3157at766_86105_0:00037f|OZ308468.1:9758-11216        -            487 3157                 -            515  1.7e-220  724.9  23.5   1   1  1.9e-220  1.9e-220  724.7  23.5     8   502     1   487     1   487 0.99 -
3157at766_1714371_0:00023b|OZ308468.1:1408876-1410343 -            489 3157                 -            515    3e-220  724.1  24.8   1   1  3.4e-220  3.4e-220  723.9  24.8     7   503     1   489     1   489 0.99 -
3157at766_2602574_0:0001d1|OZ308468.1:1408885-1410346 -            487 3157                 -            515  1.9e-219  721.5  21.8   1   1  2.1e-219  2.1e-219  721.3  21.8    11   504     2   487     1   487 0.98 -
3157at766_696127_0:000082|OZ308468.1:1408879-1410340  -            487 3157                 -            515  3.4e-219  720.6  22.4   1   1  3.9e-219  3.9e-219  720.4  22.4     8   502     1   487     1   487 0.98 -
3157at766_1274402_0:000302|OZ308468.1:9803-11249      -            482 3157                 -            515  1.4e-218  718.6  21.3   1   1  1.5e-218  1.5e-218  718.5  21.3    23   510     1   480     1   482 0.99 -
3157at766_1274402_0:000302|OZ308468.1:1408924-1410373 -            482 3157                 -            515  1.5e-218  718.5  21.8   1   1  1.7e-218  1.7e-218  718.4  21.8    23   510     1   480     1   482 0.99 -
3157at766_1802984_0:0001fb|OZ308468.1:9779-11204      -            476 3157                 -            515  5.4e-217  713.4  21.6   1   1  6.1e-217  6.1e-217  713.2  21.6    15   498     1   476     1   476 0.99 -
#
# Program:         hmmsearch
# Version:         3.4 (Aug 2023)
# Pipeline mode:   SEARCH
# Query file:      /Users/rossoaa/Desktop/dummy/genomes/records/compleasm/mb_downloads/rickettsiales_odb12/hmms/3157at766.hmm
# Target file:     -
# Option settings: /Users/rossoaa/miniconda3/envs/compleasm_env/bin/hmmsearch --domtblout /Users/rossoaa/Desktop/dummy/genomes/records/compleasm/rickettsiales_odb12/hmmer_output/3157at766.out --cpu 1 /Users/rossoaa/Desktop/dummy/genomes/records/compleasm/mb_downloads/rickettsiales_odb12/hmms/3157at766.hmm - 
# Current dir:     /Users/rossoaa/Desktop/dummy/genomes/records/compleasm
# Date:            Tue Feb 10 10:20:23 2026
# [ok]
