#                                                                                                           --- full sequence --- -------------- this domain -------------   hmm coord   ali coord   env coord
# target name                                       accession   tlen query name           accession   qlen   E-value  score  bias   #  of  c-Evalue  i-Evalue  score  bias  from    to  from    to  from    to  acc description of target
#                               ------------------- ---------- ----- -------------------- ---------- ----- --------- ------ ----- --- --- --------- --------- ------ ----- ----- ----- ----- ----- ----- ----- ---- ---------------------
3167at766_1605993_0:0001ee|OZ308468.1:735967-736477 -            170 3167                 -            168   1.1e-84  272.7   8.7   1   1   1.3e-84   1.3e-84  272.6   8.7     2   168     4   170     3   170 0.98 -
3167at766_169402_0:000084|OZ308468.1:735967-736477  -            170 3167                 -            168   1.1e-84  272.7   8.7   1   1   1.3e-84   1.3e-84  272.6   8.7     2   168     4   170     3   170 0.98 -
3167at766_246273_0:00002e|OZ308468.1:735967-736477  -            170 3167                 -            168   1.1e-84  272.7   8.7   1   1   1.3e-84   1.3e-84  272.6   8.7     2   168     4   170     3   170 0.98 -
3167at766_86105_0:00017a|OZ308468.1:735967-736477   -            170 3167                 -            168   1.1e-84  272.7   8.7   1   1   1.3e-84   1.3e-84  272.6   8.7     2   168     4   170     3   170 0.98 -
3167at766_955_0:00032c|OZ308468.1:735967-736477     -            170 3167                 -            168   1.1e-84  272.7   8.7   1   1   1.3e-84   1.3e-84  272.6   8.7     2   168     4   170     3   170 0.98 -
3167at766_96496_0:000065|OZ308468.1:735967-736477   -            170 3167                 -            168   1.1e-84  272.7   8.7   1   1   1.3e-84   1.3e-84  272.6   8.7     2   168     4   170     3   170 0.98 -
3167at766_1242993_0:000284|OZ308468.1:735976-736477 -            167 3167                 -            168   1.2e-84  272.7   8.3   1   1   1.3e-84   1.3e-84  272.6   8.3     3   168     2   167     1   167 0.98 -
3167at766_1423892_0:000191|OZ308468.1:735976-736477 -            167 3167                 -            168   1.2e-84  272.7   8.3   1   1   1.3e-84   1.3e-84  272.6   8.3     3   168     2   167     1   167 0.98 -
3167at766_1528098_0:000520|OZ308468.1:735976-736477 -            167 3167                 -            168   1.2e-84  272.7   8.3   1   1   1.3e-84   1.3e-84  272.6   8.3     3   168     2   167     1   167 0.98 -
3167at766_779_0:00024f|OZ308468.1:735976-736477     -            167 3167                 -            168   1.2e-84  272.7   8.3   1   1   1.3e-84   1.3e-84  272.6   8.3     3   168     2   167     1   167 0.98 -
3167at766_1359163_0:00007e|OZ308468.1:735961-736477 -            172 3167                 -            168   1.2e-84  272.7   8.7   1   1   1.3e-84   1.3e-84  272.5   8.7     2   168     6   172     5   172 0.98 -
3167at766_2602574_0:000200|OZ308468.1:735979-736477 -            166 3167                 -            168   1.5e-84  272.3   7.9   1   1   1.7e-84   1.7e-84  272.2   7.9     5   168     3   166     1   166 0.99 -
3167at766_1714371_0:0000f5|OZ308468.1:735973-736468 -            166 3167                 -            168   3.9e-84  271.0   8.6   1   1   4.3e-84   4.3e-84  270.9   8.6     2   165     2   165     1   166 0.99 -
3167at766_222891_0:0002cb|OZ308468.1:735973-736468  -            166 3167                 -            168   3.9e-84  271.0   8.6   1   1   4.3e-84   4.3e-84  270.9   8.6     2   165     2   165     1   166 0.99 -
3167at766_434131_0:00020e|OZ308468.1:735973-736468  -            166 3167                 -            168   3.9e-84  271.0   8.6   1   1   4.3e-84   4.3e-84  270.9   8.6     2   165     2   165     1   166 0.99 -
3167at766_752179_0:000321|OZ308468.1:735970-736465  -            166 3167                 -            168   5.7e-84  270.4   8.6   1   1   6.4e-84   6.4e-84  270.3   8.6     2   165     3   166     2   166 0.99 -
3167at766_1961830_0:000089|OZ308468.1:735967-736465 -            167 3167                 -            168   5.8e-84  270.4   8.6   1   1   6.5e-84   6.5e-84  270.3   8.6     2   165     4   167     3   167 0.99 -
3167at766_2115978_0:000050|OZ308468.1:735967-736465 -            167 3167                 -            168   5.8e-84  270.4   8.6   1   1   6.5e-84   6.5e-84  270.3   8.6     2   165     4   167     3   167 0.99 -
3167at766_1274402_0:000274|OZ308468.1:735976-736465 -            164 3167                 -            168   5.9e-84  270.4   8.2   1   1   6.5e-84   6.5e-84  270.3   8.2     3   165     2   164     1   164 0.99 -
3167at766_1248439_0:0002fc|OZ308468.1:735988-736477 -            163 3167                 -            168   8.4e-84  269.9   8.5   1   1   9.3e-84   9.3e-84  269.8   8.5     6   168     1   163     1   163 0.99 -
3167at766_1359168_0:00018e|OZ308468.1:735982-736465 -            162 3167                 -            168   1.2e-83  269.4   7.9   1   1   1.3e-83   1.3e-83  269.3   7.9     5   165     2   162     1   162 0.99 -
3167at766_1392507_0:000248|OZ308468.1:735994-736474 -            161 3167                 -            168   6.6e-83  267.0   8.9   1   1   7.3e-83   7.3e-83  266.9   8.9     8   168     1   161     1   161 0.99 -
3167at766_334380_0:00008e|OZ308468.1:736006-736465  -            154 3167                 -            168   2.4e-80  258.6  10.0   1   1   2.7e-80   2.7e-80  258.5  10.0    12   165     1   154     1   154 0.99 -
#
# Program:         hmmsearch
# Version:         3.4 (Aug 2023)
# Pipeline mode:   SEARCH
# Query file:      /Users/rossoaa/Desktop/dummy/genomes/records/compleasm/mb_downloads/rickettsiales_odb12/hmms/3167at766.hmm
# Target file:     -
# Option settings: /Users/rossoaa/miniconda3/envs/compleasm_env/bin/hmmsearch --domtblout /Users/rossoaa/Desktop/dummy/genomes/records/compleasm/rickettsiales_odb12/hmmer_output/3167at766.out --cpu 1 /Users/rossoaa/Desktop/dummy/genomes/records/compleasm/mb_downloads/rickettsiales_odb12/hmms/3167at766.hmm - 
# Current dir:     /Users/rossoaa/Desktop/dummy/genomes/records/compleasm
# Date:            Tue Feb 10 10:20:21 2026
# [ok]
