#                                                                                                          --- full sequence --- -------------- this domain -------------   hmm coord   ali coord   env coord
# target name                                      accession   tlen query name           accession   qlen   E-value  score  bias   #  of  c-Evalue  i-Evalue  score  bias  from    to  from    to  from    to  acc description of target
#                              ------------------- ---------- ----- -------------------- ---------- ----- --------- ------ ----- --- --- --------- --------- ------ ----- ----- ----- ----- ----- ----- ----- ---- ---------------------
318at766_2602574_0:00023d|OZ308468.1:177774-178059 -             96 318                  -             95   6.8e-50  157.9   1.4   1   1   7.4e-50   7.4e-50  157.8   1.4     2    95     2    96     1    96 0.95 -
318at766_86105_0:0000aa|OZ308468.1:177774-178059   -             96 318                  -             95   6.8e-50  157.9   1.4   1   1   7.4e-50   7.4e-50  157.8   1.4     2    95     2    96     1    96 0.95 -
318at766_2486577_0:00032c|OZ308468.1:177774-178062 -             97 318                  -             95   6.8e-50  157.9   1.4   1   1   7.7e-50   7.7e-50  157.7   1.4     2    95     3    97     2    97 0.95 -
318at766_1242993_0:0002c4|OZ308468.1:177768-178059 -             97 318                  -             95     7e-50  157.9   1.4   1   1   7.7e-50   7.7e-50  157.7   1.4     2    95     2    96     1    96 0.95 -
318at766_1359163_0:000339|OZ308468.1:177768-178059 -             97 318                  -             95     7e-50  157.9   1.4   1   1   7.7e-50   7.7e-50  157.7   1.4     2    95     2    96     1    96 0.95 -
318at766_1392507_0:0002ff|OZ308468.1:177768-178059 -             97 318                  -             95     7e-50  157.9   1.4   1   1   7.7e-50   7.7e-50  157.7   1.4     2    95     2    96     1    96 0.95 -
318at766_1423892_0:000358|OZ308468.1:177768-178059 -             97 318                  -             95     7e-50  157.9   1.4   1   1   7.7e-50   7.7e-50  157.7   1.4     2    95     2    96     1    96 0.95 -
318at766_205920_0:0000ce|OZ308468.1:177768-178059  -             97 318                  -             95     7e-50  157.9   1.4   1   1   7.7e-50   7.7e-50  157.7   1.4     2    95     2    96     1    96 0.95 -
318at766_391036_0:0001e5|OZ308468.1:177768-178059  -             97 318                  -             95     7e-50  157.9   1.4   1   1   7.7e-50   7.7e-50  157.7   1.4     2    95     2    96     1    96 0.95 -
318at766_696127_0:000295|OZ308468.1:177768-178059  -             97 318                  -             95     7e-50  157.9   1.4   1   1   7.7e-50   7.7e-50  157.7   1.4     2    95     2    96     1    96 0.95 -
318at766_779_0:00023f|OZ308468.1:177768-178059     -             97 318                  -             95     7e-50  157.9   1.4   1   1   7.7e-50   7.7e-50  157.7   1.4     2    95     2    96     1    96 0.95 -
318at766_1248439_0:000131|OZ308468.1:177768-178062 -             98 318                  -             95   7.1e-50  157.9   1.4   1   1     8e-50     8e-50  157.7   1.4     2    95     3    97     2    97 0.95 -
318at766_142058_0:000235|OZ308468.1:177768-178062  -             98 318                  -             95   7.1e-50  157.9   1.4   1   1     8e-50     8e-50  157.7   1.4     2    95     3    97     2    97 0.95 -
318at766_1605993_0:000305|OZ308468.1:177768-178062 -             98 318                  -             95   7.1e-50  157.9   1.4   1   1     8e-50     8e-50  157.7   1.4     2    95     3    97     2    97 0.95 -
318at766_169402_0:00024a|OZ308468.1:177768-178062  -             98 318                  -             95   7.1e-50  157.9   1.4   1   1     8e-50     8e-50  157.7   1.4     2    95     3    97     2    97 0.95 -
318at766_246273_0:0001c9|OZ308468.1:177768-178062  -             98 318                  -             95   7.1e-50  157.9   1.4   1   1     8e-50     8e-50  157.7   1.4     2    95     3    97     2    97 0.95 -
318at766_574556_0:000315|OZ308468.1:177768-178062  -             98 318                  -             95   7.1e-50  157.9   1.4   1   1     8e-50     8e-50  157.7   1.4     2    95     3    97     2    97 0.95 -
318at766_955_0:000103|OZ308468.1:177768-178062     -             98 318                  -             95   7.1e-50  157.9   1.4   1   1     8e-50     8e-50  157.7   1.4     2    95     3    97     2    97 0.95 -
318at766_96496_0:00018d|OZ308468.1:177768-178062   -             98 318                  -             95   7.1e-50  157.9   1.4   1   1     8e-50     8e-50  157.7   1.4     2    95     3    97     2    97 0.95 -
#
# Program:         hmmsearch
# Version:         3.4 (Aug 2023)
# Pipeline mode:   SEARCH
# Query file:      /Users/rossoaa/Desktop/dummy/genomes/records/compleasm/mb_downloads/rickettsiales_odb12/hmms/318at766.hmm
# Target file:     -
# Option settings: /Users/rossoaa/miniconda3/envs/compleasm_env/bin/hmmsearch --domtblout /Users/rossoaa/Desktop/dummy/genomes/records/compleasm/rickettsiales_odb12/hmmer_output/318at766.out --cpu 1 /Users/rossoaa/Desktop/dummy/genomes/records/compleasm/mb_downloads/rickettsiales_odb12/hmms/318at766.hmm - 
# Current dir:     /Users/rossoaa/Desktop/dummy/genomes/records/compleasm
# Date:            Tue Feb 10 10:20:23 2026
# [ok]
