#                                                                                                           --- full sequence --- -------------- this domain -------------   hmm coord   ali coord   env coord
# target name                                       accession   tlen query name           accession   qlen   E-value  score  bias   #  of  c-Evalue  i-Evalue  score  bias  from    to  from    to  from    to  acc description of target
#                               ------------------- ---------- ----- -------------------- ---------- ----- --------- ------ ----- --- --- --------- --------- ------ ----- ----- ----- ----- ----- ----- ----- ---- ---------------------
3192at766_1605993_0:0002ea|OZ308468.1:853866-854982 -            372 3192                 -            363  1.5e-176  577.7  12.7   1   1  1.7e-176  1.7e-176  577.5  12.7     1   360     1   371     1   372 0.95 -
3192at766_169402_0:000123|OZ308468.1:853866-854982  -            372 3192                 -            363  1.5e-176  577.7  12.7   1   1  1.7e-176  1.7e-176  577.5  12.7     1   360     1   371     1   372 0.95 -
3192at766_246273_0:0001b5|OZ308468.1:853866-854982  -            372 3192                 -            363  1.5e-176  577.7  12.7   1   1  1.7e-176  1.7e-176  577.5  12.7     1   360     1   371     1   372 0.95 -
3192at766_2486578_0:000048|OZ308468.1:853869-854982 -            372 3192                 -            363  1.5e-176  577.7  12.7   1   1  1.7e-176  1.7e-176  577.5  12.7     1   360     1   371     1   372 0.95 -
3192at766_96496_0:000252|OZ308468.1:853866-854982   -            372 3192                 -            363  1.5e-176  577.7  12.7   1   1  1.7e-176  1.7e-176  577.5  12.7     1   360     1   371     1   372 0.95 -
3192at766_1242993_0:000227|OZ308468.1:853872-854982 -            371 3192                 -            363  1.7e-176  577.5  12.3   1   1    2e-176    2e-176  577.3  12.3     1   360     1   371     1   371 0.95 -
3192at766_1248439_0:000327|OZ308468.1:853872-854982 -            371 3192                 -            363  1.7e-176  577.5  12.3   1   1    2e-176    2e-176  577.3  12.3     1   360     1   371     1   371 0.95 -
3192at766_1359163_0:000019|OZ308468.1:853872-854982 -            371 3192                 -            363  1.7e-176  577.5  12.3   1   1    2e-176    2e-176  577.3  12.3     1   360     1   371     1   371 0.95 -
3192at766_1359168_0:0000e9|OZ308468.1:853872-854982 -            371 3192                 -            363  1.7e-176  577.5  12.3   1   1    2e-176    2e-176  577.3  12.3     1   360     1   371     1   371 0.95 -
3192at766_1392507_0:0000ec|OZ308468.1:853872-854982 -            371 3192                 -            363  1.7e-176  577.5  12.3   1   1    2e-176    2e-176  577.3  12.3     1   360     1   371     1   371 0.95 -
3192at766_142058_0:0002e8|OZ308468.1:853872-854982  -            371 3192                 -            363  1.7e-176  577.5  12.3   1   1    2e-176    2e-176  577.3  12.3     1   360     1   371     1   371 0.95 -
3192at766_1423892_0:000340|OZ308468.1:853872-854982 -            371 3192                 -            363  1.7e-176  577.5  12.3   1   1    2e-176    2e-176  577.3  12.3     1   360     1   371     1   371 0.95 -
3192at766_1528098_0:00060c|OZ308468.1:853872-854982 -            371 3192                 -            363  1.7e-176  577.5  12.3   1   1    2e-176    2e-176  577.3  12.3     1   360     1   371     1   371 0.95 -
3192at766_1802984_0:0000f4|OZ308468.1:853872-854982 -            371 3192                 -            363  1.7e-176  577.5  12.3   1   1    2e-176    2e-176  577.3  12.3     1   360     1   371     1   371 0.95 -
3192at766_205920_0:000235|OZ308468.1:853872-854982  -            371 3192                 -            363  1.7e-176  577.5  12.3   1   1    2e-176    2e-176  577.3  12.3     1   360     1   371     1   371 0.95 -
3192at766_2115978_0:00036d|OZ308468.1:853872-854982 -            371 3192                 -            363  1.7e-176  577.5  12.3   1   1    2e-176    2e-176  577.3  12.3     1   360     1   371     1   371 0.95 -
3192at766_2486577_0:00032d|OZ308468.1:853872-854982 -            371 3192                 -            363  1.7e-176  577.5  12.3   1   1    2e-176    2e-176  577.3  12.3     1   360     1   371     1   371 0.95 -
3192at766_2602574_0:0001e4|OZ308468.1:853872-854982 -            371 3192                 -            363  1.7e-176  577.5  12.3   1   1    2e-176    2e-176  577.3  12.3     1   360     1   371     1   371 0.95 -
3192at766_334380_0:000118|OZ308468.1:853872-854982  -            371 3192                 -            363  1.7e-176  577.5  12.3   1   1    2e-176    2e-176  577.3  12.3     1   360     1   371     1   371 0.95 -
3192at766_391036_0:0001a2|OZ308468.1:853872-854982  -            371 3192                 -            363  1.7e-176  577.5  12.3   1   1    2e-176    2e-176  577.3  12.3     1   360     1   371     1   371 0.95 -
3192at766_574556_0:0002c5|OZ308468.1:853872-854982  -            371 3192                 -            363  1.7e-176  577.5  12.3   1   1    2e-176    2e-176  577.3  12.3     1   360     1   371     1   371 0.95 -
3192at766_696127_0:000150|OZ308468.1:853872-854982  -            371 3192                 -            363  1.7e-176  577.5  12.3   1   1    2e-176    2e-176  577.3  12.3     1   360     1   371     1   371 0.95 -
3192at766_752179_0:00021c|OZ308468.1:853872-854982  -            371 3192                 -            363  1.7e-176  577.5  12.3   1   1    2e-176    2e-176  577.3  12.3     1   360     1   371     1   371 0.95 -
3192at766_779_0:000389|OZ308468.1:853872-854982     -            371 3192                 -            363  1.7e-176  577.5  12.3   1   1    2e-176    2e-176  577.3  12.3     1   360     1   371     1   371 0.95 -
3192at766_86105_0:00037d|OZ308468.1:853872-854982   -            371 3192                 -            363  1.7e-176  577.5  12.3   1   1    2e-176    2e-176  577.3  12.3     1   360     1   371     1   371 0.95 -
3192at766_1286528_0:0002e8|OZ308468.1:853872-854988 -            373 3192                 -            363  1.8e-176  577.5  12.3   1   1    2e-176    2e-176  577.3  12.3     1   360     3   373     3   373 0.95 -
3192at766_1714371_0:00007b|OZ308468.1:853872-854988 -            373 3192                 -            363  1.8e-176  577.5  12.3   1   1    2e-176    2e-176  577.3  12.3     1   360     3   373     3   373 0.95 -
3192at766_222891_0:00000d|OZ308468.1:853872-854988  -            373 3192                 -            363  1.8e-176  577.5  12.3   1   1    2e-176    2e-176  577.3  12.3     1   360     3   373     3   373 0.95 -
3192at766_955_0:000270|OZ308468.1:853869-854979     -            371 3192                 -            363  6.5e-176  575.6  12.8   1   1  7.3e-176  7.3e-176  575.5  12.8     3   360     2   370     1   371 0.95 -
3192at766_481009_0:00029a|OZ308468.1:853872-854979  -            370 3192                 -            363  7.5e-176  575.4  12.4   1   1  8.4e-176  8.4e-176  575.3  12.4     3   360     2   370     1   370 0.95 -
3192at766_1274402_0:00028c|OZ308468.1:853902-854982 -            361 3192                 -            363  4.6e-173  566.2  11.3   1   1  5.1e-173  5.1e-173  566.1  11.3     1   349     1   359     1   361 0.95 -
#
# Program:         hmmsearch
# Version:         3.4 (Aug 2023)
# Pipeline mode:   SEARCH
# Query file:      /Users/rossoaa/Desktop/dummy/genomes/records/compleasm/mb_downloads/rickettsiales_odb12/hmms/3192at766.hmm
# Target file:     -
# Option settings: /Users/rossoaa/miniconda3/envs/compleasm_env/bin/hmmsearch --domtblout /Users/rossoaa/Desktop/dummy/genomes/records/compleasm/rickettsiales_odb12/hmmer_output/3192at766.out --cpu 1 /Users/rossoaa/Desktop/dummy/genomes/records/compleasm/mb_downloads/rickettsiales_odb12/hmms/3192at766.hmm - 
# Current dir:     /Users/rossoaa/Desktop/dummy/genomes/records/compleasm
# Date:            Tue Feb 10 10:20:20 2026
# [ok]
