#                                                                                                             --- full sequence --- -------------- this domain -------------   hmm coord   ali coord   env coord
# target name                                         accession   tlen query name           accession   qlen   E-value  score  bias   #  of  c-Evalue  i-Evalue  score  bias  from    to  from    to  from    to  acc description of target
#                                 ------------------- ---------- ----- -------------------- ---------- ----- --------- ------ ----- --- --- --------- --------- ------ ----- ----- ----- ----- ----- ----- ----- ---- ---------------------
3224at766_169402_0:000577|OZ308468.1:1075910-1076765  -            286 3224                 -            282  4.8e-125  406.5  16.2   1   1  5.4e-125  5.4e-125  406.4  16.2     2   282     2   283     1   283 0.98 -
3224at766_246273_0:000323|OZ308468.1:1075910-1076765  -            286 3224                 -            282  4.8e-125  406.5  16.2   1   1  5.4e-125  5.4e-125  406.4  16.2     2   282     2   283     1   283 0.98 -
3224at766_955_0:00016b|OZ308468.1:1075910-1076765     -            286 3224                 -            282  4.8e-125  406.5  16.2   1   1  5.4e-125  5.4e-125  406.4  16.2     2   282     2   283     1   283 0.98 -
3224at766_96496_0:000143|OZ308468.1:1075910-1076765   -            286 3224                 -            282  4.8e-125  406.5  16.2   1   1  5.4e-125  5.4e-125  406.4  16.2     2   282     2   283     1   283 0.98 -
3224at766_1605993_0:000273|OZ308468.1:1075910-1076795 -            295 3224                 -            282  5.4e-125  406.4  16.2   1   1  6.1e-125  6.1e-125  406.2  16.2     2   282     2   283     1   283 0.98 -
3224at766_1359163_0:000242|OZ308468.1:1075916-1076759 -            282 3224                 -            282  5.5e-125  406.3  15.4   1   1  6.2e-125  6.2e-125  406.2  15.4     3   282     1   281     1   281 0.99 -
3224at766_1423892_0:000023|OZ308468.1:1075916-1076762 -            283 3224                 -            282  5.6e-125  406.3  15.4   1   1  6.3e-125  6.3e-125  406.2  15.4     3   282     1   281     1   281 0.99 -
3224at766_205920_0:000279|OZ308468.1:1075916-1076762  -            283 3224                 -            282  5.6e-125  406.3  15.4   1   1  6.3e-125  6.3e-125  406.2  15.4     3   282     1   281     1   281 0.99 -
3224at766_391036_0:00000c|OZ308468.1:1075916-1076762  -            283 3224                 -            282  5.6e-125  406.3  15.4   1   1  6.3e-125  6.3e-125  406.2  15.4     3   282     1   281     1   281 0.99 -
3224at766_779_0:00005c|OZ308468.1:1075916-1076765     -            284 3224                 -            282  5.7e-125  406.3  15.4   1   1  6.4e-125  6.4e-125  406.1  15.4     3   282     1   281     1   281 0.99 -
3224at766_86105_0:000079|OZ308468.1:1075919-1076759   -            281 3224                 -            282  9.6e-125  405.6  15.1   1   1  1.1e-124  1.1e-124  405.4  15.1     5   282     2   280     1   280 0.99 -
3224at766_752179_0:000253|OZ308468.1:1075910-1076753  -            282 3224                 -            282  1.1e-124  405.3  15.7   1   1  1.3e-124  1.3e-124  405.2  15.7     2   281     2   282     1   282 0.98 -
3224at766_1248439_0:000073|OZ308468.1:1075925-1076759 -            279 3224                 -            282  5.6e-124  403.0  15.6   1   1  6.3e-124  6.3e-124  402.9  15.6     6   282     1   278     1   278 0.99 -
3224at766_142058_0:0001f4|OZ308468.1:1075925-1076759  -            279 3224                 -            282  5.6e-124  403.0  15.6   1   1  6.3e-124  6.3e-124  402.9  15.6     6   282     1   278     1   278 0.99 -
3224at766_1392507_0:000344|OZ308468.1:1075925-1076762 -            280 3224                 -            282  5.7e-124  403.0  15.6   1   1  6.4e-124  6.4e-124  402.9  15.6     6   282     1   278     1   278 0.99 -
3224at766_696127_0:0000c2|OZ308468.1:1075934-1076759  -            276 3224                 -            282  6.4e-123  399.6  15.0   1   1  7.2e-123  7.2e-123  399.4  15.0     9   282     1   275     1   275 0.99 -
3224at766_272947_0:000338|OZ308468.1:1075928-1076747  -            274 3224                 -            282  2.2e-122  397.8  15.4   1   1  2.4e-122  2.4e-122  397.7  15.4     7   279     1   274     1   274 0.98 -
3224at766_336407_0:00035f|OZ308468.1:1075928-1076732  -            269 3224                 -            282  6.9e-121  392.9  14.2   1   1  7.7e-121  7.7e-121  392.8  14.2     7   274     1   269     1   269 0.99 -
#
# Program:         hmmsearch
# Version:         3.4 (Aug 2023)
# Pipeline mode:   SEARCH
# Query file:      /Users/rossoaa/Desktop/dummy/genomes/records/compleasm/mb_downloads/rickettsiales_odb12/hmms/3224at766.hmm
# Target file:     -
# Option settings: /Users/rossoaa/miniconda3/envs/compleasm_env/bin/hmmsearch --domtblout /Users/rossoaa/Desktop/dummy/genomes/records/compleasm/rickettsiales_odb12/hmmer_output/3224at766.out --cpu 1 /Users/rossoaa/Desktop/dummy/genomes/records/compleasm/mb_downloads/rickettsiales_odb12/hmms/3224at766.hmm - 
# Current dir:     /Users/rossoaa/Desktop/dummy/genomes/records/compleasm
# Date:            Tue Feb 10 10:20:23 2026
# [ok]
