#                                                                                                           --- full sequence --- -------------- this domain -------------   hmm coord   ali coord   env coord
# target name                                       accession   tlen query name           accession   qlen   E-value  score  bias   #  of  c-Evalue  i-Evalue  score  bias  from    to  from    to  from    to  acc description of target
#                               ------------------- ---------- ----- -------------------- ---------- ----- --------- ------ ----- --- --- --------- --------- ------ ----- ----- ----- ----- ----- ----- ----- ---- ---------------------
3249at766_574556_0:00001c|OZ308468.1:554445-555030  -            195 3249                 -            200   1.4e-94  306.6   0.1   1   1   1.5e-94   1.5e-94  306.4   0.1     2   196     2   193     1   195 0.97 -
3249at766_1605993_0:0002c0|OZ308468.1:554445-555036 -            197 3249                 -            200   1.4e-94  306.5   0.1   1   1   1.5e-94   1.5e-94  306.4   0.1     2   196     4   195     3   197 0.97 -
3249at766_169402_0:00032c|OZ308468.1:554448-555036  -            197 3249                 -            200   1.4e-94  306.5   0.1   1   1   1.5e-94   1.5e-94  306.4   0.1     2   196     4   195     3   197 0.97 -
3249at766_1248439_0:000325|OZ308468.1:554445-555039 -            198 3249                 -            200   1.4e-94  306.5   0.1   1   1   1.6e-94   1.6e-94  306.3   0.1     2   196     5   196     4   198 0.97 -
3249at766_142058_0:00019e|OZ308468.1:554445-555039  -            198 3249                 -            200   1.4e-94  306.5   0.1   1   1   1.6e-94   1.6e-94  306.3   0.1     2   196     5   196     4   198 0.97 -
3249at766_1392507_0:000173|OZ308468.1:554451-555030 -            194 3249                 -            200   1.8e-94  306.1   0.1   1   1     2e-94     2e-94  306.0   0.1     2   195     2   192     1   194 0.97 -
3249at766_1242993_0:0000ed|OZ308468.1:554454-555030 -            193 3249                 -            200   2.4e-94  305.7   0.1   1   1   2.6e-94   2.6e-94  305.6   0.1     2   195     2   192     1   193 0.98 -
3249at766_1359163_0:000341|OZ308468.1:554454-555030 -            193 3249                 -            200   2.4e-94  305.7   0.1   1   1   2.6e-94   2.6e-94  305.6   0.1     2   195     2   192     1   193 0.98 -
3249at766_1423892_0:0000be|OZ308468.1:554454-555030 -            193 3249                 -            200   2.4e-94  305.7   0.1   1   1   2.6e-94   2.6e-94  305.6   0.1     2   195     2   192     1   193 0.98 -
3249at766_391036_0:000212|OZ308468.1:554454-555030  -            193 3249                 -            200   2.4e-94  305.7   0.1   1   1   2.6e-94   2.6e-94  305.6   0.1     2   195     2   192     1   193 0.98 -
3249at766_779_0:0002c7|OZ308468.1:554454-555030     -            193 3249                 -            200   2.4e-94  305.7   0.1   1   1   2.6e-94   2.6e-94  305.6   0.1     2   195     2   192     1   193 0.98 -
3249at766_246273_0:0003a0|OZ308468.1:554454-555036  -            195 3249                 -            200   2.5e-94  305.7   0.1   1   1   2.8e-94   2.8e-94  305.5   0.1     2   195     4   194     3   195 0.98 -
3249at766_96496_0:0002ec|OZ308468.1:554454-555036   -            195 3249                 -            200   2.5e-94  305.7   0.1   1   1   2.8e-94   2.8e-94  305.5   0.1     2   195     4   194     3   195 0.98 -
3249at766_205920_0:00020a|OZ308468.1:554457-555030  -            192 3249                 -            200   3.6e-94  305.2   0.1   1   1   3.9e-94   3.9e-94  305.0   0.1     2   194     2   191     1   192 0.98 -
3249at766_1359168_0:000274|OZ308468.1:554457-555033 -            193 3249                 -            200   3.6e-94  305.2   0.1   1   1     4e-94     4e-94  305.0   0.1     2   194     3   192     2   193 0.98 -
3249at766_955_0:000231|OZ308468.1:554457-555033     -            193 3249                 -            200   3.6e-94  305.2   0.1   1   1     4e-94     4e-94  305.0   0.1     2   194     3   192     2   193 0.98 -
3249at766_86105_0:00055a|OZ308468.1:554463-555030   -            190 3249                 -            200   1.6e-93  303.0   0.1   1   1   1.8e-93   1.8e-93  302.9   0.1     2   193     2   190     1   190 0.98 -
3249at766_334380_0:00026e|OZ308468.1:554463-555033  -            191 3249                 -            200   1.7e-93  303.0   0.1   1   1   1.8e-93   1.8e-93  302.8   0.1     2   193     3   191     2   191 0.98 -
3249at766_336407_0:000199|OZ308468.1:554463-555033  -            191 3249                 -            200   1.7e-93  303.0   0.1   1   1   1.8e-93   1.8e-93  302.8   0.1     2   193     3   191     2   191 0.98 -
3249at766_752179_0:0003d0|OZ308468.1:554463-555033  -            191 3249                 -            200   1.7e-93  303.0   0.1   1   1   1.8e-93   1.8e-93  302.8   0.1     2   193     3   191     2   191 0.98 -
3249at766_2602574_0:000258|OZ308468.1:554463-555051 -            197 3249                 -            200   1.8e-93  302.8   0.1   1   1   2.1e-93   2.1e-93  302.7   0.1     2   193     9   197     8   197 0.98 -
3249at766_1714371_0:00021c|OZ308468.1:554445-555012 -            189 3249                 -            200   2.5e-93  302.4   0.2   1   1   2.7e-93   2.7e-93  302.3   0.2    11   196     4   187     1   189 0.97 -
3249at766_1961830_0:0004f4|OZ308468.1:554463-555024 -            188 3249                 -            200     6e-93  301.2   0.1   1   1   6.6e-93   6.6e-93  301.0   0.1     4   193     2   188     1   188 0.97 -
3249at766_2486578_0:0001ab|OZ308468.1:554451-555003 -            185 3249                 -            200     8e-93  300.8   0.2   1   1   8.7e-93   8.7e-93  300.6   0.2    13   195     3   183     1   185 0.98 -
3249at766_222891_0:000044|OZ308468.1:554451-555000  -            184 3249                 -            200   9.9e-93  300.5   0.2   1   1   1.1e-92   1.1e-92  300.3   0.2    13   195     2   182     1   184 0.98 -
3249at766_434131_0:00005f|OZ308468.1:554451-555000  -            184 3249                 -            200   9.9e-93  300.5   0.2   1   1   1.1e-92   1.1e-92  300.3   0.2    13   195     2   182     1   184 0.98 -
3249at766_1802984_0:000242|OZ308468.1:554469-555036 -            190 3249                 -            200   2.6e-92  299.1   0.1   1   1   2.9e-92   2.9e-92  299.0   0.1     2   190     4   189     3   190 0.98 -
3249at766_272947_0:000039|OZ308468.1:554454-554994  -            181 3249                 -            200   3.3e-92  298.8   0.2   1   1   3.6e-92   3.6e-92  298.6   0.2    14   195     1   180     1   181 0.98 -
3249at766_696127_0:0004c2|OZ308468.1:554463-555009  -            183 3249                 -            200   4.8e-92  298.2   0.3   1   1   5.3e-92   5.3e-92  298.1   0.3    12   193     4   183     1   183 0.98 -
3249at766_1274402_0:00017a|OZ308468.1:554448-554991 -            182 3249                 -            200   6.5e-92  297.8   0.2   1   1   7.2e-92   7.2e-92  297.7   0.2    15   196     1   180     1   182 0.98 -
3249at766_2115978_0:00028e|OZ308468.1:554463-555003 -            181 3249                 -            200   7.4e-92  297.6   0.3   1   1   8.2e-92   8.2e-92  297.5   0.3    13   193     3   181     1   181 0.98 -
3249at766_1528098_0:0005b3|OZ308468.1:554451-554991 -            181 3249                 -            200   8.8e-92  297.4   0.2   1   1   9.7e-92   9.7e-92  297.2   0.2    15   195     1   179     1   181 0.98 -
3249at766_1105107_0:000115|OZ308468.1:554463-554994 -            178 3249                 -            200   2.4e-91  296.0   0.3   1   1   2.6e-91   2.6e-91  295.8   0.3    14   193     1   178     1   178 0.98 -
3249at766_481009_0:00001c|OZ308468.1:554463-554994  -            178 3249                 -            200   2.4e-91  296.0   0.3   1   1   2.6e-91   2.6e-91  295.8   0.3    14   193     1   178     1   178 0.98 -
#
# Program:         hmmsearch
# Version:         3.4 (Aug 2023)
# Pipeline mode:   SEARCH
# Query file:      /Users/rossoaa/Desktop/dummy/genomes/records/compleasm/mb_downloads/rickettsiales_odb12/hmms/3249at766.hmm
# Target file:     -
# Option settings: /Users/rossoaa/miniconda3/envs/compleasm_env/bin/hmmsearch --domtblout /Users/rossoaa/Desktop/dummy/genomes/records/compleasm/rickettsiales_odb12/hmmer_output/3249at766.out --cpu 1 /Users/rossoaa/Desktop/dummy/genomes/records/compleasm/mb_downloads/rickettsiales_odb12/hmms/3249at766.hmm - 
# Current dir:     /Users/rossoaa/Desktop/dummy/genomes/records/compleasm
# Date:            Tue Feb 10 10:20:24 2026
# [ok]
