#                                                                                                           --- full sequence --- -------------- this domain -------------   hmm coord   ali coord   env coord
# target name                                       accession   tlen query name           accession   qlen   E-value  score  bias   #  of  c-Evalue  i-Evalue  score  bias  from    to  from    to  from    to  acc description of target
#                               ------------------- ---------- ----- -------------------- ---------- ----- --------- ------ ----- --- --- --------- --------- ------ ----- ----- ----- ----- ----- ----- ----- ---- ---------------------
3279at766_1423892_0:00031a|OZ308468.1:151580-152057 -            159 3279                 -            171   6.2e-62  198.8   7.3   1   1   6.9e-62   6.9e-62  198.6   7.3     6   168     2   155     1   158 0.94 -
3279at766_205920_0:00018f|OZ308468.1:151580-152057  -            159 3279                 -            171   6.2e-62  198.8   7.3   1   1   6.9e-62   6.9e-62  198.6   7.3     6   168     2   155     1   158 0.94 -
3279at766_391036_0:0001d7|OZ308468.1:151580-152057  -            159 3279                 -            171   6.2e-62  198.8   7.3   1   1   6.9e-62   6.9e-62  198.6   7.3     6   168     2   155     1   158 0.94 -
3279at766_1605993_0:000221|OZ308468.1:151580-152060 -            160 3279                 -            171   7.1e-62  198.6   7.9   1   1   7.8e-62   7.8e-62  198.4   7.9     6   168     3   156     1   159 0.94 -
3279at766_169402_0:0001da|OZ308468.1:151580-152060  -            160 3279                 -            171   7.1e-62  198.6   7.9   1   1   7.8e-62   7.8e-62  198.4   7.9     6   168     3   156     1   159 0.94 -
3279at766_246273_0:000292|OZ308468.1:151580-152060  -            160 3279                 -            171   7.1e-62  198.6   7.9   1   1   7.8e-62   7.8e-62  198.4   7.9     6   168     3   156     1   159 0.94 -
3279at766_96496_0:000268|OZ308468.1:151580-152060   -            160 3279                 -            171   7.1e-62  198.6   7.9   1   1   7.8e-62   7.8e-62  198.4   7.9     6   168     3   156     1   159 0.94 -
3279at766_2115978_0:000440|OZ308468.1:151595-152060 -            156 3279                 -            171   7.9e-62  198.4   7.1   1   1   8.7e-62   8.7e-62  198.3   7.1     6   167     3   155     1   156 0.95 -
3279at766_1105107_0:000170|OZ308468.1:151583-152069 -            163 3279                 -            171   8.2e-62  198.4   8.6   1   1   9.8e-62   9.8e-62  198.1   8.6     5   168     5   159     2   162 0.94 -
3279at766_955_0:000012|OZ308468.1:151493-152060     -            188 3279                 -            171   1.2e-61  197.8   7.9   1   1   1.4e-61   1.4e-61  197.6   7.9     6   168     3   156     1   159 0.94 -
3279at766_2602574_0:00017d|OZ308468.1:151583-152048 -            156 3279                 -            171   2.4e-61  196.8   7.1   1   1   2.7e-61   2.7e-61  196.7   7.1     8   168     1   152     1   155 0.95 -
3279at766_336407_0:0003a1|OZ308468.1:151604-152069  -            156 3279                 -            171   2.5e-61  196.8   7.2   1   1     3e-61     3e-61  196.5   7.2     5   164     5   155     2   156 0.94 -
3279at766_2486578_0:0000d9|OZ308468.1:151580-152042 -            154 3279                 -            171   1.8e-60  194.0   7.5   1   1     2e-60     2e-60  193.9   7.5    10   168     1   150     1   153 0.95 -
3279at766_1242993_0:0000f2|OZ308468.1:151622-152057 -            146 3279                 -            171     2e-60  193.9   4.9   1   1   2.2e-60   2.2e-60  193.8   4.9     6   158     2   145     1   146 0.95 -
3279at766_779_0:0000d8|OZ308468.1:151622-152057     -            146 3279                 -            171     2e-60  193.9   4.9   1   1   2.2e-60   2.2e-60  193.8   4.9     6   158     2   145     1   146 0.95 -
3279at766_272947_0:000047|OZ308468.1:151622-152069  -            150 3279                 -            171   2.5e-60  193.5   6.1   1   1     3e-60     3e-60  193.3   6.1     5   158     5   149     2   150 0.95 -
3279at766_696127_0:0001b6|OZ308468.1:151604-152042  -            147 3279                 -            171   5.6e-60  192.4   6.1   1   1   6.2e-60   6.2e-60  192.3   6.1    10   164     1   146     1   147 0.95 -
3279at766_1528098_0:00061a|OZ308468.1:151566-152042 -            159 3279                 -            171   7.5e-60  192.0   5.5   1   1   8.6e-60   8.6e-60  191.8   5.5    10   167     1   149     1   153 0.94 -
3279at766_1359163_0:0000d8|OZ308468.1:151628-152051 -            142 3279                 -            171   1.2e-59  191.3   3.8   1   1   1.3e-59   1.3e-59  191.2   3.8     7   156     1   141     1   142 0.95 -
3279at766_752179_0:0003c4|OZ308468.1:151610-152042  -            145 3279                 -            171   1.8e-59  190.8   6.0   1   1     2e-59     2e-59  190.6   6.0    10   162     1   144     1   145 0.95 -
3279at766_1961830_0:00040c|OZ308468.1:151622-152045 -            142 3279                 -            171   2.1e-59  190.5   4.6   1   1   2.3e-59   2.3e-59  190.4   4.6     9   158     1   141     1   142 0.95 -
#
# Program:         hmmsearch
# Version:         3.4 (Aug 2023)
# Pipeline mode:   SEARCH
# Query file:      /Users/rossoaa/Desktop/dummy/genomes/records/compleasm/mb_downloads/rickettsiales_odb12/hmms/3279at766.hmm
# Target file:     -
# Option settings: /Users/rossoaa/miniconda3/envs/compleasm_env/bin/hmmsearch --domtblout /Users/rossoaa/Desktop/dummy/genomes/records/compleasm/rickettsiales_odb12/hmmer_output/3279at766.out --cpu 1 /Users/rossoaa/Desktop/dummy/genomes/records/compleasm/mb_downloads/rickettsiales_odb12/hmms/3279at766.hmm - 
# Current dir:     /Users/rossoaa/Desktop/dummy/genomes/records/compleasm
# Date:            Tue Feb 10 10:20:21 2026
# [ok]
