#                                                                                                         --- full sequence --- -------------- this domain -------------   hmm coord   ali coord   env coord
# target name                                     accession   tlen query name           accession   qlen   E-value  score  bias   #  of  c-Evalue  i-Evalue  score  bias  from    to  from    to  from    to  acc description of target
#                             ------------------- ---------- ----- -------------------- ---------- ----- --------- ------ ----- --- --- --------- --------- ------ ----- ----- ----- ----- ----- ----- ----- ---- ---------------------
32at766_1286528_0:000202|OZ308468.1:466473-467295 -            275 32                   -            270    6e-145  472.4   1.7   1   1  6.8e-145  6.8e-145  472.2   1.7     1   270     2   274     2   274 0.98 -
32at766_1359163_0:0001de|OZ308468.1:466473-467298 -            275 32                   -            270    6e-145  472.4   1.7   1   1  6.8e-145  6.8e-145  472.2   1.7     1   270     2   274     2   274 0.98 -
32at766_1714371_0:00028d|OZ308468.1:466473-467295 -            275 32                   -            270    6e-145  472.4   1.7   1   1  6.8e-145  6.8e-145  472.2   1.7     1   270     2   274     2   274 0.98 -
32at766_1961830_0:000141|OZ308468.1:466473-467295 -            275 32                   -            270    6e-145  472.4   1.7   1   1  6.8e-145  6.8e-145  472.2   1.7     1   270     2   274     2   274 0.98 -
32at766_222891_0:0000df|OZ308468.1:466473-467295  -            275 32                   -            270    6e-145  472.4   1.7   1   1  6.8e-145  6.8e-145  472.2   1.7     1   270     2   274     2   274 0.98 -
32at766_272947_0:0001ab|OZ308468.1:466473-467298  -            275 32                   -            270    6e-145  472.4   1.7   1   1  6.8e-145  6.8e-145  472.2   1.7     1   270     2   274     2   274 0.98 -
32at766_336407_0:000569|OZ308468.1:466473-467298  -            275 32                   -            270    6e-145  472.4   1.7   1   1  6.8e-145  6.8e-145  472.2   1.7     1   270     2   274     2   274 0.98 -
32at766_434131_0:00002c|OZ308468.1:466473-467295  -            275 32                   -            270    6e-145  472.4   1.7   1   1  6.8e-145  6.8e-145  472.2   1.7     1   270     2   274     2   274 0.98 -
32at766_779_0:00013a|OZ308468.1:466473-467298     -            275 32                   -            270    6e-145  472.4   1.7   1   1  6.8e-145  6.8e-145  472.2   1.7     1   270     2   274     2   274 0.98 -
32at766_1105107_0:00031b|OZ308468.1:466476-467298 -            274 32                   -            270    6e-145  472.4   1.7   1   1  6.7e-145  6.7e-145  472.2   1.7     1   270     1   273     1   273 0.98 -
32at766_1242993_0:000357|OZ308468.1:466476-467298 -            274 32                   -            270    6e-145  472.4   1.7   1   1  6.7e-145  6.7e-145  472.2   1.7     1   270     1   273     1   273 0.98 -
32at766_1248439_0:000273|OZ308468.1:466476-467298 -            274 32                   -            270    6e-145  472.4   1.7   1   1  6.7e-145  6.7e-145  472.2   1.7     1   270     1   273     1   273 0.98 -
32at766_1359168_0:000236|OZ308468.1:466476-467298 -            274 32                   -            270    6e-145  472.4   1.7   1   1  6.7e-145  6.7e-145  472.2   1.7     1   270     1   273     1   273 0.98 -
32at766_1392507_0:0000fc|OZ308468.1:466476-467298 -            274 32                   -            270    6e-145  472.4   1.7   1   1  6.7e-145  6.7e-145  472.2   1.7     1   270     1   273     1   273 0.98 -
32at766_142058_0:000084|OZ308468.1:466476-467298  -            274 32                   -            270    6e-145  472.4   1.7   1   1  6.7e-145  6.7e-145  472.2   1.7     1   270     1   273     1   273 0.98 -
32at766_1423892_0:0000c9|OZ308468.1:466476-467298 -            274 32                   -            270    6e-145  472.4   1.7   1   1  6.7e-145  6.7e-145  472.2   1.7     1   270     1   273     1   273 0.98 -
32at766_1605993_0:00033f|OZ308468.1:466476-467298 -            274 32                   -            270    6e-145  472.4   1.7   1   1  6.7e-145  6.7e-145  472.2   1.7     1   270     1   273     1   273 0.98 -
32at766_169402_0:000495|OZ308468.1:466476-467298  -            274 32                   -            270    6e-145  472.4   1.7   1   1  6.7e-145  6.7e-145  472.2   1.7     1   270     1   273     1   273 0.98 -
32at766_205920_0:000019|OZ308468.1:466476-467298  -            274 32                   -            270    6e-145  472.4   1.7   1   1  6.7e-145  6.7e-145  472.2   1.7     1   270     1   273     1   273 0.98 -
32at766_246273_0:000078|OZ308468.1:466476-467298  -            274 32                   -            270    6e-145  472.4   1.7   1   1  6.7e-145  6.7e-145  472.2   1.7     1   270     1   273     1   273 0.98 -
32at766_2486578_0:000413|OZ308468.1:466476-467298 -            274 32                   -            270    6e-145  472.4   1.7   1   1  6.7e-145  6.7e-145  472.2   1.7     1   270     1   273     1   273 0.98 -
32at766_334380_0:0000f3|OZ308468.1:466476-467298  -            274 32                   -            270    6e-145  472.4   1.7   1   1  6.7e-145  6.7e-145  472.2   1.7     1   270     1   273     1   273 0.98 -
32at766_391036_0:000257|OZ308468.1:466476-467298  -            274 32                   -            270    6e-145  472.4   1.7   1   1  6.7e-145  6.7e-145  472.2   1.7     1   270     1   273     1   273 0.98 -
32at766_752179_0:0001ea|OZ308468.1:466476-467298  -            274 32                   -            270    6e-145  472.4   1.7   1   1  6.7e-145  6.7e-145  472.2   1.7     1   270     1   273     1   273 0.98 -
32at766_86105_0:0001ac|OZ308468.1:466476-467298   -            274 32                   -            270    6e-145  472.4   1.7   1   1  6.7e-145  6.7e-145  472.2   1.7     1   270     1   273     1   273 0.98 -
32at766_96496_0:0000fb|OZ308468.1:466476-467298   -            274 32                   -            270    6e-145  472.4   1.7   1   1  6.7e-145  6.7e-145  472.2   1.7     1   270     1   273     1   273 0.98 -
32at766_481009_0:000483|OZ308468.1:466467-467298  -            277 32                   -            270  6.1e-145  472.3   1.7   1   1    7e-145    7e-145  472.1   1.7     1   270     4   276     4   276 0.98 -
32at766_955_0:0000b5|OZ308468.1:466464-467298     -            278 32                   -            270  6.2e-145  472.3   1.7   1   1  7.1e-145  7.1e-145  472.1   1.7     1   270     5   277     5   277 0.98 -
32at766_1528098_0:000553|OZ308468.1:466461-467298 -            279 32                   -            270  6.3e-145  472.3   1.7   1   1  7.2e-145  7.2e-145  472.1   1.7     1   270     6   278     6   278 0.98 -
32at766_696127_0:00042a|OZ308468.1:466440-467295  -            286 32                   -            270  6.9e-145  472.2   1.7   1   1  7.9e-145  7.9e-145  472.0   1.7     1   270    13   285    13   285 0.98 -
32at766_1274402_0:000182|OZ308468.1:466506-467295 -            264 32                   -            270  5.3e-142  462.7   1.2   1   1  5.9e-142  5.9e-142  462.5   1.2    11   270     1   263     1   263 0.98 -
32at766_2602574_0:000113|OZ308468.1:466509-467268 -            254 32                   -            270    2e-134  437.8   1.2   1   1  2.2e-134  2.2e-134  437.7   1.2    12   262     1   254     1   254 0.98 -
#
# Program:         hmmsearch
# Version:         3.4 (Aug 2023)
# Pipeline mode:   SEARCH
# Query file:      /Users/rossoaa/Desktop/dummy/genomes/records/compleasm/mb_downloads/rickettsiales_odb12/hmms/32at766.hmm
# Target file:     -
# Option settings: /Users/rossoaa/miniconda3/envs/compleasm_env/bin/hmmsearch --domtblout /Users/rossoaa/Desktop/dummy/genomes/records/compleasm/rickettsiales_odb12/hmmer_output/32at766.out --cpu 1 /Users/rossoaa/Desktop/dummy/genomes/records/compleasm/mb_downloads/rickettsiales_odb12/hmms/32at766.hmm - 
# Current dir:     /Users/rossoaa/Desktop/dummy/genomes/records/compleasm
# Date:            Tue Feb 10 10:20:24 2026
# [ok]
