#                                                                                                          --- full sequence --- -------------- this domain -------------   hmm coord   ali coord   env coord
# target name                                      accession   tlen query name           accession   qlen   E-value  score  bias   #  of  c-Evalue  i-Evalue  score  bias  from    to  from    to  from    to  acc description of target
#                              ------------------- ---------- ----- -------------------- ---------- ----- --------- ------ ----- --- --- --------- --------- ------ ----- ----- ----- ----- ----- ----- ----- ---- ---------------------
331at766_1286528_0:00010b|OZ308468.1:497639-498373 -            244 331                  -            243  1.7e-114  371.7   1.2   1   1  1.9e-114  1.9e-114  371.6   1.2     1   243     1   244     1   244 0.98 -
331at766_779_0:000059|OZ308468.1:497639-498373     -            244 331                  -            243  1.7e-114  371.7   1.2   1   1  1.9e-114  1.9e-114  371.6   1.2     1   243     1   244     1   244 0.98 -
331at766_86105_0:000515|OZ308468.1:497639-498376   -            245 331                  -            243  1.7e-114  371.7   1.2   1   1  1.9e-114  1.9e-114  371.5   1.2     1   243     2   245     2   245 0.98 -
331at766_272947_0:0002c4|OZ308468.1:497639-498382  -            247 331                  -            243  1.7e-114  371.7   1.2   1   1    2e-114    2e-114  371.5   1.2     1   243     4   247     4   247 0.98 -
331at766_1961830_0:0001d2|OZ308468.1:497639-498385 -            248 331                  -            243  1.8e-114  371.6   1.2   1   1    2e-114    2e-114  371.5   1.2     1   243     5   248     5   248 0.98 -
331at766_1242993_0:000373|OZ308468.1:497639-498373 -            244 331                  -            243  3.4e-114  370.7   1.3   1   1  3.8e-114  3.8e-114  370.6   1.3     1   243     1   244     1   244 0.98 -
331at766_1248439_0:000309|OZ308468.1:497639-498373 -            244 331                  -            243  3.4e-114  370.7   1.3   1   1  3.8e-114  3.8e-114  370.6   1.3     1   243     1   244     1   244 0.98 -
331at766_1359163_0:0001f9|OZ308468.1:497639-498373 -            244 331                  -            243  3.4e-114  370.7   1.3   1   1  3.8e-114  3.8e-114  370.6   1.3     1   243     1   244     1   244 0.98 -
331at766_1392507_0:0002da|OZ308468.1:497639-498373 -            244 331                  -            243  3.4e-114  370.7   1.3   1   1  3.8e-114  3.8e-114  370.6   1.3     1   243     1   244     1   244 0.98 -
331at766_142058_0:0000b6|OZ308468.1:497639-498373  -            244 331                  -            243  3.4e-114  370.7   1.3   1   1  3.8e-114  3.8e-114  370.6   1.3     1   243     1   244     1   244 0.98 -
331at766_1423892_0:000133|OZ308468.1:497639-498373 -            244 331                  -            243  3.4e-114  370.7   1.3   1   1  3.8e-114  3.8e-114  370.6   1.3     1   243     1   244     1   244 0.98 -
331at766_1605993_0:000206|OZ308468.1:497639-498373 -            244 331                  -            243  3.4e-114  370.7   1.3   1   1  3.8e-114  3.8e-114  370.6   1.3     1   243     1   244     1   244 0.98 -
331at766_169402_0:0001d8|OZ308468.1:497639-498373  -            244 331                  -            243  3.4e-114  370.7   1.3   1   1  3.8e-114  3.8e-114  370.6   1.3     1   243     1   244     1   244 0.98 -
331at766_205920_0:000231|OZ308468.1:497639-498373  -            244 331                  -            243  3.4e-114  370.7   1.3   1   1  3.8e-114  3.8e-114  370.6   1.3     1   243     1   244     1   244 0.98 -
331at766_246273_0:00013a|OZ308468.1:497639-498373  -            244 331                  -            243  3.4e-114  370.7   1.3   1   1  3.8e-114  3.8e-114  370.6   1.3     1   243     1   244     1   244 0.98 -
331at766_391036_0:000210|OZ308468.1:497639-498373  -            244 331                  -            243  3.4e-114  370.7   1.3   1   1  3.8e-114  3.8e-114  370.6   1.3     1   243     1   244     1   244 0.98 -
331at766_955_0:00029f|OZ308468.1:497639-498373     -            244 331                  -            243  3.4e-114  370.7   1.3   1   1  3.8e-114  3.8e-114  370.6   1.3     1   243     1   244     1   244 0.98 -
331at766_96496_0:000245|OZ308468.1:497639-498373   -            244 331                  -            243  3.4e-114  370.7   1.3   1   1  3.8e-114  3.8e-114  370.6   1.3     1   243     1   244     1   244 0.98 -
331at766_2115978_0:0002b6|OZ308468.1:497639-498376 -            245 331                  -            243  3.5e-114  370.7   1.3   1   1  3.9e-114  3.9e-114  370.5   1.3     1   243     2   245     2   245 0.98 -
331at766_696127_0:00017c|OZ308468.1:497639-498376  -            245 331                  -            243  3.7e-114  370.6   1.0   1   1  4.1e-114  4.1e-114  370.5   1.0     1   243     2   245     2   245 0.98 -
#
# Program:         hmmsearch
# Version:         3.4 (Aug 2023)
# Pipeline mode:   SEARCH
# Query file:      /Users/rossoaa/Desktop/dummy/genomes/records/compleasm/mb_downloads/rickettsiales_odb12/hmms/331at766.hmm
# Target file:     -
# Option settings: /Users/rossoaa/miniconda3/envs/compleasm_env/bin/hmmsearch --domtblout /Users/rossoaa/Desktop/dummy/genomes/records/compleasm/rickettsiales_odb12/hmmer_output/331at766.out --cpu 1 /Users/rossoaa/Desktop/dummy/genomes/records/compleasm/mb_downloads/rickettsiales_odb12/hmms/331at766.hmm - 
# Current dir:     /Users/rossoaa/Desktop/dummy/genomes/records/compleasm
# Date:            Tue Feb 10 10:20:23 2026
# [ok]
