#                                                                                                          --- full sequence --- -------------- this domain -------------   hmm coord   ali coord   env coord
# target name                                      accession   tlen query name           accession   qlen   E-value  score  bias   #  of  c-Evalue  i-Evalue  score  bias  from    to  from    to  from    to  acc description of target
#                              ------------------- ---------- ----- -------------------- ---------- ----- --------- ------ ----- --- --- --------- --------- ------ ----- ----- ----- ----- ----- ----- ----- ---- ---------------------
333at766_1359163_0:00004f|OZ308468.1:137451-138051 -            201 333                  -            201  1.3e-119  388.3   0.5   1   1  1.4e-119  1.4e-119  388.1   0.5     1   199     1   199     1   201 0.99 -
333at766_1961830_0:000155|OZ308468.1:137451-138051 -            201 333                  -            201  1.3e-119  388.3   0.5   1   1  1.4e-119  1.4e-119  388.1   0.5     1   199     1   199     1   201 0.99 -
333at766_779_0:0001e5|OZ308468.1:137451-138051     -            201 333                  -            201  1.3e-119  388.3   0.5   1   1  1.4e-119  1.4e-119  388.1   0.5     1   199     1   199     1   201 0.99 -
333at766_1286528_0:000014|OZ308468.1:137451-138054 -            202 333                  -            201  1.3e-119  388.3   0.5   1   1  1.4e-119  1.4e-119  388.1   0.5     1   199     1   199     1   201 0.99 -
333at766_1528098_0:000419|OZ308468.1:137451-138057 -            203 333                  -            201  1.3e-119  388.3   0.5   1   1  1.5e-119  1.5e-119  388.1   0.5     1   199     1   199     1   201 0.99 -
333at766_86105_0:000384|OZ308468.1:137451-138057   -            203 333                  -            201  1.3e-119  388.3   0.5   1   1  1.5e-119  1.5e-119  388.1   0.5     1   199     1   199     1   201 0.99 -
333at766_336407_0:0002db|OZ308468.1:137451-138069  -            207 333                  -            201  1.4e-119  388.2   0.5   1   1  1.6e-119  1.6e-119  388.0   0.5     1   199     1   199     1   201 0.99 -
333at766_1605993_0:0001c0|OZ308468.1:137451-138075 -            208 333                  -            201  1.4e-119  388.2   0.5   1   1  1.6e-119  1.6e-119  388.0   0.5     1   199     1   199     1   201 0.99 -
333at766_169402_0:000481|OZ308468.1:137451-138075  -            208 333                  -            201  1.4e-119  388.2   0.5   1   1  1.6e-119  1.6e-119  388.0   0.5     1   199     1   199     1   201 0.99 -
333at766_246273_0:0000d2|OZ308468.1:137451-138075  -            208 333                  -            201  1.4e-119  388.2   0.5   1   1  1.6e-119  1.6e-119  388.0   0.5     1   199     1   199     1   201 0.99 -
333at766_96496_0:000026|OZ308468.1:137451-138075   -            208 333                  -            201  1.4e-119  388.2   0.5   1   1  1.6e-119  1.6e-119  388.0   0.5     1   199     1   199     1   201 0.99 -
333at766_1423892_0:000164|OZ308468.1:137451-138048 -            200 333                  -            201  1.5e-119  388.1   0.4   1   1  1.6e-119  1.6e-119  387.9   0.4     1   199     1   199     1   200 0.99 -
333at766_205920_0:00021d|OZ308468.1:137451-138048  -            200 333                  -            201  1.5e-119  388.1   0.4   1   1  1.6e-119  1.6e-119  387.9   0.4     1   199     1   199     1   200 0.99 -
333at766_2602574_0:00046e|OZ308468.1:137451-138048 -            200 333                  -            201  1.5e-119  388.1   0.4   1   1  1.6e-119  1.6e-119  387.9   0.4     1   199     1   199     1   200 0.99 -
333at766_1248439_0:0001c9|OZ308468.1:137451-138045 -            199 333                  -            201  2.3e-119  387.4   0.4   1   1  2.6e-119  2.6e-119  387.3   0.4     1   198     1   198     1   199 0.99 -
333at766_481009_0:00025e|OZ308468.1:137451-138045  -            199 333                  -            201  2.3e-119  387.4   0.4   1   1  2.6e-119  2.6e-119  387.3   0.4     1   198     1   198     1   199 0.99 -
333at766_1392507_0:000088|OZ308468.1:137451-138042 -            198 333                  -            201  3.7e-119  386.8   0.4   1   1  4.1e-119  4.1e-119  386.6   0.4     1   197     1   197     1   198 0.99 -
333at766_955_0:0001db|OZ308468.1:137451-138039     -            197 333                  -            201  5.2e-119  386.3   0.3   1   1  5.8e-119  5.8e-119  386.1   0.3     1   196     1   196     1   197 0.99 -
333at766_2486577_0:0000bd|OZ308468.1:137436-138039 -            202 333                  -            201  5.7e-119  386.2   0.3   1   1  6.4e-119  6.4e-119  386.0   0.3     1   196     6   201     6   202 0.99 -
333at766_1802984_0:00012c|OZ308468.1:137454-138045 -            198 333                  -            201  8.2e-119  385.6   0.3   1   1  9.1e-119  9.1e-119  385.5   0.3     2   198     1   197     1   198 0.99 -
333at766_1714371_0:000261|OZ308468.1:137451-138036 -            196 333                  -            201  8.8e-119  385.5   0.3   1   1  9.8e-119  9.8e-119  385.4   0.3     1   195     1   195     1   196 0.99 -
333at766_222891_0:0000d9|OZ308468.1:137451-138036  -            196 333                  -            201  8.8e-119  385.5   0.3   1   1  9.8e-119  9.8e-119  385.4   0.3     1   195     1   195     1   196 0.99 -
333at766_2486578_0:000598|OZ308468.1:137457-138051 -            199 333                  -            201    1e-118  385.3   0.4   1   1  1.1e-118  1.1e-118  385.2   0.4     3   199     1   197     1   199 0.99 -
333at766_1274402_0:000055|OZ308468.1:137454-138042 -            197 333                  -            201  1.3e-118  385.0   0.3   1   1  1.4e-118  1.4e-118  384.8   0.3     2   197     1   196     1   197 0.99 -
333at766_1105107_0:0001bf|OZ308468.1:137451-138030 -            194 333                  -            201  2.5e-118  384.1   0.3   1   1  2.8e-118  2.8e-118  383.9   0.3     1   194     1   194     1   194 0.99 -
333at766_272947_0:000174|OZ308468.1:137451-138030  -            194 333                  -            201  2.5e-118  384.1   0.3   1   1  2.8e-118  2.8e-118  383.9   0.3     1   194     1   194     1   194 0.99 -
333at766_696127_0:0000a9|OZ308468.1:137451-138030  -            194 333                  -            201  2.5e-118  384.1   0.3   1   1  2.8e-118  2.8e-118  383.9   0.3     1   194     1   194     1   194 0.99 -
333at766_1359168_0:0002c1|OZ308468.1:137460-138060 -            201 333                  -            201  3.2e-118  383.7   0.4   1   1  3.6e-118  3.6e-118  383.5   0.4     4   199     1   196     1   198 0.99 -
333at766_752179_0:000189|OZ308468.1:137460-138048  -            197 333                  -            201  3.6e-118  383.6   0.3   1   1  3.9e-118  3.9e-118  383.4   0.3     4   199     1   196     1   197 0.99 -
333at766_2115978_0:00043c|OZ308468.1:137454-138033 -            194 333                  -            201    5e-118  383.1   0.2   1   1  5.5e-118  5.5e-118  382.9   0.2     2   194     1   193     1   194 0.99 -
333at766_334380_0:0003f3|OZ308468.1:137460-138033  -            192 333                  -            201  3.4e-117  380.3   0.2   1   1  3.8e-117  3.8e-117  380.2   0.2     4   194     1   191     1   192 0.99 -
#
# Program:         hmmsearch
# Version:         3.4 (Aug 2023)
# Pipeline mode:   SEARCH
# Query file:      /Users/rossoaa/Desktop/dummy/genomes/records/compleasm/mb_downloads/rickettsiales_odb12/hmms/333at766.hmm
# Target file:     -
# Option settings: /Users/rossoaa/miniconda3/envs/compleasm_env/bin/hmmsearch --domtblout /Users/rossoaa/Desktop/dummy/genomes/records/compleasm/rickettsiales_odb12/hmmer_output/333at766.out --cpu 1 /Users/rossoaa/Desktop/dummy/genomes/records/compleasm/mb_downloads/rickettsiales_odb12/hmms/333at766.hmm - 
# Current dir:     /Users/rossoaa/Desktop/dummy/genomes/records/compleasm
# Date:            Tue Feb 10 10:20:20 2026
# [ok]
