#                                                                                                          --- full sequence --- -------------- this domain -------------   hmm coord   ali coord   env coord
# target name                                      accession   tlen query name           accession   qlen   E-value  score  bias   #  of  c-Evalue  i-Evalue  score  bias  from    to  from    to  from    to  acc description of target
#                              ------------------- ---------- ----- -------------------- ---------- ----- --------- ------ ----- --- --- --------- --------- ------ ----- ----- ----- ----- ----- ----- ----- ---- ---------------------
334at766_1105107_0:00035a|OZ308468.1:419376-420585 -            403 334                  -            399  8.6e-222  727.0   0.1   1   1  9.7e-222  9.7e-222  726.9   0.1     1   398     1   401     1   402 0.98 -
334at766_1248439_0:00002c|OZ308468.1:419379-420585 -            403 334                  -            399  8.6e-222  727.0   0.1   1   1  9.7e-222  9.7e-222  726.9   0.1     1   398     1   401     1   402 0.98 -
334at766_1286528_0:0000a8|OZ308468.1:419376-420585 -            403 334                  -            399  8.6e-222  727.0   0.1   1   1  9.7e-222  9.7e-222  726.9   0.1     1   398     1   401     1   402 0.98 -
334at766_142058_0:0000aa|OZ308468.1:419379-420585  -            403 334                  -            399  8.6e-222  727.0   0.1   1   1  9.7e-222  9.7e-222  726.9   0.1     1   398     1   401     1   402 0.98 -
334at766_1714371_0:00012a|OZ308468.1:419376-420585 -            403 334                  -            399  8.6e-222  727.0   0.1   1   1  9.7e-222  9.7e-222  726.9   0.1     1   398     1   401     1   402 0.98 -
334at766_222891_0:00002b|OZ308468.1:419376-420585  -            403 334                  -            399  8.6e-222  727.0   0.1   1   1  9.7e-222  9.7e-222  726.9   0.1     1   398     1   401     1   402 0.98 -
334at766_434131_0:0001a4|OZ308468.1:419376-420585  -            403 334                  -            399  8.6e-222  727.0   0.1   1   1  9.7e-222  9.7e-222  726.9   0.1     1   398     1   401     1   402 0.98 -
334at766_481009_0:000223|OZ308468.1:419376-420585  -            403 334                  -            399  8.6e-222  727.0   0.1   1   1  9.7e-222  9.7e-222  726.9   0.1     1   398     1   401     1   402 0.98 -
334at766_696127_0:000166|OZ308468.1:419376-420585  -            403 334                  -            399  8.6e-222  727.0   0.1   1   1  9.7e-222  9.7e-222  726.9   0.1     1   398     1   401     1   402 0.98 -
334at766_1528098_0:00042b|OZ308468.1:419376-420591 -            405 334                  -            399  8.7e-222  727.0   0.1   1   1  9.9e-222  9.9e-222  726.8   0.1     1   398     3   403     3   404 0.98 -
334at766_2486578_0:000573|OZ308468.1:419376-420591 -            405 334                  -            399  8.7e-222  727.0   0.1   1   1  9.9e-222  9.9e-222  726.8   0.1     1   398     3   403     3   404 0.98 -
334at766_955_0:00028c|OZ308468.1:419376-420591     -            405 334                  -            399  8.7e-222  727.0   0.1   1   1  9.9e-222  9.9e-222  726.8   0.1     1   398     3   403     3   404 0.98 -
334at766_2115978_0:0000c9|OZ308468.1:419376-420594 -            406 334                  -            399  8.7e-222  727.0   0.1   1   1    1e-221    1e-221  726.8   0.1     1   398     4   404     4   405 0.98 -
334at766_86105_0:000561|OZ308468.1:419376-420594   -            406 334                  -            399  8.7e-222  727.0   0.1   1   1    1e-221    1e-221  726.8   0.1     1   398     4   404     4   405 0.98 -
334at766_272947_0:0000db|OZ308468.1:419376-420597  -            407 334                  -            399  8.8e-222  727.0   0.1   1   1    1e-221    1e-221  726.8   0.1     1   398     5   405     5   406 0.98 -
334at766_1359168_0:000127|OZ308468.1:419376-420603 -            409 334                  -            399    9e-222  727.0   0.1   1   1    1e-221    1e-221  726.8   0.1     1   398     7   407     7   408 0.98 -
334at766_334380_0:00030c|OZ308468.1:419376-420603  -            409 334                  -            399    9e-222  727.0   0.1   1   1    1e-221    1e-221  726.8   0.1     1   398     7   407     7   408 0.98 -
334at766_1242993_0:00033b|OZ308468.1:419376-420609 -            411 334                  -            399  9.2e-222  726.9   0.1   1   1    1e-221    1e-221  726.8   0.1     1   398     9   409     9   410 0.98 -
334at766_1392507_0:000055|OZ308468.1:419379-420609 -            411 334                  -            399  9.2e-222  726.9   0.1   1   1    1e-221    1e-221  726.8   0.1     1   398     9   409     9   410 0.98 -
334at766_1423892_0:00033e|OZ308468.1:419376-420609 -            411 334                  -            399  9.2e-222  726.9   0.1   1   1    1e-221    1e-221  726.8   0.1     1   398     9   409     9   410 0.98 -
334at766_779_0:000332|OZ308468.1:419376-420609     -            411 334                  -            399  9.2e-222  726.9   0.1   1   1    1e-221    1e-221  726.8   0.1     1   398     9   409     9   410 0.98 -
334at766_1359163_0:00003e|OZ308468.1:419379-420615 -            413 334                  -            399  9.3e-222  726.9   0.1   1   1  1.1e-221  1.1e-221  726.7   0.1     1   398    11   411    11   412 0.98 -
334at766_1605993_0:000091|OZ308468.1:419376-420615 -            413 334                  -            399  9.3e-222  726.9   0.1   1   1  1.1e-221  1.1e-221  726.7   0.1     1   398    11   411    11   412 0.98 -
334at766_169402_0:000285|OZ308468.1:419376-420615  -            413 334                  -            399  9.3e-222  726.9   0.1   1   1  1.1e-221  1.1e-221  726.7   0.1     1   398    11   411    11   412 0.98 -
334at766_205920_0:0002f6|OZ308468.1:419376-420615  -            413 334                  -            399  9.3e-222  726.9   0.1   1   1  1.1e-221  1.1e-221  726.7   0.1     1   398    11   411    11   412 0.98 -
334at766_246273_0:000081|OZ308468.1:419376-420615  -            413 334                  -            399  9.3e-222  726.9   0.1   1   1  1.1e-221  1.1e-221  726.7   0.1     1   398    11   411    11   412 0.98 -
334at766_752179_0:0001c0|OZ308468.1:419376-420615  -            413 334                  -            399  9.3e-222  726.9   0.1   1   1  1.1e-221  1.1e-221  726.7   0.1     1   398    11   411    11   412 0.98 -
334at766_96496_0:0000d7|OZ308468.1:419376-420621   -            415 334                  -            399  9.5e-222  726.9   0.1   1   1  1.1e-221  1.1e-221  726.7   0.1     1   398    13   413    13   414 0.98 -
334at766_2486577_0:000192|OZ308468.1:419376-420582 -            402 334                  -            399  1.7e-221  726.1   0.1   1   1  1.9e-221  1.9e-221  725.9   0.1     2   398     1   400     1   401 0.98 -
334at766_1961830_0:000413|OZ308468.1:419376-420579 -            401 334                  -            399  4.2e-221  724.8   0.0   1   1  4.7e-221  4.7e-221  724.6   0.0     3   398     1   399     1   400 0.99 -
334at766_336407_0:000293|OZ308468.1:419376-420579  -            401 334                  -            399  4.2e-221  724.8   0.0   1   1  4.7e-221  4.7e-221  724.6   0.0     3   398     1   399     1   400 0.99 -
334at766_1274402_0:0000ef|OZ308468.1:419379-420576 -            400 334                  -            399  1.1e-220  723.5   0.1   1   1  1.2e-220  1.2e-220  723.3   0.1     4   398     1   398     1   399 0.99 -
334at766_1802984_0:0001b1|OZ308468.1:419376-420567 -            397 334                  -            399  1.6e-218  716.3   0.1   1   1  1.8e-218  1.8e-218  716.1   0.1     7   398     1   395     1   396 0.99 -
#
# Program:         hmmsearch
# Version:         3.4 (Aug 2023)
# Pipeline mode:   SEARCH
# Query file:      /Users/rossoaa/Desktop/dummy/genomes/records/compleasm/mb_downloads/rickettsiales_odb12/hmms/334at766.hmm
# Target file:     -
# Option settings: /Users/rossoaa/miniconda3/envs/compleasm_env/bin/hmmsearch --domtblout /Users/rossoaa/Desktop/dummy/genomes/records/compleasm/rickettsiales_odb12/hmmer_output/334at766.out --cpu 1 /Users/rossoaa/Desktop/dummy/genomes/records/compleasm/mb_downloads/rickettsiales_odb12/hmms/334at766.hmm - 
# Current dir:     /Users/rossoaa/Desktop/dummy/genomes/records/compleasm
# Date:            Tue Feb 10 10:20:22 2026
# [ok]
