#                                                                                                           --- full sequence --- -------------- this domain -------------   hmm coord   ali coord   env coord
# target name                                       accession   tlen query name           accession   qlen   E-value  score  bias   #  of  c-Evalue  i-Evalue  score  bias  from    to  from    to  from    to  acc description of target
#                               ------------------- ---------- ----- -------------------- ---------- ----- --------- ------ ----- --- --- --------- --------- ------ ----- ----- ----- ----- ----- ----- ----- ---- ---------------------
3350at766_1242993_0:0002ac|OZ308468.1:733416-733731 -            105 3350                 -            103   1.1e-45  144.1  10.7   1   1   1.2e-45   1.2e-45  144.0  10.7     1   103     1   105     1   105 0.98 -
3350at766_1423892_0:000086|OZ308468.1:733416-733731 -            105 3350                 -            103   1.1e-45  144.1  10.7   1   1   1.2e-45   1.2e-45  144.0  10.7     1   103     1   105     1   105 0.98 -
3350at766_1605993_0:0001d8|OZ308468.1:733416-733731 -            105 3350                 -            103   1.1e-45  144.1  10.7   1   1   1.2e-45   1.2e-45  144.0  10.7     1   103     1   105     1   105 0.98 -
3350at766_169402_0:0000ff|OZ308468.1:733416-733731  -            105 3350                 -            103   1.1e-45  144.1  10.7   1   1   1.2e-45   1.2e-45  144.0  10.7     1   103     1   105     1   105 0.98 -
3350at766_205920_0:0000aa|OZ308468.1:733416-733731  -            105 3350                 -            103   1.1e-45  144.1  10.7   1   1   1.2e-45   1.2e-45  144.0  10.7     1   103     1   105     1   105 0.98 -
3350at766_246273_0:00021c|OZ308468.1:733416-733731  -            105 3350                 -            103   1.1e-45  144.1  10.7   1   1   1.2e-45   1.2e-45  144.0  10.7     1   103     1   105     1   105 0.98 -
3350at766_391036_0:0000d5|OZ308468.1:733416-733731  -            105 3350                 -            103   1.1e-45  144.1  10.7   1   1   1.2e-45   1.2e-45  144.0  10.7     1   103     1   105     1   105 0.98 -
3350at766_955_0:000328|OZ308468.1:733416-733731     -            105 3350                 -            103   1.1e-45  144.1  10.7   1   1   1.2e-45   1.2e-45  144.0  10.7     1   103     1   105     1   105 0.98 -
3350at766_96496_0:000068|OZ308468.1:733416-733731   -            105 3350                 -            103   1.1e-45  144.1  10.7   1   1   1.2e-45   1.2e-45  144.0  10.7     1   103     1   105     1   105 0.98 -
3350at766_86105_0:00011f|OZ308468.1:733410-733731   -            107 3350                 -            103   1.2e-45  144.0  10.7   1   1   1.3e-45   1.3e-45  143.9  10.7     1   103     3   107     3   107 0.98 -
3350at766_1248439_0:00014d|OZ308468.1:733419-733731 -            104 3350                 -            103   3.8e-45  142.4  10.8   1   1   4.2e-45   4.2e-45  142.3  10.8     3   103     2   104     1   104 0.98 -
3350at766_1359163_0:0002cb|OZ308468.1:733419-733731 -            104 3350                 -            103   3.8e-45  142.4  10.8   1   1   4.2e-45   4.2e-45  142.3  10.8     3   103     2   104     1   104 0.98 -
3350at766_1392507_0:0000c8|OZ308468.1:733419-733731 -            104 3350                 -            103   3.8e-45  142.4  10.8   1   1   4.2e-45   4.2e-45  142.3  10.8     3   103     2   104     1   104 0.98 -
3350at766_142058_0:0000ed|OZ308468.1:733419-733731  -            104 3350                 -            103   3.8e-45  142.4  10.8   1   1   4.2e-45   4.2e-45  142.3  10.8     3   103     2   104     1   104 0.98 -
3350at766_574556_0:00029f|OZ308468.1:733419-733731  -            104 3350                 -            103   3.8e-45  142.4  10.8   1   1   4.2e-45   4.2e-45  142.3  10.8     3   103     2   104     1   104 0.98 -
#
# Program:         hmmsearch
# Version:         3.4 (Aug 2023)
# Pipeline mode:   SEARCH
# Query file:      /Users/rossoaa/Desktop/dummy/genomes/records/compleasm/mb_downloads/rickettsiales_odb12/hmms/3350at766.hmm
# Target file:     -
# Option settings: /Users/rossoaa/miniconda3/envs/compleasm_env/bin/hmmsearch --domtblout /Users/rossoaa/Desktop/dummy/genomes/records/compleasm/rickettsiales_odb12/hmmer_output/3350at766.out --cpu 1 /Users/rossoaa/Desktop/dummy/genomes/records/compleasm/mb_downloads/rickettsiales_odb12/hmms/3350at766.hmm - 
# Current dir:     /Users/rossoaa/Desktop/dummy/genomes/records/compleasm
# Date:            Tue Feb 10 10:20:23 2026
# [ok]
