#                                                                                                           --- full sequence --- -------------- this domain -------------   hmm coord   ali coord   env coord
# target name                                       accession   tlen query name           accession   qlen   E-value  score  bias   #  of  c-Evalue  i-Evalue  score  bias  from    to  from    to  from    to  acc description of target
#                               ------------------- ---------- ----- -------------------- ---------- ----- --------- ------ ----- --- --- --------- --------- ------ ----- ----- ----- ----- ----- ----- ----- ---- ---------------------
3413at766_142058_0:00023a|OZ308468.1:164344-167380  -           1013 3413                 -            444  1.7e-123  402.0  56.1   1   5    0.0048    0.0048    5.0   0.0     1    22    20    41    20    46 0.87 -
3413at766_142058_0:00023a|OZ308468.1:164344-167380  -           1013 3413                 -            444  1.7e-123  402.0  56.1   2   5     2e-12     2e-12   35.9   0.6    25    66    69   110    64   115 0.91 -
3413at766_142058_0:00023a|OZ308468.1:164344-167380  -           1013 3413                 -            444  1.7e-123  402.0  56.1   3   5   1.8e-16   1.8e-16   49.2   0.0    58   109   172   225   167   231 0.87 -
3413at766_142058_0:00023a|OZ308468.1:164344-167380  -           1013 3413                 -            444  1.7e-123  402.0  56.1   4   5   7.7e-87   7.7e-87  281.1  45.7   107   382   247   563   238   571 0.86 -
3413at766_142058_0:00023a|OZ308468.1:164344-167380  -           1013 3413                 -            444  1.7e-123  402.0  56.1   5   5   1.1e-09   1.1e-09   26.9   0.0   388   441   783   836   760   839 0.84 -
3413at766_779_0:00027b|OZ308468.1:164272-167371     -           1034 3413                 -            444  1.9e-123  401.8  56.0   1   5    0.0049    0.0049    4.9   0.0     1    22    17    38    17    43 0.87 -
3413at766_779_0:00027b|OZ308468.1:164272-167371     -           1034 3413                 -            444  1.9e-123  401.8  56.0   2   5     2e-12     2e-12   35.9   0.6    25    66    66   107    61   112 0.91 -
3413at766_779_0:00027b|OZ308468.1:164272-167371     -           1034 3413                 -            444  1.9e-123  401.8  56.0   3   5   1.9e-16   1.9e-16   49.2   0.0    58   109   169   222   164   228 0.87 -
3413at766_779_0:00027b|OZ308468.1:164272-167371     -           1034 3413                 -            444  1.9e-123  401.8  56.0   4   5   7.8e-87   7.8e-87  281.1  45.7   107   382   244   560   235   568 0.86 -
3413at766_779_0:00027b|OZ308468.1:164272-167371     -           1034 3413                 -            444  1.9e-123  401.8  56.0   5   5   1.1e-09   1.1e-09   26.8   0.0   388   441   780   833   757   836 0.84 -
3413at766_169402_0:000153|OZ308468.1:164227-167329  -           1035 3413                 -            444  1.9e-123  401.8  56.0   1   5    0.0049    0.0049    4.9   0.0     1    22     3    24     3    29 0.87 -
3413at766_169402_0:000153|OZ308468.1:164227-167329  -           1035 3413                 -            444  1.9e-123  401.8  56.0   2   5     2e-12     2e-12   35.9   0.6    25    66    52    93    47    98 0.91 -
3413at766_169402_0:000153|OZ308468.1:164227-167329  -           1035 3413                 -            444  1.9e-123  401.8  56.0   3   5   1.9e-16   1.9e-16   49.2   0.0    58   109   155   208   150   214 0.87 -
3413at766_169402_0:000153|OZ308468.1:164227-167329  -           1035 3413                 -            444  1.9e-123  401.8  56.0   4   5   7.8e-87   7.8e-87  281.1  45.7   107   382   230   546   221   554 0.86 -
3413at766_169402_0:000153|OZ308468.1:164227-167329  -           1035 3413                 -            444  1.9e-123  401.8  56.0   5   5   1.1e-09   1.1e-09   26.8   0.0   388   441   766   819   743   822 0.84 -
3413at766_205920_0:00008a|OZ308468.1:164287-167413  -           1043 3413                 -            444  2.3e-123  401.5  56.3   1   5     0.005     0.005    4.9   0.0     1    22    31    52    31    57 0.87 -
3413at766_205920_0:00008a|OZ308468.1:164287-167413  -           1043 3413                 -            444  2.3e-123  401.5  56.3   2   5   2.1e-12   2.1e-12   35.8   0.6    25    66    80   121    75   126 0.91 -
3413at766_205920_0:00008a|OZ308468.1:164287-167413  -           1043 3413                 -            444  2.3e-123  401.5  56.3   3   5   1.9e-16   1.9e-16   49.2   0.0    58   109   183   236   178   242 0.87 -
3413at766_205920_0:00008a|OZ308468.1:164287-167413  -           1043 3413                 -            444  2.3e-123  401.5  56.3   4   5   9.4e-87   9.4e-87  280.9  46.0   107   382   258   574   249   584 0.86 -
3413at766_205920_0:00008a|OZ308468.1:164287-167413  -           1043 3413                 -            444  2.3e-123  401.5  56.3   5   5   1.1e-09   1.1e-09   26.8   0.0   388   441   794   847   771   850 0.84 -
3413at766_1248439_0:0000bb|OZ308468.1:164251-167380 -           1044 3413                 -            444  2.4e-123  401.5  56.3   1   5     0.005     0.005    4.9   0.0     1    22    20    41    20    46 0.87 -
3413at766_1248439_0:0000bb|OZ308468.1:164251-167380 -           1044 3413                 -            444  2.4e-123  401.5  56.3   2   5   2.1e-12   2.1e-12   35.8   0.6    25    66    69   110    64   115 0.91 -
3413at766_1248439_0:0000bb|OZ308468.1:164251-167380 -           1044 3413                 -            444  2.4e-123  401.5  56.3   3   5   1.9e-16   1.9e-16   49.2   0.0    58   109   172   225   167   231 0.87 -
3413at766_1248439_0:0000bb|OZ308468.1:164251-167380 -           1044 3413                 -            444  2.4e-123  401.5  56.3   4   5   9.4e-87   9.4e-87  280.9  46.0   107   382   247   563   238   573 0.86 -
3413at766_1248439_0:0000bb|OZ308468.1:164251-167380 -           1044 3413                 -            444  2.4e-123  401.5  56.3   5   5   1.1e-09   1.1e-09   26.8   0.0   388   441   783   836   760   839 0.84 -
3413at766_96496_0:000194|OZ308468.1:164212-167413   -           1068 3413                 -            444  2.8e-123  401.2  56.3   1   5    0.0051    0.0051    4.9   0.0     1    22    31    52    31    57 0.87 -
3413at766_96496_0:000194|OZ308468.1:164212-167413   -           1068 3413                 -            444  2.8e-123  401.2  56.3   2   5   2.1e-12   2.1e-12   35.8   0.6    25    66    80   121    75   126 0.91 -
3413at766_96496_0:000194|OZ308468.1:164212-167413   -           1068 3413                 -            444  2.8e-123  401.2  56.3   3   5   1.9e-16   1.9e-16   49.1   0.0    58   109   183   236   178   242 0.87 -
3413at766_96496_0:000194|OZ308468.1:164212-167413   -           1068 3413                 -            444  2.8e-123  401.2  56.3   4   5   9.9e-87   9.9e-87  280.8  46.0   107   382   258   574   249   584 0.86 -
3413at766_96496_0:000194|OZ308468.1:164212-167413   -           1068 3413                 -            444  2.8e-123  401.2  56.3   5   5   1.2e-09   1.2e-09   26.8   0.0   388   441   794   847   771   850 0.84 -
3413at766_1359163_0:00003a|OZ308468.1:164164-167374 -           1070 3413                 -            444  2.9e-123  401.2  56.3   1   5    0.0051    0.0051    4.9   0.0     1    22    18    39    18    44 0.87 -
3413at766_1359163_0:00003a|OZ308468.1:164164-167374 -           1070 3413                 -            444  2.9e-123  401.2  56.3   2   5   2.1e-12   2.1e-12   35.8   0.6    25    66    67   108    62   113 0.91 -
3413at766_1359163_0:00003a|OZ308468.1:164164-167374 -           1070 3413                 -            444  2.9e-123  401.2  56.3   3   5   1.9e-16   1.9e-16   49.1   0.0    58   109   170   223   165   229 0.87 -
3413at766_1359163_0:00003a|OZ308468.1:164164-167374 -           1070 3413                 -            444  2.9e-123  401.2  56.3   4   5   9.9e-87   9.9e-87  280.8  46.0   107   382   245   561   236   571 0.86 -
3413at766_1359163_0:00003a|OZ308468.1:164164-167374 -           1070 3413                 -            444  2.9e-123  401.2  56.3   5   5   1.2e-09   1.2e-09   26.8   0.0   388   441   781   834   758   837 0.84 -
3413at766_246273_0:00009f|OZ308468.1:164188-167413  -           1076 3413                 -            444    3e-123  401.2  56.3   1   5    0.0051    0.0051    4.9   0.0     1    22    31    52    31    57 0.87 -
3413at766_246273_0:00009f|OZ308468.1:164188-167413  -           1076 3413                 -            444    3e-123  401.2  56.3   2   5   2.1e-12   2.1e-12   35.8   0.6    25    66    80   121    75   126 0.91 -
3413at766_246273_0:00009f|OZ308468.1:164188-167413  -           1076 3413                 -            444    3e-123  401.2  56.3   3   5   1.9e-16   1.9e-16   49.1   0.0    58   109   183   236   178   242 0.87 -
3413at766_246273_0:00009f|OZ308468.1:164188-167413  -           1076 3413                 -            444    3e-123  401.2  56.3   4   5     1e-86     1e-86  280.8  46.0   107   382   258   574   249   584 0.86 -
3413at766_246273_0:00009f|OZ308468.1:164188-167413  -           1076 3413                 -            444    3e-123  401.2  56.3   5   5   1.2e-09   1.2e-09   26.8   0.0   388   441   794   847   771   850 0.84 -
3413at766_1605993_0:000300|OZ308468.1:164164-167413 -           1083 3413                 -            444  3.1e-123  401.1  56.3   1   5    0.0052    0.0052    4.9   0.0     1    22    31    52    31    57 0.87 -
3413at766_1605993_0:000300|OZ308468.1:164164-167413 -           1083 3413                 -            444  3.1e-123  401.1  56.3   2   5   2.2e-12   2.2e-12   35.8   0.6    25    66    80   121    75   126 0.91 -
3413at766_1605993_0:000300|OZ308468.1:164164-167413 -           1083 3413                 -            444  3.1e-123  401.1  56.3   3   5     2e-16     2e-16   49.1   0.0    58   109   183   236   178   242 0.87 -
3413at766_1605993_0:000300|OZ308468.1:164164-167413 -           1083 3413                 -            444  3.1e-123  401.1  56.3   4   5     1e-86     1e-86  280.8  46.0   107   382   258   574   249   584 0.86 -
3413at766_1605993_0:000300|OZ308468.1:164164-167413 -           1083 3413                 -            444  3.1e-123  401.1  56.3   5   5   1.2e-09   1.2e-09   26.8   0.0   388   441   794   847   771   850 0.84 -
3413at766_955_0:00000f|OZ308468.1:164344-167404     -            910 3413                 -            444  3.7e-123  400.8  58.1   1   5    0.0043    0.0043    5.1   0.0     1    22    28    49    28    54 0.87 -
3413at766_955_0:00000f|OZ308468.1:164344-167404     -            910 3413                 -            444  3.7e-123  400.8  58.1   2   5   1.8e-12   1.8e-12   36.1   0.6    25    66    77   118    72   123 0.91 -
3413at766_955_0:00000f|OZ308468.1:164344-167404     -            910 3413                 -            444  3.7e-123  400.8  58.1   3   5   1.6e-16   1.6e-16   49.4   0.0    58   109   180   233   175   239 0.87 -
3413at766_955_0:00000f|OZ308468.1:164344-167404     -            910 3413                 -            444  3.7e-123  400.8  58.1   4   5   7.7e-87   7.7e-87  281.1  46.2   107   382   255   571   246   587 0.87 -
3413at766_955_0:00000f|OZ308468.1:164344-167404     -            910 3413                 -            444  3.7e-123  400.8  58.1   5   5   1.2e-09   1.2e-09   26.7   0.0   389   441   681   733   668   736 0.86 -
3413at766_1423892_0:000045|OZ308468.1:163974-167413 -           1112 3413                 -            444  3.8e-123  400.8  56.3   1   5    0.0053    0.0053    4.8   0.0     1    22    31    52    31    57 0.87 -
3413at766_1423892_0:000045|OZ308468.1:163974-167413 -           1112 3413                 -            444  3.8e-123  400.8  56.3   2   5   2.2e-12   2.2e-12   35.7   0.6    25    66    80   121    75   126 0.91 -
3413at766_1423892_0:000045|OZ308468.1:163974-167413 -           1112 3413                 -            444  3.8e-123  400.8  56.3   3   5     2e-16     2e-16   49.1   0.0    58   109   183   236   178   242 0.87 -
3413at766_1423892_0:000045|OZ308468.1:163974-167413 -           1112 3413                 -            444  3.8e-123  400.8  56.3   4   5   1.1e-86   1.1e-86  280.7  46.0   107   382   258   574   249   584 0.86 -
3413at766_1423892_0:000045|OZ308468.1:163974-167413 -           1112 3413                 -            444  3.8e-123  400.8  56.3   5   5   1.2e-09   1.2e-09   26.7   0.0   388   441   794   847   771   850 0.84 -
3413at766_391036_0:0000b1|OZ308468.1:155618-167413  -           1264 3413                 -            444  6.5e-123  400.0  55.6   1   6    0.0061    0.0061    4.6   0.0     1    22    31    52    31    57 0.87 -
3413at766_391036_0:0000b1|OZ308468.1:155618-167413  -           1264 3413                 -            444  6.5e-123  400.0  55.6   2   6   2.6e-12   2.6e-12   35.5   0.6    25    66    80   121    75   126 0.91 -
3413at766_391036_0:0000b1|OZ308468.1:155618-167413  -           1264 3413                 -            444  6.5e-123  400.0  55.6   3   6   2.3e-16   2.3e-16   48.8   0.0    58   109   183   236   178   242 0.87 -
3413at766_391036_0:0000b1|OZ308468.1:155618-167413  -           1264 3413                 -            444  6.5e-123  400.0  55.6   4   6   3.4e-47   3.4e-47  150.5   9.1   107   253   258   422   250   432 0.88 -
3413at766_391036_0:0000b1|OZ308468.1:155618-167413  -           1264 3413                 -            444  6.5e-123  400.0  55.6   5   6   1.2e-44   1.2e-44  142.1  28.4   251   382   440   574   434   591 0.93 -
3413at766_391036_0:0000b1|OZ308468.1:155618-167413  -           1264 3413                 -            444  6.5e-123  400.0  55.6   6   6   1.4e-09   1.4e-09   26.5   0.0   388   441   794   847   771   850 0.84 -
#
# Program:         hmmsearch
# Version:         3.4 (Aug 2023)
# Pipeline mode:   SEARCH
# Query file:      /Users/rossoaa/Desktop/dummy/genomes/records/compleasm/mb_downloads/rickettsiales_odb12/hmms/3413at766.hmm
# Target file:     -
# Option settings: /Users/rossoaa/miniconda3/envs/compleasm_env/bin/hmmsearch --domtblout /Users/rossoaa/Desktop/dummy/genomes/records/compleasm/rickettsiales_odb12/hmmer_output/3413at766.out --cpu 1 /Users/rossoaa/Desktop/dummy/genomes/records/compleasm/mb_downloads/rickettsiales_odb12/hmms/3413at766.hmm - 
# Current dir:     /Users/rossoaa/Desktop/dummy/genomes/records/compleasm
# Date:            Tue Feb 10 10:20:23 2026
# [ok]
