#                                                                                                          --- full sequence --- -------------- this domain -------------   hmm coord   ali coord   env coord
# target name                                      accession   tlen query name           accession   qlen   E-value  score  bias   #  of  c-Evalue  i-Evalue  score  bias  from    to  from    to  from    to  acc description of target
#                              ------------------- ---------- ----- -------------------- ---------- ----- --------- ------ ----- --- --- --------- --------- ------ ----- ----- ----- ----- ----- ----- ----- ---- ---------------------
346at766_1105107_0:000143|OZ308468.1:730043-730862 -            274 346                  -            271  3.1e-147  479.9   4.8   1   1  3.5e-147  3.5e-147  479.8   4.8     1   270     1   273     1   274 0.98 -
346at766_1242993_0:0002a9|OZ308468.1:730043-730865 -            274 346                  -            271  3.1e-147  479.9   4.8   1   1  3.5e-147  3.5e-147  479.8   4.8     1   270     1   273     1   274 0.98 -
346at766_1274402_0:0002d3|OZ308468.1:730043-730862 -            274 346                  -            271  3.1e-147  479.9   4.8   1   1  3.5e-147  3.5e-147  479.8   4.8     1   270     1   273     1   274 0.98 -
346at766_1286528_0:0000b3|OZ308468.1:730043-730865 -            274 346                  -            271  3.1e-147  479.9   4.8   1   1  3.5e-147  3.5e-147  479.8   4.8     1   270     1   273     1   274 0.98 -
346at766_1359168_0:000184|OZ308468.1:730043-730865 -            274 346                  -            271  3.1e-147  479.9   4.8   1   1  3.5e-147  3.5e-147  479.8   4.8     1   270     1   273     1   274 0.98 -
346at766_1423892_0:000113|OZ308468.1:730043-730865 -            274 346                  -            271  3.1e-147  479.9   4.8   1   1  3.5e-147  3.5e-147  479.8   4.8     1   270     1   273     1   274 0.98 -
346at766_1605993_0:0001e5|OZ308468.1:730043-730865 -            274 346                  -            271  3.1e-147  479.9   4.8   1   1  3.5e-147  3.5e-147  479.8   4.8     1   270     1   273     1   274 0.98 -
346at766_169402_0:00018a|OZ308468.1:730043-730865  -            274 346                  -            271  3.1e-147  479.9   4.8   1   1  3.5e-147  3.5e-147  479.8   4.8     1   270     1   273     1   274 0.98 -
346at766_1714371_0:00009e|OZ308468.1:730043-730865 -            274 346                  -            271  3.1e-147  479.9   4.8   1   1  3.5e-147  3.5e-147  479.8   4.8     1   270     1   273     1   274 0.98 -
346at766_1802984_0:00018b|OZ308468.1:730043-730862 -            274 346                  -            271  3.1e-147  479.9   4.8   1   1  3.5e-147  3.5e-147  479.8   4.8     1   270     1   273     1   274 0.98 -
346at766_1961830_0:00007c|OZ308468.1:730043-730865 -            274 346                  -            271  3.1e-147  479.9   4.8   1   1  3.5e-147  3.5e-147  479.8   4.8     1   270     1   273     1   274 0.98 -
346at766_205920_0:000368|OZ308468.1:730043-730865  -            274 346                  -            271  3.1e-147  479.9   4.8   1   1  3.5e-147  3.5e-147  479.8   4.8     1   270     1   273     1   274 0.98 -
346at766_2115978_0:000378|OZ308468.1:730043-730865 -            274 346                  -            271  3.1e-147  479.9   4.8   1   1  3.5e-147  3.5e-147  479.8   4.8     1   270     1   273     1   274 0.98 -
346at766_222891_0:000099|OZ308468.1:730043-730865  -            274 346                  -            271  3.1e-147  479.9   4.8   1   1  3.5e-147  3.5e-147  479.8   4.8     1   270     1   273     1   274 0.98 -
346at766_246273_0:0002e4|OZ308468.1:730043-730865  -            274 346                  -            271  3.1e-147  479.9   4.8   1   1  3.5e-147  3.5e-147  479.8   4.8     1   270     1   273     1   274 0.98 -
346at766_272947_0:000225|OZ308468.1:730043-730862  -            274 346                  -            271  3.1e-147  479.9   4.8   1   1  3.5e-147  3.5e-147  479.8   4.8     1   270     1   273     1   274 0.98 -
346at766_334380_0:00029a|OZ308468.1:730043-730865  -            274 346                  -            271  3.1e-147  479.9   4.8   1   1  3.5e-147  3.5e-147  479.8   4.8     1   270     1   273     1   274 0.98 -
346at766_336407_0:000276|OZ308468.1:730043-730862  -            274 346                  -            271  3.1e-147  479.9   4.8   1   1  3.5e-147  3.5e-147  479.8   4.8     1   270     1   273     1   274 0.98 -
346at766_391036_0:000179|OZ308468.1:730043-730865  -            274 346                  -            271  3.1e-147  479.9   4.8   1   1  3.5e-147  3.5e-147  479.8   4.8     1   270     1   273     1   274 0.98 -
346at766_434131_0:000170|OZ308468.1:730043-730865  -            274 346                  -            271  3.1e-147  479.9   4.8   1   1  3.5e-147  3.5e-147  479.8   4.8     1   270     1   273     1   274 0.98 -
346at766_481009_0:000296|OZ308468.1:730043-730862  -            274 346                  -            271  3.1e-147  479.9   4.8   1   1  3.5e-147  3.5e-147  479.8   4.8     1   270     1   273     1   274 0.98 -
346at766_752179_0:000329|OZ308468.1:730043-730865  -            274 346                  -            271  3.1e-147  479.9   4.8   1   1  3.5e-147  3.5e-147  479.8   4.8     1   270     1   273     1   274 0.98 -
346at766_779_0:000245|OZ308468.1:730043-730865     -            274 346                  -            271  3.1e-147  479.9   4.8   1   1  3.5e-147  3.5e-147  479.8   4.8     1   270     1   273     1   274 0.98 -
346at766_96496_0:00007f|OZ308468.1:730043-730865   -            274 346                  -            271  3.1e-147  479.9   4.8   1   1  3.5e-147  3.5e-147  479.8   4.8     1   270     1   273     1   274 0.98 -
346at766_1359163_0:00022e|OZ308468.1:730043-730856 -            272 346                  -            271  5.2e-147  479.2   4.2   1   1  5.7e-147  5.7e-147  479.1   4.2     1   268     1   271     1   272 0.98 -
346at766_2486577_0:00014e|OZ308468.1:730043-730856 -            272 346                  -            271  5.2e-147  479.2   4.2   1   1  5.7e-147  5.7e-147  479.1   4.2     1   268     1   271     1   272 0.98 -
346at766_2602574_0:000212|OZ308468.1:730043-730856 -            272 346                  -            271  5.2e-147  479.2   4.2   1   1  5.7e-147  5.7e-147  479.1   4.2     1   268     1   271     1   272 0.98 -
346at766_86105_0:000191|OZ308468.1:730043-730856   -            272 346                  -            271  5.2e-147  479.2   4.2   1   1  5.7e-147  5.7e-147  479.1   4.2     1   268     1   271     1   272 0.98 -
346at766_1248439_0:000031|OZ308468.1:730043-730853 -            271 346                  -            271  9.2e-147  478.4   4.6   1   1    1e-146    1e-146  478.2   4.6     1   268     1   271     1   271 0.98 -
346at766_1392507_0:000367|OZ308468.1:730043-730853 -            271 346                  -            271  9.2e-147  478.4   4.6   1   1    1e-146    1e-146  478.2   4.6     1   268     1   271     1   271 0.98 -
346at766_142058_0:0000e4|OZ308468.1:730043-730853  -            271 346                  -            271  9.2e-147  478.4   4.6   1   1    1e-146    1e-146  478.2   4.6     1   268     1   271     1   271 0.98 -
346at766_574556_0:0002cd|OZ308468.1:730043-730853  -            271 346                  -            271  9.2e-147  478.4   4.6   1   1    1e-146    1e-146  478.2   4.6     1   268     1   271     1   271 0.98 -
346at766_1528098_0:00004e|OZ308468.1:730043-730850 -            270 346                  -            271  1.9e-146  477.3   4.3   1   1  2.2e-146  2.2e-146  477.2   4.3     1   267     1   270     1   270 0.98 -
346at766_2486578_0:00030b|OZ308468.1:730043-730850 -            270 346                  -            271  1.9e-146  477.3   4.3   1   1  2.2e-146  2.2e-146  477.2   4.3     1   267     1   270     1   270 0.98 -
346at766_696127_0:00037c|OZ308468.1:730043-730850  -            270 346                  -            271  1.9e-146  477.3   4.3   1   1  2.2e-146  2.2e-146  477.2   4.3     1   267     1   270     1   270 0.98 -
346at766_955_0:000312|OZ308468.1:730079-730865     -            262 346                  -            271  7.6e-141  459.0   6.4   1   1  8.4e-141  8.4e-141  458.8   6.4    13   270     1   261     1   262 0.97 -
#
# Program:         hmmsearch
# Version:         3.4 (Aug 2023)
# Pipeline mode:   SEARCH
# Query file:      /Users/rossoaa/Desktop/dummy/genomes/records/compleasm/mb_downloads/rickettsiales_odb12/hmms/346at766.hmm
# Target file:     -
# Option settings: /Users/rossoaa/miniconda3/envs/compleasm_env/bin/hmmsearch --domtblout /Users/rossoaa/Desktop/dummy/genomes/records/compleasm/rickettsiales_odb12/hmmer_output/346at766.out --cpu 1 /Users/rossoaa/Desktop/dummy/genomes/records/compleasm/mb_downloads/rickettsiales_odb12/hmms/346at766.hmm - 
# Current dir:     /Users/rossoaa/Desktop/dummy/genomes/records/compleasm
# Date:            Tue Feb 10 10:20:23 2026
# [ok]
