#                                                                                                          --- full sequence --- -------------- this domain -------------   hmm coord   ali coord   env coord
# target name                                      accession   tlen query name           accession   qlen   E-value  score  bias   #  of  c-Evalue  i-Evalue  score  bias  from    to  from    to  from    to  acc description of target
#                              ------------------- ---------- ----- -------------------- ---------- ----- --------- ------ ----- --- --- --------- --------- ------ ----- ----- ----- ----- ----- ----- ----- ---- ---------------------
353at766_1248439_0:000314|OZ308468.1:181897-182434 -            180 353                  -            175   6.8e-83  267.3   0.5   1   1   7.5e-83   7.5e-83  267.1   0.5     1   175     1   179     1   179 0.95 -
353at766_142058_0:0000a2|OZ308468.1:181897-182434  -            180 353                  -            175   6.8e-83  267.3   0.5   1   1   7.5e-83   7.5e-83  267.1   0.5     1   175     1   179     1   179 0.95 -
353at766_1423892_0:000296|OZ308468.1:181876-182434 -            186 353                  -            175   7.7e-83  267.1   0.5   1   1   8.6e-83   8.6e-83  266.9   0.5     1   175     1   179     1   179 0.95 -
353at766_955_0:0001f8|OZ308468.1:181888-182452     -            189 353                  -            175   8.1e-83  267.0   0.5   1   1   9.1e-83   9.1e-83  266.9   0.5     1   175     7   185     7   185 0.95 -
353at766_1359163_0:0002a4|OZ308468.1:181876-182452 -            192 353                  -            175   8.6e-83  266.9   0.5   1   1   9.7e-83   9.7e-83  266.8   0.5     1   175     7   185     7   185 0.95 -
353at766_1605993_0:00011a|OZ308468.1:181876-182452 -            192 353                  -            175   8.6e-83  266.9   0.5   1   1   9.7e-83   9.7e-83  266.8   0.5     1   175     7   185     7   185 0.95 -
353at766_246273_0:0000ed|OZ308468.1:181891-182464  -            192 353                  -            175   8.6e-83  266.9   0.5   1   1   9.7e-83   9.7e-83  266.8   0.5     1   175    11   189    11   189 0.95 -
353at766_169402_0:0004f7|OZ308468.1:181876-182464  -            196 353                  -            175   9.2e-83  266.8   0.5   1   1     1e-82     1e-82  266.7   0.5     1   175    11   189    11   189 0.95 -
353at766_96496_0:000029|OZ308468.1:181876-182464   -            196 353                  -            175   9.2e-83  266.8   0.5   1   1     1e-82     1e-82  266.7   0.5     1   175    11   189    11   189 0.95 -
353at766_1242993_0:00030a|OZ308468.1:181897-182482 -            196 353                  -            175   9.2e-83  266.8   0.5   1   1     1e-82     1e-82  266.7   0.5     1   175    17   195    17   195 0.95 -
353at766_205920_0:000164|OZ308468.1:181897-182482  -            196 353                  -            175   9.2e-83  266.8   0.5   1   1     1e-82     1e-82  266.7   0.5     1   175    17   195    17   195 0.95 -
353at766_391036_0:000345|OZ308468.1:181894-182482  -            197 353                  -            175   9.4e-83  266.8   0.5   1   1   1.1e-82   1.1e-82  266.6   0.5     1   175    17   195    17   195 0.95 -
353at766_2115978_0:000057|OZ308468.1:181897-182485 -            197 353                  -            175   9.4e-83  266.8   0.5   1   1   1.1e-82   1.1e-82  266.6   0.5     1   175    18   196    18   196 0.95 -
353at766_1392507_0:00007d|OZ308468.1:181891-182482 -            198 353                  -            175   9.6e-83  266.8   0.5   1   1   1.1e-82   1.1e-82  266.6   0.5     1   175    17   195    17   195 0.95 -
353at766_779_0:00002e|OZ308468.1:181876-182482     -            202 353                  -            175     1e-82  266.7   0.5   1   1   1.2e-82   1.2e-82  266.5   0.5     1   175    17   195    17   195 0.95 -
353at766_1528098_0:00046e|OZ308468.1:181897-182512 -            206 353                  -            175   1.1e-82  266.6   0.5   1   1   1.3e-82   1.3e-82  266.4   0.5     1   175    27   205    27   205 0.95 -
353at766_2486578_0:00031d|OZ308468.1:181891-182515 -            209 353                  -            175   1.2e-82  266.5   0.5   1   1   1.3e-82   1.3e-82  266.3   0.5     1   175    28   206    28   206 0.95 -
353at766_1961830_0:0002b9|OZ308468.1:181903-182506 -            202 353                  -            175   2.5e-82  265.4   0.4   1   1   2.8e-82   2.8e-82  265.3   0.4     1   173    25   201    25   202 0.95 -
353at766_1105107_0:00009b|OZ308468.1:181903-182509 -            203 353                  -            175   2.5e-82  265.4   0.4   1   1   2.9e-82   2.9e-82  265.2   0.4     1   173    26   202    26   203 0.95 -
353at766_272947_0:000106|OZ308468.1:181903-182509  -            203 353                  -            175   2.5e-82  265.4   0.4   1   1   2.9e-82   2.9e-82  265.2   0.4     1   173    26   202    26   203 0.95 -
353at766_336407_0:0001f0|OZ308468.1:181903-182509  -            203 353                  -            175   2.5e-82  265.4   0.4   1   1   2.9e-82   2.9e-82  265.2   0.4     1   173    26   202    26   203 0.95 -
353at766_481009_0:000022|OZ308468.1:181903-182509  -            203 353                  -            175   2.5e-82  265.4   0.4   1   1   2.9e-82   2.9e-82  265.2   0.4     1   173    26   202    26   203 0.95 -
#
# Program:         hmmsearch
# Version:         3.4 (Aug 2023)
# Pipeline mode:   SEARCH
# Query file:      /Users/rossoaa/Desktop/dummy/genomes/records/compleasm/mb_downloads/rickettsiales_odb12/hmms/353at766.hmm
# Target file:     -
# Option settings: /Users/rossoaa/miniconda3/envs/compleasm_env/bin/hmmsearch --domtblout /Users/rossoaa/Desktop/dummy/genomes/records/compleasm/rickettsiales_odb12/hmmer_output/353at766.out --cpu 1 /Users/rossoaa/Desktop/dummy/genomes/records/compleasm/mb_downloads/rickettsiales_odb12/hmms/353at766.hmm - 
# Current dir:     /Users/rossoaa/Desktop/dummy/genomes/records/compleasm
# Date:            Tue Feb 10 10:20:21 2026
# [ok]
