#                                                                                                             --- full sequence --- -------------- this domain -------------   hmm coord   ali coord   env coord
# target name                                         accession   tlen query name           accession   qlen   E-value  score  bias   #  of  c-Evalue  i-Evalue  score  bias  from    to  from    to  from    to  acc description of target
#                                 ------------------- ---------- ----- -------------------- ---------- ----- --------- ------ ----- --- --- --------- --------- ------ ----- ----- ----- ----- ----- ----- ----- ---- ---------------------
3589at766_434131_0:00022b|OZ308468.1:1097969-1100450  -            793 3589                 -            781         0 1250.3  10.9   1   1         0         0 1250.1  10.9     1   779     8   793     8   793 0.98 -
3589at766_1528098_0:000222|OZ308468.1:1097960-1100429 -            823 3589                 -            781         0 1238.2  16.6   1   2  2.2e-169  2.2e-169  556.6   0.6     1   383     1   392     1   408 0.96 -
3589at766_1528098_0:000222|OZ308468.1:1097960-1100429 -            823 3589                 -            781         0 1238.2  16.6   2   2  1.4e-208  1.4e-208  686.2   9.6   373   780   414   822   402   823 0.98 -
3589at766_1359168_0:000230|OZ308468.1:1097963-1100435 -            825 3589                 -            781         0 1238.2  16.6   1   2  2.2e-169  2.2e-169  556.6   0.6     1   383     3   394     3   410 0.96 -
3589at766_1359168_0:000230|OZ308468.1:1097963-1100435 -            825 3589                 -            781         0 1238.2  16.6   2   2  1.4e-208  1.4e-208  686.2   9.6   373   780   416   824   404   825 0.98 -
3589at766_2486577_0:000301|OZ308468.1:1097963-1100435 -            825 3589                 -            781         0 1238.2  16.6   1   2  2.2e-169  2.2e-169  556.6   0.6     1   383     3   394     3   410 0.96 -
3589at766_2486577_0:000301|OZ308468.1:1097963-1100435 -            825 3589                 -            781         0 1238.2  16.6   2   2  1.4e-208  1.4e-208  686.2   9.6   373   780   416   824   404   825 0.98 -
3589at766_2486578_0:00036a|OZ308468.1:1097963-1100435 -            825 3589                 -            781         0 1238.2  16.6   1   2  2.2e-169  2.2e-169  556.6   0.6     1   383     3   394     3   410 0.96 -
3589at766_2486578_0:00036a|OZ308468.1:1097963-1100435 -            825 3589                 -            781         0 1238.2  16.6   2   2  1.4e-208  1.4e-208  686.2   9.6   373   780   416   824   404   825 0.98 -
3589at766_334380_0:000312|OZ308468.1:1097963-1100435  -            825 3589                 -            781         0 1238.2  16.6   1   2  2.2e-169  2.2e-169  556.6   0.6     1   383     3   394     3   410 0.96 -
3589at766_334380_0:000312|OZ308468.1:1097963-1100435  -            825 3589                 -            781         0 1238.2  16.6   2   2  1.4e-208  1.4e-208  686.2   9.6   373   780   416   824   404   825 0.98 -
3589at766_696127_0:0000cd|OZ308468.1:1097960-1100435  -            825 3589                 -            781         0 1238.2  16.6   1   2  2.2e-169  2.2e-169  556.6   0.6     1   383     3   394     3   410 0.96 -
3589at766_696127_0:0000cd|OZ308468.1:1097960-1100435  -            825 3589                 -            781         0 1238.2  16.6   2   2  1.4e-208  1.4e-208  686.2   9.6   373   780   416   824   404   825 0.98 -
3589at766_1423892_0:0000cd|OZ308468.1:1097963-1100441 -            827 3589                 -            781         0 1238.2  16.6   1   2  2.2e-169  2.2e-169  556.6   0.6     1   383     5   396     5   412 0.96 -
3589at766_1423892_0:0000cd|OZ308468.1:1097963-1100441 -            827 3589                 -            781         0 1238.2  16.6   2   2  1.5e-208  1.5e-208  686.2   9.6   373   780   418   826   406   827 0.98 -
3589at766_1961830_0:0000e2|OZ308468.1:1097963-1100441 -            827 3589                 -            781         0 1238.2  16.6   1   2  2.2e-169  2.2e-169  556.6   0.6     1   383     5   396     5   412 0.96 -
3589at766_1961830_0:0000e2|OZ308468.1:1097963-1100441 -            827 3589                 -            781         0 1238.2  16.6   2   2  1.5e-208  1.5e-208  686.2   9.6   373   780   418   826   406   827 0.98 -
3589at766_205920_0:0001af|OZ308468.1:1097960-1100441  -            827 3589                 -            781         0 1238.2  16.6   1   2  2.2e-169  2.2e-169  556.6   0.6     1   383     5   396     5   412 0.96 -
3589at766_205920_0:0001af|OZ308468.1:1097960-1100441  -            827 3589                 -            781         0 1238.2  16.6   2   2  1.5e-208  1.5e-208  686.2   9.6   373   780   418   826   406   827 0.98 -
3589at766_391036_0:000153|OZ308468.1:1097963-1100441  -            827 3589                 -            781         0 1238.2  16.6   1   2  2.2e-169  2.2e-169  556.6   0.6     1   383     5   396     5   412 0.96 -
3589at766_391036_0:000153|OZ308468.1:1097963-1100441  -            827 3589                 -            781         0 1238.2  16.6   2   2  1.5e-208  1.5e-208  686.2   9.6   373   780   418   826   406   827 0.98 -
3589at766_2115978_0:000421|OZ308468.1:1097963-1100444 -            828 3589                 -            781         0 1238.1  16.6   1   2  2.2e-169  2.2e-169  556.6   0.6     1   383     6   397     6   413 0.96 -
3589at766_2115978_0:000421|OZ308468.1:1097963-1100444 -            828 3589                 -            781         0 1238.1  16.6   2   2  1.5e-208  1.5e-208  686.2   9.6   373   780   419   827   407   828 0.98 -
3589at766_86105_0:0005b8|OZ308468.1:1097963-1100450   -            830 3589                 -            781         0 1238.1  16.6   1   2  2.2e-169  2.2e-169  556.6   0.6     1   383     8   399     8   415 0.96 -
3589at766_86105_0:0005b8|OZ308468.1:1097963-1100450   -            830 3589                 -            781         0 1238.1  16.6   2   2  1.5e-208  1.5e-208  686.2   9.6   373   780   421   829   409   830 0.98 -
3589at766_1242993_0:000013|OZ308468.1:1097960-1100459 -            833 3589                 -            781         0 1238.1  16.6   1   2  2.2e-169  2.2e-169  556.6   0.6     1   383    11   402    11   418 0.96 -
3589at766_1242993_0:000013|OZ308468.1:1097960-1100459 -            833 3589                 -            781         0 1238.1  16.6   2   2  1.5e-208  1.5e-208  686.2   9.6   373   780   424   832   412   833 0.98 -
3589at766_169402_0:0000d7|OZ308468.1:1097960-1100459  -            833 3589                 -            781         0 1238.1  16.6   1   2  2.2e-169  2.2e-169  556.6   0.6     1   383    11   402    11   418 0.96 -
3589at766_169402_0:0000d7|OZ308468.1:1097960-1100459  -            833 3589                 -            781         0 1238.1  16.6   2   2  1.5e-208  1.5e-208  686.2   9.6   373   780   424   832   412   833 0.98 -
3589at766_246273_0:00002a|OZ308468.1:1097960-1100459  -            833 3589                 -            781         0 1238.1  16.6   1   2  2.2e-169  2.2e-169  556.6   0.6     1   383    11   402    11   418 0.96 -
3589at766_246273_0:00002a|OZ308468.1:1097960-1100459  -            833 3589                 -            781         0 1238.1  16.6   2   2  1.5e-208  1.5e-208  686.2   9.6   373   780   424   832   412   833 0.98 -
3589at766_955_0:000035|OZ308468.1:1097963-1100459     -            833 3589                 -            781         0 1238.1  16.6   1   2  2.2e-169  2.2e-169  556.6   0.6     1   383    11   402    11   418 0.96 -
3589at766_955_0:000035|OZ308468.1:1097963-1100459     -            833 3589                 -            781         0 1238.1  16.6   2   2  1.5e-208  1.5e-208  686.2   9.6   373   780   424   832   412   833 0.98 -
3589at766_96496_0:0000b1|OZ308468.1:1097960-1100459   -            833 3589                 -            781         0 1238.1  16.6   1   2  2.2e-169  2.2e-169  556.6   0.6     1   383    11   402    11   418 0.96 -
3589at766_96496_0:0000b1|OZ308468.1:1097960-1100459   -            833 3589                 -            781         0 1238.1  16.6   2   2  1.5e-208  1.5e-208  686.2   9.6   373   780   424   832   412   833 0.98 -
3589at766_752179_0:0003ea|OZ308468.1:1097963-1100489  -            843 3589                 -            781         0 1238.0  16.6   1   2  2.3e-169  2.3e-169  556.6   0.6     1   383    21   412    21   428 0.96 -
3589at766_752179_0:0003ea|OZ308468.1:1097963-1100489  -            843 3589                 -            781         0 1238.0  16.6   2   2  1.5e-208  1.5e-208  686.1   9.6   373   780   434   842   422   843 0.98 -
3589at766_1248439_0:0001d8|OZ308468.1:1097966-1100435 -            824 3589                 -            781         0 1237.6  16.6   1   2  2.2e-169  2.2e-169  556.6   0.6     1   383     3   394     3   409 0.96 -
3589at766_1248439_0:0001d8|OZ308468.1:1097966-1100435 -            824 3589                 -            781         0 1237.6  16.6   2   2  2.1e-208  2.1e-208  685.7   9.5   373   780   416   824   404   824 0.98 -
3589at766_142058_0:0001b4|OZ308468.1:1097966-1100435  -            824 3589                 -            781         0 1237.6  16.6   1   2  2.2e-169  2.2e-169  556.6   0.6     1   383     3   394     3   409 0.96 -
3589at766_142058_0:0001b4|OZ308468.1:1097966-1100435  -            824 3589                 -            781         0 1237.6  16.6   2   2  2.1e-208  2.1e-208  685.7   9.5   373   780   416   824   404   824 0.98 -
3589at766_1359163_0:000161|OZ308468.1:1097966-1100453 -            830 3589                 -            781         0 1237.6  16.6   1   2  2.2e-169  2.2e-169  556.6   0.6     1   383     9   400     9   415 0.96 -
3589at766_1359163_0:000161|OZ308468.1:1097966-1100453 -            830 3589                 -            781         0 1237.6  16.6   2   2  2.1e-208  2.1e-208  685.6   9.5   373   780   422   830   410   830 0.98 -
3589at766_779_0:000082|OZ308468.1:1097960-1100426     -            822 3589                 -            781         0 1236.9  16.5   1   2  5.9e-169  5.9e-169  555.2   0.6     2   383     1   391     1   406 0.96 -
3589at766_779_0:000082|OZ308468.1:1097960-1100426     -            822 3589                 -            781         0 1236.9  16.5   2   2  1.4e-208  1.4e-208  686.2   9.7   373   780   413   821   397   822 0.98 -
3589at766_1714371_0:000093|OZ308468.1:1097969-1100450 -            828 3589                 -            781         0 1236.7  16.4   1   2  2.2e-169  2.2e-169  556.6   0.6     1   383     8   399     8   414 0.96 -
3589at766_1714371_0:000093|OZ308468.1:1097969-1100450 -            828 3589                 -            781         0 1236.7  16.4   2   2    4e-208    4e-208  684.7   9.5   373   779   421   828   406   828 0.98 -
3589at766_222891_0:000060|OZ308468.1:1097969-1100450  -            828 3589                 -            781         0 1236.7  16.4   1   2  2.2e-169  2.2e-169  556.6   0.6     1   383     8   399     8   414 0.96 -
3589at766_222891_0:000060|OZ308468.1:1097969-1100450  -            828 3589                 -            781         0 1236.7  16.4   2   2    4e-208    4e-208  684.7   9.5   373   779   421   828   406   828 0.98 -
3589at766_1802984_0:0001a5|OZ308468.1:1097975-1100441 -            823 3589                 -            781         0 1234.7  16.5   1   2  2.2e-169  2.2e-169  556.6   0.6     1   383     5   396     5   411 0.96 -
3589at766_1802984_0:0001a5|OZ308468.1:1097975-1100441 -            823 3589                 -            781         0 1234.7  16.5   2   2  1.6e-207  1.6e-207  682.7   9.6   373   776   418   822   402   823 0.98 -
3589at766_272947_0:0001e2|OZ308468.1:1097978-1100435  -            820 3589                 -            781         0 1234.0  16.4   1   2  2.2e-169  2.2e-169  556.6   0.6     1   383     3   394     3   408 0.96 -
3589at766_272947_0:0001e2|OZ308468.1:1097978-1100435  -            820 3589                 -            781         0 1234.0  16.4   2   2  2.7e-207  2.7e-207  682.0   9.4   373   775   416   819   404   820 0.98 -
3589at766_336407_0:0000c3|OZ308468.1:1097978-1100435  -            820 3589                 -            781         0 1234.0  16.4   1   2  2.2e-169  2.2e-169  556.6   0.6     1   383     3   394     3   408 0.96 -
3589at766_336407_0:0000c3|OZ308468.1:1097978-1100435  -            820 3589                 -            781         0 1234.0  16.4   2   2  2.7e-207  2.7e-207  682.0   9.4   373   775   416   819   404   820 0.98 -
3589at766_1105107_0:0001b2|OZ308468.1:1097978-1100459 -            828 3589                 -            781         0 1233.9  16.4   1   2  2.3e-169  2.3e-169  556.6   0.6     1   383    11   402    11   416 0.96 -
3589at766_1105107_0:0001b2|OZ308468.1:1097978-1100459 -            828 3589                 -            781         0 1233.9  16.4   2   2  2.8e-207  2.8e-207  681.9   9.4   373   775   424   827   412   828 0.98 -
3589at766_481009_0:00026b|OZ308468.1:1097978-1100468  -            831 3589                 -            781         0 1233.9  16.4   1   2  2.3e-169  2.3e-169  556.5   0.6     1   383    14   405    14   419 0.96 -
3589at766_481009_0:00026b|OZ308468.1:1097978-1100468  -            831 3589                 -            781         0 1233.9  16.4   2   2  2.8e-207  2.8e-207  681.9   9.4   373   775   427   830   415   831 0.98 -
3589at766_2602574_0:000471|OZ308468.1:1097978-1100471 -            832 3589                 -            781         0 1233.9  16.4   1   2  2.3e-169  2.3e-169  556.5   0.6     1   383    15   406    15   420 0.96 -
3589at766_2602574_0:000471|OZ308468.1:1097978-1100471 -            832 3589                 -            781         0 1233.9  16.4   2   2  2.8e-207  2.8e-207  681.9   9.4   373   775   428   831   416   832 0.98 -
3589at766_1274402_0:0001b2|OZ308468.1:1097981-1100435 -            819 3589                 -            781         0 1232.9  16.5   1   2  2.1e-169  2.1e-169  556.7   0.6     1   383     3   394     3   410 0.96 -
3589at766_1274402_0:0001b2|OZ308468.1:1097981-1100435 -            819 3589                 -            781         0 1232.9  16.5   2   2  5.5e-207  5.5e-207  681.0   9.4   373   775   416   819   403   819 0.98 -
3589at766_1392507_0:000154|OZ308468.1:1097984-1100435 -            818 3589                 -            781         0 1232.0  16.4   1   2  2.2e-169  2.2e-169  556.6   0.6     1   383     3   394     3   409 0.96 -
3589at766_1392507_0:000154|OZ308468.1:1097984-1100435 -            818 3589                 -            781         0 1232.0  16.4   2   2    1e-206    1e-206  680.0   9.4   373   774   416   818   403   818 0.98 -
3589at766_1605993_0:0002a0|OZ308468.1:1097960-1099055 -            365 3589                 -            781  6.2e-198  651.0   9.0   1   1  6.9e-198  6.9e-198  650.9   9.0   417   780     1   364     1   365 1.00 -
#
# Program:         hmmsearch
# Version:         3.4 (Aug 2023)
# Pipeline mode:   SEARCH
# Query file:      /Users/rossoaa/Desktop/dummy/genomes/records/compleasm/mb_downloads/rickettsiales_odb12/hmms/3589at766.hmm
# Target file:     -
# Option settings: /Users/rossoaa/miniconda3/envs/compleasm_env/bin/hmmsearch --domtblout /Users/rossoaa/Desktop/dummy/genomes/records/compleasm/rickettsiales_odb12/hmmer_output/3589at766.out --cpu 1 /Users/rossoaa/Desktop/dummy/genomes/records/compleasm/mb_downloads/rickettsiales_odb12/hmms/3589at766.hmm - 
# Current dir:     /Users/rossoaa/Desktop/dummy/genomes/records/compleasm
# Date:            Tue Feb 10 10:20:24 2026
# [ok]
