#                                                                                                           --- full sequence --- -------------- this domain -------------   hmm coord   ali coord   env coord
# target name                                       accession   tlen query name           accession   qlen   E-value  score  bias   #  of  c-Evalue  i-Evalue  score  bias  from    to  from    to  from    to  acc description of target
#                               ------------------- ---------- ----- -------------------- ---------- ----- --------- ------ ----- --- --- --------- --------- ------ ----- ----- ----- ----- ----- ----- ----- ---- ---------------------
3590at766_1242993_0:0003a1|OZ308468.1:805458-807906 -            816 3590                 -            818         0 1334.0   8.5   1   1         0         0 1333.9   8.5     1   818     1   816     1   816 0.98 -
3590at766_1248439_0:0002dc|OZ308468.1:805458-807906 -            816 3590                 -            818         0 1334.0   8.5   1   1         0         0 1333.9   8.5     1   818     1   816     1   816 0.98 -
3590at766_1286528_0:000158|OZ308468.1:805458-807906 -            816 3590                 -            818         0 1334.0   8.5   1   1         0         0 1333.9   8.5     1   818     1   816     1   816 0.98 -
3590at766_1359163_0:0001ef|OZ308468.1:805458-807906 -            816 3590                 -            818         0 1334.0   8.5   1   1         0         0 1333.9   8.5     1   818     1   816     1   816 0.98 -
3590at766_1392507_0:000096|OZ308468.1:805458-807906 -            816 3590                 -            818         0 1334.0   8.5   1   1         0         0 1333.9   8.5     1   818     1   816     1   816 0.98 -
3590at766_142058_0:000135|OZ308468.1:805458-807906  -            816 3590                 -            818         0 1334.0   8.5   1   1         0         0 1333.9   8.5     1   818     1   816     1   816 0.98 -
3590at766_1423892_0:00032c|OZ308468.1:805461-807906 -            816 3590                 -            818         0 1334.0   8.5   1   1         0         0 1333.9   8.5     1   818     1   816     1   816 0.98 -
3590at766_169402_0:0003a9|OZ308468.1:805461-807906  -            816 3590                 -            818         0 1334.0   8.5   1   1         0         0 1333.9   8.5     1   818     1   816     1   816 0.98 -
3590at766_1714371_0:000049|OZ308468.1:805458-807906 -            816 3590                 -            818         0 1334.0   8.5   1   1         0         0 1333.9   8.5     1   818     1   816     1   816 0.98 -
3590at766_205920_0:000046|OZ308468.1:805458-807906  -            816 3590                 -            818         0 1334.0   8.5   1   1         0         0 1333.9   8.5     1   818     1   816     1   816 0.98 -
3590at766_222891_0:0000d1|OZ308468.1:805458-807906  -            816 3590                 -            818         0 1334.0   8.5   1   1         0         0 1333.9   8.5     1   818     1   816     1   816 0.98 -
3590at766_246273_0:0003bb|OZ308468.1:805458-807906  -            816 3590                 -            818         0 1334.0   8.5   1   1         0         0 1333.9   8.5     1   818     1   816     1   816 0.98 -
3590at766_391036_0:000344|OZ308468.1:805458-807906  -            816 3590                 -            818         0 1334.0   8.5   1   1         0         0 1333.9   8.5     1   818     1   816     1   816 0.98 -
3590at766_434131_0:000003|OZ308468.1:805458-807906  -            816 3590                 -            818         0 1334.0   8.5   1   1         0         0 1333.9   8.5     1   818     1   816     1   816 0.98 -
3590at766_574556_0:0002b1|OZ308468.1:805458-807906  -            816 3590                 -            818         0 1334.0   8.5   1   1         0         0 1333.9   8.5     1   818     1   816     1   816 0.98 -
3590at766_779_0:000026|OZ308468.1:805458-807906     -            816 3590                 -            818         0 1334.0   8.5   1   1         0         0 1333.9   8.5     1   818     1   816     1   816 0.98 -
3590at766_955_0:0002ee|OZ308468.1:805458-807906     -            816 3590                 -            818         0 1334.0   8.5   1   1         0         0 1333.9   8.5     1   818     1   816     1   816 0.98 -
3590at766_96496_0:0000dc|OZ308468.1:805458-807906   -            816 3590                 -            818         0 1334.0   8.5   1   1         0         0 1333.9   8.5     1   818     1   816     1   816 0.98 -
3590at766_2486578_0:000071|OZ308468.1:805458-807909 -            817 3590                 -            818         0 1334.0   8.5   1   1         0         0 1333.9   8.5     1   818     2   817     2   817 0.98 -
3590at766_1528098_0:000174|OZ308468.1:805470-807906 -            813 3590                 -            818         0 1331.6   7.6   1   1         0         0 1331.5   7.6     1   815     1   813     1   813 0.98 -
3590at766_1605993_0:000361|OZ308468.1:805470-807906 -            813 3590                 -            818         0 1331.6   7.6   1   1         0         0 1331.5   7.6     1   815     1   813     1   813 0.98 -
3590at766_752179_0:0001ac|OZ308468.1:805590-807906  -            773 3590                 -            818         0 1285.2   6.4   1   1         0         0 1285.1   6.4     1   776     1   771     1   773 0.98 -
3590at766_86105_0:00030e|OZ308468.1:805596-807906   -            771 3590                 -            818         0 1284.8   5.8   1   1         0         0 1284.7   5.8     1   767     1   764     1   771 0.98 -
3590at766_1359168_0:00007b|OZ308468.1:805602-807906 -            769 3590                 -            818         0 1284.2   6.0   1   1         0         0 1284.1   6.0     1   766     1   763     1   769 0.98 -
3590at766_1105107_0:00015f|OZ308468.1:805608-807906 -            767 3590                 -            818         0 1284.2   5.7   1   1         0         0 1284.0   5.7     1   765     1   762     1   766 0.99 -
3590at766_272947_0:00006b|OZ308468.1:805608-807906  -            767 3590                 -            818         0 1284.2   5.7   1   1         0         0 1284.0   5.7     1   765     1   762     1   766 0.99 -
3590at766_481009_0:000248|OZ308468.1:805608-807906  -            767 3590                 -            818         0 1284.2   5.7   1   1         0         0 1284.0   5.7     1   765     1   762     1   766 0.99 -
3590at766_696127_0:000338|OZ308468.1:805608-807906  -            767 3590                 -            818         0 1284.2   5.7   1   1         0         0 1284.0   5.7     1   765     1   762     1   766 0.99 -
3590at766_2115978_0:000383|OZ308468.1:805614-807906 -            765 3590                 -            818         0 1283.5   6.3   1   1         0         0 1283.3   6.3     1   765     1   762     1   765 0.99 -
3590at766_2602574_0:000186|OZ308468.1:805617-807906 -            764 3590                 -            818         0 1283.1   6.5   1   1         0         0 1282.9   6.5     1   764     1   761     1   764 0.99 -
3590at766_2486577_0:0001aa|OZ308468.1:805623-807906 -            762 3590                 -            818         0 1282.7   6.1   1   1         0         0 1282.5   6.1     1   763     1   760     1   762 0.99 -
3590at766_1274402_0:0000e0|OZ308468.1:805605-807900 -            766 3590                 -            818         0 1281.1   5.7   1   1         0         0 1280.9   5.7     3   765     1   760     1   765 0.98 -
3590at766_1961830_0:00001c|OZ308468.1:805635-807906 -            758 3590                 -            818         0 1281.0   5.7   1   1         0         0 1280.8   5.7     1   760     1   757     1   758 0.99 -
3590at766_334380_0:0002f9|OZ308468.1:805635-807906  -            758 3590                 -            818         0 1281.0   5.7   1   1         0         0 1280.8   5.7     1   760     1   757     1   758 0.99 -
3590at766_1802984_0:0000a1|OZ308468.1:805641-807906 -            756 3590                 -            818         0 1279.3   6.2   1   1         0         0 1279.2   6.2     1   758     1   755     1   756 0.99 -
3590at766_336407_0:0004d2|OZ308468.1:805641-807906  -            756 3590                 -            818         0 1279.3   6.2   1   1         0         0 1279.2   6.2     1   758     1   755     1   756 0.99 -
#
# Program:         hmmsearch
# Version:         3.4 (Aug 2023)
# Pipeline mode:   SEARCH
# Query file:      /Users/rossoaa/Desktop/dummy/genomes/records/compleasm/mb_downloads/rickettsiales_odb12/hmms/3590at766.hmm
# Target file:     -
# Option settings: /Users/rossoaa/miniconda3/envs/compleasm_env/bin/hmmsearch --domtblout /Users/rossoaa/Desktop/dummy/genomes/records/compleasm/rickettsiales_odb12/hmmer_output/3590at766.out --cpu 1 /Users/rossoaa/Desktop/dummy/genomes/records/compleasm/mb_downloads/rickettsiales_odb12/hmms/3590at766.hmm - 
# Current dir:     /Users/rossoaa/Desktop/dummy/genomes/records/compleasm
# Date:            Tue Feb 10 10:20:21 2026
# [ok]
