#                                                                                                         --- full sequence --- -------------- this domain -------------   hmm coord   ali coord   env coord
# target name                                     accession   tlen query name           accession   qlen   E-value  score  bias   #  of  c-Evalue  i-Evalue  score  bias  from    to  from    to  from    to  acc description of target
#                             ------------------- ---------- ----- -------------------- ---------- ----- --------- ------ ----- --- --- --------- --------- ------ ----- ----- ----- ----- ----- ----- ----- ---- ---------------------
35at766_1961830_0:000331|OZ308468.1:686977-687748 -            258 35                   -            254  1.9e-120  391.4   2.0   1   1  2.1e-120  2.1e-120  391.2   2.0     1   254     1   258     1   258 0.96 -
35at766_1714371_0:0002bb|OZ308468.1:686977-687751 -            259 35                   -            254  1.9e-120  391.4   2.0   1   1  2.1e-120  2.1e-120  391.2   2.0     1   254     2   259     2   259 0.96 -
35at766_222891_0:0001c6|OZ308468.1:686977-687751  -            259 35                   -            254  1.9e-120  391.4   2.0   1   1  2.1e-120  2.1e-120  391.2   2.0     1   254     2   259     2   259 0.96 -
35at766_246273_0:000045|OZ308468.1:686977-687751  -            259 35                   -            254  1.9e-120  391.4   2.0   1   1  2.1e-120  2.1e-120  391.2   2.0     1   254     2   259     2   259 0.96 -
35at766_434131_0:0000d2|OZ308468.1:686977-687751  -            259 35                   -            254  1.9e-120  391.4   2.0   1   1  2.1e-120  2.1e-120  391.2   2.0     1   254     2   259     2   259 0.96 -
35at766_574556_0:0002d3|OZ308468.1:686977-687751  -            259 35                   -            254  1.9e-120  391.4   2.0   1   1  2.1e-120  2.1e-120  391.2   2.0     1   254     2   259     2   259 0.96 -
35at766_955_0:00034c|OZ308468.1:686977-687751     -            259 35                   -            254  1.9e-120  391.4   2.0   1   1  2.1e-120  2.1e-120  391.2   2.0     1   254     2   259     2   259 0.96 -
35at766_1105107_0:00011d|OZ308468.1:686971-687748 -            259 35                   -            254  1.9e-120  391.4   2.0   1   1  2.1e-120  2.1e-120  391.2   2.0     1   254     1   258     1   258 0.96 -
35at766_336407_0:0002f0|OZ308468.1:686974-687748  -            259 35                   -            254  1.9e-120  391.4   2.0   1   1  2.1e-120  2.1e-120  391.2   2.0     1   254     1   258     1   258 0.96 -
35at766_481009_0:000448|OZ308468.1:686971-687748  -            259 35                   -            254  1.9e-120  391.4   2.0   1   1  2.1e-120  2.1e-120  391.2   2.0     1   254     1   258     1   258 0.96 -
35at766_1286528_0:00022e|OZ308468.1:686971-687751 -            260 35                   -            254  1.9e-120  391.4   2.0   1   1  2.2e-120  2.2e-120  391.2   2.0     1   254     2   259     2   259 0.96 -
35at766_1359163_0:000356|OZ308468.1:686971-687751 -            260 35                   -            254  1.9e-120  391.4   2.0   1   1  2.2e-120  2.2e-120  391.2   2.0     1   254     2   259     2   259 0.96 -
35at766_1605993_0:000014|OZ308468.1:686971-687751 -            260 35                   -            254  1.9e-120  391.4   2.0   1   1  2.2e-120  2.2e-120  391.2   2.0     1   254     2   259     2   259 0.96 -
35at766_169402_0:00030a|OZ308468.1:686974-687751  -            260 35                   -            254  1.9e-120  391.4   2.0   1   1  2.2e-120  2.2e-120  391.2   2.0     1   254     2   259     2   259 0.96 -
35at766_696127_0:00017f|OZ308468.1:686971-687751  -            260 35                   -            254  1.9e-120  391.4   2.0   1   1  2.2e-120  2.2e-120  391.2   2.0     1   254     2   259     2   259 0.96 -
35at766_96496_0:00015e|OZ308468.1:686971-687751   -            260 35                   -            254  1.9e-120  391.4   2.0   1   1  2.2e-120  2.2e-120  391.2   2.0     1   254     2   259     2   259 0.96 -
35at766_1423892_0:0000f6|OZ308468.1:686977-687754 -            260 35                   -            254  1.9e-120  391.4   2.0   1   1  2.2e-120  2.2e-120  391.2   2.0     1   254     3   260     3   260 0.96 -
35at766_2602574_0:0001ea|OZ308468.1:686977-687754 -            260 35                   -            254  1.9e-120  391.4   2.0   1   1  2.2e-120  2.2e-120  391.2   2.0     1   254     3   260     3   260 0.96 -
35at766_391036_0:0000ea|OZ308468.1:686977-687754  -            260 35                   -            254  1.9e-120  391.4   2.0   1   1  2.2e-120  2.2e-120  391.2   2.0     1   254     3   260     3   260 0.96 -
35at766_1242993_0:000325|OZ308468.1:686971-687754 -            261 35                   -            254  1.9e-120  391.4   2.0   1   1  2.2e-120  2.2e-120  391.2   2.0     1   254     3   260     3   260 0.96 -
35at766_779_0:0002a8|OZ308468.1:686983-687751     -            257 35                   -            254  7.3e-120  389.5   1.7   1   1  8.2e-120  8.2e-120  389.3   1.7     1   252     2   257     2   257 0.96 -
35at766_205920_0:0002fe|OZ308468.1:686983-687754  -            258 35                   -            254  7.4e-120  389.5   1.7   1   1  8.3e-120  8.3e-120  389.3   1.7     1   252     3   258     3   258 0.96 -
35at766_272947_0:000061|OZ308468.1:686986-687748  -            255 35                   -            254  1.5e-119  388.5   1.6   1   1  1.7e-119  1.7e-119  388.3   1.6     1   251     1   255     1   255 0.96 -
35at766_1392507_0:0000f5|OZ308468.1:686986-687751 -            256 35                   -            254  1.5e-119  388.5   1.6   1   1  1.7e-119  1.7e-119  388.3   1.6     1   251     2   256     2   256 0.96 -
#
# Program:         hmmsearch
# Version:         3.4 (Aug 2023)
# Pipeline mode:   SEARCH
# Query file:      /Users/rossoaa/Desktop/dummy/genomes/records/compleasm/mb_downloads/rickettsiales_odb12/hmms/35at766.hmm
# Target file:     -
# Option settings: /Users/rossoaa/miniconda3/envs/compleasm_env/bin/hmmsearch --domtblout /Users/rossoaa/Desktop/dummy/genomes/records/compleasm/rickettsiales_odb12/hmmer_output/35at766.out --cpu 1 /Users/rossoaa/Desktop/dummy/genomes/records/compleasm/mb_downloads/rickettsiales_odb12/hmms/35at766.hmm - 
# Current dir:     /Users/rossoaa/Desktop/dummy/genomes/records/compleasm
# Date:            Tue Feb 10 10:20:23 2026
# [ok]
