#                                                                                                           --- full sequence --- -------------- this domain -------------   hmm coord   ali coord   env coord
# target name                                       accession   tlen query name           accession   qlen   E-value  score  bias   #  of  c-Evalue  i-Evalue  score  bias  from    to  from    to  from    to  acc description of target
#                               ------------------- ---------- ----- -------------------- ---------- ----- --------- ------ ----- --- --- --------- --------- ------ ----- ----- ----- ----- ----- ----- ----- ---- ---------------------
3603at766_2602574_0:00047f|OZ308468.1:583991-586310 -            774 3603                 -            706    2e-256  842.2  39.8   1   1  2.2e-256  2.2e-256  842.0  39.8     3   705    23   771    21   774 0.92 -
3603at766_1605993_0:00014b|OZ308468.1:583979-586310 -            777 3603                 -            706    2e-256  842.1  39.8   1   1  2.3e-256  2.3e-256  842.0  39.8     3   705    23   771    21   774 0.92 -
3603at766_169402_0:00025b|OZ308468.1:583979-586310  -            777 3603                 -            706    2e-256  842.1  39.8   1   1  2.3e-256  2.3e-256  842.0  39.8     3   705    23   771    21   774 0.92 -
3603at766_246273_0:000381|OZ308468.1:583979-586310  -            777 3603                 -            706    2e-256  842.1  39.8   1   1  2.3e-256  2.3e-256  842.0  39.8     3   705    23   771    21   774 0.92 -
3603at766_574556_0:0002d7|OZ308468.1:583979-586310  -            777 3603                 -            706    2e-256  842.1  39.8   1   1  2.3e-256  2.3e-256  842.0  39.8     3   705    23   771    21   774 0.92 -
3603at766_955_0:00017f|OZ308468.1:583979-586310     -            777 3603                 -            706    2e-256  842.1  39.8   1   1  2.3e-256  2.3e-256  842.0  39.8     3   705    23   771    21   774 0.92 -
3603at766_96496_0:00003d|OZ308468.1:583979-586310   -            777 3603                 -            706    2e-256  842.1  39.8   1   1  2.3e-256  2.3e-256  842.0  39.8     3   705    23   771    21   774 0.92 -
3603at766_1359163_0:000207|OZ308468.1:584003-586304 -            768 3603                 -            706  4.3e-256  841.0  39.2   1   1  4.9e-256  4.9e-256  840.9  39.2     3   700    21   764    19   768 0.93 -
3603at766_1423892_0:000154|OZ308468.1:584021-586298 -            760 3603                 -            706  1.3e-255  839.4  39.4   1   1  1.5e-255  1.5e-255  839.2  39.4     3   697    19   759    17   760 0.93 -
3603at766_205920_0:000213|OZ308468.1:584021-586298  -            760 3603                 -            706  1.3e-255  839.4  39.4   1   1  1.5e-255  1.5e-255  839.2  39.4     3   697    19   759    17   760 0.93 -
3603at766_391036_0:000290|OZ308468.1:584021-586301  -            761 3603                 -            706  1.3e-255  839.4  39.4   1   1  1.5e-255  1.5e-255  839.2  39.4     3   697    20   760    18   761 0.93 -
3603at766_1242993_0:000076|OZ308468.1:584021-586310 -            764 3603                 -            706  1.4e-255  839.4  39.4   1   1  1.5e-255  1.5e-255  839.2  39.4     3   697    23   763    21   764 0.93 -
3603at766_86105_0:00055f|OZ308468.1:584024-586310   -            763 3603                 -            706  1.6e-255  839.1  39.1   1   1  1.9e-255  1.9e-255  838.9  39.1     3   696    23   762    21   763 0.93 -
#
# Program:         hmmsearch
# Version:         3.4 (Aug 2023)
# Pipeline mode:   SEARCH
# Query file:      /Users/rossoaa/Desktop/dummy/genomes/records/compleasm/mb_downloads/rickettsiales_odb12/hmms/3603at766.hmm
# Target file:     -
# Option settings: /Users/rossoaa/miniconda3/envs/compleasm_env/bin/hmmsearch --domtblout /Users/rossoaa/Desktop/dummy/genomes/records/compleasm/rickettsiales_odb12/hmmer_output/3603at766.out --cpu 1 /Users/rossoaa/Desktop/dummy/genomes/records/compleasm/mb_downloads/rickettsiales_odb12/hmms/3603at766.hmm - 
# Current dir:     /Users/rossoaa/Desktop/dummy/genomes/records/compleasm
# Date:            Tue Feb 10 10:20:24 2026
# [ok]
