#                                                                                                           --- full sequence --- -------------- this domain -------------   hmm coord   ali coord   env coord
# target name                                       accession   tlen query name           accession   qlen   E-value  score  bias   #  of  c-Evalue  i-Evalue  score  bias  from    to  from    to  from    to  acc description of target
#                               ------------------- ---------- ----- -------------------- ---------- ----- --------- ------ ----- --- --- --------- --------- ------ ----- ----- ----- ----- ----- ----- ----- ---- ---------------------
3605at766_1248439_0:00011f|OZ308468.1:707433-709215 -            594 3605                 -            587         0 1171.8   2.4   1   1         0         0 1171.7   2.4     2   587     2   594     1   594 0.98 -
3605at766_1359163_0:000033|OZ308468.1:707433-709215 -            594 3605                 -            587         0 1171.8   2.4   1   1         0         0 1171.7   2.4     2   587     2   594     1   594 0.98 -
3605at766_1392507_0:00017b|OZ308468.1:707433-709215 -            594 3605                 -            587         0 1171.8   2.4   1   1         0         0 1171.7   2.4     2   587     2   594     1   594 0.98 -
3605at766_142058_0:0001f0|OZ308468.1:707433-709215  -            594 3605                 -            587         0 1171.8   2.4   1   1         0         0 1171.7   2.4     2   587     2   594     1   594 0.98 -
3605at766_1423892_0:000337|OZ308468.1:707433-709215 -            594 3605                 -            587         0 1171.8   2.4   1   1         0         0 1171.7   2.4     2   587     2   594     1   594 0.98 -
3605at766_1605993_0:00037f|OZ308468.1:707433-709215 -            594 3605                 -            587         0 1171.8   2.4   1   1         0         0 1171.7   2.4     2   587     2   594     1   594 0.98 -
3605at766_169402_0:0003e2|OZ308468.1:707433-709215  -            594 3605                 -            587         0 1171.8   2.4   1   1         0         0 1171.7   2.4     2   587     2   594     1   594 0.98 -
3605at766_205920_0:0000f7|OZ308468.1:707433-709215  -            594 3605                 -            587         0 1171.8   2.4   1   1         0         0 1171.7   2.4     2   587     2   594     1   594 0.98 -
3605at766_246273_0:00022c|OZ308468.1:707433-709215  -            594 3605                 -            587         0 1171.8   2.4   1   1         0         0 1171.7   2.4     2   587     2   594     1   594 0.98 -
3605at766_2486578_0:000092|OZ308468.1:707433-709215 -            594 3605                 -            587         0 1171.8   2.4   1   1         0         0 1171.7   2.4     2   587     2   594     1   594 0.98 -
3605at766_574556_0:000122|OZ308468.1:707433-709215  -            594 3605                 -            587         0 1171.8   2.4   1   1         0         0 1171.7   2.4     2   587     2   594     1   594 0.98 -
3605at766_779_0:00034f|OZ308468.1:707433-709215     -            594 3605                 -            587         0 1171.8   2.4   1   1         0         0 1171.7   2.4     2   587     2   594     1   594 0.98 -
3605at766_955_0:0002de|OZ308468.1:707433-709215     -            594 3605                 -            587         0 1171.8   2.4   1   1         0         0 1171.7   2.4     2   587     2   594     1   594 0.98 -
3605at766_96496_0:000100|OZ308468.1:707433-709215   -            594 3605                 -            587         0 1171.8   2.4   1   1         0         0 1171.7   2.4     2   587     2   594     1   594 0.98 -
3605at766_1242993_0:00029d|OZ308468.1:707433-709227 -            598 3605                 -            587         0 1171.8   2.4   1   1         0         0 1171.6   2.4     2   587     6   598     5   598 0.98 -
3605at766_1802984_0:000251|OZ308468.1:707433-709209 -            592 3605                 -            587         0 1171.0   2.1   1   1         0         0 1170.9   2.1     4   587     2   592     1   592 0.98 -
3605at766_2486577_0:0002d2|OZ308468.1:707433-709209 -            592 3605                 -            587         0 1171.0   2.1   1   1         0         0 1170.9   2.1     4   587     2   592     1   592 0.98 -
3605at766_1105107_0:0001c9|OZ308468.1:707433-709206 -            591 3605                 -            587         0 1170.6   2.1   1   1         0         0 1170.4   2.1     4   587     1   591     1   591 0.98 -
3605at766_1359168_0:000228|OZ308468.1:707433-709206 -            591 3605                 -            587         0 1170.6   2.1   1   1         0         0 1170.4   2.1     4   587     1   591     1   591 0.98 -
3605at766_1528098_0:00038d|OZ308468.1:707433-709206 -            591 3605                 -            587         0 1170.6   2.1   1   1         0         0 1170.4   2.1     4   587     1   591     1   591 0.98 -
3605at766_1961830_0:0000d8|OZ308468.1:707433-709206 -            591 3605                 -            587         0 1170.6   2.1   1   1         0         0 1170.4   2.1     4   587     1   591     1   591 0.98 -
3605at766_2115978_0:0000f4|OZ308468.1:707433-709206 -            591 3605                 -            587         0 1170.6   2.1   1   1         0         0 1170.4   2.1     4   587     1   591     1   591 0.98 -
3605at766_2602574_0:00028a|OZ308468.1:707433-709206 -            591 3605                 -            587         0 1170.6   2.1   1   1         0         0 1170.4   2.1     4   587     1   591     1   591 0.98 -
3605at766_272947_0:0001ca|OZ308468.1:707433-709206  -            591 3605                 -            587         0 1170.6   2.1   1   1         0         0 1170.4   2.1     4   587     1   591     1   591 0.98 -
3605at766_334380_0:000255|OZ308468.1:707433-709206  -            591 3605                 -            587         0 1170.6   2.1   1   1         0         0 1170.4   2.1     4   587     1   591     1   591 0.98 -
3605at766_336407_0:000423|OZ308468.1:707433-709206  -            591 3605                 -            587         0 1170.6   2.1   1   1         0         0 1170.4   2.1     4   587     1   591     1   591 0.98 -
3605at766_481009_0:00032e|OZ308468.1:707433-709206  -            591 3605                 -            587         0 1170.6   2.1   1   1         0         0 1170.4   2.1     4   587     1   591     1   591 0.98 -
3605at766_696127_0:00006f|OZ308468.1:707433-709206  -            591 3605                 -            587         0 1170.6   2.1   1   1         0         0 1170.4   2.1     4   587     1   591     1   591 0.98 -
3605at766_752179_0:00010c|OZ308468.1:707433-709206  -            591 3605                 -            587         0 1170.6   2.1   1   1         0         0 1170.4   2.1     4   587     1   591     1   591 0.98 -
3605at766_86105_0:0005a6|OZ308468.1:707433-709206   -            591 3605                 -            587         0 1170.6   2.1   1   1         0         0 1170.4   2.1     4   587     1   591     1   591 0.98 -
3605at766_222891_0:0000b4|OZ308468.1:707433-709194  -            587 3605                 -            587         0 1166.7   1.7   1   1         0         0 1166.6   1.7     9   587     2   587     1   587 0.98 -
3605at766_434131_0:00002e|OZ308468.1:707433-709194  -            587 3605                 -            587         0 1166.7   1.7   1   1         0         0 1166.6   1.7     9   587     2   587     1   587 0.98 -
3605at766_1714371_0:00017f|OZ308468.1:707433-709191 -            586 3605                 -            587         0 1166.2   1.7   1   1         0         0 1166.0   1.7    10   587     2   586     1   586 0.98 -
3605at766_1286528_0:0000d7|OZ308468.1:707433-709188 -            585 3605                 -            587         0 1165.5   1.7   1   1         0         0 1165.4   1.7    10   587     1   585     1   585 0.98 -
3605at766_1274402_0:0002f2|OZ308468.1:707433-709185 -            584 3605                 -            587         0 1164.4   1.5   1   1         0         0 1164.3   1.5    11   587     1   584     1   584 0.98 -
#
# Program:         hmmsearch
# Version:         3.4 (Aug 2023)
# Pipeline mode:   SEARCH
# Query file:      /Users/rossoaa/Desktop/dummy/genomes/records/compleasm/mb_downloads/rickettsiales_odb12/hmms/3605at766.hmm
# Target file:     -
# Option settings: /Users/rossoaa/miniconda3/envs/compleasm_env/bin/hmmsearch --domtblout /Users/rossoaa/Desktop/dummy/genomes/records/compleasm/rickettsiales_odb12/hmmer_output/3605at766.out --cpu 1 /Users/rossoaa/Desktop/dummy/genomes/records/compleasm/mb_downloads/rickettsiales_odb12/hmms/3605at766.hmm - 
# Current dir:     /Users/rossoaa/Desktop/dummy/genomes/records/compleasm
# Date:            Tue Feb 10 10:20:23 2026
# [ok]
