#                                                                                                           --- full sequence --- -------------- this domain -------------   hmm coord   ali coord   env coord
# target name                                       accession   tlen query name           accession   qlen   E-value  score  bias   #  of  c-Evalue  i-Evalue  score  bias  from    to  from    to  from    to  acc description of target
#                               ------------------- ---------- ----- -------------------- ---------- ----- --------- ------ ----- --- --- --------- --------- ------ ----- ----- ----- ----- ----- ----- ----- ---- ---------------------
3634at766_1105107_0:000178|OZ308468.1:606317-608141 -            609 3634                 -            521  2.5e-225  739.7  11.3   1   2  7.4e-149  7.4e-149  487.4   0.9     1   333     1   344     1   359 0.93 -
3634at766_1105107_0:000178|OZ308468.1:606317-608141 -            609 3634                 -            521  2.5e-225  739.7  11.3   2   2   4.1e-79   4.1e-79  257.2   3.8   326   521   404   608   376   608 0.90 -
3634at766_1242993_0:0000ad|OZ308468.1:606314-608141 -            609 3634                 -            521  2.5e-225  739.7  11.3   1   2  7.4e-149  7.4e-149  487.4   0.9     1   333     1   344     1   359 0.93 -
3634at766_1242993_0:0000ad|OZ308468.1:606314-608141 -            609 3634                 -            521  2.5e-225  739.7  11.3   2   2   4.1e-79   4.1e-79  257.2   3.8   326   521   404   608   376   608 0.90 -
3634at766_1359163_0:000169|OZ308468.1:606314-608141 -            609 3634                 -            521  2.5e-225  739.7  11.3   1   2  7.4e-149  7.4e-149  487.4   0.9     1   333     1   344     1   359 0.93 -
3634at766_1359163_0:000169|OZ308468.1:606314-608141 -            609 3634                 -            521  2.5e-225  739.7  11.3   2   2   4.1e-79   4.1e-79  257.2   3.8   326   521   404   608   376   608 0.90 -
3634at766_1392507_0:00039d|OZ308468.1:606314-608141 -            609 3634                 -            521  2.5e-225  739.7  11.3   1   2  7.4e-149  7.4e-149  487.4   0.9     1   333     1   344     1   359 0.93 -
3634at766_1392507_0:00039d|OZ308468.1:606314-608141 -            609 3634                 -            521  2.5e-225  739.7  11.3   2   2   4.1e-79   4.1e-79  257.2   3.8   326   521   404   608   376   608 0.90 -
3634at766_1423892_0:00016c|OZ308468.1:606314-608141 -            609 3634                 -            521  2.5e-225  739.7  11.3   1   2  7.4e-149  7.4e-149  487.4   0.9     1   333     1   344     1   359 0.93 -
3634at766_1423892_0:00016c|OZ308468.1:606314-608141 -            609 3634                 -            521  2.5e-225  739.7  11.3   2   2   4.1e-79   4.1e-79  257.2   3.8   326   521   404   608   376   608 0.90 -
3634at766_1605993_0:000190|OZ308468.1:606314-608141 -            609 3634                 -            521  2.5e-225  739.7  11.3   1   2  7.4e-149  7.4e-149  487.4   0.9     1   333     1   344     1   359 0.93 -
3634at766_1605993_0:000190|OZ308468.1:606314-608141 -            609 3634                 -            521  2.5e-225  739.7  11.3   2   2   4.1e-79   4.1e-79  257.2   3.8   326   521   404   608   376   608 0.90 -
3634at766_169402_0:000298|OZ308468.1:606314-608141  -            609 3634                 -            521  2.5e-225  739.7  11.3   1   2  7.4e-149  7.4e-149  487.4   0.9     1   333     1   344     1   359 0.93 -
3634at766_169402_0:000298|OZ308468.1:606314-608141  -            609 3634                 -            521  2.5e-225  739.7  11.3   2   2   4.1e-79   4.1e-79  257.2   3.8   326   521   404   608   376   608 0.90 -
3634at766_1714371_0:00029a|OZ308468.1:606314-608141 -            609 3634                 -            521  2.5e-225  739.7  11.3   1   2  7.4e-149  7.4e-149  487.4   0.9     1   333     1   344     1   359 0.93 -
3634at766_1714371_0:00029a|OZ308468.1:606314-608141 -            609 3634                 -            521  2.5e-225  739.7  11.3   2   2   4.1e-79   4.1e-79  257.2   3.8   326   521   404   608   376   608 0.90 -
3634at766_1961830_0:0002d5|OZ308468.1:606314-608141 -            609 3634                 -            521  2.5e-225  739.7  11.3   1   2  7.4e-149  7.4e-149  487.4   0.9     1   333     1   344     1   359 0.93 -
3634at766_1961830_0:0002d5|OZ308468.1:606314-608141 -            609 3634                 -            521  2.5e-225  739.7  11.3   2   2   4.1e-79   4.1e-79  257.2   3.8   326   521   404   608   376   608 0.90 -
3634at766_205920_0:000078|OZ308468.1:606314-608141  -            609 3634                 -            521  2.5e-225  739.7  11.3   1   2  7.4e-149  7.4e-149  487.4   0.9     1   333     1   344     1   359 0.93 -
3634at766_205920_0:000078|OZ308468.1:606314-608141  -            609 3634                 -            521  2.5e-225  739.7  11.3   2   2   4.1e-79   4.1e-79  257.2   3.8   326   521   404   608   376   608 0.90 -
3634at766_2115978_0:0002df|OZ308468.1:606314-608141 -            609 3634                 -            521  2.5e-225  739.7  11.3   1   2  7.4e-149  7.4e-149  487.4   0.9     1   333     1   344     1   359 0.93 -
3634at766_2115978_0:0002df|OZ308468.1:606314-608141 -            609 3634                 -            521  2.5e-225  739.7  11.3   2   2   4.1e-79   4.1e-79  257.2   3.8   326   521   404   608   376   608 0.90 -
3634at766_222891_0:000074|OZ308468.1:606314-608141  -            609 3634                 -            521  2.5e-225  739.7  11.3   1   2  7.4e-149  7.4e-149  487.4   0.9     1   333     1   344     1   359 0.93 -
3634at766_222891_0:000074|OZ308468.1:606314-608141  -            609 3634                 -            521  2.5e-225  739.7  11.3   2   2   4.1e-79   4.1e-79  257.2   3.8   326   521   404   608   376   608 0.90 -
3634at766_246273_0:000320|OZ308468.1:606314-608141  -            609 3634                 -            521  2.5e-225  739.7  11.3   1   2  7.4e-149  7.4e-149  487.4   0.9     1   333     1   344     1   359 0.93 -
3634at766_246273_0:000320|OZ308468.1:606314-608141  -            609 3634                 -            521  2.5e-225  739.7  11.3   2   2   4.1e-79   4.1e-79  257.2   3.8   326   521   404   608   376   608 0.90 -
3634at766_2486577_0:0000e4|OZ308468.1:606314-608141 -            609 3634                 -            521  2.5e-225  739.7  11.3   1   2  7.4e-149  7.4e-149  487.4   0.9     1   333     1   344     1   359 0.93 -
3634at766_2486577_0:0000e4|OZ308468.1:606314-608141 -            609 3634                 -            521  2.5e-225  739.7  11.3   2   2   4.1e-79   4.1e-79  257.2   3.8   326   521   404   608   376   608 0.90 -
3634at766_2602574_0:0000be|OZ308468.1:606314-608141 -            609 3634                 -            521  2.5e-225  739.7  11.3   1   2  7.4e-149  7.4e-149  487.4   0.9     1   333     1   344     1   359 0.93 -
3634at766_2602574_0:0000be|OZ308468.1:606314-608141 -            609 3634                 -            521  2.5e-225  739.7  11.3   2   2   4.1e-79   4.1e-79  257.2   3.8   326   521   404   608   376   608 0.90 -
3634at766_272947_0:00016d|OZ308468.1:606317-608141  -            609 3634                 -            521  2.5e-225  739.7  11.3   1   2  7.4e-149  7.4e-149  487.4   0.9     1   333     1   344     1   359 0.93 -
3634at766_272947_0:00016d|OZ308468.1:606317-608141  -            609 3634                 -            521  2.5e-225  739.7  11.3   2   2   4.1e-79   4.1e-79  257.2   3.8   326   521   404   608   376   608 0.90 -
3634at766_336407_0:0003b2|OZ308468.1:606314-608141  -            609 3634                 -            521  2.5e-225  739.7  11.3   1   2  7.4e-149  7.4e-149  487.4   0.9     1   333     1   344     1   359 0.93 -
3634at766_336407_0:0003b2|OZ308468.1:606314-608141  -            609 3634                 -            521  2.5e-225  739.7  11.3   2   2   4.1e-79   4.1e-79  257.2   3.8   326   521   404   608   376   608 0.90 -
3634at766_391036_0:000266|OZ308468.1:606314-608141  -            609 3634                 -            521  2.5e-225  739.7  11.3   1   2  7.4e-149  7.4e-149  487.4   0.9     1   333     1   344     1   359 0.93 -
3634at766_391036_0:000266|OZ308468.1:606314-608141  -            609 3634                 -            521  2.5e-225  739.7  11.3   2   2   4.1e-79   4.1e-79  257.2   3.8   326   521   404   608   376   608 0.90 -
3634at766_434131_0:00019a|OZ308468.1:606314-608141  -            609 3634                 -            521  2.5e-225  739.7  11.3   1   2  7.4e-149  7.4e-149  487.4   0.9     1   333     1   344     1   359 0.93 -
3634at766_434131_0:00019a|OZ308468.1:606314-608141  -            609 3634                 -            521  2.5e-225  739.7  11.3   2   2   4.1e-79   4.1e-79  257.2   3.8   326   521   404   608   376   608 0.90 -
3634at766_696127_0:0001c2|OZ308468.1:606314-608141  -            609 3634                 -            521  2.5e-225  739.7  11.3   1   2  7.4e-149  7.4e-149  487.4   0.9     1   333     1   344     1   359 0.93 -
3634at766_696127_0:0001c2|OZ308468.1:606314-608141  -            609 3634                 -            521  2.5e-225  739.7  11.3   2   2   4.1e-79   4.1e-79  257.2   3.8   326   521   404   608   376   608 0.90 -
3634at766_752179_0:00013a|OZ308468.1:606314-608141  -            609 3634                 -            521  2.5e-225  739.7  11.3   1   2  7.4e-149  7.4e-149  487.4   0.9     1   333     1   344     1   359 0.93 -
3634at766_752179_0:00013a|OZ308468.1:606314-608141  -            609 3634                 -            521  2.5e-225  739.7  11.3   2   2   4.1e-79   4.1e-79  257.2   3.8   326   521   404   608   376   608 0.90 -
3634at766_779_0:0002f2|OZ308468.1:606314-608141     -            609 3634                 -            521  2.5e-225  739.7  11.3   1   2  7.4e-149  7.4e-149  487.4   0.9     1   333     1   344     1   359 0.93 -
3634at766_779_0:0002f2|OZ308468.1:606314-608141     -            609 3634                 -            521  2.5e-225  739.7  11.3   2   2   4.1e-79   4.1e-79  257.2   3.8   326   521   404   608   376   608 0.90 -
3634at766_86105_0:0003e7|OZ308468.1:606314-608141   -            609 3634                 -            521  2.5e-225  739.7  11.3   1   2  7.4e-149  7.4e-149  487.4   0.9     1   333     1   344     1   359 0.93 -
3634at766_86105_0:0003e7|OZ308468.1:606314-608141   -            609 3634                 -            521  2.5e-225  739.7  11.3   2   2   4.1e-79   4.1e-79  257.2   3.8   326   521   404   608   376   608 0.90 -
3634at766_955_0:000027|OZ308468.1:606314-608141     -            609 3634                 -            521  2.5e-225  739.7  11.3   1   2  7.4e-149  7.4e-149  487.4   0.9     1   333     1   344     1   359 0.93 -
3634at766_955_0:000027|OZ308468.1:606314-608141     -            609 3634                 -            521  2.5e-225  739.7  11.3   2   2   4.1e-79   4.1e-79  257.2   3.8   326   521   404   608   376   608 0.90 -
3634at766_96496_0:000288|OZ308468.1:606314-608141   -            609 3634                 -            521  2.5e-225  739.7  11.3   1   2  7.4e-149  7.4e-149  487.4   0.9     1   333     1   344     1   359 0.93 -
3634at766_96496_0:000288|OZ308468.1:606314-608141   -            609 3634                 -            521  2.5e-225  739.7  11.3   2   2   4.1e-79   4.1e-79  257.2   3.8   326   521   404   608   376   608 0.90 -
3634at766_1359168_0:0001ce|OZ308468.1:606314-608144 -            610 3634                 -            521  2.5e-225  739.7  11.3   1   2  7.4e-149  7.4e-149  487.4   0.9     1   333     2   345     2   360 0.93 -
3634at766_1359168_0:0001ce|OZ308468.1:606314-608144 -            610 3634                 -            521  2.5e-225  739.7  11.3   2   2   4.2e-79   4.2e-79  257.2   3.8   326   521   405   609   377   609 0.90 -
3634at766_334380_0:000144|OZ308468.1:606314-608144  -            610 3634                 -            521  2.5e-225  739.7  11.3   1   2  7.4e-149  7.4e-149  487.4   0.9     1   333     2   345     2   360 0.93 -
3634at766_334380_0:000144|OZ308468.1:606314-608144  -            610 3634                 -            521  2.5e-225  739.7  11.3   2   2   4.2e-79   4.2e-79  257.2   3.8   326   521   405   609   377   609 0.90 -
3634at766_574556_0:000328|OZ308468.1:606314-608144  -            610 3634                 -            521  2.5e-225  739.7  11.3   1   2  7.4e-149  7.4e-149  487.4   0.9     1   333     2   345     2   360 0.93 -
3634at766_574556_0:000328|OZ308468.1:606314-608144  -            610 3634                 -            521  2.5e-225  739.7  11.3   2   2   4.2e-79   4.2e-79  257.2   3.8   326   521   405   609   377   609 0.90 -
3634at766_1528098_0:0003d6|OZ308468.1:606314-608147 -            611 3634                 -            521  2.5e-225  739.7  11.3   1   2  7.4e-149  7.4e-149  487.4   0.9     1   333     3   346     3   361 0.93 -
3634at766_1528098_0:0003d6|OZ308468.1:606314-608147 -            611 3634                 -            521  2.5e-225  739.7  11.3   2   2   4.2e-79   4.2e-79  257.2   3.8   326   521   406   610   378   610 0.90 -
3634at766_2486578_0:00059a|OZ308468.1:606317-608147 -            611 3634                 -            521  2.5e-225  739.7  11.3   1   2  7.4e-149  7.4e-149  487.4   0.9     1   333     3   346     3   361 0.93 -
3634at766_2486578_0:00059a|OZ308468.1:606317-608147 -            611 3634                 -            521  2.5e-225  739.7  11.3   2   2   4.2e-79   4.2e-79  257.2   3.8   326   521   406   610   378   610 0.90 -
3634at766_481009_0:0002a3|OZ308468.1:606323-608141  -            607 3634                 -            521  1.3e-224  737.4  11.4   1   2  7.3e-149  7.3e-149  487.4   0.9     1   333     1   344     1   359 0.93 -
3634at766_481009_0:0002a3|OZ308468.1:606323-608141  -            607 3634                 -            521  1.3e-224  737.4  11.4   2   2   2.1e-78   2.1e-78  254.9   3.8   326   520   404   607   376   607 0.90 -
3634at766_1248439_0:00003d|OZ308468.1:607157-608141 -            329 3634                 -            521  2.8e-148  485.5   1.0   1   1  3.1e-148  3.1e-148  485.3   1.0     1   316     1   327     1   329 0.94 -
#
# Program:         hmmsearch
# Version:         3.4 (Aug 2023)
# Pipeline mode:   SEARCH
# Query file:      /Users/rossoaa/Desktop/dummy/genomes/records/compleasm/mb_downloads/rickettsiales_odb12/hmms/3634at766.hmm
# Target file:     -
# Option settings: /Users/rossoaa/miniconda3/envs/compleasm_env/bin/hmmsearch --domtblout /Users/rossoaa/Desktop/dummy/genomes/records/compleasm/rickettsiales_odb12/hmmer_output/3634at766.out --cpu 1 /Users/rossoaa/Desktop/dummy/genomes/records/compleasm/mb_downloads/rickettsiales_odb12/hmms/3634at766.hmm - 
# Current dir:     /Users/rossoaa/Desktop/dummy/genomes/records/compleasm
# Date:            Tue Feb 10 10:20:22 2026
# [ok]
