#                                                                                                           --- full sequence --- -------------- this domain -------------   hmm coord   ali coord   env coord
# target name                                       accession   tlen query name           accession   qlen   E-value  score  bias   #  of  c-Evalue  i-Evalue  score  bias  from    to  from    to  from    to  acc description of target
#                               ------------------- ---------- ----- -------------------- ---------- ----- --------- ------ ----- --- --- --------- --------- ------ ----- ----- ----- ----- ----- ----- ----- ---- ---------------------
3666at766_1605993_0:000082|OZ308468.1:716692-718135 -            481 3666                 -            473  1.3e-283  931.7   2.7   1   1  1.5e-283  1.5e-283  931.5   2.7     2   472     3   475     2   476 0.99 -
3666at766_2115978_0:000197|OZ308468.1:716695-718117 -            475 3666                 -            473  1.3e-283  931.7   2.7   1   1  1.4e-283  1.4e-283  931.6   2.7     2   472     2   474     1   475 0.99 -
3666at766_272947_0:000231|OZ308468.1:716695-718117  -            475 3666                 -            473  1.3e-283  931.7   2.7   1   1  1.4e-283  1.4e-283  931.6   2.7     2   472     2   474     1   475 0.99 -
3666at766_1286528_0:000079|OZ308468.1:716695-718120 -            476 3666                 -            473  1.3e-283  931.7   2.7   1   1  1.5e-283  1.5e-283  931.6   2.7     2   472     2   474     1   475 0.99 -
3666at766_1714371_0:0000a8|OZ308468.1:716695-718120 -            476 3666                 -            473  1.3e-283  931.7   2.7   1   1  1.5e-283  1.5e-283  931.6   2.7     2   472     2   474     1   475 0.99 -
3666at766_222891_0:000047|OZ308468.1:716695-718120  -            476 3666                 -            473  1.3e-283  931.7   2.7   1   1  1.5e-283  1.5e-283  931.6   2.7     2   472     2   474     1   475 0.99 -
3666at766_1961830_0:000009|OZ308468.1:716695-718126 -            478 3666                 -            473  1.3e-283  931.7   2.7   1   1  1.5e-283  1.5e-283  931.6   2.7     2   472     2   474     1   475 0.99 -
3666at766_696127_0:00006b|OZ308468.1:716698-718117  -            474 3666                 -            473  1.8e-283  931.3   2.7   1   1    2e-283    2e-283  931.1   2.7     3   472     2   473     1   474 0.99 -
3666at766_86105_0:0005b3|OZ308468.1:716698-718126   -            477 3666                 -            473  1.8e-283  931.2   2.7   1   1  2.1e-283  2.1e-283  931.1   2.7     3   472     2   473     1   474 0.99 -
3666at766_1105107_0:000063|OZ308468.1:716695-718114 -            474 3666                 -            473  2.1e-283  931.0   2.8   1   1  2.4e-283  2.4e-283  930.9   2.8     2   471     2   473     1   474 0.99 -
3666at766_1802984_0:00022b|OZ308468.1:716695-718114 -            474 3666                 -            473  2.1e-283  931.0   2.8   1   1  2.4e-283  2.4e-283  930.9   2.8     2   471     2   473     1   474 0.99 -
3666at766_336407_0:0002ca|OZ308468.1:716695-718114  -            474 3666                 -            473  2.1e-283  931.0   2.8   1   1  2.4e-283  2.4e-283  930.9   2.8     2   471     2   473     1   474 0.99 -
3666at766_481009_0:000314|OZ308468.1:716695-718114  -            474 3666                 -            473  2.1e-283  931.0   2.8   1   1  2.4e-283  2.4e-283  930.9   2.8     2   471     2   473     1   474 0.99 -
3666at766_169402_0:0002d9|OZ308468.1:716701-718129  -            477 3666                 -            473  2.7e-283  930.7   2.7   1   1  3.1e-283  3.1e-283  930.5   2.7     4   472     2   472     1   473 0.99 -
3666at766_246273_0:000349|OZ308468.1:716701-718132  -            478 3666                 -            473  2.8e-283  930.7   2.7   1   1  3.1e-283  3.1e-283  930.5   2.7     4   472     2   472     1   473 0.99 -
3666at766_96496_0:000114|OZ308468.1:716701-718132   -            478 3666                 -            473  2.8e-283  930.7   2.7   1   1  3.1e-283  3.1e-283  930.5   2.7     4   472     2   472     1   473 0.99 -
3666at766_1359168_0:0002ab|OZ308468.1:716695-718111 -            473 3666                 -            473  3.1e-283  930.5   2.7   1   1  3.4e-283  3.4e-283  930.3   2.7     2   471     2   473     1   473 0.99 -
3666at766_334380_0:00047b|OZ308468.1:716695-718111  -            473 3666                 -            473  3.1e-283  930.5   2.7   1   1  3.4e-283  3.4e-283  930.3   2.7     2   471     2   473     1   473 0.99 -
3666at766_752179_0:000344|OZ308468.1:716695-718111  -            473 3666                 -            473  3.1e-283  930.5   2.7   1   1  3.4e-283  3.4e-283  930.3   2.7     2   471     2   473     1   473 0.99 -
3666at766_1242993_0:000393|OZ308468.1:716704-718120 -            473 3666                 -            473  3.8e-283  930.2   2.6   1   1  4.2e-283  4.2e-283  930.1   2.6     5   472     2   471     1   472 0.99 -
3666at766_1423892_0:0001e2|OZ308468.1:716704-718120 -            473 3666                 -            473  3.8e-283  930.2   2.6   1   1  4.2e-283  4.2e-283  930.1   2.6     5   472     2   471     1   472 0.99 -
3666at766_391036_0:00030a|OZ308468.1:716704-718120  -            473 3666                 -            473  3.8e-283  930.2   2.6   1   1  4.2e-283  4.2e-283  930.1   2.6     5   472     2   471     1   472 0.99 -
3666at766_779_0:0000d2|OZ308468.1:716704-718120     -            473 3666                 -            473  3.8e-283  930.2   2.6   1   1  4.2e-283  4.2e-283  930.1   2.6     5   472     2   471     1   472 0.99 -
3666at766_2602574_0:0003f0|OZ308468.1:716701-718114 -            472 3666                 -            473  4.4e-283  930.0   2.8   1   1  4.9e-283  4.9e-283  929.9   2.8     4   471     2   471     1   472 0.99 -
3666at766_955_0:00030b|OZ308468.1:716695-718108     -            472 3666                 -            473  7.2e-283  929.3   2.7   1   1    8e-283    8e-283  929.1   2.7     2   470     2   472     1   472 0.99 -
3666at766_574556_0:000077|OZ308468.1:716710-718117  -            470 3666                 -            473  1.2e-282  928.6   2.6   1   1  1.3e-282  1.3e-282  928.4   2.6     6   472     1   469     1   470 0.99 -
3666at766_1274402_0:0000ff|OZ308468.1:716710-718120 -            471 3666                 -            473  1.2e-282  928.6   2.6   1   1  1.3e-282  1.3e-282  928.4   2.6     6   472     1   469     1   470 0.99 -
3666at766_205920_0:000252|OZ308468.1:716710-718120  -            471 3666                 -            473  1.2e-282  928.6   2.6   1   1  1.3e-282  1.3e-282  928.4   2.6     6   472     1   469     1   470 0.99 -
3666at766_1359163_0:000047|OZ308468.1:716710-718123 -            472 3666                 -            473  1.2e-282  928.6   2.6   1   1  1.3e-282  1.3e-282  928.4   2.6     6   472     1   469     1   470 0.99 -
3666at766_2486578_0:0004b3|OZ308468.1:716710-718123 -            472 3666                 -            473  1.2e-282  928.6   2.6   1   1  1.3e-282  1.3e-282  928.4   2.6     6   472     1   469     1   470 0.99 -
3666at766_1528098_0:00004c|OZ308468.1:716710-718126 -            473 3666                 -            473  1.2e-282  928.6   2.6   1   1  1.4e-282  1.4e-282  928.4   2.6     6   472     1   469     1   470 0.99 -
3666at766_2486577_0:000151|OZ308468.1:716710-718126 -            473 3666                 -            473  1.2e-282  928.6   2.6   1   1  1.4e-282  1.4e-282  928.4   2.6     6   472     1   469     1   470 0.99 -
3666at766_1248439_0:0000f5|OZ308468.1:716710-718114 -            469 3666                 -            473  1.9e-282  927.9   2.6   1   1  2.2e-282  2.2e-282  927.7   2.6     6   471     1   468     1   469 0.99 -
3666at766_1392507_0:0000ab|OZ308468.1:716710-718114 -            469 3666                 -            473  1.9e-282  927.9   2.6   1   1  2.2e-282  2.2e-282  927.7   2.6     6   471     1   468     1   469 0.99 -
3666at766_142058_0:0000a4|OZ308468.1:716710-718114  -            469 3666                 -            473  1.9e-282  927.9   2.6   1   1  2.2e-282  2.2e-282  927.7   2.6     6   471     1   468     1   469 0.99 -
#
# Program:         hmmsearch
# Version:         3.4 (Aug 2023)
# Pipeline mode:   SEARCH
# Query file:      /Users/rossoaa/Desktop/dummy/genomes/records/compleasm/mb_downloads/rickettsiales_odb12/hmms/3666at766.hmm
# Target file:     -
# Option settings: /Users/rossoaa/miniconda3/envs/compleasm_env/bin/hmmsearch --domtblout /Users/rossoaa/Desktop/dummy/genomes/records/compleasm/rickettsiales_odb12/hmmer_output/3666at766.out --cpu 1 /Users/rossoaa/Desktop/dummy/genomes/records/compleasm/mb_downloads/rickettsiales_odb12/hmms/3666at766.hmm - 
# Current dir:     /Users/rossoaa/Desktop/dummy/genomes/records/compleasm
# Date:            Tue Feb 10 10:20:21 2026
# [ok]
