#                                                                                                           --- full sequence --- -------------- this domain -------------   hmm coord   ali coord   env coord
# target name                                       accession   tlen query name           accession   qlen   E-value  score  bias   #  of  c-Evalue  i-Evalue  score  bias  from    to  from    to  from    to  acc description of target
#                               ------------------- ---------- ----- -------------------- ---------- ----- --------- ------ ----- --- --- --------- --------- ------ ----- ----- ----- ----- ----- ----- ----- ---- ---------------------
3670at766_1242993_0:000056|OZ308468.1:109680-111096 -            472 3670                 -            473  3.8e-243  798.6   6.7   1   1  4.3e-243  4.3e-243  798.4   6.7     1   471     1   471     1   472 0.96 -
3670at766_1248439_0:0001af|OZ308468.1:109680-111096 -            472 3670                 -            473  3.8e-243  798.6   6.7   1   1  4.3e-243  4.3e-243  798.4   6.7     1   471     1   471     1   472 0.96 -
3670at766_1359163_0:00023d|OZ308468.1:109683-111096 -            472 3670                 -            473  3.8e-243  798.6   6.7   1   1  4.3e-243  4.3e-243  798.4   6.7     1   471     1   471     1   472 0.96 -
3670at766_1392507_0:00019f|OZ308468.1:109680-111096 -            472 3670                 -            473  3.8e-243  798.6   6.7   1   1  4.3e-243  4.3e-243  798.4   6.7     1   471     1   471     1   472 0.96 -
3670at766_142058_0:00032a|OZ308468.1:109680-111096  -            472 3670                 -            473  3.8e-243  798.6   6.7   1   1  4.3e-243  4.3e-243  798.4   6.7     1   471     1   471     1   472 0.96 -
3670at766_1423892_0:000335|OZ308468.1:109680-111096 -            472 3670                 -            473  3.8e-243  798.6   6.7   1   1  4.3e-243  4.3e-243  798.4   6.7     1   471     1   471     1   472 0.96 -
3670at766_1605993_0:00034e|OZ308468.1:109680-111096 -            472 3670                 -            473  3.8e-243  798.6   6.7   1   1  4.3e-243  4.3e-243  798.4   6.7     1   471     1   471     1   472 0.96 -
3670at766_169402_0:000416|OZ308468.1:109680-111096  -            472 3670                 -            473  3.8e-243  798.6   6.7   1   1  4.3e-243  4.3e-243  798.4   6.7     1   471     1   471     1   472 0.96 -
3670at766_205920_0:000160|OZ308468.1:109680-111096  -            472 3670                 -            473  3.8e-243  798.6   6.7   1   1  4.3e-243  4.3e-243  798.4   6.7     1   471     1   471     1   472 0.96 -
3670at766_246273_0:00017c|OZ308468.1:109680-111096  -            472 3670                 -            473  3.8e-243  798.6   6.7   1   1  4.3e-243  4.3e-243  798.4   6.7     1   471     1   471     1   472 0.96 -
3670at766_391036_0:0000a6|OZ308468.1:109680-111096  -            472 3670                 -            473  3.8e-243  798.6   6.7   1   1  4.3e-243  4.3e-243  798.4   6.7     1   471     1   471     1   472 0.96 -
3670at766_779_0:0002ba|OZ308468.1:109680-111096     -            472 3670                 -            473  3.8e-243  798.6   6.7   1   1  4.3e-243  4.3e-243  798.4   6.7     1   471     1   471     1   472 0.96 -
3670at766_96496_0:000175|OZ308468.1:109680-111096   -            472 3670                 -            473  3.8e-243  798.6   6.7   1   1  4.3e-243  4.3e-243  798.4   6.7     1   471     1   471     1   472 0.96 -
3670at766_2115978_0:000330|OZ308468.1:109686-111096 -            471 3670                 -            473    7e-243  797.7   6.7   1   1  7.8e-243  7.8e-243  797.5   6.7     1   471     1   471     1   471 0.96 -
3670at766_2486578_0:000330|OZ308468.1:109686-111096 -            471 3670                 -            473    7e-243  797.7   6.7   1   1  7.8e-243  7.8e-243  797.5   6.7     1   471     1   471     1   471 0.96 -
3670at766_2602574_0:000483|OZ308468.1:109686-111099 -            472 3670                 -            473    7e-243  797.7   6.7   1   1  7.9e-243  7.9e-243  797.5   6.7     1   471     2   472     2   472 0.96 -
3670at766_752179_0:0002ae|OZ308468.1:109686-111099  -            472 3670                 -            473    7e-243  797.7   6.7   1   1  7.9e-243  7.9e-243  797.5   6.7     1   471     2   472     2   472 0.96 -
3670at766_86105_0:0002dd|OZ308468.1:109686-111099   -            472 3670                 -            473    7e-243  797.7   6.7   1   1  7.9e-243  7.9e-243  797.5   6.7     1   471     2   472     2   472 0.96 -
3670at766_1961830_0:000194|OZ308468.1:109686-111108 -            475 3670                 -            473  7.1e-243  797.7   6.7   1   1  8.1e-243  8.1e-243  797.5   6.7     1   471     5   475     5   475 0.96 -
3670at766_334380_0:00033c|OZ308468.1:109686-111108  -            475 3670                 -            473  7.1e-243  797.7   6.7   1   1  8.1e-243  8.1e-243  797.5   6.7     1   471     5   475     5   475 0.96 -
3670at766_1286528_0:0000cc|OZ308468.1:109686-111093 -            470 3670                 -            473  1.4e-242  796.8   6.5   1   1  1.5e-242  1.5e-242  796.6   6.5     3   471     2   470     1   470 0.96 -
3670at766_1528098_0:0000d8|OZ308468.1:109686-111093 -            470 3670                 -            473  1.4e-242  796.8   6.5   1   1  1.5e-242  1.5e-242  796.6   6.5     3   471     2   470     1   470 0.96 -
3670at766_1714371_0:0002dd|OZ308468.1:109686-111093 -            470 3670                 -            473  1.4e-242  796.8   6.5   1   1  1.5e-242  1.5e-242  796.6   6.5     3   471     2   470     1   470 0.96 -
3670at766_222891_0:000148|OZ308468.1:109686-111093  -            470 3670                 -            473  1.4e-242  796.8   6.5   1   1  1.5e-242  1.5e-242  796.6   6.5     3   471     2   470     1   470 0.96 -
3670at766_434131_0:000186|OZ308468.1:109686-111093  -            470 3670                 -            473  1.4e-242  796.8   6.5   1   1  1.5e-242  1.5e-242  796.6   6.5     3   471     2   470     1   470 0.96 -
3670at766_1105107_0:0002a9|OZ308468.1:109686-111090 -            469 3670                 -            473  2.3e-242  796.0   6.5   1   1  2.6e-242  2.6e-242  795.8   6.5     4   471     2   469     1   469 0.96 -
3670at766_336407_0:00044d|OZ308468.1:109686-111090  -            469 3670                 -            473  2.3e-242  796.0   6.5   1   1  2.6e-242  2.6e-242  795.8   6.5     4   471     2   469     1   469 0.96 -
3670at766_481009_0:0001f1|OZ308468.1:109686-111090  -            469 3670                 -            473  2.3e-242  796.0   6.5   1   1  2.6e-242  2.6e-242  795.8   6.5     4   471     2   469     1   469 0.96 -
3670at766_696127_0:000442|OZ308468.1:109686-111087  -            468 3670                 -            473  3.9e-242  795.3   6.4   1   1  4.3e-242  4.3e-242  795.1   6.4     5   471     2   468     1   468 0.96 -
3670at766_1359168_0:0000c4|OZ308468.1:109686-111084 -            467 3670                 -            473    7e-242  794.4   6.4   1   1  7.8e-242  7.8e-242  794.3   6.4     5   471     1   467     1   467 0.96 -
3670at766_272947_0:00004f|OZ308468.1:109698-111090  -            465 3670                 -            473  6.2e-240  788.0   7.1   1   1  6.9e-240  6.9e-240  787.8   7.1     4   467     2   465     1   465 0.96 -
#
# Program:         hmmsearch
# Version:         3.4 (Aug 2023)
# Pipeline mode:   SEARCH
# Query file:      /Users/rossoaa/Desktop/dummy/genomes/records/compleasm/mb_downloads/rickettsiales_odb12/hmms/3670at766.hmm
# Target file:     -
# Option settings: /Users/rossoaa/miniconda3/envs/compleasm_env/bin/hmmsearch --domtblout /Users/rossoaa/Desktop/dummy/genomes/records/compleasm/rickettsiales_odb12/hmmer_output/3670at766.out --cpu 1 /Users/rossoaa/Desktop/dummy/genomes/records/compleasm/mb_downloads/rickettsiales_odb12/hmms/3670at766.hmm - 
# Current dir:     /Users/rossoaa/Desktop/dummy/genomes/records/compleasm
# Date:            Tue Feb 10 10:20:20 2026
# [ok]
