#                                                                                                             --- full sequence --- -------------- this domain -------------   hmm coord   ali coord   env coord
# target name                                         accession   tlen query name           accession   qlen   E-value  score  bias   #  of  c-Evalue  i-Evalue  score  bias  from    to  from    to  from    to  acc description of target
#                                 ------------------- ---------- ----- -------------------- ---------- ----- --------- ------ ----- --- --- --------- --------- ------ ----- ----- ----- ----- ----- ----- ----- ---- ---------------------
3674at766_1392507_0:000119|OZ308468.1:1021695-1023219 -            508 3674                 -            498  3.7e-214  702.0   7.8   1   1  4.5e-214  4.5e-214  701.8   7.8     5   498     5   508     2   508 0.98 -
3674at766_1248439_0:000085|OZ308468.1:1021695-1023225 -            510 3674                 -            498  3.8e-214  702.0   7.8   1   1  4.6e-214  4.6e-214  701.8   7.8     5   498     7   510     4   510 0.98 -
3674at766_142058_0:000064|OZ308468.1:1021695-1023225  -            510 3674                 -            498  3.8e-214  702.0   7.8   1   1  4.6e-214  4.6e-214  701.8   7.8     5   498     7   510     4   510 0.98 -
3674at766_574556_0:00022f|OZ308468.1:1021695-1023231  -            512 3674                 -            498  3.8e-214  702.0   7.8   1   1  4.6e-214  4.6e-214  701.7   7.8     5   498     9   512     6   512 0.98 -
3674at766_1242993_0:0000c5|OZ308468.1:1021695-1023207 -            504 3674                 -            498  5.3e-214  701.5   7.5   1   1  5.9e-214  5.9e-214  701.4   7.5     7   498     3   504     1   504 0.97 -
3674at766_1359163_0:00010c|OZ308468.1:1021695-1023207 -            504 3674                 -            498  5.3e-214  701.5   7.5   1   1  5.9e-214  5.9e-214  701.4   7.5     7   498     3   504     1   504 0.97 -
3674at766_205920_0:000054|OZ308468.1:1021695-1023207  -            504 3674                 -            498  5.3e-214  701.5   7.5   1   1  5.9e-214  5.9e-214  701.4   7.5     7   498     3   504     1   504 0.97 -
3674at766_779_0:0001f0|OZ308468.1:1021695-1023207     -            504 3674                 -            498  5.3e-214  701.5   7.5   1   1  5.9e-214  5.9e-214  701.4   7.5     7   498     3   504     1   504 0.97 -
3674at766_1605993_0:00035f|OZ308468.1:1021695-1023204 -            503 3674                 -            498  5.6e-214  701.5   7.2   1   1  6.2e-214  6.2e-214  701.3   7.2     8   498     3   503     1   503 0.97 -
3674at766_169402_0:000073|OZ308468.1:1021695-1023204  -            503 3674                 -            498  5.6e-214  701.5   7.2   1   1  6.2e-214  6.2e-214  701.3   7.2     8   498     3   503     1   503 0.97 -
3674at766_246273_0:000376|OZ308468.1:1021695-1023204  -            503 3674                 -            498  5.6e-214  701.5   7.2   1   1  6.2e-214  6.2e-214  701.3   7.2     8   498     3   503     1   503 0.97 -
3674at766_96496_0:000073|OZ308468.1:1021695-1023204   -            503 3674                 -            498  5.6e-214  701.5   7.2   1   1  6.2e-214  6.2e-214  701.3   7.2     8   498     3   503     1   503 0.97 -
3674at766_1423892_0:000021|OZ308468.1:1021695-1023186 -            497 3674                 -            498  1.3e-213  700.3   6.4   1   1  1.4e-213  1.4e-213  700.2   6.4    18   498     7   497     1   497 0.97 -
3674at766_391036_0:000336|OZ308468.1:1021695-1023186  -            497 3674                 -            498  1.3e-213  700.3   6.4   1   1  1.4e-213  1.4e-213  700.2   6.4    18   498     7   497     1   497 0.97 -
3674at766_955_0:000153|OZ308468.1:1021695-1023135     -            480 3674                 -            498  2.1e-212  696.3   8.3   1   1  2.4e-212  2.4e-212  696.1   8.3    36   498     6   480     1   480 0.99 -
3674at766_1286528_0:000186|OZ308468.1:1021695-1023075 -            460 3674                 -            498  9.1e-209  684.3   8.4   1   1    1e-208    1e-208  684.1   8.4    51   498     1   460     1   460 0.99 -
#
# Program:         hmmsearch
# Version:         3.4 (Aug 2023)
# Pipeline mode:   SEARCH
# Query file:      /Users/rossoaa/Desktop/dummy/genomes/records/compleasm/mb_downloads/rickettsiales_odb12/hmms/3674at766.hmm
# Target file:     -
# Option settings: /Users/rossoaa/miniconda3/envs/compleasm_env/bin/hmmsearch --domtblout /Users/rossoaa/Desktop/dummy/genomes/records/compleasm/rickettsiales_odb12/hmmer_output/3674at766.out --cpu 1 /Users/rossoaa/Desktop/dummy/genomes/records/compleasm/mb_downloads/rickettsiales_odb12/hmms/3674at766.hmm - 
# Current dir:     /Users/rossoaa/Desktop/dummy/genomes/records/compleasm
# Date:            Tue Feb 10 10:20:23 2026
# [ok]
