#                                                                                                             --- full sequence --- -------------- this domain -------------   hmm coord   ali coord   env coord
# target name                                         accession   tlen query name           accession   qlen   E-value  score  bias   #  of  c-Evalue  i-Evalue  score  bias  from    to  from    to  from    to  acc description of target
#                                 ------------------- ---------- ----- -------------------- ---------- ----- --------- ------ ----- --- --- --------- --------- ------ ----- ----- ----- ----- ----- ----- ----- ---- ---------------------
3676at766_169402_0:0004a9|OZ308468.1:1012570-1013932  -            455 3676                 -            432    4e-214  702.4   5.8   1   1  4.6e-214  4.6e-214  702.2   5.8     2   432     3   454     2   454 0.95 -
3676at766_955_0:000341|OZ308468.1:1012570-1013932     -            455 3676                 -            432    4e-214  702.4   5.8   1   1  4.6e-214  4.6e-214  702.2   5.8     2   432     3   454     2   454 0.95 -
3676at766_1286528_0:0001f3|OZ308468.1:1012567-1013932 -            456 3676                 -            432    4e-214  702.4   5.8   1   1  4.7e-214  4.7e-214  702.2   5.8     2   432     4   455     3   455 0.95 -
3676at766_1528098_0:000360|OZ308468.1:1012567-1013932 -            456 3676                 -            432    4e-214  702.4   5.8   1   1  4.7e-214  4.7e-214  702.2   5.8     2   432     4   455     3   455 0.95 -
3676at766_1961830_0:000300|OZ308468.1:1012567-1013932 -            456 3676                 -            432    4e-214  702.4   5.8   1   1  4.7e-214  4.7e-214  702.2   5.8     2   432     4   455     3   455 0.95 -
3676at766_334380_0:000239|OZ308468.1:1012567-1013932  -            456 3676                 -            432    4e-214  702.4   5.8   1   1  4.7e-214  4.7e-214  702.2   5.8     2   432     4   455     3   455 0.95 -
3676at766_1392507_0:00025d|OZ308468.1:1012573-1013932 -            454 3676                 -            432  4.1e-214  702.4   5.8   1   1  4.6e-214  4.6e-214  702.2   5.8     2   432     2   453     1   453 0.95 -
3676at766_1359163_0:000326|OZ308468.1:1012570-1013941 -            458 3676                 -            432  4.1e-214  702.4   5.8   1   1  4.7e-214  4.7e-214  702.2   5.8     2   432     3   454     2   454 0.95 -
3676at766_1714371_0:000197|OZ308468.1:1012567-1013941 -            459 3676                 -            432  4.1e-214  702.4   5.8   1   1  4.8e-214  4.8e-214  702.2   5.8     2   432     4   455     3   455 0.95 -
3676at766_222891_0:000061|OZ308468.1:1012567-1013941  -            459 3676                 -            432  4.1e-214  702.4   5.8   1   1  4.8e-214  4.8e-214  702.2   5.8     2   432     4   455     3   455 0.95 -
3676at766_272947_0:000304|OZ308468.1:1012567-1013941  -            459 3676                 -            432  4.1e-214  702.4   5.8   1   1  4.8e-214  4.8e-214  702.2   5.8     2   432     4   455     3   455 0.95 -
3676at766_336407_0:0003bd|OZ308468.1:1012567-1013941  -            459 3676                 -            432  4.1e-214  702.4   5.8   1   1  4.8e-214  4.8e-214  702.2   5.8     2   432     4   455     3   455 0.95 -
3676at766_434131_0:0002b7|OZ308468.1:1012567-1013941  -            459 3676                 -            432  4.1e-214  702.4   5.8   1   1  4.8e-214  4.8e-214  702.2   5.8     2   432     4   455     3   455 0.95 -
3676at766_1274402_0:000145|OZ308468.1:1012564-1013941 -            460 3676                 -            432  4.2e-214  702.4   5.8   1   1  4.8e-214  4.8e-214  702.1   5.8     2   432     5   456     4   456 0.95 -
3676at766_1242993_0:000026|OZ308468.1:1012573-1013941 -            457 3676                 -            432  4.2e-214  702.4   5.8   1   1  4.7e-214  4.7e-214  702.2   5.8     2   432     2   453     1   453 0.95 -
3676at766_1423892_0:00016e|OZ308468.1:1012573-1013941 -            457 3676                 -            432  4.2e-214  702.4   5.8   1   1  4.7e-214  4.7e-214  702.2   5.8     2   432     2   453     1   453 0.95 -
3676at766_205920_0:000333|OZ308468.1:1012573-1013941  -            457 3676                 -            432  4.2e-214  702.4   5.8   1   1  4.7e-214  4.7e-214  702.2   5.8     2   432     2   453     1   453 0.95 -
3676at766_2115978_0:00007f|OZ308468.1:1012573-1013941 -            457 3676                 -            432  4.2e-214  702.4   5.8   1   1  4.7e-214  4.7e-214  702.2   5.8     2   432     2   453     1   453 0.95 -
3676at766_391036_0:000078|OZ308468.1:1012573-1013941  -            457 3676                 -            432  4.2e-214  702.4   5.8   1   1  4.7e-214  4.7e-214  702.2   5.8     2   432     2   453     1   453 0.95 -
3676at766_779_0:000201|OZ308468.1:1012573-1013941     -            457 3676                 -            432  4.2e-214  702.4   5.8   1   1  4.7e-214  4.7e-214  702.2   5.8     2   432     2   453     1   453 0.95 -
3676at766_1802984_0:000053|OZ308468.1:1012567-1013944 -            460 3676                 -            432  4.2e-214  702.3   5.8   1   1  4.8e-214  4.8e-214  702.1   5.8     2   432     4   455     3   455 0.95 -
3676at766_752179_0:000231|OZ308468.1:1012567-1013944  -            460 3676                 -            432  4.2e-214  702.3   5.8   1   1  4.8e-214  4.8e-214  702.1   5.8     2   432     4   455     3   455 0.95 -
3676at766_1248439_0:0000da|OZ308468.1:1012573-1013944 -            458 3676                 -            432  4.2e-214  702.3   5.8   1   1  4.7e-214  4.7e-214  702.2   5.8     2   432     2   453     1   453 0.95 -
3676at766_142058_0:00017b|OZ308468.1:1012573-1013944  -            458 3676                 -            432  4.2e-214  702.3   5.8   1   1  4.7e-214  4.7e-214  702.2   5.8     2   432     2   453     1   453 0.95 -
3676at766_574556_0:000259|OZ308468.1:1012573-1013947  -            459 3676                 -            432  4.2e-214  702.3   5.8   1   1  4.8e-214  4.8e-214  702.2   5.8     2   432     2   453     1   453 0.95 -
3676at766_1605993_0:000355|OZ308468.1:1012570-1013962 -            464 3676                 -            432  4.3e-214  702.3   5.8   1   1    5e-214    5e-214  702.1   5.8     2   432     3   454     2   454 0.95 -
3676at766_481009_0:0003d8|OZ308468.1:1012576-1013941  -            456 3676                 -            432    8e-214  701.4   5.7   1   1    9e-214    9e-214  701.2   5.7     2   432     1   452     1   452 0.95 -
3676at766_1359168_0:000237|OZ308468.1:1012579-1013932 -            452 3676                 -            432  1.4e-213  700.6   5.5   1   1  1.6e-213  1.6e-213  700.4   5.5     3   432     1   451     1   451 0.95 -
3676at766_1105107_0:00032f|OZ308468.1:1012579-1013938 -            454 3676                 -            432  1.4e-213  700.6   5.5   1   1  1.6e-213  1.6e-213  700.4   5.5     3   432     1   451     1   451 0.95 -
3676at766_2486577_0:0002a6|OZ308468.1:1012570-1014176 -            468 3676                 -            432  1.8e-213  700.3   5.6   1   1  2.1e-213  2.1e-213  700.0   5.6     2   431     3   453     2   454 0.95 -
3676at766_2486578_0:0002bc|OZ308468.1:1012567-1013923 -            453 3676                 -            432  4.4e-213  699.0   5.6   1   1  5.1e-213  5.1e-213  698.8   5.6     2   430     4   453     3   453 0.95 -
3676at766_2602574_0:000216|OZ308468.1:1012573-1013920 -            450 3676                 -            432  1.1e-212  697.7   5.6   1   1  1.2e-212  1.2e-212  697.5   5.6     2   429     2   450     1   450 0.95 -
3676at766_696127_0:000098|OZ308468.1:1012564-1013917  -            452 3676                 -            432  2.6e-212  696.4   5.5   1   1    3e-212    3e-212  696.2   5.5     2   428     5   452     4   452 0.95 -
3676at766_86105_0:0006c2|OZ308468.1:1012567-1013908   -            448 3676                 -            432  5.1e-211  692.2   5.9   1   1  5.8e-211  5.8e-211  692.0   5.9     2   425     4   448     3   448 0.95 -
3676at766_246273_0:0001ce|OZ308468.1:1012615-1013932  -            440 3676                 -            432    6e-208  682.1   5.0   1   1  6.8e-208  6.8e-208  681.9   5.0    15   432     1   439     1   439 0.95 -
3676at766_96496_0:000153|OZ308468.1:1012621-1013932   -            438 3676                 -            432  1.4e-206  677.6   5.7   1   1  1.6e-206  1.6e-206  677.4   5.7    17   432     1   437     1   437 0.94 -
#
# Program:         hmmsearch
# Version:         3.4 (Aug 2023)
# Pipeline mode:   SEARCH
# Query file:      /Users/rossoaa/Desktop/dummy/genomes/records/compleasm/mb_downloads/rickettsiales_odb12/hmms/3676at766.hmm
# Target file:     -
# Option settings: /Users/rossoaa/miniconda3/envs/compleasm_env/bin/hmmsearch --domtblout /Users/rossoaa/Desktop/dummy/genomes/records/compleasm/rickettsiales_odb12/hmmer_output/3676at766.out --cpu 1 /Users/rossoaa/Desktop/dummy/genomes/records/compleasm/mb_downloads/rickettsiales_odb12/hmms/3676at766.hmm - 
# Current dir:     /Users/rossoaa/Desktop/dummy/genomes/records/compleasm
# Date:            Tue Feb 10 10:20:22 2026
# [ok]
