#                                                                                                          --- full sequence --- -------------- this domain -------------   hmm coord   ali coord   env coord
# target name                                      accession   tlen query name           accession   qlen   E-value  score  bias   #  of  c-Evalue  i-Evalue  score  bias  from    to  from    to  from    to  acc description of target
#                              ------------------- ---------- ----- -------------------- ---------- ----- --------- ------ ----- --- --- --------- --------- ------ ----- ----- ----- ----- ----- ----- ----- ---- ---------------------
367at766_205920_0:000306|OZ308468.1:946403-947592  -            181 367                  -            189   1.6e-77  248.7   3.2   1   1   1.8e-77   1.8e-77  248.6   3.2    13   188     1   175     1   176 0.99 -
367at766_169402_0:00045d|OZ308468.1:946334-946931  -            200 367                  -            189   1.7e-77  248.7   6.1   1   1     2e-77     2e-77  248.5   6.1     6   186    15   196     6   199 0.96 -
367at766_1359163_0:0002ff|OZ308468.1:946367-946919 -            185 367                  -            189   2.2e-77  248.3   5.4   1   1   2.6e-77   2.6e-77  248.1   5.4     9   185     7   184     2   185 0.97 -
367at766_246273_0:000290|OZ308468.1:946334-946919  -            196 367                  -            189   2.8e-77  248.0   6.0   1   1   3.3e-77   3.3e-77  247.8   6.0     6   185    15   195     6   196 0.97 -
367at766_96496_0:000072|OZ308468.1:946334-946919   -            196 367                  -            189   2.8e-77  248.0   6.0   1   1   3.3e-77   3.3e-77  247.8   6.0     6   185    15   195     6   196 0.97 -
367at766_1605993_0:0001cc|OZ308468.1:946334-946916 -            195 367                  -            189   3.6e-77  247.6   6.0   1   1   4.2e-77   4.2e-77  247.4   6.0     6   185    15   195     6   195 0.97 -
367at766_1242993_0:000328|OZ308468.1:946403-946919 -            173 367                  -            189   1.4e-76  245.7   4.0   1   1   1.5e-76   1.5e-76  245.6   4.0    13   185     1   172     1   173 0.99 -
367at766_1423892_0:00004e|OZ308468.1:946403-946919 -            173 367                  -            189   1.4e-76  245.7   4.0   1   1   1.5e-76   1.5e-76  245.6   4.0    13   185     1   172     1   173 0.99 -
367at766_391036_0:000315|OZ308468.1:946403-946919  -            173 367                  -            189   1.4e-76  245.7   4.0   1   1   1.5e-76   1.5e-76  245.6   4.0    13   185     1   172     1   173 0.99 -
#
# Program:         hmmsearch
# Version:         3.4 (Aug 2023)
# Pipeline mode:   SEARCH
# Query file:      /Users/rossoaa/Desktop/dummy/genomes/records/compleasm/mb_downloads/rickettsiales_odb12/hmms/367at766.hmm
# Target file:     -
# Option settings: /Users/rossoaa/miniconda3/envs/compleasm_env/bin/hmmsearch --domtblout /Users/rossoaa/Desktop/dummy/genomes/records/compleasm/rickettsiales_odb12/hmmer_output/367at766.out --cpu 1 /Users/rossoaa/Desktop/dummy/genomes/records/compleasm/mb_downloads/rickettsiales_odb12/hmms/367at766.hmm - 
# Current dir:     /Users/rossoaa/Desktop/dummy/genomes/records/compleasm
# Date:            Tue Feb 10 10:20:21 2026
# [ok]
