#                                                                                                            --- full sequence --- -------------- this domain -------------   hmm coord   ali coord   env coord
# target name                                        accession   tlen query name           accession   qlen   E-value  score  bias   #  of  c-Evalue  i-Evalue  score  bias  from    to  from    to  from    to  acc description of target
#                                ------------------- ---------- ----- -------------------- ---------- ----- --------- ------ ----- --- --- --------- --------- ------ ----- ----- ----- ----- ----- ----- ----- ---- ---------------------
369at766_2486578_0:000138|OZ308468.1:1128385-1130974 -            864 369                  -            868         0 1486.2  31.2   1   1         0         0 1486.0  31.2     2   867     3   861     2   862 0.99 -
369at766_86105_0:000468|OZ308468.1:1128388-1130974   -            863 369                  -            868         0 1486.2  31.2   1   1         0         0 1486.0  31.2     2   867     3   861     2   862 0.99 -
369at766_1802984_0:0001ab|OZ308468.1:1128391-1130974 -            862 369                  -            868         0 1486.2  31.2   1   1         0         0 1486.0  31.2     2   867     3   861     2   862 0.99 -
369at766_696127_0:000063|OZ308468.1:1128391-1130974  -            862 369                  -            868         0 1486.2  31.2   1   1         0         0 1486.0  31.2     2   867     3   861     2   862 0.99 -
369at766_1248439_0:000185|OZ308468.1:1128385-1130971 -            863 369                  -            868         0 1486.2  31.2   1   1         0         0 1486.0  31.2     2   867     2   860     1   861 0.99 -
369at766_1359163_0:00009c|OZ308468.1:1128385-1130971 -            863 369                  -            868         0 1486.2  31.2   1   1         0         0 1486.0  31.2     2   867     2   860     1   861 0.99 -
369at766_1392507_0:00006d|OZ308468.1:1128385-1130971 -            863 369                  -            868         0 1486.2  31.2   1   1         0         0 1486.0  31.2     2   867     2   860     1   861 0.99 -
369at766_1105107_0:000072|OZ308468.1:1128388-1130971 -            862 369                  -            868         0 1486.2  31.2   1   1         0         0 1486.0  31.2     2   867     2   860     1   861 0.99 -
369at766_1359168_0:000054|OZ308468.1:1128388-1130971 -            862 369                  -            868         0 1486.2  31.2   1   1         0         0 1486.0  31.2     2   867     2   860     1   861 0.99 -
369at766_1961830_0:00030e|OZ308468.1:1128388-1130971 -            862 369                  -            868         0 1486.2  31.2   1   1         0         0 1486.0  31.2     2   867     2   860     1   861 0.99 -
369at766_272947_0:000295|OZ308468.1:1128388-1130971  -            862 369                  -            868         0 1486.2  31.2   1   1         0         0 1486.0  31.2     2   867     2   860     1   861 0.99 -
369at766_334380_0:00008b|OZ308468.1:1128388-1130971  -            862 369                  -            868         0 1486.2  31.2   1   1         0         0 1486.0  31.2     2   867     2   860     1   861 0.99 -
369at766_481009_0:000475|OZ308468.1:1128388-1130971  -            862 369                  -            868         0 1486.2  31.2   1   1         0         0 1486.0  31.2     2   867     2   860     1   861 0.99 -
369at766_779_0:000007|OZ308468.1:1128388-1130971     -            862 369                  -            868         0 1486.2  31.2   1   1         0         0 1486.0  31.2     2   867     2   860     1   861 0.99 -
369at766_955_0:0002fc|OZ308468.1:1128391-1131016     -            876 369                  -            868         0 1486.2  31.2   1   1         0         0 1485.9  31.2     2   867    17   875    16   876 0.99 -
369at766_1274402_0:0002d9|OZ308468.1:1128391-1130971 -            861 369                  -            868         0 1486.2  31.2   1   1         0         0 1486.0  31.2     2   867     2   860     1   861 0.99 -
369at766_1605993_0:0003b8|OZ308468.1:1128379-1131028 -            883 369                  -            868         0 1486.2  31.2   1   1         0         0 1485.9  31.2     2   867    21   879    20   880 0.99 -
369at766_246273_0:0000d1|OZ308468.1:1128379-1131028  -            883 369                  -            868         0 1486.2  31.2   1   1         0         0 1485.9  31.2     2   867    21   879    20   880 0.99 -
369at766_96496_0:000057|OZ308468.1:1128379-1131028   -            883 369                  -            868         0 1486.2  31.2   1   1         0         0 1485.9  31.2     2   867    21   879    20   880 0.99 -
369at766_169402_0:000583|OZ308468.1:1128391-1131028  -            880 369                  -            868         0 1486.2  31.2   1   1         0         0 1485.9  31.2     2   867    21   879    20   880 0.99 -
369at766_1242993_0:00023b|OZ308468.1:1128394-1130971 -            860 369                  -            868         0 1485.7  31.2   1   1         0         0 1485.5  31.2     2   866     2   859     1   860 0.99 -
369at766_1423892_0:000264|OZ308468.1:1128394-1130971 -            860 369                  -            868         0 1485.7  31.2   1   1         0         0 1485.5  31.2     2   866     2   859     1   860 0.99 -
369at766_205920_0:00020b|OZ308468.1:1128394-1130971  -            860 369                  -            868         0 1485.7  31.2   1   1         0         0 1485.5  31.2     2   866     2   859     1   860 0.99 -
369at766_391036_0:00014f|OZ308468.1:1128394-1130971  -            860 369                  -            868         0 1485.7  31.2   1   1         0         0 1485.5  31.2     2   866     2   859     1   860 0.99 -
369at766_2115978_0:000199|OZ308468.1:1128382-1130968 -            863 369                  -            868         0 1485.6  31.2   1   1         0         0 1485.4  31.2     3   867     2   859     1   860 0.99 -
369at766_752179_0:000091|OZ308468.1:1128391-1130968  -            860 369                  -            868         0 1485.5  31.2   1   1         0         0 1485.4  31.2     3   867     2   859     1   860 0.99 -
369at766_2486577_0:00008e|OZ308468.1:1128397-1130974 -            860 369                  -            868         0 1484.9  31.2   1   1         0         0 1484.7  31.2     2   866     3   860     2   860 0.99 -
369at766_336407_0:000220|OZ308468.1:1128397-1130971  -            859 369                  -            868         0 1484.9  31.2   1   1         0         0 1484.7  31.2     2   866     2   859     1   859 0.99 -
369at766_1528098_0:0002b6|OZ308468.1:1128397-1130956 -            854 369                  -            868         0 1480.3  31.6   1   1         0         0 1480.1  31.6     6   866     1   854     1   854 0.99 -
369at766_142058_0:00032e|OZ308468.1:1128385-1130917  -            845 369                  -            868         0 1465.1  30.2   1   1         0         0 1464.9  30.2    20   867     2   842     1   843 0.99 -
369at766_574556_0:000282|OZ308468.1:1128385-1130917  -            845 369                  -            868         0 1465.1  30.2   1   1         0         0 1464.9  30.2    20   867     2   842     1   843 0.99 -
369at766_1286528_0:0001a2|OZ308468.1:1128511-1130971 -            821 369                  -            868         0 1427.0  33.7   1   1         0         0 1426.8  33.7     2   822     2   818     1   821 0.99 -
369at766_1714371_0:0000ae|OZ308468.1:1128511-1130971 -            821 369                  -            868         0 1427.0  33.7   1   1         0         0 1426.8  33.7     2   822     2   818     1   821 0.99 -
369at766_222891_0:00020c|OZ308468.1:1128511-1130971  -            821 369                  -            868         0 1427.0  33.7   1   1         0         0 1426.8  33.7     2   822     2   818     1   821 0.99 -
369at766_434131_0:000085|OZ308468.1:1128511-1130971  -            821 369                  -            868         0 1427.0  33.7   1   1         0         0 1426.8  33.7     2   822     2   818     1   821 0.99 -
#
# Program:         hmmsearch
# Version:         3.4 (Aug 2023)
# Pipeline mode:   SEARCH
# Query file:      /Users/rossoaa/Desktop/dummy/genomes/records/compleasm/mb_downloads/rickettsiales_odb12/hmms/369at766.hmm
# Target file:     -
# Option settings: /Users/rossoaa/miniconda3/envs/compleasm_env/bin/hmmsearch --domtblout /Users/rossoaa/Desktop/dummy/genomes/records/compleasm/rickettsiales_odb12/hmmer_output/369at766.out --cpu 1 /Users/rossoaa/Desktop/dummy/genomes/records/compleasm/mb_downloads/rickettsiales_odb12/hmms/369at766.hmm - 
# Current dir:     /Users/rossoaa/Desktop/dummy/genomes/records/compleasm
# Date:            Tue Feb 10 10:20:24 2026
# [ok]
