#                                                                                                           --- full sequence --- -------------- this domain -------------   hmm coord   ali coord   env coord
# target name                                       accession   tlen query name           accession   qlen   E-value  score  bias   #  of  c-Evalue  i-Evalue  score  bias  from    to  from    to  from    to  acc description of target
#                               ------------------- ---------- ----- -------------------- ---------- ----- --------- ------ ----- --- --- --------- --------- ------ ----- ----- ----- ----- ----- ----- ----- ---- ---------------------
3711at766_1605993_0:0000ea|OZ308468.1:757427-758744 -            440 3711                 -            748  7.9e-262  861.8   4.1   1   1    9e-262    9e-262  861.6   4.1     3   439     4   439     2   440 0.99 -
3711at766_246273_0:000294|OZ308468.1:757427-758744  -            440 3711                 -            748  7.9e-262  861.8   4.1   1   1    9e-262    9e-262  861.6   4.1     3   439     4   439     2   440 0.99 -
3711at766_391036_0:0000eb|OZ308468.1:757430-758753  -            442 3711                 -            748  1.1e-261  861.4   4.1   1   1  1.3e-261  1.3e-261  861.1   4.1     3   438     7   441     5   442 0.99 -
3711at766_169402_0:0000e1|OZ308468.1:757430-758744  -            439 3711                 -            748  1.1e-261  861.4   4.1   1   1  1.3e-261  1.3e-261  861.2   4.1     3   438     4   438     2   439 0.99 -
3711at766_955_0:000261|OZ308468.1:757430-758744     -            439 3711                 -            748  1.1e-261  861.4   4.1   1   1  1.3e-261  1.3e-261  861.2   4.1     3   438     4   438     2   439 0.99 -
3711at766_96496_0:000157|OZ308468.1:757430-758744   -            439 3711                 -            748  1.1e-261  861.4   4.1   1   1  1.3e-261  1.3e-261  861.2   4.1     3   438     4   438     2   439 0.99 -
3711at766_1242993_0:000169|OZ308468.1:757430-758741 -            438 3711                 -            748  1.1e-261  861.3   4.1   1   1  1.3e-261  1.3e-261  861.2   4.1     3   438     3   437     1   438 0.99 -
3711at766_205920_0:00034a|OZ308468.1:757430-758741  -            438 3711                 -            748  1.1e-261  861.3   4.1   1   1  1.3e-261  1.3e-261  861.2   4.1     3   438     3   437     1   438 0.99 -
3711at766_779_0:000006|OZ308468.1:757430-758741     -            438 3711                 -            748  1.1e-261  861.3   4.1   1   1  1.3e-261  1.3e-261  861.2   4.1     3   438     3   437     1   438 0.99 -
3711at766_1105107_0:000274|OZ308468.1:757433-758741 -            437 3711                 -            748  1.9e-261  860.6   4.2   1   1  2.1e-261  2.1e-261  860.4   4.2     3   437     3   436     1   437 0.99 -
3711at766_272947_0:0000b3|OZ308468.1:757433-758741  -            437 3711                 -            748  1.9e-261  860.6   4.2   1   1  2.1e-261  2.1e-261  860.4   4.2     3   437     3   436     1   437 0.99 -
3711at766_336407_0:000353|OZ308468.1:757433-758741  -            437 3711                 -            748  1.9e-261  860.6   4.2   1   1  2.1e-261  2.1e-261  860.4   4.2     3   437     3   436     1   437 0.99 -
3711at766_481009_0:000132|OZ308468.1:757433-758741  -            437 3711                 -            748  1.9e-261  860.6   4.2   1   1  2.1e-261  2.1e-261  860.4   4.2     3   437     3   436     1   437 0.99 -
3711at766_2115978_0:0001d5|OZ308468.1:757430-758732 -            435 3711                 -            748  1.9e-261  860.6   3.7   1   1  2.1e-261  2.1e-261  860.4   3.7     6   438     3   434     1   435 0.99 -
3711at766_1528098_0:000386|OZ308468.1:757436-758744 -            437 3711                 -            748  3.8e-261  859.6   4.3   1   1  4.4e-261  4.4e-261  859.4   4.3     3   436     4   436     2   437 0.99 -
3711at766_1961830_0:00031d|OZ308468.1:757436-758741 -            436 3711                 -            748  3.9e-261  859.5   4.3   1   1  4.4e-261  4.4e-261  859.4   4.3     3   436     3   435     1   436 0.99 -
3711at766_1423892_0:000267|OZ308468.1:757436-758735 -            434 3711                 -            748  5.5e-261  859.1   4.0   1   1  6.1e-261  6.1e-261  858.9   4.0     5   436     3   433     1   434 0.99 -
3711at766_86105_0:000281|OZ308468.1:757442-758750   -            437 3711                 -            748    2e-260  857.2   4.7   1   1  2.4e-260  2.4e-260  856.9   4.7     3   434     6   436     4   437 0.99 -
3711at766_2486578_0:0003c2|OZ308468.1:757436-758720 -            429 3711                 -            748  3.3e-260  856.5   3.9   1   1  3.7e-260  3.7e-260  856.3   3.9     9   436     2   428     1   429 0.99 -
3711at766_1714371_0:0001e0|OZ308468.1:757445-758744 -            434 3711                 -            748  4.6e-260  856.0   4.9   1   1  5.3e-260  5.3e-260  855.8   4.9     3   434     4   434     2   434 0.99 -
3711at766_222891_0:000057|OZ308468.1:757445-758744  -            434 3711                 -            748  4.6e-260  856.0   4.9   1   1  5.3e-260  5.3e-260  855.8   4.9     3   434     4   434     2   434 0.99 -
3711at766_696127_0:0002f3|OZ308468.1:757442-758729  -            430 3711                 -            748  4.7e-260  855.9   4.4   1   1  5.3e-260  5.3e-260  855.8   4.4     6   434     2   429     1   430 0.99 -
3711at766_1248439_0:000254|OZ308468.1:757436-758714 -            427 3711                 -            748  1.2e-259  854.6   3.8   1   1  1.4e-259  1.4e-259  854.4   3.8    10   436     1   426     1   427 0.99 -
3711at766_1359163_0:0000f3|OZ308468.1:757436-758714 -            427 3711                 -            748  1.2e-259  854.6   3.8   1   1  1.4e-259  1.4e-259  854.4   3.8    10   436     1   426     1   427 0.99 -
3711at766_142058_0:000030|OZ308468.1:757436-758714  -            427 3711                 -            748  1.2e-259  854.6   3.8   1   1  1.4e-259  1.4e-259  854.4   3.8    10   436     1   426     1   427 0.99 -
3711at766_1286528_0:0001da|OZ308468.1:757445-758723 -            427 3711                 -            748  2.4e-259  853.6   4.4   1   1  2.6e-259  2.6e-259  853.5   4.4     8   434     2   427     1   427 0.99 -
3711at766_1392507_0:000381|OZ308468.1:757436-758711 -            426 3711                 -            748  2.9e-259  853.3   3.9   1   1  3.3e-259  3.3e-259  853.2   3.9    11   436     1   425     1   426 0.99 -
3711at766_334380_0:000089|OZ308468.1:757454-758744  -            431 3711                 -            748  3.3e-259  853.2   4.9   1   1  3.7e-259  3.7e-259  853.0   4.9     3   429     4   429     2   431 0.99 -
3711at766_2486577_0:000020|OZ308468.1:757454-758741 -            430 3711                 -            748  3.3e-259  853.1   4.9   1   1  3.7e-259  3.7e-259  853.0   4.9     3   429     3   428     1   430 0.99 -
3711at766_752179_0:0002ad|OZ308468.1:757469-758747  -            427 3711                 -            748  1.7e-258  850.8   4.6   1   1    2e-258    2e-258  850.6   4.6     3   426     5   427     3   427 0.99 -
3711at766_2602574_0:00049b|OZ308468.1:757466-758732 -            423 3711                 -            748  2.1e-258  850.5   4.5   1   1  2.3e-258  2.3e-258  850.4   4.5     6   426     3   422     1   423 0.99 -
3711at766_1274402_0:000352|OZ308468.1:757475-758732 -            420 3711                 -            748  3.3e-257  846.5   4.7   1   1  3.7e-257  3.7e-257  846.4   4.7     6   423     3   419     1   420 0.99 -
3711at766_1802984_0:0000e4|OZ308468.1:757478-758744 -            423 3711                 -            748  4.2e-257  846.2   5.3   1   1  4.9e-257  4.9e-257  846.0   5.3     3   423     4   423     2   423 0.99 -
#
# Program:         hmmsearch
# Version:         3.4 (Aug 2023)
# Pipeline mode:   SEARCH
# Query file:      /Users/rossoaa/Desktop/dummy/genomes/records/compleasm/mb_downloads/rickettsiales_odb12/hmms/3711at766.hmm
# Target file:     -
# Option settings: /Users/rossoaa/miniconda3/envs/compleasm_env/bin/hmmsearch --domtblout /Users/rossoaa/Desktop/dummy/genomes/records/compleasm/rickettsiales_odb12/hmmer_output/3711at766.out --cpu 1 /Users/rossoaa/Desktop/dummy/genomes/records/compleasm/mb_downloads/rickettsiales_odb12/hmms/3711at766.hmm - 
# Current dir:     /Users/rossoaa/Desktop/dummy/genomes/records/compleasm
# Date:            Tue Feb 10 10:20:22 2026
# [ok]
