#                                                                                                           --- full sequence --- -------------- this domain -------------   hmm coord   ali coord   env coord
# target name                                       accession   tlen query name           accession   qlen   E-value  score  bias   #  of  c-Evalue  i-Evalue  score  bias  from    to  from    to  from    to  acc description of target
#                               ------------------- ---------- ----- -------------------- ---------- ----- --------- ------ ----- --- --- --------- --------- ------ ----- ----- ----- ----- ----- ----- ----- ---- ---------------------
3719at766_1359168_0:00017a|OZ308468.1:405673-406897 -            408 3719                 -            400  2.4e-226  742.2   0.0   1   1  2.7e-226  2.7e-226  742.1   0.0     2   400     2   407     1   407 0.97 -
3719at766_334380_0:00028f|OZ308468.1:405673-406897  -            408 3719                 -            400  2.4e-226  742.2   0.0   1   1  2.7e-226  2.7e-226  742.1   0.0     2   400     2   407     1   407 0.97 -
3719at766_2115978_0:00027e|OZ308468.1:405673-406900 -            409 3719                 -            400  2.4e-226  742.2   0.0   1   1  2.7e-226  2.7e-226  742.1   0.0     2   400     3   408     2   408 0.97 -
3719at766_1274402_0:00025a|OZ308468.1:405676-406906 -            411 3719                 -            400  2.4e-226  742.2   0.0   1   1  2.8e-226  2.8e-226  742.0   0.0     2   400     5   410     4   410 0.97 -
3719at766_1961830_0:0001fb|OZ308468.1:405673-406906 -            411 3719                 -            400  2.4e-226  742.2   0.0   1   1  2.8e-226  2.8e-226  742.0   0.0     2   400     5   410     4   410 0.97 -
3719at766_2486577_0:000186|OZ308468.1:405673-406906 -            411 3719                 -            400  2.4e-226  742.2   0.0   1   1  2.8e-226  2.8e-226  742.0   0.0     2   400     5   410     4   410 0.97 -
3719at766_86105_0:00062c|OZ308468.1:405673-406906   -            411 3719                 -            400  2.4e-226  742.2   0.0   1   1  2.8e-226  2.8e-226  742.0   0.0     2   400     5   410     4   410 0.97 -
3719at766_1392507_0:00029b|OZ308468.1:405679-406909 -            411 3719                 -            400  2.4e-226  742.2   0.0   1   1  2.8e-226  2.8e-226  742.0   0.0     2   400     6   411     5   411 0.97 -
3719at766_2602574_0:000223|OZ308468.1:405673-406909 -            412 3719                 -            400  2.5e-226  742.2   0.0   1   1  2.8e-226  2.8e-226  742.0   0.0     2   400     6   411     5   411 0.97 -
3719at766_752179_0:0002f2|OZ308468.1:405673-406909  -            412 3719                 -            400  2.5e-226  742.2   0.0   1   1  2.8e-226  2.8e-226  742.0   0.0     2   400     6   411     5   411 0.97 -
3719at766_1105107_0:000174|OZ308468.1:405673-406912 -            413 3719                 -            400  2.5e-226  742.2   0.0   1   1  2.8e-226  2.8e-226  742.0   0.0     2   400     7   412     6   412 0.97 -
3719at766_1528098_0:0004d5|OZ308468.1:405673-406912 -            413 3719                 -            400  2.5e-226  742.2   0.0   1   1  2.8e-226  2.8e-226  742.0   0.0     2   400     7   412     6   412 0.97 -
3719at766_272947_0:00007e|OZ308468.1:405673-406912  -            413 3719                 -            400  2.5e-226  742.2   0.0   1   1  2.8e-226  2.8e-226  742.0   0.0     2   400     7   412     6   412 0.97 -
3719at766_336407_0:0004b0|OZ308468.1:405673-406912  -            413 3719                 -            400  2.5e-226  742.2   0.0   1   1  2.8e-226  2.8e-226  742.0   0.0     2   400     7   412     6   412 0.97 -
3719at766_481009_0:0003ee|OZ308468.1:405673-406912  -            413 3719                 -            400  2.5e-226  742.2   0.0   1   1  2.8e-226  2.8e-226  742.0   0.0     2   400     7   412     6   412 0.97 -
3719at766_696127_0:000361|OZ308468.1:405673-406912  -            413 3719                 -            400  2.5e-226  742.2   0.0   1   1  2.8e-226  2.8e-226  742.0   0.0     2   400     7   412     6   412 0.97 -
3719at766_955_0:0002e4|OZ308468.1:405676-406912     -            413 3719                 -            400  2.5e-226  742.2   0.0   1   1  2.8e-226  2.8e-226  742.0   0.0     2   400     7   412     6   412 0.97 -
3719at766_205920_0:000345|OZ308468.1:405679-406915  -            413 3719                 -            400  2.5e-226  742.2   0.0   1   1  2.8e-226  2.8e-226  742.0   0.0     2   400     8   413     7   413 0.97 -
3719at766_1423892_0:000099|OZ308468.1:405676-406915 -            414 3719                 -            400  2.5e-226  742.2   0.0   1   1  2.9e-226  2.9e-226  742.0   0.0     2   400     8   413     7   413 0.97 -
3719at766_169402_0:00029e|OZ308468.1:405673-406915  -            414 3719                 -            400  2.5e-226  742.2   0.0   1   1  2.9e-226  2.9e-226  742.0   0.0     2   400     8   413     7   413 0.97 -
3719at766_1802984_0:0000b1|OZ308468.1:405673-406915 -            414 3719                 -            400  2.5e-226  742.2   0.0   1   1  2.9e-226  2.9e-226  742.0   0.0     2   400     8   413     7   413 0.97 -
3719at766_391036_0:000036|OZ308468.1:405676-406915  -            414 3719                 -            400  2.5e-226  742.2   0.0   1   1  2.9e-226  2.9e-226  742.0   0.0     2   400     8   413     7   413 0.97 -
3719at766_779_0:000238|OZ308468.1:405676-406918     -            415 3719                 -            400  2.5e-226  742.2   0.0   1   1  2.9e-226  2.9e-226  742.0   0.0     2   400     9   414     8   414 0.97 -
3719at766_2486578_0:000381|OZ308468.1:405673-406930 -            419 3719                 -            400  2.6e-226  742.1   0.0   1   1    3e-226    3e-226  741.9   0.0     2   400    13   418    12   418 0.97 -
3719at766_1605993_0:00013d|OZ308468.1:405673-406948 -            425 3719                 -            400  2.8e-226  742.0   0.0   1   1  3.2e-226  3.2e-226  741.8   0.0     2   400    19   424    18   424 0.97 -
3719at766_246273_0:000389|OZ308468.1:405673-406948  -            425 3719                 -            400  2.8e-226  742.0   0.0   1   1  3.2e-226  3.2e-226  741.8   0.0     2   400    19   424    18   424 0.97 -
3719at766_96496_0:0001e1|OZ308468.1:405673-406948   -            425 3719                 -            400  2.8e-226  742.0   0.0   1   1  3.2e-226  3.2e-226  741.8   0.0     2   400    19   424    18   424 0.97 -
3719at766_1248439_0:000022|OZ308468.1:405676-406894 -            407 3719                 -            400  4.6e-226  741.3   0.0   1   1  5.1e-226  5.1e-226  741.2   0.0     2   400     1   406     1   406 0.97 -
3719at766_142058_0:00000a|OZ308468.1:405676-406894  -            407 3719                 -            400  4.6e-226  741.3   0.0   1   1  5.1e-226  5.1e-226  741.2   0.0     2   400     1   406     1   406 0.97 -
3719at766_1359163_0:0002a9|OZ308468.1:405688-406927 -            414 3719                 -            400  2.2e-225  739.1   0.1   1   1  2.4e-225  2.4e-225  738.9   0.1     2   392    12   405    11   414 0.97 -
3719at766_1714371_0:00027e|OZ308468.1:405736-406915 -            394 3719                 -            400  1.1e-224  736.7   0.1   1   1  1.4e-224  1.4e-224  736.5   0.1     2   385     8   391     7   393 0.99 -
3719at766_434131_0:000281|OZ308468.1:405757-406906  -            384 3719                 -            400  7.7e-224  734.0   0.1   1   1  8.7e-224  8.7e-224  733.8   0.1     2   380     5   383     4   384 1.00 -
3719at766_222891_0:0000ea|OZ308468.1:405757-406915  -            387 3719                 -            400    8e-224  733.9   0.1   1   1    9e-224    9e-224  733.8   0.1     2   380     8   386     7   387 1.00 -
3719at766_1286528_0:00020d|OZ308468.1:405760-406915 -            386 3719                 -            400  1.2e-223  733.3   0.1   1   1  1.4e-223  1.4e-223  733.1   0.1     2   380     8   386     7   386 1.00 -
3719at766_1242993_0:0001af|OZ308468.1:405682-406597 -            306 3719                 -            400  1.2e-163  535.7   0.0   1   1  1.4e-163  1.4e-163  535.6   0.0   102   399     2   306     1   306 0.96 -
#
# Program:         hmmsearch
# Version:         3.4 (Aug 2023)
# Pipeline mode:   SEARCH
# Query file:      /Users/rossoaa/Desktop/dummy/genomes/records/compleasm/mb_downloads/rickettsiales_odb12/hmms/3719at766.hmm
# Target file:     -
# Option settings: /Users/rossoaa/miniconda3/envs/compleasm_env/bin/hmmsearch --domtblout /Users/rossoaa/Desktop/dummy/genomes/records/compleasm/rickettsiales_odb12/hmmer_output/3719at766.out --cpu 1 /Users/rossoaa/Desktop/dummy/genomes/records/compleasm/mb_downloads/rickettsiales_odb12/hmms/3719at766.hmm - 
# Current dir:     /Users/rossoaa/Desktop/dummy/genomes/records/compleasm
# Date:            Tue Feb 10 10:20:21 2026
# [ok]
