#                                                                                                          --- full sequence --- -------------- this domain -------------   hmm coord   ali coord   env coord
# target name                                      accession   tlen query name           accession   qlen   E-value  score  bias   #  of  c-Evalue  i-Evalue  score  bias  from    to  from    to  from    to  acc description of target
#                              ------------------- ---------- ----- -------------------- ---------- ----- --------- ------ ----- --- --- --------- --------- ------ ----- ----- ----- ----- ----- ----- ----- ---- ---------------------
371at766_336407_0:000009|OZ308468.1:651391-652375  -            329 371                  -            325  1.3e-170  557.9   0.2   1   1  1.5e-170  1.5e-170  557.7   0.2     1   324     1   328     1   329 0.97 -
371at766_1242993_0:000011|OZ308468.1:651388-652375 -            330 371                  -            325  1.3e-170  557.8   0.2   1   1  1.5e-170  1.5e-170  557.7   0.2     1   324     2   329     2   330 0.97 -
371at766_1423892_0:0001b6|OZ308468.1:651388-652375 -            330 371                  -            325  1.3e-170  557.8   0.2   1   1  1.5e-170  1.5e-170  557.7   0.2     1   324     2   329     2   330 0.97 -
371at766_205920_0:0002e6|OZ308468.1:651388-652375  -            330 371                  -            325  1.3e-170  557.8   0.2   1   1  1.5e-170  1.5e-170  557.7   0.2     1   324     2   329     2   330 0.97 -
371at766_391036_0:0001b6|OZ308468.1:651388-652375  -            330 371                  -            325  1.3e-170  557.8   0.2   1   1  1.5e-170  1.5e-170  557.7   0.2     1   324     2   329     2   330 0.97 -
371at766_1359163_0:000128|OZ308468.1:651388-652378 -            331 371                  -            325  1.3e-170  557.8   0.2   1   1  1.5e-170  1.5e-170  557.7   0.2     1   324     2   329     2   330 0.97 -
371at766_142058_0:000156|OZ308468.1:651388-652381  -            331 371                  -            325  1.3e-170  557.8   0.2   1   1  1.5e-170  1.5e-170  557.7   0.2     1   324     2   329     2   330 0.97 -
371at766_696127_0:000470|OZ308468.1:651388-652378  -            331 371                  -            325  1.3e-170  557.8   0.2   1   1  1.5e-170  1.5e-170  557.7   0.2     1   324     2   329     2   330 0.97 -
371at766_779_0:000346|OZ308468.1:651388-652378     -            331 371                  -            325  1.3e-170  557.8   0.2   1   1  1.5e-170  1.5e-170  557.7   0.2     1   324     2   329     2   330 0.97 -
371at766_96496_0:000263|OZ308468.1:651385-652375   -            331 371                  -            325  1.3e-170  557.8   0.2   1   1  1.5e-170  1.5e-170  557.7   0.2     1   324     3   330     3   331 0.97 -
371at766_1286528_0:000027|OZ308468.1:651385-652378 -            332 371                  -            325  1.3e-170  557.8   0.2   1   1  1.5e-170  1.5e-170  557.6   0.2     1   324     3   330     3   331 0.97 -
371at766_1605993_0:000393|OZ308468.1:651385-652381 -            332 371                  -            325  1.3e-170  557.8   0.2   1   1  1.5e-170  1.5e-170  557.6   0.2     1   324     3   330     3   331 0.97 -
371at766_2602574_0:00018c|OZ308468.1:651385-652381 -            332 371                  -            325  1.3e-170  557.8   0.2   1   1  1.5e-170  1.5e-170  557.6   0.2     1   324     3   330     3   331 0.97 -
371at766_955_0:0001a8|OZ308468.1:651385-652381     -            332 371                  -            325  1.3e-170  557.8   0.2   1   1  1.5e-170  1.5e-170  557.6   0.2     1   324     3   330     3   331 0.97 -
371at766_86105_0:00058f|OZ308468.1:651355-652375   -            341 371                  -            325  1.5e-170  557.7   0.2   1   1  1.7e-170  1.7e-170  557.5   0.2     1   324    13   340    13   341 0.97 -
371at766_1105107_0:000033|OZ308468.1:651391-652372 -            328 371                  -            325  1.8e-170  557.4   0.2   1   1    2e-170    2e-170  557.2   0.2     1   323     1   327     1   328 0.97 -
371at766_1961830_0:000486|OZ308468.1:651391-652372 -            328 371                  -            325  1.8e-170  557.4   0.2   1   1    2e-170    2e-170  557.2   0.2     1   323     1   327     1   328 0.97 -
371at766_2486578_0:0001f3|OZ308468.1:651391-652372 -            328 371                  -            325  1.8e-170  557.4   0.2   1   1    2e-170    2e-170  557.2   0.2     1   323     1   327     1   328 0.97 -
371at766_272947_0:0001fc|OZ308468.1:651391-652372  -            328 371                  -            325  1.8e-170  557.4   0.2   1   1    2e-170    2e-170  557.2   0.2     1   323     1   327     1   328 0.97 -
371at766_481009_0:0001b8|OZ308468.1:651391-652372  -            328 371                  -            325  1.8e-170  557.4   0.2   1   1    2e-170    2e-170  557.2   0.2     1   323     1   327     1   328 0.97 -
371at766_752179_0:00024c|OZ308468.1:651391-652372  -            328 371                  -            325  1.8e-170  557.4   0.2   1   1    2e-170    2e-170  557.2   0.2     1   323     1   327     1   328 0.97 -
371at766_1248439_0:0002a8|OZ308468.1:651388-652372 -            329 371                  -            325  1.8e-170  557.4   0.2   1   1    2e-170    2e-170  557.2   0.2     1   323     2   328     2   329 0.97 -
371at766_1392507_0:00017a|OZ308468.1:651388-652372 -            329 371                  -            325  1.8e-170  557.4   0.2   1   1    2e-170    2e-170  557.2   0.2     1   323     2   328     2   329 0.97 -
371at766_169402_0:00002a|OZ308468.1:651385-652372  -            330 371                  -            325  1.8e-170  557.4   0.2   1   1  2.1e-170  2.1e-170  557.2   0.2     1   323     3   329     3   330 0.97 -
371at766_246273_0:00020a|OZ308468.1:651385-652372  -            330 371                  -            325  1.8e-170  557.4   0.2   1   1  2.1e-170  2.1e-170  557.2   0.2     1   323     3   329     3   330 0.97 -
371at766_1274402_0:0002bb|OZ308468.1:651376-652366 -            331 371                  -            325  7.9e-170  555.3   0.2   1   1  8.9e-170  8.9e-170  555.1   0.2     1   321     6   330     6   331 0.97 -
371at766_1359168_0:00025f|OZ308468.1:651406-652378 -            325 371                  -            325  1.4e-168  551.1   0.4   1   1  1.6e-168  1.6e-168  551.0   0.4     6   324     1   323     1   324 0.97 -
371at766_1714371_0:0000ba|OZ308468.1:651406-652378 -            325 371                  -            325  1.4e-168  551.1   0.4   1   1  1.6e-168  1.6e-168  551.0   0.4     6   324     1   323     1   324 0.97 -
371at766_222891_0:0001b4|OZ308468.1:651406-652378  -            325 371                  -            325  1.4e-168  551.1   0.4   1   1  1.6e-168  1.6e-168  551.0   0.4     6   324     1   323     1   324 0.97 -
371at766_334380_0:00021c|OZ308468.1:651406-652378  -            325 371                  -            325  1.4e-168  551.1   0.4   1   1  1.6e-168  1.6e-168  551.0   0.4     6   324     1   323     1   324 0.97 -
371at766_434131_0:000092|OZ308468.1:651406-652378  -            325 371                  -            325  1.4e-168  551.1   0.4   1   1  1.6e-168  1.6e-168  551.0   0.4     6   324     1   323     1   324 0.97 -
#
# Program:         hmmsearch
# Version:         3.4 (Aug 2023)
# Pipeline mode:   SEARCH
# Query file:      /Users/rossoaa/Desktop/dummy/genomes/records/compleasm/mb_downloads/rickettsiales_odb12/hmms/371at766.hmm
# Target file:     -
# Option settings: /Users/rossoaa/miniconda3/envs/compleasm_env/bin/hmmsearch --domtblout /Users/rossoaa/Desktop/dummy/genomes/records/compleasm/rickettsiales_odb12/hmmer_output/371at766.out --cpu 1 /Users/rossoaa/Desktop/dummy/genomes/records/compleasm/mb_downloads/rickettsiales_odb12/hmms/371at766.hmm - 
# Current dir:     /Users/rossoaa/Desktop/dummy/genomes/records/compleasm
# Date:            Tue Feb 10 10:20:21 2026
# [ok]
