#                                                                                                          --- full sequence --- -------------- this domain -------------   hmm coord   ali coord   env coord
# target name                                      accession   tlen query name           accession   qlen   E-value  score  bias   #  of  c-Evalue  i-Evalue  score  bias  from    to  from    to  from    to  acc description of target
#                              ------------------- ---------- ----- -------------------- ---------- ----- --------- ------ ----- --- --- --------- --------- ------ ----- ----- ----- ----- ----- ----- ----- ---- ---------------------
373at766_1528098_0:0003a4|OZ308468.1:397415-398468 -            296 373                  -            275  3.1e-114  371.3   0.1   1   1  4.6e-114  4.6e-114  370.7   0.1     2   275     3   293     2   293 0.93 -
373at766_1359163_0:00032c|OZ308468.1:397418-398468 -            311 373                  -            275  1.9e-112  365.5   0.8   1   2  1.3e-100  1.3e-100  326.6   0.1     2   216     2   219     1   229 0.95 -
373at766_1359163_0:00032c|OZ308468.1:397418-398468 -            311 373                  -            275  1.9e-112  365.5   0.8   2   2   1.4e-12   1.4e-12   37.8   0.1   205   275   228   308   220   308 0.84 -
373at766_779_0:000202|OZ308468.1:397418-398468     -            314 373                  -            275  5.3e-112  364.0   0.4   1   2  1.3e-100  1.3e-100  326.6   0.1     2   216     2   219     1   229 0.95 -
373at766_779_0:000202|OZ308468.1:397418-398468     -            314 373                  -            275  5.3e-112  364.0   0.4   2   2   6.2e-12   6.2e-12   35.7   0.0   210   275   236   311   222   311 0.81 -
373at766_169402_0:0004e8|OZ308468.1:397415-398468  -            352 373                  -            275  6.2e-112  363.7   0.3   1   2  9.9e-101  9.9e-101  327.0   0.2     2   225     3   228     2   256 0.93 -
373at766_169402_0:0004e8|OZ308468.1:397415-398468  -            352 373                  -            275  6.2e-112  363.7   0.3   2   2   1.2e-11   1.2e-11   34.8   0.0   212   275   276   349   264   349 0.84 -
373at766_205920_0:000167|OZ308468.1:397418-398468  -            307 373                  -            275  7.6e-112  363.4   1.0   1   1    5e-110    5e-110  357.5   1.0     2   275     2   304     1   304 0.89 -
373at766_1392507_0:000079|OZ308468.1:397415-398468 -            308 373                  -            275  7.7e-112  363.4   1.0   1   1  5.1e-110  5.1e-110  357.4   1.0     2   275     3   305     2   305 0.89 -
373at766_246273_0:00022d|OZ308468.1:397415-398468  -            308 373                  -            275  7.7e-112  363.4   1.0   1   1  5.1e-110  5.1e-110  357.4   1.0     2   275     3   305     2   305 0.89 -
373at766_955_0:000190|OZ308468.1:397415-398468     -            308 373                  -            275  7.7e-112  363.4   1.0   1   1  5.1e-110  5.1e-110  357.4   1.0     2   275     3   305     2   305 0.89 -
373at766_1248439_0:00016a|OZ308468.1:397424-398468 -            312 373                  -            275  3.5e-111  361.3   0.6   1   2  6.7e-100  6.7e-100  324.3   0.1     3   217     1   218     1   230 0.95 -
373at766_1248439_0:00016a|OZ308468.1:397424-398468 -            312 373                  -            275  3.5e-111  361.3   0.6   2   2   6.2e-12   6.2e-12   35.7   0.1   210   275   234   309   220   309 0.81 -
373at766_142058_0:0001ae|OZ308468.1:397424-398468  -            312 373                  -            275  3.5e-111  361.3   0.6   1   2  6.7e-100  6.7e-100  324.3   0.1     3   217     1   218     1   230 0.95 -
373at766_142058_0:0001ae|OZ308468.1:397424-398468  -            312 373                  -            275  3.5e-111  361.3   0.6   2   2   6.2e-12   6.2e-12   35.7   0.1   210   275   234   309   220   309 0.81 -
373at766_574556_0:000184|OZ308468.1:397424-398468  -            312 373                  -            275  3.5e-111  361.3   0.6   1   2  6.7e-100  6.7e-100  324.3   0.1     3   217     1   218     1   230 0.95 -
373at766_574556_0:000184|OZ308468.1:397424-398468  -            312 373                  -            275  3.5e-111  361.3   0.6   2   2   6.2e-12   6.2e-12   35.7   0.1   210   275   234   309   220   309 0.81 -
373at766_1242993_0:00035e|OZ308468.1:397418-398468 -            286 373                  -            275  8.8e-109  353.4   0.1   1   1  1.2e-108  1.2e-108  352.9   0.1     2   275     2   283     1   283 0.90 -
373at766_1423892_0:00027f|OZ308468.1:397418-398468 -            286 373                  -            275  8.8e-109  353.4   0.1   1   1  1.2e-108  1.2e-108  352.9   0.1     2   275     2   283     1   283 0.90 -
373at766_391036_0:000116|OZ308468.1:397418-398468  -            286 373                  -            275  8.8e-109  353.4   0.1   1   1  1.2e-108  1.2e-108  352.9   0.1     2   275     2   283     1   283 0.90 -
373at766_1286528_0:0000dd|OZ308468.1:397418-398054 -            213 373                  -            275  5.5e-100  324.5   0.1   1   1  6.1e-100  6.1e-100  324.4   0.1     2   209     2   212     1   213 0.97 -
373at766_1802984_0:0001d3|OZ308468.1:397427-398039 -            205 373                  -            275   3.5e-97  315.3   0.0   1   1   3.9e-97   3.9e-97  315.2   0.0     4   204     1   204     1   205 0.97 -
373at766_1605993_0:0000f1|OZ308468.1:398219-398474 -             85 373                  -            275   2.2e-13   40.5   0.1   1   1   4.8e-13   4.8e-13   39.4   0.1   213   275     9    81     2    81 0.84 -
#
# Program:         hmmsearch
# Version:         3.4 (Aug 2023)
# Pipeline mode:   SEARCH
# Query file:      /Users/rossoaa/Desktop/dummy/genomes/records/compleasm/mb_downloads/rickettsiales_odb12/hmms/373at766.hmm
# Target file:     -
# Option settings: /Users/rossoaa/miniconda3/envs/compleasm_env/bin/hmmsearch --domtblout /Users/rossoaa/Desktop/dummy/genomes/records/compleasm/rickettsiales_odb12/hmmer_output/373at766.out --cpu 1 /Users/rossoaa/Desktop/dummy/genomes/records/compleasm/mb_downloads/rickettsiales_odb12/hmms/373at766.hmm - 
# Current dir:     /Users/rossoaa/Desktop/dummy/genomes/records/compleasm
# Date:            Tue Feb 10 10:20:23 2026
# [ok]
