#                                                                                                           --- full sequence --- -------------- this domain -------------   hmm coord   ali coord   env coord
# target name                                       accession   tlen query name           accession   qlen   E-value  score  bias   #  of  c-Evalue  i-Evalue  score  bias  from    to  from    to  from    to  acc description of target
#                               ------------------- ---------- ----- -------------------- ---------- ----- --------- ------ ----- --- --- --------- --------- ------ ----- ----- ----- ----- ----- ----- ----- ---- ---------------------
3757at766_1105107_0:0002f3|OZ308468.1:621676-622906 -            410 3757                 -            407  1.2e-180  591.7  23.7   1   1  1.3e-180  1.3e-180  591.5  23.7     1   407     2   410     2   410 0.99 -
3757at766_1961830_0:000479|OZ308468.1:621676-622906 -            410 3757                 -            407  1.2e-180  591.7  23.7   1   1  1.3e-180  1.3e-180  591.5  23.7     1   407     2   410     2   410 0.99 -
3757at766_272947_0:000313|OZ308468.1:621676-622906  -            410 3757                 -            407  1.2e-180  591.7  23.7   1   1  1.3e-180  1.3e-180  591.5  23.7     1   407     2   410     2   410 0.99 -
3757at766_336407_0:0002c7|OZ308468.1:621676-622906  -            410 3757                 -            407  1.2e-180  591.7  23.7   1   1  1.3e-180  1.3e-180  591.5  23.7     1   407     2   410     2   410 0.99 -
3757at766_481009_0:0003fa|OZ308468.1:621676-622906  -            410 3757                 -            407  1.2e-180  591.7  23.7   1   1  1.3e-180  1.3e-180  591.5  23.7     1   407     2   410     2   410 0.99 -
3757at766_1242993_0:0001d7|OZ308468.1:621679-622906 -            409 3757                 -            407  1.2e-180  591.7  23.7   1   1  1.3e-180  1.3e-180  591.5  23.7     1   407     1   409     1   409 0.99 -
3757at766_1359163_0:0002a5|OZ308468.1:621679-622906 -            409 3757                 -            407  1.2e-180  591.7  23.7   1   1  1.3e-180  1.3e-180  591.5  23.7     1   407     1   409     1   409 0.99 -
3757at766_1423892_0:000324|OZ308468.1:621679-622906 -            409 3757                 -            407  1.2e-180  591.7  23.7   1   1  1.3e-180  1.3e-180  591.5  23.7     1   407     1   409     1   409 0.99 -
3757at766_1528098_0:0000b4|OZ308468.1:621679-622906 -            409 3757                 -            407  1.2e-180  591.7  23.7   1   1  1.3e-180  1.3e-180  591.5  23.7     1   407     1   409     1   409 0.99 -
3757at766_1605993_0:000250|OZ308468.1:621679-622906 -            409 3757                 -            407  1.2e-180  591.7  23.7   1   1  1.3e-180  1.3e-180  591.5  23.7     1   407     1   409     1   409 0.99 -
3757at766_169402_0:000544|OZ308468.1:621679-622906  -            409 3757                 -            407  1.2e-180  591.7  23.7   1   1  1.3e-180  1.3e-180  591.5  23.7     1   407     1   409     1   409 0.99 -
3757at766_205920_0:00030e|OZ308468.1:621679-622906  -            409 3757                 -            407  1.2e-180  591.7  23.7   1   1  1.3e-180  1.3e-180  591.5  23.7     1   407     1   409     1   409 0.99 -
3757at766_246273_0:0003b8|OZ308468.1:621679-622906  -            409 3757                 -            407  1.2e-180  591.7  23.7   1   1  1.3e-180  1.3e-180  591.5  23.7     1   407     1   409     1   409 0.99 -
3757at766_2486577_0:000061|OZ308468.1:621679-622906 -            409 3757                 -            407  1.2e-180  591.7  23.7   1   1  1.3e-180  1.3e-180  591.5  23.7     1   407     1   409     1   409 0.99 -
3757at766_2486578_0:0005d6|OZ308468.1:621679-622906 -            409 3757                 -            407  1.2e-180  591.7  23.7   1   1  1.3e-180  1.3e-180  591.5  23.7     1   407     1   409     1   409 0.99 -
3757at766_2602574_0:000487|OZ308468.1:621679-622906 -            409 3757                 -            407  1.2e-180  591.7  23.7   1   1  1.3e-180  1.3e-180  591.5  23.7     1   407     1   409     1   409 0.99 -
3757at766_696127_0:00010b|OZ308468.1:621679-622906  -            409 3757                 -            407  1.2e-180  591.7  23.7   1   1  1.3e-180  1.3e-180  591.5  23.7     1   407     1   409     1   409 0.99 -
3757at766_752179_0:00017d|OZ308468.1:621679-622906  -            409 3757                 -            407  1.2e-180  591.7  23.7   1   1  1.3e-180  1.3e-180  591.5  23.7     1   407     1   409     1   409 0.99 -
3757at766_779_0:00023b|OZ308468.1:621679-622906     -            409 3757                 -            407  1.2e-180  591.7  23.7   1   1  1.3e-180  1.3e-180  591.5  23.7     1   407     1   409     1   409 0.99 -
3757at766_86105_0:000618|OZ308468.1:621679-622906   -            409 3757                 -            407  1.2e-180  591.7  23.7   1   1  1.3e-180  1.3e-180  591.5  23.7     1   407     1   409     1   409 0.99 -
3757at766_955_0:00024b|OZ308468.1:621679-622906     -            409 3757                 -            407  1.2e-180  591.7  23.7   1   1  1.3e-180  1.3e-180  591.5  23.7     1   407     1   409     1   409 0.99 -
3757at766_96496_0:00020d|OZ308468.1:621679-622906   -            409 3757                 -            407  1.2e-180  591.7  23.7   1   1  1.3e-180  1.3e-180  591.5  23.7     1   407     1   409     1   409 0.99 -
3757at766_1248439_0:00000d|OZ308468.1:621670-622906 -            412 3757                 -            407  1.2e-180  591.7  23.7   1   1  1.4e-180  1.4e-180  591.5  23.7     1   407     4   412     4   412 0.99 -
3757at766_1274402_0:000020|OZ308468.1:621685-622903 -            407 3757                 -            407  3.1e-180  590.3  23.0   1   1  3.5e-180  3.5e-180  590.1  23.0     4   407     2   407     1   407 0.99 -
3757at766_1392507_0:00020f|OZ308468.1:621685-622906 -            407 3757                 -            407  3.1e-180  590.3  23.0   1   1  3.5e-180  3.5e-180  590.1  23.0     4   407     2   407     1   407 0.99 -
3757at766_142058_0:00026a|OZ308468.1:621685-622906  -            407 3757                 -            407  3.1e-180  590.3  23.0   1   1  3.5e-180  3.5e-180  590.1  23.0     4   407     2   407     1   407 0.99 -
3757at766_2115978_0:0004ae|OZ308468.1:621685-622906 -            407 3757                 -            407  3.1e-180  590.3  23.0   1   1  3.5e-180  3.5e-180  590.1  23.0     4   407     2   407     1   407 0.99 -
3757at766_574556_0:000203|OZ308468.1:621685-622906  -            407 3757                 -            407  3.1e-180  590.3  23.0   1   1  3.5e-180  3.5e-180  590.1  23.0     4   407     2   407     1   407 0.99 -
3757at766_1714371_0:000170|OZ308468.1:621676-622900 -            409 3757                 -            407  7.1e-180  589.1  24.0   1   1    8e-180    8e-180  588.9  24.0     1   406     2   409     2   409 0.99 -
3757at766_222891_0:00025c|OZ308468.1:621676-622900  -            409 3757                 -            407  7.1e-180  589.1  24.0   1   1    8e-180    8e-180  588.9  24.0     1   406     2   409     2   409 0.99 -
3757at766_434131_0:0000b1|OZ308468.1:621676-622900  -            409 3757                 -            407  7.1e-180  589.1  24.0   1   1    8e-180    8e-180  588.9  24.0     1   406     2   409     2   409 0.99 -
#
# Program:         hmmsearch
# Version:         3.4 (Aug 2023)
# Pipeline mode:   SEARCH
# Query file:      /Users/rossoaa/Desktop/dummy/genomes/records/compleasm/mb_downloads/rickettsiales_odb12/hmms/3757at766.hmm
# Target file:     -
# Option settings: /Users/rossoaa/miniconda3/envs/compleasm_env/bin/hmmsearch --domtblout /Users/rossoaa/Desktop/dummy/genomes/records/compleasm/rickettsiales_odb12/hmmer_output/3757at766.out --cpu 1 /Users/rossoaa/Desktop/dummy/genomes/records/compleasm/mb_downloads/rickettsiales_odb12/hmms/3757at766.hmm - 
# Current dir:     /Users/rossoaa/Desktop/dummy/genomes/records/compleasm
# Date:            Tue Feb 10 10:20:21 2026
# [ok]
