#                                                                                                           --- full sequence --- -------------- this domain -------------   hmm coord   ali coord   env coord
# target name                                       accession   tlen query name           accession   qlen   E-value  score  bias   #  of  c-Evalue  i-Evalue  score  bias  from    to  from    to  from    to  acc description of target
#                               ------------------- ---------- ----- -------------------- ---------- ----- --------- ------ ----- --- --- --------- --------- ------ ----- ----- ----- ----- ----- ----- ----- ---- ---------------------
3769at766_205920_0:0002f2|OZ308468.1:301911-303162  -            418 3769                 -            414  6.8e-189  618.8  15.2   1   1    8e-189    8e-189  618.6  15.2     2   413     3   416     2   417 0.98 -
3769at766_1714371_0:000038|OZ308468.1:301914-303171 -            420 3769                 -            414  6.9e-189  618.8  15.2   1   1  8.2e-189  8.2e-189  618.6  15.2     2   413     6   419     5   420 0.98 -
3769at766_169402_0:000079|OZ308468.1:301911-303171  -            421 3769                 -            414    7e-189  618.8  15.2   1   1  8.2e-189  8.2e-189  618.5  15.2     2   413     6   419     5   420 0.98 -
3769at766_1528098_0:00003d|OZ308468.1:301908-303171 -            422 3769                 -            414    7e-189  618.8  15.2   1   1  8.3e-189  8.3e-189  618.5  15.2     2   413     6   419     5   420 0.98 -
3769at766_955_0:000107|OZ308468.1:301908-303171     -            422 3769                 -            414    7e-189  618.8  15.2   1   1  8.3e-189  8.3e-189  618.5  15.2     2   413     6   419     5   420 0.98 -
3769at766_1242993_0:0000b3|OZ308468.1:301905-303171 -            423 3769                 -            414  7.1e-189  618.8  15.2   1   1  8.4e-189  8.4e-189  618.5  15.2     2   413     6   419     5   420 0.98 -
3769at766_779_0:00006c|OZ308468.1:301905-303171     -            423 3769                 -            414  7.1e-189  618.8  15.2   1   1  8.4e-189  8.4e-189  618.5  15.2     2   413     6   419     5   420 0.98 -
3769at766_1605993_0:000104|OZ308468.1:301896-303171 -            425 3769                 -            414  7.2e-189  618.7  15.2   1   1  8.5e-189  8.5e-189  618.5  15.2     2   413     6   419     5   420 0.98 -
3769at766_246273_0:00010a|OZ308468.1:301896-303171  -            425 3769                 -            414  7.2e-189  618.7  15.2   1   1  8.5e-189  8.5e-189  618.5  15.2     2   413     6   419     5   420 0.98 -
3769at766_96496_0:000225|OZ308468.1:301896-303171   -            425 3769                 -            414  7.2e-189  618.7  15.2   1   1  8.5e-189  8.5e-189  618.5  15.2     2   413     6   419     5   420 0.98 -
3769at766_272947_0:00016f|OZ308468.1:301899-303159  -            421 3769                 -            414  7.3e-189  618.7  15.2   1   1  8.2e-189  8.2e-189  618.5  15.2     2   413     2   415     1   416 0.98 -
3769at766_752179_0:00028e|OZ308468.1:301899-303159  -            421 3769                 -            414  7.3e-189  618.7  15.2   1   1  8.2e-189  8.2e-189  618.5  15.2     2   413     2   415     1   416 0.98 -
3769at766_1359163_0:000376|OZ308468.1:301917-303171 -            419 3769                 -            414  9.7e-189  618.3  15.1   1   1  1.1e-188  1.1e-188  618.1  15.1     2   412     6   418     5   419 0.98 -
3769at766_434131_0:0001e5|OZ308468.1:301917-303171  -            419 3769                 -            414  9.7e-189  618.3  15.1   1   1  1.1e-188  1.1e-188  618.1  15.1     2   412     6   418     5   419 0.98 -
3769at766_1248439_0:00002f|OZ308468.1:301902-303150 -            417 3769                 -            414  1.2e-188  618.0  14.5   1   1  1.3e-188  1.3e-188  617.9  14.5     6   413     3   412     1   413 0.98 -
3769at766_142058_0:00014c|OZ308468.1:301902-303147  -            416 3769                 -            414  1.2e-188  618.0  14.1   1   1  1.4e-188  1.4e-188  617.8  14.1     6   413     2   411     1   412 0.98 -
3769at766_574556_0:000333|OZ308468.1:301902-303147  -            416 3769                 -            414  1.2e-188  618.0  14.1   1   1  1.4e-188  1.4e-188  617.8  14.1     6   413     2   411     1   412 0.98 -
3769at766_2486578_0:00008c|OZ308468.1:301920-303171 -            418 3769                 -            414  1.5e-188  617.7  15.0   1   1  1.7e-188  1.7e-188  617.5  15.0     2   411     6   417     5   418 0.98 -
3769at766_1961830_0:00048f|OZ308468.1:301926-303162 -            413 3769                 -            414  3.4e-188  616.5  15.1   1   1  3.9e-188  3.9e-188  616.3  15.1     2   409     3   412     2   413 0.98 -
3769at766_1105107_0:000011|OZ308468.1:301926-303159 -            412 3769                 -            414  3.5e-188  616.5  15.1   1   1  3.9e-188  3.9e-188  616.3  15.1     2   409     2   411     1   412 0.98 -
3769at766_481009_0:000153|OZ308468.1:301926-303159  -            412 3769                 -            414  3.5e-188  616.5  15.1   1   1  3.9e-188  3.9e-188  616.3  15.1     2   409     2   411     1   412 0.98 -
3769at766_334380_0:000261|OZ308468.1:301914-303138  -            409 3769                 -            414  4.2e-188  616.2  14.1   1   1  4.7e-188  4.7e-188  616.1  14.1     8   413     1   408     1   409 0.98 -
3769at766_222891_0:000258|OZ308468.1:301929-303171  -            415 3769                 -            414    5e-188  615.9  15.0   1   1  5.9e-188  5.9e-188  615.7  15.0     2   408     6   414     5   415 0.98 -
3769at766_1286528_0:00025f|OZ308468.1:301929-303174 -            416 3769                 -            414  5.1e-188  615.9  15.0   1   1    6e-188    6e-188  615.7  15.0     2   408     7   415     6   416 0.98 -
3769at766_336407_0:0000ff|OZ308468.1:301932-303162  -            411 3769                 -            414  7.6e-188  615.4  14.6   1   1  8.8e-188  8.8e-188  615.1  14.6     2   408     3   411     2   411 0.98 -
3769at766_1423892_0:00015e|OZ308468.1:301932-303171 -            414 3769                 -            414  7.7e-188  615.3  14.6   1   1  9.1e-188  9.1e-188  615.1  14.6     2   408     6   414     5   414 0.98 -
3769at766_1274402_0:00006d|OZ308468.1:301932-303159 -            410 3769                 -            414  7.9e-188  615.3  14.6   1   1  8.8e-188  8.8e-188  615.2  14.6     2   408     2   410     1   410 0.98 -
3769at766_1392507_0:00026d|OZ308468.1:301932-303150 -            407 3769                 -            414  1.3e-187  614.6  13.9   1   1  1.4e-187  1.4e-187  614.5  13.9     6   408     3   407     1   407 0.98 -
#
# Program:         hmmsearch
# Version:         3.4 (Aug 2023)
# Pipeline mode:   SEARCH
# Query file:      /Users/rossoaa/Desktop/dummy/genomes/records/compleasm/mb_downloads/rickettsiales_odb12/hmms/3769at766.hmm
# Target file:     -
# Option settings: /Users/rossoaa/miniconda3/envs/compleasm_env/bin/hmmsearch --domtblout /Users/rossoaa/Desktop/dummy/genomes/records/compleasm/rickettsiales_odb12/hmmer_output/3769at766.out --cpu 1 /Users/rossoaa/Desktop/dummy/genomes/records/compleasm/mb_downloads/rickettsiales_odb12/hmms/3769at766.hmm - 
# Current dir:     /Users/rossoaa/Desktop/dummy/genomes/records/compleasm
# Date:            Tue Feb 10 10:20:21 2026
# [ok]
