#                                                                                                           --- full sequence --- -------------- this domain -------------   hmm coord   ali coord   env coord
# target name                                       accession   tlen query name           accession   qlen   E-value  score  bias   #  of  c-Evalue  i-Evalue  score  bias  from    to  from    to  from    to  acc description of target
#                               ------------------- ---------- ----- -------------------- ---------- ----- --------- ------ ----- --- --- --------- --------- ------ ----- ----- ----- ----- ----- ----- ----- ---- ---------------------
3780at766_1242993_0:00017c|OZ308468.1:823784-824774 -            331 3780                 -            323  1.3e-190  623.2   0.0   1   1  1.5e-190  1.5e-190  623.0   0.0     3   323     4   330     2   330 0.97 -
3780at766_1359163_0:000191|OZ308468.1:823784-824774 -            331 3780                 -            323  1.3e-190  623.2   0.0   1   1  1.5e-190  1.5e-190  623.0   0.0     3   323     4   330     2   330 0.97 -
3780at766_1423892_0:00027d|OZ308468.1:823784-824774 -            331 3780                 -            323  1.3e-190  623.2   0.0   1   1  1.5e-190  1.5e-190  623.0   0.0     3   323     4   330     2   330 0.97 -
3780at766_1961830_0:000288|OZ308468.1:823784-824774 -            331 3780                 -            323  1.3e-190  623.2   0.0   1   1  1.5e-190  1.5e-190  623.0   0.0     3   323     4   330     2   330 0.97 -
3780at766_205920_0:0000c1|OZ308468.1:823784-824774  -            331 3780                 -            323  1.3e-190  623.2   0.0   1   1  1.5e-190  1.5e-190  623.0   0.0     3   323     4   330     2   330 0.97 -
3780at766_2486578_0:000428|OZ308468.1:823784-824774 -            331 3780                 -            323  1.3e-190  623.2   0.0   1   1  1.5e-190  1.5e-190  623.0   0.0     3   323     4   330     2   330 0.97 -
3780at766_391036_0:0001a0|OZ308468.1:823784-824774  -            331 3780                 -            323  1.3e-190  623.2   0.0   1   1  1.5e-190  1.5e-190  623.0   0.0     3   323     4   330     2   330 0.97 -
3780at766_779_0:00015a|OZ308468.1:823784-824774     -            331 3780                 -            323  1.3e-190  623.2   0.0   1   1  1.5e-190  1.5e-190  623.0   0.0     3   323     4   330     2   330 0.97 -
3780at766_86105_0:000095|OZ308468.1:823784-824774   -            331 3780                 -            323  1.3e-190  623.2   0.0   1   1  1.5e-190  1.5e-190  623.0   0.0     3   323     4   330     2   330 0.97 -
3780at766_1274402_0:00033b|OZ308468.1:823784-824777 -            332 3780                 -            323  1.3e-190  623.2   0.0   1   1  1.5e-190  1.5e-190  623.0   0.0     3   323     4   330     2   330 0.97 -
3780at766_1286528_0:0000f4|OZ308468.1:823784-824780 -            332 3780                 -            323  1.3e-190  623.2   0.0   1   1  1.5e-190  1.5e-190  623.0   0.0     3   323     4   330     2   330 0.97 -
3780at766_1528098_0:0003ad|OZ308468.1:823784-824780 -            332 3780                 -            323  1.3e-190  623.2   0.0   1   1  1.5e-190  1.5e-190  623.0   0.0     3   323     4   330     2   330 0.97 -
3780at766_1605993_0:000124|OZ308468.1:823784-824780 -            332 3780                 -            323  1.3e-190  623.2   0.0   1   1  1.5e-190  1.5e-190  623.0   0.0     3   323     4   330     2   330 0.97 -
3780at766_169402_0:0004d5|OZ308468.1:823784-824780  -            332 3780                 -            323  1.3e-190  623.2   0.0   1   1  1.5e-190  1.5e-190  623.0   0.0     3   323     4   330     2   330 0.97 -
3780at766_2115978_0:000194|OZ308468.1:823784-824780 -            332 3780                 -            323  1.3e-190  623.2   0.0   1   1  1.5e-190  1.5e-190  623.0   0.0     3   323     4   330     2   330 0.97 -
3780at766_246273_0:000167|OZ308468.1:823784-824780  -            332 3780                 -            323  1.3e-190  623.2   0.0   1   1  1.5e-190  1.5e-190  623.0   0.0     3   323     4   330     2   330 0.97 -
3780at766_2602574_0:00008e|OZ308468.1:823784-824777 -            332 3780                 -            323  1.3e-190  623.2   0.0   1   1  1.5e-190  1.5e-190  623.0   0.0     3   323     4   330     2   330 0.97 -
3780at766_434131_0:000244|OZ308468.1:823784-824780  -            332 3780                 -            323  1.3e-190  623.2   0.0   1   1  1.5e-190  1.5e-190  623.0   0.0     3   323     4   330     2   330 0.97 -
3780at766_696127_0:000171|OZ308468.1:823784-824780  -            332 3780                 -            323  1.3e-190  623.2   0.0   1   1  1.5e-190  1.5e-190  623.0   0.0     3   323     4   330     2   330 0.97 -
3780at766_955_0:0000f2|OZ308468.1:823784-824780     -            332 3780                 -            323  1.3e-190  623.2   0.0   1   1  1.5e-190  1.5e-190  623.0   0.0     3   323     4   330     2   330 0.97 -
3780at766_96496_0:0001ea|OZ308468.1:823784-824780   -            332 3780                 -            323  1.3e-190  623.2   0.0   1   1  1.5e-190  1.5e-190  623.0   0.0     3   323     4   330     2   330 0.97 -
3780at766_272947_0:000098|OZ308468.1:823787-824771  -            329 3780                 -            323  1.3e-190  623.2   0.0   1   1  1.4e-190  1.4e-190  623.1   0.0     3   323     3   329     1   329 0.97 -
3780at766_481009_0:000109|OZ308468.1:823787-824771  -            329 3780                 -            323  1.3e-190  623.2   0.0   1   1  1.4e-190  1.4e-190  623.1   0.0     3   323     3   329     1   329 0.97 -
3780at766_1248439_0:000051|OZ308468.1:823781-824780 -            333 3780                 -            323  1.3e-190  623.2   0.0   1   1  1.5e-190  1.5e-190  623.0   0.0     3   323     5   331     3   331 0.97 -
3780at766_142058_0:000036|OZ308468.1:823781-824780  -            333 3780                 -            323  1.3e-190  623.2   0.0   1   1  1.5e-190  1.5e-190  623.0   0.0     3   323     5   331     3   331 0.97 -
3780at766_752179_0:00014a|OZ308468.1:823787-824774  -            330 3780                 -            323  1.3e-190  623.2   0.0   1   1  1.5e-190  1.5e-190  623.1   0.0     3   323     3   329     1   329 0.97 -
3780at766_1105107_0:000179|OZ308468.1:823787-824780 -            331 3780                 -            323  1.3e-190  623.2   0.0   1   1  1.5e-190  1.5e-190  623.0   0.0     3   323     3   329     1   329 0.97 -
3780at766_336407_0:000070|OZ308468.1:823787-824777  -            331 3780                 -            323  1.3e-190  623.2   0.0   1   1  1.5e-190  1.5e-190  623.0   0.0     3   323     3   329     1   329 0.97 -
3780at766_1392507_0:00002f|OZ308468.1:823784-824768 -            329 3780                 -            323  2.7e-190  622.2   0.1   1   1  3.1e-190  3.1e-190  622.0   0.1     3   322     4   329     2   329 0.97 -
3780at766_1714371_0:000091|OZ308468.1:823784-824765 -            328 3780                 -            323  6.3e-190  621.0   0.1   1   1  7.2e-190  7.2e-190  620.8   0.1     3   321     4   328     2   328 0.97 -
3780at766_222891_0:0001c1|OZ308468.1:823784-824765  -            328 3780                 -            323  6.3e-190  621.0   0.1   1   1  7.2e-190  7.2e-190  620.8   0.1     3   321     4   328     2   328 0.97 -
3780at766_1802984_0:000244|OZ308468.1:823790-824765 -            326 3780                 -            323  8.7e-190  620.5   0.0   1   1  9.7e-190  9.7e-190  620.3   0.0     3   321     2   326     1   326 0.97 -
3780at766_2486577_0:00040e|OZ308468.1:824030-824780 -            250 3780                 -            323  6.9e-140  456.5   0.0   1   1  7.9e-140  7.9e-140  456.3   0.0    82   323     1   248     1   248 0.97 -
#
# Program:         hmmsearch
# Version:         3.4 (Aug 2023)
# Pipeline mode:   SEARCH
# Query file:      /Users/rossoaa/Desktop/dummy/genomes/records/compleasm/mb_downloads/rickettsiales_odb12/hmms/3780at766.hmm
# Target file:     -
# Option settings: /Users/rossoaa/miniconda3/envs/compleasm_env/bin/hmmsearch --domtblout /Users/rossoaa/Desktop/dummy/genomes/records/compleasm/rickettsiales_odb12/hmmer_output/3780at766.out --cpu 1 /Users/rossoaa/Desktop/dummy/genomes/records/compleasm/mb_downloads/rickettsiales_odb12/hmms/3780at766.hmm - 
# Current dir:     /Users/rossoaa/Desktop/dummy/genomes/records/compleasm
# Date:            Tue Feb 10 10:20:21 2026
# [ok]
