#                                                                                                           --- full sequence --- -------------- this domain -------------   hmm coord   ali coord   env coord
# target name                                       accession   tlen query name           accession   qlen   E-value  score  bias   #  of  c-Evalue  i-Evalue  score  bias  from    to  from    to  from    to  acc description of target
#                               ------------------- ---------- ----- -------------------- ---------- ----- --------- ------ ----- --- --- --------- --------- ------ ----- ----- ----- ----- ----- ----- ----- ---- ---------------------
3799at766_1105107_0:0001b3|OZ308468.1:411073-412066 -            331 3799                 -            330  8.1e-150  489.4   0.3   1   1  9.9e-150  9.9e-150  489.2   0.3     3   330     4   331     2   331 0.98 -
3799at766_1242993_0:000238|OZ308468.1:411073-412066 -            331 3799                 -            330  8.1e-150  489.4   0.3   1   1  9.9e-150  9.9e-150  489.2   0.3     3   330     4   331     2   331 0.98 -
3799at766_1359168_0:000088|OZ308468.1:411073-412066 -            331 3799                 -            330  8.1e-150  489.4   0.3   1   1  9.9e-150  9.9e-150  489.2   0.3     3   330     4   331     2   331 0.98 -
3799at766_1423892_0:0001de|OZ308468.1:411076-412066 -            331 3799                 -            330  8.1e-150  489.4   0.3   1   1  9.9e-150  9.9e-150  489.2   0.3     3   330     4   331     2   331 0.98 -
3799at766_1528098_0:0001a1|OZ308468.1:411073-412066 -            331 3799                 -            330  8.1e-150  489.4   0.3   1   1  9.9e-150  9.9e-150  489.2   0.3     3   330     4   331     2   331 0.98 -
3799at766_1961830_0:0000a8|OZ308468.1:411073-412066 -            331 3799                 -            330  8.1e-150  489.4   0.3   1   1  9.9e-150  9.9e-150  489.2   0.3     3   330     4   331     2   331 0.98 -
3799at766_205920_0:0000e1|OZ308468.1:411076-412066  -            331 3799                 -            330  8.1e-150  489.4   0.3   1   1  9.9e-150  9.9e-150  489.2   0.3     3   330     4   331     2   331 0.98 -
3799at766_272947_0:00031a|OZ308468.1:411073-412066  -            331 3799                 -            330  8.1e-150  489.4   0.3   1   1  9.9e-150  9.9e-150  489.2   0.3     3   330     4   331     2   331 0.98 -
3799at766_334380_0:00036c|OZ308468.1:411073-412066  -            331 3799                 -            330  8.1e-150  489.4   0.3   1   1  9.9e-150  9.9e-150  489.2   0.3     3   330     4   331     2   331 0.98 -
3799at766_391036_0:0002d5|OZ308468.1:411076-412066  -            331 3799                 -            330  8.1e-150  489.4   0.3   1   1  9.9e-150  9.9e-150  489.2   0.3     3   330     4   331     2   331 0.98 -
3799at766_752179_0:000417|OZ308468.1:411073-412066  -            331 3799                 -            330  8.1e-150  489.4   0.3   1   1  9.9e-150  9.9e-150  489.2   0.3     3   330     4   331     2   331 0.98 -
3799at766_779_0:000234|OZ308468.1:411076-412066     -            331 3799                 -            330  8.1e-150  489.4   0.3   1   1  9.9e-150  9.9e-150  489.2   0.3     3   330     4   331     2   331 0.98 -
3799at766_86105_0:000064|OZ308468.1:411073-412066   -            331 3799                 -            330  8.1e-150  489.4   0.3   1   1  9.9e-150  9.9e-150  489.2   0.3     3   330     4   331     2   331 0.98 -
3799at766_169402_0:00025d|OZ308468.1:411073-412069  -            332 3799                 -            330  8.2e-150  489.4   0.3   1   1    1e-149    1e-149  489.1   0.3     3   330     5   332     3   332 0.98 -
3799at766_481009_0:000148|OZ308468.1:411073-412075  -            334 3799                 -            330  8.3e-150  489.4   0.3   1   1    1e-149    1e-149  489.1   0.3     3   330     7   334     5   334 0.98 -
3799at766_696127_0:00027f|OZ308468.1:411073-412075  -            334 3799                 -            330  8.3e-150  489.4   0.3   1   1    1e-149    1e-149  489.1   0.3     3   330     7   334     5   334 0.98 -
3799at766_1392507_0:0003af|OZ308468.1:411073-412084 -            337 3799                 -            330  9.2e-150  489.3   0.4   1   1    1e-149    1e-149  489.1   0.4     3   330    10   337     7   337 0.97 -
3799at766_1605993_0:000157|OZ308468.1:411073-412087 -            338 3799                 -            330  9.3e-150  489.2   0.4   1   1    1e-149    1e-149  489.1   0.4     3   330    11   338     8   338 0.97 -
3799at766_246273_0:000164|OZ308468.1:411073-412087  -            338 3799                 -            330  9.3e-150  489.2   0.4   1   1    1e-149    1e-149  489.1   0.4     3   330    11   338     8   338 0.97 -
3799at766_2486578_0:00026a|OZ308468.1:411076-412087 -            338 3799                 -            330  9.3e-150  489.2   0.4   1   1    1e-149    1e-149  489.1   0.4     3   330    11   338     8   338 0.97 -
3799at766_955_0:000032|OZ308468.1:411073-412087     -            338 3799                 -            330  9.3e-150  489.2   0.4   1   1    1e-149    1e-149  489.1   0.4     3   330    11   338     8   338 0.97 -
3799at766_96496_0:0001e2|OZ308468.1:411073-412087   -            338 3799                 -            330  9.3e-150  489.2   0.4   1   1    1e-149    1e-149  489.1   0.4     3   330    11   338     8   338 0.97 -
3799at766_1359163_0:0002bd|OZ308468.1:411079-412066 -            330 3799                 -            330    2e-149  488.2   0.3   1   1  2.4e-149  2.4e-149  487.9   0.3     3   329     4   330     2   330 0.98 -
3799at766_142058_0:0002c9|OZ308468.1:411079-412090  -            338 3799                 -            330  2.3e-149  488.0   0.4   1   1  2.6e-149  2.6e-149  487.8   0.4     3   329    12   338     9   338 0.98 -
3799at766_1248439_0:00018d|OZ308468.1:411079-412060 -            328 3799                 -            330  2.9e-149  487.6   0.3   1   1  3.2e-149  3.2e-149  487.5   0.3     4   329     3   328     1   328 0.98 -
3799at766_574556_0:00012c|OZ308468.1:411079-412060  -            328 3799                 -            330  2.9e-149  487.6   0.3   1   1  3.2e-149  3.2e-149  487.5   0.3     4   329     3   328     1   328 0.98 -
3799at766_2602574_0:000157|OZ308468.1:411073-412045 -            324 3799                 -            330  9.9e-149  485.9   0.1   1   1  1.1e-148  1.1e-148  485.7   0.1     8   330     2   324     1   324 0.98 -
3799at766_1274402_0:000183|OZ308468.1:411076-412042 -            323 3799                 -            330  1.5e-148  485.3   0.1   1   1  1.7e-148  1.7e-148  485.1   0.1     9   330     2   323     1   323 0.98 -
3799at766_1714371_0:000059|OZ308468.1:411076-412036 -            321 3799                 -            330  3.3e-148  484.2   0.2   1   1  3.7e-148  3.7e-148  484.0   0.2    11   330     2   321     1   321 0.98 -
3799at766_336407_0:000176|OZ308468.1:411073-412036  -            321 3799                 -            330  3.3e-148  484.2   0.2   1   1  3.7e-148  3.7e-148  484.0   0.2    11   330     2   321     1   321 0.98 -
3799at766_434131_0:000196|OZ308468.1:411076-412036  -            321 3799                 -            330  3.3e-148  484.2   0.2   1   1  3.7e-148  3.7e-148  484.0   0.2    11   330     2   321     1   321 0.98 -
3799at766_222891_0:000076|OZ308468.1:411079-412036  -            320 3799                 -            330    8e-148  482.9   0.2   1   1  8.9e-148  8.9e-148  482.7   0.2    11   329     2   320     1   320 0.98 -
3799at766_1286528_0:0002a9|OZ308468.1:411076-412012 -            313 3799                 -            330  8.6e-143  466.4   0.1   1   1  9.6e-143  9.6e-143  466.2   0.1    18   330     1   313     1   313 0.98 -
#
# Program:         hmmsearch
# Version:         3.4 (Aug 2023)
# Pipeline mode:   SEARCH
# Query file:      /Users/rossoaa/Desktop/dummy/genomes/records/compleasm/mb_downloads/rickettsiales_odb12/hmms/3799at766.hmm
# Target file:     -
# Option settings: /Users/rossoaa/miniconda3/envs/compleasm_env/bin/hmmsearch --domtblout /Users/rossoaa/Desktop/dummy/genomes/records/compleasm/rickettsiales_odb12/hmmer_output/3799at766.out --cpu 1 /Users/rossoaa/Desktop/dummy/genomes/records/compleasm/mb_downloads/rickettsiales_odb12/hmms/3799at766.hmm - 
# Current dir:     /Users/rossoaa/Desktop/dummy/genomes/records/compleasm
# Date:            Tue Feb 10 10:20:24 2026
# [ok]
