#                                                                                                          --- full sequence --- -------------- this domain -------------   hmm coord   ali coord   env coord
# target name                                      accession   tlen query name           accession   qlen   E-value  score  bias   #  of  c-Evalue  i-Evalue  score  bias  from    to  from    to  from    to  acc description of target
#                              ------------------- ---------- ----- -------------------- ---------- ----- --------- ------ ----- --- --- --------- --------- ------ ----- ----- ----- ----- ----- ----- ----- ---- ---------------------
379at766_1359163_0:0001d7|OZ308468.1:427372-429265 -            631 379                  -            621         0 1120.2   1.2   1   1         0         0 1119.9   1.2     8   618    15   627     7   630 0.99 -
379at766_1802984_0:00008b|OZ308468.1:427372-429265 -            631 379                  -            621         0 1120.2   1.2   1   1         0         0 1119.9   1.2     8   618    15   627     7   630 0.99 -
379at766_1242993_0:000244|OZ308468.1:427366-429262 -            633 379                  -            621         0 1120.1   1.2   1   1         0         0 1119.9   1.2     8   618    17   629     9   632 0.99 -
379at766_1248439_0:000053|OZ308468.1:427366-429265 -            633 379                  -            621         0 1120.1   1.2   1   1         0         0 1119.9   1.2     8   618    17   629     9   632 0.99 -
379at766_1286528_0:0001b9|OZ308468.1:427366-429265 -            633 379                  -            621         0 1120.1   1.2   1   1         0         0 1119.9   1.2     8   618    17   629     9   632 0.99 -
379at766_1359168_0:000052|OZ308468.1:427366-429265 -            633 379                  -            621         0 1120.1   1.2   1   1         0         0 1119.9   1.2     8   618    17   629     9   632 0.99 -
379at766_1392507_0:00031e|OZ308468.1:427366-429262 -            633 379                  -            621         0 1120.1   1.2   1   1         0         0 1119.9   1.2     8   618    17   629     9   632 0.99 -
379at766_142058_0:0002b0|OZ308468.1:427366-429265  -            633 379                  -            621         0 1120.1   1.2   1   1         0         0 1119.9   1.2     8   618    17   629     9   632 0.99 -
379at766_1423892_0:000102|OZ308468.1:427366-429262 -            633 379                  -            621         0 1120.1   1.2   1   1         0         0 1119.9   1.2     8   618    17   629     9   632 0.99 -
379at766_1605993_0:000293|OZ308468.1:427366-429265 -            633 379                  -            621         0 1120.1   1.2   1   1         0         0 1119.9   1.2     8   618    17   629     9   632 0.99 -
379at766_169402_0:00055a|OZ308468.1:427366-429265  -            633 379                  -            621         0 1120.1   1.2   1   1         0         0 1119.9   1.2     8   618    17   629     9   632 0.99 -
379at766_1714371_0:0001ee|OZ308468.1:427366-429262 -            633 379                  -            621         0 1120.1   1.2   1   1         0         0 1119.9   1.2     8   618    17   629     9   632 0.99 -
379at766_205920_0:000207|OZ308468.1:427366-429262  -            633 379                  -            621         0 1120.1   1.2   1   1         0         0 1119.9   1.2     8   618    17   629     9   632 0.99 -
379at766_246273_0:00020b|OZ308468.1:427366-429265  -            633 379                  -            621         0 1120.1   1.2   1   1         0         0 1119.9   1.2     8   618    17   629     9   632 0.99 -
379at766_2486577_0:00025b|OZ308468.1:427366-429265 -            633 379                  -            621         0 1120.1   1.2   1   1         0         0 1119.9   1.2     8   618    17   629     9   632 0.99 -
379at766_2486578_0:000161|OZ308468.1:427366-429262 -            633 379                  -            621         0 1120.1   1.2   1   1         0         0 1119.9   1.2     8   618    17   629     9   632 0.99 -
379at766_391036_0:00001f|OZ308468.1:427366-429262  -            633 379                  -            621         0 1120.1   1.2   1   1         0         0 1119.9   1.2     8   618    17   629     9   632 0.99 -
379at766_574556_0:0000d7|OZ308468.1:427366-429265  -            633 379                  -            621         0 1120.1   1.2   1   1         0         0 1119.9   1.2     8   618    17   629     9   632 0.99 -
379at766_779_0:000351|OZ308468.1:427366-429262     -            633 379                  -            621         0 1120.1   1.2   1   1         0         0 1119.9   1.2     8   618    17   629     9   632 0.99 -
379at766_96496_0:00017c|OZ308468.1:427366-429262   -            633 379                  -            621         0 1120.1   1.2   1   1         0         0 1119.9   1.2     8   618    17   629     9   632 0.99 -
379at766_752179_0:00005c|OZ308468.1:427366-429259  -            632 379                  -            621         0 1120.1   1.2   1   1         0         0 1119.9   1.2     8   618    17   629     9   632 0.99 -
379at766_222891_0:0000bf|OZ308468.1:427411-429265  -            618 379                  -            621         0 1119.9   0.6   1   1         0         0 1119.7   0.6     9   618     3   614     1   617 0.99 -
379at766_334380_0:000011|OZ308468.1:427366-429253  -            630 379                  -            621         0 1119.4   1.3   1   1         0         0 1119.1   1.3     8   617    17   628     9   630 0.99 -
379at766_272947_0:000321|OZ308468.1:427366-429250  -            629 379                  -            621         0 1119.2   1.2   1   1         0         0 1118.9   1.2     8   617    17   628     9   629 0.99 -
379at766_86105_0:00061c|OZ308468.1:427366-429250   -            629 379                  -            621         0 1119.2   1.2   1   1         0         0 1118.9   1.2     8   617    17   628     9   629 0.99 -
379at766_2602574_0:00009e|OZ308468.1:427366-429247 -            628 379                  -            621         0 1119.0   1.1   1   1         0         0 1118.7   1.1     8   616    17   627     9   628 0.99 -
379at766_1105107_0:00010f|OZ308468.1:427366-429244 -            627 379                  -            621         0 1118.4   0.9   1   1         0         0 1118.1   0.9     8   615    17   626     9   627 0.99 -
379at766_1961830_0:0000dc|OZ308468.1:427366-429244 -            627 379                  -            621         0 1118.4   0.9   1   1         0         0 1118.1   0.9     8   615    17   626     9   627 0.99 -
379at766_336407_0:0004ed|OZ308468.1:427366-429244  -            627 379                  -            621         0 1118.4   0.9   1   1         0         0 1118.1   0.9     8   615    17   626     9   627 0.99 -
379at766_1528098_0:0005e9|OZ308468.1:427366-429226 -            621 379                  -            621         0 1114.7   1.2   1   1         0         0 1114.5   1.2     8   609    17   620     9   621 0.99 -
379at766_481009_0:00047f|OZ308468.1:427366-429226  -            621 379                  -            621         0 1114.7   1.2   1   1         0         0 1114.5   1.2     8   609    17   620     9   621 0.99 -
379at766_696127_0:00041c|OZ308468.1:427366-429223  -            620 379                  -            621         0 1114.1   1.2   1   1         0         0 1113.8   1.2     8   608    17   619     9   620 0.99 -
379at766_434131_0:00027d|OZ308468.1:427459-429262  -            602 379                  -            621         0 1108.4   1.4   1   1         0         0 1108.2   1.4    24   618     2   598     1   601 0.99 -
379at766_2115978_0:0003a9|OZ308468.1:427438-429226 -            597 379                  -            621         0 1106.6   0.9   1   1         0         0 1106.4   0.9    18   609     3   596     1   597 0.99 -
379at766_1274402_0:0000d0|OZ308468.1:427423-429187 -            589 379                  -            621         0 1100.2   0.9   1   1         0         0 1100.0   0.9    11   597     1   589     1   589 0.99 -
379at766_955_0:0002cc|OZ308468.1:427543-429259     -            573 379                  -            621         0 1074.8   0.9   1   1         0         0 1074.7   0.9    52   618     2   570     1   573 0.99 -
#
# Program:         hmmsearch
# Version:         3.4 (Aug 2023)
# Pipeline mode:   SEARCH
# Query file:      /Users/rossoaa/Desktop/dummy/genomes/records/compleasm/mb_downloads/rickettsiales_odb12/hmms/379at766.hmm
# Target file:     -
# Option settings: /Users/rossoaa/miniconda3/envs/compleasm_env/bin/hmmsearch --domtblout /Users/rossoaa/Desktop/dummy/genomes/records/compleasm/rickettsiales_odb12/hmmer_output/379at766.out --cpu 1 /Users/rossoaa/Desktop/dummy/genomes/records/compleasm/mb_downloads/rickettsiales_odb12/hmms/379at766.hmm - 
# Current dir:     /Users/rossoaa/Desktop/dummy/genomes/records/compleasm
# Date:            Tue Feb 10 10:20:23 2026
# [ok]
