#                                                                                                         --- full sequence --- -------------- this domain -------------   hmm coord   ali coord   env coord
# target name                                     accession   tlen query name           accession   qlen   E-value  score  bias   #  of  c-Evalue  i-Evalue  score  bias  from    to  from    to  from    to  acc description of target
#                             ------------------- ---------- ----- -------------------- ---------- ----- --------- ------ ----- --- --- --------- --------- ------ ----- ----- ----- ----- ----- ----- ----- ---- ---------------------
37at766_1105107_0:0002bf|OZ308468.1:157496-157994 -            166 37                   -            167   1.8e-88  285.7   0.6   1   1     2e-88     2e-88  285.6   0.6     1   166     1   165     1   166 0.99 -
37at766_1605993_0:00016f|OZ308468.1:157496-157994 -            166 37                   -            167   1.8e-88  285.7   0.6   1   1     2e-88     2e-88  285.6   0.6     1   166     1   165     1   166 0.99 -
37at766_169402_0:00058e|OZ308468.1:157496-157994  -            166 37                   -            167   1.8e-88  285.7   0.6   1   1     2e-88     2e-88  285.6   0.6     1   166     1   165     1   166 0.99 -
37at766_246273_0:000064|OZ308468.1:157496-157994  -            166 37                   -            167   1.8e-88  285.7   0.6   1   1     2e-88     2e-88  285.6   0.6     1   166     1   165     1   166 0.99 -
37at766_336407_0:000519|OZ308468.1:157496-157994  -            166 37                   -            167   1.8e-88  285.7   0.6   1   1     2e-88     2e-88  285.6   0.6     1   166     1   165     1   166 0.99 -
37at766_481009_0:000156|OZ308468.1:157496-157994  -            166 37                   -            167   1.8e-88  285.7   0.6   1   1     2e-88     2e-88  285.6   0.6     1   166     1   165     1   166 0.99 -
37at766_752179_0:00009e|OZ308468.1:157496-157994  -            166 37                   -            167   1.8e-88  285.7   0.6   1   1     2e-88     2e-88  285.6   0.6     1   166     1   165     1   166 0.99 -
37at766_96496_0:000010|OZ308468.1:157496-157994   -            166 37                   -            167   1.8e-88  285.7   0.6   1   1     2e-88     2e-88  285.6   0.6     1   166     1   165     1   166 0.99 -
37at766_1961830_0:0002af|OZ308468.1:157496-157988 -            165 37                   -            167   2.8e-88  285.1   0.6   1   1   3.1e-88   3.1e-88  284.9   0.6     1   165     1   164     1   165 0.99 -
37at766_1359163_0:00030b|OZ308468.1:157499-157994 -            165 37                   -            167   3.4e-88  284.8   0.6   1   1   3.8e-88   3.8e-88  284.7   0.6     3   166     2   164     1   165 0.99 -
37at766_955_0:0002ed|OZ308468.1:157499-157991     -            165 37                   -            167   3.4e-88  284.8   0.6   1   1   3.8e-88   3.8e-88  284.7   0.6     3   166     2   164     1   165 0.99 -
37at766_1248439_0:000381|OZ308468.1:157496-157985 -            164 37                   -            167   4.3e-88  284.5   0.6   1   1   4.8e-88   4.8e-88  284.3   0.6     1   165     1   164     1   164 0.99 -
37at766_142058_0:00008c|OZ308468.1:157496-157985  -            164 37                   -            167   4.3e-88  284.5   0.6   1   1   4.8e-88   4.8e-88  284.3   0.6     1   165     1   164     1   164 0.99 -
37at766_1274402_0:000283|OZ308468.1:157499-157988 -            164 37                   -            167   5.5e-88  284.1   0.5   1   1     6e-88     6e-88  284.0   0.5     3   165     2   163     1   164 0.99 -
37at766_2486578_0:000406|OZ308468.1:157499-157988 -            164 37                   -            167   5.5e-88  284.1   0.5   1   1     6e-88     6e-88  284.0   0.5     3   165     2   163     1   164 0.99 -
37at766_2602574_0:000493|OZ308468.1:157502-157994 -            164 37                   -            167     6e-88  284.0   0.5   1   1   6.5e-88   6.5e-88  283.9   0.5     4   166     2   163     1   164 0.99 -
37at766_272947_0:000202|OZ308468.1:157496-157982  -            163 37                   -            167   8.9e-88  283.4   0.6   1   1   9.8e-88   9.8e-88  283.3   0.6     1   164     1   163     1   163 0.99 -
37at766_86105_0:000650|OZ308468.1:157502-157985   -            162 37                   -            167   1.5e-87  282.7   0.5   1   1   1.6e-87   1.6e-87  282.6   0.5     4   165     2   162     1   162 0.99 -
37at766_334380_0:000177|OZ308468.1:157508-157994  -            162 37                   -            167     2e-87  282.3   0.4   1   1   2.2e-87   2.2e-87  282.1   0.4     6   166     2   161     1   162 0.99 -
37at766_779_0:00013b|OZ308468.1:157508-157994     -            162 37                   -            167     2e-87  282.3   0.4   1   1   2.2e-87   2.2e-87  282.1   0.4     6   166     2   161     1   162 0.99 -
37at766_2115978_0:000257|OZ308468.1:157508-157988 -            161 37                   -            167   3.3e-87  281.6   0.4   1   1   3.6e-87   3.6e-87  281.4   0.4     6   165     2   160     1   161 0.99 -
37at766_1423892_0:000203|OZ308468.1:157511-157994 -            161 37                   -            167   3.7e-87  281.4   0.4   1   1   4.1e-87   4.1e-87  281.3   0.4     6   166     1   160     1   161 0.99 -
37at766_1528098_0:0005c8|OZ308468.1:157511-157991 -            161 37                   -            167   3.7e-87  281.4   0.4   1   1   4.1e-87   4.1e-87  281.3   0.4     6   166     1   160     1   161 0.99 -
37at766_205920_0:0001a0|OZ308468.1:157511-157994  -            161 37                   -            167   3.7e-87  281.4   0.4   1   1   4.1e-87   4.1e-87  281.3   0.4     6   166     1   160     1   161 0.99 -
37at766_391036_0:000341|OZ308468.1:157511-157994  -            161 37                   -            167   3.7e-87  281.4   0.4   1   1   4.1e-87   4.1e-87  281.3   0.4     6   166     1   160     1   161 0.99 -
37at766_1392507_0:0003be|OZ308468.1:157508-157985 -            160 37                   -            167     5e-87  281.0   0.4   1   1   5.6e-87   5.6e-87  280.8   0.4     6   165     2   160     1   160 0.99 -
37at766_1286528_0:000147|OZ308468.1:157511-157988 -            160 37                   -            167     6e-87  280.7   0.3   1   1   6.6e-87   6.6e-87  280.6   0.3     6   165     1   159     1   160 0.99 -
37at766_1714371_0:00018c|OZ308468.1:157511-157988 -            160 37                   -            167     6e-87  280.7   0.3   1   1   6.6e-87   6.6e-87  280.6   0.3     6   165     1   159     1   160 0.99 -
37at766_222891_0:00017d|OZ308468.1:157511-157988  -            160 37                   -            167     6e-87  280.7   0.3   1   1   6.6e-87   6.6e-87  280.6   0.3     6   165     1   159     1   160 0.99 -
37at766_434131_0:000005|OZ308468.1:157511-157988  -            160 37                   -            167     6e-87  280.7   0.3   1   1   6.6e-87   6.6e-87  280.6   0.3     6   165     1   159     1   160 0.99 -
37at766_1242993_0:00031a|OZ308468.1:157514-157994 -            160 37                   -            167   8.6e-87  280.2   0.4   1   1   9.5e-87   9.5e-87  280.1   0.4     7   166     1   159     1   160 0.99 -
37at766_1359168_0:000296|OZ308468.1:157514-157991 -            160 37                   -            167   8.6e-87  280.2   0.4   1   1   9.5e-87   9.5e-87  280.1   0.4     7   166     1   159     1   160 0.99 -
37at766_696127_0:0003dc|OZ308468.1:157517-157991  -            159 37                   -            167   2.2e-86  278.9   0.3   1   1   2.5e-86   2.5e-86  278.8   0.3     8   166     1   158     1   159 0.99 -
#
# Program:         hmmsearch
# Version:         3.4 (Aug 2023)
# Pipeline mode:   SEARCH
# Query file:      /Users/rossoaa/Desktop/dummy/genomes/records/compleasm/mb_downloads/rickettsiales_odb12/hmms/37at766.hmm
# Target file:     -
# Option settings: /Users/rossoaa/miniconda3/envs/compleasm_env/bin/hmmsearch --domtblout /Users/rossoaa/Desktop/dummy/genomes/records/compleasm/rickettsiales_odb12/hmmer_output/37at766.out --cpu 1 /Users/rossoaa/Desktop/dummy/genomes/records/compleasm/mb_downloads/rickettsiales_odb12/hmms/37at766.hmm - 
# Current dir:     /Users/rossoaa/Desktop/dummy/genomes/records/compleasm
# Date:            Tue Feb 10 10:20:20 2026
# [ok]
