#                                                                                                           --- full sequence --- -------------- this domain -------------   hmm coord   ali coord   env coord
# target name                                       accession   tlen query name           accession   qlen   E-value  score  bias   #  of  c-Evalue  i-Evalue  score  bias  from    to  from    to  from    to  acc description of target
#                               ------------------- ---------- ----- -------------------- ---------- ----- --------- ------ ----- --- --- --------- --------- ------ ----- ----- ----- ----- ----- ----- ----- ---- ---------------------
3808at766_1105107_0:00018f|OZ308468.1:586320-587400 -            360 3808                 -            359  1.2e-156  512.1   5.2   1   1  1.3e-156  1.3e-156  512.0   5.2     2   358     2   360     1   360 0.99 -
3808at766_1961830_0:0002bf|OZ308468.1:586323-587400 -            360 3808                 -            359  1.2e-156  512.1   5.2   1   1  1.3e-156  1.3e-156  512.0   5.2     2   358     2   360     1   360 0.99 -
3808at766_272947_0:00011b|OZ308468.1:586320-587400  -            360 3808                 -            359  1.2e-156  512.1   5.2   1   1  1.3e-156  1.3e-156  512.0   5.2     2   358     2   360     1   360 0.99 -
3808at766_336407_0:00050d|OZ308468.1:586320-587400  -            360 3808                 -            359  1.2e-156  512.1   5.2   1   1  1.3e-156  1.3e-156  512.0   5.2     2   358     2   360     1   360 0.99 -
3808at766_481009_0:000487|OZ308468.1:586320-587400  -            360 3808                 -            359  1.2e-156  512.1   5.2   1   1  1.3e-156  1.3e-156  512.0   5.2     2   358     2   360     1   360 0.99 -
3808at766_696127_0:0002cf|OZ308468.1:586320-587400  -            360 3808                 -            359  1.2e-156  512.1   5.2   1   1  1.3e-156  1.3e-156  512.0   5.2     2   358     2   360     1   360 0.99 -
3808at766_1248439_0:0000cd|OZ308468.1:586323-587403 -            361 3808                 -            359  1.2e-156  512.1   5.2   1   1  1.4e-156  1.4e-156  512.0   5.2     2   358     3   361     2   361 0.99 -
3808at766_1392507_0:0001c6|OZ308468.1:586323-587403 -            361 3808                 -            359  1.2e-156  512.1   5.2   1   1  1.4e-156  1.4e-156  512.0   5.2     2   358     3   361     2   361 0.99 -
3808at766_142058_0:000326|OZ308468.1:586323-587403  -            361 3808                 -            359  1.2e-156  512.1   5.2   1   1  1.4e-156  1.4e-156  512.0   5.2     2   358     3   361     2   361 0.99 -
3808at766_574556_0:0002fd|OZ308468.1:586323-587403  -            361 3808                 -            359  1.2e-156  512.1   5.2   1   1  1.4e-156  1.4e-156  512.0   5.2     2   358     3   361     2   361 0.99 -
3808at766_2602574_0:000473|OZ308468.1:586323-587409 -            363 3808                 -            359  1.2e-156  512.1   5.2   1   1  1.4e-156  1.4e-156  511.9   5.2     2   358     5   363     4   363 0.99 -
3808at766_1286528_0:0001f4|OZ308468.1:586323-587412 -            364 3808                 -            359  1.3e-156  512.1   5.2   1   1  1.4e-156  1.4e-156  511.9   5.2     2   358     6   364     5   364 0.99 -
3808at766_1714371_0:000040|OZ308468.1:586323-587412 -            364 3808                 -            359  1.3e-156  512.1   5.2   1   1  1.4e-156  1.4e-156  511.9   5.2     2   358     6   364     5   364 0.99 -
3808at766_779_0:000308|OZ308468.1:586320-587412     -            364 3808                 -            359  1.3e-156  512.1   5.2   1   1  1.4e-156  1.4e-156  511.9   5.2     2   358     6   364     5   364 0.99 -
3808at766_1242993_0:000068|OZ308468.1:586320-587433 -            371 3808                 -            359  1.4e-156  512.0   5.2   1   1  1.5e-156  1.5e-156  511.8   5.2     2   358    13   371    12   371 0.99 -
3808at766_1423892_0:00016a|OZ308468.1:586320-587433 -            371 3808                 -            359  1.4e-156  512.0   5.2   1   1  1.5e-156  1.5e-156  511.8   5.2     2   358    13   371    12   371 0.99 -
3808at766_1605993_0:000146|OZ308468.1:586320-587433 -            371 3808                 -            359  1.4e-156  512.0   5.2   1   1  1.5e-156  1.5e-156  511.8   5.2     2   358    13   371    12   371 0.99 -
3808at766_169402_0:0000f6|OZ308468.1:586320-587433  -            371 3808                 -            359  1.4e-156  512.0   5.2   1   1  1.5e-156  1.5e-156  511.8   5.2     2   358    13   371    12   371 0.99 -
3808at766_205920_0:0000dd|OZ308468.1:586320-587433  -            371 3808                 -            359  1.4e-156  512.0   5.2   1   1  1.5e-156  1.5e-156  511.8   5.2     2   358    13   371    12   371 0.99 -
3808at766_246273_0:0001c0|OZ308468.1:586320-587433  -            371 3808                 -            359  1.4e-156  512.0   5.2   1   1  1.5e-156  1.5e-156  511.8   5.2     2   358    13   371    12   371 0.99 -
3808at766_391036_0:0000a8|OZ308468.1:586320-587433  -            371 3808                 -            359  1.4e-156  512.0   5.2   1   1  1.5e-156  1.5e-156  511.8   5.2     2   358    13   371    12   371 0.99 -
3808at766_96496_0:000037|OZ308468.1:586320-587433   -            371 3808                 -            359  1.4e-156  512.0   5.2   1   1  1.5e-156  1.5e-156  511.8   5.2     2   358    13   371    12   371 0.99 -
3808at766_1359163_0:00005e|OZ308468.1:586323-587397 -            359 3808                 -            359  1.4e-156  512.0   4.6   1   1  1.5e-156  1.5e-156  511.8   4.6     3   358     2   359     1   359 0.99 -
3808at766_955_0:000187|OZ308468.1:586326-587412     -            363 3808                 -            359  3.4e-156  510.7   5.1   1   1  3.8e-156  3.8e-156  510.5   5.1     2   357     6   363     5   363 0.99 -
3808at766_222891_0:00005d|OZ308468.1:586329-587412  -            362 3808                 -            359  9.7e-156  509.2   5.0   1   1  1.1e-155  1.1e-155  509.0   5.0     2   356     6   362     5   362 0.99 -
3808at766_434131_0:0002d5|OZ308468.1:586329-587412  -            362 3808                 -            359  9.7e-156  509.2   5.0   1   1  1.1e-155  1.1e-155  509.0   5.0     2   356     6   362     5   362 0.99 -
3808at766_1528098_0:00041c|OZ308468.1:586323-587385 -            355 3808                 -            359  2.8e-155  507.7   4.7   1   1  3.1e-155  3.1e-155  507.5   4.7     6   358     1   355     1   355 0.99 -
3808at766_1274402_0:0002c2|OZ308468.1:586323-587382 -            354 3808                 -            359  8.2e-155  506.1   4.7   1   1  9.1e-155  9.1e-155  506.0   4.7     7   358     1   354     1   354 0.99 -
3808at766_2486577_0:000237|OZ308468.1:586320-587382 -            354 3808                 -            359  8.2e-155  506.1   4.7   1   1  9.1e-155  9.1e-155  506.0   4.7     7   358     1   354     1   354 0.99 -
#
# Program:         hmmsearch
# Version:         3.4 (Aug 2023)
# Pipeline mode:   SEARCH
# Query file:      /Users/rossoaa/Desktop/dummy/genomes/records/compleasm/mb_downloads/rickettsiales_odb12/hmms/3808at766.hmm
# Target file:     -
# Option settings: /Users/rossoaa/miniconda3/envs/compleasm_env/bin/hmmsearch --domtblout /Users/rossoaa/Desktop/dummy/genomes/records/compleasm/rickettsiales_odb12/hmmer_output/3808at766.out --cpu 1 /Users/rossoaa/Desktop/dummy/genomes/records/compleasm/mb_downloads/rickettsiales_odb12/hmms/3808at766.hmm - 
# Current dir:     /Users/rossoaa/Desktop/dummy/genomes/records/compleasm
# Date:            Tue Feb 10 10:20:21 2026
# [ok]
