#                                                                                                           --- full sequence --- -------------- this domain -------------   hmm coord   ali coord   env coord
# target name                                       accession   tlen query name           accession   qlen   E-value  score  bias   #  of  c-Evalue  i-Evalue  score  bias  from    to  from    to  from    to  acc description of target
#                               ------------------- ---------- ----- -------------------- ---------- ----- --------- ------ ----- --- --- --------- --------- ------ ----- ----- ----- ----- ----- ----- ----- ---- ---------------------
3821at766_1605993_0:00013c|OZ308468.1:565960-566902 -            314 3821                 -            314  4.7e-167  546.0   4.9   1   1  5.4e-167  5.4e-167  545.8   4.9     2   311     3   312     2   314 0.99 -
3821at766_169402_0:00056b|OZ308468.1:565963-566902  -            314 3821                 -            314  4.7e-167  546.0   4.9   1   1  5.4e-167  5.4e-167  545.8   4.9     2   311     3   312     2   314 0.99 -
3821at766_1105107_0:00029d|OZ308468.1:565963-566899 -            313 3821                 -            314  4.8e-167  545.9   4.9   1   1  5.3e-167  5.3e-167  545.8   4.9     2   311     2   311     1   313 0.99 -
3821at766_1359163_0:00002e|OZ308468.1:565963-566899 -            313 3821                 -            314  4.8e-167  545.9   4.9   1   1  5.3e-167  5.3e-167  545.8   4.9     2   311     2   311     1   313 0.99 -
3821at766_2486578_0:000323|OZ308468.1:565963-566899 -            313 3821                 -            314  4.8e-167  545.9   4.9   1   1  5.3e-167  5.3e-167  545.8   4.9     2   311     2   311     1   313 0.99 -
3821at766_955_0:000007|OZ308468.1:565960-566899     -            313 3821                 -            314  4.8e-167  545.9   4.9   1   1  5.3e-167  5.3e-167  545.8   4.9     2   311     2   311     1   313 0.99 -
3821at766_2486577_0:00028e|OZ308468.1:565966-566905 -            314 3821                 -            314  5.3e-167  545.8   4.8   1   1  6.2e-167  6.2e-167  545.6   4.8     2   311     4   313     3   314 0.99 -
3821at766_1528098_0:000082|OZ308468.1:565966-566899 -            312 3821                 -            314  5.4e-167  545.8   4.8   1   1    6e-167    6e-167  545.6   4.8     2   311     2   311     1   312 0.99 -
3821at766_1961830_0:000519|OZ308468.1:565966-566899 -            312 3821                 -            314  5.4e-167  545.8   4.8   1   1    6e-167    6e-167  545.6   4.8     2   311     2   311     1   312 0.99 -
3821at766_336407_0:00010b|OZ308468.1:565966-566899  -            312 3821                 -            314  5.4e-167  545.8   4.8   1   1    6e-167    6e-167  545.6   4.8     2   311     2   311     1   312 0.99 -
3821at766_481009_0:000256|OZ308468.1:565966-566899  -            312 3821                 -            314  5.4e-167  545.8   4.8   1   1    6e-167    6e-167  545.6   4.8     2   311     2   311     1   312 0.99 -
3821at766_696127_0:000213|OZ308468.1:565966-566899  -            312 3821                 -            314  5.4e-167  545.8   4.8   1   1    6e-167    6e-167  545.6   4.8     2   311     2   311     1   312 0.99 -
3821at766_246273_0:000276|OZ308468.1:565972-566902  -            311 3821                 -            314  1.2e-166  544.6   4.9   1   1  1.4e-166  1.4e-166  544.4   4.9     2   309     3   310     2   311 0.99 -
3821at766_96496_0:0000c6|OZ308468.1:565972-566902   -            311 3821                 -            314  1.2e-166  544.6   4.9   1   1  1.4e-166  1.4e-166  544.4   4.9     2   309     3   310     2   311 0.99 -
3821at766_1242993_0:000369|OZ308468.1:565972-566899 -            310 3821                 -            314  1.3e-166  544.6   4.9   1   1  1.4e-166  1.4e-166  544.4   4.9     2   309     2   309     1   310 0.99 -
3821at766_1359168_0:000081|OZ308468.1:565972-566899 -            310 3821                 -            314  1.3e-166  544.6   4.9   1   1  1.4e-166  1.4e-166  544.4   4.9     2   309     2   309     1   310 0.99 -
3821at766_205920_0:00025c|OZ308468.1:565972-566899  -            310 3821                 -            314  1.3e-166  544.6   4.9   1   1  1.4e-166  1.4e-166  544.4   4.9     2   309     2   309     1   310 0.99 -
3821at766_272947_0:000071|OZ308468.1:565972-566899  -            310 3821                 -            314  1.3e-166  544.6   4.9   1   1  1.4e-166  1.4e-166  544.4   4.9     2   309     2   309     1   310 0.99 -
3821at766_334380_0:000230|OZ308468.1:565972-566899  -            310 3821                 -            314  1.3e-166  544.6   4.9   1   1  1.4e-166  1.4e-166  544.4   4.9     2   309     2   309     1   310 0.99 -
3821at766_391036_0:000205|OZ308468.1:565972-566899  -            310 3821                 -            314  1.3e-166  544.6   4.9   1   1  1.4e-166  1.4e-166  544.4   4.9     2   309     2   309     1   310 0.99 -
3821at766_779_0:0000f3|OZ308468.1:565972-566899     -            310 3821                 -            314  1.3e-166  544.6   4.9   1   1  1.4e-166  1.4e-166  544.4   4.9     2   309     2   309     1   310 0.99 -
3821at766_86105_0:0003af|OZ308468.1:565972-566899   -            310 3821                 -            314  1.3e-166  544.6   4.9   1   1  1.4e-166  1.4e-166  544.4   4.9     2   309     2   309     1   310 0.99 -
3821at766_1423892_0:0002dd|OZ308468.1:565972-566893 -            308 3821                 -            314  2.7e-166  543.5   4.8   1   1  3.1e-166  3.1e-166  543.3   4.8     3   309     1   307     1   308 0.99 -
3821at766_2602574_0:00024a|OZ308468.1:565972-566893 -            308 3821                 -            314  2.7e-166  543.5   4.8   1   1  3.1e-166  3.1e-166  543.3   4.8     3   309     1   307     1   308 0.99 -
3821at766_2115978_0:0000e3|OZ308468.1:565972-566890 -            307 3821                 -            314  6.3e-166  542.3   4.9   1   1  7.1e-166  7.1e-166  542.1   4.9     4   309     1   306     1   307 1.00 -
3821at766_1248439_0:0000e4|OZ308468.1:565978-566905 -            310 3821                 -            314  7.1e-166  542.1   5.2   1   1  8.3e-166  8.3e-166  541.9   5.2     2   308     4   310     3   310 0.99 -
3821at766_142058_0:000049|OZ308468.1:565978-566905  -            310 3821                 -            314  7.1e-166  542.1   5.2   1   1  8.3e-166  8.3e-166  541.9   5.2     2   308     4   310     3   310 0.99 -
3821at766_574556_0:00001f|OZ308468.1:565978-566905  -            310 3821                 -            314  7.1e-166  542.1   5.2   1   1  8.3e-166  8.3e-166  541.9   5.2     2   308     4   310     3   310 0.99 -
3821at766_1286528_0:00012d|OZ308468.1:565966-566887 -            308 3821                 -            314  8.2e-166  541.9   5.1   1   1  9.1e-166  9.1e-166  541.8   5.1     5   311     1   307     1   308 0.99 -
3821at766_1392507_0:0001d4|OZ308468.1:565981-566902 -            308 3821                 -            314  1.8e-165  540.8   5.3   1   1  2.1e-165  2.1e-165  540.6   5.3     2   307     3   308     2   308 0.99 -
3821at766_1714371_0:0001c6|OZ308468.1:565972-566887 -            306 3821                 -            314  1.9e-165  540.7   5.2   1   1  2.1e-165  2.1e-165  540.5   5.2     5   309     1   305     1   306 1.00 -
3821at766_222891_0:00006f|OZ308468.1:565972-566887  -            306 3821                 -            314  1.9e-165  540.7   5.2   1   1  2.1e-165  2.1e-165  540.5   5.2     5   309     1   305     1   306 1.00 -
3821at766_434131_0:0000c1|OZ308468.1:565972-566887  -            306 3821                 -            314  1.9e-165  540.7   5.2   1   1  2.1e-165  2.1e-165  540.5   5.2     5   309     1   305     1   306 1.00 -
3821at766_752179_0:00028c|OZ308468.1:565972-566884  -            305 3821                 -            314  5.2e-165  539.3   5.1   1   1  5.7e-165  5.7e-165  539.1   5.1     6   309     1   304     1   305 1.00 -
#
# Program:         hmmsearch
# Version:         3.4 (Aug 2023)
# Pipeline mode:   SEARCH
# Query file:      /Users/rossoaa/Desktop/dummy/genomes/records/compleasm/mb_downloads/rickettsiales_odb12/hmms/3821at766.hmm
# Target file:     -
# Option settings: /Users/rossoaa/miniconda3/envs/compleasm_env/bin/hmmsearch --domtblout /Users/rossoaa/Desktop/dummy/genomes/records/compleasm/rickettsiales_odb12/hmmer_output/3821at766.out --cpu 1 /Users/rossoaa/Desktop/dummy/genomes/records/compleasm/mb_downloads/rickettsiales_odb12/hmms/3821at766.hmm - 
# Current dir:     /Users/rossoaa/Desktop/dummy/genomes/records/compleasm
# Date:            Tue Feb 10 10:20:21 2026
# [ok]
