#                                                                                                           --- full sequence --- -------------- this domain -------------   hmm coord   ali coord   env coord
# target name                                       accession   tlen query name           accession   qlen   E-value  score  bias   #  of  c-Evalue  i-Evalue  score  bias  from    to  from    to  from    to  acc description of target
#                               ------------------- ---------- ----- -------------------- ---------- ----- --------- ------ ----- --- --- --------- --------- ------ ----- ----- ----- ----- ----- ----- ----- ---- ---------------------
3842at766_1274402_0:0000af|OZ308468.1:471174-472047 -            292 3842                 -            292  1.2e-172  563.9  15.6   1   1  1.4e-172  1.4e-172  563.8  15.6     1   290     1   290     1   292 1.00 -
3842at766_1286528_0:000180|OZ308468.1:471174-472047 -            292 3842                 -            292  1.2e-172  563.9  15.6   1   1  1.4e-172  1.4e-172  563.8  15.6     1   290     1   290     1   292 1.00 -
3842at766_336407_0:0004ac|OZ308468.1:471174-472047  -            292 3842                 -            292  1.2e-172  563.9  15.6   1   1  1.4e-172  1.4e-172  563.8  15.6     1   290     1   290     1   292 1.00 -
3842at766_752179_0:000254|OZ308468.1:471174-472047  -            292 3842                 -            292  1.2e-172  563.9  15.6   1   1  1.4e-172  1.4e-172  563.8  15.6     1   290     1   290     1   292 1.00 -
3842at766_955_0:0002be|OZ308468.1:471174-472047     -            292 3842                 -            292  1.2e-172  563.9  15.6   1   1  1.4e-172  1.4e-172  563.8  15.6     1   290     1   290     1   292 1.00 -
3842at766_1105107_0:000068|OZ308468.1:471174-472050 -            293 3842                 -            292  1.2e-172  563.9  15.6   1   1  1.4e-172  1.4e-172  563.8  15.6     1   290     1   290     1   292 1.00 -
3842at766_1242993_0:0000c0|OZ308468.1:471174-472053 -            293 3842                 -            292  1.2e-172  563.9  15.6   1   1  1.4e-172  1.4e-172  563.8  15.6     1   290     1   290     1   292 1.00 -
3842at766_1359163_0:000098|OZ308468.1:471174-472050 -            293 3842                 -            292  1.2e-172  563.9  15.6   1   1  1.4e-172  1.4e-172  563.8  15.6     1   290     1   290     1   292 1.00 -
3842at766_1605993_0:00014d|OZ308468.1:471174-472053 -            293 3842                 -            292  1.2e-172  563.9  15.6   1   1  1.4e-172  1.4e-172  563.8  15.6     1   290     1   290     1   292 1.00 -
3842at766_1961830_0:00037b|OZ308468.1:471174-472050 -            293 3842                 -            292  1.2e-172  563.9  15.6   1   1  1.4e-172  1.4e-172  563.8  15.6     1   290     1   290     1   292 1.00 -
3842at766_205920_0:00021b|OZ308468.1:471174-472053  -            293 3842                 -            292  1.2e-172  563.9  15.6   1   1  1.4e-172  1.4e-172  563.8  15.6     1   290     1   290     1   292 1.00 -
3842at766_246273_0:0001e9|OZ308468.1:471174-472050  -            293 3842                 -            292  1.2e-172  563.9  15.6   1   1  1.4e-172  1.4e-172  563.8  15.6     1   290     1   290     1   292 1.00 -
3842at766_2486578_0:0002d8|OZ308468.1:471174-472050 -            293 3842                 -            292  1.2e-172  563.9  15.6   1   1  1.4e-172  1.4e-172  563.8  15.6     1   290     1   290     1   292 1.00 -
3842at766_272947_0:000016|OZ308468.1:471174-472050  -            293 3842                 -            292  1.2e-172  563.9  15.6   1   1  1.4e-172  1.4e-172  563.8  15.6     1   290     1   290     1   292 1.00 -
3842at766_481009_0:0002b7|OZ308468.1:471174-472050  -            293 3842                 -            292  1.2e-172  563.9  15.6   1   1  1.4e-172  1.4e-172  563.8  15.6     1   290     1   290     1   292 1.00 -
3842at766_696127_0:0001f2|OZ308468.1:471174-472053  -            293 3842                 -            292  1.2e-172  563.9  15.6   1   1  1.4e-172  1.4e-172  563.8  15.6     1   290     1   290     1   292 1.00 -
3842at766_86105_0:00047f|OZ308468.1:471174-472050   -            293 3842                 -            292  1.2e-172  563.9  15.6   1   1  1.4e-172  1.4e-172  563.8  15.6     1   290     1   290     1   292 1.00 -
3842at766_1423892_0:0000c1|OZ308468.1:471174-472044 -            291 3842                 -            292  1.6e-172  563.6  15.7   1   1  1.7e-172  1.7e-172  563.4  15.7     1   290     1   290     1   291 1.00 -
3842at766_1528098_0:00015a|OZ308468.1:471174-472044 -            291 3842                 -            292  1.6e-172  563.6  15.7   1   1  1.7e-172  1.7e-172  563.4  15.7     1   290     1   290     1   291 1.00 -
3842at766_169402_0:0000c7|OZ308468.1:471174-472044  -            291 3842                 -            292  1.6e-172  563.6  15.7   1   1  1.7e-172  1.7e-172  563.4  15.7     1   290     1   290     1   291 1.00 -
3842at766_1714371_0:000157|OZ308468.1:471174-472044 -            291 3842                 -            292  1.6e-172  563.6  15.7   1   1  1.7e-172  1.7e-172  563.4  15.7     1   290     1   290     1   291 1.00 -
3842at766_222891_0:00009a|OZ308468.1:471174-472044  -            291 3842                 -            292  1.6e-172  563.6  15.7   1   1  1.7e-172  1.7e-172  563.4  15.7     1   290     1   290     1   291 1.00 -
3842at766_2602574_0:00001d|OZ308468.1:471174-472044 -            291 3842                 -            292  1.6e-172  563.6  15.7   1   1  1.7e-172  1.7e-172  563.4  15.7     1   290     1   290     1   291 1.00 -
3842at766_391036_0:000300|OZ308468.1:471174-472044  -            291 3842                 -            292  1.6e-172  563.6  15.7   1   1  1.7e-172  1.7e-172  563.4  15.7     1   290     1   290     1   291 1.00 -
3842at766_434131_0:000198|OZ308468.1:471174-472044  -            291 3842                 -            292  1.6e-172  563.6  15.7   1   1  1.7e-172  1.7e-172  563.4  15.7     1   290     1   290     1   291 1.00 -
3842at766_779_0:0000b9|OZ308468.1:471174-472044     -            291 3842                 -            292  1.6e-172  563.6  15.7   1   1  1.7e-172  1.7e-172  563.4  15.7     1   290     1   290     1   291 1.00 -
3842at766_1248439_0:000118|OZ308468.1:471174-472041 -            290 3842                 -            292  1.7e-172  563.5  15.5   1   1  1.9e-172  1.9e-172  563.4  15.5     1   289     1   289     1   290 1.00 -
3842at766_1359168_0:000135|OZ308468.1:471174-472041 -            290 3842                 -            292  1.7e-172  563.5  15.5   1   1  1.9e-172  1.9e-172  563.4  15.5     1   289     1   289     1   290 1.00 -
3842at766_1392507_0:0002dc|OZ308468.1:471174-472041 -            290 3842                 -            292  1.7e-172  563.5  15.5   1   1  1.9e-172  1.9e-172  563.4  15.5     1   289     1   289     1   290 1.00 -
3842at766_142058_0:000062|OZ308468.1:471174-472041  -            290 3842                 -            292  1.7e-172  563.5  15.5   1   1  1.9e-172  1.9e-172  563.4  15.5     1   289     1   289     1   290 1.00 -
3842at766_334380_0:000326|OZ308468.1:471174-472041  -            290 3842                 -            292  1.7e-172  563.5  15.5   1   1  1.9e-172  1.9e-172  563.4  15.5     1   289     1   289     1   290 1.00 -
3842at766_96496_0:000144|OZ308468.1:471174-472041   -            290 3842                 -            292  1.7e-172  563.5  15.5   1   1  1.9e-172  1.9e-172  563.4  15.5     1   289     1   289     1   290 1.00 -
3842at766_2115978_0:00028b|OZ308468.1:471174-472020 -            283 3842                 -            292    6e-170  555.1  15.4   1   1  6.7e-170  6.7e-170  555.0  15.4     1   283     1   283     1   283 1.00 -
#
# Program:         hmmsearch
# Version:         3.4 (Aug 2023)
# Pipeline mode:   SEARCH
# Query file:      /Users/rossoaa/Desktop/dummy/genomes/records/compleasm/mb_downloads/rickettsiales_odb12/hmms/3842at766.hmm
# Target file:     -
# Option settings: /Users/rossoaa/miniconda3/envs/compleasm_env/bin/hmmsearch --domtblout /Users/rossoaa/Desktop/dummy/genomes/records/compleasm/rickettsiales_odb12/hmmer_output/3842at766.out --cpu 1 /Users/rossoaa/Desktop/dummy/genomes/records/compleasm/mb_downloads/rickettsiales_odb12/hmms/3842at766.hmm - 
# Current dir:     /Users/rossoaa/Desktop/dummy/genomes/records/compleasm
# Date:            Tue Feb 10 10:20:22 2026
# [ok]
