#                                                                                                           --- full sequence --- -------------- this domain -------------   hmm coord   ali coord   env coord
# target name                                       accession   tlen query name           accession   qlen   E-value  score  bias   #  of  c-Evalue  i-Evalue  score  bias  from    to  from    to  from    to  acc description of target
#                               ------------------- ---------- ----- -------------------- ---------- ----- --------- ------ ----- --- --- --------- --------- ------ ----- ----- ----- ----- ----- ----- ----- ---- ---------------------
3861at766_336407_0:000464|OZ308468.1:300217-301075  -            287 3861                 -            281    8e-139  452.3   9.3   1   1  9.1e-139  9.1e-139  452.2   9.3     2   280     3   286     2   287 0.97 -
3861at766_2486577_0:00024e|OZ308468.1:300217-301072 -            286 3861                 -            281  8.1e-139  452.3   9.3   1   1    9e-139    9e-139  452.2   9.3     2   280     2   285     1   286 0.97 -
3861at766_752179_0:0001b6|OZ308468.1:300214-301075  -            288 3861                 -            281  8.1e-139  452.3   9.3   1   1  9.2e-139  9.2e-139  452.1   9.3     2   280     3   286     2   287 0.97 -
3861at766_1248439_0:000046|OZ308468.1:300208-301075 -            290 3861                 -            281  8.3e-139  452.3   9.3   1   1  9.5e-139  9.5e-139  452.1   9.3     2   280     3   286     2   287 0.97 -
3861at766_1286528_0:0000cd|OZ308468.1:300208-301075 -            290 3861                 -            281  8.3e-139  452.3   9.3   1   1  9.5e-139  9.5e-139  452.1   9.3     2   280     3   286     2   287 0.97 -
3861at766_1423892_0:0002df|OZ308468.1:300208-301075 -            290 3861                 -            281  8.3e-139  452.3   9.3   1   1  9.5e-139  9.5e-139  452.1   9.3     2   280     3   286     2   287 0.97 -
3861at766_391036_0:00031f|OZ308468.1:300208-301075  -            290 3861                 -            281  8.3e-139  452.3   9.3   1   1  9.5e-139  9.5e-139  452.1   9.3     2   280     3   286     2   287 0.97 -
3861at766_1392507_0:000180|OZ308468.1:300211-301087 -            293 3861                 -            281  8.6e-139  452.2   9.3   1   1  9.9e-139  9.9e-139  452.0   9.3     2   280     7   290     6   291 0.97 -
3861at766_142058_0:000007|OZ308468.1:300199-301075  -            293 3861                 -            281  8.6e-139  452.2   9.3   1   1  9.9e-139  9.9e-139  452.0   9.3     2   280     3   286     2   287 0.97 -
3861at766_1961830_0:0001be|OZ308468.1:300205-301084 -            294 3861                 -            281  8.7e-139  452.2   9.3   1   1    1e-138    1e-138  452.0   9.3     2   280     6   289     5   290 0.97 -
3861at766_1528098_0:000137|OZ308468.1:300196-301075 -            294 3861                 -            281  8.7e-139  452.2   9.3   1   1    1e-138    1e-138  452.0   9.3     2   280     3   286     2   287 0.97 -
3861at766_1605993_0:000102|OZ308468.1:300190-301075 -            295 3861                 -            281  8.9e-139  452.2   9.3   1   1    1e-138    1e-138  452.0   9.3     2   280     3   286     2   287 0.97 -
3861at766_169402_0:000366|OZ308468.1:300190-301075  -            295 3861                 -            281  8.9e-139  452.2   9.3   1   1    1e-138    1e-138  452.0   9.3     2   280     3   286     2   287 0.97 -
3861at766_1714371_0:000065|OZ308468.1:300193-301075 -            295 3861                 -            281  8.9e-139  452.2   9.3   1   1    1e-138    1e-138  452.0   9.3     2   280     3   286     2   287 0.97 -
3861at766_222891_0:000141|OZ308468.1:300193-301075  -            295 3861                 -            281  8.9e-139  452.2   9.3   1   1    1e-138    1e-138  452.0   9.3     2   280     3   286     2   287 0.97 -
3861at766_246273_0:0001ea|OZ308468.1:300193-301075  -            295 3861                 -            281  8.9e-139  452.2   9.3   1   1    1e-138    1e-138  452.0   9.3     2   280     3   286     2   287 0.97 -
3861at766_434131_0:000067|OZ308468.1:300193-301075  -            295 3861                 -            281  8.9e-139  452.2   9.3   1   1    1e-138    1e-138  452.0   9.3     2   280     3   286     2   287 0.97 -
3861at766_96496_0:000237|OZ308468.1:300190-301075   -            295 3861                 -            281  8.9e-139  452.2   9.3   1   1    1e-138    1e-138  452.0   9.3     2   280     3   286     2   287 0.97 -
3861at766_2115978_0:000112|OZ308468.1:300220-301072 -            285 3861                 -            281  1.3e-138  451.6   9.5   1   1  1.5e-138  1.5e-138  451.5   9.5     2   279     2   284     1   285 0.98 -
3861at766_1802984_0:00012b|OZ308468.1:300220-301081 -            288 3861                 -            281  1.4e-138  451.6   9.5   1   1  1.5e-138  1.5e-138  451.4   9.5     2   279     5   287     4   288 0.98 -
3861at766_1359163_0:00019b|OZ308468.1:300214-301066 -            285 3861                 -            281  1.5e-138  451.4   8.9   1   1  1.7e-138  1.7e-138  451.3   8.9     3   280     1   283     1   284 0.98 -
3861at766_779_0:000221|OZ308468.1:300211-301066     -            286 3861                 -            281  1.5e-138  451.4   8.9   1   1  1.7e-138  1.7e-138  451.3   8.9     3   280     1   283     1   284 0.98 -
3861at766_86105_0:0006aa|OZ308468.1:300211-301066   -            286 3861                 -            281  1.5e-138  451.4   8.9   1   1  1.7e-138  1.7e-138  451.3   8.9     3   280     1   283     1   284 0.98 -
3861at766_1242993_0:0001c2|OZ308468.1:300208-301066 -            287 3861                 -            281  1.5e-138  451.4   8.9   1   1  1.7e-138  1.7e-138  451.2   8.9     3   280     1   283     1   284 0.98 -
3861at766_205920_0:00001b|OZ308468.1:300208-301066  -            287 3861                 -            281  1.5e-138  451.4   8.9   1   1  1.7e-138  1.7e-138  451.2   8.9     3   280     1   283     1   284 0.98 -
3861at766_2486578_0:000208|OZ308468.1:300199-301066 -            290 3861                 -            281  1.6e-138  451.4   8.9   1   1  1.8e-138  1.8e-138  451.2   8.9     3   280     1   283     1   284 0.98 -
3861at766_334380_0:0003ad|OZ308468.1:300223-301075  -            285 3861                 -            281  2.3e-138  450.9   9.4   1   1  2.6e-138  2.6e-138  450.7   9.4     2   279     3   285     2   285 0.98 -
3861at766_696127_0:0002ff|OZ308468.1:300220-301066  -            283 3861                 -            281  2.4e-138  450.8   9.1   1   1  2.7e-138  2.7e-138  450.6   9.1     3   279     1   282     1   283 0.98 -
3861at766_1274402_0:00027d|OZ308468.1:300229-301066 -            280 3861                 -            281  1.7e-137  448.0   9.0   1   1  1.9e-137  1.9e-137  447.9   9.0     3   277     1   280     1   280 0.98 -
3861at766_1359168_0:00008d|OZ308468.1:300223-301063 -            281 3861                 -            281  1.7e-137  448.0   8.4   1   1  1.9e-137  1.9e-137  447.8   8.4     4   279     1   281     1   281 0.98 -
3861at766_1105107_0:0002bd|OZ308468.1:300232-301075 -            282 3861                 -            281  3.9e-137  446.8   9.5   1   1  4.4e-137  4.4e-137  446.6   9.5     2   276     3   282     2   282 0.98 -
3861at766_481009_0:000035|OZ308468.1:300232-301075  -            282 3861                 -            281  3.9e-137  446.8   9.5   1   1  4.4e-137  4.4e-137  446.6   9.5     2   276     3   282     2   282 0.98 -
3861at766_272947_0:00026e|OZ308468.1:300232-301096  -            289 3861                 -            281  4.3e-137  446.7   9.5   1   1  4.9e-137  4.9e-137  446.5   9.5     2   276    10   289     9   289 0.98 -
3861at766_2602574_0:000150|OZ308468.1:300238-301075 -            280 3861                 -            281  2.8e-136  444.0   9.7   1   1  3.2e-136  3.2e-136  443.8   9.7     2   273     3   279     2   280 0.98 -
3861at766_955_0:0000d9|OZ308468.1:300268-301075     -            270 3861                 -            281  8.1e-131  426.1   8.8   1   1  9.2e-131  9.2e-131  425.9   8.8     2   264     3   270     2   270 0.98 -
#
# Program:         hmmsearch
# Version:         3.4 (Aug 2023)
# Pipeline mode:   SEARCH
# Query file:      /Users/rossoaa/Desktop/dummy/genomes/records/compleasm/mb_downloads/rickettsiales_odb12/hmms/3861at766.hmm
# Target file:     -
# Option settings: /Users/rossoaa/miniconda3/envs/compleasm_env/bin/hmmsearch --domtblout /Users/rossoaa/Desktop/dummy/genomes/records/compleasm/rickettsiales_odb12/hmmer_output/3861at766.out --cpu 1 /Users/rossoaa/Desktop/dummy/genomes/records/compleasm/mb_downloads/rickettsiales_odb12/hmms/3861at766.hmm - 
# Current dir:     /Users/rossoaa/Desktop/dummy/genomes/records/compleasm
# Date:            Tue Feb 10 10:20:23 2026
# [ok]
