#                                                                                                          --- full sequence --- -------------- this domain -------------   hmm coord   ali coord   env coord
# target name                                      accession   tlen query name           accession   qlen   E-value  score  bias   #  of  c-Evalue  i-Evalue  score  bias  from    to  from    to  from    to  acc description of target
#                              ------------------- ---------- ----- -------------------- ---------- ----- --------- ------ ----- --- --- --------- --------- ------ ----- ----- ----- ----- ----- ----- ----- ---- ---------------------
387at766_2486578_0:0005d4|OZ308468.1:944687-946124 -            479 387                  -            476  2.9e-233  765.7   9.5   1   1  3.3e-233  3.3e-233  765.6   9.5     5   474     8   477     4   479 0.98 -
387at766_1605993_0:0001cb|OZ308468.1:944687-946127 -            480 387                  -            476  2.9e-233  765.7   9.5   1   1  3.3e-233  3.3e-233  765.5   9.5     5   474     9   478     5   480 0.98 -
387at766_169402_0:000496|OZ308468.1:944687-946127  -            480 387                  -            476  2.9e-233  765.7   9.5   1   1  3.3e-233  3.3e-233  765.5   9.5     5   474     9   478     5   480 0.98 -
387at766_246273_0:00011b|OZ308468.1:944687-946127  -            480 387                  -            476  2.9e-233  765.7   9.5   1   1  3.3e-233  3.3e-233  765.5   9.5     5   474     9   478     5   480 0.98 -
387at766_955_0:000208|OZ308468.1:944690-946127     -            480 387                  -            476  2.9e-233  765.7   9.5   1   1  3.3e-233  3.3e-233  765.5   9.5     5   474     9   478     5   480 0.98 -
387at766_96496_0:000066|OZ308468.1:944687-946127   -            480 387                  -            476  2.9e-233  765.7   9.5   1   1  3.3e-233  3.3e-233  765.5   9.5     5   474     9   478     5   480 0.98 -
387at766_1359163_0:000078|OZ308468.1:944687-946133 -            482 387                  -            476    3e-233  765.7   9.5   1   1  3.4e-233  3.4e-233  765.5   9.5     5   474    11   480     7   482 0.98 -
387at766_1242993_0:0002b0|OZ308468.1:944690-946103 -            472 387                  -            476  3.2e-233  765.6   9.0   1   1  3.6e-233  3.6e-233  765.4   9.0     7   474     3   470     1   472 0.98 -
387at766_205920_0:0002c9|OZ308468.1:944690-946103  -            472 387                  -            476  3.2e-233  765.6   9.0   1   1  3.6e-233  3.6e-233  765.4   9.0     7   474     3   470     1   472 0.98 -
387at766_779_0:00033e|OZ308468.1:944690-946103     -            472 387                  -            476  3.2e-233  765.6   9.0   1   1  3.6e-233  3.6e-233  765.4   9.0     7   474     3   470     1   472 0.98 -
387at766_1392507_0:000026|OZ308468.1:944687-946106 -            473 387                  -            476  3.2e-233  765.6   9.2   1   1  3.6e-233  3.6e-233  765.4   9.2     6   474     3   471     1   473 0.98 -
387at766_391036_0:0000dc|OZ308468.1:944693-946103  -            471 387                  -            476    4e-233  765.3   9.0   1   1  4.5e-233  4.5e-233  765.1   9.0     7   474     3   470     1   471 0.99 -
387at766_696127_0:00033d|OZ308468.1:944693-946106  -            472 387                  -            476    4e-233  765.3   9.2   1   1  4.5e-233  4.5e-233  765.1   9.2     6   474     3   471     1   472 0.98 -
387at766_272947_0:0002e9|OZ308468.1:944696-946121  -            476 387                  -            476  5.3e-233  764.9   9.4   1   1    6e-233    6e-233  764.7   9.4     5   473     7   475     3   476 0.98 -
387at766_481009_0:000477|OZ308468.1:944696-946130  -            479 387                  -            476  5.4e-233  764.9   9.4   1   1  6.1e-233  6.1e-233  764.7   9.4     5   473    10   478     6   479 0.98 -
387at766_1802984_0:00026c|OZ308468.1:944693-946097 -            469 387                  -            476  6.1e-233  764.7   8.7   1   1  6.8e-233  6.8e-233  764.5   8.7     9   474     3   468     1   469 0.99 -
387at766_2602574_0:00014d|OZ308468.1:944699-946109 -            471 387                  -            476  1.1e-232  763.8   9.3   1   1  1.4e-232  1.4e-232  763.5   9.3     6   472     4   470     2   471 0.98 -
387at766_752179_0:0000f1|OZ308468.1:944699-946106  -            470 387                  -            476  1.2e-232  763.7   9.3   1   1  1.3e-232  1.3e-232  763.5   9.3     6   472     3   469     1   470 0.98 -
387at766_1248439_0:000266|OZ308468.1:944687-946088 -            467 387                  -            476  1.3e-232  763.6   8.4   1   1  1.4e-232  1.4e-232  763.5   8.4    11   474     2   465     1   467 0.99 -
387at766_1274402_0:0002f1|OZ308468.1:944687-946079 -            464 387                  -            476    9e-232  760.8   8.5   1   1    1e-231    1e-231  760.7   8.5    13   474     1   462     1   464 0.99 -
387at766_142058_0:0001fc|OZ308468.1:944687-946079  -            464 387                  -            476    9e-232  760.8   8.5   1   1    1e-231    1e-231  760.7   8.5    13   474     1   462     1   464 0.99 -
387at766_1423892_0:00014f|OZ308468.1:944690-946079 -            464 387                  -            476    9e-232  760.8   8.5   1   1    1e-231    1e-231  760.7   8.5    13   474     1   462     1   464 0.99 -
387at766_574556_0:0002f6|OZ308468.1:944687-946079  -            464 387                  -            476    9e-232  760.8   8.5   1   1    1e-231    1e-231  760.7   8.5    13   474     1   462     1   464 0.99 -
387at766_1528098_0:00011b|OZ308468.1:944693-946079 -            463 387                  -            476  1.1e-231  760.5   8.5   1   1  1.2e-231  1.2e-231  760.4   8.5    13   474     1   462     1   463 0.99 -
387at766_336407_0:0003f7|OZ308468.1:944693-946079  -            463 387                  -            476  1.1e-231  760.5   8.5   1   1  1.2e-231  1.2e-231  760.4   8.5    13   474     1   462     1   463 0.99 -
387at766_2115978_0:0002fa|OZ308468.1:944708-946097 -            464 387                  -            476  1.3e-231  760.3   8.6   1   1  1.5e-231  1.5e-231  760.1   8.6     9   470     3   464     1   464 0.99 -
387at766_1105107_0:0002e1|OZ308468.1:944696-946079 -            462 387                  -            476  1.6e-231  760.0   8.4   1   1  1.8e-231  1.8e-231  759.8   8.4    13   473     1   461     1   462 0.99 -
387at766_1961830_0:0001c7|OZ308468.1:944696-946079 -            462 387                  -            476  1.6e-231  760.0   8.4   1   1  1.8e-231  1.8e-231  759.8   8.4    13   473     1   461     1   462 0.99 -
387at766_86105_0:00008e|OZ308468.1:944714-946133   -            474 387                  -            476    1e-230  757.3   9.5   1   1  1.2e-230  1.2e-230  757.1   9.5     5   468    11   474     7   474 0.98 -
387at766_222891_0:000213|OZ308468.1:944708-946082  -            459 387                  -            476  1.3e-230  757.0   8.6   1   1  1.5e-230  1.5e-230  756.8   8.6    12   470     1   459     1   459 0.99 -
387at766_434131_0:00021c|OZ308468.1:944708-946082  -            459 387                  -            476  1.3e-230  757.0   8.6   1   1  1.5e-230  1.5e-230  756.8   8.6    12   470     1   459     1   459 0.99 -
387at766_2486577_0:0003b8|OZ308468.1:944714-946082 -            457 387                  -            476  1.7e-229  753.3   8.7   1   1  1.9e-229  1.9e-229  753.2   8.7    12   468     1   457     1   457 0.99 -
387at766_334380_0:000330|OZ308468.1:944714-946076  -            455 387                  -            476  9.2e-229  750.9   8.5   1   1    1e-228    1e-228  750.7   8.5    14   468     1   455     1   455 0.99 -
#
# Program:         hmmsearch
# Version:         3.4 (Aug 2023)
# Pipeline mode:   SEARCH
# Query file:      /Users/rossoaa/Desktop/dummy/genomes/records/compleasm/mb_downloads/rickettsiales_odb12/hmms/387at766.hmm
# Target file:     -
# Option settings: /Users/rossoaa/miniconda3/envs/compleasm_env/bin/hmmsearch --domtblout /Users/rossoaa/Desktop/dummy/genomes/records/compleasm/rickettsiales_odb12/hmmer_output/387at766.out --cpu 1 /Users/rossoaa/Desktop/dummy/genomes/records/compleasm/mb_downloads/rickettsiales_odb12/hmms/387at766.hmm - 
# Current dir:     /Users/rossoaa/Desktop/dummy/genomes/records/compleasm
# Date:            Tue Feb 10 10:20:24 2026
# [ok]
