#                                                                                                         --- full sequence --- -------------- this domain -------------   hmm coord   ali coord   env coord
# target name                                     accession   tlen query name           accession   qlen   E-value  score  bias   #  of  c-Evalue  i-Evalue  score  bias  from    to  from    to  from    to  acc description of target
#                             ------------------- ---------- ----- -------------------- ---------- ----- --------- ------ ----- --- --- --------- --------- ------ ----- ----- ----- ----- ----- ----- ----- ---- ---------------------
38at766_1242993_0:0000e7|OZ308468.1:618088-618463 -            125 38                   -            111   5.3e-39  122.8  13.5   1   1   8.1e-39   8.1e-39  122.3  13.5     2   110     3   120     2   121 0.89 -
38at766_1423892_0:0002e7|OZ308468.1:618088-618463 -            125 38                   -            111   5.3e-39  122.8  13.5   1   1   8.1e-39   8.1e-39  122.3  13.5     2   110     3   120     2   121 0.89 -
38at766_1605993_0:000267|OZ308468.1:618088-618463 -            125 38                   -            111   5.3e-39  122.8  13.5   1   1   8.1e-39   8.1e-39  122.3  13.5     2   110     3   120     2   121 0.89 -
38at766_169402_0:0001ee|OZ308468.1:618088-618463  -            125 38                   -            111   5.3e-39  122.8  13.5   1   1   8.1e-39   8.1e-39  122.3  13.5     2   110     3   120     2   121 0.89 -
38at766_205920_0:00010a|OZ308468.1:618088-618463  -            125 38                   -            111   5.3e-39  122.8  13.5   1   1   8.1e-39   8.1e-39  122.3  13.5     2   110     3   120     2   121 0.89 -
38at766_246273_0:000162|OZ308468.1:618088-618463  -            125 38                   -            111   5.3e-39  122.8  13.5   1   1   8.1e-39   8.1e-39  122.3  13.5     2   110     3   120     2   121 0.89 -
38at766_391036_0:0001cf|OZ308468.1:618088-618463  -            125 38                   -            111   5.3e-39  122.8  13.5   1   1   8.1e-39   8.1e-39  122.3  13.5     2   110     3   120     2   121 0.89 -
38at766_779_0:000261|OZ308468.1:618088-618463     -            125 38                   -            111   5.3e-39  122.8  13.5   1   1   8.1e-39   8.1e-39  122.3  13.5     2   110     3   120     2   121 0.89 -
38at766_955_0:000216|OZ308468.1:618088-618460     -            125 38                   -            111   5.3e-39  122.8  13.5   1   1   8.1e-39   8.1e-39  122.3  13.5     2   110     3   120     2   121 0.89 -
38at766_96496_0:000217|OZ308468.1:618088-618463   -            125 38                   -            111   5.3e-39  122.8  13.5   1   1   8.1e-39   8.1e-39  122.3  13.5     2   110     3   120     2   121 0.89 -
38at766_1359163_0:000387|OZ308468.1:618085-618460 -            126 38                   -            111   5.5e-39  122.8  13.5   1   1   8.3e-39   8.3e-39  122.2  13.5     2   110     4   121     3   122 0.89 -
38at766_1248439_0:0001c4|OZ308468.1:618082-618463 -            127 38                   -            111   5.7e-39  122.8  13.5   1   1   8.6e-39   8.6e-39  122.2  13.5     2   110     5   122     4   123 0.89 -
38at766_142058_0:000179|OZ308468.1:618082-618463  -            127 38                   -            111   5.7e-39  122.8  13.5   1   1   8.6e-39   8.6e-39  122.2  13.5     2   110     5   122     4   123 0.89 -
38at766_574556_0:000012|OZ308468.1:618082-618463  -            127 38                   -            111   5.7e-39  122.8  13.5   1   1   8.6e-39   8.6e-39  122.2  13.5     2   110     5   122     4   123 0.89 -
#
# Program:         hmmsearch
# Version:         3.4 (Aug 2023)
# Pipeline mode:   SEARCH
# Query file:      /Users/rossoaa/Desktop/dummy/genomes/records/compleasm/mb_downloads/rickettsiales_odb12/hmms/38at766.hmm
# Target file:     -
# Option settings: /Users/rossoaa/miniconda3/envs/compleasm_env/bin/hmmsearch --domtblout /Users/rossoaa/Desktop/dummy/genomes/records/compleasm/rickettsiales_odb12/hmmer_output/38at766.out --cpu 1 /Users/rossoaa/Desktop/dummy/genomes/records/compleasm/mb_downloads/rickettsiales_odb12/hmms/38at766.hmm - 
# Current dir:     /Users/rossoaa/Desktop/dummy/genomes/records/compleasm
# Date:            Tue Feb 10 10:20:23 2026
# [ok]
