#                                                                                                           --- full sequence --- -------------- this domain -------------   hmm coord   ali coord   env coord
# target name                                       accession   tlen query name           accession   qlen   E-value  score  bias   #  of  c-Evalue  i-Evalue  score  bias  from    to  from    to  from    to  acc description of target
#                               ------------------- ---------- ----- -------------------- ---------- ----- --------- ------ ----- --- --- --------- --------- ------ ----- ----- ----- ----- ----- ----- ----- ---- ---------------------
3905at766_779_0:000046|OZ308468.1:520785-521730     -            315 3905                 -            309  1.2e-128  419.7   6.8   1   1  1.3e-128  1.3e-128  419.5   6.8     3   308     4   313     2   314 0.94 -
3905at766_1242993_0:0002c2|OZ308468.1:520785-521733 -            316 3905                 -            309  1.2e-128  419.7   6.8   1   1  1.4e-128  1.4e-128  419.5   6.8     3   308     5   314     3   315 0.94 -
3905at766_1423892_0:0001df|OZ308468.1:520785-521733 -            316 3905                 -            309  1.2e-128  419.7   6.8   1   1  1.4e-128  1.4e-128  419.5   6.8     3   308     5   314     3   315 0.94 -
3905at766_205920_0:000153|OZ308468.1:520785-521733  -            316 3905                 -            309  1.2e-128  419.7   6.8   1   1  1.4e-128  1.4e-128  419.5   6.8     3   308     5   314     3   315 0.94 -
3905at766_391036_0:000037|OZ308468.1:520785-521733  -            316 3905                 -            309  1.2e-128  419.7   6.8   1   1  1.4e-128  1.4e-128  419.5   6.8     3   308     5   314     3   315 0.94 -
3905at766_1392507_0:00014f|OZ308468.1:520794-521736 -            315 3905                 -            309  1.3e-128  419.5   6.5   1   1  1.5e-128  1.5e-128  419.3   6.5     3   307     6   314     4   315 0.94 -
3905at766_1359163_0:00018a|OZ308468.1:520788-521724 -            313 3905                 -            309  1.8e-128  419.1   7.2   1   1    2e-128    2e-128  418.9   7.2     4   308     3   311     1   312 0.94 -
3905at766_1605993_0:000180|OZ308468.1:520785-521721 -            312 3905                 -            309  2.2e-128  418.8   7.2   1   1  2.4e-128  2.4e-128  418.7   7.2     4   308     2   310     1   311 0.94 -
3905at766_169402_0:000321|OZ308468.1:520788-521721  -            312 3905                 -            309  2.2e-128  418.8   7.2   1   1  2.4e-128  2.4e-128  418.7   7.2     4   308     2   310     1   311 0.94 -
3905at766_272947_0:000256|OZ308468.1:520800-521727  -            310 3905                 -            309  3.5e-128  418.1   6.4   1   1  3.9e-128  3.9e-128  418.0   6.4     3   305     3   309     1   310 0.94 -
3905at766_481009_0:0002fb|OZ308468.1:520800-521727  -            310 3905                 -            309  3.5e-128  418.1   6.4   1   1  3.9e-128  3.9e-128  418.0   6.4     3   305     3   309     1   310 0.94 -
3905at766_86105_0:000299|OZ308468.1:520791-521712   -            308 3905                 -            309  5.9e-128  417.4   7.0   1   1  6.6e-128  6.6e-128  417.2   7.0     7   308     2   307     1   308 0.94 -
3905at766_142058_0:000240|OZ308468.1:520785-521712  -            309 3905                 -            309    6e-128  417.4   7.0   1   1  6.7e-128  6.7e-128  417.2   7.0     7   308     2   307     1   308 0.94 -
3905at766_2115978_0:0003f2|OZ308468.1:520785-521712 -            309 3905                 -            309    6e-128  417.4   7.0   1   1  6.7e-128  6.7e-128  417.2   7.0     7   308     2   307     1   308 0.94 -
3905at766_574556_0:00030b|OZ308468.1:520794-521712  -            307 3905                 -            309  6.6e-128  417.2   6.7   1   1  7.3e-128  7.3e-128  417.1   6.7     7   307     2   306     1   307 0.94 -
3905at766_1961830_0:00045d|OZ308468.1:520803-521727 -            309 3905                 -            309  7.1e-128  417.1   6.9   1   1  7.9e-128  7.9e-128  417.0   6.9     3   304     3   308     1   309 0.94 -
3905at766_336407_0:000254|OZ308468.1:520803-521727  -            309 3905                 -            309  7.1e-128  417.1   6.9   1   1  7.9e-128  7.9e-128  417.0   6.9     3   304     3   308     1   309 0.94 -
3905at766_2602574_0:00044e|OZ308468.1:520806-521730 -            309 3905                 -            309  1.2e-127  416.4   6.9   1   1  1.3e-127  1.3e-127  416.2   6.9     3   303     4   308     2   309 0.94 -
3905at766_696127_0:000201|OZ308468.1:520806-521730  -            309 3905                 -            309  1.2e-127  416.4   6.9   1   1  1.3e-127  1.3e-127  416.2   6.9     3   303     4   308     2   309 0.94 -
3905at766_1248439_0:0001f8|OZ308468.1:520800-521712 -            305 3905                 -            309  1.8e-127  415.8   6.6   1   1    2e-127    2e-127  415.7   6.6     7   305     2   304     1   305 0.94 -
3905at766_1528098_0:000241|OZ308468.1:520806-521721 -            306 3905                 -            309  2.1e-127  415.5   7.3   1   1  2.4e-127  2.4e-127  415.4   7.3     4   303     2   305     1   306 0.94 -
3905at766_2486578_0:00005f|OZ308468.1:520785-521700 -            305 3905                 -            309  4.1e-127  414.6   6.8   1   1  4.6e-127  4.6e-127  414.4   6.8    11   308     2   303     1   304 0.94 -
3905at766_1105107_0:0002e2|OZ308468.1:520806-521715 -            304 3905                 -            309  4.4e-127  414.5   7.3   1   1  4.9e-127  4.9e-127  414.4   7.3     6   303     2   303     1   304 0.94 -
3905at766_2486577_0:00017b|OZ308468.1:520788-521688 -            301 3905                 -            309  2.6e-126  412.0   6.3   1   1  2.9e-126  2.9e-126  411.8   6.3    14   308     1   299     1   300 0.94 -
3905at766_955_0:0002a1|OZ308468.1:520788-521688     -            301 3905                 -            309  2.6e-126  412.0   6.3   1   1  2.9e-126  2.9e-126  411.8   6.3    14   308     1   299     1   300 0.94 -
3905at766_752179_0:000109|OZ308468.1:520806-521688  -            295 3905                 -            309  2.7e-125  408.7   6.5   1   1    3e-125    3e-125  408.5   6.5    14   303     1   294     1   295 0.94 -
3905at766_1274402_0:000253|OZ308468.1:520827-521688 -            288 3905                 -            309  2.4e-122  399.0   6.3   1   1  2.6e-122  2.6e-122  398.8   6.3    14   297     1   288     1   288 0.94 -
3905at766_1286528_0:00014d|OZ308468.1:520842-521712 -            291 3905                 -            309  3.4e-122  398.4   7.8   1   1  3.8e-122  3.8e-122  398.3   7.8     7   291     2   290     1   291 0.94 -
3905at766_246273_0:00017d|OZ308468.1:520785-521655  -            290 3905                 -            309  8.1e-122  397.2   5.9   1   1  9.2e-122  9.2e-122  397.0   5.9    25   308     1   288     1   289 0.94 -
3905at766_222891_0:000036|OZ308468.1:520842-521688  -            283 3905                 -            309  1.6e-120  393.0   7.2   1   1  1.8e-120  1.8e-120  392.8   7.2    14   291     1   282     1   283 0.94 -
3905at766_434131_0:000095|OZ308468.1:520842-521688  -            283 3905                 -            309  1.6e-120  393.0   7.2   1   1  1.8e-120  1.8e-120  392.8   7.2    14   291     1   282     1   283 0.94 -
3905at766_1714371_0:0000b4|OZ308468.1:520866-521730 -            289 3905                 -            309  6.3e-120  391.0   7.6   1   1  7.2e-120  7.2e-120  390.8   7.6     3   284     4   289     2   289 0.93 -
3905at766_1802984_0:000075|OZ308468.1:520818-521652 -            279 3905                 -            309  3.6e-119  388.5   6.0   1   1  4.1e-119  4.1e-119  388.3   6.0    26   300     1   279     1   279 0.94 -
#
# Program:         hmmsearch
# Version:         3.4 (Aug 2023)
# Pipeline mode:   SEARCH
# Query file:      /Users/rossoaa/Desktop/dummy/genomes/records/compleasm/mb_downloads/rickettsiales_odb12/hmms/3905at766.hmm
# Target file:     -
# Option settings: /Users/rossoaa/miniconda3/envs/compleasm_env/bin/hmmsearch --domtblout /Users/rossoaa/Desktop/dummy/genomes/records/compleasm/rickettsiales_odb12/hmmer_output/3905at766.out --cpu 1 /Users/rossoaa/Desktop/dummy/genomes/records/compleasm/mb_downloads/rickettsiales_odb12/hmms/3905at766.hmm - 
# Current dir:     /Users/rossoaa/Desktop/dummy/genomes/records/compleasm
# Date:            Tue Feb 10 10:20:24 2026
# [ok]
