#                                                                                                           --- full sequence --- -------------- this domain -------------   hmm coord   ali coord   env coord
# target name                                       accession   tlen query name           accession   qlen   E-value  score  bias   #  of  c-Evalue  i-Evalue  score  bias  from    to  from    to  from    to  acc description of target
#                               ------------------- ---------- ----- -------------------- ---------- ----- --------- ------ ----- --- --- --------- --------- ------ ----- ----- ----- ----- ----- ----- ----- ---- ---------------------
3910at766_1105107_0:0002e9|OZ308468.1:514347-515136 -            264 3910                 -            257  1.7e-110  359.5  24.6   1   1  1.9e-110  1.9e-110  359.3  24.6     2   255     2   262     1   264 0.96 -
3910at766_481009_0:000251|OZ308468.1:514347-515136  -            264 3910                 -            257  1.7e-110  359.5  24.6   1   1  1.9e-110  1.9e-110  359.3  24.6     2   255     2   262     1   264 0.96 -
3910at766_1961830_0:0003ad|OZ308468.1:514347-515139 -            265 3910                 -            257  1.8e-110  359.5  24.6   1   1    2e-110    2e-110  359.3  24.6     2   255     2   262     1   264 0.96 -
3910at766_336407_0:000524|OZ308468.1:514347-515139  -            265 3910                 -            257  1.8e-110  359.5  24.6   1   1    2e-110    2e-110  359.3  24.6     2   255     2   262     1   264 0.96 -
3910at766_334380_0:0003e9|OZ308468.1:514344-515142  -            267 3910                 -            257  1.8e-110  359.4  24.6   1   1    2e-110    2e-110  359.3  24.6     2   255     3   263     2   265 0.96 -
3910at766_2486577_0:000258|OZ308468.1:514344-515145 -            268 3910                 -            257  1.8e-110  359.4  24.6   1   1    2e-110    2e-110  359.2  24.6     2   255     3   263     2   265 0.96 -
3910at766_752179_0:000349|OZ308468.1:514344-515145  -            268 3910                 -            257  1.8e-110  359.4  24.6   1   1    2e-110    2e-110  359.2  24.6     2   255     3   263     2   265 0.96 -
3910at766_1359163_0:00035d|OZ308468.1:514332-515139 -            270 3910                 -            257  1.9e-110  359.4  24.6   1   1  2.1e-110  2.1e-110  359.2  24.6     2   255     7   267     6   269 0.96 -
3910at766_1605993_0:0000ca|OZ308468.1:514335-515148 -            271 3910                 -            257  1.9e-110  359.4  24.6   1   1  2.1e-110  2.1e-110  359.2  24.6     2   255     6   266     5   268 0.96 -
3910at766_169402_0:00034b|OZ308468.1:514326-515148  -            274 3910                 -            257    2e-110  359.3  24.6   1   1  2.2e-110  2.2e-110  359.1  24.6     2   255     9   269     8   271 0.96 -
3910at766_246273_0:00032f|OZ308468.1:514326-515148  -            274 3910                 -            257    2e-110  359.3  24.6   1   1  2.2e-110  2.2e-110  359.1  24.6     2   255     9   269     8   271 0.96 -
3910at766_96496_0:000219|OZ308468.1:514326-515148   -            274 3910                 -            257    2e-110  359.3  24.6   1   1  2.2e-110  2.2e-110  359.1  24.6     2   255     9   269     8   271 0.96 -
3910at766_2602574_0:000152|OZ308468.1:514311-515139 -            277 3910                 -            257    2e-110  359.3  24.6   1   1  2.3e-110  2.3e-110  359.1  24.6     2   255    14   274    13   276 0.96 -
3910at766_955_0:000282|OZ308468.1:514335-515130     -            266 3910                 -            257  3.1e-110  358.6  24.6   1   1  3.6e-110  3.6e-110  358.4  24.6     2   254     6   265     5   266 0.96 -
3910at766_205920_0:0000a3|OZ308468.1:514332-515130  -            267 3910                 -            257  3.2e-110  358.6  24.6   1   1  3.6e-110  3.6e-110  358.4  24.6     2   254     7   266     6   267 0.96 -
3910at766_779_0:00034c|OZ308468.1:514332-515130     -            267 3910                 -            257  3.2e-110  358.6  24.6   1   1  3.6e-110  3.6e-110  358.4  24.6     2   254     7   266     6   267 0.96 -
3910at766_1242993_0:0002e1|OZ308468.1:514332-515133 -            268 3910                 -            257  3.2e-110  358.6  25.0   1   1  3.7e-110  3.7e-110  358.4  25.0     2   254     7   266     6   268 0.96 -
3910at766_1423892_0:000333|OZ308468.1:514320-515130 -            271 3910                 -            257  3.4e-110  358.5  24.6   1   1  3.8e-110  3.8e-110  358.3  24.6     2   254    11   270    10   271 0.96 -
3910at766_391036_0:000117|OZ308468.1:514320-515130  -            271 3910                 -            257  3.4e-110  358.5  24.6   1   1  3.8e-110  3.8e-110  358.3  24.6     2   254    11   270    10   271 0.96 -
3910at766_272947_0:000125|OZ308468.1:514356-515136  -            261 3910                 -            257  4.5e-110  358.1  24.0   1   1  5.1e-110  5.1e-110  358.0  24.0     4   255     1   259     1   261 0.96 -
3910at766_1359168_0:0000fe|OZ308468.1:514359-515127 -            257 3910                 -            257  1.4e-109  356.5  22.9   1   1  1.5e-109  1.5e-109  356.4  22.9     6   254     2   257     1   257 0.97 -
3910at766_1528098_0:000030|OZ308468.1:514347-515121 -            259 3910                 -            257    2e-109  356.0  24.5   1   1  2.2e-109  2.2e-109  355.8  24.5     2   252     2   259     1   259 0.96 -
3910at766_696127_0:000079|OZ308468.1:514344-515121  -            260 3910                 -            257    2e-109  356.0  24.5   1   1  2.3e-109  2.3e-109  355.8  24.5     2   252     3   260     2   260 0.96 -
3910at766_1286528_0:0000ad|OZ308468.1:514347-515118 -            258 3910                 -            257  5.9e-109  354.5  24.7   1   1  6.5e-109  6.5e-109  354.3  24.7     2   251     2   258     1   258 0.97 -
3910at766_1714371_0:000161|OZ308468.1:514347-515118 -            258 3910                 -            257  5.9e-109  354.5  24.7   1   1  6.5e-109  6.5e-109  354.3  24.7     2   251     2   258     1   258 0.97 -
3910at766_434131_0:000106|OZ308468.1:514347-515118  -            258 3910                 -            257  5.9e-109  354.5  24.7   1   1  6.5e-109  6.5e-109  354.3  24.7     2   251     2   258     1   258 0.97 -
3910at766_2486578_0:00024f|OZ308468.1:514371-515130 -            254 3910                 -            257  4.4e-108  351.6  22.4   1   1  4.9e-108  4.9e-108  351.4  22.4     9   254     1   253     1   254 0.97 -
3910at766_222891_0:0001ad|OZ308468.1:514377-515118  -            248 3910                 -            257  5.1e-106  344.8  22.8   1   1  5.7e-106  5.7e-106  344.7  22.8    11   251     1   248     1   248 0.97 -
#
# Program:         hmmsearch
# Version:         3.4 (Aug 2023)
# Pipeline mode:   SEARCH
# Query file:      /Users/rossoaa/Desktop/dummy/genomes/records/compleasm/mb_downloads/rickettsiales_odb12/hmms/3910at766.hmm
# Target file:     -
# Option settings: /Users/rossoaa/miniconda3/envs/compleasm_env/bin/hmmsearch --domtblout /Users/rossoaa/Desktop/dummy/genomes/records/compleasm/rickettsiales_odb12/hmmer_output/3910at766.out --cpu 1 /Users/rossoaa/Desktop/dummy/genomes/records/compleasm/mb_downloads/rickettsiales_odb12/hmms/3910at766.hmm - 
# Current dir:     /Users/rossoaa/Desktop/dummy/genomes/records/compleasm
# Date:            Tue Feb 10 10:20:22 2026
# [ok]
