#                                                                                                           --- full sequence --- -------------- this domain -------------   hmm coord   ali coord   env coord
# target name                                       accession   tlen query name           accession   qlen   E-value  score  bias   #  of  c-Evalue  i-Evalue  score  bias  from    to  from    to  from    to  acc description of target
#                               ------------------- ---------- ----- -------------------- ---------- ----- --------- ------ ----- --- --- --------- --------- ------ ----- ----- ----- ----- ----- ----- ----- ---- ---------------------
3912at766_1105107_0:0002c8|OZ308468.1:625016-625886 -            290 3912                 -            284  1.4e-104  339.7  15.0   1   1  1.6e-104  1.6e-104  339.5  15.0     1   284     1   290     1   290 0.93 -
3912at766_1242993_0:000379|OZ308468.1:625016-625886 -            290 3912                 -            284  1.4e-104  339.7  15.0   1   1  1.6e-104  1.6e-104  339.5  15.0     1   284     1   290     1   290 0.93 -
3912at766_1248439_0:000016|OZ308468.1:625016-625886 -            290 3912                 -            284  1.4e-104  339.7  15.0   1   1  1.6e-104  1.6e-104  339.5  15.0     1   284     1   290     1   290 0.93 -
3912at766_1359163_0:0001cb|OZ308468.1:625016-625886 -            290 3912                 -            284  1.4e-104  339.7  15.0   1   1  1.6e-104  1.6e-104  339.5  15.0     1   284     1   290     1   290 0.93 -
3912at766_1392507_0:0003a9|OZ308468.1:625016-625886 -            290 3912                 -            284  1.4e-104  339.7  15.0   1   1  1.6e-104  1.6e-104  339.5  15.0     1   284     1   290     1   290 0.93 -
3912at766_142058_0:00008f|OZ308468.1:625016-625886  -            290 3912                 -            284  1.4e-104  339.7  15.0   1   1  1.6e-104  1.6e-104  339.5  15.0     1   284     1   290     1   290 0.93 -
3912at766_1605993_0:000251|OZ308468.1:625016-625886 -            290 3912                 -            284  1.4e-104  339.7  15.0   1   1  1.6e-104  1.6e-104  339.5  15.0     1   284     1   290     1   290 0.93 -
3912at766_169402_0:00037f|OZ308468.1:625016-625886  -            290 3912                 -            284  1.4e-104  339.7  15.0   1   1  1.6e-104  1.6e-104  339.5  15.0     1   284     1   290     1   290 0.93 -
3912at766_205920_0:0002c1|OZ308468.1:625016-625886  -            290 3912                 -            284  1.4e-104  339.7  15.0   1   1  1.6e-104  1.6e-104  339.5  15.0     1   284     1   290     1   290 0.93 -
3912at766_246273_0:000138|OZ308468.1:625016-625886  -            290 3912                 -            284  1.4e-104  339.7  15.0   1   1  1.6e-104  1.6e-104  339.5  15.0     1   284     1   290     1   290 0.93 -
3912at766_336407_0:00042d|OZ308468.1:625016-625886  -            290 3912                 -            284  1.4e-104  339.7  15.0   1   1  1.6e-104  1.6e-104  339.5  15.0     1   284     1   290     1   290 0.93 -
3912at766_391036_0:0000b9|OZ308468.1:625016-625886  -            290 3912                 -            284  1.4e-104  339.7  15.0   1   1  1.6e-104  1.6e-104  339.5  15.0     1   284     1   290     1   290 0.93 -
3912at766_574556_0:00036a|OZ308468.1:625016-625886  -            290 3912                 -            284  1.4e-104  339.7  15.0   1   1  1.6e-104  1.6e-104  339.5  15.0     1   284     1   290     1   290 0.93 -
3912at766_696127_0:00003d|OZ308468.1:625016-625886  -            290 3912                 -            284  1.4e-104  339.7  15.0   1   1  1.6e-104  1.6e-104  339.5  15.0     1   284     1   290     1   290 0.93 -
3912at766_779_0:00012d|OZ308468.1:625016-625886     -            290 3912                 -            284  1.4e-104  339.7  15.0   1   1  1.6e-104  1.6e-104  339.5  15.0     1   284     1   290     1   290 0.93 -
3912at766_955_0:00016a|OZ308468.1:625016-625886     -            290 3912                 -            284  1.4e-104  339.7  15.0   1   1  1.6e-104  1.6e-104  339.5  15.0     1   284     1   290     1   290 0.93 -
3912at766_96496_0:000119|OZ308468.1:625016-625886   -            290 3912                 -            284  1.4e-104  339.7  15.0   1   1  1.6e-104  1.6e-104  339.5  15.0     1   284     1   290     1   290 0.93 -
3912at766_1528098_0:00055b|OZ308468.1:625013-625886 -            291 3912                 -            284  1.4e-104  339.7  15.0   1   1  1.6e-104  1.6e-104  339.5  15.0     1   284     2   291     2   291 0.93 -
#
# Program:         hmmsearch
# Version:         3.4 (Aug 2023)
# Pipeline mode:   SEARCH
# Query file:      /Users/rossoaa/Desktop/dummy/genomes/records/compleasm/mb_downloads/rickettsiales_odb12/hmms/3912at766.hmm
# Target file:     -
# Option settings: /Users/rossoaa/miniconda3/envs/compleasm_env/bin/hmmsearch --domtblout /Users/rossoaa/Desktop/dummy/genomes/records/compleasm/rickettsiales_odb12/hmmer_output/3912at766.out --cpu 1 /Users/rossoaa/Desktop/dummy/genomes/records/compleasm/mb_downloads/rickettsiales_odb12/hmms/3912at766.hmm - 
# Current dir:     /Users/rossoaa/Desktop/dummy/genomes/records/compleasm
# Date:            Tue Feb 10 10:20:23 2026
# [ok]
