#                                                                                                          --- full sequence --- -------------- this domain -------------   hmm coord   ali coord   env coord
# target name                                      accession   tlen query name           accession   qlen   E-value  score  bias   #  of  c-Evalue  i-Evalue  score  bias  from    to  from    to  from    to  acc description of target
#                              ------------------- ---------- ----- -------------------- ---------- ----- --------- ------ ----- --- --- --------- --------- ------ ----- ----- ----- ----- ----- ----- ----- ---- ---------------------
391at766_696127_0:0003cb|OZ308468.1:342663-343221  -            187 391                  -            187   6.2e-95  307.0   2.4   1   1   6.9e-95   6.9e-95  306.8   2.4     1   187     1   187     1   187 1.00 -
391at766_1105107_0:0002b7|OZ308468.1:342660-343221 -            188 391                  -            187   6.4e-95  307.0   2.4   1   1   7.1e-95   7.1e-95  306.8   2.4     1   187     1   187     1   187 1.00 -
391at766_1242993_0:00003c|OZ308468.1:342657-343221 -            188 391                  -            187   6.4e-95  307.0   2.4   1   1   7.1e-95   7.1e-95  306.8   2.4     1   187     1   187     1   187 1.00 -
391at766_1248439_0:0001c6|OZ308468.1:342657-343221 -            188 391                  -            187   6.4e-95  307.0   2.4   1   1   7.1e-95   7.1e-95  306.8   2.4     1   187     1   187     1   187 1.00 -
391at766_1286528_0:00026c|OZ308468.1:342657-343221 -            188 391                  -            187   6.4e-95  307.0   2.4   1   1   7.1e-95   7.1e-95  306.8   2.4     1   187     1   187     1   187 1.00 -
391at766_1359163_0:000043|OZ308468.1:342657-343221 -            188 391                  -            187   6.4e-95  307.0   2.4   1   1   7.1e-95   7.1e-95  306.8   2.4     1   187     1   187     1   187 1.00 -
391at766_1392507_0:0000d6|OZ308468.1:342657-343221 -            188 391                  -            187   6.4e-95  307.0   2.4   1   1   7.1e-95   7.1e-95  306.8   2.4     1   187     1   187     1   187 1.00 -
391at766_142058_0:0001a8|OZ308468.1:342657-343221  -            188 391                  -            187   6.4e-95  307.0   2.4   1   1   7.1e-95   7.1e-95  306.8   2.4     1   187     1   187     1   187 1.00 -
391at766_1528098_0:000330|OZ308468.1:342660-343221 -            188 391                  -            187   6.4e-95  307.0   2.4   1   1   7.1e-95   7.1e-95  306.8   2.4     1   187     1   187     1   187 1.00 -
391at766_1605993_0:000364|OZ308468.1:342657-343221 -            188 391                  -            187   6.4e-95  307.0   2.4   1   1   7.1e-95   7.1e-95  306.8   2.4     1   187     1   187     1   187 1.00 -
391at766_169402_0:0002ea|OZ308468.1:342657-343221  -            188 391                  -            187   6.4e-95  307.0   2.4   1   1   7.1e-95   7.1e-95  306.8   2.4     1   187     1   187     1   187 1.00 -
391at766_205920_0:000076|OZ308468.1:342657-343221  -            188 391                  -            187   6.4e-95  307.0   2.4   1   1   7.1e-95   7.1e-95  306.8   2.4     1   187     1   187     1   187 1.00 -
391at766_246273_0:00034b|OZ308468.1:342657-343221  -            188 391                  -            187   6.4e-95  307.0   2.4   1   1   7.1e-95   7.1e-95  306.8   2.4     1   187     1   187     1   187 1.00 -
391at766_2486577_0:00002b|OZ308468.1:342660-343221 -            188 391                  -            187   6.4e-95  307.0   2.4   1   1   7.1e-95   7.1e-95  306.8   2.4     1   187     1   187     1   187 1.00 -
391at766_2602574_0:00001f|OZ308468.1:342660-343221 -            188 391                  -            187   6.4e-95  307.0   2.4   1   1   7.1e-95   7.1e-95  306.8   2.4     1   187     1   187     1   187 1.00 -
391at766_272947_0:0000b1|OZ308468.1:342660-343221  -            188 391                  -            187   6.4e-95  307.0   2.4   1   1   7.1e-95   7.1e-95  306.8   2.4     1   187     1   187     1   187 1.00 -
391at766_334380_0:0001d3|OZ308468.1:342660-343221  -            188 391                  -            187   6.4e-95  307.0   2.4   1   1   7.1e-95   7.1e-95  306.8   2.4     1   187     1   187     1   187 1.00 -
391at766_336407_0:0003b1|OZ308468.1:342660-343221  -            188 391                  -            187   6.4e-95  307.0   2.4   1   1   7.1e-95   7.1e-95  306.8   2.4     1   187     1   187     1   187 1.00 -
391at766_391036_0:000361|OZ308468.1:342657-343221  -            188 391                  -            187   6.4e-95  307.0   2.4   1   1   7.1e-95   7.1e-95  306.8   2.4     1   187     1   187     1   187 1.00 -
391at766_481009_0:000074|OZ308468.1:342660-343221  -            188 391                  -            187   6.4e-95  307.0   2.4   1   1   7.1e-95   7.1e-95  306.8   2.4     1   187     1   187     1   187 1.00 -
391at766_574556_0:000073|OZ308468.1:342657-343221  -            188 391                  -            187   6.4e-95  307.0   2.4   1   1   7.1e-95   7.1e-95  306.8   2.4     1   187     1   187     1   187 1.00 -
391at766_779_0:0002ef|OZ308468.1:342657-343221     -            188 391                  -            187   6.4e-95  307.0   2.4   1   1   7.1e-95   7.1e-95  306.8   2.4     1   187     1   187     1   187 1.00 -
391at766_86105_0:00058d|OZ308468.1:342657-343221   -            188 391                  -            187   6.4e-95  307.0   2.4   1   1   7.1e-95   7.1e-95  306.8   2.4     1   187     1   187     1   187 1.00 -
391at766_955_0:000213|OZ308468.1:342657-343221     -            188 391                  -            187   6.4e-95  307.0   2.4   1   1   7.1e-95   7.1e-95  306.8   2.4     1   187     1   187     1   187 1.00 -
391at766_96496_0:000130|OZ308468.1:342657-343221   -            188 391                  -            187   6.4e-95  307.0   2.4   1   1   7.1e-95   7.1e-95  306.8   2.4     1   187     1   187     1   187 1.00 -
391at766_2486578_0:00042d|OZ308468.1:342660-343218 -            187 391                  -            187   2.5e-94  305.0   2.3   1   1   2.8e-94   2.8e-94  304.9   2.3     3   187     2   186     1   186 0.99 -
391at766_222891_0:000039|OZ308468.1:342657-343206  -            183 391                  -            187   1.1e-92  299.7   2.6   1   1   1.2e-92   1.2e-92  299.6   2.6     6   187     1   182     1   182 1.00 -
#
# Program:         hmmsearch
# Version:         3.4 (Aug 2023)
# Pipeline mode:   SEARCH
# Query file:      /Users/rossoaa/Desktop/dummy/genomes/records/compleasm/mb_downloads/rickettsiales_odb12/hmms/391at766.hmm
# Target file:     -
# Option settings: /Users/rossoaa/miniconda3/envs/compleasm_env/bin/hmmsearch --domtblout /Users/rossoaa/Desktop/dummy/genomes/records/compleasm/rickettsiales_odb12/hmmer_output/391at766.out --cpu 1 /Users/rossoaa/Desktop/dummy/genomes/records/compleasm/mb_downloads/rickettsiales_odb12/hmms/391at766.hmm - 
# Current dir:     /Users/rossoaa/Desktop/dummy/genomes/records/compleasm
# Date:            Tue Feb 10 10:20:23 2026
# [ok]
