#                                                                                                           --- full sequence --- -------------- this domain -------------   hmm coord   ali coord   env coord
# target name                                       accession   tlen query name           accession   qlen   E-value  score  bias   #  of  c-Evalue  i-Evalue  score  bias  from    to  from    to  from    to  acc description of target
#                               ------------------- ---------- ----- -------------------- ---------- ----- --------- ------ ----- --- --- --------- --------- ------ ----- ----- ----- ----- ----- ----- ----- ---- ---------------------
3922at766_2602574_0:000370|OZ308468.1:637119-637809 -            231 3922                 -            229  1.4e-109  356.3   0.1   1   1  1.6e-109  1.6e-109  356.1   0.1     3   228     4   229     2   230 0.99 -
3922at766_169402_0:000344|OZ308468.1:637116-637809  -            232 3922                 -            229  1.4e-109  356.2   0.1   1   1  1.7e-109  1.7e-109  356.0   0.1     3   228     4   229     2   230 0.99 -
3922at766_246273_0:000132|OZ308468.1:637116-637809  -            232 3922                 -            229  1.4e-109  356.2   0.1   1   1  1.7e-109  1.7e-109  356.0   0.1     3   228     4   229     2   230 0.99 -
3922at766_96496_0:0001ba|OZ308468.1:637116-637809   -            232 3922                 -            229  1.4e-109  356.2   0.1   1   1  1.7e-109  1.7e-109  356.0   0.1     3   228     4   229     2   230 0.99 -
3922at766_1286528_0:00007d|OZ308468.1:637119-637806 -            230 3922                 -            229  1.4e-109  356.2   0.1   1   1  1.6e-109  1.6e-109  356.1   0.1     3   228     3   228     1   229 0.99 -
3922at766_86105_0:0000f4|OZ308468.1:637116-637806   -            231 3922                 -            229  1.5e-109  356.2   0.1   1   1  1.6e-109  1.6e-109  356.1   0.1     3   228     3   228     1   229 0.99 -
3922at766_1605993_0:000262|OZ308468.1:637107-637809 -            234 3922                 -            229  1.5e-109  356.2   0.1   1   1  1.7e-109  1.7e-109  356.0   0.1     3   228     4   229     2   230 0.99 -
3922at766_1359163_0:00001a|OZ308468.1:637119-637803 -            229 3922                 -            229  1.9e-109  355.8   0.1   1   1  2.1e-109  2.1e-109  355.7   0.1     3   228     2   227     1   228 0.99 -
3922at766_2115978_0:00013c|OZ308468.1:637119-637803 -            229 3922                 -            229  1.9e-109  355.8   0.1   1   1  2.1e-109  2.1e-109  355.7   0.1     3   228     2   227     1   228 0.99 -
3922at766_1248439_0:000369|OZ308468.1:637110-637803 -            232 3922                 -            229    2e-109  355.8   0.1   1   1  2.2e-109  2.2e-109  355.6   0.1     3   228     2   227     1   228 0.99 -
3922at766_142058_0:000088|OZ308468.1:637107-637803  -            232 3922                 -            229    2e-109  355.8   0.1   1   1  2.2e-109  2.2e-109  355.6   0.1     3   228     2   227     1   228 0.99 -
3922at766_574556_0:0001ac|OZ308468.1:637107-637803  -            232 3922                 -            229    2e-109  355.8   0.1   1   1  2.2e-109  2.2e-109  355.6   0.1     3   228     2   227     1   228 0.99 -
3922at766_1714371_0:000098|OZ308468.1:637125-637806 -            228 3922                 -            229  2.1e-109  355.7   0.1   1   1  2.4e-109  2.4e-109  355.5   0.1     3   228     3   228     1   228 0.99 -
3922at766_222891_0:000263|OZ308468.1:637125-637806  -            228 3922                 -            229  2.1e-109  355.7   0.1   1   1  2.4e-109  2.4e-109  355.5   0.1     3   228     3   228     1   228 0.99 -
3922at766_2486577_0:000256|OZ308468.1:637125-637806 -            228 3922                 -            229  2.1e-109  355.7   0.1   1   1  2.4e-109  2.4e-109  355.5   0.1     3   228     3   228     1   228 0.99 -
3922at766_434131_0:0002e7|OZ308468.1:637125-637806  -            228 3922                 -            229  2.1e-109  355.7   0.1   1   1  2.4e-109  2.4e-109  355.5   0.1     3   228     3   228     1   228 0.99 -
3922at766_955_0:0001f4|OZ308468.1:637119-637800     -            228 3922                 -            229  2.8e-109  355.3   0.1   1   1  3.1e-109  3.1e-109  355.1   0.1     4   228     2   226     1   227 0.99 -
3922at766_1528098_0:000474|OZ308468.1:637119-637797 -            227 3922                 -            229  4.6e-109  354.6   0.1   1   1  5.2e-109  5.2e-109  354.4   0.1     4   228     1   225     1   226 0.99 -
3922at766_1961830_0:000358|OZ308468.1:637128-637806 -            227 3922                 -            229  4.6e-109  354.6   0.1   1   1  5.1e-109  5.1e-109  354.4   0.1     3   227     3   227     1   227 0.99 -
3922at766_779_0:000306|OZ308468.1:637107-637797     -            230 3922                 -            229  4.8e-109  354.5   0.1   1   1  5.5e-109  5.5e-109  354.3   0.1     4   228     1   225     1   226 0.99 -
3922at766_752179_0:000363|OZ308468.1:637125-637797  -            225 3922                 -            229  6.9e-109  354.0   0.1   1   1  7.7e-109  7.7e-109  353.8   0.1     4   228     1   225     1   225 0.99 -
3922at766_1274402_0:000149|OZ308468.1:637128-637800 -            225 3922                 -            229  8.9e-109  353.6   0.1   1   1  9.9e-109  9.9e-109  353.5   0.1     4   227     2   225     1   225 0.99 -
3922at766_1359168_0:0000cb|OZ308468.1:637128-637800 -            225 3922                 -            229  8.9e-109  353.6   0.1   1   1  9.9e-109  9.9e-109  353.5   0.1     4   227     2   225     1   225 0.99 -
3922at766_1802984_0:0000d7|OZ308468.1:637131-637812 -            228 3922                 -            229    1e-108  353.4   0.1   1   1  1.2e-108  1.2e-108  353.2   0.1     3   226     5   228     3   228 0.99 -
3922at766_696127_0:000076|OZ308468.1:637131-637806  -            226 3922                 -            229  1.1e-108  353.4   0.1   1   1  1.2e-108  1.2e-108  353.3   0.1     3   226     3   226     1   226 0.99 -
3922at766_1392507_0:000105|OZ308468.1:637131-637803 -            225 3922                 -            229  1.4e-108  353.0   0.1   1   1  1.5e-108  1.5e-108  352.9   0.1     3   226     2   225     1   225 0.99 -
3922at766_1105107_0:000158|OZ308468.1:637134-637806 -            225 3922                 -            229  3.1e-108  351.9   0.1   1   1  3.4e-108  3.4e-108  351.7   0.1     3   225     3   225     1   225 0.99 -
3922at766_1242993_0:000300|OZ308468.1:637131-637797 -            223 3922                 -            229  3.4e-108  351.7   0.1   1   1  3.8e-108  3.8e-108  351.6   0.1     4   226     1   223     1   223 0.99 -
3922at766_1423892_0:000084|OZ308468.1:637131-637797 -            223 3922                 -            229  3.4e-108  351.7   0.1   1   1  3.8e-108  3.8e-108  351.6   0.1     4   226     1   223     1   223 0.99 -
3922at766_2486578_0:00053e|OZ308468.1:637131-637797 -            223 3922                 -            229  3.4e-108  351.7   0.1   1   1  3.8e-108  3.8e-108  351.6   0.1     4   226     1   223     1   223 0.99 -
3922at766_391036_0:000222|OZ308468.1:637131-637797  -            223 3922                 -            229  3.4e-108  351.7   0.1   1   1  3.8e-108  3.8e-108  351.6   0.1     4   226     1   223     1   223 0.99 -
3922at766_334380_0:0001cd|OZ308468.1:637134-637800  -            223 3922                 -            229  5.9e-108  351.0   0.1   1   1  6.5e-108  6.5e-108  350.8   0.1     4   225     2   223     1   223 1.00 -
3922at766_272947_0:0001b5|OZ308468.1:637146-637806  -            221 3922                 -            229    9e-106  343.8   0.2   1   1  9.9e-106  9.9e-106  343.7   0.2     3   221     3   221     1   221 0.99 -
3922at766_336407_0:0001f1|OZ308468.1:637146-637806  -            221 3922                 -            229    9e-106  343.8   0.2   1   1  9.9e-106  9.9e-106  343.7   0.2     3   221     3   221     1   221 0.99 -
3922at766_481009_0:00037d|OZ308468.1:637146-637806  -            221 3922                 -            229    9e-106  343.8   0.2   1   1  9.9e-106  9.9e-106  343.7   0.2     3   221     3   221     1   221 0.99 -
#
# Program:         hmmsearch
# Version:         3.4 (Aug 2023)
# Pipeline mode:   SEARCH
# Query file:      /Users/rossoaa/Desktop/dummy/genomes/records/compleasm/mb_downloads/rickettsiales_odb12/hmms/3922at766.hmm
# Target file:     -
# Option settings: /Users/rossoaa/miniconda3/envs/compleasm_env/bin/hmmsearch --domtblout /Users/rossoaa/Desktop/dummy/genomes/records/compleasm/rickettsiales_odb12/hmmer_output/3922at766.out --cpu 1 /Users/rossoaa/Desktop/dummy/genomes/records/compleasm/mb_downloads/rickettsiales_odb12/hmms/3922at766.hmm - 
# Current dir:     /Users/rossoaa/Desktop/dummy/genomes/records/compleasm
# Date:            Tue Feb 10 10:20:20 2026
# [ok]
