#                                                                                                           --- full sequence --- -------------- this domain -------------   hmm coord   ali coord   env coord
# target name                                       accession   tlen query name           accession   qlen   E-value  score  bias   #  of  c-Evalue  i-Evalue  score  bias  from    to  from    to  from    to  acc description of target
#                               ------------------- ---------- ----- -------------------- ---------- ----- --------- ------ ----- --- --- --------- --------- ------ ----- ----- ----- ----- ----- ----- ----- ---- ---------------------
3927at766_1961830_0:00007e|OZ308468.1:728439-729069 -            211 3927                 -            207    8e-102  330.3   3.4   1   1  8.8e-102  8.8e-102  330.1   3.4     1   206     1   210     1   211 0.97 -
3927at766_752179_0:00030c|OZ308468.1:728439-729072  -            212 3927                 -            207  8.1e-102  330.3   3.4   1   1    9e-102    9e-102  330.1   3.4     1   206     1   210     1   211 0.97 -
3927at766_1286528_0:000142|OZ308468.1:728436-729075 -            214 3927                 -            207  8.3e-102  330.2   3.4   1   1  9.3e-102  9.3e-102  330.1   3.4     1   206     2   211     2   212 0.97 -
3927at766_1274402_0:00033f|OZ308468.1:728439-729081 -            215 3927                 -            207  8.5e-102  330.2   3.4   1   1  9.5e-102  9.5e-102  330.0   3.4     1   206     1   210     1   211 0.97 -
3927at766_2602574_0:000202|OZ308468.1:728430-729075 -            216 3927                 -            207  8.6e-102  330.2   3.4   1   1  9.7e-102  9.7e-102  330.0   3.4     1   206     4   213     4   214 0.97 -
3927at766_1392507_0:000004|OZ308468.1:728427-729075 -            217 3927                 -            207  8.7e-102  330.2   3.4   1   1  9.9e-102  9.9e-102  330.0   3.4     1   206     5   214     5   215 0.97 -
3927at766_696127_0:000322|OZ308468.1:728433-729090  -            220 3927                 -            207  9.2e-102  330.1   3.4   1   1    1e-101    1e-101  329.9   3.4     1   206     3   212     3   213 0.97 -
3927at766_1242993_0:000291|OZ308468.1:728433-729093 -            221 3927                 -            207  9.3e-102  330.1   3.4   1   1  1.1e-101  1.1e-101  329.9   3.4     1   206     3   212     3   213 0.97 -
3927at766_1423892_0:0000b9|OZ308468.1:728433-729093 -            221 3927                 -            207  9.3e-102  330.1   3.4   1   1  1.1e-101  1.1e-101  329.9   3.4     1   206     3   212     3   213 0.97 -
3927at766_205920_0:000257|OZ308468.1:728433-729093  -            221 3927                 -            207  9.3e-102  330.1   3.4   1   1  1.1e-101  1.1e-101  329.9   3.4     1   206     3   212     3   213 0.97 -
3927at766_391036_0:00000f|OZ308468.1:728433-729093  -            221 3927                 -            207  9.3e-102  330.1   3.4   1   1  1.1e-101  1.1e-101  329.9   3.4     1   206     3   212     3   213 0.97 -
3927at766_779_0:00017d|OZ308468.1:728433-729093     -            221 3927                 -            207  9.3e-102  330.1   3.4   1   1  1.1e-101  1.1e-101  329.9   3.4     1   206     3   212     3   213 0.97 -
3927at766_2486577_0:000146|OZ308468.1:728427-729090 -            222 3927                 -            207  9.5e-102  330.0   3.4   1   1  1.1e-101  1.1e-101  329.9   3.4     1   206     5   214     5   215 0.97 -
3927at766_86105_0:00014b|OZ308468.1:728427-729090   -            222 3927                 -            207  9.5e-102  330.0   3.4   1   1  1.1e-101  1.1e-101  329.9   3.4     1   206     5   214     5   215 0.97 -
3927at766_2486578_0:00013e|OZ308468.1:728439-729108 -            224 3927                 -            207  9.9e-102  330.0   3.4   1   1  1.1e-101  1.1e-101  329.8   3.4     1   206     1   210     1   211 0.97 -
3927at766_1528098_0:000091|OZ308468.1:728439-729117 -            227 3927                 -            207    1e-101  329.9   3.4   1   1  1.2e-101  1.2e-101  329.7   3.4     1   206     1   210     1   211 0.97 -
3927at766_2115978_0:000493|OZ308468.1:728439-729066 -            210 3927                 -            207  1.1e-101  329.8   3.2   1   1  1.3e-101  1.3e-101  329.6   3.2     1   205     1   209     1   210 0.97 -
3927at766_955_0:000193|OZ308468.1:728418-729117     -            234 3927                 -            207  1.1e-101  329.8   3.4   1   1  1.3e-101  1.3e-101  329.6   3.4     1   206     8   217     8   218 0.97 -
3927at766_1605993_0:0001eb|OZ308468.1:728418-729138 -            240 3927                 -            207  1.3e-101  329.6   3.4   1   1  1.4e-101  1.4e-101  329.4   3.4     1   206     8   217     8   218 0.97 -
3927at766_169402_0:000288|OZ308468.1:728418-729138  -            240 3927                 -            207  1.3e-101  329.6   3.4   1   1  1.4e-101  1.4e-101  329.4   3.4     1   206     8   217     8   218 0.97 -
3927at766_246273_0:000191|OZ308468.1:728418-729138  -            240 3927                 -            207  1.3e-101  329.6   3.4   1   1  1.4e-101  1.4e-101  329.4   3.4     1   206     8   217     8   218 0.97 -
3927at766_96496_0:000081|OZ308468.1:728418-729138   -            240 3927                 -            207  1.3e-101  329.6   3.4   1   1  1.4e-101  1.4e-101  329.4   3.4     1   206     8   217     8   218 0.97 -
3927at766_574556_0:00006a|OZ308468.1:728442-729069  -            210 3927                 -            207  1.8e-101  329.1   3.5   1   1    2e-101    2e-101  329.0   3.5     2   206     1   209     1   210 0.97 -
3927at766_1248439_0:000104|OZ308468.1:728442-729078 -            213 3927                 -            207  1.9e-101  329.0   3.5   1   1  2.2e-101  2.2e-101  328.9   3.5     2   206     1   209     1   210 0.97 -
3927at766_142058_0:0000eb|OZ308468.1:728442-729078  -            213 3927                 -            207  1.9e-101  329.0   3.5   1   1  2.2e-101  2.2e-101  328.9   3.5     2   206     1   209     1   210 0.97 -
3927at766_1105107_0:00000a|OZ308468.1:728439-729063 -            209 3927                 -            207  2.3e-101  328.8   3.5   1   1  2.6e-101  2.6e-101  328.6   3.5     1   204     1   208     1   209 0.97 -
3927at766_272947_0:0002ca|OZ308468.1:728439-729063  -            209 3927                 -            207  2.3e-101  328.8   3.5   1   1  2.6e-101  2.6e-101  328.6   3.5     1   204     1   208     1   209 0.97 -
3927at766_336407_0:0000ce|OZ308468.1:728439-729063  -            209 3927                 -            207  2.3e-101  328.8   3.5   1   1  2.6e-101  2.6e-101  328.6   3.5     1   204     1   208     1   209 0.97 -
3927at766_481009_0:0002fa|OZ308468.1:728439-729063  -            209 3927                 -            207  2.3e-101  328.8   3.5   1   1  2.6e-101  2.6e-101  328.6   3.5     1   204     1   208     1   209 0.97 -
3927at766_1714371_0:000239|OZ308468.1:728436-729063 -            210 3927                 -            207  2.3e-101  328.8   3.5   1   1  2.6e-101  2.6e-101  328.6   3.5     1   204     2   209     2   210 0.97 -
3927at766_222891_0:00017b|OZ308468.1:728436-729063  -            210 3927                 -            207  2.3e-101  328.8   3.5   1   1  2.6e-101  2.6e-101  328.6   3.5     1   204     2   209     2   210 0.97 -
3927at766_434131_0:000057|OZ308468.1:728436-729063  -            210 3927                 -            207  2.3e-101  328.8   3.5   1   1  2.6e-101  2.6e-101  328.6   3.5     1   204     2   209     2   210 0.97 -
3927at766_1802984_0:000173|OZ308468.1:728427-729063 -            213 3927                 -            207  2.5e-101  328.7   3.5   1   1  2.8e-101  2.8e-101  328.5   3.5     1   204     5   212     5   213 0.97 -
3927at766_1359163_0:0002db|OZ308468.1:728457-729120 -            222 3927                 -            207     2e-98  319.2   3.7   1   1   2.2e-98   2.2e-98  319.0   3.7     7   206     1   204     1   205 0.97 -
#
# Program:         hmmsearch
# Version:         3.4 (Aug 2023)
# Pipeline mode:   SEARCH
# Query file:      /Users/rossoaa/Desktop/dummy/genomes/records/compleasm/mb_downloads/rickettsiales_odb12/hmms/3927at766.hmm
# Target file:     -
# Option settings: /Users/rossoaa/miniconda3/envs/compleasm_env/bin/hmmsearch --domtblout /Users/rossoaa/Desktop/dummy/genomes/records/compleasm/rickettsiales_odb12/hmmer_output/3927at766.out --cpu 1 /Users/rossoaa/Desktop/dummy/genomes/records/compleasm/mb_downloads/rickettsiales_odb12/hmms/3927at766.hmm - 
# Current dir:     /Users/rossoaa/Desktop/dummy/genomes/records/compleasm
# Date:            Tue Feb 10 10:20:23 2026
# [ok]
