#                                                                                                          --- full sequence --- -------------- this domain -------------   hmm coord   ali coord   env coord
# target name                                      accession   tlen query name           accession   qlen   E-value  score  bias   #  of  c-Evalue  i-Evalue  score  bias  from    to  from    to  from    to  acc description of target
#                              ------------------- ---------- ----- -------------------- ---------- ----- --------- ------ ----- --- --- --------- --------- ------ ----- ----- ----- ----- ----- ----- ----- ---- ---------------------
397at766_1105107_0:00010a|OZ308468.1:530194-531259 -            356 397                  -            333    3e-131  427.7   8.6   1   1  3.4e-131  3.4e-131  427.5   8.6     1   330     4   350     4   355 0.93 -
397at766_272947_0:0001f0|OZ308468.1:530194-531259  -            356 397                  -            333    3e-131  427.7   8.6   1   1  3.4e-131  3.4e-131  427.5   8.6     1   330     4   350     4   355 0.93 -
397at766_336407_0:0001a3|OZ308468.1:530194-531259  -            356 397                  -            333    3e-131  427.7   8.6   1   1  3.4e-131  3.4e-131  427.5   8.6     1   330     4   350     4   355 0.93 -
397at766_481009_0:0002e5|OZ308468.1:530194-531259  -            356 397                  -            333    3e-131  427.7   8.6   1   1  3.4e-131  3.4e-131  427.5   8.6     1   330     4   350     4   355 0.93 -
397at766_1528098_0:00014a|OZ308468.1:530194-531262 -            357 397                  -            333    3e-131  427.6   8.6   1   1  3.5e-131  3.5e-131  427.5   8.6     1   330     5   351     5   356 0.93 -
397at766_955_0:0002ef|OZ308468.1:530194-531262     -            357 397                  -            333    3e-131  427.6   8.6   1   1  3.5e-131  3.5e-131  427.5   8.6     1   330     5   351     5   356 0.93 -
397at766_96496_0:00012f|OZ308468.1:530194-531262   -            357 397                  -            333    3e-131  427.6   8.6   1   1  3.5e-131  3.5e-131  427.5   8.6     1   330     5   351     5   356 0.93 -
397at766_169402_0:000541|OZ308468.1:530191-531262  -            358 397                  -            333  3.1e-131  427.6   8.6   1   1  3.5e-131  3.5e-131  427.4   8.6     1   330     5   351     5   356 0.93 -
397at766_1605993_0:00032f|OZ308468.1:530185-531262 -            359 397                  -            333  3.1e-131  427.6   8.6   1   1  3.6e-131  3.6e-131  427.4   8.6     1   330     5   351     5   356 0.93 -
397at766_246273_0:000355|OZ308468.1:530185-531262  -            359 397                  -            333  3.1e-131  427.6   8.6   1   1  3.6e-131  3.6e-131  427.4   8.6     1   330     5   351     5   356 0.93 -
397at766_1242993_0:00020d|OZ308468.1:530194-531247 -            352 397                  -            333  1.2e-130  425.7   8.8   1   1  1.4e-130  1.4e-130  425.5   8.8     2   330     1   346     1   351 0.93 -
397at766_1359163_0:000081|OZ308468.1:530188-531247 -            354 397                  -            333  1.2e-130  425.6   8.8   1   1  1.4e-130  1.4e-130  425.5   8.8     2   330     1   346     1   351 0.93 -
397at766_1392507_0:00010e|OZ308468.1:530188-531247 -            354 397                  -            333  1.2e-130  425.6   8.8   1   1  1.4e-130  1.4e-130  425.5   8.8     2   330     1   346     1   351 0.93 -
397at766_1423892_0:0000f1|OZ308468.1:530188-531247 -            354 397                  -            333  1.2e-130  425.6   8.8   1   1  1.4e-130  1.4e-130  425.5   8.8     2   330     1   346     1   351 0.93 -
397at766_205920_0:000226|OZ308468.1:530188-531247  -            354 397                  -            333  1.2e-130  425.6   8.8   1   1  1.4e-130  1.4e-130  425.5   8.8     2   330     1   346     1   351 0.93 -
397at766_391036_0:00024b|OZ308468.1:530188-531247  -            354 397                  -            333  1.2e-130  425.6   8.8   1   1  1.4e-130  1.4e-130  425.5   8.8     2   330     1   346     1   351 0.93 -
397at766_779_0:0001f5|OZ308468.1:530194-531244     -            351 397                  -            333  4.8e-130  423.7   8.9   1   1  5.5e-130  5.5e-130  423.5   8.9     3   330     1   345     1   350 0.93 -
397at766_1248439_0:00019f|OZ308468.1:530191-531244 -            352 397                  -            333  4.9e-130  423.7   8.9   1   1  5.6e-130  5.6e-130  423.5   8.9     3   330     1   345     1   350 0.93 -
397at766_574556_0:00021d|OZ308468.1:530191-531244  -            352 397                  -            333  4.9e-130  423.7   8.9   1   1  5.6e-130  5.6e-130  423.5   8.9     3   330     1   345     1   350 0.93 -
397at766_86105_0:0003e5|OZ308468.1:530239-531250   -            338 397                  -            333  1.5e-128  418.8   8.1   1   1  1.7e-128  1.7e-128  418.6   8.1     1   320     1   337     1   338 0.94 -
397at766_142058_0:000264|OZ308468.1:530230-531244  -            339 397                  -            333  2.2e-128  418.3   9.0   1   1  2.5e-128  2.5e-128  418.1   9.0     3   324     1   339     1   339 0.94 -
397at766_696127_0:000139|OZ308468.1:530209-531208  -            334 397                  -            333  1.6e-123  402.3   6.5   1   1  1.8e-123  1.8e-123  402.1   6.5    16   329     2   332     1   334 0.93 -
397at766_2602574_0:0003a4|OZ308468.1:530401-531244 -            282 397                  -            333  1.3e-107  350.0   5.4   1   1  1.5e-107  1.5e-107  349.8   5.4     3   274     1   282     1   282 0.95 -
#
# Program:         hmmsearch
# Version:         3.4 (Aug 2023)
# Pipeline mode:   SEARCH
# Query file:      /Users/rossoaa/Desktop/dummy/genomes/records/compleasm/mb_downloads/rickettsiales_odb12/hmms/397at766.hmm
# Target file:     -
# Option settings: /Users/rossoaa/miniconda3/envs/compleasm_env/bin/hmmsearch --domtblout /Users/rossoaa/Desktop/dummy/genomes/records/compleasm/rickettsiales_odb12/hmmer_output/397at766.out --cpu 1 /Users/rossoaa/Desktop/dummy/genomes/records/compleasm/mb_downloads/rickettsiales_odb12/hmms/397at766.hmm - 
# Current dir:     /Users/rossoaa/Desktop/dummy/genomes/records/compleasm
# Date:            Tue Feb 10 10:20:23 2026
# [ok]
