#                                                                                                             --- full sequence --- -------------- this domain -------------   hmm coord   ali coord   env coord
# target name                                         accession   tlen query name           accession   qlen   E-value  score  bias   #  of  c-Evalue  i-Evalue  score  bias  from    to  from    to  from    to  acc description of target
#                                 ------------------- ---------- ----- -------------------- ---------- ----- --------- ------ ----- --- --- --------- --------- ------ ----- ----- ----- ----- ----- ----- ----- ---- ---------------------
3980at766_1605993_0:0000be|OZ308468.1:1066949-1067684 -            245 3980                 -            246     1e-92  299.5   0.2   1   1   1.1e-92   1.1e-92  299.4   0.2     6   233     3   244     1   245 0.92 -
3980at766_169402_0:000129|OZ308468.1:1066949-1067681  -            245 3980                 -            246     1e-92  299.5   0.2   1   1   1.1e-92   1.1e-92  299.4   0.2     6   233     3   244     1   245 0.92 -
3980at766_246273_0:0003a2|OZ308468.1:1066949-1067684  -            245 3980                 -            246     1e-92  299.5   0.2   1   1   1.1e-92   1.1e-92  299.4   0.2     6   233     3   244     1   245 0.92 -
3980at766_96496_0:000281|OZ308468.1:1066949-1067684   -            245 3980                 -            246     1e-92  299.5   0.2   1   1   1.1e-92   1.1e-92  299.4   0.2     6   233     3   244     1   245 0.92 -
3980at766_779_0:000318|OZ308468.1:1066955-1067681     -            243 3980                 -            246   1.8e-92  298.7   0.2   1   1     2e-92     2e-92  298.6   0.2     8   233     3   242     1   243 0.92 -
3980at766_142058_0:00004f|OZ308468.1:1066961-1067681  -            241 3980                 -            246   3.4e-92  297.8   0.2   1   1   3.8e-92   3.8e-92  297.7   0.2     9   233     2   240     1   241 0.92 -
3980at766_574556_0:000150|OZ308468.1:1066961-1067681  -            241 3980                 -            246   3.4e-92  297.8   0.2   1   1   3.8e-92   3.8e-92  297.7   0.2     9   233     2   240     1   241 0.92 -
3980at766_1242993_0:0000ba|OZ308468.1:1066982-1067681 -            234 3980                 -            246   3.2e-91  294.6   0.1   1   1   3.6e-91   3.6e-91  294.5   0.1    16   233     2   233     1   234 0.93 -
3980at766_1248439_0:000331|OZ308468.1:1066982-1067681 -            234 3980                 -            246   3.2e-91  294.6   0.1   1   1   3.6e-91   3.6e-91  294.5   0.1    16   233     2   233     1   234 0.93 -
3980at766_1423892_0:000009|OZ308468.1:1066982-1067681 -            234 3980                 -            246   3.2e-91  294.6   0.1   1   1   3.6e-91   3.6e-91  294.5   0.1    16   233     2   233     1   234 0.93 -
3980at766_205920_0:000195|OZ308468.1:1066982-1067681  -            234 3980                 -            246   3.2e-91  294.6   0.1   1   1   3.6e-91   3.6e-91  294.5   0.1    16   233     2   233     1   234 0.93 -
3980at766_391036_0:000195|OZ308468.1:1066982-1067681  -            234 3980                 -            246   3.2e-91  294.6   0.1   1   1   3.6e-91   3.6e-91  294.5   0.1    16   233     2   233     1   234 0.93 -
3980at766_955_0:000156|OZ308468.1:1066982-1067684     -            234 3980                 -            246   3.2e-91  294.6   0.1   1   1   3.6e-91   3.6e-91  294.5   0.1    16   233     2   233     1   234 0.93 -
3980at766_1359163_0:0002df|OZ308468.1:1066988-1067681 -            232 3980                 -            246   1.7e-90  292.3   0.1   1   1   1.9e-90   1.9e-90  292.1   0.1    17   233     1   231     1   232 0.93 -
3980at766_1392507_0:000029|OZ308468.1:1066988-1067681 -            232 3980                 -            246   1.7e-90  292.3   0.1   1   1   1.9e-90   1.9e-90  292.1   0.1    17   233     1   231     1   232 0.93 -
3980at766_1802984_0:00022e|OZ308468.1:1066952-1072363 -            293 3980                 -            246   4.2e-78  251.7   0.3   1   1   5.2e-78   5.2e-78  251.4   0.3     6   214     2   225     1   233 0.90 -
#
# Program:         hmmsearch
# Version:         3.4 (Aug 2023)
# Pipeline mode:   SEARCH
# Query file:      /Users/rossoaa/Desktop/dummy/genomes/records/compleasm/mb_downloads/rickettsiales_odb12/hmms/3980at766.hmm
# Target file:     -
# Option settings: /Users/rossoaa/miniconda3/envs/compleasm_env/bin/hmmsearch --domtblout /Users/rossoaa/Desktop/dummy/genomes/records/compleasm/rickettsiales_odb12/hmmer_output/3980at766.out --cpu 1 /Users/rossoaa/Desktop/dummy/genomes/records/compleasm/mb_downloads/rickettsiales_odb12/hmms/3980at766.hmm - 
# Current dir:     /Users/rossoaa/Desktop/dummy/genomes/records/compleasm
# Date:            Tue Feb 10 10:20:23 2026
# [ok]
