#                                                                                                           --- full sequence --- -------------- this domain -------------   hmm coord   ali coord   env coord
# target name                                       accession   tlen query name           accession   qlen   E-value  score  bias   #  of  c-Evalue  i-Evalue  score  bias  from    to  from    to  from    to  acc description of target
#                               ------------------- ---------- ----- -------------------- ---------- ----- --------- ------ ----- --- --- --------- --------- ------ ----- ----- ----- ----- ----- ----- ----- ---- ---------------------
4008at766_1242993_0:000303|OZ308468.1:468689-469379 -            231 4008                 -            217   5.3e-83  267.4   0.7   1   1   5.9e-83   5.9e-83  267.2   0.7     1   216     1   230     1   231 0.89 -
4008at766_1605993_0:000143|OZ308468.1:468689-469382 -            231 4008                 -            217   5.3e-83  267.4   0.7   1   1   5.9e-83   5.9e-83  267.2   0.7     1   216     1   230     1   231 0.89 -
4008at766_955_0:0000c9|OZ308468.1:468689-469382     -            231 4008                 -            217   5.3e-83  267.4   0.7   1   1   5.9e-83   5.9e-83  267.2   0.7     1   216     1   230     1   231 0.89 -
4008at766_169402_0:0001eb|OZ308468.1:468689-469373  -            229 4008                 -            217   1.4e-82  266.0   0.7   1   1   1.6e-82   1.6e-82  265.9   0.7     1   214     1   228     1   229 0.89 -
4008at766_246273_0:000330|OZ308468.1:468689-469373  -            229 4008                 -            217   1.4e-82  266.0   0.7   1   1   1.6e-82   1.6e-82  265.9   0.7     1   214     1   228     1   229 0.89 -
4008at766_1359163_0:0002f1|OZ308468.1:468695-469379 -            229 4008                 -            217   3.1e-82  264.9   0.5   1   1   3.4e-82   3.4e-82  264.7   0.5     3   216     1   228     1   229 0.89 -
4008at766_1392507_0:000260|OZ308468.1:468695-469379 -            229 4008                 -            217   3.1e-82  264.9   0.5   1   1   3.4e-82   3.4e-82  264.7   0.5     3   216     1   228     1   229 0.89 -
4008at766_574556_0:000210|OZ308468.1:468695-469379  -            229 4008                 -            217   3.1e-82  264.9   0.5   1   1   3.4e-82   3.4e-82  264.7   0.5     3   216     1   228     1   229 0.89 -
4008at766_1423892_0:00034a|OZ308468.1:468698-469379 -            228 4008                 -            217   6.6e-82  263.8   0.5   1   1   7.4e-82   7.4e-82  263.7   0.5     4   216     1   227     1   228 0.89 -
4008at766_205920_0:000020|OZ308468.1:468698-469379  -            228 4008                 -            217   6.6e-82  263.8   0.5   1   1   7.4e-82   7.4e-82  263.7   0.5     4   216     1   227     1   228 0.89 -
4008at766_391036_0:0001dd|OZ308468.1:468698-469379  -            228 4008                 -            217   6.6e-82  263.8   0.5   1   1   7.4e-82   7.4e-82  263.7   0.5     4   216     1   227     1   228 0.89 -
4008at766_779_0:00030b|OZ308468.1:468698-469379     -            228 4008                 -            217   6.6e-82  263.8   0.5   1   1   7.4e-82   7.4e-82  263.7   0.5     4   216     1   227     1   228 0.89 -
4008at766_1248439_0:0001fe|OZ308468.1:468695-469373 -            227 4008                 -            217   8.1e-82  263.5   0.6   1   1   9.1e-82   9.1e-82  263.4   0.6     3   214     1   226     1   227 0.89 -
4008at766_142058_0:000392|OZ308468.1:468695-469373  -            227 4008                 -            217   8.1e-82  263.5   0.6   1   1   9.1e-82   9.1e-82  263.4   0.6     3   214     1   226     1   227 0.89 -
#
# Program:         hmmsearch
# Version:         3.4 (Aug 2023)
# Pipeline mode:   SEARCH
# Query file:      /Users/rossoaa/Desktop/dummy/genomes/records/compleasm/mb_downloads/rickettsiales_odb12/hmms/4008at766.hmm
# Target file:     -
# Option settings: /Users/rossoaa/miniconda3/envs/compleasm_env/bin/hmmsearch --domtblout /Users/rossoaa/Desktop/dummy/genomes/records/compleasm/rickettsiales_odb12/hmmer_output/4008at766.out --cpu 1 /Users/rossoaa/Desktop/dummy/genomes/records/compleasm/mb_downloads/rickettsiales_odb12/hmms/4008at766.hmm - 
# Current dir:     /Users/rossoaa/Desktop/dummy/genomes/records/compleasm
# Date:            Tue Feb 10 10:20:24 2026
# [ok]
