#                                                                                                           --- full sequence --- -------------- this domain -------------   hmm coord   ali coord   env coord
# target name                                       accession   tlen query name           accession   qlen   E-value  score  bias   #  of  c-Evalue  i-Evalue  score  bias  from    to  from    to  from    to  acc description of target
#                               ------------------- ---------- ----- -------------------- ---------- ----- --------- ------ ----- --- --- --------- --------- ------ ----- ----- ----- ----- ----- ----- ----- ---- ---------------------
4028at766_1105107_0:0002b9|OZ308468.1:184420-184873 -            152 4028                 -            152   2.5e-85  274.8   0.4   1   1   2.8e-85   2.8e-85  274.7   0.4     1   152     1   152     1   152 0.99 -
4028at766_1242993_0:000110|OZ308468.1:184420-184876 -            152 4028                 -            152   2.5e-85  274.8   0.4   1   1   2.8e-85   2.8e-85  274.7   0.4     1   152     1   152     1   152 0.99 -
4028at766_1286528_0:0000a7|OZ308468.1:184420-184876 -            152 4028                 -            152   2.5e-85  274.8   0.4   1   1   2.8e-85   2.8e-85  274.7   0.4     1   152     1   152     1   152 0.99 -
4028at766_1359163_0:0000fe|OZ308468.1:184420-184873 -            152 4028                 -            152   2.5e-85  274.8   0.4   1   1   2.8e-85   2.8e-85  274.7   0.4     1   152     1   152     1   152 0.99 -
4028at766_1359168_0:0002a9|OZ308468.1:184420-184873 -            152 4028                 -            152   2.5e-85  274.8   0.4   1   1   2.8e-85   2.8e-85  274.7   0.4     1   152     1   152     1   152 0.99 -
4028at766_1423892_0:0002b6|OZ308468.1:184420-184876 -            152 4028                 -            152   2.5e-85  274.8   0.4   1   1   2.8e-85   2.8e-85  274.7   0.4     1   152     1   152     1   152 0.99 -
4028at766_1605993_0:00011d|OZ308468.1:184420-184876 -            152 4028                 -            152   2.5e-85  274.8   0.4   1   1   2.8e-85   2.8e-85  274.7   0.4     1   152     1   152     1   152 0.99 -
4028at766_169402_0:000473|OZ308468.1:184420-184876  -            152 4028                 -            152   2.5e-85  274.8   0.4   1   1   2.8e-85   2.8e-85  274.7   0.4     1   152     1   152     1   152 0.99 -
4028at766_1714371_0:000025|OZ308468.1:184420-184876 -            152 4028                 -            152   2.5e-85  274.8   0.4   1   1   2.8e-85   2.8e-85  274.7   0.4     1   152     1   152     1   152 0.99 -
4028at766_1961830_0:00048d|OZ308468.1:184420-184876 -            152 4028                 -            152   2.5e-85  274.8   0.4   1   1   2.8e-85   2.8e-85  274.7   0.4     1   152     1   152     1   152 0.99 -
4028at766_205920_0:0000ea|OZ308468.1:184420-184876  -            152 4028                 -            152   2.5e-85  274.8   0.4   1   1   2.8e-85   2.8e-85  274.7   0.4     1   152     1   152     1   152 0.99 -
4028at766_222891_0:00013d|OZ308468.1:184420-184876  -            152 4028                 -            152   2.5e-85  274.8   0.4   1   1   2.8e-85   2.8e-85  274.7   0.4     1   152     1   152     1   152 0.99 -
4028at766_246273_0:000233|OZ308468.1:184420-184876  -            152 4028                 -            152   2.5e-85  274.8   0.4   1   1   2.8e-85   2.8e-85  274.7   0.4     1   152     1   152     1   152 0.99 -
4028at766_272947_0:000314|OZ308468.1:184420-184876  -            152 4028                 -            152   2.5e-85  274.8   0.4   1   1   2.8e-85   2.8e-85  274.7   0.4     1   152     1   152     1   152 0.99 -
4028at766_336407_0:000224|OZ308468.1:184420-184876  -            152 4028                 -            152   2.5e-85  274.8   0.4   1   1   2.8e-85   2.8e-85  274.7   0.4     1   152     1   152     1   152 0.99 -
4028at766_434131_0:0000bc|OZ308468.1:184420-184876  -            152 4028                 -            152   2.5e-85  274.8   0.4   1   1   2.8e-85   2.8e-85  274.7   0.4     1   152     1   152     1   152 0.99 -
4028at766_481009_0:0002ca|OZ308468.1:184420-184876  -            152 4028                 -            152   2.5e-85  274.8   0.4   1   1   2.8e-85   2.8e-85  274.7   0.4     1   152     1   152     1   152 0.99 -
4028at766_752179_0:0002fc|OZ308468.1:184420-184876  -            152 4028                 -            152   2.5e-85  274.8   0.4   1   1   2.8e-85   2.8e-85  274.7   0.4     1   152     1   152     1   152 0.99 -
4028at766_955_0:0001d7|OZ308468.1:184420-184876     -            152 4028                 -            152   2.5e-85  274.8   0.4   1   1   2.8e-85   2.8e-85  274.7   0.4     1   152     1   152     1   152 0.99 -
4028at766_96496_0:000025|OZ308468.1:184420-184876   -            152 4028                 -            152   2.5e-85  274.8   0.4   1   1   2.8e-85   2.8e-85  274.7   0.4     1   152     1   152     1   152 0.99 -
4028at766_1528098_0:00059e|OZ308468.1:184417-184876 -            153 4028                 -            152   2.5e-85  274.8   0.4   1   1   2.8e-85   2.8e-85  274.6   0.4     1   152     2   153     2   153 0.99 -
4028at766_2115978_0:000086|OZ308468.1:184417-184876 -            153 4028                 -            152   2.5e-85  274.8   0.4   1   1   2.8e-85   2.8e-85  274.6   0.4     1   152     2   153     2   153 0.99 -
4028at766_2486578_0:00024a|OZ308468.1:184417-184876 -            153 4028                 -            152   2.5e-85  274.8   0.4   1   1   2.8e-85   2.8e-85  274.6   0.4     1   152     2   153     2   153 0.99 -
4028at766_779_0:000092|OZ308468.1:184417-184876     -            153 4028                 -            152   2.5e-85  274.8   0.4   1   1   2.8e-85   2.8e-85  274.6   0.4     1   152     2   153     2   153 0.99 -
4028at766_1392507_0:00033b|OZ308468.1:184420-184870 -            151 4028                 -            152   6.6e-85  273.4   0.3   1   1   7.4e-85   7.4e-85  273.3   0.3     1   151     1   151     1   151 0.99 -
4028at766_334380_0:0000ad|OZ308468.1:184420-184870  -            151 4028                 -            152   6.6e-85  273.4   0.3   1   1   7.4e-85   7.4e-85  273.3   0.3     1   151     1   151     1   151 0.99 -
4028at766_1248439_0:000281|OZ308468.1:184423-184876 -            151 4028                 -            152     1e-84  272.8   0.3   1   1   1.1e-84   1.1e-84  272.7   0.3     2   152     1   151     1   151 0.99 -
4028at766_142058_0:000345|OZ308468.1:184423-184876  -            151 4028                 -            152     1e-84  272.8   0.3   1   1   1.1e-84   1.1e-84  272.7   0.3     2   152     1   151     1   151 0.99 -
4028at766_574556_0:0002e2|OZ308468.1:184423-184870  -            150 4028                 -            152   2.7e-84  271.4   0.2   1   1     3e-84     3e-84  271.3   0.2     2   151     1   150     1   150 0.99 -
4028at766_696127_0:00031c|OZ308468.1:184426-184852  -            143 4028                 -            152   5.1e-81  260.8   0.1   1   1   5.6e-81   5.6e-81  260.7   0.1     3   145     1   143     1   143 0.99 -
4028at766_2602574_0:0002e1|OZ308468.1:184426-184846 -            141 4028                 -            152   2.4e-80  258.6   0.1   1   1   2.7e-80   2.7e-80  258.5   0.1     3   143     1   141     1   141 0.99 -
#
# Program:         hmmsearch
# Version:         3.4 (Aug 2023)
# Pipeline mode:   SEARCH
# Query file:      /Users/rossoaa/Desktop/dummy/genomes/records/compleasm/mb_downloads/rickettsiales_odb12/hmms/4028at766.hmm
# Target file:     -
# Option settings: /Users/rossoaa/miniconda3/envs/compleasm_env/bin/hmmsearch --domtblout /Users/rossoaa/Desktop/dummy/genomes/records/compleasm/rickettsiales_odb12/hmmer_output/4028at766.out --cpu 1 /Users/rossoaa/Desktop/dummy/genomes/records/compleasm/mb_downloads/rickettsiales_odb12/hmms/4028at766.hmm - 
# Current dir:     /Users/rossoaa/Desktop/dummy/genomes/records/compleasm
# Date:            Tue Feb 10 10:20:22 2026
# [ok]
