#                                                                                                           --- full sequence --- -------------- this domain -------------   hmm coord   ali coord   env coord
# target name                                       accession   tlen query name           accession   qlen   E-value  score  bias   #  of  c-Evalue  i-Evalue  score  bias  from    to  from    to  from    to  acc description of target
#                               ------------------- ---------- ----- -------------------- ---------- ----- --------- ------ ----- --- --- --------- --------- ------ ----- ----- ----- ----- ----- ----- ----- ---- ---------------------
4057at766_1248439_0:00018e|OZ308468.1:566932-567481 -            184 4057                 -            180   2.6e-86  278.9   0.4   1   1   2.9e-86   2.9e-86  278.7   0.4     4   178     6   181     3   183 0.95 -
4057at766_169402_0:000155|OZ308468.1:566932-567481  -            184 4057                 -            180   2.6e-86  278.9   0.4   1   1   2.9e-86   2.9e-86  278.7   0.4     4   178     6   181     3   183 0.95 -
4057at766_574556_0:0000b6|OZ308468.1:566932-567481  -            184 4057                 -            180   2.6e-86  278.9   0.4   1   1   2.9e-86   2.9e-86  278.7   0.4     4   178     6   181     3   183 0.95 -
4057at766_142058_0:0001c1|OZ308468.1:566932-567484  -            185 4057                 -            180   2.6e-86  278.9   0.4   1   1     3e-86     3e-86  278.7   0.4     4   178     7   182     4   184 0.95 -
4057at766_1423892_0:00015d|OZ308468.1:566926-567481 -            186 4057                 -            180   2.6e-86  278.9   0.4   1   1     3e-86     3e-86  278.7   0.4     4   178     6   181     3   183 0.95 -
4057at766_779_0:0002a1|OZ308468.1:566929-567484     -            186 4057                 -            180   2.6e-86  278.9   0.4   1   1     3e-86     3e-86  278.7   0.4     4   178     7   182     4   184 0.95 -
4057at766_205920_0:00024e|OZ308468.1:566926-567484  -            187 4057                 -            180   2.7e-86  278.8   0.4   1   1   3.1e-86   3.1e-86  278.6   0.4     4   178     7   182     4   184 0.95 -
4057at766_1359163_0:00033d|OZ308468.1:566932-567490 -            187 4057                 -            180   2.7e-86  278.8   0.4   1   1   3.1e-86   3.1e-86  278.6   0.4     4   178     9   184     6   186 0.95 -
4057at766_1605993_0:00013f|OZ308468.1:566908-567481 -            191 4057                 -            180   2.9e-86  278.7   0.4   1   1   3.4e-86   3.4e-86  278.5   0.4     4   178     6   181     3   183 0.95 -
4057at766_246273_0:00027a|OZ308468.1:566908-567481  -            191 4057                 -            180   2.9e-86  278.7   0.4   1   1   3.4e-86   3.4e-86  278.5   0.4     4   178     6   181     3   183 0.95 -
4057at766_96496_0:0000b9|OZ308468.1:566908-567481   -            191 4057                 -            180   2.9e-86  278.7   0.4   1   1   3.4e-86   3.4e-86  278.5   0.4     4   178     6   181     3   183 0.95 -
4057at766_955_0:00002e|OZ308468.1:566929-567472     -            182 4057                 -            180   3.2e-86  278.6   0.4   1   1   3.5e-86   3.5e-86  278.4   0.4     4   178     3   178     1   180 0.96 -
4057at766_1392507_0:000335|OZ308468.1:566932-567469 -            180 4057                 -            180   3.9e-86  278.3   0.4   1   1   4.4e-86   4.4e-86  278.1   0.4     5   178     3   177     1   179 0.96 -
4057at766_2115978_0:0004a4|OZ308468.1:566941-567481 -            181 4057                 -            180   4.4e-86  278.1   0.4   1   1     5e-86     5e-86  277.9   0.4     4   177     6   180     3   181 0.96 -
4057at766_1242993_0:00003d|OZ308468.1:566941-567484 -            182 4057                 -            180   4.5e-86  278.1   0.4   1   1   5.1e-86   5.1e-86  277.9   0.4     4   177     7   181     4   182 0.96 -
4057at766_86105_0:00008f|OZ308468.1:566941-567490   -            184 4057                 -            180   4.7e-86  278.0   0.4   1   1   5.4e-86   5.4e-86  277.9   0.4     4   177     9   183     6   184 0.96 -
4057at766_481009_0:00022c|OZ308468.1:566944-567487  -            182 4057                 -            180   5.7e-86  277.8   0.4   1   1   6.6e-86   6.6e-86  277.6   0.4     4   177     8   182     5   182 0.96 -
4057at766_1714371_0:000083|OZ308468.1:566941-567448 -            170 4057                 -            180     9e-85  273.9   0.3   1   1   9.8e-85   9.8e-85  273.7   0.3    12   177     3   169     1   170 0.95 -
4057at766_222891_0:000249|OZ308468.1:566941-567448  -            170 4057                 -            180     9e-85  273.9   0.3   1   1   9.8e-85   9.8e-85  273.7   0.3    12   177     3   169     1   170 0.95 -
4057at766_1802984_0:0002af|OZ308468.1:566920-567442 -            175 4057                 -            180     1e-84  273.7   0.3   1   1   1.1e-84   1.1e-84  273.5   0.3    16   178     6   168     1   170 0.95 -
4057at766_696127_0:000220|OZ308468.1:566923-567433  -            171 4057                 -            180   2.1e-84  272.7   0.4   1   1   2.3e-84   2.3e-84  272.5   0.4    17   178     4   165     1   167 0.97 -
4057at766_752179_0:00008e|OZ308468.1:566923-569757  -            194 4057                 -            180   2.2e-84  272.6   0.5   1   1   2.6e-84   2.6e-84  272.3   0.5    17   178    27   188    10   190 0.94 -
4057at766_1961830_0:00036b|OZ308468.1:566941-567433 -            165 4057                 -            180   3.5e-84  271.9   0.5   1   1   3.8e-84   3.8e-84  271.8   0.5    17   177     4   164     1   165 0.97 -
4057at766_1528098_0:0003c2|OZ308468.1:566923-567424 -            168 4057                 -            180   3.9e-84  271.8   0.4   1   1   4.3e-84   4.3e-84  271.7   0.4    20   178     4   162     1   164 0.97 -
4057at766_1105107_0:0002e6|OZ308468.1:566944-567415 -            158 4057                 -            180   1.4e-83  270.0   0.5   1   1   1.5e-83   1.5e-83  269.9   0.5    22   177     3   158     1   158 0.98 -
4057at766_2486578_0:0001d6|OZ308468.1:566941-567412 -            158 4057                 -            180   1.5e-83  269.9   0.6   1   1   1.7e-83   1.7e-83  269.7   0.6    23   177     3   157     1   158 0.98 -
4057at766_2602574_0:000365|OZ308468.1:566923-567391 -            157 4057                 -            180   5.9e-83  267.9   0.6   1   1   6.7e-83   6.7e-83  267.8   0.6    29   178     2   151     1   153 0.98 -
4057at766_272947_0:00000e|OZ308468.1:566944-567385  -            148 4057                 -            180   4.3e-82  265.1   0.5   1   1   4.8e-82   4.8e-82  265.0   0.5    30   177     1   148     1   148 0.99 -
4057at766_1359168_0:0002a6|OZ308468.1:566920-567373 -            152 4057                 -            180   3.5e-81  262.2   0.5   1   1     4e-81     4e-81  262.0   0.5    34   178     1   145     1   147 0.98 -
4057at766_334380_0:000240|OZ308468.1:566917-567373  -            153 4057                 -            180   3.6e-81  262.1   0.5   1   1   4.1e-81   4.1e-81  261.9   0.5    34   178     1   145     1   147 0.98 -
4057at766_1274402_0:0002bf|OZ308468.1:566941-567364 -            142 4057                 -            180   4.5e-80  258.5   0.4   1   1     5e-80     5e-80  258.4   0.4    37   177     1   141     1   142 0.99 -
4057at766_336407_0:000266|OZ308468.1:566944-567364  -            141 4057                 -            180   5.6e-80  258.2   0.4   1   1   6.2e-80   6.2e-80  258.1   0.4    37   177     1   141     1   141 0.99 -
4057at766_434131_0:000286|OZ308468.1:566941-567346  -            136 4057                 -            180   2.2e-77  249.8   0.4   1   1   2.4e-77   2.4e-77  249.7   0.4    43   177     1   135     1   136 0.99 -
4057at766_1286528_0:00006c|OZ308468.1:566932-567334 -            135 4057                 -            180   2.3e-76  246.5   0.5   1   1   2.5e-76   2.5e-76  246.4   0.5    47   178     1   132     1   134 0.99 -
#
# Program:         hmmsearch
# Version:         3.4 (Aug 2023)
# Pipeline mode:   SEARCH
# Query file:      /Users/rossoaa/Desktop/dummy/genomes/records/compleasm/mb_downloads/rickettsiales_odb12/hmms/4057at766.hmm
# Target file:     -
# Option settings: /Users/rossoaa/miniconda3/envs/compleasm_env/bin/hmmsearch --domtblout /Users/rossoaa/Desktop/dummy/genomes/records/compleasm/rickettsiales_odb12/hmmer_output/4057at766.out --cpu 1 /Users/rossoaa/Desktop/dummy/genomes/records/compleasm/mb_downloads/rickettsiales_odb12/hmms/4057at766.hmm - 
# Current dir:     /Users/rossoaa/Desktop/dummy/genomes/records/compleasm
# Date:            Tue Feb 10 10:20:23 2026
# [ok]
