#                                                                                                           --- full sequence --- -------------- this domain -------------   hmm coord   ali coord   env coord
# target name                                       accession   tlen query name           accession   qlen   E-value  score  bias   #  of  c-Evalue  i-Evalue  score  bias  from    to  from    to  from    to  acc description of target
#                               ------------------- ---------- ----- -------------------- ---------- ----- --------- ------ ----- --- --- --------- --------- ------ ----- ----- ----- ----- ----- ----- ----- ---- ---------------------
4066at766_1286528_0:00023d|OZ308468.1:789372-789927 -            185 4066                 -            183   3.2e-83  267.0  12.0   1   1   3.6e-83   3.6e-83  266.8  12.0     1   183     1   184     1   184 0.98 -
4066at766_1605993_0:000112|OZ308468.1:789372-789927 -            185 4066                 -            183   3.2e-83  267.0  12.0   1   1   3.6e-83   3.6e-83  266.8  12.0     1   183     1   184     1   184 0.98 -
4066at766_169402_0:0001e8|OZ308468.1:789372-789927  -            185 4066                 -            183   3.2e-83  267.0  12.0   1   1   3.6e-83   3.6e-83  266.8  12.0     1   183     1   184     1   184 0.98 -
4066at766_222891_0:0002b1|OZ308468.1:789372-789927  -            185 4066                 -            183   3.2e-83  267.0  12.0   1   1   3.6e-83   3.6e-83  266.8  12.0     1   183     1   184     1   184 0.98 -
4066at766_246273_0:0003aa|OZ308468.1:789372-789927  -            185 4066                 -            183   3.2e-83  267.0  12.0   1   1   3.6e-83   3.6e-83  266.8  12.0     1   183     1   184     1   184 0.98 -
4066at766_434131_0:0001e2|OZ308468.1:789372-789927  -            185 4066                 -            183   3.2e-83  267.0  12.0   1   1   3.6e-83   3.6e-83  266.8  12.0     1   183     1   184     1   184 0.98 -
4066at766_96496_0:0000f7|OZ308468.1:789372-789927   -            185 4066                 -            183   3.2e-83  267.0  12.0   1   1   3.6e-83   3.6e-83  266.8  12.0     1   183     1   184     1   184 0.98 -
4066at766_1714371_0:0001a0|OZ308468.1:789375-789927 -            184 4066                 -            183   6.3e-83  266.0  11.7   1   1     7e-83     7e-83  265.9  11.7     3   183     2   183     1   183 0.98 -
4066at766_955_0:0001c3|OZ308468.1:789375-789927     -            184 4066                 -            183   6.3e-83  266.0  11.7   1   1     7e-83     7e-83  265.9  11.7     3   183     2   183     1   183 0.98 -
4066at766_2115978_0:000389|OZ308468.1:789369-789918 -            184 4066                 -            183   7.6e-83  265.8  12.1   1   1   8.5e-83   8.5e-83  265.6  12.1     1   182     2   184     2   184 0.98 -
#
# Program:         hmmsearch
# Version:         3.4 (Aug 2023)
# Pipeline mode:   SEARCH
# Query file:      /Users/rossoaa/Desktop/dummy/genomes/records/compleasm/mb_downloads/rickettsiales_odb12/hmms/4066at766.hmm
# Target file:     -
# Option settings: /Users/rossoaa/miniconda3/envs/compleasm_env/bin/hmmsearch --domtblout /Users/rossoaa/Desktop/dummy/genomes/records/compleasm/rickettsiales_odb12/hmmer_output/4066at766.out --cpu 1 /Users/rossoaa/Desktop/dummy/genomes/records/compleasm/mb_downloads/rickettsiales_odb12/hmms/4066at766.hmm - 
# Current dir:     /Users/rossoaa/Desktop/dummy/genomes/records/compleasm
# Date:            Tue Feb 10 10:20:20 2026
# [ok]
