#                                                                                                           --- full sequence --- -------------- this domain -------------   hmm coord   ali coord   env coord
# target name                                       accession   tlen query name           accession   qlen   E-value  score  bias   #  of  c-Evalue  i-Evalue  score  bias  from    to  from    to  from    to  acc description of target
#                               ------------------- ---------- ----- -------------------- ---------- ----- --------- ------ ----- --- --- --------- --------- ------ ----- ----- ----- ----- ----- ----- ----- ---- ---------------------
4069at766_1242993_0:000281|OZ308468.1:734620-735013 -            131 4069                 -            131   3.8e-62  198.3   0.3   1   1   4.2e-62   4.2e-62  198.2   0.3     2   131     2   131     1   131 0.99 -
4069at766_1248439_0:00000e|OZ308468.1:734620-735013 -            131 4069                 -            131   3.8e-62  198.3   0.3   1   1   4.2e-62   4.2e-62  198.2   0.3     2   131     2   131     1   131 0.99 -
4069at766_1359163_0:000280|OZ308468.1:734620-735013 -            131 4069                 -            131   3.8e-62  198.3   0.3   1   1   4.2e-62   4.2e-62  198.2   0.3     2   131     2   131     1   131 0.99 -
4069at766_1392507_0:0000d5|OZ308468.1:734620-735013 -            131 4069                 -            131   3.8e-62  198.3   0.3   1   1   4.2e-62   4.2e-62  198.2   0.3     2   131     2   131     1   131 0.99 -
4069at766_142058_0:0000f7|OZ308468.1:734620-735013  -            131 4069                 -            131   3.8e-62  198.3   0.3   1   1   4.2e-62   4.2e-62  198.2   0.3     2   131     2   131     1   131 0.99 -
4069at766_1423892_0:000338|OZ308468.1:734620-735013 -            131 4069                 -            131   3.8e-62  198.3   0.3   1   1   4.2e-62   4.2e-62  198.2   0.3     2   131     2   131     1   131 0.99 -
4069at766_1528098_0:00016f|OZ308468.1:734620-735013 -            131 4069                 -            131   3.8e-62  198.3   0.3   1   1   4.2e-62   4.2e-62  198.2   0.3     2   131     2   131     1   131 0.99 -
4069at766_1605993_0:0001ec|OZ308468.1:734620-735013 -            131 4069                 -            131   3.8e-62  198.3   0.3   1   1   4.2e-62   4.2e-62  198.2   0.3     2   131     2   131     1   131 0.99 -
4069at766_169402_0:00037a|OZ308468.1:734620-735013  -            131 4069                 -            131   3.8e-62  198.3   0.3   1   1   4.2e-62   4.2e-62  198.2   0.3     2   131     2   131     1   131 0.99 -
4069at766_205920_0:0002fa|OZ308468.1:734620-735013  -            131 4069                 -            131   3.8e-62  198.3   0.3   1   1   4.2e-62   4.2e-62  198.2   0.3     2   131     2   131     1   131 0.99 -
4069at766_246273_0:0000f0|OZ308468.1:734620-735013  -            131 4069                 -            131   3.8e-62  198.3   0.3   1   1   4.2e-62   4.2e-62  198.2   0.3     2   131     2   131     1   131 0.99 -
4069at766_2486578_0:0002bb|OZ308468.1:734620-735013 -            131 4069                 -            131   3.8e-62  198.3   0.3   1   1   4.2e-62   4.2e-62  198.2   0.3     2   131     2   131     1   131 0.99 -
4069at766_334380_0:000179|OZ308468.1:734620-735013  -            131 4069                 -            131   3.8e-62  198.3   0.3   1   1   4.2e-62   4.2e-62  198.2   0.3     2   131     2   131     1   131 0.99 -
4069at766_391036_0:00010d|OZ308468.1:734620-735013  -            131 4069                 -            131   3.8e-62  198.3   0.3   1   1   4.2e-62   4.2e-62  198.2   0.3     2   131     2   131     1   131 0.99 -
4069at766_574556_0:000158|OZ308468.1:734620-735013  -            131 4069                 -            131   3.8e-62  198.3   0.3   1   1   4.2e-62   4.2e-62  198.2   0.3     2   131     2   131     1   131 0.99 -
4069at766_752179_0:000314|OZ308468.1:734620-735013  -            131 4069                 -            131   3.8e-62  198.3   0.3   1   1   4.2e-62   4.2e-62  198.2   0.3     2   131     2   131     1   131 0.99 -
4069at766_779_0:0002a4|OZ308468.1:734620-735013     -            131 4069                 -            131   3.8e-62  198.3   0.3   1   1   4.2e-62   4.2e-62  198.2   0.3     2   131     2   131     1   131 0.99 -
4069at766_86105_0:000186|OZ308468.1:734620-735013   -            131 4069                 -            131   3.8e-62  198.3   0.3   1   1   4.2e-62   4.2e-62  198.2   0.3     2   131     2   131     1   131 0.99 -
4069at766_96496_0:00005f|OZ308468.1:734620-735013   -            131 4069                 -            131   3.8e-62  198.3   0.3   1   1   4.2e-62   4.2e-62  198.2   0.3     2   131     2   131     1   131 0.99 -
4069at766_955_0:000330|OZ308468.1:734629-735013     -            128 4069                 -            131     3e-61  195.4   0.2   1   1   3.3e-61   3.3e-61  195.3   0.2     4   131     1   128     1   128 0.99 -
#
# Program:         hmmsearch
# Version:         3.4 (Aug 2023)
# Pipeline mode:   SEARCH
# Query file:      /Users/rossoaa/Desktop/dummy/genomes/records/compleasm/mb_downloads/rickettsiales_odb12/hmms/4069at766.hmm
# Target file:     -
# Option settings: /Users/rossoaa/miniconda3/envs/compleasm_env/bin/hmmsearch --domtblout /Users/rossoaa/Desktop/dummy/genomes/records/compleasm/rickettsiales_odb12/hmmer_output/4069at766.out --cpu 1 /Users/rossoaa/Desktop/dummy/genomes/records/compleasm/mb_downloads/rickettsiales_odb12/hmms/4069at766.hmm - 
# Current dir:     /Users/rossoaa/Desktop/dummy/genomes/records/compleasm
# Date:            Tue Feb 10 10:20:23 2026
# [ok]
