#                                                                                                          --- full sequence --- -------------- this domain -------------   hmm coord   ali coord   env coord
# target name                                      accession   tlen query name           accession   qlen   E-value  score  bias   #  of  c-Evalue  i-Evalue  score  bias  from    to  from    to  from    to  acc description of target
#                              ------------------- ---------- ----- -------------------- ---------- ----- --------- ------ ----- --- --- --------- --------- ------ ----- ----- ----- ----- ----- ----- ----- ---- ---------------------
409at766_2486578_0:00018e|OZ308468.1:304543-304954 -            137 409                  -            136     1e-74  239.6   0.2   1   1   1.1e-74   1.1e-74  239.4   0.2     1   136     1   136     1   136 0.99 -
409at766_955_0:0002f7|OZ308468.1:304543-304954     -            137 409                  -            136     1e-74  239.6   0.2   1   1   1.1e-74   1.1e-74  239.4   0.2     1   136     1   136     1   136 0.99 -
409at766_1359168_0:000289|OZ308468.1:304549-304960 -            138 409                  -            136   1.1e-74  239.5   0.2   1   1   1.2e-74   1.2e-74  239.4   0.2     1   136     3   138     3   138 0.99 -
409at766_334380_0:0001a8|OZ308468.1:304549-304960  -            138 409                  -            136   1.1e-74  239.5   0.2   1   1   1.2e-74   1.2e-74  239.4   0.2     1   136     3   138     3   138 0.99 -
409at766_1242993_0:000045|OZ308468.1:304543-304957 -            138 409                  -            136   1.1e-74  239.5   0.2   1   1   1.2e-74   1.2e-74  239.4   0.2     1   136     2   137     2   137 0.99 -
409at766_1359163_0:000106|OZ308468.1:304543-304957 -            138 409                  -            136   1.1e-74  239.5   0.2   1   1   1.2e-74   1.2e-74  239.4   0.2     1   136     2   137     2   137 0.99 -
409at766_1392507_0:00003d|OZ308468.1:304546-304957 -            138 409                  -            136   1.1e-74  239.5   0.2   1   1   1.2e-74   1.2e-74  239.4   0.2     1   136     2   137     2   137 0.99 -
409at766_1423892_0:000325|OZ308468.1:304543-304957 -            138 409                  -            136   1.1e-74  239.5   0.2   1   1   1.2e-74   1.2e-74  239.4   0.2     1   136     2   137     2   137 0.99 -
409at766_1528098_0:000324|OZ308468.1:304543-304957 -            138 409                  -            136   1.1e-74  239.5   0.2   1   1   1.2e-74   1.2e-74  239.4   0.2     1   136     2   137     2   137 0.99 -
409at766_205920_0:000016|OZ308468.1:304543-304957  -            138 409                  -            136   1.1e-74  239.5   0.2   1   1   1.2e-74   1.2e-74  239.4   0.2     1   136     2   137     2   137 0.99 -
409at766_391036_0:0002c7|OZ308468.1:304543-304957  -            138 409                  -            136   1.1e-74  239.5   0.2   1   1   1.2e-74   1.2e-74  239.4   0.2     1   136     2   137     2   137 0.99 -
409at766_779_0:0000e3|OZ308468.1:304543-304957     -            138 409                  -            136   1.1e-74  239.5   0.2   1   1   1.2e-74   1.2e-74  239.4   0.2     1   136     2   137     2   137 0.99 -
409at766_1248439_0:000077|OZ308468.1:304543-304960 -            139 409                  -            136   1.1e-74  239.5   0.2   1   1   1.2e-74   1.2e-74  239.4   0.2     1   136     3   138     3   138 0.99 -
409at766_1286528_0:0001fc|OZ308468.1:304546-304960 -            139 409                  -            136   1.1e-74  239.5   0.2   1   1   1.2e-74   1.2e-74  239.4   0.2     1   136     3   138     3   138 0.99 -
409at766_142058_0:0002ff|OZ308468.1:304543-304960  -            139 409                  -            136   1.1e-74  239.5   0.2   1   1   1.2e-74   1.2e-74  239.4   0.2     1   136     3   138     3   138 0.99 -
409at766_1605993_0:000109|OZ308468.1:304543-304960 -            139 409                  -            136   1.1e-74  239.5   0.2   1   1   1.2e-74   1.2e-74  239.4   0.2     1   136     3   138     3   138 0.99 -
409at766_169402_0:0000a0|OZ308468.1:304546-304960  -            139 409                  -            136   1.1e-74  239.5   0.2   1   1   1.2e-74   1.2e-74  239.4   0.2     1   136     3   138     3   138 0.99 -
409at766_246273_0:000344|OZ308468.1:304543-304960  -            139 409                  -            136   1.1e-74  239.5   0.2   1   1   1.2e-74   1.2e-74  239.4   0.2     1   136     3   138     3   138 0.99 -
409at766_2486577_0:00008d|OZ308468.1:304543-304960 -            139 409                  -            136   1.1e-74  239.5   0.2   1   1   1.2e-74   1.2e-74  239.4   0.2     1   136     3   138     3   138 0.99 -
409at766_574556_0:00021e|OZ308468.1:304543-304960  -            139 409                  -            136   1.1e-74  239.5   0.2   1   1   1.2e-74   1.2e-74  239.4   0.2     1   136     3   138     3   138 0.99 -
409at766_752179_0:0002b8|OZ308468.1:304543-304960  -            139 409                  -            136   1.1e-74  239.5   0.2   1   1   1.2e-74   1.2e-74  239.4   0.2     1   136     3   138     3   138 0.99 -
409at766_86105_0:000163|OZ308468.1:304546-304960   -            139 409                  -            136   1.1e-74  239.5   0.2   1   1   1.2e-74   1.2e-74  239.4   0.2     1   136     3   138     3   138 0.99 -
409at766_96496_0:0001a8|OZ308468.1:304543-304960   -            139 409                  -            136   1.1e-74  239.5   0.2   1   1   1.2e-74   1.2e-74  239.4   0.2     1   136     3   138     3   138 0.99 -
409at766_696127_0:0002c2|OZ308468.1:304555-304954  -            134 409                  -            136     1e-73  236.4   0.2   1   1   1.1e-73   1.1e-73  236.2   0.2     1   134     1   134     1   134 0.99 -
#
# Program:         hmmsearch
# Version:         3.4 (Aug 2023)
# Pipeline mode:   SEARCH
# Query file:      /Users/rossoaa/Desktop/dummy/genomes/records/compleasm/mb_downloads/rickettsiales_odb12/hmms/409at766.hmm
# Target file:     -
# Option settings: /Users/rossoaa/miniconda3/envs/compleasm_env/bin/hmmsearch --domtblout /Users/rossoaa/Desktop/dummy/genomes/records/compleasm/rickettsiales_odb12/hmmer_output/409at766.out --cpu 1 /Users/rossoaa/Desktop/dummy/genomes/records/compleasm/mb_downloads/rickettsiales_odb12/hmms/409at766.hmm - 
# Current dir:     /Users/rossoaa/Desktop/dummy/genomes/records/compleasm
# Date:            Tue Feb 10 10:20:23 2026
# [ok]
