#                                                                                                           --- full sequence --- -------------- this domain -------------   hmm coord   ali coord   env coord
# target name                                       accession   tlen query name           accession   qlen   E-value  score  bias   #  of  c-Evalue  i-Evalue  score  bias  from    to  from    to  from    to  acc description of target
#                               ------------------- ---------- ----- -------------------- ---------- ----- --------- ------ ----- --- --- --------- --------- ------ ----- ----- ----- ----- ----- ----- ----- ---- ---------------------
4125at766_1359168_0:0001a4|OZ308468.1:102944-103301 -            120 4125                 -            120   9.6e-65  207.2   6.8   1   1     1e-64     1e-64  207.1   6.8     1   118     1   118     1   120 0.98 -
4125at766_752179_0:00027d|OZ308468.1:102944-103301  -            120 4125                 -            120   9.6e-65  207.2   6.8   1   1     1e-64     1e-64  207.1   6.8     1   118     1   118     1   120 0.98 -
4125at766_1242993_0:0000cd|OZ308468.1:102944-103304 -            121 4125                 -            120   9.7e-65  207.2   6.8   1   1   1.1e-64   1.1e-64  207.0   6.8     1   118     1   118     1   120 0.98 -
4125at766_1423892_0:00016d|OZ308468.1:102944-103304 -            121 4125                 -            120   9.7e-65  207.2   6.8   1   1   1.1e-64   1.1e-64  207.0   6.8     1   118     1   118     1   120 0.98 -
4125at766_169402_0:000466|OZ308468.1:102944-103307  -            121 4125                 -            120   9.7e-65  207.2   6.8   1   1   1.1e-64   1.1e-64  207.0   6.8     1   118     1   118     1   120 0.98 -
4125at766_246273_0:000326|OZ308468.1:102944-103307  -            121 4125                 -            120   9.7e-65  207.2   6.8   1   1   1.1e-64   1.1e-64  207.0   6.8     1   118     1   118     1   120 0.98 -
4125at766_2486578_0:000102|OZ308468.1:102944-103307 -            121 4125                 -            120   9.7e-65  207.2   6.8   1   1   1.1e-64   1.1e-64  207.0   6.8     1   118     1   118     1   120 0.98 -
4125at766_2602574_0:0000c0|OZ308468.1:102944-103307 -            121 4125                 -            120   9.7e-65  207.2   6.8   1   1   1.1e-64   1.1e-64  207.0   6.8     1   118     1   118     1   120 0.98 -
4125at766_334380_0:0002ef|OZ308468.1:102944-103307  -            121 4125                 -            120   9.7e-65  207.2   6.8   1   1   1.1e-64   1.1e-64  207.0   6.8     1   118     1   118     1   120 0.98 -
4125at766_391036_0:00031b|OZ308468.1:102944-103304  -            121 4125                 -            120   9.7e-65  207.2   6.8   1   1   1.1e-64   1.1e-64  207.0   6.8     1   118     1   118     1   120 0.98 -
4125at766_779_0:00038e|OZ308468.1:102944-103304     -            121 4125                 -            120   9.7e-65  207.2   6.8   1   1   1.1e-64   1.1e-64  207.0   6.8     1   118     1   118     1   120 0.98 -
4125at766_96496_0:000298|OZ308468.1:102944-103307   -            121 4125                 -            120   9.7e-65  207.2   6.8   1   1   1.1e-64   1.1e-64  207.0   6.8     1   118     1   118     1   120 0.98 -
4125at766_1605993_0:0000ba|OZ308468.1:102944-103298 -            119 4125                 -            120   1.3e-64  206.8   6.7   1   1   1.4e-64   1.4e-64  206.7   6.7     1   117     1   117     1   119 0.98 -
4125at766_1105107_0:0000c7|OZ308468.1:102944-103295 -            118 4125                 -            120     2e-64  206.1   7.0   1   1   2.2e-64   2.2e-64  206.0   7.0     1   117     1   117     1   118 0.98 -
4125at766_1274402_0:0002cd|OZ308468.1:102944-103295 -            118 4125                 -            120     2e-64  206.1   7.0   1   1   2.2e-64   2.2e-64  206.0   7.0     1   117     1   117     1   118 0.98 -
4125at766_1286528_0:00006a|OZ308468.1:102944-103295 -            118 4125                 -            120     2e-64  206.1   7.0   1   1   2.2e-64   2.2e-64  206.0   7.0     1   117     1   117     1   118 0.98 -
4125at766_1528098_0:000146|OZ308468.1:102944-103295 -            118 4125                 -            120     2e-64  206.1   7.0   1   1   2.2e-64   2.2e-64  206.0   7.0     1   117     1   117     1   118 0.98 -
4125at766_1714371_0:0000fa|OZ308468.1:102944-103295 -            118 4125                 -            120     2e-64  206.1   7.0   1   1   2.2e-64   2.2e-64  206.0   7.0     1   117     1   117     1   118 0.98 -
4125at766_1802984_0:000234|OZ308468.1:102944-103295 -            118 4125                 -            120     2e-64  206.1   7.0   1   1   2.2e-64   2.2e-64  206.0   7.0     1   117     1   117     1   118 0.98 -
4125at766_1961830_0:0001dd|OZ308468.1:102944-103295 -            118 4125                 -            120     2e-64  206.1   7.0   1   1   2.2e-64   2.2e-64  206.0   7.0     1   117     1   117     1   118 0.98 -
4125at766_205920_0:0000c0|OZ308468.1:102944-103295  -            118 4125                 -            120     2e-64  206.1   7.0   1   1   2.2e-64   2.2e-64  206.0   7.0     1   117     1   117     1   118 0.98 -
4125at766_272947_0:00004a|OZ308468.1:102944-103295  -            118 4125                 -            120     2e-64  206.1   7.0   1   1   2.2e-64   2.2e-64  206.0   7.0     1   117     1   117     1   118 0.98 -
4125at766_336407_0:0004d8|OZ308468.1:102944-103295  -            118 4125                 -            120     2e-64  206.1   7.0   1   1   2.2e-64   2.2e-64  206.0   7.0     1   117     1   117     1   118 0.98 -
4125at766_434131_0:000060|OZ308468.1:102944-103295  -            118 4125                 -            120     2e-64  206.1   7.0   1   1   2.2e-64   2.2e-64  206.0   7.0     1   117     1   117     1   118 0.98 -
4125at766_481009_0:0002da|OZ308468.1:102944-103295  -            118 4125                 -            120     2e-64  206.1   7.0   1   1   2.2e-64   2.2e-64  206.0   7.0     1   117     1   117     1   118 0.98 -
4125at766_1359163_0:0000d6|OZ308468.1:102944-103292 -            117 4125                 -            120   2.6e-64  205.8   6.8   1   1   2.8e-64   2.8e-64  205.7   6.8     1   116     1   116     1   117 0.99 -
4125at766_2115978_0:0001d9|OZ308468.1:102944-103292 -            117 4125                 -            120   2.6e-64  205.8   6.8   1   1   2.8e-64   2.8e-64  205.7   6.8     1   116     1   116     1   117 0.99 -
4125at766_955_0:000071|OZ308468.1:102944-103292     -            117 4125                 -            120   2.6e-64  205.8   6.8   1   1   2.8e-64   2.8e-64  205.7   6.8     1   116     1   116     1   117 0.99 -
4125at766_1248439_0:0002e6|OZ308468.1:102944-103286 -            115 4125                 -            120   5.2e-64  204.8   6.6   1   1   5.7e-64   5.7e-64  204.7   6.6     1   114     1   114     1   115 0.99 -
4125at766_142058_0:0002a7|OZ308468.1:102944-103286  -            115 4125                 -            120   5.2e-64  204.8   6.6   1   1   5.7e-64   5.7e-64  204.7   6.6     1   114     1   114     1   115 0.99 -
4125at766_2486577_0:00016d|OZ308468.1:102944-103277 -            112 4125                 -            120   2.8e-63  202.4   7.1   1   1   3.1e-63   3.1e-63  202.3   7.1     1   111     1   111     1   112 0.99 -
4125at766_696127_0:00020d|OZ308468.1:102944-103277  -            112 4125                 -            120   2.8e-63  202.4   7.1   1   1   3.1e-63   3.1e-63  202.3   7.1     1   111     1   111     1   112 0.99 -
4125at766_86105_0:0005a0|OZ308468.1:102944-103274   -            111 4125                 -            120   6.1e-63  201.4   7.3   1   1   6.7e-63   6.7e-63  201.2   7.3     1   111     1   111     1   111 0.99 -
4125at766_1392507_0:0000be|OZ308468.1:102944-103271 -            110 4125                 -            120   1.9e-62  199.8   7.7   1   1   2.1e-62   2.1e-62  199.6   7.7     1   110     1   110     1   110 0.99 -
#
# Program:         hmmsearch
# Version:         3.4 (Aug 2023)
# Pipeline mode:   SEARCH
# Query file:      /Users/rossoaa/Desktop/dummy/genomes/records/compleasm/mb_downloads/rickettsiales_odb12/hmms/4125at766.hmm
# Target file:     -
# Option settings: /Users/rossoaa/miniconda3/envs/compleasm_env/bin/hmmsearch --domtblout /Users/rossoaa/Desktop/dummy/genomes/records/compleasm/rickettsiales_odb12/hmmer_output/4125at766.out --cpu 1 /Users/rossoaa/Desktop/dummy/genomes/records/compleasm/mb_downloads/rickettsiales_odb12/hmms/4125at766.hmm - 
# Current dir:     /Users/rossoaa/Desktop/dummy/genomes/records/compleasm
# Date:            Tue Feb 10 10:20:23 2026
# [ok]
