#                                                                                                           --- full sequence --- -------------- this domain -------------   hmm coord   ali coord   env coord
# target name                                       accession   tlen query name           accession   qlen   E-value  score  bias   #  of  c-Evalue  i-Evalue  score  bias  from    to  from    to  from    to  acc description of target
#                               ------------------- ---------- ----- -------------------- ---------- ----- --------- ------ ----- --- --- --------- --------- ------ ----- ----- ----- ----- ----- ----- ----- ---- ---------------------
4126at766_1105107_0:00036c|OZ308468.1:567982-568330 -            117 4126                 -            120   2.3e-59  190.0   7.6   1   1   2.5e-59   2.5e-59  189.9   7.6     4   120     1   117     1   117 0.99 -
4126at766_1242993_0:00003f|OZ308468.1:567979-568330 -            117 4126                 -            120   2.3e-59  190.0   7.6   1   1   2.5e-59   2.5e-59  189.9   7.6     4   120     1   117     1   117 0.99 -
4126at766_1248439_0:000177|OZ308468.1:567979-568330 -            117 4126                 -            120   2.3e-59  190.0   7.6   1   1   2.5e-59   2.5e-59  189.9   7.6     4   120     1   117     1   117 0.99 -
4126at766_1286528_0:0001b3|OZ308468.1:567979-568330 -            117 4126                 -            120   2.3e-59  190.0   7.6   1   1   2.5e-59   2.5e-59  189.9   7.6     4   120     1   117     1   117 0.99 -
4126at766_142058_0:0001d2|OZ308468.1:567979-568330  -            117 4126                 -            120   2.3e-59  190.0   7.6   1   1   2.5e-59   2.5e-59  189.9   7.6     4   120     1   117     1   117 0.99 -
4126at766_1423892_0:0001c4|OZ308468.1:567979-568330 -            117 4126                 -            120   2.3e-59  190.0   7.6   1   1   2.5e-59   2.5e-59  189.9   7.6     4   120     1   117     1   117 0.99 -
4126at766_1528098_0:00044b|OZ308468.1:567979-568330 -            117 4126                 -            120   2.3e-59  190.0   7.6   1   1   2.5e-59   2.5e-59  189.9   7.6     4   120     1   117     1   117 0.99 -
4126at766_1605993_0:00015d|OZ308468.1:567979-568330 -            117 4126                 -            120   2.3e-59  190.0   7.6   1   1   2.5e-59   2.5e-59  189.9   7.6     4   120     1   117     1   117 0.99 -
4126at766_169402_0:000015|OZ308468.1:567979-568330  -            117 4126                 -            120   2.3e-59  190.0   7.6   1   1   2.5e-59   2.5e-59  189.9   7.6     4   120     1   117     1   117 0.99 -
4126at766_1714371_0:0002c5|OZ308468.1:567979-568330 -            117 4126                 -            120   2.3e-59  190.0   7.6   1   1   2.5e-59   2.5e-59  189.9   7.6     4   120     1   117     1   117 0.99 -
4126at766_1961830_0:000369|OZ308468.1:567979-568330 -            117 4126                 -            120   2.3e-59  190.0   7.6   1   1   2.5e-59   2.5e-59  189.9   7.6     4   120     1   117     1   117 0.99 -
4126at766_205920_0:0002b1|OZ308468.1:567979-568330  -            117 4126                 -            120   2.3e-59  190.0   7.6   1   1   2.5e-59   2.5e-59  189.9   7.6     4   120     1   117     1   117 0.99 -
4126at766_222891_0:000107|OZ308468.1:567979-568330  -            117 4126                 -            120   2.3e-59  190.0   7.6   1   1   2.5e-59   2.5e-59  189.9   7.6     4   120     1   117     1   117 0.99 -
4126at766_246273_0:00039a|OZ308468.1:567979-568330  -            117 4126                 -            120   2.3e-59  190.0   7.6   1   1   2.5e-59   2.5e-59  189.9   7.6     4   120     1   117     1   117 0.99 -
4126at766_2602574_0:00003e|OZ308468.1:567979-568330 -            117 4126                 -            120   2.3e-59  190.0   7.6   1   1   2.5e-59   2.5e-59  189.9   7.6     4   120     1   117     1   117 0.99 -
4126at766_272947_0:0000da|OZ308468.1:567982-568330  -            117 4126                 -            120   2.3e-59  190.0   7.6   1   1   2.5e-59   2.5e-59  189.9   7.6     4   120     1   117     1   117 0.99 -
4126at766_336407_0:0002ac|OZ308468.1:567979-568330  -            117 4126                 -            120   2.3e-59  190.0   7.6   1   1   2.5e-59   2.5e-59  189.9   7.6     4   120     1   117     1   117 0.99 -
4126at766_434131_0:0002e9|OZ308468.1:567979-568330  -            117 4126                 -            120   2.3e-59  190.0   7.6   1   1   2.5e-59   2.5e-59  189.9   7.6     4   120     1   117     1   117 0.99 -
4126at766_481009_0:000101|OZ308468.1:567982-568330  -            117 4126                 -            120   2.3e-59  190.0   7.6   1   1   2.5e-59   2.5e-59  189.9   7.6     4   120     1   117     1   117 0.99 -
4126at766_779_0:000171|OZ308468.1:567979-568330     -            117 4126                 -            120   2.3e-59  190.0   7.6   1   1   2.5e-59   2.5e-59  189.9   7.6     4   120     1   117     1   117 0.99 -
4126at766_86105_0:000686|OZ308468.1:567979-568330   -            117 4126                 -            120   2.3e-59  190.0   7.6   1   1   2.5e-59   2.5e-59  189.9   7.6     4   120     1   117     1   117 0.99 -
4126at766_955_0:0000e1|OZ308468.1:567979-568330     -            117 4126                 -            120   2.3e-59  190.0   7.6   1   1   2.5e-59   2.5e-59  189.9   7.6     4   120     1   117     1   117 0.99 -
4126at766_96496_0:0000c3|OZ308468.1:567979-568330   -            117 4126                 -            120   2.3e-59  190.0   7.6   1   1   2.5e-59   2.5e-59  189.9   7.6     4   120     1   117     1   117 0.99 -
4126at766_752179_0:000085|OZ308468.1:567979-568327  -            116 4126                 -            120   4.5e-59  189.1   7.3   1   1     5e-59     5e-59  188.9   7.3     6   120     2   116     1   116 0.99 -
4126at766_1359163_0:000282|OZ308468.1:567979-568324 -            115 4126                 -            120   1.1e-58  187.9   7.6   1   1   1.2e-58   1.2e-58  187.7   7.6     6   120     1   115     1   115 0.99 -
4126at766_1359168_0:000294|OZ308468.1:567979-568324 -            115 4126                 -            120   1.1e-58  187.9   7.6   1   1   1.2e-58   1.2e-58  187.7   7.6     6   120     1   115     1   115 0.99 -
4126at766_2486578_0:000226|OZ308468.1:567979-568324 -            115 4126                 -            120   1.1e-58  187.9   7.6   1   1   1.2e-58   1.2e-58  187.7   7.6     6   120     1   115     1   115 0.99 -
4126at766_334380_0:00003f|OZ308468.1:567979-568324  -            115 4126                 -            120   1.1e-58  187.9   7.6   1   1   1.2e-58   1.2e-58  187.7   7.6     6   120     1   115     1   115 0.99 -
4126at766_696127_0:00018e|OZ308468.1:567979-568324  -            115 4126                 -            120   1.1e-58  187.9   7.6   1   1   1.2e-58   1.2e-58  187.7   7.6     6   120     1   115     1   115 0.99 -
4126at766_574556_0:00012b|OZ308468.1:567979-568321  -            114 4126                 -            120   4.9e-58  185.7   7.9   1   1   5.4e-58   5.4e-58  185.6   7.9     7   120     1   114     1   114 0.99 -
#
# Program:         hmmsearch
# Version:         3.4 (Aug 2023)
# Pipeline mode:   SEARCH
# Query file:      /Users/rossoaa/Desktop/dummy/genomes/records/compleasm/mb_downloads/rickettsiales_odb12/hmms/4126at766.hmm
# Target file:     -
# Option settings: /Users/rossoaa/miniconda3/envs/compleasm_env/bin/hmmsearch --domtblout /Users/rossoaa/Desktop/dummy/genomes/records/compleasm/rickettsiales_odb12/hmmer_output/4126at766.out --cpu 1 /Users/rossoaa/Desktop/dummy/genomes/records/compleasm/mb_downloads/rickettsiales_odb12/hmms/4126at766.hmm - 
# Current dir:     /Users/rossoaa/Desktop/dummy/genomes/records/compleasm
# Date:            Tue Feb 10 10:20:20 2026
# [ok]
