#                                                                                                          --- full sequence --- -------------- this domain -------------   hmm coord   ali coord   env coord
# target name                                      accession   tlen query name           accession   qlen   E-value  score  bias   #  of  c-Evalue  i-Evalue  score  bias  from    to  from    to  from    to  acc description of target
#                              ------------------- ---------- ----- -------------------- ---------- ----- --------- ------ ----- --- --- --------- --------- ------ ----- ----- ----- ----- ----- ----- ----- ---- ---------------------
412at766_1605993_0:000114|OZ308468.1:786980-787793 -            271 412                  -            287  4.6e-133  433.2   1.3   1   1  5.1e-133  5.1e-133  433.1   1.3     1   263     1   265     1   271 0.95 -
412at766_169402_0:000002|OZ308468.1:786980-787793  -            271 412                  -            287  4.6e-133  433.2   1.3   1   1  5.1e-133  5.1e-133  433.1   1.3     1   263     1   265     1   271 0.95 -
412at766_752179_0:0003cd|OZ308468.1:786980-787790  -            271 412                  -            287  4.6e-133  433.2   1.3   1   1  5.1e-133  5.1e-133  433.1   1.3     1   263     1   265     1   271 0.95 -
412at766_96496_0:0000e8|OZ308468.1:786980-787793   -            271 412                  -            287  4.6e-133  433.2   1.3   1   1  5.1e-133  5.1e-133  433.1   1.3     1   263     1   265     1   271 0.95 -
412at766_1423892_0:00010c|OZ308468.1:786980-787784 -            269 412                  -            287    5e-133  433.1   1.1   1   1    6e-133    6e-133  432.9   1.1     1   262     1   264     1   268 0.96 -
412at766_205920_0:00011b|OZ308468.1:786980-787784  -            269 412                  -            287    5e-133  433.1   1.1   1   1    6e-133    6e-133  432.9   1.1     1   262     1   264     1   268 0.96 -
412at766_1105107_0:0002fe|OZ308468.1:786980-787778 -            267 412                  -            287  5.7e-133  432.9   0.9   1   1  6.3e-133  6.3e-133  432.8   0.9     1   261     1   263     1   267 0.96 -
412at766_1242993_0:000307|OZ308468.1:786980-787778 -            267 412                  -            287  5.7e-133  432.9   0.9   1   1  6.3e-133  6.3e-133  432.8   0.9     1   261     1   263     1   267 0.96 -
412at766_336407_0:000543|OZ308468.1:786980-787778  -            267 412                  -            287  5.7e-133  432.9   0.9   1   1  6.3e-133  6.3e-133  432.8   0.9     1   261     1   263     1   267 0.96 -
412at766_246273_0:000134|OZ308468.1:786950-787781  -            278 412                  -            287  6.1e-133  432.8   1.1   1   1  6.8e-133  6.8e-133  432.7   1.1     1   262    11   274    11   278 0.96 -
412at766_955_0:00017b|OZ308468.1:786980-787772     -            265 412                  -            287  8.6e-133  432.4   0.9   1   1  9.5e-133  9.5e-133  432.2   0.9     1   259     1   261     1   265 0.96 -
412at766_391036_0:000147|OZ308468.1:786980-787763  -            262 412                  -            287  1.9e-132  431.2   0.8   1   1  2.1e-132  2.1e-132  431.1   0.8     1   256     1   258     1   262 0.96 -
412at766_481009_0:00007c|OZ308468.1:786980-787760  -            261 412                  -            287  2.5e-132  430.8   0.8   1   1  2.7e-132  2.7e-132  430.7   0.8     1   255     1   257     1   261 0.96 -
412at766_2602574_0:00017a|OZ308468.1:786980-787754 -            259 412                  -            287  3.7e-132  430.3   0.7   1   1    4e-132    4e-132  430.2   0.7     1   249     1   251     1   259 0.96 -
412at766_86105_0:0003ae|OZ308468.1:786989-787787   -            267 412                  -            287  4.1e-132  430.1   0.9   1   1    5e-132    5e-132  429.9   0.9     5   262     2   261     1   266 0.95 -
412at766_1392507_0:0000d3|OZ308468.1:786980-787748 -            257 412                  -            287  5.1e-132  429.8   0.7   1   1  5.5e-132  5.5e-132  429.7   0.7     1   246     1   248     1   257 0.97 -
412at766_2486578_0:0004e6|OZ308468.1:786974-787724 -            251 412                  -            287  7.5e-132  429.3   0.3   1   1  8.3e-132  8.3e-132  429.1   0.3     1   243     3   247     3   251 0.98 -
412at766_1359163_0:0000bf|OZ308468.1:786980-787709 -            244 412                  -            287  1.7e-131  428.1   0.3   1   1  2.1e-131  2.1e-131  427.8   0.3     1   239     1   241     1   243 0.99 -
412at766_779_0:00022b|OZ308468.1:786980-787703     -            242 412                  -            287  2.2e-131  427.7   0.3   1   1  2.5e-131  2.5e-131  427.6   0.3     1   238     1   240     1   242 0.99 -
412at766_1248439_0:000289|OZ308468.1:786980-787694 -            239 412                  -            287  5.7e-131  426.4   0.3   1   1  6.4e-131  6.4e-131  426.2   0.3     1   237     1   239     1   239 0.99 -
412at766_142058_0:000239|OZ308468.1:786980-787694  -            239 412                  -            287  5.7e-131  426.4   0.3   1   1  6.4e-131  6.4e-131  426.2   0.3     1   237     1   239     1   239 0.99 -
412at766_1961830_0:000339|OZ308468.1:786980-787694 -            239 412                  -            287  5.7e-131  426.4   0.3   1   1  6.4e-131  6.4e-131  426.2   0.3     1   237     1   239     1   239 0.99 -
412at766_272947_0:000094|OZ308468.1:786980-787694  -            239 412                  -            287  5.7e-131  426.4   0.3   1   1  6.4e-131  6.4e-131  426.2   0.3     1   237     1   239     1   239 0.99 -
412at766_574556_0:000288|OZ308468.1:786980-787694  -            239 412                  -            287  5.7e-131  426.4   0.3   1   1  6.4e-131  6.4e-131  426.2   0.3     1   237     1   239     1   239 0.99 -
412at766_1528098_0:00039e|OZ308468.1:786980-787688 -            237 412                  -            287  2.4e-130  424.4   0.2   1   1  2.6e-130  2.6e-130  424.2   0.2     1   234     1   236     1   237 0.99 -
412at766_1274402_0:0002ac|OZ308468.1:786986-787670 -            229 412                  -            287  7.6e-128  416.1   0.2   1   1  8.5e-128  8.5e-128  416.0   0.2     3   229     1   229     1   229 0.99 -
412at766_2486577_0:000123|OZ308468.1:787004-790417 -            268 412                  -            287  4.2e-126  410.4   0.2   1   1  5.1e-126  5.1e-126  410.1   0.2     9   234     1   228     1   237 0.98 -
#
# Program:         hmmsearch
# Version:         3.4 (Aug 2023)
# Pipeline mode:   SEARCH
# Query file:      /Users/rossoaa/Desktop/dummy/genomes/records/compleasm/mb_downloads/rickettsiales_odb12/hmms/412at766.hmm
# Target file:     -
# Option settings: /Users/rossoaa/miniconda3/envs/compleasm_env/bin/hmmsearch --domtblout /Users/rossoaa/Desktop/dummy/genomes/records/compleasm/rickettsiales_odb12/hmmer_output/412at766.out --cpu 1 /Users/rossoaa/Desktop/dummy/genomes/records/compleasm/mb_downloads/rickettsiales_odb12/hmms/412at766.hmm - 
# Current dir:     /Users/rossoaa/Desktop/dummy/genomes/records/compleasm
# Date:            Tue Feb 10 10:20:24 2026
# [ok]
