#                                                                                                           --- full sequence --- -------------- this domain -------------   hmm coord   ali coord   env coord
# target name                                       accession   tlen query name           accession   qlen   E-value  score  bias   #  of  c-Evalue  i-Evalue  score  bias  from    to  from    to  from    to  acc description of target
#                               ------------------- ---------- ----- -------------------- ---------- ----- --------- ------ ----- --- --- --------- --------- ------ ----- ----- ----- ----- ----- ----- ----- ---- ---------------------
4164at766_1605993_0:000051|OZ308468.1:975932-976193 -             87 4164                 -             75   1.9e-37  116.7   1.4   1   1   2.3e-37   2.3e-37  116.4   1.4     2    73     6    79     5    81 0.93 -
4164at766_169402_0:00007f|OZ308468.1:975932-976193  -             87 4164                 -             75   1.9e-37  116.7   1.4   1   1   2.3e-37   2.3e-37  116.4   1.4     2    73     6    79     5    81 0.93 -
4164at766_246273_0:00016f|OZ308468.1:975932-976193  -             87 4164                 -             75   1.9e-37  116.7   1.4   1   1   2.3e-37   2.3e-37  116.4   1.4     2    73     6    79     5    81 0.93 -
4164at766_96496_0:000315|OZ308468.1:975932-976193   -             87 4164                 -             75   1.9e-37  116.7   1.4   1   1   2.3e-37   2.3e-37  116.4   1.4     2    73     6    79     5    81 0.93 -
4164at766_955_0:00001b|OZ308468.1:975959-976193     -             79 4164                 -             75   3.5e-37  115.8   1.7   1   1   4.1e-37   4.1e-37  115.6   1.7     2    72     6    78     5    79 0.94 -
4164at766_1359163_0:00028e|OZ308468.1:975950-976166 -             73 4164                 -             75   1.1e-36  114.2   1.3   1   1   1.2e-36   1.2e-36  114.1   1.3     7    74     2    71     1    72 0.94 -
4164at766_1392507_0:000263|OZ308468.1:975950-976166 -             73 4164                 -             75   1.1e-36  114.2   1.3   1   1   1.2e-36   1.2e-36  114.1   1.3     7    74     2    71     1    72 0.94 -
4164at766_1242993_0:0002e7|OZ308468.1:975947-976166 -             74 4164                 -             75   1.2e-36  114.2   1.3   1   1   1.3e-36   1.3e-36  114.0   1.3     7    73     2    70     1    72 0.94 -
4164at766_1248439_0:00038c|OZ308468.1:975947-976166 -             74 4164                 -             75   1.2e-36  114.2   1.3   1   1   1.3e-36   1.3e-36  114.0   1.3     7    73     2    70     1    72 0.94 -
4164at766_205920_0:0000eb|OZ308468.1:975947-976166  -             74 4164                 -             75   1.2e-36  114.2   1.3   1   1   1.3e-36   1.3e-36  114.0   1.3     7    73     2    70     1    72 0.94 -
4164at766_574556_0:0001fb|OZ308468.1:975947-976166  -             74 4164                 -             75   1.2e-36  114.2   1.3   1   1   1.3e-36   1.3e-36  114.0   1.3     7    73     2    70     1    72 0.94 -
4164at766_779_0:00022f|OZ308468.1:975947-976166     -             74 4164                 -             75   1.2e-36  114.2   1.3   1   1   1.3e-36   1.3e-36  114.0   1.3     7    73     2    70     1    72 0.94 -
4164at766_1423892_0:0002b8|OZ308468.1:975959-976166 -             70 4164                 -             75   2.5e-36  113.1   1.6   1   1   2.7e-36   2.7e-36  113.0   1.6     7    72     2    69     1    70 0.95 -
4164at766_391036_0:0000d2|OZ308468.1:975959-976166  -             70 4164                 -             75   2.5e-36  113.1   1.6   1   1   2.7e-36   2.7e-36  113.0   1.6     7    72     2    69     1    70 0.95 -
#
# Program:         hmmsearch
# Version:         3.4 (Aug 2023)
# Pipeline mode:   SEARCH
# Query file:      /Users/rossoaa/Desktop/dummy/genomes/records/compleasm/mb_downloads/rickettsiales_odb12/hmms/4164at766.hmm
# Target file:     -
# Option settings: /Users/rossoaa/miniconda3/envs/compleasm_env/bin/hmmsearch --domtblout /Users/rossoaa/Desktop/dummy/genomes/records/compleasm/rickettsiales_odb12/hmmer_output/4164at766.out --cpu 1 /Users/rossoaa/Desktop/dummy/genomes/records/compleasm/mb_downloads/rickettsiales_odb12/hmms/4164at766.hmm - 
# Current dir:     /Users/rossoaa/Desktop/dummy/genomes/records/compleasm
# Date:            Tue Feb 10 10:20:21 2026
# [ok]
