#                                                                                                        --- full sequence --- -------------- this domain -------------   hmm coord   ali coord   env coord
# target name                                    accession   tlen query name           accession   qlen   E-value  score  bias   #  of  c-Evalue  i-Evalue  score  bias  from    to  from    to  from    to  acc description of target
#                            ------------------- ---------- ----- -------------------- ---------- ----- --------- ------ ----- --- --- --------- --------- ------ ----- ----- ----- ----- ----- ----- ----- ---- ---------------------
418at766_1274402_0:000210|OZ308468.1:55671-56661 -            331 418                  -            327  2.1e-157  514.2   0.6   1   1  2.3e-157  2.3e-157  514.1   0.6     1   326     1   330     1   331 0.97 -
418at766_1105107_0:000041|OZ308468.1:55665-56661 -            332 418                  -            327  2.1e-157  514.2   0.6   1   1  2.4e-157  2.4e-157  514.1   0.6     1   326     1   330     1   331 0.97 -
418at766_1605993_0:0000c3|OZ308468.1:55665-56661 -            332 418                  -            327  2.1e-157  514.2   0.6   1   1  2.4e-157  2.4e-157  514.1   0.6     1   326     1   330     1   331 0.97 -
418at766_1961830_0:000410|OZ308468.1:55665-56661 -            332 418                  -            327  2.1e-157  514.2   0.6   1   1  2.4e-157  2.4e-157  514.1   0.6     1   326     1   330     1   331 0.97 -
418at766_272947_0:000051|OZ308468.1:55665-56661  -            332 418                  -            327  2.1e-157  514.2   0.6   1   1  2.4e-157  2.4e-157  514.1   0.6     1   326     1   330     1   331 0.97 -
418at766_336407_0:000128|OZ308468.1:55665-56661  -            332 418                  -            327  2.1e-157  514.2   0.6   1   1  2.4e-157  2.4e-157  514.1   0.6     1   326     1   330     1   331 0.97 -
418at766_481009_0:00040f|OZ308468.1:55665-56661  -            332 418                  -            327  2.1e-157  514.2   0.6   1   1  2.4e-157  2.4e-157  514.1   0.6     1   326     1   330     1   331 0.97 -
418at766_96496_0:000140|OZ308468.1:55665-56661   -            332 418                  -            327  2.1e-157  514.2   0.6   1   1  2.4e-157  2.4e-157  514.1   0.6     1   326     1   330     1   331 0.97 -
418at766_2602574_0:0000c8|OZ308468.1:55668-56667 -            334 418                  -            327  2.2e-157  514.2   0.6   1   1  2.4e-157  2.4e-157  514.0   0.6     1   326     3   332     3   333 0.97 -
418at766_1359168_0:000285|OZ308468.1:55674-56661 -            330 418                  -            327  4.1e-157  513.3   0.5   1   1  4.6e-157  4.6e-157  513.1   0.5     1   326     1   330     1   330 0.97 -
418at766_334380_0:0002cc|OZ308468.1:55674-56661  -            330 418                  -            327  4.1e-157  513.3   0.5   1   1  4.6e-157  4.6e-157  513.1   0.5     1   326     1   330     1   330 0.97 -
418at766_696127_0:0001d6|OZ308468.1:55674-56661  -            330 418                  -            327  4.1e-157  513.3   0.5   1   1  4.6e-157  4.6e-157  513.1   0.5     1   326     1   330     1   330 0.97 -
418at766_752179_0:0001b0|OZ308468.1:55674-56661  -            330 418                  -            327  4.1e-157  513.3   0.5   1   1  4.6e-157  4.6e-157  513.1   0.5     1   326     1   330     1   330 0.97 -
418at766_1528098_0:000361|OZ308468.1:55668-56658 -            331 418                  -            327  4.4e-157  513.2   0.5   1   1  4.9e-157  4.9e-157  513.0   0.5     3   326     2   329     1   330 0.97 -
418at766_169402_0:00050d|OZ308468.1:55665-56658  -            331 418                  -            327  4.4e-157  513.2   0.5   1   1  4.9e-157  4.9e-157  513.0   0.5     3   326     2   329     1   330 0.97 -
418at766_1714371_0:0001a1|OZ308468.1:55668-56658 -            331 418                  -            327  4.4e-157  513.2   0.5   1   1  4.9e-157  4.9e-157  513.0   0.5     3   326     2   329     1   330 0.97 -
418at766_222891_0:000089|OZ308468.1:55668-56658  -            331 418                  -            327  4.4e-157  513.2   0.5   1   1  4.9e-157  4.9e-157  513.0   0.5     3   326     2   329     1   330 0.97 -
418at766_246273_0:00026f|OZ308468.1:55665-56658  -            331 418                  -            327  4.4e-157  513.2   0.5   1   1  4.9e-157  4.9e-157  513.0   0.5     3   326     2   329     1   330 0.97 -
418at766_434131_0:00004c|OZ308468.1:55668-56658  -            331 418                  -            327  4.4e-157  513.2   0.5   1   1  4.9e-157  4.9e-157  513.0   0.5     3   326     2   329     1   330 0.97 -
418at766_955_0:000204|OZ308468.1:55665-56655     -            330 418                  -            327    7e-157  512.5   0.5   1   1  7.9e-157  7.9e-157  512.3   0.5     4   326     2   328     1   329 0.97 -
418at766_1248439_0:00005c|OZ308468.1:55665-56652 -            329 418                  -            327  1.2e-156  511.7   0.5   1   1  1.4e-156  1.4e-156  511.5   0.5     4   326     1   327     1   328 0.97 -
418at766_1359163_0:000009|OZ308468.1:55665-56652 -            329 418                  -            327  1.2e-156  511.7   0.5   1   1  1.4e-156  1.4e-156  511.5   0.5     4   326     1   327     1   328 0.97 -
418at766_142058_0:00002d|OZ308468.1:55665-56652  -            329 418                  -            327  1.2e-156  511.7   0.5   1   1  1.4e-156  1.4e-156  511.5   0.5     4   326     1   327     1   328 0.97 -
418at766_1423892_0:00029d|OZ308468.1:55665-56652 -            329 418                  -            327  1.2e-156  511.7   0.5   1   1  1.4e-156  1.4e-156  511.5   0.5     4   326     1   327     1   328 0.97 -
418at766_391036_0:0000b5|OZ308468.1:55665-56652  -            329 418                  -            327  1.2e-156  511.7   0.5   1   1  1.4e-156  1.4e-156  511.5   0.5     4   326     1   327     1   328 0.97 -
418at766_574556_0:000355|OZ308468.1:55665-56652  -            329 418                  -            327  1.2e-156  511.7   0.5   1   1  1.4e-156  1.4e-156  511.5   0.5     4   326     1   327     1   328 0.97 -
418at766_779_0:0002b0|OZ308468.1:55668-56652     -            329 418                  -            327  1.2e-156  511.7   0.5   1   1  1.4e-156  1.4e-156  511.5   0.5     4   326     1   327     1   328 0.97 -
418at766_1242993_0:000160|OZ308468.1:55674-56652 -            327 418                  -            327  2.4e-156  510.7   0.5   1   1  2.7e-156  2.7e-156  510.6   0.5     4   326     1   327     1   327 0.97 -
418at766_1392507_0:0003da|OZ308468.1:55674-56652 -            327 418                  -            327  2.4e-156  510.7   0.5   1   1  2.7e-156  2.7e-156  510.6   0.5     4   326     1   327     1   327 0.97 -
418at766_205920_0:00035a|OZ308468.1:55674-56652  -            327 418                  -            327  2.4e-156  510.7   0.5   1   1  2.7e-156  2.7e-156  510.6   0.5     4   326     1   327     1   327 0.97 -
418at766_86105_0:00065e|OZ308468.1:55665-56649   -            328 418                  -            327    3e-156  510.4   0.5   1   1  3.4e-156  3.4e-156  510.2   0.5     5   326     1   326     1   327 0.97 -
418at766_2486578_0:000255|OZ308468.1:55674-56649 -            326 418                  -            327  5.9e-156  509.5   0.4   1   1  6.6e-156  6.6e-156  509.3   0.4     5   326     1   326     1   326 0.98 -
418at766_1286528_0:000104|OZ308468.1:55680-56661 -            328 418                  -            327  8.5e-156  508.9   0.8   1   1  9.4e-156  9.4e-156  508.8   0.8     1   324     1   328     1   328 0.97 -
#
# Program:         hmmsearch
# Version:         3.4 (Aug 2023)
# Pipeline mode:   SEARCH
# Query file:      /Users/rossoaa/Desktop/dummy/genomes/records/compleasm/mb_downloads/rickettsiales_odb12/hmms/418at766.hmm
# Target file:     -
# Option settings: /Users/rossoaa/miniconda3/envs/compleasm_env/bin/hmmsearch --domtblout /Users/rossoaa/Desktop/dummy/genomes/records/compleasm/rickettsiales_odb12/hmmer_output/418at766.out --cpu 1 /Users/rossoaa/Desktop/dummy/genomes/records/compleasm/mb_downloads/rickettsiales_odb12/hmms/418at766.hmm - 
# Current dir:     /Users/rossoaa/Desktop/dummy/genomes/records/compleasm
# Date:            Tue Feb 10 10:20:24 2026
# [ok]
