#                                                                                                           --- full sequence --- -------------- this domain -------------   hmm coord   ali coord   env coord
# target name                                       accession   tlen query name           accession   qlen   E-value  score  bias   #  of  c-Evalue  i-Evalue  score  bias  from    to  from    to  from    to  acc description of target
#                               ------------------- ---------- ----- -------------------- ---------- ----- --------- ------ ----- --- --- --------- --------- ------ ----- ----- ----- ----- ----- ----- ----- ---- ---------------------
4238at766_1105107_0:0002bc|OZ308468.1:237091-237706 -            205 4238                 -            207  1.7e-100  325.7   0.5   1   1  1.9e-100  1.9e-100  325.5   0.5     2   206     2   205     1   205 0.99 -
4238at766_1359168_0:000129|OZ308468.1:237091-237706 -            205 4238                 -            207  1.7e-100  325.7   0.5   1   1  1.9e-100  1.9e-100  325.5   0.5     2   206     2   205     1   205 0.99 -
4238at766_1605993_0:000241|OZ308468.1:237091-237706 -            205 4238                 -            207  1.7e-100  325.7   0.5   1   1  1.9e-100  1.9e-100  325.5   0.5     2   206     2   205     1   205 0.99 -
4238at766_169402_0:000083|OZ308468.1:237091-237706  -            205 4238                 -            207  1.7e-100  325.7   0.5   1   1  1.9e-100  1.9e-100  325.5   0.5     2   206     2   205     1   205 0.99 -
4238at766_1961830_0:0003d3|OZ308468.1:237091-237703 -            205 4238                 -            207  1.7e-100  325.7   0.5   1   1  1.9e-100  1.9e-100  325.5   0.5     2   206     2   205     1   205 0.99 -
4238at766_246273_0:00024a|OZ308468.1:237091-237706  -            205 4238                 -            207  1.7e-100  325.7   0.5   1   1  1.9e-100  1.9e-100  325.5   0.5     2   206     2   205     1   205 0.99 -
4238at766_272947_0:0000cd|OZ308468.1:237091-237706  -            205 4238                 -            207  1.7e-100  325.7   0.5   1   1  1.9e-100  1.9e-100  325.5   0.5     2   206     2   205     1   205 0.99 -
4238at766_334380_0:0001d7|OZ308468.1:237091-237706  -            205 4238                 -            207  1.7e-100  325.7   0.5   1   1  1.9e-100  1.9e-100  325.5   0.5     2   206     2   205     1   205 0.99 -
4238at766_336407_0:000428|OZ308468.1:237091-237706  -            205 4238                 -            207  1.7e-100  325.7   0.5   1   1  1.9e-100  1.9e-100  325.5   0.5     2   206     2   205     1   205 0.99 -
4238at766_481009_0:0000e2|OZ308468.1:237091-237706  -            205 4238                 -            207  1.7e-100  325.7   0.5   1   1  1.9e-100  1.9e-100  325.5   0.5     2   206     2   205     1   205 0.99 -
4238at766_752179_0:0000f0|OZ308468.1:237091-237706  -            205 4238                 -            207  1.7e-100  325.7   0.5   1   1  1.9e-100  1.9e-100  325.5   0.5     2   206     2   205     1   205 0.99 -
4238at766_96496_0:0000bf|OZ308468.1:237091-237706   -            205 4238                 -            207  1.7e-100  325.7   0.5   1   1  1.9e-100  1.9e-100  325.5   0.5     2   206     2   205     1   205 0.99 -
4238at766_1242993_0:00025b|OZ308468.1:237088-237706 -            206 4238                 -            207  1.8e-100  325.6   0.5   1   1    2e-100    2e-100  325.5   0.5     2   206     3   206     2   206 0.99 -
4238at766_1423892_0:000163|OZ308468.1:237088-237706 -            206 4238                 -            207  1.8e-100  325.6   0.5   1   1    2e-100    2e-100  325.5   0.5     2   206     3   206     2   206 0.99 -
4238at766_1528098_0:0001b0|OZ308468.1:237088-237706 -            206 4238                 -            207  1.8e-100  325.6   0.5   1   1    2e-100    2e-100  325.5   0.5     2   206     3   206     2   206 0.99 -
4238at766_205920_0:00036a|OZ308468.1:237088-237706  -            206 4238                 -            207  1.8e-100  325.6   0.5   1   1    2e-100    2e-100  325.5   0.5     2   206     3   206     2   206 0.99 -
4238at766_391036_0:000177|OZ308468.1:237088-237706  -            206 4238                 -            207  1.8e-100  325.6   0.5   1   1    2e-100    2e-100  325.5   0.5     2   206     3   206     2   206 0.99 -
4238at766_1286528_0:000164|OZ308468.1:237094-237706 -            204 4238                 -            207  3.4e-100  324.7   0.5   1   1  3.7e-100  3.7e-100  324.6   0.5     3   206     2   204     1   204 0.99 -
4238at766_1392507_0:0000b6|OZ308468.1:237094-237706 -            204 4238                 -            207  3.4e-100  324.7   0.5   1   1  3.7e-100  3.7e-100  324.6   0.5     3   206     2   204     1   204 0.99 -
4238at766_1714371_0:0001bd|OZ308468.1:237094-237706 -            204 4238                 -            207  3.4e-100  324.7   0.5   1   1  3.7e-100  3.7e-100  324.6   0.5     3   206     2   204     1   204 0.99 -
4238at766_222891_0:0001eb|OZ308468.1:237094-237706  -            204 4238                 -            207  3.4e-100  324.7   0.5   1   1  3.7e-100  3.7e-100  324.6   0.5     3   206     2   204     1   204 0.99 -
4238at766_696127_0:00043e|OZ308468.1:237094-237706  -            204 4238                 -            207  3.4e-100  324.7   0.5   1   1  3.7e-100  3.7e-100  324.6   0.5     3   206     2   204     1   204 0.99 -
4238at766_779_0:00016e|OZ308468.1:237094-237706     -            204 4238                 -            207  3.4e-100  324.7   0.5   1   1  3.7e-100  3.7e-100  324.6   0.5     3   206     2   204     1   204 0.99 -
4238at766_955_0:0002bc|OZ308468.1:237094-237706     -            204 4238                 -            207  3.4e-100  324.7   0.5   1   1  3.7e-100  3.7e-100  324.6   0.5     3   206     2   204     1   204 0.99 -
4238at766_1248439_0:0000f0|OZ308468.1:237097-237706 -            203 4238                 -            207  4.8e-100  324.2   0.5   1   1  5.4e-100  5.4e-100  324.1   0.5     3   206     1   203     1   203 0.99 -
4238at766_1274402_0:00010a|OZ308468.1:237097-237706 -            203 4238                 -            207  4.8e-100  324.2   0.5   1   1  5.4e-100  5.4e-100  324.1   0.5     3   206     1   203     1   203 0.99 -
4238at766_1359163_0:00018d|OZ308468.1:237097-237706 -            203 4238                 -            207  4.8e-100  324.2   0.5   1   1  5.4e-100  5.4e-100  324.1   0.5     3   206     1   203     1   203 0.99 -
4238at766_142058_0:000366|OZ308468.1:237097-237706  -            203 4238                 -            207  4.8e-100  324.2   0.5   1   1  5.4e-100  5.4e-100  324.1   0.5     3   206     1   203     1   203 0.99 -
4238at766_2602574_0:0001f9|OZ308468.1:237097-237706 -            203 4238                 -            207  4.8e-100  324.2   0.5   1   1  5.4e-100  5.4e-100  324.1   0.5     3   206     1   203     1   203 0.99 -
4238at766_2486578_0:0001ad|OZ308468.1:235255-237700 -            213 4238                 -            207   3.1e-99  321.6   0.6   1   1   3.5e-99   3.5e-99  321.4   0.6     3   205    12   213    10   213 0.99 -
4238at766_2486577_0:000083|OZ308468.1:237109-237706 -            199 4238                 -            207   1.4e-98  319.4   0.4   1   1   1.6e-98   1.6e-98  319.3   0.4     8   206     2   199     1   199 0.99 -
4238at766_86105_0:000546|OZ308468.1:237103-237694   -            198 4238                 -            207   2.6e-97  315.3   0.3   1   1   2.9e-97   2.9e-97  315.1   0.3     6   203     2   198     1   198 0.99 -
#
# Program:         hmmsearch
# Version:         3.4 (Aug 2023)
# Pipeline mode:   SEARCH
# Query file:      /Users/rossoaa/Desktop/dummy/genomes/records/compleasm/mb_downloads/rickettsiales_odb12/hmms/4238at766.hmm
# Target file:     -
# Option settings: /Users/rossoaa/miniconda3/envs/compleasm_env/bin/hmmsearch --domtblout /Users/rossoaa/Desktop/dummy/genomes/records/compleasm/rickettsiales_odb12/hmmer_output/4238at766.out --cpu 1 /Users/rossoaa/Desktop/dummy/genomes/records/compleasm/mb_downloads/rickettsiales_odb12/hmms/4238at766.hmm - 
# Current dir:     /Users/rossoaa/Desktop/dummy/genomes/records/compleasm
# Date:            Tue Feb 10 10:20:22 2026
# [ok]
