#                                                                                                           --- full sequence --- -------------- this domain -------------   hmm coord   ali coord   env coord
# target name                                       accession   tlen query name           accession   qlen   E-value  score  bias   #  of  c-Evalue  i-Evalue  score  bias  from    to  from    to  from    to  acc description of target
#                               ------------------- ---------- ----- -------------------- ---------- ----- --------- ------ ----- --- --- --------- --------- ------ ----- ----- ----- ----- ----- ----- ----- ---- ---------------------
4254at766_1286528_0:000296|OZ308468.1:755830-756145 -            106 4254                 -            106   1.4e-57  183.2   0.8   1   1   1.6e-57   1.6e-57  183.1   0.8     3   105     3   105     1   106 0.98 -
4254at766_2486578_0:000245|OZ308468.1:755830-756145 -            106 4254                 -            106   1.4e-57  183.2   0.8   1   1   1.6e-57   1.6e-57  183.1   0.8     3   105     3   105     1   106 0.98 -
4254at766_1423892_0:0002b0|OZ308468.1:755827-756148 -            107 4254                 -            106   1.5e-57  183.2   0.8   1   1   1.6e-57   1.6e-57  183.1   0.8     3   105     4   106     2   107 0.98 -
4254at766_779_0:000102|OZ308468.1:755827-756148     -            107 4254                 -            106   1.5e-57  183.2   0.8   1   1   1.6e-57   1.6e-57  183.1   0.8     3   105     4   106     2   107 0.98 -
4254at766_1961830_0:0003bb|OZ308468.1:755827-756151 -            108 4254                 -            106   1.5e-57  183.1   0.8   1   1   1.7e-57   1.7e-57  183.0   0.8     3   105     5   107     3   108 0.98 -
4254at766_1242993_0:000198|OZ308468.1:755827-756142 -            105 4254                 -            106   1.7e-57  183.0   0.7   1   1   1.8e-57   1.8e-57  182.9   0.7     3   105     2   104     1   105 0.98 -
4254at766_1392507_0:000388|OZ308468.1:755827-756142 -            105 4254                 -            106   1.7e-57  183.0   0.7   1   1   1.8e-57   1.8e-57  182.9   0.7     3   105     2   104     1   105 0.98 -
4254at766_1528098_0:000068|OZ308468.1:755830-756142 -            105 4254                 -            106   1.7e-57  183.0   0.7   1   1   1.8e-57   1.8e-57  182.9   0.7     3   105     2   104     1   105 0.98 -
4254at766_1605993_0:0000ec|OZ308468.1:755830-756142 -            105 4254                 -            106   1.7e-57  183.0   0.7   1   1   1.8e-57   1.8e-57  182.9   0.7     3   105     2   104     1   105 0.98 -
4254at766_205920_0:00027b|OZ308468.1:755827-756142  -            105 4254                 -            106   1.7e-57  183.0   0.7   1   1   1.8e-57   1.8e-57  182.9   0.7     3   105     2   104     1   105 0.98 -
4254at766_246273_0:00004a|OZ308468.1:755827-756142  -            105 4254                 -            106   1.7e-57  183.0   0.7   1   1   1.8e-57   1.8e-57  182.9   0.7     3   105     2   104     1   105 0.98 -
4254at766_696127_0:00008e|OZ308468.1:755830-756142  -            105 4254                 -            106   1.7e-57  183.0   0.7   1   1   1.8e-57   1.8e-57  182.9   0.7     3   105     2   104     1   105 0.98 -
4254at766_955_0:000144|OZ308468.1:755827-756142     -            105 4254                 -            106   1.7e-57  183.0   0.7   1   1   1.8e-57   1.8e-57  182.9   0.7     3   105     2   104     1   105 0.98 -
4254at766_96496_0:00015d|OZ308468.1:755827-756142   -            105 4254                 -            106   1.7e-57  183.0   0.7   1   1   1.8e-57   1.8e-57  182.9   0.7     3   105     2   104     1   105 0.98 -
4254at766_169402_0:00036b|OZ308468.1:755811-756142  -            111 4254                 -            106   2.9e-57  182.2   0.4   1   1   3.3e-57   3.3e-57  182.1   0.4     3   104     2   103     1   105 0.98 -
4254at766_2602574_0:000029|OZ308468.1:755836-756148 -            105 4254                 -            106   3.6e-57  182.0   0.6   1   1   3.9e-57   3.9e-57  181.9   0.6     3   103     4   104     2   105 0.98 -
4254at766_2115978_0:0002b9|OZ308468.1:755836-756142 -            103 4254                 -            106     4e-57  181.8   0.5   1   1   4.3e-57   4.3e-57  181.7   0.5     3   103     2   102     1   103 0.98 -
4254at766_272947_0:0001dd|OZ308468.1:755830-756136  -            103 4254                 -            106   4.9e-57  181.5   0.6   1   1   5.3e-57   5.3e-57  181.4   0.6     5   105     2   102     1   103 0.98 -
4254at766_1359168_0:0002e0|OZ308468.1:755836-756139 -            102 4254                 -            106   5.8e-57  181.3   0.5   1   1   6.4e-57   6.4e-57  181.2   0.5     3   103     1   101     1   102 0.98 -
4254at766_334380_0:0002bc|OZ308468.1:755836-756139  -            102 4254                 -            106   5.8e-57  181.3   0.5   1   1   6.4e-57   6.4e-57  181.2   0.5     3   103     1   101     1   102 0.98 -
4254at766_752179_0:00005a|OZ308468.1:755836-756139  -            102 4254                 -            106   5.8e-57  181.3   0.5   1   1   6.4e-57   6.4e-57  181.2   0.5     3   103     1   101     1   102 0.98 -
4254at766_222891_0:00029c|OZ308468.1:755839-756145  -            103 4254                 -            106   5.9e-57  181.3   0.5   1   1   6.4e-57   6.4e-57  181.2   0.5     3   103     3   103     1   103 0.98 -
4254at766_1714371_0:0002cb|OZ308468.1:755842-756145 -            102 4254                 -            106   1.4e-56  180.1   0.4   1   1   1.5e-56   1.5e-56  180.0   0.4     3   102     3   102     1   102 0.98 -
4254at766_434131_0:00015f|OZ308468.1:755842-756145  -            102 4254                 -            106   1.4e-56  180.1   0.4   1   1   1.5e-56   1.5e-56  180.0   0.4     3   102     3   102     1   102 0.98 -
4254at766_481009_0:000405|OZ308468.1:755842-756151  -            104 4254                 -            106   1.5e-56  180.0   0.4   1   1   1.6e-56   1.6e-56  179.9   0.4     3   102     5   104     3   104 0.98 -
4254at766_1248439_0:000156|OZ308468.1:755827-756130 -            101 4254                 -            106   2.1e-56  179.5   0.6   1   1   2.3e-56   2.3e-56  179.4   0.6     6   105     1   100     1   101 0.98 -
4254at766_142058_0:000008|OZ308468.1:755827-756130  -            101 4254                 -            106   2.1e-56  179.5   0.6   1   1   2.3e-56   2.3e-56  179.4   0.6     6   105     1   100     1   101 0.98 -
4254at766_1359163_0:000025|OZ308468.1:755830-756127 -            100 4254                 -            106   4.6e-56  178.4   0.6   1   1     5e-56     5e-56  178.3   0.6     7   105     1    99     1   100 0.98 -
4254at766_86105_0:0005a7|OZ308468.1:755827-756127   -            100 4254                 -            106   4.6e-56  178.4   0.6   1   1     5e-56     5e-56  178.3   0.6     7   105     1    99     1   100 0.98 -
#
# Program:         hmmsearch
# Version:         3.4 (Aug 2023)
# Pipeline mode:   SEARCH
# Query file:      /Users/rossoaa/Desktop/dummy/genomes/records/compleasm/mb_downloads/rickettsiales_odb12/hmms/4254at766.hmm
# Target file:     -
# Option settings: /Users/rossoaa/miniconda3/envs/compleasm_env/bin/hmmsearch --domtblout /Users/rossoaa/Desktop/dummy/genomes/records/compleasm/rickettsiales_odb12/hmmer_output/4254at766.out --cpu 1 /Users/rossoaa/Desktop/dummy/genomes/records/compleasm/mb_downloads/rickettsiales_odb12/hmms/4254at766.hmm - 
# Current dir:     /Users/rossoaa/Desktop/dummy/genomes/records/compleasm
# Date:            Tue Feb 10 10:20:21 2026
# [ok]
