#                                                                                                             --- full sequence --- -------------- this domain -------------   hmm coord   ali coord   env coord
# target name                                         accession   tlen query name           accession   qlen   E-value  score  bias   #  of  c-Evalue  i-Evalue  score  bias  from    to  from    to  from    to  acc description of target
#                                 ------------------- ---------- ----- -------------------- ---------- ----- --------- ------ ----- --- --- --------- --------- ------ ----- ----- ----- ----- ----- ----- ----- ---- ---------------------
4255at766_1528098_0:0001c7|OZ308468.1:1023852-1024818 -            323 4255                 -            322    4e-181  591.8   2.7   1   1  4.5e-181  4.5e-181  591.7   2.7     3   322     3   323     1   323 0.99 -
4255at766_1105107_0:000151|OZ308468.1:1023846-1024818 -            325 4255                 -            322    4e-181  591.8   2.7   1   1  4.6e-181  4.6e-181  591.6   2.7     3   322     5   325     3   325 0.99 -
4255at766_2602574_0:000098|OZ308468.1:1023849-1024821 -            325 4255                 -            322    4e-181  591.8   2.7   1   1  4.6e-181  4.6e-181  591.6   2.7     3   322     4   324     2   324 0.99 -
4255at766_169402_0:0004a0|OZ308468.1:1023852-1024821  -            324 4255                 -            322  4.1e-181  591.8   2.7   1   1  4.5e-181  4.5e-181  591.7   2.7     3   322     3   323     1   323 0.99 -
4255at766_955_0:000000|OZ308468.1:1023852-1024821     -            324 4255                 -            322  4.1e-181  591.8   2.7   1   1  4.5e-181  4.5e-181  591.7   2.7     3   322     3   323     1   323 0.99 -
4255at766_336407_0:0001f9|OZ308468.1:1023846-1024821  -            326 4255                 -            322  4.1e-181  591.8   2.7   1   1  4.6e-181  4.6e-181  591.6   2.7     3   322     5   325     3   325 0.99 -
4255at766_481009_0:000452|OZ308468.1:1023846-1024821  -            326 4255                 -            322  4.1e-181  591.8   2.7   1   1  4.6e-181  4.6e-181  591.6   2.7     3   322     5   325     3   325 0.99 -
4255at766_696127_0:0002cd|OZ308468.1:1023840-1024821  -            328 4255                 -            322  4.1e-181  591.8   2.7   1   1  4.7e-181  4.7e-181  591.6   2.7     3   322     7   327     5   327 0.99 -
4255at766_86105_0:0000b4|OZ308468.1:1023840-1024821   -            328 4255                 -            322  4.1e-181  591.8   2.7   1   1  4.7e-181  4.7e-181  591.6   2.7     3   322     7   327     5   327 0.99 -
4255at766_1242993_0:000132|OZ308468.1:1023843-1024824 -            328 4255                 -            322  4.1e-181  591.8   2.7   1   1  4.7e-181  4.7e-181  591.6   2.7     3   322     6   326     4   326 0.99 -
4255at766_1423892_0:00011f|OZ308468.1:1023843-1024824 -            328 4255                 -            322  4.1e-181  591.8   2.7   1   1  4.7e-181  4.7e-181  591.6   2.7     3   322     6   326     4   326 0.99 -
4255at766_1802984_0:00005e|OZ308468.1:1023843-1024824 -            328 4255                 -            322  4.1e-181  591.8   2.7   1   1  4.7e-181  4.7e-181  591.6   2.7     3   322     6   326     4   326 0.99 -
4255at766_391036_0:0002b3|OZ308468.1:1023843-1024824  -            328 4255                 -            322  4.1e-181  591.8   2.7   1   1  4.7e-181  4.7e-181  591.6   2.7     3   322     6   326     4   326 0.99 -
4255at766_1605993_0:000353|OZ308468.1:1023852-1024830 -            326 4255                 -            322  4.1e-181  591.8   2.7   1   1  4.6e-181  4.6e-181  591.6   2.7     3   322     3   323     1   323 0.99 -
4255at766_246273_0:000100|OZ308468.1:1023852-1024830  -            326 4255                 -            322  4.1e-181  591.8   2.7   1   1  4.6e-181  4.6e-181  591.6   2.7     3   322     3   323     1   323 0.99 -
4255at766_96496_0:0001e7|OZ308468.1:1023852-1024830   -            326 4255                 -            322  4.1e-181  591.8   2.7   1   1  4.6e-181  4.6e-181  591.6   2.7     3   322     3   323     1   323 0.99 -
4255at766_1286528_0:0001ac|OZ308468.1:1023858-1024824 -            323 4255                 -            322  6.1e-181  591.2   2.3   1   1  6.8e-181  6.8e-181  591.1   2.3     5   322     3   321     1   321 0.99 -
4255at766_1392507_0:00011c|OZ308468.1:1023864-1024821 -            320 4255                 -            322  8.8e-181  590.7   2.2   1   1  9.9e-181  9.9e-181  590.5   2.2     6   322     2   319     1   319 0.99 -
4255at766_1359163_0:000011|OZ308468.1:1023864-1024824 -            321 4255                 -            322  8.9e-181  590.7   2.2   1   1    1e-180    1e-180  590.5   2.2     6   322     2   319     1   319 0.99 -
4255at766_205920_0:000018|OZ308468.1:1023864-1024824  -            321 4255                 -            322  8.9e-181  590.7   2.2   1   1    1e-180    1e-180  590.5   2.2     6   322     2   319     1   319 0.99 -
4255at766_2115978_0:000460|OZ308468.1:1023864-1024827 -            322 4255                 -            322    9e-181  590.7   2.2   1   1    1e-180    1e-180  590.5   2.2     6   322     2   319     1   319 0.99 -
4255at766_752179_0:000133|OZ308468.1:1023870-1024824  -            319 4255                 -            322  3.1e-180  588.9   2.3   1   1  3.5e-180  3.5e-180  588.7   2.3     8   322     2   317     1   317 0.99 -
4255at766_779_0:0001ae|OZ308468.1:1023870-1024824     -            319 4255                 -            322  3.1e-180  588.9   2.3   1   1  3.5e-180  3.5e-180  588.7   2.3     8   322     2   317     1   317 0.99 -
4255at766_272947_0:00010b|OZ308468.1:1023873-1024821  -            317 4255                 -            322  6.2e-180  587.9   2.3   1   1    7e-180    7e-180  587.8   2.3     8   322     1   316     1   316 0.99 -
4255at766_1248439_0:00002d|OZ308468.1:1023876-1024821 -            316 4255                 -            322  1.3e-179  586.9   2.2   1   1  1.4e-179  1.4e-179  586.8   2.2     9   322     1   315     1   315 0.99 -
4255at766_142058_0:0000cb|OZ308468.1:1023876-1024821  -            316 4255                 -            322  1.3e-179  586.9   2.2   1   1  1.4e-179  1.4e-179  586.8   2.2     9   322     1   315     1   315 0.99 -
4255at766_574556_0:000265|OZ308468.1:1023876-1024821  -            316 4255                 -            322  1.3e-179  586.9   2.2   1   1  1.4e-179  1.4e-179  586.8   2.2     9   322     1   315     1   315 0.99 -
4255at766_1961830_0:000294|OZ308468.1:1023879-1024818 -            314 4255                 -            322  2.9e-179  585.7   2.2   1   1  3.2e-179  3.2e-179  585.6   2.2    11   322     2   314     1   314 0.99 -
4255at766_1714371_0:00021e|OZ308468.1:1023882-1024824 -            315 4255                 -            322  5.5e-179  584.8   2.1   1   1  6.2e-179  6.2e-179  584.6   2.1    12   322     2   313     1   313 0.99 -
4255at766_222891_0:000100|OZ308468.1:1023882-1024824  -            315 4255                 -            322  5.5e-179  584.8   2.1   1   1  6.2e-179  6.2e-179  584.6   2.1    12   322     2   313     1   313 0.99 -
4255at766_434131_0:000094|OZ308468.1:1023882-1024824  -            315 4255                 -            322  5.5e-179  584.8   2.1   1   1  6.2e-179  6.2e-179  584.6   2.1    12   322     2   313     1   313 0.99 -
4255at766_2486577_0:000228|OZ308468.1:1023894-1024818 -            309 4255                 -            322  3.6e-178  582.1   2.0   1   1    4e-178    4e-178  582.0   2.0    15   322     1   309     1   309 0.99 -
4255at766_1274402_0:000303|OZ308468.1:1023894-1024830 -            312 4255                 -            322  3.7e-178  582.1   2.0   1   1  4.2e-178  4.2e-178  581.9   2.0    15   322     1   309     1   309 0.99 -
4255at766_2486578_0:00037d|OZ308468.1:1023903-1024818 -            306 4255                 -            322    1e-176  577.3   1.6   1   1  1.2e-176  1.2e-176  577.2   1.6    18   322     1   306     1   306 0.99 -
#
# Program:         hmmsearch
# Version:         3.4 (Aug 2023)
# Pipeline mode:   SEARCH
# Query file:      /Users/rossoaa/Desktop/dummy/genomes/records/compleasm/mb_downloads/rickettsiales_odb12/hmms/4255at766.hmm
# Target file:     -
# Option settings: /Users/rossoaa/miniconda3/envs/compleasm_env/bin/hmmsearch --domtblout /Users/rossoaa/Desktop/dummy/genomes/records/compleasm/rickettsiales_odb12/hmmer_output/4255at766.out --cpu 1 /Users/rossoaa/Desktop/dummy/genomes/records/compleasm/mb_downloads/rickettsiales_odb12/hmms/4255at766.hmm - 
# Current dir:     /Users/rossoaa/Desktop/dummy/genomes/records/compleasm
# Date:            Tue Feb 10 10:20:21 2026
# [ok]
