#                                                                                                           --- full sequence --- -------------- this domain -------------   hmm coord   ali coord   env coord
# target name                                       accession   tlen query name           accession   qlen   E-value  score  bias   #  of  c-Evalue  i-Evalue  score  bias  from    to  from    to  from    to  acc description of target
#                               ------------------- ---------- ----- -------------------- ---------- ----- --------- ------ ----- --- --- --------- --------- ------ ----- ----- ----- ----- ----- ----- ----- ---- ---------------------
4279at766_1274402_0:00033e|OZ308468.1:158006-159149 -            382 4279                 -            349  1.5e-172  563.6   2.9   1   1  1.3e-171  1.3e-171  560.6   2.9     6   348     9   380     2   381 0.93 -
4279at766_1392507_0:000355|OZ308468.1:158006-159173 -            390 4279                 -            349  1.6e-172  563.6   2.8   1   1  1.3e-171  1.3e-171  560.6   2.8     6   348     9   380     2   381 0.93 -
4279at766_2486577_0:00002a|OZ308468.1:158000-159170 -            391 4279                 -            349  1.6e-172  563.6   2.9   1   1  1.3e-171  1.3e-171  560.6   2.9     6   348    11   382     3   383 0.93 -
4279at766_779_0:000058|OZ308468.1:158000-159170     -            391 4279                 -            349  1.6e-172  563.6   2.9   1   1  1.3e-171  1.3e-171  560.6   2.9     6   348    11   382     3   383 0.93 -
4279at766_1248439_0:0001f9|OZ308468.1:158000-159173 -            392 4279                 -            349  1.6e-172  563.6   2.9   1   1  1.3e-171  1.3e-171  560.6   2.9     6   348    11   382     3   383 0.93 -
4279at766_142058_0:0001f7|OZ308468.1:158000-159173  -            392 4279                 -            349  1.6e-172  563.6   2.9   1   1  1.3e-171  1.3e-171  560.6   2.9     6   348    11   382     3   383 0.93 -
4279at766_955_0:0002dd|OZ308468.1:157997-159173     -            393 4279                 -            349  1.6e-172  563.6   2.9   1   1  1.3e-171  1.3e-171  560.5   2.9     6   348    12   383     4   384 0.93 -
4279at766_1242993_0:00028a|OZ308468.1:158000-159179 -            394 4279                 -            349  1.6e-172  563.6   2.9   1   1  1.3e-171  1.3e-171  560.5   2.9     6   348    11   382     3   383 0.93 -
4279at766_1359163_0:000245|OZ308468.1:158000-159179 -            394 4279                 -            349  1.6e-172  563.6   2.9   1   1  1.3e-171  1.3e-171  560.5   2.9     6   348    11   382     3   383 0.93 -
4279at766_1423892_0:00020f|OZ308468.1:158000-159179 -            394 4279                 -            349  1.6e-172  563.6   2.9   1   1  1.3e-171  1.3e-171  560.5   2.9     6   348    11   382     3   383 0.93 -
4279at766_205920_0:00016d|OZ308468.1:158000-159179  -            394 4279                 -            349  1.6e-172  563.6   2.9   1   1  1.3e-171  1.3e-171  560.5   2.9     6   348    11   382     3   383 0.93 -
4279at766_391036_0:000338|OZ308468.1:158000-159179  -            394 4279                 -            349  1.6e-172  563.6   2.9   1   1  1.3e-171  1.3e-171  560.5   2.9     6   348    11   382     3   383 0.93 -
4279at766_96496_0:00000c|OZ308468.1:158006-159182   -            393 4279                 -            349  1.6e-172  563.6   2.8   1   1  1.3e-171  1.3e-171  560.6   2.8     6   348     9   380     2   381 0.93 -
4279at766_169402_0:0001ac|OZ308468.1:158000-159203  -            402 4279                 -            349  2.1e-172  563.2   3.1   1   1  1.7e-171  1.7e-171  560.2   3.1     6   348    11   382     3   383 0.93 -
4279at766_696127_0:000022|OZ308468.1:158000-159143  -            382 4279                 -            349  2.8e-172  562.8   3.3   1   1  2.3e-171  2.3e-171  559.7   3.3     6   347    11   381     3   382 0.93 -
4279at766_1286528_0:000298|OZ308468.1:158018-159143 -            376 4279                 -            349  3.1e-172  562.6   3.0   1   1  2.4e-171  2.4e-171  559.7   3.0     6   347     5   375     1   376 0.93 -
4279at766_222891_0:0001c5|OZ308468.1:158039-159161  -            375 4279                 -            349  1.4e-171  560.5   3.3   1   1  1.1e-170  1.1e-170  557.5   3.3     9   348     1   369     1   370 0.93 -
4279at766_2115978_0:000477|OZ308468.1:158003-159134 -            378 4279                 -            349  1.5e-171  560.4   3.4   1   1  1.2e-170  1.2e-170  557.4   3.4     6   344    10   377     2   378 0.93 -
4279at766_1714371_0:000196|OZ308468.1:158039-159197 -            387 4279                 -            349  1.5e-171  560.4   3.2   1   1  1.2e-170  1.2e-170  557.5   3.2     9   348     1   369     1   370 0.93 -
4279at766_1961830_0:000430|OZ308468.1:157997-159134 -            380 4279                 -            349  1.5e-171  560.4   3.4   1   1  1.3e-170  1.3e-170  557.3   3.4     6   344    12   379     4   380 0.93 -
4279at766_434131_0:00026f|OZ308468.1:158039-159134  -            366 4279                 -            349  8.5e-171  557.9   3.1   1   1  6.9e-170  6.9e-170  554.9   3.1     9   344     1   365     1   366 0.93 -
#
# Program:         hmmsearch
# Version:         3.4 (Aug 2023)
# Pipeline mode:   SEARCH
# Query file:      /Users/rossoaa/Desktop/dummy/genomes/records/compleasm/mb_downloads/rickettsiales_odb12/hmms/4279at766.hmm
# Target file:     -
# Option settings: /Users/rossoaa/miniconda3/envs/compleasm_env/bin/hmmsearch --domtblout /Users/rossoaa/Desktop/dummy/genomes/records/compleasm/rickettsiales_odb12/hmmer_output/4279at766.out --cpu 1 /Users/rossoaa/Desktop/dummy/genomes/records/compleasm/mb_downloads/rickettsiales_odb12/hmms/4279at766.hmm - 
# Current dir:     /Users/rossoaa/Desktop/dummy/genomes/records/compleasm
# Date:            Tue Feb 10 10:20:23 2026
# [ok]
