#                                                                                                         --- full sequence --- -------------- this domain -------------   hmm coord   ali coord   env coord
# target name                                     accession   tlen query name           accession   qlen   E-value  score  bias   #  of  c-Evalue  i-Evalue  score  bias  from    to  from    to  from    to  acc description of target
#                             ------------------- ---------- ----- -------------------- ---------- ----- --------- ------ ----- --- --- --------- --------- ------ ----- ----- ----- ----- ----- ----- ----- ---- ---------------------
4307at766_1105107_0:0002e0|OZ308468.1:30227-32021 -            598 4307                 -            596         0 1183.9   0.8   1   1         0         0 1183.7   0.8     2   596     2   598     1   598 0.99 -
4307at766_1286528_0:00009d|OZ308468.1:30227-32021 -            598 4307                 -            596         0 1183.9   0.8   1   1         0         0 1183.7   0.8     2   596     2   598     1   598 0.99 -
4307at766_1359163_0:000302|OZ308468.1:30227-32021 -            598 4307                 -            596         0 1183.9   0.8   1   1         0         0 1183.7   0.8     2   596     2   598     1   598 0.99 -
4307at766_1528098_0:000311|OZ308468.1:30227-32021 -            598 4307                 -            596         0 1183.9   0.8   1   1         0         0 1183.7   0.8     2   596     2   598     1   598 0.99 -
4307at766_1605993_0:000282|OZ308468.1:30227-32021 -            598 4307                 -            596         0 1183.9   0.8   1   1         0         0 1183.7   0.8     2   596     2   598     1   598 0.99 -
4307at766_169402_0:0004fc|OZ308468.1:30227-32021  -            598 4307                 -            596         0 1183.9   0.8   1   1         0         0 1183.7   0.8     2   596     2   598     1   598 0.99 -
4307at766_1714371_0:00015c|OZ308468.1:30227-32021 -            598 4307                 -            596         0 1183.9   0.8   1   1         0         0 1183.7   0.8     2   596     2   598     1   598 0.99 -
4307at766_1961830_0:000024|OZ308468.1:30227-32021 -            598 4307                 -            596         0 1183.9   0.8   1   1         0         0 1183.7   0.8     2   596     2   598     1   598 0.99 -
4307at766_222891_0:000183|OZ308468.1:30227-32021  -            598 4307                 -            596         0 1183.9   0.8   1   1         0         0 1183.7   0.8     2   596     2   598     1   598 0.99 -
4307at766_246273_0:000343|OZ308468.1:30227-32021  -            598 4307                 -            596         0 1183.9   0.8   1   1         0         0 1183.7   0.8     2   596     2   598     1   598 0.99 -
4307at766_434131_0:000177|OZ308468.1:30227-32021  -            598 4307                 -            596         0 1183.9   0.8   1   1         0         0 1183.7   0.8     2   596     2   598     1   598 0.99 -
4307at766_481009_0:0003f4|OZ308468.1:30227-32021  -            598 4307                 -            596         0 1183.9   0.8   1   1         0         0 1183.7   0.8     2   596     2   598     1   598 0.99 -
4307at766_955_0:000279|OZ308468.1:30227-32021     -            598 4307                 -            596         0 1183.9   0.8   1   1         0         0 1183.7   0.8     2   596     2   598     1   598 0.99 -
4307at766_96496_0:0001ed|OZ308468.1:30227-32021   -            598 4307                 -            596         0 1183.9   0.8   1   1         0         0 1183.7   0.8     2   596     2   598     1   598 0.99 -
4307at766_1242993_0:000375|OZ308468.1:30221-32021 -            600 4307                 -            596         0 1183.9   0.8   1   1         0         0 1183.7   0.8     2   596     4   600     3   600 0.99 -
4307at766_1392507_0:000022|OZ308468.1:30221-32021 -            600 4307                 -            596         0 1183.9   0.8   1   1         0         0 1183.7   0.8     2   596     4   600     3   600 0.99 -
4307at766_1423892_0:00023b|OZ308468.1:30221-32021 -            600 4307                 -            596         0 1183.9   0.8   1   1         0         0 1183.7   0.8     2   596     4   600     3   600 0.99 -
4307at766_205920_0:0000dc|OZ308468.1:30221-32021  -            600 4307                 -            596         0 1183.9   0.8   1   1         0         0 1183.7   0.8     2   596     4   600     3   600 0.99 -
4307at766_2602574_0:000454|OZ308468.1:30218-32021 -            601 4307                 -            596         0 1183.9   0.8   1   1         0         0 1183.7   0.8     2   596     5   601     4   601 0.99 -
4307at766_334380_0:0003c8|OZ308468.1:30218-32021  -            601 4307                 -            596         0 1183.9   0.8   1   1         0         0 1183.7   0.8     2   596     5   601     4   601 0.99 -
4307at766_752179_0:00020e|OZ308468.1:30218-32021  -            601 4307                 -            596         0 1183.9   0.8   1   1         0         0 1183.7   0.8     2   596     5   601     4   601 0.99 -
4307at766_1274402_0:000027|OZ308468.1:30215-32021 -            602 4307                 -            596         0 1183.8   0.8   1   1         0         0 1183.7   0.8     2   596     6   602     5   602 0.99 -
4307at766_2486578_0:000144|OZ308468.1:30215-32021 -            602 4307                 -            596         0 1183.8   0.8   1   1         0         0 1183.7   0.8     2   596     6   602     5   602 0.99 -
4307at766_86105_0:0004c5|OZ308468.1:30215-32021   -            602 4307                 -            596         0 1183.8   0.8   1   1         0         0 1183.7   0.8     2   596     6   602     5   602 0.99 -
4307at766_142058_0:00015c|OZ308468.1:30230-32021  -            597 4307                 -            596         0 1182.9   0.7   1   1         0         0 1182.8   0.7     3   596     2   597     1   597 0.99 -
4307at766_272947_0:0001c4|OZ308468.1:30227-32015  -            597 4307                 -            596         0 1182.7   0.7   1   1         0         0 1182.5   0.7     2   594     2   596     1   597 0.99 -
4307at766_2486577_0:00028f|OZ308468.1:30215-32015 -            601 4307                 -            596         0 1182.7   0.7   1   1         0         0 1182.5   0.7     2   594     6   600     5   601 0.99 -
4307at766_779_0:00010f|OZ308468.1:30233-32021     -            596 4307                 -            596         0 1182.0   0.7   1   1         0         0 1181.9   0.7     3   596     1   596     1   596 0.99 -
4307at766_1802984_0:0000a2|OZ308468.1:30221-32012 -            598 4307                 -            596         0 1181.8   0.7   1   1         0         0 1181.6   0.7     2   594     4   598     3   598 0.99 -
4307at766_1248439_0:00009d|OZ308468.1:30236-32021 -            595 4307                 -            596         0 1180.6   0.6   1   1         0         0 1180.5   0.6     4   596     1   595     1   595 0.99 -
4307at766_2115978_0:0004a8|OZ308468.1:30236-32015 -            594 4307                 -            596         0 1179.5   0.6   1   1         0         0 1179.3   0.6     4   594     1   593     1   594 0.99 -
#
# Program:         hmmsearch
# Version:         3.4 (Aug 2023)
# Pipeline mode:   SEARCH
# Query file:      /Users/rossoaa/Desktop/dummy/genomes/records/compleasm/mb_downloads/rickettsiales_odb12/hmms/4307at766.hmm
# Target file:     -
# Option settings: /Users/rossoaa/miniconda3/envs/compleasm_env/bin/hmmsearch --domtblout /Users/rossoaa/Desktop/dummy/genomes/records/compleasm/rickettsiales_odb12/hmmer_output/4307at766.out --cpu 1 /Users/rossoaa/Desktop/dummy/genomes/records/compleasm/mb_downloads/rickettsiales_odb12/hmms/4307at766.hmm - 
# Current dir:     /Users/rossoaa/Desktop/dummy/genomes/records/compleasm
# Date:            Tue Feb 10 10:20:23 2026
# [ok]
