#                                                                                                        --- full sequence --- -------------- this domain -------------   hmm coord   ali coord   env coord
# target name                                    accession   tlen query name           accession   qlen   E-value  score  bias   #  of  c-Evalue  i-Evalue  score  bias  from    to  from    to  from    to  acc description of target
#                            ------------------- ---------- ----- -------------------- ---------- ----- --------- ------ ----- --- --- --------- --------- ------ ----- ----- ----- ----- ----- ----- ----- ---- ---------------------
431at766_1359163_0:0000f8|OZ308468.1:65705-66488 -            262 431                  -            259  1.5e-111  360.9   2.2   1   1  1.7e-111  1.7e-111  360.8   2.2     1   257     1   259     1   261 0.97 -
431at766_246273_0:00035b|OZ308468.1:65705-66488  -            262 431                  -            259  1.5e-111  360.9   2.2   1   1  1.7e-111  1.7e-111  360.8   2.2     1   257     1   259     1   261 0.97 -
431at766_169402_0:00032e|OZ308468.1:65699-66488  -            264 431                  -            259  1.5e-111  360.9   2.2   1   1  1.7e-111  1.7e-111  360.7   2.2     1   257     1   259     1   261 0.97 -
431at766_96496_0:00028f|OZ308468.1:65696-66488   -            264 431                  -            259  1.5e-111  360.9   2.2   1   1  1.7e-111  1.7e-111  360.7   2.2     1   257     1   259     1   261 0.97 -
431at766_1248439_0:000158|OZ308468.1:65711-66488 -            260 431                  -            259  1.8e-111  360.7   1.9   1   1    2e-111    2e-111  360.5   1.9     1   257     1   259     1   260 0.97 -
431at766_955_0:000277|OZ308468.1:65714-66494     -            261 431                  -            259  2.2e-111  360.4   1.8   1   1  2.5e-111  2.5e-111  360.2   1.8     1   257     3   261     3   261 0.97 -
431at766_574556_0:000056|OZ308468.1:65711-66482  -            258 431                  -            259  4.8e-111  359.3   1.5   1   1  5.3e-111  5.3e-111  359.1   1.5     6   257     4   257     1   258 0.97 -
431at766_779_0:0001c0|OZ308468.1:65705-66476     -            258 431                  -            259  5.7e-111  359.0   1.7   1   1  6.5e-111  6.5e-111  358.8   1.7     6   257     2   255     1   257 0.97 -
431at766_2115978_0:0002a3|OZ308468.1:65702-66473 -            258 431                  -            259  6.7e-111  358.8   1.6   1   1  7.7e-111  7.7e-111  358.6   1.6     7   257     2   254     1   256 0.97 -
431at766_696127_0:000464|OZ308468.1:65711-66467  -            253 431                  -            259  3.2e-110  356.6   1.1   1   1  3.5e-110  3.5e-110  356.4   1.1     8   257     1   252     1   253 0.97 -
#
# Program:         hmmsearch
# Version:         3.4 (Aug 2023)
# Pipeline mode:   SEARCH
# Query file:      /Users/rossoaa/Desktop/dummy/genomes/records/compleasm/mb_downloads/rickettsiales_odb12/hmms/431at766.hmm
# Target file:     -
# Option settings: /Users/rossoaa/miniconda3/envs/compleasm_env/bin/hmmsearch --domtblout /Users/rossoaa/Desktop/dummy/genomes/records/compleasm/rickettsiales_odb12/hmmer_output/431at766.out --cpu 1 /Users/rossoaa/Desktop/dummy/genomes/records/compleasm/mb_downloads/rickettsiales_odb12/hmms/431at766.hmm - 
# Current dir:     /Users/rossoaa/Desktop/dummy/genomes/records/compleasm
# Date:            Tue Feb 10 10:20:23 2026
# [ok]
