#                                                                                                           --- full sequence --- -------------- this domain -------------   hmm coord   ali coord   env coord
# target name                                       accession   tlen query name           accession   qlen   E-value  score  bias   #  of  c-Evalue  i-Evalue  score  bias  from    to  from    to  from    to  acc description of target
#                               ------------------- ---------- ----- -------------------- ---------- ----- --------- ------ ----- --- --- --------- --------- ------ ----- ----- ----- ----- ----- ----- ----- ---- ---------------------
4346at766_1242993_0:00034b|OZ308468.1:890234-890942 -            237 4346                 -            232  1.3e-109  355.4   3.8   1   1  1.4e-109  1.4e-109  355.3   3.8     2   229     3   233     2   236 0.96 -
4346at766_1359163_0:00017a|OZ308468.1:890231-890942 -            237 4346                 -            232  1.3e-109  355.4   3.8   1   1  1.4e-109  1.4e-109  355.3   3.8     2   229     3   233     2   236 0.96 -
4346at766_1423892_0:00002a|OZ308468.1:890234-890942 -            237 4346                 -            232  1.3e-109  355.4   3.8   1   1  1.4e-109  1.4e-109  355.3   3.8     2   229     3   233     2   236 0.96 -
4346at766_391036_0:00012b|OZ308468.1:890234-890942  -            237 4346                 -            232  1.3e-109  355.4   3.8   1   1  1.4e-109  1.4e-109  355.3   3.8     2   229     3   233     2   236 0.96 -
4346at766_86105_0:00054a|OZ308468.1:890243-890951   -            237 4346                 -            232  1.3e-109  355.4   3.4   1   1  1.5e-109  1.5e-109  355.3   3.4     2   228     6   235     5   237 0.96 -
4346at766_574556_0:000032|OZ308468.1:890234-890945  -            238 4346                 -            232  1.3e-109  355.4   3.8   1   1  1.5e-109  1.5e-109  355.3   3.8     2   229     4   234     3   237 0.96 -
4346at766_1359168_0:000226|OZ308468.1:890234-890948 -            239 4346                 -            232  1.3e-109  355.4   3.8   1   1  1.5e-109  1.5e-109  355.2   3.8     2   229     5   235     4   238 0.96 -
4346at766_334380_0:0000fd|OZ308468.1:890234-890948  -            239 4346                 -            232  1.3e-109  355.4   3.8   1   1  1.5e-109  1.5e-109  355.2   3.8     2   229     5   235     4   238 0.96 -
4346at766_1528098_0:000317|OZ308468.1:890246-890939 -            232 4346                 -            232  1.5e-109  355.2   3.2   1   1  1.6e-109  1.6e-109  355.1   3.2     2   228     2   231     1   232 0.96 -
4346at766_779_0:000215|OZ308468.1:890249-890942     -            232 4346                 -            232  2.8e-109  354.3   3.6   1   1  3.2e-109  3.2e-109  354.2   3.6     2   228     3   232     2   232 0.96 -
4346at766_696127_0:0002b4|OZ308468.1:890249-890945  -            233 4346                 -            232  2.8e-109  354.3   3.6   1   1  3.2e-109  3.2e-109  354.1   3.6     2   228     4   233     3   233 0.96 -
4346at766_2486578_0:000504|OZ308468.1:890249-890960 -            238 4346                 -            232  3.1e-109  354.2   3.6   1   1  3.5e-109  3.5e-109  354.0   3.6     2   228     9   238     8   238 0.96 -
4346at766_169402_0:000160|OZ308468.1:890237-891395  -            387 4346                 -            232  5.6e-109  353.4   4.7   1   2         2         2   -1.9   0.0   100   121    47    68    34   104 0.79 -
4346at766_169402_0:000160|OZ308468.1:890237-891395  -            387 4346                 -            232  5.6e-109  353.4   4.7   2   2  7.5e-109  7.5e-109  352.9   3.8     2   229   154   384   153   387 0.96 -
4346at766_1605993_0:00003a|OZ308468.1:890231-891395 -            388 4346                 -            232  5.6e-109  353.3   4.7   1   2         2         2   -1.9   0.0   100   121    47    68    34   104 0.79 -
4346at766_1605993_0:00003a|OZ308468.1:890231-891395 -            388 4346                 -            232  5.6e-109  353.3   4.7   2   2  7.5e-109  7.5e-109  352.9   3.8     2   229   154   384   153   387 0.96 -
4346at766_246273_0:000367|OZ308468.1:890243-891395  -            385 4346                 -            232  6.2e-109  353.2   4.5   1   2         2         2   -1.8   0.0   100   121    47    68    34   105 0.77 -
4346at766_246273_0:000367|OZ308468.1:890243-891395  -            385 4346                 -            232  6.2e-109  353.2   4.5   2   2  7.5e-109  7.5e-109  352.9   3.4     2   228   154   383   153   385 0.96 -
4346at766_955_0:000217|OZ308468.1:890234-891386     -            385 4346                 -            232  6.9e-109  353.1   5.0   1   2         2         2   -1.9   0.0   100   121    44    65    32   102 0.76 -
4346at766_955_0:000217|OZ308468.1:890234-891386     -            385 4346                 -            232  6.9e-109  353.1   5.0   2   2  7.4e-109  7.4e-109  353.0   3.8     2   229   151   381   150   384 0.96 -
4346at766_1286528_0:000223|OZ308468.1:890252-890939 -            230 4346                 -            232  9.2e-109  352.6   3.8   1   1    1e-108    1e-108  352.5   3.8     2   227     2   230     1   230 0.96 -
4346at766_1714371_0:0002b3|OZ308468.1:890252-890939 -            230 4346                 -            232  9.2e-109  352.6   3.8   1   1    1e-108    1e-108  352.5   3.8     2   227     2   230     1   230 0.96 -
4346at766_222891_0:00028e|OZ308468.1:890252-890939  -            230 4346                 -            232  9.2e-109  352.6   3.8   1   1    1e-108    1e-108  352.5   3.8     2   227     2   230     1   230 0.96 -
4346at766_142058_0:0001da|OZ308468.1:890234-890927  -            232 4346                 -            232  1.3e-108  352.1   3.6   1   1  1.5e-108  1.5e-108  352.0   3.6     5   229     1   228     1   231 0.96 -
4346at766_2602574_0:00047e|OZ308468.1:890246-890927 -            228 4346                 -            232  1.5e-108  351.9   3.0   1   1  1.7e-108  1.7e-108  351.8   3.0     5   228     1   227     1   228 0.96 -
4346at766_1961830_0:00016a|OZ308468.1:890255-890948 -            232 4346                 -            232  2.3e-108  351.3   3.8   1   1  2.6e-108  2.6e-108  351.1   3.8     2   226     5   232     4   232 0.97 -
4346at766_96496_0:000317|OZ308468.1:890243-890897   -            219 4346                 -            232  1.4e-104  338.9   2.8   1   1  1.6e-104  1.6e-104  338.8   2.8    15   228     1   217     1   219 0.96 -
4346at766_1802984_0:000119|OZ308468.1:890249-890897 -            217 4346                 -            232  3.2e-104  337.8   3.0   1   1  3.6e-104  3.6e-104  337.6   3.0    15   228     1   217     1   217 0.96 -
#
# Program:         hmmsearch
# Version:         3.4 (Aug 2023)
# Pipeline mode:   SEARCH
# Query file:      /Users/rossoaa/Desktop/dummy/genomes/records/compleasm/mb_downloads/rickettsiales_odb12/hmms/4346at766.hmm
# Target file:     -
# Option settings: /Users/rossoaa/miniconda3/envs/compleasm_env/bin/hmmsearch --domtblout /Users/rossoaa/Desktop/dummy/genomes/records/compleasm/rickettsiales_odb12/hmmer_output/4346at766.out --cpu 1 /Users/rossoaa/Desktop/dummy/genomes/records/compleasm/mb_downloads/rickettsiales_odb12/hmms/4346at766.hmm - 
# Current dir:     /Users/rossoaa/Desktop/dummy/genomes/records/compleasm
# Date:            Tue Feb 10 10:20:22 2026
# [ok]
