#                                                                                                           --- full sequence --- -------------- this domain -------------   hmm coord   ali coord   env coord
# target name                                       accession   tlen query name           accession   qlen   E-value  score  bias   #  of  c-Evalue  i-Evalue  score  bias  from    to  from    to  from    to  acc description of target
#                               ------------------- ---------- ----- -------------------- ---------- ----- --------- ------ ----- --- --- --------- --------- ------ ----- ----- ----- ----- ----- ----- ----- ---- ---------------------
4351at766_1274402_0:00021c|OZ308468.1:678461-680834 -            791 4351                 -            783         0 1348.6   8.2   1   1         0         0 1348.4   8.2     2   783     4   791     3   791 0.98 -
4351at766_1286528_0:000075|OZ308468.1:678461-680834 -            791 4351                 -            783         0 1348.6   8.2   1   1         0         0 1348.4   8.2     2   783     4   791     3   791 0.98 -
4351at766_1714371_0:0001c9|OZ308468.1:678461-680834 -            791 4351                 -            783         0 1348.6   8.2   1   1         0         0 1348.4   8.2     2   783     4   791     3   791 0.98 -
4351at766_222891_0:000101|OZ308468.1:678461-680834  -            791 4351                 -            783         0 1348.6   8.2   1   1         0         0 1348.4   8.2     2   783     4   791     3   791 0.98 -
4351at766_434131_0:0001e8|OZ308468.1:678461-680834  -            791 4351                 -            783         0 1348.6   8.2   1   1         0         0 1348.4   8.2     2   783     4   791     3   791 0.98 -
4351at766_1605993_0:000007|OZ308468.1:678464-680834 -            790 4351                 -            783         0 1348.6   8.3   1   1         0         0 1348.4   8.3     2   783     3   790     2   790 0.98 -
4351at766_169402_0:000064|OZ308468.1:678464-680834  -            790 4351                 -            783         0 1348.6   8.3   1   1         0         0 1348.4   8.3     2   783     3   790     2   790 0.98 -
4351at766_1802984_0:000036|OZ308468.1:678464-680834 -            790 4351                 -            783         0 1348.6   8.3   1   1         0         0 1348.4   8.3     2   783     3   790     2   790 0.98 -
4351at766_2115978_0:0003f0|OZ308468.1:678464-680834 -            790 4351                 -            783         0 1348.6   8.3   1   1         0         0 1348.4   8.3     2   783     3   790     2   790 0.98 -
4351at766_246273_0:0001eb|OZ308468.1:678464-680834  -            790 4351                 -            783         0 1348.6   8.3   1   1         0         0 1348.4   8.3     2   783     3   790     2   790 0.98 -
4351at766_2486578_0:000463|OZ308468.1:678464-680834 -            790 4351                 -            783         0 1348.6   8.3   1   1         0         0 1348.4   8.3     2   783     3   790     2   790 0.98 -
4351at766_955_0:00000a|OZ308468.1:678464-680834     -            790 4351                 -            783         0 1348.6   8.3   1   1         0         0 1348.4   8.3     2   783     3   790     2   790 0.98 -
4351at766_1105107_0:000198|OZ308468.1:678458-680834 -            792 4351                 -            783         0 1348.6   8.3   1   1         0         0 1348.4   8.3     2   783     5   792     4   792 0.98 -
4351at766_752179_0:0001fc|OZ308468.1:678458-680834  -            792 4351                 -            783         0 1348.6   8.3   1   1         0         0 1348.4   8.3     2   783     5   792     4   792 0.98 -
4351at766_2602574_0:000453|OZ308468.1:678455-680834 -            793 4351                 -            783         0 1348.6   8.2   1   1         0         0 1348.4   8.2     2   783     6   793     5   793 0.98 -
4351at766_334380_0:0001e8|OZ308468.1:678455-680834  -            793 4351                 -            783         0 1348.6   8.2   1   1         0         0 1348.4   8.2     2   783     6   793     5   793 0.98 -
4351at766_1242993_0:00031b|OZ308468.1:678467-680834 -            789 4351                 -            783         0 1348.6   8.2   1   1         0         0 1348.5   8.2     2   783     2   789     1   789 0.98 -
4351at766_1248439_0:000319|OZ308468.1:678467-680834 -            789 4351                 -            783         0 1348.6   8.2   1   1         0         0 1348.5   8.2     2   783     2   789     1   789 0.98 -
4351at766_1359163_0:00024c|OZ308468.1:678467-680834 -            789 4351                 -            783         0 1348.6   8.2   1   1         0         0 1348.5   8.2     2   783     2   789     1   789 0.98 -
4351at766_1392507_0:0003c7|OZ308468.1:678467-680834 -            789 4351                 -            783         0 1348.6   8.2   1   1         0         0 1348.5   8.2     2   783     2   789     1   789 0.98 -
4351at766_142058_0:0000a5|OZ308468.1:678467-680834  -            789 4351                 -            783         0 1348.6   8.2   1   1         0         0 1348.5   8.2     2   783     2   789     1   789 0.98 -
4351at766_1423892_0:0001ab|OZ308468.1:678467-680834 -            789 4351                 -            783         0 1348.6   8.2   1   1         0         0 1348.5   8.2     2   783     2   789     1   789 0.98 -
4351at766_1961830_0:0001e0|OZ308468.1:678467-680834 -            789 4351                 -            783         0 1348.6   8.2   1   1         0         0 1348.5   8.2     2   783     2   789     1   789 0.98 -
4351at766_205920_0:000290|OZ308468.1:678467-680834  -            789 4351                 -            783         0 1348.6   8.2   1   1         0         0 1348.5   8.2     2   783     2   789     1   789 0.98 -
4351at766_272947_0:000049|OZ308468.1:678467-680834  -            789 4351                 -            783         0 1348.6   8.2   1   1         0         0 1348.5   8.2     2   783     2   789     1   789 0.98 -
4351at766_336407_0:00026f|OZ308468.1:678467-680834  -            789 4351                 -            783         0 1348.6   8.2   1   1         0         0 1348.5   8.2     2   783     2   789     1   789 0.98 -
4351at766_391036_0:0001db|OZ308468.1:678467-680834  -            789 4351                 -            783         0 1348.6   8.2   1   1         0         0 1348.5   8.2     2   783     2   789     1   789 0.98 -
4351at766_481009_0:00022a|OZ308468.1:678467-680834  -            789 4351                 -            783         0 1348.6   8.2   1   1         0         0 1348.5   8.2     2   783     2   789     1   789 0.98 -
4351at766_779_0:000264|OZ308468.1:678467-680834     -            789 4351                 -            783         0 1348.6   8.2   1   1         0         0 1348.5   8.2     2   783     2   789     1   789 0.98 -
4351at766_2486577_0:00031a|OZ308468.1:678470-680834 -            788 4351                 -            783         0 1347.9   8.1   1   1         0         0 1347.8   8.1     3   783     2   788     1   788 0.98 -
4351at766_696127_0:0001ba|OZ308468.1:678470-680834  -            788 4351                 -            783         0 1347.9   8.1   1   1         0         0 1347.8   8.1     3   783     2   788     1   788 0.98 -
4351at766_86105_0:00006b|OZ308468.1:678473-680834   -            787 4351                 -            783         0 1347.0   8.1   1   1         0         0 1346.9   8.1     3   783     1   787     1   787 0.98 -
4351at766_1528098_0:0004fe|OZ308468.1:678476-680834 -            786 4351                 -            783         0 1345.7   8.0   1   1         0         0 1345.5   8.0     4   783     1   786     1   786 0.98 -
#
# Program:         hmmsearch
# Version:         3.4 (Aug 2023)
# Pipeline mode:   SEARCH
# Query file:      /Users/rossoaa/Desktop/dummy/genomes/records/compleasm/mb_downloads/rickettsiales_odb12/hmms/4351at766.hmm
# Target file:     -
# Option settings: /Users/rossoaa/miniconda3/envs/compleasm_env/bin/hmmsearch --domtblout /Users/rossoaa/Desktop/dummy/genomes/records/compleasm/rickettsiales_odb12/hmmer_output/4351at766.out --cpu 1 /Users/rossoaa/Desktop/dummy/genomes/records/compleasm/mb_downloads/rickettsiales_odb12/hmms/4351at766.hmm - 
# Current dir:     /Users/rossoaa/Desktop/dummy/genomes/records/compleasm
# Date:            Tue Feb 10 10:20:22 2026
# [ok]
