#                                                                                                          --- full sequence --- -------------- this domain -------------   hmm coord   ali coord   env coord
# target name                                      accession   tlen query name           accession   qlen   E-value  score  bias   #  of  c-Evalue  i-Evalue  score  bias  from    to  from    to  from    to  acc description of target
#                              ------------------- ---------- ----- -------------------- ---------- ----- --------- ------ ----- --- --- --------- --------- ------ ----- ----- ----- ----- ----- ----- ----- ---- ---------------------
435at766_1423892_0:0002ad|OZ308468.1:491762-493337 -            479 435                  -            483  5.1e-203  666.2  13.3   1   1  5.7e-203  5.7e-203  666.0  13.3     1   482     1   479     1   479 0.97 -
435at766_205920_0:00001e|OZ308468.1:491762-493337  -            479 435                  -            483  5.1e-203  666.2  13.3   1   1  5.7e-203  5.7e-203  666.0  13.3     1   482     1   479     1   479 0.97 -
435at766_391036_0:00035e|OZ308468.1:491762-493337  -            479 435                  -            483  5.1e-203  666.2  13.3   1   1  5.7e-203  5.7e-203  666.0  13.3     1   482     1   479     1   479 0.97 -
435at766_1605993_0:0001fe|OZ308468.1:491762-493343 -            527 435                  -            483  3.9e-200  656.7  17.7   1   2  8.9e-181  8.9e-181  592.8   9.0     1   375     1   373     1   379 0.98 -
435at766_1605993_0:0001fe|OZ308468.1:491762-493343 -            527 435                  -            483  3.9e-200  656.7  17.7   2   2   4.8e-22   4.8e-22   69.3   1.4   369   482   415   526   399   527 0.91 -
435at766_169402_0:000302|OZ308468.1:491762-493343  -            527 435                  -            483  3.9e-200  656.7  17.7   1   2  8.9e-181  8.9e-181  592.8   9.0     1   375     1   373     1   379 0.98 -
435at766_169402_0:000302|OZ308468.1:491762-493343  -            527 435                  -            483  3.9e-200  656.7  17.7   2   2   4.8e-22   4.8e-22   69.3   1.4   369   482   415   526   399   527 0.91 -
435at766_246273_0:0003bd|OZ308468.1:491762-493343  -            527 435                  -            483  3.9e-200  656.7  17.7   1   2  8.9e-181  8.9e-181  592.8   9.0     1   375     1   373     1   379 0.98 -
435at766_246273_0:0003bd|OZ308468.1:491762-493343  -            527 435                  -            483  3.9e-200  656.7  17.7   2   2   4.8e-22   4.8e-22   69.3   1.4   369   482   415   526   399   527 0.91 -
435at766_955_0:000173|OZ308468.1:491762-493343     -            527 435                  -            483  3.9e-200  656.7  17.7   1   2  8.9e-181  8.9e-181  592.8   9.0     1   375     1   373     1   379 0.98 -
435at766_955_0:000173|OZ308468.1:491762-493343     -            527 435                  -            483  3.9e-200  656.7  17.7   2   2   4.8e-22   4.8e-22   69.3   1.4   369   482   415   526   399   527 0.91 -
435at766_96496_0:000243|OZ308468.1:491762-493343   -            527 435                  -            483  3.9e-200  656.7  17.7   1   2  8.9e-181  8.9e-181  592.8   9.0     1   375     1   373     1   379 0.98 -
435at766_96496_0:000243|OZ308468.1:491762-493343   -            527 435                  -            483  3.9e-200  656.7  17.7   2   2   4.8e-22   4.8e-22   69.3   1.4   369   482   415   526   399   527 0.91 -
435at766_1242993_0:00023f|OZ308468.1:491762-493337 -            526 435                  -            483  6.2e-200  656.0  17.5   1   2  8.8e-181  8.8e-181  592.8   9.0     1   375     1   373     1   379 0.98 -
435at766_1242993_0:00023f|OZ308468.1:491762-493337 -            526 435                  -            483  6.2e-200  656.0  17.5   2   2   8.2e-22   8.2e-22   68.6   1.2   369   482   415   526   399   526 0.91 -
435at766_779_0:00030a|OZ308468.1:491762-493337     -            526 435                  -            483  6.2e-200  656.0  17.5   1   2  8.8e-181  8.8e-181  592.8   9.0     1   375     1   373     1   379 0.98 -
435at766_779_0:00030a|OZ308468.1:491762-493337     -            526 435                  -            483  6.2e-200  656.0  17.5   2   2   8.2e-22   8.2e-22   68.6   1.2   369   482   415   526   399   526 0.91 -
435at766_1359163_0:000264|OZ308468.1:491762-493334 -            525 435                  -            483  9.2e-200  655.4  17.0   1   2  8.8e-181  8.8e-181  592.9   9.0     1   375     1   373     1   379 0.98 -
435at766_1359163_0:000264|OZ308468.1:491762-493334 -            525 435                  -            483  9.2e-200  655.4  17.0   2   2   1.4e-21   1.4e-21   67.8   1.0   369   481   415   525   399   525 0.91 -
435at766_2486578_0:00018c|OZ308468.1:491768-493337 -            524 435                  -            483    5e-199  653.0  17.2   1   2  7.1e-180  7.1e-180  589.8   8.7     3   375     1   371     1   377 0.98 -
435at766_2486578_0:00018c|OZ308468.1:491768-493337 -            524 435                  -            483    5e-199  653.0  17.2   2   2   8.2e-22   8.2e-22   68.6   1.2   369   482   413   524   397   524 0.91 -
435at766_334380_0:000270|OZ308468.1:491771-493343  -            524 435                  -            483  5.7e-199  652.8  17.0   1   2  1.3e-179  1.3e-179  589.0   8.2     4   375     1   370     1   376 0.98 -
435at766_334380_0:000270|OZ308468.1:491771-493343  -            524 435                  -            483  5.7e-199  652.8  17.0   2   2   4.8e-22   4.8e-22   69.4   1.4   369   482   412   523   396   524 0.91 -
435at766_336407_0:000039|OZ308468.1:491771-493343  -            524 435                  -            483  5.7e-199  652.8  17.0   1   2  1.3e-179  1.3e-179  589.0   8.2     4   375     1   370     1   376 0.98 -
435at766_336407_0:000039|OZ308468.1:491771-493343  -            524 435                  -            483  5.7e-199  652.8  17.0   2   2   4.8e-22   4.8e-22   69.4   1.4   369   482   412   523   396   524 0.91 -
435at766_86105_0:00062d|OZ308468.1:491768-493334   -            523 435                  -            483  7.4e-199  652.5  16.7   1   2  7.1e-180  7.1e-180  589.9   8.7     3   375     1   371     1   377 0.98 -
435at766_86105_0:00062d|OZ308468.1:491768-493334   -            523 435                  -            483  7.4e-199  652.5  16.7   2   2   1.4e-21   1.4e-21   67.8   1.0   369   481   413   523   397   523 0.91 -
435at766_1528098_0:000428|OZ308468.1:491768-493331 -            522 435                  -            483  1.2e-198  651.8  16.3   1   2  7.1e-180  7.1e-180  589.9   8.7     3   375     1   371     1   377 0.98 -
435at766_1528098_0:000428|OZ308468.1:491768-493331 -            522 435                  -            483  1.2e-198  651.8  16.3   2   2   2.6e-21   2.6e-21   66.9   0.8   369   480   413   522   397   522 0.91 -
435at766_1359168_0:00005a|OZ308468.1:491771-493331 -            521 435                  -            483  2.2e-198  650.9  15.9   1   2  1.3e-179  1.3e-179  589.0   8.2     4   375     1   370     1   376 0.98 -
435at766_1359168_0:00005a|OZ308468.1:491771-493331 -            521 435                  -            483  2.2e-198  650.9  15.9   2   2   2.6e-21   2.6e-21   66.9   0.8   369   480   412   521   396   521 0.91 -
435at766_1961830_0:0000fd|OZ308468.1:491762-493232 -            491 435                  -            483  3.2e-193  633.9  14.8   1   2  7.1e-181  7.1e-181  593.2   9.0     1   375     1   373     1   379 0.98 -
435at766_1961830_0:0000fd|OZ308468.1:491762-493232 -            491 435                  -            483  3.2e-193  633.9  14.8   2   2   1.8e-14   1.8e-14   44.4   0.3   369   443   415   490   399   491 0.90 -
435at766_1274402_0:0001de|OZ308468.1:491768-493232 -            489 435                  -            483  2.6e-192  630.9  14.5   1   2  5.7e-180  5.7e-180  590.2   8.7     3   375     1   371     1   377 0.98 -
435at766_1274402_0:0001de|OZ308468.1:491768-493232 -            489 435                  -            483  2.6e-192  630.9  14.5   2   2   1.7e-14   1.7e-14   44.4   0.3   369   443   413   488   397   489 0.90 -
435at766_481009_0:0004b1|OZ308468.1:491771-493232  -            488 435                  -            483  4.7e-192  630.0  14.0   1   2    1e-179    1e-179  589.3   8.2     4   375     1   370     1   376 0.98 -
435at766_481009_0:0004b1|OZ308468.1:491771-493232  -            488 435                  -            483  4.7e-192  630.0  14.0   2   2   1.7e-14   1.7e-14   44.4   0.3   369   443   412   487   396   488 0.90 -
435at766_696127_0:0002a2|OZ308468.1:491768-493226  -            487 435                  -            483    9e-192  629.1  14.7   1   2  5.6e-180  5.6e-180  590.2   8.7     3   375     1   371     1   377 0.98 -
435at766_696127_0:0002a2|OZ308468.1:491768-493226  -            487 435                  -            483    9e-192  629.1  14.7   2   2   5.5e-14   5.5e-14   42.8   0.3   369   441   413   486   397   487 0.90 -
435at766_142058_0:0002b2|OZ308468.1:491762-492944  -            395 435                  -            483  2.7e-181  594.5   9.0   1   1  3.2e-181  3.2e-181  594.3   9.0     1   375     1   373     1   379 0.98 -
435at766_1392507_0:000181|OZ308468.1:491762-492899 -            380 435                  -            483  2.7e-181  594.5   9.2   1   1  3.2e-181  3.2e-181  594.3   9.2     1   375     1   373     1   378 0.98 -
435at766_1714371_0:000260|OZ308468.1:491762-492965 -            402 435                  -            483  2.8e-181  594.5   9.0   1   1  3.5e-181  3.5e-181  594.2   9.0     1   375     1   373     1   379 0.98 -
435at766_2486577_0:00023d|OZ308468.1:491762-492980 -            407 435                  -            483    3e-181  594.4   9.0   1   1  3.6e-181  3.6e-181  594.1   9.0     1   375     1   373     1   379 0.98 -
435at766_1248439_0:000086|OZ308468.1:491762-492878 -            373 435                  -            483  1.5e-180  592.1  10.7   1   1  1.7e-180  1.7e-180  591.9  10.7     1   373     1   371     1   373 0.99 -
435at766_574556_0:00008f|OZ308468.1:491762-492875  -            372 435                  -            483  1.9e-180  591.7  10.6   1   1  2.1e-180  2.1e-180  591.6  10.6     1   372     1   370     1   372 0.99 -
435at766_2602574_0:00004f|OZ308468.1:491768-492908 -            381 435                  -            483    2e-180  591.7   8.7   1   1  2.3e-180  2.3e-180  591.5   8.7     3   375     1   371     1   377 0.98 -
435at766_1802984_0:00011b|OZ308468.1:491768-492881 -            372 435                  -            483  6.1e-180  590.1   9.6   1   1  6.8e-180  6.8e-180  589.9   9.6     3   374     1   370     1   372 0.99 -
435at766_222891_0:000250|OZ308468.1:491762-492854  -            365 435                  -            483    2e-179  588.4   9.8   1   1  2.3e-179  2.3e-179  588.2   9.8     1   367     1   365     1   365 0.99 -
435at766_434131_0:00027b|OZ308468.1:491762-492854  -            365 435                  -            483    2e-179  588.4   9.8   1   1  2.3e-179  2.3e-179  588.2   9.8     1   367     1   365     1   365 0.99 -
435at766_1286528_0:0001af|OZ308468.1:491762-492848 -            363 435                  -            483  8.3e-179  586.3   9.4   1   1  9.3e-179  9.3e-179  586.2   9.4     1   365     1   363     1   363 0.99 -
435at766_2115978_0:000230|OZ308468.1:491768-492854 -            363 435                  -            483  1.6e-178  585.4   9.4   1   1  1.8e-178  1.8e-178  585.2   9.4     3   367     1   363     1   363 0.99 -
435at766_1105107_0:000223|OZ308468.1:491771-492833 -            355 435                  -            483  1.6e-175  575.5   8.5   1   1  1.8e-175  1.8e-175  575.3   8.5     4   360     1   355     1   355 0.99 -
435at766_272947_0:000301|OZ308468.1:491771-492833  -            355 435                  -            483  1.6e-175  575.5   8.5   1   1  1.8e-175  1.8e-175  575.3   8.5     4   360     1   355     1   355 0.99 -
#
# Program:         hmmsearch
# Version:         3.4 (Aug 2023)
# Pipeline mode:   SEARCH
# Query file:      /Users/rossoaa/Desktop/dummy/genomes/records/compleasm/mb_downloads/rickettsiales_odb12/hmms/435at766.hmm
# Target file:     -
# Option settings: /Users/rossoaa/miniconda3/envs/compleasm_env/bin/hmmsearch --domtblout /Users/rossoaa/Desktop/dummy/genomes/records/compleasm/rickettsiales_odb12/hmmer_output/435at766.out --cpu 1 /Users/rossoaa/Desktop/dummy/genomes/records/compleasm/mb_downloads/rickettsiales_odb12/hmms/435at766.hmm - 
# Current dir:     /Users/rossoaa/Desktop/dummy/genomes/records/compleasm
# Date:            Tue Feb 10 10:20:21 2026
# [ok]
