#                                                                                                             --- full sequence --- -------------- this domain -------------   hmm coord   ali coord   env coord
# target name                                         accession   tlen query name           accession   qlen   E-value  score  bias   #  of  c-Evalue  i-Evalue  score  bias  from    to  from    to  from    to  acc description of target
#                                 ------------------- ---------- ----- -------------------- ---------- ----- --------- ------ ----- --- --- --------- --------- ------ ----- ----- ----- ----- ----- ----- ----- ---- ---------------------
4365at766_1528098_0:000231|OZ308468.1:1054504-1055749 -            416 4365                 -            413  1.2e-216  710.3   0.1   1   1  1.4e-216  1.4e-216  710.1   0.1     1   412     1   415     1   416 0.97 -
4365at766_86105_0:000182|OZ308468.1:1054504-1055749   -            416 4365                 -            413  1.2e-216  710.3   0.1   1   1  1.4e-216  1.4e-216  710.1   0.1     1   412     1   415     1   416 0.97 -
4365at766_1359163_0:000063|OZ308468.1:1054504-1055752 -            417 4365                 -            413  1.2e-216  710.3   0.1   1   1  1.4e-216  1.4e-216  710.1   0.1     1   412     1   415     1   416 0.97 -
4365at766_336407_0:0002b4|OZ308468.1:1054504-1055752  -            417 4365                 -            413  1.2e-216  710.3   0.1   1   1  1.4e-216  1.4e-216  710.1   0.1     1   412     1   415     1   416 0.97 -
4365at766_481009_0:0001b3|OZ308468.1:1054504-1055752  -            417 4365                 -            413  1.2e-216  710.3   0.1   1   1  1.4e-216  1.4e-216  710.1   0.1     1   412     1   415     1   416 0.97 -
4365at766_1359168_0:0000b8|OZ308468.1:1054504-1055755 -            418 4365                 -            413  1.2e-216  710.2   0.1   1   1  1.4e-216  1.4e-216  710.1   0.1     1   412     1   415     1   416 0.97 -
4365at766_1961830_0:00005a|OZ308468.1:1054504-1055755 -            418 4365                 -            413  1.2e-216  710.2   0.1   1   1  1.4e-216  1.4e-216  710.1   0.1     1   412     1   415     1   416 0.97 -
4365at766_334380_0:00027e|OZ308468.1:1054504-1055755  -            418 4365                 -            413  1.2e-216  710.2   0.1   1   1  1.4e-216  1.4e-216  710.1   0.1     1   412     1   415     1   416 0.97 -
4365at766_1286528_0:000004|OZ308468.1:1054501-1055752 -            418 4365                 -            413  1.2e-216  710.2   0.1   1   1  1.4e-216  1.4e-216  710.1   0.1     1   412     2   416     2   417 0.97 -
4365at766_1242993_0:00037c|OZ308468.1:1054504-1055758 -            419 4365                 -            413  1.2e-216  710.2   0.1   1   1  1.4e-216  1.4e-216  710.1   0.1     1   412     1   415     1   416 0.97 -
4365at766_1248439_0:000345|OZ308468.1:1054504-1055758 -            419 4365                 -            413  1.2e-216  710.2   0.1   1   1  1.4e-216  1.4e-216  710.1   0.1     1   412     1   415     1   416 0.97 -
4365at766_1392507_0:00014c|OZ308468.1:1054504-1055758 -            419 4365                 -            413  1.2e-216  710.2   0.1   1   1  1.4e-216  1.4e-216  710.1   0.1     1   412     1   415     1   416 0.97 -
4365at766_1423892_0:0000e3|OZ308468.1:1054504-1055758 -            419 4365                 -            413  1.2e-216  710.2   0.1   1   1  1.4e-216  1.4e-216  710.1   0.1     1   412     1   415     1   416 0.97 -
4365at766_1605993_0:00024a|OZ308468.1:1054504-1055761 -            419 4365                 -            413  1.2e-216  710.2   0.1   1   1  1.4e-216  1.4e-216  710.1   0.1     1   412     1   415     1   416 0.97 -
4365at766_169402_0:00036d|OZ308468.1:1054504-1055761  -            419 4365                 -            413  1.2e-216  710.2   0.1   1   1  1.4e-216  1.4e-216  710.1   0.1     1   412     1   415     1   416 0.97 -
4365at766_205920_0:0001c3|OZ308468.1:1054504-1055758  -            419 4365                 -            413  1.2e-216  710.2   0.1   1   1  1.4e-216  1.4e-216  710.1   0.1     1   412     1   415     1   416 0.97 -
4365at766_2115978_0:00026c|OZ308468.1:1054504-1055761 -            419 4365                 -            413  1.2e-216  710.2   0.1   1   1  1.4e-216  1.4e-216  710.1   0.1     1   412     1   415     1   416 0.97 -
4365at766_246273_0:0001d8|OZ308468.1:1054504-1055761  -            419 4365                 -            413  1.2e-216  710.2   0.1   1   1  1.4e-216  1.4e-216  710.1   0.1     1   412     1   415     1   416 0.97 -
4365at766_2486577_0:0000a6|OZ308468.1:1054504-1055761 -            419 4365                 -            413  1.2e-216  710.2   0.1   1   1  1.4e-216  1.4e-216  710.1   0.1     1   412     1   415     1   416 0.97 -
4365at766_391036_0:000233|OZ308468.1:1054504-1055758  -            419 4365                 -            413  1.2e-216  710.2   0.1   1   1  1.4e-216  1.4e-216  710.1   0.1     1   412     1   415     1   416 0.97 -
4365at766_574556_0:00033c|OZ308468.1:1054504-1055758  -            419 4365                 -            413  1.2e-216  710.2   0.1   1   1  1.4e-216  1.4e-216  710.1   0.1     1   412     1   415     1   416 0.97 -
4365at766_696127_0:0001c1|OZ308468.1:1054504-1055761  -            419 4365                 -            413  1.2e-216  710.2   0.1   1   1  1.4e-216  1.4e-216  710.1   0.1     1   412     1   415     1   416 0.97 -
4365at766_779_0:000088|OZ308468.1:1054504-1055761     -            419 4365                 -            413  1.2e-216  710.2   0.1   1   1  1.4e-216  1.4e-216  710.1   0.1     1   412     1   415     1   416 0.97 -
4365at766_96496_0:000228|OZ308468.1:1054504-1055761   -            419 4365                 -            413  1.2e-216  710.2   0.1   1   1  1.4e-216  1.4e-216  710.1   0.1     1   412     1   415     1   416 0.97 -
4365at766_1714371_0:00025c|OZ308468.1:1054501-1055761 -            420 4365                 -            413  1.3e-216  710.2   0.1   1   1  1.4e-216  1.4e-216  710.1   0.1     1   412     2   416     2   417 0.97 -
4365at766_272947_0:000065|OZ308468.1:1054504-1055746  -            415 4365                 -            413  2.4e-216  709.3   0.1   1   1  2.7e-216  2.7e-216  709.1   0.1     1   411     1   414     1   415 0.97 -
4365at766_2486578_0:000581|OZ308468.1:1054504-1055743 -            414 4365                 -            413  4.2e-216  708.5   0.1   1   1  4.7e-216  4.7e-216  708.3   0.1     1   411     1   414     1   414 0.97 -
4365at766_222891_0:0000f5|OZ308468.1:1054507-1055761  -            418 4365                 -            413  9.7e-216  707.3   0.1   1   1  1.1e-215  1.1e-215  707.1   0.1     2   412     1   414     1   415 0.97 -
4365at766_434131_0:0000f8|OZ308468.1:1054507-1055761  -            418 4365                 -            413  9.7e-216  707.3   0.1   1   1  1.1e-215  1.1e-215  707.1   0.1     2   412     1   414     1   415 0.97 -
4365at766_1105107_0:000103|OZ308468.1:1054504-1055731 -            410 4365                 -            413  4.8e-215  705.0   0.1   1   1  5.3e-215  5.3e-215  704.9   0.1     1   407     1   410     1   410 0.97 -
4365at766_2602574_0:000312|OZ308468.1:1054504-1055719 -            406 4365                 -            413  8.2e-214  700.9   0.1   1   1  9.2e-214  9.2e-214  700.8   0.1     1   402     1   405     1   406 0.97 -
4365at766_955_0:000154|OZ308468.1:1054504-1055635     -            378 4365                 -            413  1.7e-200  657.1   0.1   1   1  1.9e-200  1.9e-200  656.9   0.1     1   375     1   378     1   378 0.97 -
#
# Program:         hmmsearch
# Version:         3.4 (Aug 2023)
# Pipeline mode:   SEARCH
# Query file:      /Users/rossoaa/Desktop/dummy/genomes/records/compleasm/mb_downloads/rickettsiales_odb12/hmms/4365at766.hmm
# Target file:     -
# Option settings: /Users/rossoaa/miniconda3/envs/compleasm_env/bin/hmmsearch --domtblout /Users/rossoaa/Desktop/dummy/genomes/records/compleasm/rickettsiales_odb12/hmmer_output/4365at766.out --cpu 1 /Users/rossoaa/Desktop/dummy/genomes/records/compleasm/mb_downloads/rickettsiales_odb12/hmms/4365at766.hmm - 
# Current dir:     /Users/rossoaa/Desktop/dummy/genomes/records/compleasm
# Date:            Tue Feb 10 10:20:21 2026
# [ok]
