#                                                                                                           --- full sequence --- -------------- this domain -------------   hmm coord   ali coord   env coord
# target name                                       accession   tlen query name           accession   qlen   E-value  score  bias   #  of  c-Evalue  i-Evalue  score  bias  from    to  from    to  from    to  acc description of target
#                               ------------------- ---------- ----- -------------------- ---------- ----- --------- ------ ----- --- --- --------- --------- ------ ----- ----- ----- ----- ----- ----- ----- ---- ---------------------
4368at766_1605993_0:000324|OZ308468.1:982633-983224 -            197 4368                 -            199   3.6e-84  272.0   3.4   1   1     4e-84     4e-84  271.8   3.4     2   198     2   196     1   197 0.97 -
4368at766_169402_0:00018b|OZ308468.1:982633-983224  -            197 4368                 -            199   3.6e-84  272.0   3.4   1   1     4e-84     4e-84  271.8   3.4     2   198     2   196     1   197 0.97 -
4368at766_246273_0:000358|OZ308468.1:982633-983224  -            197 4368                 -            199   3.6e-84  272.0   3.4   1   1     4e-84     4e-84  271.8   3.4     2   198     2   196     1   197 0.97 -
4368at766_96496_0:00011d|OZ308468.1:982633-983224   -            197 4368                 -            199   3.6e-84  272.0   3.4   1   1     4e-84     4e-84  271.8   3.4     2   198     2   196     1   197 0.97 -
4368at766_86105_0:000683|OZ308468.1:982633-983236   -            201 4368                 -            199   3.8e-84  271.9   3.4   1   1   4.3e-84   4.3e-84  271.7   3.4     2   198     6   200     5   201 0.97 -
4368at766_1359168_0:0002b6|OZ308468.1:982633-983194 -            187 4368                 -            199     3e-82  265.7   2.5   1   1   3.3e-82   3.3e-82  265.6   2.5    11   198     1   186     1   187 0.98 -
4368at766_334380_0:0000f6|OZ308468.1:982633-983194  -            187 4368                 -            199     3e-82  265.7   2.5   1   1   3.3e-82   3.3e-82  265.6   2.5    11   198     1   186     1   187 0.98 -
4368at766_752179_0:00039f|OZ308468.1:982633-983194  -            187 4368                 -            199     3e-82  265.7   2.5   1   1   3.3e-82   3.3e-82  265.6   2.5    11   198     1   186     1   187 0.98 -
4368at766_955_0:000168|OZ308468.1:982636-983194     -            187 4368                 -            199     3e-82  265.7   2.5   1   1   3.3e-82   3.3e-82  265.6   2.5    11   198     1   186     1   187 0.98 -
4368at766_1528098_0:0005ce|OZ308468.1:982639-983194 -            186 4368                 -            199   4.8e-82  265.0   2.6   1   1   5.4e-82   5.4e-82  264.9   2.6    11   197     1   185     1   186 0.98 -
4368at766_1274402_0:00024b|OZ308468.1:982651-983197 -            183 4368                 -            199     3e-81  262.5   2.4   1   1   3.3e-81   3.3e-81  262.3   2.4    10   193     1   182     1   183 0.98 -
4368at766_2602574_0:0003dc|OZ308468.1:982672-983200 -            177 4368                 -            199   3.5e-80  258.9   2.0   1   1   3.9e-80   3.9e-80  258.8   2.0     9   186     1   176     1   177 0.96 -
4368at766_142058_0:000083|OZ308468.1:982693-983212  -            174 4368                 -            199   4.3e-80  258.7   1.5   1   1   4.7e-80   4.7e-80  258.5   1.5     6   176     2   173     1   174 0.97 -
4368at766_1105107_0:000163|OZ308468.1:982672-983194 -            175 4368                 -            199   3.4e-79  255.7   2.2   1   1   3.8e-79   3.8e-79  255.6   2.2    11   186     1   174     1   175 0.96 -
4368at766_2486577_0:0001a5|OZ308468.1:982723-983230 -            170 4368                 -            199   4.2e-79  255.4   1.3   1   1   4.7e-79   4.7e-79  255.3   1.3     2   166     4   169     3   170 0.97 -
4368at766_779_0:00011b|OZ308468.1:982726-983227     -            168 4368                 -            199   6.4e-79  254.8   1.1   1   1   7.1e-79   7.1e-79  254.7   1.1     2   166     3   168     2   168 0.97 -
4368at766_1248439_0:000209|OZ308468.1:982732-983212 -            161 4368                 -            199   1.3e-77  250.5   1.1   1   1   1.5e-77   1.5e-77  250.4   1.1     6   163     2   160     1   161 0.97 -
4368at766_1392507_0:000164|OZ308468.1:982732-983200 -            157 4368                 -            199   3.9e-77  249.0   0.9   1   1   4.4e-77   4.4e-77  248.9   0.9     9   163     1   156     1   157 0.98 -
4368at766_1242993_0:000391|OZ308468.1:982753-983227 -            159 4368                 -            199   6.4e-77  248.3   1.0   1   1   7.1e-77   7.1e-77  248.2   1.0     2   156     3   158     2   159 0.97 -
4368at766_1423892_0:0002a4|OZ308468.1:982753-983227 -            159 4368                 -            199   6.4e-77  248.3   1.0   1   1   7.1e-77   7.1e-77  248.2   1.0     2   156     3   158     2   159 0.97 -
4368at766_205920_0:0001fb|OZ308468.1:982753-983227  -            159 4368                 -            199   6.4e-77  248.3   1.0   1   1   7.1e-77   7.1e-77  248.2   1.0     2   156     3   158     2   159 0.97 -
4368at766_391036_0:000331|OZ308468.1:982753-983227  -            159 4368                 -            199   6.4e-77  248.3   1.0   1   1   7.1e-77   7.1e-77  248.2   1.0     2   156     3   158     2   159 0.97 -
4368at766_696127_0:0000a3|OZ308468.1:982747-983215  -            157 4368                 -            199   1.1e-76  247.5   1.0   1   1   1.2e-76   1.2e-76  247.4   1.0     6   158     3   156     1   157 0.97 -
4368at766_2486578_0:0001b7|OZ308468.1:982732-983197 -            156 4368                 -            199   1.9e-76  246.8   1.1   1   1   2.1e-76   2.1e-76  246.6   1.1    10   163     1   155     1   156 0.98 -
4368at766_1359163_0:0001da|OZ308468.1:982744-983200 -            153 4368                 -            199   2.9e-76  246.2   0.7   1   1   3.2e-76   3.2e-76  246.0   0.7     9   158     1   151     1   153 0.98 -
4368at766_1961830_0:000020|OZ308468.1:982738-983194 -            153 4368                 -            199   1.2e-75  244.1   0.9   1   1   1.3e-75   1.3e-75  244.0   0.9    11   161     1   152     1   153 0.98 -
4368at766_336407_0:0003c4|OZ308468.1:982738-983194  -            153 4368                 -            199   1.2e-75  244.1   0.9   1   1   1.3e-75   1.3e-75  244.0   0.9    11   161     1   152     1   153 0.98 -
4368at766_481009_0:0001a3|OZ308468.1:982771-983194  -            142 4368                 -            199   1.9e-73  237.0   0.8   1   1   2.1e-73   2.1e-73  236.8   0.8    11   151     1   142     1   142 0.98 -
#
# Program:         hmmsearch
# Version:         3.4 (Aug 2023)
# Pipeline mode:   SEARCH
# Query file:      /Users/rossoaa/Desktop/dummy/genomes/records/compleasm/mb_downloads/rickettsiales_odb12/hmms/4368at766.hmm
# Target file:     -
# Option settings: /Users/rossoaa/miniconda3/envs/compleasm_env/bin/hmmsearch --domtblout /Users/rossoaa/Desktop/dummy/genomes/records/compleasm/rickettsiales_odb12/hmmer_output/4368at766.out --cpu 1 /Users/rossoaa/Desktop/dummy/genomes/records/compleasm/mb_downloads/rickettsiales_odb12/hmms/4368at766.hmm - 
# Current dir:     /Users/rossoaa/Desktop/dummy/genomes/records/compleasm
# Date:            Tue Feb 10 10:20:21 2026
# [ok]
