#                                                                                                           --- full sequence --- -------------- this domain -------------   hmm coord   ali coord   env coord
# target name                                       accession   tlen query name           accession   qlen   E-value  score  bias   #  of  c-Evalue  i-Evalue  score  bias  from    to  from    to  from    to  acc description of target
#                               ------------------- ---------- ----- -------------------- ---------- ----- --------- ------ ----- --- --- --------- --------- ------ ----- ----- ----- ----- ----- ----- ----- ---- ---------------------
4369at766_1605993_0:00033e|OZ308468.1:525923-526514 -            198 4369                 -            193   3.9e-85  274.7   0.5   1   1   4.3e-85   4.3e-85  274.6   0.5     1   192     1   197     1   198 0.95 -
4369at766_1242993_0:000126|OZ308468.1:525920-526514 -            199 4369                 -            193   3.9e-85  274.7   0.5   1   1   4.4e-85   4.4e-85  274.6   0.5     1   192     1   197     1   198 0.95 -
4369at766_1392507_0:00027f|OZ308468.1:525920-526514 -            199 4369                 -            193   3.9e-85  274.7   0.5   1   1   4.4e-85   4.4e-85  274.6   0.5     1   192     1   197     1   198 0.95 -
4369at766_1423892_0:0001e0|OZ308468.1:525920-526514 -            199 4369                 -            193   3.9e-85  274.7   0.5   1   1   4.4e-85   4.4e-85  274.6   0.5     1   192     1   197     1   198 0.95 -
4369at766_1528098_0:000323|OZ308468.1:525920-526514 -            199 4369                 -            193   3.9e-85  274.7   0.5   1   1   4.4e-85   4.4e-85  274.6   0.5     1   192     1   197     1   198 0.95 -
4369at766_1714371_0:0002d6|OZ308468.1:525920-526514 -            199 4369                 -            193   3.9e-85  274.7   0.5   1   1   4.4e-85   4.4e-85  274.6   0.5     1   192     1   197     1   198 0.95 -
4369at766_205920_0:00031f|OZ308468.1:525920-526514  -            199 4369                 -            193   3.9e-85  274.7   0.5   1   1   4.4e-85   4.4e-85  274.6   0.5     1   192     1   197     1   198 0.95 -
4369at766_391036_0:0001f0|OZ308468.1:525920-526514  -            199 4369                 -            193   3.9e-85  274.7   0.5   1   1   4.4e-85   4.4e-85  274.6   0.5     1   192     1   197     1   198 0.95 -
4369at766_434131_0:00009c|OZ308468.1:525920-526514  -            199 4369                 -            193   3.9e-85  274.7   0.5   1   1   4.4e-85   4.4e-85  274.6   0.5     1   192     1   197     1   198 0.95 -
4369at766_779_0:000331|OZ308468.1:525920-526514     -            199 4369                 -            193   3.9e-85  274.7   0.5   1   1   4.4e-85   4.4e-85  274.6   0.5     1   192     1   197     1   198 0.95 -
4369at766_955_0:000180|OZ308468.1:525920-526514     -            199 4369                 -            193   3.9e-85  274.7   0.5   1   1   4.4e-85   4.4e-85  274.6   0.5     1   192     1   197     1   198 0.95 -
4369at766_246273_0:000175|OZ308468.1:525914-526514  -            201 4369                 -            193     4e-85  274.7   0.5   1   1   4.5e-85   4.5e-85  274.5   0.5     1   192     1   197     1   198 0.95 -
4369at766_574556_0:0002c2|OZ308468.1:525914-526514  -            201 4369                 -            193     4e-85  274.7   0.5   1   1   4.5e-85   4.5e-85  274.5   0.5     1   192     1   197     1   198 0.95 -
4369at766_169402_0:000567|OZ308468.1:525911-526514  -            202 4369                 -            193   4.1e-85  274.7   0.5   1   1   4.6e-85   4.6e-85  274.5   0.5     1   192     1   197     1   198 0.95 -
4369at766_696127_0:0001e0|OZ308468.1:525911-526517  -            203 4369                 -            193   4.1e-85  274.6   0.5   1   1   4.7e-85   4.7e-85  274.5   0.5     1   192     2   198     2   199 0.95 -
4369at766_96496_0:0001ac|OZ308468.1:525908-526514   -            203 4369                 -            193   4.1e-85  274.6   0.5   1   1   4.7e-85   4.7e-85  274.5   0.5     1   192     1   197     1   198 0.95 -
4369at766_142058_0:0000c5|OZ308468.1:525926-526514  -            197 4369                 -            193   5.8e-85  274.2   0.4   1   1   6.4e-85   6.4e-85  274.0   0.4     1   191     1   196     1   197 0.95 -
4369at766_1961830_0:00026f|OZ308468.1:525920-526511 -            198 4369                 -            193   2.2e-84  272.3   0.4   1   1   2.5e-84   2.5e-84  272.1   0.4     2   192     1   196     1   197 0.95 -
4369at766_1105107_0:0002cf|OZ308468.1:525917-526511 -            199 4369                 -            193   2.2e-84  272.3   0.4   1   1   2.5e-84   2.5e-84  272.1   0.4     2   192     1   196     1   197 0.95 -
4369at766_1802984_0:000008|OZ308468.1:525899-526511 -            204 4369                 -            193   2.4e-84  272.1   0.4   1   1   2.8e-84   2.8e-84  272.0   0.4     2   192     1   196     1   197 0.95 -
4369at766_2486578_0:00052b|OZ308468.1:525938-526520 -            195 4369                 -            193   3.2e-84  271.7   0.3   1   1   3.6e-84   3.6e-84  271.6   0.3     1   187     3   194     3   195 0.95 -
4369at766_1248439_0:0002d0|OZ308468.1:525947-526514 -            190 4369                 -            193   1.4e-83  269.6   0.2   1   1   1.6e-83   1.6e-83  269.5   0.2     1   180     1   183     1   190 0.95 -
4369at766_1359163_0:0001fc|OZ308468.1:525947-526514 -            190 4369                 -            193   1.4e-83  269.6   0.2   1   1   1.6e-83   1.6e-83  269.5   0.2     1   180     1   183     1   190 0.95 -
4369at766_1274402_0:00014d|OZ308468.1:525980-526520 -            181 4369                 -            193   8.1e-83  267.2   0.2   1   1     9e-83     9e-83  267.0   0.2     1   174     3   179     3   181 0.97 -
4369at766_752179_0:0001fd|OZ308468.1:525980-526511  -            178 4369                 -            193   4.5e-82  264.7   0.2   1   1     5e-82     5e-82  264.6   0.2     2   174     1   176     1   178 0.97 -
4369at766_481009_0:0002c1|OZ308468.1:525986-526511  -            176 4369                 -            193   8.7e-82  263.8   0.2   1   1   9.7e-82   9.7e-82  263.7   0.2     2   174     1   176     1   176 0.97 -
4369at766_222891_0:000271|OZ308468.1:526016-526514  -            167 4369                 -            193   4.3e-79  255.0   0.1   1   1   4.8e-79   4.8e-79  254.9   0.1     1   163     1   166     1   167 0.97 -
#
# Program:         hmmsearch
# Version:         3.4 (Aug 2023)
# Pipeline mode:   SEARCH
# Query file:      /Users/rossoaa/Desktop/dummy/genomes/records/compleasm/mb_downloads/rickettsiales_odb12/hmms/4369at766.hmm
# Target file:     -
# Option settings: /Users/rossoaa/miniconda3/envs/compleasm_env/bin/hmmsearch --domtblout /Users/rossoaa/Desktop/dummy/genomes/records/compleasm/rickettsiales_odb12/hmmer_output/4369at766.out --cpu 1 /Users/rossoaa/Desktop/dummy/genomes/records/compleasm/mb_downloads/rickettsiales_odb12/hmms/4369at766.hmm - 
# Current dir:     /Users/rossoaa/Desktop/dummy/genomes/records/compleasm
# Date:            Tue Feb 10 10:20:21 2026
# [ok]
