#                                                                                                        --- full sequence --- -------------- this domain -------------   hmm coord   ali coord   env coord
# target name                                    accession   tlen query name           accession   qlen   E-value  score  bias   #  of  c-Evalue  i-Evalue  score  bias  from    to  from    to  from    to  acc description of target
#                            ------------------- ---------- ----- -------------------- ---------- ----- --------- ------ ----- --- --- --------- --------- ------ ----- ----- ----- ----- ----- ----- ----- ---- ---------------------
438at766_1714371_0:000219|OZ308468.1:57302-58277 -            325 438                  -            322  1.3e-138  452.3   4.3   1   1  1.5e-138  1.5e-138  452.1   4.3     3   321     5   324     3   325 0.98 -
438at766_1392507_0:000253|OZ308468.1:57302-58283 -            327 438                  -            322  1.3e-138  452.3   4.3   1   1  1.5e-138  1.5e-138  452.1   4.3     3   321     7   326     5   327 0.98 -
438at766_1605993_0:0000c5|OZ308468.1:57302-58286 -            328 438                  -            322  1.4e-138  452.2   4.3   1   1  1.5e-138  1.5e-138  452.1   4.3     3   321     8   327     6   328 0.98 -
438at766_169402_0:000102|OZ308468.1:57302-58286  -            328 438                  -            322  1.4e-138  452.2   4.3   1   1  1.5e-138  1.5e-138  452.1   4.3     3   321     8   327     6   328 0.98 -
438at766_205920_0:0001b8|OZ308468.1:57302-58286  -            328 438                  -            322  1.4e-138  452.2   4.3   1   1  1.5e-138  1.5e-138  452.1   4.3     3   321     8   327     6   328 0.98 -
438at766_246273_0:0001a6|OZ308468.1:57302-58286  -            328 438                  -            322  1.4e-138  452.2   4.3   1   1  1.5e-138  1.5e-138  452.1   4.3     3   321     8   327     6   328 0.98 -
438at766_779_0:0000d0|OZ308468.1:57302-58286     -            328 438                  -            322  1.4e-138  452.2   4.3   1   1  1.5e-138  1.5e-138  452.1   4.3     3   321     8   327     6   328 0.98 -
438at766_96496_0:00014a|OZ308468.1:57302-58286   -            328 438                  -            322  1.4e-138  452.2   4.3   1   1  1.5e-138  1.5e-138  452.1   4.3     3   321     8   327     6   328 0.98 -
438at766_1528098_0:0000ea|OZ308468.1:57308-58271 -            322 438                  -            322  2.5e-138  451.4   4.9   1   1  2.7e-138  2.7e-138  451.2   4.9     3   321     3   322     1   322 0.98 -
438at766_1242993_0:0001f3|OZ308468.1:57308-58286 -            327 438                  -            322  2.6e-138  451.3   4.9   1   1  2.9e-138  2.9e-138  451.1   4.9     3   321     8   327     6   327 0.98 -
438at766_1423892_0:0000ac|OZ308468.1:57308-58286 -            327 438                  -            322  2.6e-138  451.3   4.9   1   1  2.9e-138  2.9e-138  451.1   4.9     3   321     8   327     6   327 0.98 -
438at766_391036_0:0001a3|OZ308468.1:57308-58286  -            327 438                  -            322  2.6e-138  451.3   4.9   1   1  2.9e-138  2.9e-138  451.1   4.9     3   321     8   327     6   327 0.98 -
438at766_1105107_0:0001a2|OZ308468.1:57302-58256 -            318 438                  -            322  4.3e-138  450.6   3.8   1   1  4.8e-138  4.8e-138  450.4   3.8     6   321     1   317     1   318 0.99 -
438at766_272947_0:00000b|OZ308468.1:57302-58256  -            318 438                  -            322  4.3e-138  450.6   3.8   1   1  4.8e-138  4.8e-138  450.4   3.8     6   321     1   317     1   318 0.99 -
438at766_336407_0:0004c4|OZ308468.1:57302-58256  -            318 438                  -            322  4.3e-138  450.6   3.8   1   1  4.8e-138  4.8e-138  450.4   3.8     6   321     1   317     1   318 0.99 -
438at766_481009_0:00038f|OZ308468.1:57302-58256  -            318 438                  -            322  4.3e-138  450.6   3.8   1   1  4.8e-138  4.8e-138  450.4   3.8     6   321     1   317     1   318 0.99 -
438at766_696127_0:0004b1|OZ308468.1:57302-58256  -            318 438                  -            322  4.3e-138  450.6   3.8   1   1  4.8e-138  4.8e-138  450.4   3.8     6   321     1   317     1   318 0.99 -
438at766_1248439_0:0002c1|OZ308468.1:57302-58253 -            317 438                  -            322    8e-138  449.7   3.5   1   1  8.9e-138  8.9e-138  449.6   3.5     7   321     1   316     1   317 0.99 -
438at766_142058_0:00028c|OZ308468.1:57302-58253  -            317 438                  -            322    8e-138  449.7   3.5   1   1  8.9e-138  8.9e-138  449.6   3.5     7   321     1   316     1   317 0.99 -
438at766_574556_0:00021b|OZ308468.1:57302-58253  -            317 438                  -            322    8e-138  449.7   3.5   1   1  8.9e-138  8.9e-138  449.6   3.5     7   321     1   316     1   317 0.99 -
438at766_1359163_0:000201|OZ308468.1:57302-58241 -            313 438                  -            322  5.2e-137  447.0   3.2   1   1  5.7e-137  5.7e-137  446.9   3.2    11   321     1   312     1   313 0.99 -
438at766_1961830_0:000271|OZ308468.1:57302-58241 -            313 438                  -            322  5.2e-137  447.0   3.2   1   1  5.7e-137  5.7e-137  446.9   3.2    11   321     1   312     1   313 0.99 -
438at766_86105_0:00055c|OZ308468.1:57314-58256   -            315 438                  -            322  5.9e-137  446.9   4.5   1   1  6.5e-137  6.5e-137  446.7   4.5     6   318     1   314     1   315 0.98 -
438at766_1286528_0:000200|OZ308468.1:57308-58244 -            313 438                  -            322  6.4e-137  446.7   4.0   1   1  7.2e-137  7.2e-137  446.6   4.0    11   321     2   313     1   313 0.99 -
438at766_2602574_0:00014a|OZ308468.1:57326-58277 -            318 438                  -            322  7.6e-137  446.5   4.5   1   1  8.6e-137  8.6e-137  446.3   4.5     3   314     5   317     3   318 0.98 -
438at766_955_0:0001eb|OZ308468.1:57326-58241     -            306 438                  -            322  2.9e-135  441.3   3.4   1   1  3.2e-135  3.2e-135  441.1   3.4    11   314     1   305     1   306 0.99 -
438at766_434131_0:0000f4|OZ308468.1:57383-58277  -            299 438                  -            322  3.9e-132  431.0   3.0   1   1  4.4e-132  4.4e-132  430.9   3.0     3   295     5   298     3   299 0.98 -
438at766_1274402_0:000164|OZ308468.1:57338-58190 -            285 438                  -            322  7.7e-131  426.8   2.2   1   1  8.6e-131  8.6e-131  426.6   2.2    29   310     3   284     1   285 0.99 -
438at766_1802984_0:000172|OZ308468.1:57392-58247 -            286 438                  -            322  7.3e-130  423.6   2.0   1   1  8.1e-130  8.1e-130  423.4   2.0    10   292     2   285     1   286 0.98 -
438at766_752179_0:0000cc|OZ308468.1:57434-58253  -            274 438                  -            322  7.7e-127  413.6   1.0   1   1  8.6e-127  8.6e-127  413.5   1.0     7   279     1   274     1   274 0.98 -
#
# Program:         hmmsearch
# Version:         3.4 (Aug 2023)
# Pipeline mode:   SEARCH
# Query file:      /Users/rossoaa/Desktop/dummy/genomes/records/compleasm/mb_downloads/rickettsiales_odb12/hmms/438at766.hmm
# Target file:     -
# Option settings: /Users/rossoaa/miniconda3/envs/compleasm_env/bin/hmmsearch --domtblout /Users/rossoaa/Desktop/dummy/genomes/records/compleasm/rickettsiales_odb12/hmmer_output/438at766.out --cpu 1 /Users/rossoaa/Desktop/dummy/genomes/records/compleasm/mb_downloads/rickettsiales_odb12/hmms/438at766.hmm - 
# Current dir:     /Users/rossoaa/Desktop/dummy/genomes/records/compleasm
# Date:            Tue Feb 10 10:20:22 2026
# [ok]
