#                                                                                                           --- full sequence --- -------------- this domain -------------   hmm coord   ali coord   env coord
# target name                                       accession   tlen query name           accession   qlen   E-value  score  bias   #  of  c-Evalue  i-Evalue  score  bias  from    to  from    to  from    to  acc description of target
#                               ------------------- ---------- ----- -------------------- ---------- ----- --------- ------ ----- --- --- --------- --------- ------ ----- ----- ----- ----- ----- ----- ----- ---- ---------------------
4410at766_779_0:0001c5|OZ308468.1:202707-205860     -           1052 4410                 -            996         0 1704.0  13.9   1   1         0         0 1703.2  13.9     1   984     3  1032     3  1040 0.95 -
4410at766_696127_0:00009f|OZ308468.1:202707-205854  -           1050 4410                 -            996         0 1704.0  13.9   1   1         0         0 1703.2  13.9     1   984     1  1030     1  1038 0.95 -
4410at766_169402_0:00026b|OZ308468.1:202704-205863  -           1054 4410                 -            996         0 1704.0  13.9   1   1         0         0 1703.2  13.9     1   984     4  1033     4  1041 0.95 -
4410at766_1105107_0:0000f6|OZ308468.1:202704-205866 -           1055 4410                 -            996         0 1704.0  13.9   1   1         0         0 1703.2  13.9     1   984     5  1034     5  1042 0.95 -
4410at766_1423892_0:0000f2|OZ308468.1:202695-205860 -           1055 4410                 -            996         0 1704.0  13.9   1   1         0         0 1703.2  13.9     1   984     3  1032     3  1040 0.95 -
4410at766_391036_0:00035d|OZ308468.1:202695-205860  -           1055 4410                 -            996         0 1704.0  13.9   1   1         0         0 1703.2  13.9     1   984     3  1032     3  1040 0.95 -
4410at766_481009_0:0000f7|OZ308468.1:202701-205866  -           1056 4410                 -            996         0 1704.0  13.9   1   1         0         0 1703.2  13.9     1   984     5  1034     5  1042 0.95 -
4410at766_1605993_0:000312|OZ308468.1:202695-205863 -           1056 4410                 -            996         0 1704.0  13.9   1   1         0         0 1703.2  13.9     1   984     4  1033     4  1041 0.95 -
4410at766_334380_0:0003c2|OZ308468.1:202704-205872  -           1057 4410                 -            996         0 1704.0  13.9   1   1         0         0 1703.2  13.9     1   984     7  1036     7  1044 0.95 -
4410at766_86105_0:00010a|OZ308468.1:202695-205869   -           1058 4410                 -            996         0 1704.0  13.9   1   1         0         0 1703.2  13.9     1   984     6  1035     6  1043 0.95 -
4410at766_1359168_0:000122|OZ308468.1:202698-205872 -           1059 4410                 -            996         0 1704.0  13.9   1   1         0         0 1703.2  13.9     1   984     7  1036     7  1044 0.95 -
4410at766_1528098_0:00043b|OZ308468.1:202743-205863 -           1041 4410                 -            996         0 1703.9  13.9   1   1         0         0 1703.1  13.9     1   983     4  1032     4  1038 0.95 -
4410at766_272947_0:00020d|OZ308468.1:202743-205866  -           1042 4410                 -            996         0 1703.9  13.9   1   1         0         0 1703.1  13.9     1   983     5  1033     5  1039 0.95 -
4410at766_955_0:00003b|OZ308468.1:202713-205857     -           1049 4410                 -            996         0 1703.8  14.1   1   1         0         0 1703.0  14.1     1   983     2  1030     2  1038 0.95 -
4410at766_222891_0:0000be|OZ308468.1:202716-205863  -           1050 4410                 -            996         0 1703.8  14.1   1   1         0         0 1703.0  14.1     1   983     4  1032     4  1040 0.95 -
4410at766_434131_0:00015a|OZ308468.1:202716-205863  -           1050 4410                 -            996         0 1703.8  14.1   1   1         0         0 1703.0  14.1     1   983     4  1032     4  1040 0.95 -
4410at766_246273_0:00023d|OZ308468.1:202710-205863  -           1052 4410                 -            996         0 1703.8  14.1   1   1         0         0 1703.0  14.1     1   983     4  1032     4  1040 0.95 -
4410at766_96496_0:000174|OZ308468.1:202710-205863   -           1052 4410                 -            996         0 1703.8  14.1   1   1         0         0 1703.0  14.1     1   983     4  1032     4  1040 0.95 -
4410at766_1286528_0:000041|OZ308468.1:202761-205857 -           1033 4410                 -            996         0 1703.6  13.8   1   1         0         0 1702.9  13.8     1   983     2  1030     2  1033 0.95 -
4410at766_1242993_0:0002dd|OZ308468.1:202764-205860 -           1033 4410                 -            996         0 1703.3  14.0   1   1         0         0 1702.6  14.0     1   983     3  1031     3  1033 0.95 -
4410at766_205920_0:00019e|OZ308468.1:202764-205860  -           1033 4410                 -            996         0 1703.3  14.0   1   1         0         0 1702.6  14.0     1   983     3  1031     3  1033 0.95 -
4410at766_2115978_0:0001cf|OZ308468.1:202767-205854 -           1030 4410                 -            996         0 1703.2  13.8   1   1         0         0 1702.5  13.8     1   982     1  1028     1  1030 0.95 -
4410at766_2486578_0:000544|OZ308468.1:202698-205851 -           1052 4410                 -            996         0 1702.7  13.9   1   1         0         0 1701.9  13.9     2   984     1  1029     1  1037 0.95 -
4410at766_1802984_0:000250|OZ308468.1:202734-205848 -           1039 4410                 -            996         0 1701.4  13.6   1   1         0         0 1700.6  13.6     3   983     1  1027     1  1035 0.95 -
4410at766_1248439_0:00006c|OZ308468.1:202779-205857 -           1027 4410                 -            996         0 1701.4  13.6   1   1         0         0 1700.7  13.6     1   978     2  1025     2  1027 0.95 -
4410at766_1392507_0:0001f5|OZ308468.1:202779-205857 -           1027 4410                 -            996         0 1701.4  13.6   1   1         0         0 1700.7  13.6     1   978     2  1025     2  1027 0.95 -
4410at766_142058_0:000395|OZ308468.1:202779-205857  -           1027 4410                 -            996         0 1701.4  13.6   1   1         0         0 1700.7  13.6     1   978     2  1025     2  1027 0.95 -
4410at766_2486577_0:00038c|OZ308468.1:202791-205857 -           1023 4410                 -            996         0 1699.7  13.9   1   1         0         0 1699.0  13.9     1   975     2  1022     2  1023 0.95 -
4410at766_574556_0:000000|OZ308468.1:202791-205857  -           1023 4410                 -            996         0 1699.7  13.9   1   1         0         0 1699.0  13.9     1   975     2  1022     2  1023 0.95 -
4410at766_1961830_0:00035d|OZ308468.1:202791-205866 -           1026 4410                 -            996         0 1699.7  13.9   1   1         0         0 1698.9  13.9     1   975     5  1025     5  1026 0.95 -
4410at766_752179_0:0001ad|OZ308468.1:202791-205866  -           1026 4410                 -            996         0 1699.7  13.9   1   1         0         0 1698.9  13.9     1   975     5  1025     5  1026 0.95 -
4410at766_1359163_0:00000c|OZ308468.1:202794-205860 -           1023 4410                 -            996         0 1699.1  14.0   1   1         0         0 1698.4  14.0     1   975     3  1023     3  1023 0.95 -
4410at766_336407_0:0002ad|OZ308468.1:202794-205866  -           1025 4410                 -            996         0 1699.1  14.0   1   1         0         0 1698.4  14.0     1   975     5  1025     5  1025 0.95 -
4410at766_1714371_0:000284|OZ308468.1:202848-205863 -           1006 4410                 -            996         0 1685.5  12.6   1   1         0         0 1684.7  12.6     1   959     4  1003     4  1005 0.95 -
4410at766_2602574_0:00007e|OZ308468.1:202791-204990 -            734 4410                 -            996         0 1197.5   5.6   1   1         0         0 1197.4   5.6   271   975     2   733     1   734 0.96 -
#
# Program:         hmmsearch
# Version:         3.4 (Aug 2023)
# Pipeline mode:   SEARCH
# Query file:      /Users/rossoaa/Desktop/dummy/genomes/records/compleasm/mb_downloads/rickettsiales_odb12/hmms/4410at766.hmm
# Target file:     -
# Option settings: /Users/rossoaa/miniconda3/envs/compleasm_env/bin/hmmsearch --domtblout /Users/rossoaa/Desktop/dummy/genomes/records/compleasm/rickettsiales_odb12/hmmer_output/4410at766.out --cpu 1 /Users/rossoaa/Desktop/dummy/genomes/records/compleasm/mb_downloads/rickettsiales_odb12/hmms/4410at766.hmm - 
# Current dir:     /Users/rossoaa/Desktop/dummy/genomes/records/compleasm
# Date:            Tue Feb 10 10:20:23 2026
# [ok]
