#                                                                                                           --- full sequence --- -------------- this domain -------------   hmm coord   ali coord   env coord
# target name                                       accession   tlen query name           accession   qlen   E-value  score  bias   #  of  c-Evalue  i-Evalue  score  bias  from    to  from    to  from    to  acc description of target
#                               ------------------- ---------- ----- -------------------- ---------- ----- --------- ------ ----- --- --- --------- --------- ------ ----- ----- ----- ----- ----- ----- ----- ---- ---------------------
4413at766_955_0:0001e5|OZ308468.1:139388-141737     -            784 4413                 -            759         0 1272.1  12.6   1   1         0         0 1271.9  12.6     2   758     4   781     3   782 0.95 -
4413at766_336407_0:000098|OZ308468.1:139394-141734  -            781 4413                 -            759         0 1272.1  12.6   1   1         0         0 1271.9  12.6     2   758     2   779     1   780 0.95 -
4413at766_1105107_0:000358|OZ308468.1:139394-141740 -            783 4413                 -            759         0 1272.1  12.6   1   1         0         0 1271.9  12.6     2   758     2   779     1   780 0.95 -
4413at766_481009_0:00033a|OZ308468.1:139394-141740  -            783 4413                 -            759         0 1272.1  12.6   1   1         0         0 1271.9  12.6     2   758     2   779     1   780 0.95 -
4413at766_1359168_0:00000c|OZ308468.1:139394-141743 -            784 4413                 -            759         0 1272.1  12.6   1   1         0         0 1271.9  12.6     2   758     2   779     1   780 0.95 -
4413at766_1961830_0:00050a|OZ308468.1:139391-141749 -            787 4413                 -            759         0 1272.1  12.6   1   1         0         0 1271.9  12.6     2   758     3   780     2   781 0.95 -
4413at766_1286528_0:0002ce|OZ308468.1:139388-141770 -            795 4413                 -            759         0 1272.0  12.6   1   1         0         0 1271.8  12.6     2   758     4   781     3   782 0.95 -
4413at766_752179_0:000194|OZ308468.1:139367-141758  -            798 4413                 -            759         0 1272.0  12.6   1   1         0         0 1271.8  12.6     2   758    11   788    10   789 0.95 -
4413at766_1528098_0:0004b3|OZ308468.1:139391-141791 -            801 4413                 -            759         0 1272.0  12.6   1   1         0         0 1271.8  12.6     2   758     3   780     2   781 0.95 -
4413at766_96496_0:00002c|OZ308468.1:139370-141809   -            814 4413                 -            759         0 1271.9  12.6   1   1         0         0 1271.7  12.6     2   758    10   787     9   788 0.95 -
4413at766_1605993_0:0001bb|OZ308468.1:139370-141824 -            818 4413                 -            759         0 1271.9  12.7   1   1         0         0 1271.7  12.7     2   758    10   787     9   788 0.95 -
4413at766_169402_0:0001e0|OZ308468.1:139370-141824  -            818 4413                 -            759         0 1271.9  12.7   1   1         0         0 1271.7  12.7     2   758    10   787     9   788 0.95 -
4413at766_246273_0:000385|OZ308468.1:139370-141824  -            818 4413                 -            759         0 1271.9  12.7   1   1         0         0 1271.7  12.7     2   758    10   787     9   788 0.95 -
4413at766_1802984_0:000249|OZ308468.1:139397-141734 -            780 4413                 -            759         0 1271.4  13.0   1   1         0         0 1271.2  13.0     3   758     2   778     1   779 0.95 -
4413at766_334380_0:00046d|OZ308468.1:139397-141740  -            782 4413                 -            759         0 1271.4  13.0   1   1         0         0 1271.2  13.0     3   758     2   778     1   779 0.95 -
4413at766_391036_0:000112|OZ308468.1:139397-141761  -            789 4413                 -            759         0 1271.3  13.0   1   1         0         0 1271.1  13.0     3   758     2   778     1   779 0.95 -
4413at766_1242993_0:000096|OZ308468.1:139397-141791 -            799 4413                 -            759         0 1271.3  13.0   1   1         0         0 1271.1  13.0     3   758     2   778     1   779 0.95 -
4413at766_1423892_0:000189|OZ308468.1:139397-141791 -            799 4413                 -            759         0 1271.3  13.0   1   1         0         0 1271.1  13.0     3   758     2   778     1   779 0.95 -
4413at766_205920_0:0001d0|OZ308468.1:139397-141791  -            799 4413                 -            759         0 1271.3  13.0   1   1         0         0 1271.1  13.0     3   758     2   778     1   779 0.95 -
4413at766_779_0:00005a|OZ308468.1:139397-141791     -            799 4413                 -            759         0 1271.3  13.0   1   1         0         0 1271.1  13.0     3   758     2   778     1   779 0.95 -
4413at766_272947_0:000168|OZ308468.1:139394-141725  -            778 4413                 -            759         0 1270.6  13.0   1   1         0         0 1270.5  13.0     2   756     2   777     1   778 0.95 -
4413at766_2115978_0:000297|OZ308468.1:139394-141722 -            777 4413                 -            759         0 1269.8  13.0   1   1         0         0 1269.7  13.0     2   756     2   777     1   777 0.96 -
4413at766_1392507_0:000377|OZ308468.1:139406-141752 -            783 4413                 -            759         0 1269.4  13.0   1   1         0         0 1269.2  13.0     6   758     2   775     1   776 0.96 -
4413at766_86105_0:00072d|OZ308468.1:139406-141824   -            806 4413                 -            759         0 1269.3  13.0   1   1         0         0 1269.1  13.0     6   758     2   775     1   776 0.96 -
4413at766_1274402_0:0000c8|OZ308468.1:139409-141743 -            779 4413                 -            759         0 1268.8  12.8   1   1         0         0 1268.6  12.8     6   758     1   774     1   775 0.96 -
4413at766_142058_0:0001a5|OZ308468.1:139409-141752  -            782 4413                 -            759         0 1268.8  12.8   1   1         0         0 1268.6  12.8     6   758     1   774     1   775 0.96 -
4413at766_1359163_0:000224|OZ308468.1:139409-141788 -            794 4413                 -            759         0 1268.7  12.8   1   1         0         0 1268.5  12.8     6   758     1   774     1   775 0.96 -
4413at766_1714371_0:00005a|OZ308468.1:139409-141797 -            797 4413                 -            759         0 1268.7  12.8   1   1         0         0 1268.5  12.8     6   758     1   774     1   775 0.96 -
4413at766_222891_0:0002c5|OZ308468.1:139409-141797  -            797 4413                 -            759         0 1268.7  12.8   1   1         0         0 1268.5  12.8     6   758     1   774     1   775 0.96 -
4413at766_434131_0:000079|OZ308468.1:139409-141797  -            797 4413                 -            759         0 1268.7  12.8   1   1         0         0 1268.5  12.8     6   758     1   774     1   775 0.96 -
4413at766_1248439_0:000007|OZ308468.1:139409-141806 -            800 4413                 -            759         0 1268.7  12.8   1   1         0         0 1268.5  12.8     6   758     1   774     1   775 0.96 -
4413at766_696127_0:0003b3|OZ308468.1:139412-141746  -            779 4413                 -            759         0 1267.1  12.7   1   1         0         0 1266.9  12.7     7   758     1   773     1   774 0.96 -
4413at766_2602574_0:0004bd|OZ308468.1:139412-141749 -            780 4413                 -            759         0 1267.1  12.7   1   1         0         0 1266.9  12.7     7   758     1   773     1   774 0.96 -
4413at766_2486578_0:0005b9|OZ308468.1:139412-141722 -            771 4413                 -            759         0 1264.8  13.1   1   1         0         0 1264.6  13.1     7   756     1   771     1   771 0.96 -
4413at766_2486577_0:000381|OZ308468.1:139385-141305 -            641 4413                 -            759    1e-301  993.5  10.2   1   1  1.2e-301  1.2e-301  993.3  10.2     2   617     5   641     4   641 0.95 -
#
# Program:         hmmsearch
# Version:         3.4 (Aug 2023)
# Pipeline mode:   SEARCH
# Query file:      /Users/rossoaa/Desktop/dummy/genomes/records/compleasm/mb_downloads/rickettsiales_odb12/hmms/4413at766.hmm
# Target file:     -
# Option settings: /Users/rossoaa/miniconda3/envs/compleasm_env/bin/hmmsearch --domtblout /Users/rossoaa/Desktop/dummy/genomes/records/compleasm/rickettsiales_odb12/hmmer_output/4413at766.out --cpu 1 /Users/rossoaa/Desktop/dummy/genomes/records/compleasm/mb_downloads/rickettsiales_odb12/hmms/4413at766.hmm - 
# Current dir:     /Users/rossoaa/Desktop/dummy/genomes/records/compleasm
# Date:            Tue Feb 10 10:20:21 2026
# [ok]
