#                                                                                                           --- full sequence --- -------------- this domain -------------   hmm coord   ali coord   env coord
# target name                                       accession   tlen query name           accession   qlen   E-value  score  bias   #  of  c-Evalue  i-Evalue  score  bias  from    to  from    to  from    to  acc description of target
#                               ------------------- ---------- ----- -------------------- ---------- ----- --------- ------ ----- --- --- --------- --------- ------ ----- ----- ----- ----- ----- ----- ----- ---- ---------------------
4455at766_1359163_0:0002ba|OZ308468.1:787792-788620 -            277 4455                 -            286  7.7e-119  386.2   7.4   1   1  8.5e-119  8.5e-119  386.1   7.4     1   284     1   275     1   277 0.97 -
4455at766_2115978_0:0002fd|OZ308468.1:787792-788620 -            277 4455                 -            286  7.7e-119  386.2   7.4   1   1  8.5e-119  8.5e-119  386.1   7.4     1   284     1   275     1   277 0.97 -
4455at766_1248439_0:000168|OZ308468.1:787792-788623 -            278 4455                 -            286  7.8e-119  386.2   7.4   1   1  8.6e-119  8.6e-119  386.1   7.4     1   284     1   275     1   277 0.97 -
4455at766_142058_0:000241|OZ308468.1:787792-788623  -            278 4455                 -            286  7.8e-119  386.2   7.4   1   1  8.6e-119  8.6e-119  386.1   7.4     1   284     1   275     1   277 0.97 -
4455at766_574556_0:000373|OZ308468.1:787792-788623  -            278 4455                 -            286  7.8e-119  386.2   7.4   1   1  8.6e-119  8.6e-119  386.1   7.4     1   284     1   275     1   277 0.97 -
4455at766_1242993_0:0002e3|OZ308468.1:787792-788626 -            279 4455                 -            286  7.9e-119  386.2   7.4   1   1  8.8e-119  8.8e-119  386.0   7.4     1   284     1   275     1   277 0.97 -
4455at766_1423892_0:000284|OZ308468.1:787792-788626 -            279 4455                 -            286  7.9e-119  386.2   7.4   1   1  8.8e-119  8.8e-119  386.0   7.4     1   284     1   275     1   277 0.97 -
4455at766_205920_0:0001b3|OZ308468.1:787792-788626  -            279 4455                 -            286  7.9e-119  386.2   7.4   1   1  8.8e-119  8.8e-119  386.0   7.4     1   284     1   275     1   277 0.97 -
4455at766_391036_0:0002f2|OZ308468.1:787792-788626  -            279 4455                 -            286  7.9e-119  386.2   7.4   1   1  8.8e-119  8.8e-119  386.0   7.4     1   284     1   275     1   277 0.97 -
4455at766_779_0:00039b|OZ308468.1:787792-788626     -            279 4455                 -            286  7.9e-119  386.2   7.4   1   1  8.8e-119  8.8e-119  386.0   7.4     1   284     1   275     1   277 0.97 -
4455at766_1605993_0:000110|OZ308468.1:787792-788635 -            281 4455                 -            286  8.1e-119  386.2   7.4   1   1    9e-119    9e-119  386.0   7.4     1   284     1   275     1   277 0.97 -
4455at766_169402_0:0002b7|OZ308468.1:787792-788632  -            281 4455                 -            286  8.1e-119  386.2   7.4   1   1    9e-119    9e-119  386.0   7.4     1   284     1   275     1   277 0.97 -
4455at766_246273_0:0001e1|OZ308468.1:787792-788632  -            281 4455                 -            286  8.1e-119  386.2   7.4   1   1    9e-119    9e-119  386.0   7.4     1   284     1   275     1   277 0.97 -
4455at766_955_0:0001b1|OZ308468.1:787792-788632     -            281 4455                 -            286  8.1e-119  386.2   7.4   1   1    9e-119    9e-119  386.0   7.4     1   284     1   275     1   277 0.97 -
4455at766_96496_0:0000f6|OZ308468.1:787792-788632   -            281 4455                 -            286  8.1e-119  386.2   7.4   1   1    9e-119    9e-119  386.0   7.4     1   284     1   275     1   277 0.97 -
4455at766_1528098_0:0005aa|OZ308468.1:787792-788596 -            269 4455                 -            286  5.6e-118  383.4   8.0   1   1  6.2e-118  6.2e-118  383.3   8.0     1   270     1   267     1   269 0.98 -
4455at766_86105_0:000376|OZ308468.1:787798-788617   -            274 4455                 -            286  6.1e-118  383.3   7.0   1   1  6.7e-118  6.7e-118  383.2   7.0     4   282     2   271     1   274 0.97 -
4455at766_696127_0:000425|OZ308468.1:787795-788602  -            270 4455                 -            286  1.1e-117  382.4   7.6   1   1  1.2e-117  1.2e-117  382.3   7.6     2   271     1   267     1   270 0.98 -
4455at766_752179_0:0003db|OZ308468.1:787795-788602  -            270 4455                 -            286  1.1e-117  382.4   7.6   1   1  1.2e-117  1.2e-117  382.3   7.6     2   271     1   267     1   270 0.98 -
#
# Program:         hmmsearch
# Version:         3.4 (Aug 2023)
# Pipeline mode:   SEARCH
# Query file:      /Users/rossoaa/Desktop/dummy/genomes/records/compleasm/mb_downloads/rickettsiales_odb12/hmms/4455at766.hmm
# Target file:     -
# Option settings: /Users/rossoaa/miniconda3/envs/compleasm_env/bin/hmmsearch --domtblout /Users/rossoaa/Desktop/dummy/genomes/records/compleasm/rickettsiales_odb12/hmmer_output/4455at766.out --cpu 1 /Users/rossoaa/Desktop/dummy/genomes/records/compleasm/mb_downloads/rickettsiales_odb12/hmms/4455at766.hmm - 
# Current dir:     /Users/rossoaa/Desktop/dummy/genomes/records/compleasm
# Date:            Tue Feb 10 10:20:24 2026
# [ok]
