#                                                                                                             --- full sequence --- -------------- this domain -------------   hmm coord   ali coord   env coord
# target name                                         accession   tlen query name           accession   qlen   E-value  score  bias   #  of  c-Evalue  i-Evalue  score  bias  from    to  from    to  from    to  acc description of target
#                                 ------------------- ---------- ----- -------------------- ---------- ----- --------- ------ ----- --- --- --------- --------- ------ ----- ----- ----- ----- ----- ----- ----- ---- ---------------------
4501at766_169402_0:0003ac|OZ308468.1:1025038-1026460  -            474 4501                 -            473  2.4e-253  832.0   4.4   1   1  2.7e-253  2.7e-253  831.8   4.4     2   472     2   473     1   474 0.99 -
4501at766_2486578_0:000228|OZ308468.1:1025038-1026460 -            474 4501                 -            473  2.4e-253  832.0   4.4   1   1  2.7e-253  2.7e-253  831.8   4.4     2   472     2   473     1   474 0.99 -
4501at766_955_0:000292|OZ308468.1:1025038-1026460     -            474 4501                 -            473  2.4e-253  832.0   4.4   1   1  2.7e-253  2.7e-253  831.8   4.4     2   472     2   473     1   474 0.99 -
4501at766_96496_0:00010e|OZ308468.1:1025038-1026460   -            474 4501                 -            473  2.4e-253  832.0   4.4   1   1  2.7e-253  2.7e-253  831.8   4.4     2   472     2   473     1   474 0.99 -
4501at766_1359168_0:000128|OZ308468.1:1025029-1026460 -            477 4501                 -            473  2.4e-253  832.0   4.4   1   1  2.7e-253  2.7e-253  831.8   4.4     2   472     5   476     4   477 0.99 -
4501at766_142058_0:000157|OZ308468.1:1025029-1026457  -            477 4501                 -            473  2.4e-253  832.0   4.4   1   1  2.7e-253  2.7e-253  831.8   4.4     2   472     5   476     4   477 0.99 -
4501at766_1605993_0:000358|OZ308468.1:1025038-1026454 -            473 4501                 -            473  3.6e-253  831.4   4.2   1   1    4e-253    4e-253  831.2   4.2     2   471     2   472     1   473 0.99 -
4501at766_2115978_0:000177|OZ308468.1:1025038-1026454 -            473 4501                 -            473  3.6e-253  831.4   4.2   1   1    4e-253    4e-253  831.2   4.2     2   471     2   472     1   473 0.99 -
4501at766_246273_0:00007d|OZ308468.1:1025038-1026454  -            473 4501                 -            473  3.6e-253  831.4   4.2   1   1    4e-253    4e-253  831.2   4.2     2   471     2   472     1   473 0.99 -
4501at766_2486577_0:000039|OZ308468.1:1025038-1026454 -            473 4501                 -            473  3.6e-253  831.4   4.2   1   1    4e-253    4e-253  831.2   4.2     2   471     2   472     1   473 0.99 -
4501at766_1274402_0:0001d7|OZ308468.1:1025044-1026454 -            471 4501                 -            473    9e-253  830.1   4.0   1   1    1e-252    1e-252  829.9   4.0     4   471     2   470     1   471 0.99 -
4501at766_696127_0:00010a|OZ308468.1:1025044-1026454  -            471 4501                 -            473    9e-253  830.1   4.0   1   1    1e-252    1e-252  829.9   4.0     4   471     2   470     1   471 0.99 -
4501at766_334380_0:00023d|OZ308468.1:1025047-1026454  -            470 4501                 -            473  1.3e-252  829.5   3.8   1   1  1.5e-252  1.5e-252  829.3   3.8     5   471     2   469     1   470 0.99 -
4501at766_1359163_0:0000ca|OZ308468.1:1025050-1026457 -            470 4501                 -            473  1.5e-252  829.3   3.8   1   1  1.7e-252  1.7e-252  829.2   3.8     5   472     1   469     1   470 0.99 -
4501at766_1392507_0:000090|OZ308468.1:1025050-1026460 -            470 4501                 -            473  1.5e-252  829.3   3.8   1   1  1.7e-252  1.7e-252  829.2   3.8     5   472     1   469     1   470 0.99 -
4501at766_1423892_0:0000d3|OZ308468.1:1025050-1026460 -            470 4501                 -            473  1.5e-252  829.3   3.8   1   1  1.7e-252  1.7e-252  829.2   3.8     5   472     1   469     1   470 0.99 -
4501at766_205920_0:00006e|OZ308468.1:1025050-1026460  -            470 4501                 -            473  1.5e-252  829.3   3.8   1   1  1.7e-252  1.7e-252  829.2   3.8     5   472     1   469     1   470 0.99 -
4501at766_752179_0:00039d|OZ308468.1:1025050-1026457  -            470 4501                 -            473  1.5e-252  829.3   3.8   1   1  1.7e-252  1.7e-252  829.2   3.8     5   472     1   469     1   470 0.99 -
4501at766_779_0:0000ae|OZ308468.1:1025050-1026460     -            470 4501                 -            473  1.5e-252  829.3   3.8   1   1  1.7e-252  1.7e-252  829.2   3.8     5   472     1   469     1   470 0.99 -
4501at766_86105_0:000085|OZ308468.1:1025050-1026460   -            470 4501                 -            473  1.5e-252  829.3   3.8   1   1  1.7e-252  1.7e-252  829.2   3.8     5   472     1   469     1   470 0.99 -
4501at766_1802984_0:00019c|OZ308468.1:1025050-1026454 -            469 4501                 -            473  2.3e-252  828.7   3.6   1   1  2.5e-252  2.5e-252  828.6   3.6     5   471     1   468     1   469 0.99 -
4501at766_1105107_0:0002cb|OZ308468.1:1025053-1026460 -            469 4501                 -            473  3.3e-252  828.2   3.6   1   1  3.7e-252  3.7e-252  828.0   3.6     6   472     1   468     1   469 0.99 -
4501at766_1248439_0:000252|OZ308468.1:1025053-1026457 -            469 4501                 -            473  3.3e-252  828.2   3.6   1   1  3.7e-252  3.7e-252  828.0   3.6     6   472     1   468     1   469 0.99 -
4501at766_1286528_0:00006f|OZ308468.1:1025053-1026457 -            469 4501                 -            473  3.3e-252  828.2   3.6   1   1  3.7e-252  3.7e-252  828.0   3.6     6   472     1   468     1   469 0.99 -
4501at766_1528098_0:000020|OZ308468.1:1025053-1026460 -            469 4501                 -            473  3.3e-252  828.2   3.6   1   1  3.7e-252  3.7e-252  828.0   3.6     6   472     1   468     1   469 0.99 -
4501at766_1961830_0:00028e|OZ308468.1:1025053-1026457 -            469 4501                 -            473  3.3e-252  828.2   3.6   1   1  3.7e-252  3.7e-252  828.0   3.6     6   472     1   468     1   469 0.99 -
4501at766_272947_0:0002b7|OZ308468.1:1025053-1026460  -            469 4501                 -            473  3.3e-252  828.2   3.6   1   1  3.7e-252  3.7e-252  828.0   3.6     6   472     1   468     1   469 0.99 -
4501at766_336407_0:000089|OZ308468.1:1025053-1026460  -            469 4501                 -            473  3.3e-252  828.2   3.6   1   1  3.7e-252  3.7e-252  828.0   3.6     6   472     1   468     1   469 0.99 -
4501at766_481009_0:00027c|OZ308468.1:1025053-1026460  -            469 4501                 -            473  3.3e-252  828.2   3.6   1   1  3.7e-252  3.7e-252  828.0   3.6     6   472     1   468     1   469 0.99 -
4501at766_1714371_0:00027a|OZ308468.1:1025053-1026454 -            468 4501                 -            473  5.1e-252  827.6   3.4   1   1  5.7e-252  5.7e-252  827.4   3.4     6   471     1   467     1   468 0.99 -
4501at766_222891_0:0002d7|OZ308468.1:1025053-1026454  -            468 4501                 -            473  5.1e-252  827.6   3.4   1   1  5.7e-252  5.7e-252  827.4   3.4     6   471     1   467     1   468 0.99 -
4501at766_2602574_0:000184|OZ308468.1:1025053-1026454 -            468 4501                 -            473  5.1e-252  827.6   3.4   1   1  5.7e-252  5.7e-252  827.4   3.4     6   471     1   467     1   468 0.99 -
4501at766_434131_0:000226|OZ308468.1:1025053-1026454  -            468 4501                 -            473  5.1e-252  827.6   3.4   1   1  5.7e-252  5.7e-252  827.4   3.4     6   471     1   467     1   468 0.99 -
#
# Program:         hmmsearch
# Version:         3.4 (Aug 2023)
# Pipeline mode:   SEARCH
# Query file:      /Users/rossoaa/Desktop/dummy/genomes/records/compleasm/mb_downloads/rickettsiales_odb12/hmms/4501at766.hmm
# Target file:     -
# Option settings: /Users/rossoaa/miniconda3/envs/compleasm_env/bin/hmmsearch --domtblout /Users/rossoaa/Desktop/dummy/genomes/records/compleasm/rickettsiales_odb12/hmmer_output/4501at766.out --cpu 1 /Users/rossoaa/Desktop/dummy/genomes/records/compleasm/mb_downloads/rickettsiales_odb12/hmms/4501at766.hmm - 
# Current dir:     /Users/rossoaa/Desktop/dummy/genomes/records/compleasm
# Date:            Tue Feb 10 10:20:22 2026
# [ok]
