#                                                                                                          --- full sequence --- -------------- this domain -------------   hmm coord   ali coord   env coord
# target name                                      accession   tlen query name           accession   qlen   E-value  score  bias   #  of  c-Evalue  i-Evalue  score  bias  from    to  from    to  from    to  acc description of target
#                              ------------------- ---------- ----- -------------------- ---------- ----- --------- ------ ----- --- --- --------- --------- ------ ----- ----- ----- ----- ----- ----- ----- ---- ---------------------
451at766_1359168_0:000124|OZ308468.1:562171-563407 -            413 451                  -            408  3.4e-206  676.0   0.5   1   1  3.9e-206  3.9e-206  675.8   0.5     1   407     1   410     1   411 0.98 -
451at766_1802984_0:000082|OZ308468.1:562171-563410 -            414 451                  -            408  3.4e-206  675.9   0.5   1   1  3.9e-206  3.9e-206  675.8   0.5     1   407     2   411     2   412 0.98 -
451at766_1961830_0:0004ee|OZ308468.1:562168-563407 -            414 451                  -            408  3.4e-206  675.9   0.5   1   1  3.9e-206  3.9e-206  675.8   0.5     1   407     1   410     1   411 0.98 -
451at766_334380_0:00031f|OZ308468.1:562168-563407  -            414 451                  -            408  3.4e-206  675.9   0.5   1   1  3.9e-206  3.9e-206  675.8   0.5     1   407     1   410     1   411 0.98 -
451at766_2602574_0:000486|OZ308468.1:562168-563410 -            415 451                  -            408  3.4e-206  675.9   0.5   1   1  3.9e-206  3.9e-206  675.7   0.5     1   407     2   411     2   412 0.98 -
451at766_752179_0:0000fc|OZ308468.1:562165-563407  -            415 451                  -            408  3.5e-206  675.9   0.5   1   1  3.9e-206  3.9e-206  675.7   0.5     1   407     1   410     1   411 0.98 -
451at766_86105_0:00061a|OZ308468.1:562171-563416   -            416 451                  -            408  3.5e-206  675.9   0.5   1   1    4e-206    4e-206  675.7   0.5     1   407     4   413     4   414 0.98 -
451at766_955_0:000100|OZ308468.1:562171-563416     -            416 451                  -            408  3.5e-206  675.9   0.5   1   1    4e-206    4e-206  675.7   0.5     1   407     4   413     4   414 0.98 -
451at766_1242993_0:0001ff|OZ308468.1:562174-563419 -            416 451                  -            408  3.5e-206  675.9   0.5   1   1    4e-206    4e-206  675.7   0.5     1   407     5   414     5   415 0.98 -
451at766_1274402_0:000257|OZ308468.1:562174-563419 -            416 451                  -            408  3.5e-206  675.9   0.5   1   1    4e-206    4e-206  675.7   0.5     1   407     5   414     5   415 0.98 -
451at766_205920_0:0002b3|OZ308468.1:562174-563419  -            416 451                  -            408  3.5e-206  675.9   0.5   1   1    4e-206    4e-206  675.7   0.5     1   407     5   414     5   415 0.98 -
451at766_779_0:0000c5|OZ308468.1:562174-563419     -            416 451                  -            408  3.5e-206  675.9   0.5   1   1    4e-206    4e-206  675.7   0.5     1   407     5   414     5   415 0.98 -
451at766_1359163_0:000310|OZ308468.1:562171-563419 -            417 451                  -            408  3.5e-206  675.9   0.5   1   1    4e-206    4e-206  675.7   0.5     1   407     5   414     5   415 0.98 -
451at766_246273_0:000261|OZ308468.1:562171-563419  -            417 451                  -            408  3.5e-206  675.9   0.5   1   1    4e-206    4e-206  675.7   0.5     1   407     5   414     5   415 0.98 -
451at766_696127_0:000215|OZ308468.1:562171-563419  -            417 451                  -            408  3.5e-206  675.9   0.5   1   1    4e-206    4e-206  675.7   0.5     1   407     5   414     5   415 0.98 -
451at766_96496_0:0000c1|OZ308468.1:562171-563419   -            417 451                  -            408  3.5e-206  675.9   0.5   1   1    4e-206    4e-206  675.7   0.5     1   407     5   414     5   415 0.98 -
451at766_1248439_0:0000ca|OZ308468.1:562168-563419 -            418 451                  -            408  3.5e-206  675.9   0.5   1   1  4.1e-206  4.1e-206  675.7   0.5     1   407     5   414     5   415 0.98 -
451at766_1392507_0:000010|OZ308468.1:562168-563419 -            418 451                  -            408  3.5e-206  675.9   0.5   1   1  4.1e-206  4.1e-206  675.7   0.5     1   407     5   414     5   415 0.98 -
451at766_142058_0:000269|OZ308468.1:562168-563419  -            418 451                  -            408  3.5e-206  675.9   0.5   1   1  4.1e-206  4.1e-206  675.7   0.5     1   407     5   414     5   415 0.98 -
451at766_1423892_0:0001c6|OZ308468.1:562168-563419 -            418 451                  -            408  3.5e-206  675.9   0.5   1   1  4.1e-206  4.1e-206  675.7   0.5     1   407     5   414     5   415 0.98 -
451at766_169402_0:000095|OZ308468.1:562168-563419  -            418 451                  -            408  3.5e-206  675.9   0.5   1   1  4.1e-206  4.1e-206  675.7   0.5     1   407     5   414     5   415 0.98 -
451at766_391036_0:000162|OZ308468.1:562168-563419  -            418 451                  -            408  3.5e-206  675.9   0.5   1   1  4.1e-206  4.1e-206  675.7   0.5     1   407     5   414     5   415 0.98 -
451at766_574556_0:00030c|OZ308468.1:562168-563419  -            418 451                  -            408  3.5e-206  675.9   0.5   1   1  4.1e-206  4.1e-206  675.7   0.5     1   407     5   414     5   415 0.98 -
451at766_2486578_0:0004b5|OZ308468.1:562171-563422 -            418 451                  -            408  3.5e-206  675.9   0.5   1   1  4.1e-206  4.1e-206  675.7   0.5     1   407     6   415     6   416 0.98 -
451at766_1528098_0:000304|OZ308468.1:562168-563422 -            419 451                  -            408  3.5e-206  675.9   0.5   1   1  4.1e-206  4.1e-206  675.7   0.5     1   407     6   415     6   416 0.98 -
451at766_1605993_0:000153|OZ308468.1:562159-563419 -            420 451                  -            408  3.6e-206  675.9   0.5   1   1  4.1e-206  4.1e-206  675.7   0.5     1   407     5   414     5   415 0.98 -
451at766_222891_0:000093|OZ308468.1:562174-563401  -            410 451                  -            408  1.9e-205  673.5   0.5   1   1  2.2e-205  2.2e-205  673.3   0.5     3   407     1   408     1   409 0.98 -
451at766_1286528_0:000159|OZ308468.1:562171-563401 -            411 451                  -            408  1.9e-205  673.5   0.5   1   1  2.2e-205  2.2e-205  673.3   0.5     3   407     1   408     1   409 0.98 -
451at766_2115978_0:0002e0|OZ308468.1:562171-563401 -            411 451                  -            408  1.9e-205  673.5   0.5   1   1  2.2e-205  2.2e-205  673.3   0.5     3   407     1   408     1   409 0.98 -
451at766_2486577_0:000045|OZ308468.1:562189-563410 -            408 451                  -            408  5.1e-205  672.1   0.4   1   1  5.7e-205  5.7e-205  671.9   0.4     1   404     2   408     2   408 0.98 -
451at766_1105107_0:000260|OZ308468.1:562174-563398 -            409 451                  -            408  9.4e-205  671.2   0.5   1   1  1.1e-204  1.1e-204  671.0   0.5     4   407     1   407     1   408 0.98 -
451at766_272947_0:00013a|OZ308468.1:562174-563398  -            409 451                  -            408  9.4e-205  671.2   0.5   1   1  1.1e-204  1.1e-204  671.0   0.5     4   407     1   407     1   408 0.98 -
451at766_336407_0:00048a|OZ308468.1:562174-563398  -            409 451                  -            408  9.4e-205  671.2   0.5   1   1  1.1e-204  1.1e-204  671.0   0.5     4   407     1   407     1   408 0.98 -
451at766_481009_0:000193|OZ308468.1:562174-563398  -            409 451                  -            408  9.4e-205  671.2   0.5   1   1  1.1e-204  1.1e-204  671.0   0.5     4   407     1   407     1   408 0.98 -
451at766_1714371_0:000057|OZ308468.1:562270-563401 -            378 451                  -            408  6.3e-196  642.1   0.4   1   1  7.1e-196  7.1e-196  642.0   0.4     3   378     1   378     1   378 0.98 -
451at766_434131_0:000025|OZ308468.1:562270-563401  -            378 451                  -            408  6.3e-196  642.1   0.4   1   1  7.1e-196  7.1e-196  642.0   0.4     3   378     1   378     1   378 0.98 -
#
# Program:         hmmsearch
# Version:         3.4 (Aug 2023)
# Pipeline mode:   SEARCH
# Query file:      /Users/rossoaa/Desktop/dummy/genomes/records/compleasm/mb_downloads/rickettsiales_odb12/hmms/451at766.hmm
# Target file:     -
# Option settings: /Users/rossoaa/miniconda3/envs/compleasm_env/bin/hmmsearch --domtblout /Users/rossoaa/Desktop/dummy/genomes/records/compleasm/rickettsiales_odb12/hmmer_output/451at766.out --cpu 1 /Users/rossoaa/Desktop/dummy/genomes/records/compleasm/mb_downloads/rickettsiales_odb12/hmms/451at766.hmm - 
# Current dir:     /Users/rossoaa/Desktop/dummy/genomes/records/compleasm
# Date:            Tue Feb 10 10:20:24 2026
# [ok]
