#                                                                                                           --- full sequence --- -------------- this domain -------------   hmm coord   ali coord   env coord
# target name                                       accession   tlen query name           accession   qlen   E-value  score  bias   #  of  c-Evalue  i-Evalue  score  bias  from    to  from    to  from    to  acc description of target
#                               ------------------- ---------- ----- -------------------- ---------- ----- --------- ------ ----- --- --- --------- --------- ------ ----- ----- ----- ----- ----- ----- ----- ---- ---------------------
4527at766_696127_0:000052|OZ308468.1:873656-874646  -            331 4527                 -            333    1e-165  541.7   3.6   1   1  1.1e-165  1.1e-165  541.6   3.6     1   330     1   328     1   331 0.99 -
4527at766_1248439_0:0001fa|OZ308468.1:873656-874661 -            336 4527                 -            333    1e-165  541.7   3.6   1   1  1.2e-165  1.2e-165  541.5   3.6     1   330     1   328     1   331 0.99 -
4527at766_1359163_0:000234|OZ308468.1:873656-874661 -            336 4527                 -            333    1e-165  541.7   3.6   1   1  1.2e-165  1.2e-165  541.5   3.6     1   330     1   328     1   331 0.99 -
4527at766_1392507_0:000064|OZ308468.1:873656-874661 -            336 4527                 -            333    1e-165  541.7   3.6   1   1  1.2e-165  1.2e-165  541.5   3.6     1   330     1   328     1   331 0.99 -
4527at766_2115978_0:00046e|OZ308468.1:873656-874661 -            336 4527                 -            333    1e-165  541.7   3.6   1   1  1.2e-165  1.2e-165  541.5   3.6     1   330     1   328     1   331 0.99 -
4527at766_574556_0:00008b|OZ308468.1:873656-874661  -            336 4527                 -            333    1e-165  541.7   3.6   1   1  1.2e-165  1.2e-165  541.5   3.6     1   330     1   328     1   331 0.99 -
4527at766_1242993_0:000309|OZ308468.1:873656-874667 -            337 4527                 -            333    1e-165  541.7   3.6   1   1  1.2e-165  1.2e-165  541.5   3.6     1   330     1   328     1   331 0.99 -
4527at766_1605993_0:000064|OZ308468.1:873656-874667 -            337 4527                 -            333    1e-165  541.7   3.6   1   1  1.2e-165  1.2e-165  541.5   3.6     1   330     1   328     1   331 0.99 -
4527at766_169402_0:000062|OZ308468.1:873656-874667  -            337 4527                 -            333    1e-165  541.7   3.6   1   1  1.2e-165  1.2e-165  541.5   3.6     1   330     1   328     1   331 0.99 -
4527at766_1714371_0:000247|OZ308468.1:873656-874667 -            337 4527                 -            333    1e-165  541.7   3.6   1   1  1.2e-165  1.2e-165  541.5   3.6     1   330     1   328     1   331 0.99 -
4527at766_205920_0:000003|OZ308468.1:873656-874667  -            337 4527                 -            333    1e-165  541.7   3.6   1   1  1.2e-165  1.2e-165  541.5   3.6     1   330     1   328     1   331 0.99 -
4527at766_222891_0:000229|OZ308468.1:873656-874667  -            337 4527                 -            333    1e-165  541.7   3.6   1   1  1.2e-165  1.2e-165  541.5   3.6     1   330     1   328     1   331 0.99 -
4527at766_246273_0:0000a8|OZ308468.1:873656-874667  -            337 4527                 -            333    1e-165  541.7   3.6   1   1  1.2e-165  1.2e-165  541.5   3.6     1   330     1   328     1   331 0.99 -
4527at766_391036_0:00028f|OZ308468.1:873656-874667  -            337 4527                 -            333    1e-165  541.7   3.6   1   1  1.2e-165  1.2e-165  541.5   3.6     1   330     1   328     1   331 0.99 -
4527at766_434131_0:000066|OZ308468.1:873656-874667  -            337 4527                 -            333    1e-165  541.7   3.6   1   1  1.2e-165  1.2e-165  541.5   3.6     1   330     1   328     1   331 0.99 -
4527at766_779_0:000195|OZ308468.1:873656-874667     -            337 4527                 -            333    1e-165  541.7   3.6   1   1  1.2e-165  1.2e-165  541.5   3.6     1   330     1   328     1   331 0.99 -
4527at766_955_0:0001e6|OZ308468.1:873656-874664     -            337 4527                 -            333    1e-165  541.7   3.6   1   1  1.2e-165  1.2e-165  541.5   3.6     1   330     1   328     1   331 0.99 -
4527at766_96496_0:00028b|OZ308468.1:873656-874667   -            337 4527                 -            333    1e-165  541.7   3.6   1   1  1.2e-165  1.2e-165  541.5   3.6     1   330     1   328     1   331 0.99 -
4527at766_1961830_0:000330|OZ308468.1:873656-874643 -            330 4527                 -            333    1e-165  541.7   3.4   1   1  1.2e-165  1.2e-165  541.5   3.4     1   329     1   327     1   330 0.99 -
4527at766_1105107_0:000363|OZ308468.1:873656-874640 -            329 4527                 -            333  1.1e-165  541.5   3.3   1   1  1.3e-165  1.3e-165  541.4   3.3     1   329     1   327     1   329 0.99 -
4527at766_2486578_0:000478|OZ308468.1:873656-874640 -            329 4527                 -            333  1.1e-165  541.5   3.3   1   1  1.3e-165  1.3e-165  541.4   3.3     1   329     1   327     1   329 0.99 -
4527at766_481009_0:000421|OZ308468.1:873656-874640  -            329 4527                 -            333  1.1e-165  541.5   3.3   1   1  1.3e-165  1.3e-165  541.4   3.3     1   329     1   327     1   329 0.99 -
4527at766_1359168_0:000072|OZ308468.1:873656-874637 -            328 4527                 -            333  1.1e-165  541.5   3.2   1   1  1.3e-165  1.3e-165  541.4   3.2     1   328     1   326     1   328 0.99 -
4527at766_86105_0:000121|OZ308468.1:873656-874637   -            328 4527                 -            333  1.1e-165  541.5   3.2   1   1  1.3e-165  1.3e-165  541.4   3.2     1   328     1   326     1   328 0.99 -
4527at766_336407_0:00023c|OZ308468.1:873656-874634  -            327 4527                 -            333  1.7e-165  540.9   3.2   1   1  1.9e-165  1.9e-165  540.8   3.2     1   327     1   325     1   327 0.99 -
4527at766_1528098_0:00043e|OZ308468.1:873656-874628 -            325 4527                 -            333  2.4e-165  540.5   2.8   1   1  2.7e-165  2.7e-165  540.3   2.8     1   327     1   325     1   325 1.00 -
4527at766_2486577_0:000345|OZ308468.1:873656-874616 -            321 4527                 -            333    2e-164  537.4   2.3   1   1  2.2e-164  2.2e-164  537.3   2.3     1   322     1   320     1   321 0.99 -
4527at766_1274402_0:00016e|OZ308468.1:873656-874580 -            309 4527                 -            333  3.8e-162  529.9   3.3   1   1  4.3e-162  4.3e-162  529.8   3.3     1   309     1   309     1   309 1.00 -
4527at766_2602574_0:0001f2|OZ308468.1:873656-874580 -            309 4527                 -            333  3.8e-162  529.9   3.3   1   1  4.3e-162  4.3e-162  529.8   3.3     1   309     1   309     1   309 1.00 -
4527at766_334380_0:0002a3|OZ308468.1:873656-874580  -            309 4527                 -            333  3.8e-162  529.9   3.3   1   1  4.3e-162  4.3e-162  529.8   3.3     1   309     1   309     1   309 1.00 -
4527at766_752179_0:0003ff|OZ308468.1:873656-874580  -            309 4527                 -            333  3.8e-162  529.9   3.3   1   1  4.3e-162  4.3e-162  529.8   3.3     1   309     1   309     1   309 1.00 -
4527at766_1802984_0:00015c|OZ308468.1:873656-874571 -            306 4527                 -            333  6.1e-161  526.0   3.5   1   1  6.8e-161  6.8e-161  525.8   3.5     1   305     1   305     1   306 1.00 -
4527at766_142058_0:0002f1|OZ308468.1:873680-874661  -            328 4527                 -            333  3.5e-160  523.5   3.2   1   1  4.1e-160  4.1e-160  523.2   3.2     9   330     1   320     1   323 0.99 -
#
# Program:         hmmsearch
# Version:         3.4 (Aug 2023)
# Pipeline mode:   SEARCH
# Query file:      /Users/rossoaa/Desktop/dummy/genomes/records/compleasm/mb_downloads/rickettsiales_odb12/hmms/4527at766.hmm
# Target file:     -
# Option settings: /Users/rossoaa/miniconda3/envs/compleasm_env/bin/hmmsearch --domtblout /Users/rossoaa/Desktop/dummy/genomes/records/compleasm/rickettsiales_odb12/hmmer_output/4527at766.out --cpu 1 /Users/rossoaa/Desktop/dummy/genomes/records/compleasm/mb_downloads/rickettsiales_odb12/hmms/4527at766.hmm - 
# Current dir:     /Users/rossoaa/Desktop/dummy/genomes/records/compleasm
# Date:            Tue Feb 10 10:20:22 2026
# [ok]
