#                                                                                                         --- full sequence --- -------------- this domain -------------   hmm coord   ali coord   env coord
# target name                                     accession   tlen query name           accession   qlen   E-value  score  bias   #  of  c-Evalue  i-Evalue  score  bias  from    to  from    to  from    to  acc description of target
#                             ------------------- ---------- ----- -------------------- ---------- ----- --------- ------ ----- --- --- --------- --------- ------ ----- ----- ----- ----- ----- ----- ----- ---- ---------------------
4529at766_246273_0:000000|OZ308468.1:41035-41815  -            261 4529                 -            261  2.8e-121  394.2  15.1   1   1  3.2e-121  3.2e-121  394.1  15.1     4   256     1   254     1   259 0.98 -
4529at766_391036_0:000227|OZ308468.1:41035-41818  -            262 4529                 -            261  2.9e-121  394.2  15.1   1   1  3.2e-121  3.2e-121  394.0  15.1     4   256     1   254     1   259 0.98 -
4529at766_779_0:0000bb|OZ308468.1:41035-41818     -            262 4529                 -            261  2.9e-121  394.2  15.1   1   1  3.2e-121  3.2e-121  394.0  15.1     4   256     1   254     1   259 0.98 -
4529at766_1605993_0:00019e|OZ308468.1:41035-41824 -            263 4529                 -            261  2.9e-121  394.2  15.1   1   1  3.3e-121  3.3e-121  394.0  15.1     4   256     1   254     1   259 0.98 -
4529at766_169402_0:00055e|OZ308468.1:41035-41821  -            263 4529                 -            261  2.9e-121  394.2  15.1   1   1  3.3e-121  3.3e-121  394.0  15.1     4   256     1   254     1   259 0.98 -
4529at766_955_0:00000d|OZ308468.1:41035-41824     -            263 4529                 -            261  2.9e-121  394.2  15.1   1   1  3.3e-121  3.3e-121  394.0  15.1     4   256     1   254     1   259 0.98 -
4529at766_96496_0:00023d|OZ308468.1:41035-41806   -            258 4529                 -            261  3.5e-121  393.9  15.3   1   1  3.9e-121  3.9e-121  393.8  15.3     4   255     1   253     1   258 0.98 -
4529at766_1528098_0:0004d6|OZ308468.1:41038-41815 -            260 4529                 -            261  4.4e-121  393.6  14.7   1   1    5e-121    5e-121  393.4  14.7     6   256     2   253     1   258 0.98 -
4529at766_1802984_0:000109|OZ308468.1:41038-41815 -            260 4529                 -            261  4.4e-121  393.6  14.7   1   1    5e-121    5e-121  393.4  14.7     6   256     2   253     1   258 0.98 -
4529at766_2486578_0:00053b|OZ308468.1:41038-41803 -            256 4529                 -            261  7.7e-121  392.8  15.1   1   1  8.5e-121  8.5e-121  392.7  15.1     6   255     2   252     1   256 0.98 -
4529at766_1286528_0:000133|OZ308468.1:41041-41794 -            252 4529                 -            261    2e-120  391.5  15.3   1   1  2.2e-120  2.2e-120  391.3  15.3     6   253     1   249     1   252 0.98 -
4529at766_1961830_0:000268|OZ308468.1:41038-41785 -            250 4529                 -            261  2.2e-120  391.3  15.4   1   1  2.5e-120  2.5e-120  391.1  15.4     6   251     2   248     1   250 0.99 -
4529at766_2486577_0:0002e2|OZ308468.1:41038-41785 -            250 4529                 -            261  2.2e-120  391.3  15.4   1   1  2.5e-120  2.5e-120  391.1  15.4     6   251     2   248     1   250 0.99 -
4529at766_336407_0:000538|OZ308468.1:41038-41785  -            250 4529                 -            261  2.2e-120  391.3  15.4   1   1  2.5e-120  2.5e-120  391.1  15.4     6   251     2   248     1   250 0.99 -
4529at766_1248439_0:00032c|OZ308468.1:41035-41779 -            249 4529                 -            261  2.5e-120  391.1  15.6   1   1  2.8e-120  2.8e-120  391.0  15.6     4   250     1   248     1   249 0.99 -
4529at766_1274402_0:000233|OZ308468.1:41038-41779 -            248 4529                 -            261  3.9e-120  390.5  15.2   1   1  4.4e-120  4.4e-120  390.3  15.2     6   250     2   247     1   248 0.99 -
4529at766_1242993_0:000065|OZ308468.1:41035-41770 -            246 4529                 -            261  5.5e-120  390.0  14.3   1   1  6.1e-120  6.1e-120  389.8  14.3     4   248     1   246     1   246 0.99 -
4529at766_1423892_0:00012e|OZ308468.1:41035-41770 -            246 4529                 -            261  5.5e-120  390.0  14.3   1   1  6.1e-120  6.1e-120  389.8  14.3     4   248     1   246     1   246 0.99 -
4529at766_205920_0:000094|OZ308468.1:41035-41770  -            246 4529                 -            261  5.5e-120  390.0  14.3   1   1  6.1e-120  6.1e-120  389.8  14.3     4   248     1   246     1   246 0.99 -
4529at766_86105_0:00048c|OZ308468.1:41041-41779   -            247 4529                 -            261    8e-120  389.5  15.4   1   1  8.9e-120  8.9e-120  389.3  15.4     6   250     1   246     1   247 0.99 -
4529at766_1105107_0:0002de|OZ308468.1:41038-41770 -            245 4529                 -            261  8.6e-120  389.4  13.9   1   1  9.6e-120  9.6e-120  389.2  13.9     6   248     2   245     1   245 0.99 -
4529at766_272947_0:0001c0|OZ308468.1:41038-41770  -            245 4529                 -            261  8.6e-120  389.4  13.9   1   1  9.6e-120  9.6e-120  389.2  13.9     6   248     2   245     1   245 0.99 -
4529at766_481009_0:000322|OZ308468.1:41038-41770  -            245 4529                 -            261  8.6e-120  389.4  13.9   1   1  9.6e-120  9.6e-120  389.2  13.9     6   248     2   245     1   245 0.99 -
#
# Program:         hmmsearch
# Version:         3.4 (Aug 2023)
# Pipeline mode:   SEARCH
# Query file:      /Users/rossoaa/Desktop/dummy/genomes/records/compleasm/mb_downloads/rickettsiales_odb12/hmms/4529at766.hmm
# Target file:     -
# Option settings: /Users/rossoaa/miniconda3/envs/compleasm_env/bin/hmmsearch --domtblout /Users/rossoaa/Desktop/dummy/genomes/records/compleasm/rickettsiales_odb12/hmmer_output/4529at766.out --cpu 1 /Users/rossoaa/Desktop/dummy/genomes/records/compleasm/mb_downloads/rickettsiales_odb12/hmms/4529at766.hmm - 
# Current dir:     /Users/rossoaa/Desktop/dummy/genomes/records/compleasm
# Date:            Tue Feb 10 10:20:22 2026
# [ok]
