#                                                                                                             --- full sequence --- -------------- this domain -------------   hmm coord   ali coord   env coord
# target name                                         accession   tlen query name           accession   qlen   E-value  score  bias   #  of  c-Evalue  i-Evalue  score  bias  from    to  from    to  from    to  acc description of target
#                                 ------------------- ---------- ----- -------------------- ---------- ----- --------- ------ ----- --- --- --------- --------- ------ ----- ----- ----- ----- ----- ----- ----- ---- ---------------------
4550at766_1242993_0:000301|OZ308468.1:1031431-1032805 -            459 4550                 -            454  1.1e-220  724.0  10.7   1   1  1.2e-220  1.2e-220  723.8  10.7     1   454     1   459     1   459 0.97 -
4550at766_1359163_0:0000fc|OZ308468.1:1031431-1032805 -            459 4550                 -            454  1.1e-220  724.0  10.7   1   1  1.2e-220  1.2e-220  723.8  10.7     1   454     1   459     1   459 0.97 -
4550at766_1423892_0:0000b1|OZ308468.1:1031431-1032805 -            459 4550                 -            454  1.1e-220  724.0  10.7   1   1  1.2e-220  1.2e-220  723.8  10.7     1   454     1   459     1   459 0.97 -
4550at766_1605993_0:000356|OZ308468.1:1031428-1032805 -            459 4550                 -            454  1.1e-220  724.0  10.7   1   1  1.2e-220  1.2e-220  723.8  10.7     1   454     1   459     1   459 0.97 -
4550at766_169402_0:00035e|OZ308468.1:1031428-1032805  -            459 4550                 -            454  1.1e-220  724.0  10.7   1   1  1.2e-220  1.2e-220  723.8  10.7     1   454     1   459     1   459 0.97 -
4550at766_205920_0:000081|OZ308468.1:1031431-1032805  -            459 4550                 -            454  1.1e-220  724.0  10.7   1   1  1.2e-220  1.2e-220  723.8  10.7     1   454     1   459     1   459 0.97 -
4550at766_246273_0:0001e3|OZ308468.1:1031428-1032805  -            459 4550                 -            454  1.1e-220  724.0  10.7   1   1  1.2e-220  1.2e-220  723.8  10.7     1   454     1   459     1   459 0.97 -
4550at766_2486578_0:0004a5|OZ308468.1:1031428-1032805 -            459 4550                 -            454  1.1e-220  724.0  10.7   1   1  1.2e-220  1.2e-220  723.8  10.7     1   454     1   459     1   459 0.97 -
4550at766_2602574_0:00021f|OZ308468.1:1031431-1032805 -            459 4550                 -            454  1.1e-220  724.0  10.7   1   1  1.2e-220  1.2e-220  723.8  10.7     1   454     1   459     1   459 0.97 -
4550at766_391036_0:000280|OZ308468.1:1031431-1032805  -            459 4550                 -            454  1.1e-220  724.0  10.7   1   1  1.2e-220  1.2e-220  723.8  10.7     1   454     1   459     1   459 0.97 -
4550at766_779_0:00033f|OZ308468.1:1031431-1032805     -            459 4550                 -            454  1.1e-220  724.0  10.7   1   1  1.2e-220  1.2e-220  723.8  10.7     1   454     1   459     1   459 0.97 -
4550at766_86105_0:00043a|OZ308468.1:1031431-1032805   -            459 4550                 -            454  1.1e-220  724.0  10.7   1   1  1.2e-220  1.2e-220  723.8  10.7     1   454     1   459     1   459 0.97 -
4550at766_96496_0:00001a|OZ308468.1:1031428-1032805   -            459 4550                 -            454  1.1e-220  724.0  10.7   1   1  1.2e-220  1.2e-220  723.8  10.7     1   454     1   459     1   459 0.97 -
4550at766_1392507_0:0002f3|OZ308468.1:1031428-1032811 -            461 4550                 -            454  1.1e-220  724.0  10.7   1   1  1.2e-220  1.2e-220  723.8  10.7     1   454     3   461     3   461 0.97 -
4550at766_142058_0:000216|OZ308468.1:1031428-1032811  -            461 4550                 -            454  1.1e-220  724.0  10.7   1   1  1.2e-220  1.2e-220  723.8  10.7     1   454     3   461     3   461 0.97 -
4550at766_1286528_0:0000e9|OZ308468.1:1031431-1032799 -            457 4550                 -            454  4.1e-220  722.1  10.5   1   1  4.5e-220  4.5e-220  721.9  10.5     3   454     1   457     1   457 0.97 -
4550at766_1714371_0:000130|OZ308468.1:1031431-1032799 -            457 4550                 -            454  4.1e-220  722.1  10.5   1   1  4.5e-220  4.5e-220  721.9  10.5     3   454     1   457     1   457 0.97 -
4550at766_222891_0:0001b2|OZ308468.1:1031431-1032799  -            457 4550                 -            454  4.1e-220  722.1  10.5   1   1  4.5e-220  4.5e-220  721.9  10.5     3   454     1   457     1   457 0.97 -
4550at766_434131_0:000023|OZ308468.1:1031431-1032799  -            457 4550                 -            454  4.1e-220  722.1  10.5   1   1  4.5e-220  4.5e-220  721.9  10.5     3   454     1   457     1   457 0.97 -
4550at766_574556_0:00015d|OZ308468.1:1031428-1032799  -            457 4550                 -            454  4.1e-220  722.1  10.5   1   1  4.5e-220  4.5e-220  721.9  10.5     3   454     1   457     1   457 0.97 -
4550at766_955_0:000196|OZ308468.1:1031428-1032796     -            456 4550                 -            454  1.1e-219  720.7  10.7   1   1  1.2e-219  1.2e-219  720.5  10.7     4   454     1   456     1   456 0.97 -
4550at766_1105107_0:000017|OZ308468.1:1031446-1032805 -            454 4550                 -            454  3.3e-219  719.1  11.1   1   1  3.7e-219  3.7e-219  718.9  11.1     1   448     1   453     1   454 0.97 -
4550at766_1961830_0:000049|OZ308468.1:1031446-1032805 -            454 4550                 -            454  3.3e-219  719.1  11.1   1   1  3.7e-219  3.7e-219  718.9  11.1     1   448     1   453     1   454 0.97 -
4550at766_336407_0:00017e|OZ308468.1:1031446-1032805  -            454 4550                 -            454  3.3e-219  719.1  11.1   1   1  3.7e-219  3.7e-219  718.9  11.1     1   448     1   453     1   454 0.97 -
4550at766_481009_0:000064|OZ308468.1:1031446-1032805  -            454 4550                 -            454  3.3e-219  719.1  11.1   1   1  3.7e-219  3.7e-219  718.9  11.1     1   448     1   453     1   454 0.97 -
4550at766_1359168_0:000055|OZ308468.1:1031446-1032808 -            455 4550                 -            454  3.4e-219  719.1  11.1   1   1  3.8e-219  3.8e-219  718.9  11.1     1   448     2   454     2   455 0.97 -
4550at766_334380_0:000292|OZ308468.1:1031446-1032808  -            455 4550                 -            454  3.4e-219  719.1  11.1   1   1  3.8e-219  3.8e-219  718.9  11.1     1   448     2   454     2   455 0.97 -
4550at766_1528098_0:0002a0|OZ308468.1:1031452-1032805 -            452 4550                 -            454  8.4e-219  717.8  10.9   1   1  9.4e-219  9.4e-219  717.6  10.9     1   447     1   452     1   452 0.97 -
4550at766_2115978_0:00021c|OZ308468.1:1031452-1032808 -            453 4550                 -            454  8.4e-219  717.8  10.9   1   1  9.5e-219  9.5e-219  717.6  10.9     1   447     2   453     2   453 0.97 -
4550at766_752179_0:0002f7|OZ308468.1:1031446-1032799  -            452 4550                 -            454  1.3e-218  717.2  10.9   1   1  1.4e-218  1.4e-218  717.0  10.9     3   448     1   451     1   452 0.97 -
4550at766_1248439_0:000037|OZ308468.1:1031449-1032799 -            451 4550                 -            454  2.2e-218  716.4  11.1   1   1  2.4e-218  2.4e-218  716.2  11.1     3   447     1   450     1   451 0.97 -
4550at766_1802984_0:0001ac|OZ308468.1:1031455-1032808 -            452 4550                 -            454    5e-218  715.2  10.9   1   1  5.6e-218  5.6e-218  715.0  10.9     1   446     2   452     2   452 0.97 -
4550at766_272947_0:000050|OZ308468.1:1031443-1032787  -            449 4550                 -            454  6.3e-216  708.3  11.7   1   1    7e-216    7e-216  708.1  11.7     7   449     1   448     1   449 0.97 -
#
# Program:         hmmsearch
# Version:         3.4 (Aug 2023)
# Pipeline mode:   SEARCH
# Query file:      /Users/rossoaa/Desktop/dummy/genomes/records/compleasm/mb_downloads/rickettsiales_odb12/hmms/4550at766.hmm
# Target file:     -
# Option settings: /Users/rossoaa/miniconda3/envs/compleasm_env/bin/hmmsearch --domtblout /Users/rossoaa/Desktop/dummy/genomes/records/compleasm/rickettsiales_odb12/hmmer_output/4550at766.out --cpu 1 /Users/rossoaa/Desktop/dummy/genomes/records/compleasm/mb_downloads/rickettsiales_odb12/hmms/4550at766.hmm - 
# Current dir:     /Users/rossoaa/Desktop/dummy/genomes/records/compleasm
# Date:            Tue Feb 10 10:20:22 2026
# [ok]
