#                                                                                                             --- full sequence --- -------------- this domain -------------   hmm coord   ali coord   env coord
# target name                                         accession   tlen query name           accession   qlen   E-value  score  bias   #  of  c-Evalue  i-Evalue  score  bias  from    to  from    to  from    to  acc description of target
#                                 ------------------- ---------- ----- -------------------- ---------- ----- --------- ------ ----- --- --- --------- --------- ------ ----- ----- ----- ----- ----- ----- ----- ---- ---------------------
4590at766_142058_0:000130|OZ308468.1:1091526-1092396  -            291 4590                 -            262   3.2e-96  311.9   5.8   1   1   1.2e-95   1.2e-95  310.1   5.8     1   261     1   287     1   288 0.89 -
4590at766_1248439_0:0002d6|OZ308468.1:1091526-1092405 -            293 4590                 -            262   3.5e-96  311.8   5.9   1   1   1.3e-95   1.3e-95  310.0   5.9     1   261     1   287     1   288 0.89 -
4590at766_1392507_0:00020a|OZ308468.1:1091526-1092405 -            293 4590                 -            262   3.5e-96  311.8   5.9   1   1   1.3e-95   1.3e-95  310.0   5.9     1   261     1   287     1   288 0.89 -
4590at766_574556_0:000002|OZ308468.1:1091526-1092405  -            293 4590                 -            262   3.5e-96  311.8   5.9   1   1   1.3e-95   1.3e-95  310.0   5.9     1   261     1   287     1   288 0.89 -
4590at766_1242993_0:00002d|OZ308468.1:1091502-1092387 -            296 4590                 -            262   3.7e-96  311.7   5.9   1   1   1.3e-95   1.3e-95  309.9   5.9     1   261     9   295     9   296 0.89 -
4590at766_779_0:0000fa|OZ308468.1:1091502-1092387     -            296 4590                 -            262   3.7e-96  311.7   5.9   1   1   1.3e-95   1.3e-95  309.9   5.9     1   261     9   295     9   296 0.89 -
4590at766_2486577_0:000249|OZ308468.1:1091505-1092405 -            300 4590                 -            262   3.9e-96  311.7   5.9   1   1   1.4e-95   1.4e-95  309.8   5.9     1   261     8   294     8   295 0.89 -
4590at766_1714371_0:000298|OZ308468.1:1091496-1092396 -            301 4590                 -            262     4e-96  311.6   5.9   1   1   1.4e-95   1.4e-95  309.8   5.9     1   261    11   297    11   298 0.89 -
4590at766_1423892_0:0001e4|OZ308468.1:1091487-1092387 -            301 4590                 -            262     4e-96  311.6   5.9   1   1   1.4e-95   1.4e-95  309.8   5.9     1   261    14   300    14   301 0.89 -
4590at766_391036_0:000225|OZ308468.1:1091487-1092387  -            301 4590                 -            262     4e-96  311.6   5.9   1   1   1.4e-95   1.4e-95  309.8   5.9     1   261    14   300    14   301 0.89 -
4590at766_955_0:0000bc|OZ308468.1:1091496-1092399     -            302 4590                 -            262     4e-96  311.6   5.9   1   1   1.4e-95   1.4e-95  309.8   5.9     1   261    11   297    11   298 0.89 -
4590at766_1359163_0:0001e4|OZ308468.1:1091499-1092405 -            302 4590                 -            262     4e-96  311.6   5.9   1   1   1.4e-95   1.4e-95  309.8   5.9     1   261    10   296    10   297 0.89 -
4590at766_205920_0:00014c|OZ308468.1:1091140-1092396  -            304 4590                 -            262   4.1e-96  311.6   5.8   1   1   1.5e-95   1.5e-95  309.8   5.8     1   261    14   300    14   301 0.89 -
4590at766_1605993_0:00016b|OZ308468.1:1091484-1092405 -            307 4590                 -            262   4.3e-96  311.5   5.8   1   1   1.5e-95   1.5e-95  309.7   5.8     1   261    15   301    15   302 0.89 -
4590at766_169402_0:000348|OZ308468.1:1091484-1092402  -            307 4590                 -            262   4.3e-96  311.5   5.8   1   1   1.5e-95   1.5e-95  309.7   5.8     1   261    15   301    15   302 0.89 -
4590at766_1961830_0:00046e|OZ308468.1:1091529-1092372 -            282 4590                 -            262   1.5e-94  306.5   5.6   1   1   5.6e-94   5.6e-94  304.6   5.6     2   257     1   282     1   282 0.89 -
4590at766_96496_0:0001e5|OZ308468.1:1091736-1092396   -            221 4590                 -            262   4.5e-77  249.2   2.6   1   1     2e-76     2e-76  247.1   2.6    68   261     2   217     1   218 0.88 -
4590at766_752179_0:000146|OZ308468.1:520791-521727    -            313 4590                 -            262   1.8e-46  148.9   7.3   1   1   9.2e-46   9.2e-46  146.5   7.3     2   240    14   268    13   307 0.78 -
4590at766_334380_0:0004b6|OZ308468.1:520971-521664    -            232 4590                 -            262     1e-43  139.9   4.0   1   1   3.8e-43   3.8e-43  138.0   4.0    65   224    54   232     1   232 0.71 -
#
# Program:         hmmsearch
# Version:         3.4 (Aug 2023)
# Pipeline mode:   SEARCH
# Query file:      /Users/rossoaa/Desktop/dummy/genomes/records/compleasm/mb_downloads/rickettsiales_odb12/hmms/4590at766.hmm
# Target file:     -
# Option settings: /Users/rossoaa/miniconda3/envs/compleasm_env/bin/hmmsearch --domtblout /Users/rossoaa/Desktop/dummy/genomes/records/compleasm/rickettsiales_odb12/hmmer_output/4590at766.out --cpu 1 /Users/rossoaa/Desktop/dummy/genomes/records/compleasm/mb_downloads/rickettsiales_odb12/hmms/4590at766.hmm - 
# Current dir:     /Users/rossoaa/Desktop/dummy/genomes/records/compleasm
# Date:            Tue Feb 10 10:20:23 2026
# [ok]
