#                                                                                                           --- full sequence --- -------------- this domain -------------   hmm coord   ali coord   env coord
# target name                                       accession   tlen query name           accession   qlen   E-value  score  bias   #  of  c-Evalue  i-Evalue  score  bias  from    to  from    to  from    to  acc description of target
#                               ------------------- ---------- ----- -------------------- ---------- ----- --------- ------ ----- --- --- --------- --------- ------ ----- ----- ----- ----- ----- ----- ----- ---- ---------------------
4592at766_1242993_0:000210|OZ308468.1:682606-685117 -            838 4592                 -            777         0 1143.5  23.4   1   1         0         0 1137.5  23.4     1   777     2   837     2   837 0.91 -
4592at766_205920_0:000140|OZ308468.1:682606-685117  -            838 4592                 -            777         0 1143.5  23.4   1   1         0         0 1137.5  23.4     1   777     2   837     2   837 0.91 -
4592at766_391036_0:0000ad|OZ308468.1:682606-685117  -            838 4592                 -            777         0 1143.5  23.4   1   1         0         0 1137.5  23.4     1   777     2   837     2   837 0.91 -
4592at766_1274402_0:000248|OZ308468.1:682603-685117 -            839 4592                 -            777         0 1143.5  23.4   1   1         0         0 1137.5  23.4     1   777     3   838     3   838 0.91 -
4592at766_1359163_0:0000be|OZ308468.1:682603-685117 -            839 4592                 -            777         0 1143.5  23.4   1   1         0         0 1137.5  23.4     1   777     3   838     3   838 0.91 -
4592at766_2486578_0:000481|OZ308468.1:682603-685117 -            839 4592                 -            777         0 1143.5  23.4   1   1         0         0 1137.5  23.4     1   777     3   838     3   838 0.91 -
4592at766_2486577_0:000156|OZ308468.1:682609-685117 -            837 4592                 -            777         0 1143.5  23.4   1   1         0         0 1137.5  23.4     1   777     1   836     1   836 0.91 -
4592at766_2602574_0:0000bd|OZ308468.1:682609-685117 -            837 4592                 -            777         0 1143.5  23.4   1   1         0         0 1137.5  23.4     1   777     1   836     1   836 0.91 -
4592at766_1248439_0:00032b|OZ308468.1:682606-685120 -            839 4592                 -            777         0 1143.5  23.4   1   1         0         0 1137.5  23.4     1   777     2   837     2   837 0.91 -
4592at766_574556_0:000076|OZ308468.1:682606-685120  -            839 4592                 -            777         0 1143.5  23.4   1   1         0         0 1137.5  23.4     1   777     2   837     2   837 0.91 -
4592at766_779_0:000270|OZ308468.1:682606-685120     -            839 4592                 -            777         0 1143.5  23.4   1   1         0         0 1137.5  23.4     1   777     2   837     2   837 0.91 -
4592at766_2115978_0:0003c7|OZ308468.1:682600-685117 -            840 4592                 -            777         0 1143.5  23.4   1   1         0         0 1137.5  23.4     1   777     4   839     4   839 0.91 -
4592at766_1286528_0:000187|OZ308468.1:682603-685120 -            840 4592                 -            777         0 1143.5  23.4   1   1         0         0 1137.5  23.4     1   777     3   838     3   838 0.91 -
4592at766_1714371_0:0002a5|OZ308468.1:682603-685120 -            840 4592                 -            777         0 1143.5  23.4   1   1         0         0 1137.5  23.4     1   777     3   838     3   838 0.91 -
4592at766_222891_0:0001af|OZ308468.1:682603-685120  -            840 4592                 -            777         0 1143.5  23.4   1   1         0         0 1137.5  23.4     1   777     3   838     3   838 0.91 -
4592at766_434131_0:000143|OZ308468.1:682603-685120  -            840 4592                 -            777         0 1143.5  23.4   1   1         0         0 1137.5  23.4     1   777     3   838     3   838 0.91 -
4592at766_1105107_0:000364|OZ308468.1:682597-685117 -            841 4592                 -            777         0 1143.5  23.4   1   1         0         0 1137.5  23.4     1   777     5   840     5   840 0.91 -
4592at766_1528098_0:000289|OZ308468.1:682597-685117 -            841 4592                 -            777         0 1143.5  23.4   1   1         0         0 1137.5  23.4     1   777     5   840     5   840 0.91 -
4592at766_1961830_0:0004cd|OZ308468.1:682597-685117 -            841 4592                 -            777         0 1143.5  23.4   1   1         0         0 1137.5  23.4     1   777     5   840     5   840 0.91 -
4592at766_272947_0:000028|OZ308468.1:682597-685117  -            841 4592                 -            777         0 1143.5  23.4   1   1         0         0 1137.5  23.4     1   777     5   840     5   840 0.91 -
4592at766_336407_0:000338|OZ308468.1:682597-685117  -            841 4592                 -            777         0 1143.5  23.4   1   1         0         0 1137.5  23.4     1   777     5   840     5   840 0.91 -
4592at766_481009_0:000307|OZ308468.1:682597-685117  -            841 4592                 -            777         0 1143.5  23.4   1   1         0         0 1137.5  23.4     1   777     5   840     5   840 0.91 -
4592at766_86105_0:000690|OZ308468.1:682606-685123   -            840 4592                 -            777         0 1143.5  23.4   1   1         0         0 1137.5  23.4     1   777     2   837     2   837 0.91 -
4592at766_1392507_0:00022e|OZ308468.1:682600-685120 -            841 4592                 -            777         0 1143.5  23.4   1   1         0         0 1137.5  23.4     1   777     4   839     4   839 0.91 -
4592at766_246273_0:000142|OZ308468.1:682600-685120  -            841 4592                 -            777         0 1143.5  23.4   1   1         0         0 1137.5  23.4     1   777     4   839     4   839 0.91 -
4592at766_96496_0:00019e|OZ308468.1:682600-685120   -            841 4592                 -            777         0 1143.5  23.4   1   1         0         0 1137.5  23.4     1   777     4   839     4   839 0.91 -
4592at766_142058_0:000276|OZ308468.1:682597-685120  -            842 4592                 -            777         0 1143.5  23.4   1   1         0         0 1137.5  23.4     1   777     5   840     5   840 0.91 -
4592at766_334380_0:000047|OZ308468.1:682597-685120  -            842 4592                 -            777         0 1143.5  23.4   1   1         0         0 1137.5  23.4     1   777     5   840     5   840 0.91 -
4592at766_1605993_0:000001|OZ308468.1:682600-685126 -            842 4592                 -            777         0 1143.5  23.4   1   1         0         0 1137.5  23.4     1   777     4   839     4   839 0.91 -
4592at766_169402_0:0004a4|OZ308468.1:682600-685126  -            842 4592                 -            777         0 1143.5  23.4   1   1         0         0 1137.5  23.4     1   777     4   839     4   839 0.91 -
4592at766_955_0:00022f|OZ308468.1:682600-685123     -            842 4592                 -            777         0 1143.5  23.4   1   1         0         0 1137.5  23.4     1   777     4   839     4   839 0.91 -
4592at766_1359168_0:0001af|OZ308468.1:682591-685120 -            844 4592                 -            777         0 1143.4  23.4   1   1         0         0 1137.5  23.4     1   777     7   842     7   842 0.91 -
4592at766_696127_0:0001f4|OZ308468.1:682621-685117  -            833 4592                 -            777         0 1138.7  23.1   1   1         0         0 1132.8  23.1     5   777     1   832     1   832 0.91 -
#
# Program:         hmmsearch
# Version:         3.4 (Aug 2023)
# Pipeline mode:   SEARCH
# Query file:      /Users/rossoaa/Desktop/dummy/genomes/records/compleasm/mb_downloads/rickettsiales_odb12/hmms/4592at766.hmm
# Target file:     -
# Option settings: /Users/rossoaa/miniconda3/envs/compleasm_env/bin/hmmsearch --domtblout /Users/rossoaa/Desktop/dummy/genomes/records/compleasm/rickettsiales_odb12/hmmer_output/4592at766.out --cpu 1 /Users/rossoaa/Desktop/dummy/genomes/records/compleasm/mb_downloads/rickettsiales_odb12/hmms/4592at766.hmm - 
# Current dir:     /Users/rossoaa/Desktop/dummy/genomes/records/compleasm
# Date:            Tue Feb 10 10:20:22 2026
# [ok]
