#                                                                                                           --- full sequence --- -------------- this domain -------------   hmm coord   ali coord   env coord
# target name                                       accession   tlen query name           accession   qlen   E-value  score  bias   #  of  c-Evalue  i-Evalue  score  bias  from    to  from    to  from    to  acc description of target
#                               ------------------- ---------- ----- -------------------- ---------- ----- --------- ------ ----- --- --- --------- --------- ------ ----- ----- ----- ----- ----- ----- ----- ---- ---------------------
4596at766_1286528_0:0002e1|OZ308468.1:728091-728400 -            104 4596                 -            103     1e-48  154.3   0.4   1   1   1.1e-48   1.1e-48  154.2   0.4     1   102     1   102     1   103 0.98 -
4596at766_1714371_0:000266|OZ308468.1:728091-728400 -            104 4596                 -            103     1e-48  154.3   0.4   1   1   1.1e-48   1.1e-48  154.2   0.4     1   102     1   102     1   103 0.98 -
4596at766_1105107_0:0000a9|OZ308468.1:728088-728403 -            106 4596                 -            103   1.1e-48  154.2   0.4   1   1   1.2e-48   1.2e-48  154.1   0.4     1   102     2   103     2   104 0.98 -
4596at766_1605993_0:0001f2|OZ308468.1:728088-728406 -            106 4596                 -            103   1.1e-48  154.2   0.4   1   1   1.2e-48   1.2e-48  154.1   0.4     1   102     2   103     2   104 0.98 -
4596at766_169402_0:0003be|OZ308468.1:728088-728406  -            106 4596                 -            103   1.1e-48  154.2   0.4   1   1   1.2e-48   1.2e-48  154.1   0.4     1   102     2   103     2   104 0.98 -
4596at766_272947_0:000201|OZ308468.1:728088-728403  -            106 4596                 -            103   1.1e-48  154.2   0.4   1   1   1.2e-48   1.2e-48  154.1   0.4     1   102     2   103     2   104 0.98 -
4596at766_481009_0:0004ce|OZ308468.1:728088-728403  -            106 4596                 -            103   1.1e-48  154.2   0.4   1   1   1.2e-48   1.2e-48  154.1   0.4     1   102     2   103     2   104 0.98 -
4596at766_1961830_0:000097|OZ308468.1:728082-728403 -            108 4596                 -            103   1.2e-48  154.1   0.4   1   1   1.3e-48   1.3e-48  153.9   0.4     1   102     4   105     4   106 0.98 -
4596at766_96496_0:00006c|OZ308468.1:728079-728419   -            113 4596                 -            103   1.4e-48  153.9   0.4   1   1   1.6e-48   1.6e-48  153.7   0.4     1   102     5   106     5   107 0.98 -
4596at766_955_0:0001bd|OZ308468.1:728088-728394     -            103 4596                 -            103   1.6e-48  153.7   0.3   1   1   1.7e-48   1.7e-48  153.6   0.3     1   101     2   102     2   103 0.99 -
4596at766_2115978_0:00036a|OZ308468.1:728082-728394 -            105 4596                 -            103   1.7e-48  153.6   0.3   1   1   1.9e-48   1.9e-48  153.5   0.3     1   101     4   104     4   105 0.99 -
4596at766_2602574_0:00020b|OZ308468.1:728082-728394 -            105 4596                 -            103   1.7e-48  153.6   0.3   1   1   1.9e-48   1.9e-48  153.5   0.3     1   101     4   104     4   105 0.99 -
4596at766_696127_0:0003f8|OZ308468.1:728088-728391  -            102 4596                 -            103   3.1e-48  152.7   0.3   1   1   3.5e-48   3.5e-48  152.6   0.3     1   101     2   102     2   102 0.99 -
4596at766_1248439_0:00021f|OZ308468.1:728085-728391 -            103 4596                 -            103   3.2e-48  152.7   0.3   1   1   3.6e-48   3.6e-48  152.5   0.3     1   101     3   103     3   103 0.99 -
4596at766_1359163_0:00037d|OZ308468.1:728085-728391 -            103 4596                 -            103   3.2e-48  152.7   0.3   1   1   3.6e-48   3.6e-48  152.5   0.3     1   101     3   103     3   103 0.99 -
4596at766_1392507_0:000124|OZ308468.1:728085-728391 -            103 4596                 -            103   3.2e-48  152.7   0.3   1   1   3.6e-48   3.6e-48  152.5   0.3     1   101     3   103     3   103 0.99 -
4596at766_1423892_0:0001fb|OZ308468.1:728085-728391 -            103 4596                 -            103   3.2e-48  152.7   0.3   1   1   3.6e-48   3.6e-48  152.5   0.3     1   101     3   103     3   103 0.99 -
4596at766_1528098_0:000309|OZ308468.1:728085-728391 -            103 4596                 -            103   3.2e-48  152.7   0.3   1   1   3.6e-48   3.6e-48  152.5   0.3     1   101     3   103     3   103 0.99 -
4596at766_779_0:000149|OZ308468.1:728085-728391     -            103 4596                 -            103   3.2e-48  152.7   0.3   1   1   3.6e-48   3.6e-48  152.5   0.3     1   101     3   103     3   103 0.99 -
4596at766_2486577_0:000140|OZ308468.1:728082-728391 -            104 4596                 -            103   3.3e-48  152.6   0.3   1   1   3.7e-48   3.7e-48  152.5   0.3     1   101     4   104     4   104 0.99 -
4596at766_1359168_0:00018a|OZ308468.1:728085-728388 -            102 4596                 -            103     7e-48  151.6   0.2   1   1   7.8e-48   7.8e-48  151.5   0.2     1   100     3   102     3   102 0.99 -
4596at766_334380_0:0004a8|OZ308468.1:728085-728388  -            102 4596                 -            103     7e-48  151.6   0.2   1   1   7.8e-48   7.8e-48  151.5   0.2     1   100     3   102     3   102 0.99 -
4596at766_1802984_0:000278|OZ308468.1:728100-728388 -             97 4596                 -            103   1.1e-46  147.7   0.2   1   1   1.2e-46   1.2e-46  147.6   0.2     4   100     1    97     1    97 0.99 -
4596at766_246273_0:000126|OZ308468.1:728163-728400  -             80 4596                 -            103   9.2e-38  119.1   0.2   1   1   9.9e-38   9.9e-38  119.0   0.2    26   102     2    78     1    79 0.97 -
#
# Program:         hmmsearch
# Version:         3.4 (Aug 2023)
# Pipeline mode:   SEARCH
# Query file:      /Users/rossoaa/Desktop/dummy/genomes/records/compleasm/mb_downloads/rickettsiales_odb12/hmms/4596at766.hmm
# Target file:     -
# Option settings: /Users/rossoaa/miniconda3/envs/compleasm_env/bin/hmmsearch --domtblout /Users/rossoaa/Desktop/dummy/genomes/records/compleasm/rickettsiales_odb12/hmmer_output/4596at766.out --cpu 1 /Users/rossoaa/Desktop/dummy/genomes/records/compleasm/mb_downloads/rickettsiales_odb12/hmms/4596at766.hmm - 
# Current dir:     /Users/rossoaa/Desktop/dummy/genomes/records/compleasm
# Date:            Tue Feb 10 10:20:23 2026
# [ok]
