#                                                                                                           --- full sequence --- -------------- this domain -------------   hmm coord   ali coord   env coord
# target name                                       accession   tlen query name           accession   qlen   E-value  score  bias   #  of  c-Evalue  i-Evalue  score  bias  from    to  from    to  from    to  acc description of target
#                               ------------------- ---------- ----- -------------------- ---------- ----- --------- ------ ----- --- --- --------- --------- ------ ----- ----- ----- ----- ----- ----- ----- ---- ---------------------
4604at766_169402_0:000451|OZ308468.1:146746-147925  -            393 4604                 -            352  1.9e-180  590.3  20.9   1   2  1.1e-177  1.1e-177  581.2  19.0     2   331     3   347     2   360 0.94 -
4604at766_169402_0:000451|OZ308468.1:146746-147925  -            393 4604                 -            352  1.9e-180  590.3  20.9   2   2     0.008     0.008    6.1   0.0   324   352   363   392   354   392 0.69 -
4604at766_1242993_0:000226|OZ308468.1:146743-147922 -            394 4604                 -            352  1.9e-180  590.3  20.9   1   2  1.1e-177  1.1e-177  581.2  19.0     2   331     4   348     3   361 0.94 -
4604at766_1242993_0:000226|OZ308468.1:146743-147922 -            394 4604                 -            352  1.9e-180  590.3  20.9   2   2     0.008     0.008    6.0   0.0   324   352   364   393   355   393 0.69 -
4604at766_1248439_0:00024f|OZ308468.1:146743-147925 -            394 4604                 -            352  1.9e-180  590.3  20.9   1   2  1.1e-177  1.1e-177  581.2  19.0     2   331     4   348     3   361 0.94 -
4604at766_1248439_0:00024f|OZ308468.1:146743-147925 -            394 4604                 -            352  1.9e-180  590.3  20.9   2   2     0.008     0.008    6.0   0.0   324   352   364   393   355   393 0.69 -
4604at766_1286528_0:0001cd|OZ308468.1:146743-147925 -            394 4604                 -            352  1.9e-180  590.3  20.9   1   2  1.1e-177  1.1e-177  581.2  19.0     2   331     4   348     3   361 0.94 -
4604at766_1286528_0:0001cd|OZ308468.1:146743-147925 -            394 4604                 -            352  1.9e-180  590.3  20.9   2   2     0.008     0.008    6.0   0.0   324   352   364   393   355   393 0.69 -
4604at766_1392507_0:00024f|OZ308468.1:146743-147922 -            394 4604                 -            352  1.9e-180  590.3  20.9   1   2  1.1e-177  1.1e-177  581.2  19.0     2   331     4   348     3   361 0.94 -
4604at766_1392507_0:00024f|OZ308468.1:146743-147922 -            394 4604                 -            352  1.9e-180  590.3  20.9   2   2     0.008     0.008    6.0   0.0   324   352   364   393   355   393 0.69 -
4604at766_142058_0:0002ce|OZ308468.1:146743-147925  -            394 4604                 -            352  1.9e-180  590.3  20.9   1   2  1.1e-177  1.1e-177  581.2  19.0     2   331     4   348     3   361 0.94 -
4604at766_142058_0:0002ce|OZ308468.1:146743-147925  -            394 4604                 -            352  1.9e-180  590.3  20.9   2   2     0.008     0.008    6.0   0.0   324   352   364   393   355   393 0.69 -
4604at766_1423892_0:000121|OZ308468.1:146743-147922 -            394 4604                 -            352  1.9e-180  590.3  20.9   1   2  1.1e-177  1.1e-177  581.2  19.0     2   331     4   348     3   361 0.94 -
4604at766_1423892_0:000121|OZ308468.1:146743-147922 -            394 4604                 -            352  1.9e-180  590.3  20.9   2   2     0.008     0.008    6.0   0.0   324   352   364   393   355   393 0.69 -
4604at766_1605993_0:00021e|OZ308468.1:146743-147925 -            394 4604                 -            352  1.9e-180  590.3  20.9   1   2  1.1e-177  1.1e-177  581.2  19.0     2   331     4   348     3   361 0.94 -
4604at766_1605993_0:00021e|OZ308468.1:146743-147925 -            394 4604                 -            352  1.9e-180  590.3  20.9   2   2     0.008     0.008    6.0   0.0   324   352   364   393   355   393 0.69 -
4604at766_1714371_0:0001f3|OZ308468.1:146743-147925 -            394 4604                 -            352  1.9e-180  590.3  20.9   1   2  1.1e-177  1.1e-177  581.2  19.0     2   331     4   348     3   361 0.94 -
4604at766_1714371_0:0001f3|OZ308468.1:146743-147925 -            394 4604                 -            352  1.9e-180  590.3  20.9   2   2     0.008     0.008    6.0   0.0   324   352   364   393   355   393 0.69 -
4604at766_205920_0:0000cd|OZ308468.1:146743-147922  -            394 4604                 -            352  1.9e-180  590.3  20.9   1   2  1.1e-177  1.1e-177  581.2  19.0     2   331     4   348     3   361 0.94 -
4604at766_205920_0:0000cd|OZ308468.1:146743-147922  -            394 4604                 -            352  1.9e-180  590.3  20.9   2   2     0.008     0.008    6.0   0.0   324   352   364   393   355   393 0.69 -
4604at766_246273_0:0002ae|OZ308468.1:146743-147925  -            394 4604                 -            352  1.9e-180  590.3  20.9   1   2  1.1e-177  1.1e-177  581.2  19.0     2   331     4   348     3   361 0.94 -
4604at766_246273_0:0002ae|OZ308468.1:146743-147925  -            394 4604                 -            352  1.9e-180  590.3  20.9   2   2     0.008     0.008    6.0   0.0   324   352   364   393   355   393 0.69 -
4604at766_434131_0:000122|OZ308468.1:146743-147925  -            394 4604                 -            352  1.9e-180  590.3  20.9   1   2  1.1e-177  1.1e-177  581.2  19.0     2   331     4   348     3   361 0.94 -
4604at766_434131_0:000122|OZ308468.1:146743-147925  -            394 4604                 -            352  1.9e-180  590.3  20.9   2   2     0.008     0.008    6.0   0.0   324   352   364   393   355   393 0.69 -
4604at766_779_0:0000f4|OZ308468.1:146743-147922     -            394 4604                 -            352  1.9e-180  590.3  20.9   1   2  1.1e-177  1.1e-177  581.2  19.0     2   331     4   348     3   361 0.94 -
4604at766_779_0:0000f4|OZ308468.1:146743-147922     -            394 4604                 -            352  1.9e-180  590.3  20.9   2   2     0.008     0.008    6.0   0.0   324   352   364   393   355   393 0.69 -
4604at766_96496_0:00026f|OZ308468.1:146743-147925   -            394 4604                 -            352  1.9e-180  590.3  20.9   1   2  1.1e-177  1.1e-177  581.2  19.0     2   331     4   348     3   361 0.94 -
4604at766_96496_0:00026f|OZ308468.1:146743-147925   -            394 4604                 -            352  1.9e-180  590.3  20.9   2   2     0.008     0.008    6.0   0.0   324   352   364   393   355   393 0.69 -
4604at766_1105107_0:000362|OZ308468.1:146743-147910 -            390 4604                 -            352  6.2e-179  585.3  20.1   1   1  1.9e-177  1.9e-177  580.4  20.1     2   331     4   348     3   390 0.94 -
4604at766_481009_0:00027b|OZ308468.1:146743-147910  -            390 4604                 -            352  6.2e-179  585.3  20.1   1   1  1.9e-177  1.9e-177  580.4  20.1     2   331     4   348     3   390 0.94 -
4604at766_1359168_0:000046|OZ308468.1:146743-147874 -            378 4604                 -            352    7e-179  585.1  18.9   1   1  9.2e-178  9.2e-178  581.4  18.9     2   331     4   348     3   360 0.94 -
4604at766_2486578_0:00052e|OZ308468.1:146743-147874 -            378 4604                 -            352    7e-179  585.1  18.9   1   1  9.2e-178  9.2e-178  581.4  18.9     2   331     4   348     3   360 0.94 -
4604at766_1528098_0:00053f|OZ308468.1:146743-147904 -            388 4604                 -            352    7e-179  585.1  18.9   1   1  9.7e-178  9.7e-178  581.4  18.9     2   331     4   348     3   361 0.94 -
4604at766_2602574_0:00010b|OZ308468.1:146743-147790 -            350 4604                 -            352  1.1e-178  584.5  19.2   1   1  1.4e-177  1.4e-177  580.8  19.2     2   327     4   344     3   350 0.94 -
4604at766_334380_0:000385|OZ308468.1:146743-147790  -            350 4604                 -            352  1.1e-178  584.5  19.2   1   1  1.4e-177  1.4e-177  580.8  19.2     2   327     4   344     3   350 0.94 -
4604at766_2115978_0:000106|OZ308468.1:146749-147793 -            349 4604                 -            352  1.2e-178  584.3  19.5   1   1  1.5e-177  1.5e-177  580.7  19.5     2   327     2   342     1   349 0.94 -
4604at766_696127_0:0001ae|OZ308468.1:146743-147793  -            351 4604                 -            352  1.2e-178  584.3  19.5   1   1  1.6e-177  1.6e-177  580.7  19.5     2   327     4   344     3   351 0.94 -
4604at766_752179_0:000061|OZ308468.1:146752-147775  -            342 4604                 -            352  5.6e-178  582.1  20.0   1   1  7.4e-177  7.4e-177  578.5  20.0     3   325     2   339     1   342 0.95 -
4604at766_336407_0:0004f4|OZ308468.1:146749-147742  -            332 4604                 -            352  3.3e-177  579.6  19.7   1   1  4.5e-176  4.5e-176  575.9  19.7     2   316     2   331     1   332 0.95 -
4604at766_1359163_0:0000f0|OZ308468.1:146743-147742 -            334 4604                 -            352  3.4e-177  579.6  19.7   1   1  4.6e-176  4.6e-176  575.8  19.7     2   316     4   333     3   334 0.95 -
4604at766_1961830_0:00001d|OZ308468.1:146743-147742 -            334 4604                 -            352  3.4e-177  579.6  19.7   1   1  4.6e-176  4.6e-176  575.8  19.7     2   316     4   333     3   334 0.95 -
4604at766_2486577_0:000257|OZ308468.1:146743-147742 -            334 4604                 -            352  3.4e-177  579.6  19.7   1   1  4.6e-176  4.6e-176  575.8  19.7     2   316     4   333     3   334 0.95 -
4604at766_272947_0:000248|OZ308468.1:146743-147742  -            334 4604                 -            352  3.4e-177  579.6  19.7   1   1  4.6e-176  4.6e-176  575.8  19.7     2   316     4   333     3   334 0.95 -
4604at766_86105_0:000677|OZ308468.1:146743-147742   -            334 4604                 -            352  3.4e-177  579.6  19.7   1   1  4.6e-176  4.6e-176  575.8  19.7     2   316     4   333     3   334 0.95 -
4604at766_1274402_0:0003bc|OZ308468.1:146779-147742 -            322 4604                 -            352    1e-174  571.4  23.2   1   1  1.4e-173  1.4e-173  567.7  23.2    11   316     1   321     1   322 0.96 -
4604at766_955_0:0002af|OZ308468.1:147226-147925     -            233 4604                 -            352  3.4e-104  339.4   7.5   1   1  8.6e-102  8.6e-102  331.6   7.5   145   331     1   187     1   232 0.91 -
#
# Program:         hmmsearch
# Version:         3.4 (Aug 2023)
# Pipeline mode:   SEARCH
# Query file:      /Users/rossoaa/Desktop/dummy/genomes/records/compleasm/mb_downloads/rickettsiales_odb12/hmms/4604at766.hmm
# Target file:     -
# Option settings: /Users/rossoaa/miniconda3/envs/compleasm_env/bin/hmmsearch --domtblout /Users/rossoaa/Desktop/dummy/genomes/records/compleasm/rickettsiales_odb12/hmmer_output/4604at766.out --cpu 1 /Users/rossoaa/Desktop/dummy/genomes/records/compleasm/mb_downloads/rickettsiales_odb12/hmms/4604at766.hmm - 
# Current dir:     /Users/rossoaa/Desktop/dummy/genomes/records/compleasm
# Date:            Tue Feb 10 10:20:21 2026
# [ok]
