#                                                                                                           --- full sequence --- -------------- this domain -------------   hmm coord   ali coord   env coord
# target name                                       accession   tlen query name           accession   qlen   E-value  score  bias   #  of  c-Evalue  i-Evalue  score  bias  from    to  from    to  from    to  acc description of target
#                               ------------------- ---------- ----- -------------------- ---------- ----- --------- ------ ----- --- --- --------- --------- ------ ----- ----- ----- ----- ----- ----- ----- ---- ---------------------
4716at766_1242993_0:0000d2|OZ308468.1:102722-102920 -             66 4716                 -             66   2.2e-39  123.6   6.4   1   1   2.3e-39   2.3e-39  123.5   6.4     2    66     2    66     1    66 0.98 -
4716at766_1359163_0:000277|OZ308468.1:102722-102920 -             66 4716                 -             66   2.2e-39  123.6   6.4   1   1   2.3e-39   2.3e-39  123.5   6.4     2    66     2    66     1    66 0.98 -
4716at766_1423892_0:00021d|OZ308468.1:102722-102920 -             66 4716                 -             66   2.2e-39  123.6   6.4   1   1   2.3e-39   2.3e-39  123.5   6.4     2    66     2    66     1    66 0.98 -
4716at766_1528098_0:00037c|OZ308468.1:102722-102920 -             66 4716                 -             66   2.2e-39  123.6   6.4   1   1   2.3e-39   2.3e-39  123.5   6.4     2    66     2    66     1    66 0.98 -
4716at766_391036_0:000202|OZ308468.1:102722-102920  -             66 4716                 -             66   2.2e-39  123.6   6.4   1   1   2.3e-39   2.3e-39  123.5   6.4     2    66     2    66     1    66 0.98 -
4716at766_752179_0:000265|OZ308468.1:102722-102920  -             66 4716                 -             66   2.2e-39  123.6   6.4   1   1   2.3e-39   2.3e-39  123.5   6.4     2    66     2    66     1    66 0.98 -
4716at766_779_0:00022d|OZ308468.1:102722-102920     -             66 4716                 -             66   2.2e-39  123.6   6.4   1   1   2.3e-39   2.3e-39  123.5   6.4     2    66     2    66     1    66 0.98 -
4716at766_1605993_0:0000b8|OZ308468.1:102716-102920 -             68 4716                 -             66   2.3e-39  123.6   6.4   1   1   2.6e-39   2.6e-39  123.4   6.4     2    66     4    68     3    68 0.98 -
4716at766_169402_0:0000e2|OZ308468.1:102716-102920  -             68 4716                 -             66   2.3e-39  123.6   6.4   1   1   2.6e-39   2.6e-39  123.4   6.4     2    66     4    68     3    68 0.98 -
4716at766_246273_0:000192|OZ308468.1:102716-102920  -             68 4716                 -             66   2.3e-39  123.6   6.4   1   1   2.6e-39   2.6e-39  123.4   6.4     2    66     4    68     3    68 0.98 -
4716at766_955_0:00009a|OZ308468.1:102716-102920     -             68 4716                 -             66   2.3e-39  123.6   6.4   1   1   2.6e-39   2.6e-39  123.4   6.4     2    66     4    68     3    68 0.98 -
4716at766_96496_0:000293|OZ308468.1:102716-102920   -             68 4716                 -             66   2.3e-39  123.6   6.4   1   1   2.6e-39   2.6e-39  123.4   6.4     2    66     4    68     3    68 0.98 -
4716at766_2486578_0:00035b|OZ308468.1:102722-102914 -             65 4716                 -             66   5.8e-39  122.3   6.8   1   1   6.3e-39   6.3e-39  122.2   6.8     2    65     2    65     1    65 0.98 -
#
# Program:         hmmsearch
# Version:         3.4 (Aug 2023)
# Pipeline mode:   SEARCH
# Query file:      /Users/rossoaa/Desktop/dummy/genomes/records/compleasm/mb_downloads/rickettsiales_odb12/hmms/4716at766.hmm
# Target file:     -
# Option settings: /Users/rossoaa/miniconda3/envs/compleasm_env/bin/hmmsearch --domtblout /Users/rossoaa/Desktop/dummy/genomes/records/compleasm/rickettsiales_odb12/hmmer_output/4716at766.out --cpu 1 /Users/rossoaa/Desktop/dummy/genomes/records/compleasm/mb_downloads/rickettsiales_odb12/hmms/4716at766.hmm - 
# Current dir:     /Users/rossoaa/Desktop/dummy/genomes/records/compleasm
# Date:            Tue Feb 10 10:20:21 2026
# [ok]
