#                                                                                                             --- full sequence --- -------------- this domain -------------   hmm coord   ali coord   env coord
# target name                                         accession   tlen query name           accession   qlen   E-value  score  bias   #  of  c-Evalue  i-Evalue  score  bias  from    to  from    to  from    to  acc description of target
#                                 ------------------- ---------- ----- -------------------- ---------- ----- --------- ------ ----- --- --- --------- --------- ------ ----- ----- ----- ----- ----- ----- ----- ---- ---------------------
4747at766_1605993_0:0000bf|OZ308468.1:1064210-1065083 -            291 4747                 -            301  3.6e-123  401.5  15.3   1   1  3.9e-123  3.9e-123  401.4  15.3     1   295     1   287     1   291 0.98 -
4747at766_169402_0:000478|OZ308468.1:1064213-1065083  -            291 4747                 -            301  3.6e-123  401.5  15.3   1   1  3.9e-123  3.9e-123  401.4  15.3     1   295     1   287     1   291 0.98 -
4747at766_246273_0:000105|OZ308468.1:1064213-1065083  -            291 4747                 -            301  3.6e-123  401.5  15.3   1   1  3.9e-123  3.9e-123  401.4  15.3     1   295     1   287     1   291 0.98 -
4747at766_96496_0:00030f|OZ308468.1:1064210-1065083   -            291 4747                 -            301  3.6e-123  401.5  15.3   1   1  3.9e-123  3.9e-123  401.4  15.3     1   295     1   287     1   291 0.98 -
4747at766_955_0:00018b|OZ308468.1:1064234-1065080     -            283 4747                 -            301  2.6e-122  398.7  14.6   1   1  2.9e-122  2.9e-122  398.6  14.6     3   291     2   282     1   283 0.98 -
4747at766_2486577_0:000351|OZ308468.1:1064237-1065089 -            285 4747                 -            301  2.7e-122  398.7  15.2   1   1    3e-122    3e-122  398.5  15.2     1   291     3   285     3   285 0.98 -
4747at766_86105_0:00027c|OZ308468.1:1064237-1065089   -            285 4747                 -            301  2.7e-122  398.7  15.2   1   1    3e-122    3e-122  398.5  15.2     1   291     3   285     3   285 0.98 -
4747at766_1274402_0:0002e7|OZ308468.1:1064237-1065092 -            286 4747                 -            301  2.7e-122  398.6  15.2   1   1    3e-122    3e-122  398.5  15.2     1   291     4   286     4   286 0.98 -
4747at766_1359168_0:000220|OZ308468.1:1064237-1065092 -            286 4747                 -            301  2.7e-122  398.6  15.2   1   1    3e-122    3e-122  398.5  15.2     1   291     4   286     4   286 0.98 -
4747at766_334380_0:000479|OZ308468.1:1064237-1065092  -            286 4747                 -            301  2.7e-122  398.6  15.2   1   1    3e-122    3e-122  398.5  15.2     1   291     4   286     4   286 0.98 -
4747at766_779_0:000162|OZ308468.1:1064228-1065074     -            283 4747                 -            301  2.8e-122  398.6  13.5   1   1  3.2e-122  3.2e-122  398.4  13.5     4   292     1   281     1   283 0.98 -
4747at766_1105107_0:00010e|OZ308468.1:1064234-1065077 -            282 4747                 -            301  4.7e-122  397.9  14.6   1   1  5.2e-122  5.2e-122  397.7  14.6     3   291     1   281     1   282 0.98 -
4747at766_272947_0:0000b5|OZ308468.1:1064234-1065077  -            282 4747                 -            301  4.7e-122  397.9  14.6   1   1  5.2e-122  5.2e-122  397.7  14.6     3   291     1   281     1   282 0.98 -
4747at766_336407_0:000151|OZ308468.1:1064234-1065077  -            282 4747                 -            301  4.7e-122  397.9  14.6   1   1  5.2e-122  5.2e-122  397.7  14.6     3   291     1   281     1   282 0.98 -
4747at766_481009_0:000345|OZ308468.1:1064234-1065077  -            282 4747                 -            301  4.7e-122  397.9  14.6   1   1  5.2e-122  5.2e-122  397.7  14.6     3   291     1   281     1   282 0.98 -
4747at766_1286528_0:000124|OZ308468.1:1064240-1065089 -            284 4747                 -            301    5e-122  397.8  15.0   1   1  5.6e-122  5.6e-122  397.6  15.0     1   290     3   284     3   284 0.98 -
4747at766_1714371_0:000087|OZ308468.1:1064240-1065089 -            284 4747                 -            301    5e-122  397.8  15.0   1   1  5.6e-122  5.6e-122  397.6  15.0     1   290     3   284     3   284 0.98 -
4747at766_222891_0:0000b1|OZ308468.1:1064240-1065089  -            284 4747                 -            301    5e-122  397.8  15.0   1   1  5.6e-122  5.6e-122  397.6  15.0     1   290     3   284     3   284 0.98 -
4747at766_434131_0:0000a5|OZ308468.1:1064240-1065089  -            284 4747                 -            301    5e-122  397.8  15.0   1   1  5.6e-122  5.6e-122  397.6  15.0     1   290     3   284     3   284 0.98 -
4747at766_1528098_0:000259|OZ308468.1:1064237-1065080 -            282 4747                 -            301  5.8e-122  397.6  14.9   1   1  6.4e-122  6.4e-122  397.4  14.9     3   291     2   282     1   282 0.98 -
4747at766_1242993_0:00020c|OZ308468.1:1064234-1065074 -            281 4747                 -            301  7.3e-122  397.2  13.9   1   1  8.1e-122  8.1e-122  397.1  13.9     4   291     1   280     1   281 0.98 -
4747at766_1423892_0:0002bf|OZ308468.1:1064234-1065074 -            281 4747                 -            301  7.3e-122  397.2  13.9   1   1  8.1e-122  8.1e-122  397.1  13.9     4   291     1   280     1   281 0.98 -
4747at766_205920_0:0002b9|OZ308468.1:1064234-1065074  -            281 4747                 -            301  7.3e-122  397.2  13.9   1   1  8.1e-122  8.1e-122  397.1  13.9     4   291     1   280     1   281 0.98 -
4747at766_391036_0:000201|OZ308468.1:1064234-1065074  -            281 4747                 -            301  7.3e-122  397.2  13.9   1   1  8.1e-122  8.1e-122  397.1  13.9     4   291     1   280     1   281 0.98 -
4747at766_1961830_0:000238|OZ308468.1:1064237-1065077 -            281 4747                 -            301  1.1e-121  396.7  14.9   1   1  1.2e-121  1.2e-121  396.5  14.9     3   291     1   281     1   281 0.98 -
4747at766_2115978_0:000308|OZ308468.1:1064237-1065077 -            281 4747                 -            301  1.1e-121  396.7  14.9   1   1  1.2e-121  1.2e-121  396.5  14.9     3   291     1   281     1   281 0.98 -
4747at766_752179_0:0003dc|OZ308468.1:1064237-1065077  -            281 4747                 -            301  1.1e-121  396.7  14.9   1   1  1.2e-121  1.2e-121  396.5  14.9     3   291     1   281     1   281 0.98 -
4747at766_1802984_0:0002a4|OZ308468.1:1064210-1065068 -            286 4747                 -            301  1.1e-121  396.7  14.5   1   1  1.2e-121  1.2e-121  396.5  14.5     6   295     1   282     1   286 0.98 -
4747at766_696127_0:0000a0|OZ308468.1:1064234-1065071  -            280 4747                 -            301    2e-121  395.8  14.3   1   1  2.2e-121  2.2e-121  395.6  14.3     6   291     2   279     1   280 0.98 -
4747at766_1248439_0:00028a|OZ308468.1:1064249-1065083 -            279 4747                 -            301  2.7e-120  392.1  15.6   1   1    3e-120    3e-120  391.9  15.6     1   287     1   279     1   279 0.99 -
4747at766_1359163_0:0000ef|OZ308468.1:1064249-1065083 -            279 4747                 -            301  2.7e-120  392.1  15.6   1   1    3e-120    3e-120  391.9  15.6     1   287     1   279     1   279 0.99 -
4747at766_1392507_0:000050|OZ308468.1:1064249-1065083 -            279 4747                 -            301  2.7e-120  392.1  15.6   1   1    3e-120    3e-120  391.9  15.6     1   287     1   279     1   279 0.99 -
4747at766_142058_0:000281|OZ308468.1:1064249-1065083  -            279 4747                 -            301  2.7e-120  392.1  15.6   1   1    3e-120    3e-120  391.9  15.6     1   287     1   279     1   279 0.99 -
4747at766_574556_0:000040|OZ308468.1:1064249-1065083  -            279 4747                 -            301  2.7e-120  392.1  15.6   1   1    3e-120    3e-120  391.9  15.6     1   287     1   279     1   279 0.99 -
4747at766_2486578_0:00040d|OZ308468.1:1064237-1065056 -            274 4747                 -            301  3.7e-119  388.4  15.7   1   1  4.1e-119  4.1e-119  388.2  15.7    11   291     2   274     1   274 0.98 -
4747at766_2602574_0:000154|OZ308468.1:1064237-1065050 -            272 4747                 -            301  1.8e-118  386.1  16.0   1   1    2e-118    2e-118  385.9  16.0    12   291     1   272     1   272 0.98 -
#
# Program:         hmmsearch
# Version:         3.4 (Aug 2023)
# Pipeline mode:   SEARCH
# Query file:      /Users/rossoaa/Desktop/dummy/genomes/records/compleasm/mb_downloads/rickettsiales_odb12/hmms/4747at766.hmm
# Target file:     -
# Option settings: /Users/rossoaa/miniconda3/envs/compleasm_env/bin/hmmsearch --domtblout /Users/rossoaa/Desktop/dummy/genomes/records/compleasm/rickettsiales_odb12/hmmer_output/4747at766.out --cpu 1 /Users/rossoaa/Desktop/dummy/genomes/records/compleasm/mb_downloads/rickettsiales_odb12/hmms/4747at766.hmm - 
# Current dir:     /Users/rossoaa/Desktop/dummy/genomes/records/compleasm
# Date:            Tue Feb 10 10:20:24 2026
# [ok]
