#                                                                                                             --- full sequence --- -------------- this domain -------------   hmm coord   ali coord   env coord
# target name                                         accession   tlen query name           accession   qlen   E-value  score  bias   #  of  c-Evalue  i-Evalue  score  bias  from    to  from    to  from    to  acc description of target
#                                 ------------------- ---------- ----- -------------------- ---------- ----- --------- ------ ----- --- --- --------- --------- ------ ----- ----- ----- ----- ----- ----- ----- ---- ---------------------
4755at766_1248439_0:000205|OZ308468.1:1055760-1056129 -            124 4755                 -            122   1.3e-53  170.6   2.0   1   1   1.4e-53   1.4e-53  170.5   2.0     1   120     1   122     1   124 0.97 -
4755at766_1392507_0:000157|OZ308468.1:1055760-1056129 -            124 4755                 -            122   1.3e-53  170.6   2.0   1   1   1.4e-53   1.4e-53  170.5   2.0     1   120     1   122     1   124 0.97 -
4755at766_1423892_0:000134|OZ308468.1:1055760-1056132 -            124 4755                 -            122   1.3e-53  170.6   2.0   1   1   1.4e-53   1.4e-53  170.5   2.0     1   120     1   122     1   124 0.97 -
4755at766_1605993_0:00024b|OZ308468.1:1055760-1056132 -            124 4755                 -            122   1.3e-53  170.6   2.0   1   1   1.4e-53   1.4e-53  170.5   2.0     1   120     1   122     1   124 0.97 -
4755at766_205920_0:000220|OZ308468.1:1055760-1056132  -            124 4755                 -            122   1.3e-53  170.6   2.0   1   1   1.4e-53   1.4e-53  170.5   2.0     1   120     1   122     1   124 0.97 -
4755at766_2115978_0:00017c|OZ308468.1:1055760-1056129 -            124 4755                 -            122   1.3e-53  170.6   2.0   1   1   1.4e-53   1.4e-53  170.5   2.0     1   120     1   122     1   124 0.97 -
4755at766_246273_0:0000c7|OZ308468.1:1055760-1056129  -            124 4755                 -            122   1.3e-53  170.6   2.0   1   1   1.4e-53   1.4e-53  170.5   2.0     1   120     1   122     1   124 0.97 -
4755at766_2486578_0:0000ad|OZ308468.1:1055760-1056132 -            124 4755                 -            122   1.3e-53  170.6   2.0   1   1   1.4e-53   1.4e-53  170.5   2.0     1   120     1   122     1   124 0.97 -
4755at766_574556_0:0000ff|OZ308468.1:1055760-1056129  -            124 4755                 -            122   1.3e-53  170.6   2.0   1   1   1.4e-53   1.4e-53  170.5   2.0     1   120     1   122     1   124 0.97 -
4755at766_752179_0:00007a|OZ308468.1:1055760-1056129  -            124 4755                 -            122   1.3e-53  170.6   2.0   1   1   1.4e-53   1.4e-53  170.5   2.0     1   120     1   122     1   124 0.97 -
4755at766_96496_0:00023b|OZ308468.1:1055760-1056126   -            123 4755                 -            122   1.6e-53  170.2   2.0   1   1   1.8e-53   1.8e-53  170.1   2.0     1   120     1   122     1   123 0.97 -
4755at766_1242993_0:000398|OZ308468.1:1055760-1056123 -            122 4755                 -            122   2.1e-53  169.9   1.9   1   1   2.4e-53   2.4e-53  169.7   1.9     1   120     1   122     1   122 0.97 -
4755at766_1359163_0:000165|OZ308468.1:1055760-1056123 -            122 4755                 -            122   2.1e-53  169.9   1.9   1   1   2.4e-53   2.4e-53  169.7   1.9     1   120     1   122     1   122 0.97 -
4755at766_2602574_0:000459|OZ308468.1:1055760-1056123 -            122 4755                 -            122   2.1e-53  169.9   1.9   1   1   2.4e-53   2.4e-53  169.7   1.9     1   120     1   122     1   122 0.97 -
4755at766_696127_0:0003b1|OZ308468.1:1055760-1056123  -            122 4755                 -            122   2.1e-53  169.9   1.9   1   1   2.4e-53   2.4e-53  169.7   1.9     1   120     1   122     1   122 0.97 -
4755at766_779_0:000142|OZ308468.1:1055760-1056123     -            122 4755                 -            122   2.1e-53  169.9   1.9   1   1   2.4e-53   2.4e-53  169.7   1.9     1   120     1   122     1   122 0.97 -
4755at766_955_0:000342|OZ308468.1:1055760-1056123     -            122 4755                 -            122   2.1e-53  169.9   1.9   1   1   2.4e-53   2.4e-53  169.7   1.9     1   120     1   122     1   122 0.97 -
4755at766_1802984_0:0000b8|OZ308468.1:1055769-1056111 -            115 4755                 -            122   2.4e-49  156.8   1.5   1   1   2.6e-49   2.6e-49  156.7   1.5     4   116     1   115     1   115 0.97 -
#
# Program:         hmmsearch
# Version:         3.4 (Aug 2023)
# Pipeline mode:   SEARCH
# Query file:      /Users/rossoaa/Desktop/dummy/genomes/records/compleasm/mb_downloads/rickettsiales_odb12/hmms/4755at766.hmm
# Target file:     -
# Option settings: /Users/rossoaa/miniconda3/envs/compleasm_env/bin/hmmsearch --domtblout /Users/rossoaa/Desktop/dummy/genomes/records/compleasm/rickettsiales_odb12/hmmer_output/4755at766.out --cpu 1 /Users/rossoaa/Desktop/dummy/genomes/records/compleasm/mb_downloads/rickettsiales_odb12/hmms/4755at766.hmm - 
# Current dir:     /Users/rossoaa/Desktop/dummy/genomes/records/compleasm
# Date:            Tue Feb 10 10:20:20 2026
# [ok]
