#                                                                                                          --- full sequence --- -------------- this domain -------------   hmm coord   ali coord   env coord
# target name                                      accession   tlen query name           accession   qlen   E-value  score  bias   #  of  c-Evalue  i-Evalue  score  bias  from    to  from    to  from    to  acc description of target
#                              ------------------- ---------- ----- -------------------- ---------- ----- --------- ------ ----- --- --- --------- --------- ------ ----- ----- ----- ----- ----- ----- ----- ---- ---------------------
486at766_1359168_0:0000d5|OZ308468.1:494988-495864 -            293 486                  -            279  4.4e-128  417.0  13.7   1   1    5e-128    5e-128  416.8  13.7     3   277     7   290     5   292 0.96 -
486at766_1392507_0:000086|OZ308468.1:494988-495864 -            293 486                  -            279  4.4e-128  417.0  13.7   1   1    5e-128    5e-128  416.8  13.7     3   277     7   290     5   292 0.96 -
486at766_1961830_0:000247|OZ308468.1:494988-495864 -            293 486                  -            279  4.4e-128  417.0  13.7   1   1    5e-128    5e-128  416.8  13.7     3   277     7   290     5   292 0.96 -
486at766_1286528_0:000253|OZ308468.1:494997-495876 -            294 486                  -            279  4.4e-128  417.0  13.7   1   1    5e-128    5e-128  416.8  13.7     3   277     4   287     2   289 0.96 -
486at766_955_0:0000e0|OZ308468.1:494994-495879     -            295 486                  -            279  4.5e-128  417.0  13.7   1   1  5.1e-128  5.1e-128  416.8  13.7     3   277     5   288     3   290 0.96 -
486at766_574556_0:0002df|OZ308468.1:494988-495873  -            296 486                  -            279  4.5e-128  416.9  13.7   1   1  5.2e-128  5.2e-128  416.7  13.7     3   277     7   290     5   292 0.96 -
486at766_1359163_0:0000c4|OZ308468.1:494988-495876 -            297 486                  -            279  4.6e-128  416.9  13.7   1   1  5.2e-128  5.2e-128  416.7  13.7     3   277     7   290     5   292 0.96 -
486at766_1605993_0:000203|OZ308468.1:494988-495879 -            297 486                  -            279  4.6e-128  416.9  13.7   1   1  5.2e-128  5.2e-128  416.7  13.7     3   277     7   290     5   292 0.96 -
486at766_169402_0:000196|OZ308468.1:494988-495879  -            297 486                  -            279  4.6e-128  416.9  13.7   1   1  5.2e-128  5.2e-128  416.7  13.7     3   277     7   290     5   292 0.96 -
486at766_246273_0:0002e7|OZ308468.1:494988-495879  -            297 486                  -            279  4.6e-128  416.9  13.7   1   1  5.2e-128  5.2e-128  416.7  13.7     3   277     7   290     5   292 0.96 -
486at766_779_0:000253|OZ308468.1:494988-495876     -            297 486                  -            279  4.6e-128  416.9  13.7   1   1  5.2e-128  5.2e-128  416.7  13.7     3   277     7   290     5   292 0.96 -
486at766_96496_0:000249|OZ308468.1:494988-495879   -            297 486                  -            279  4.6e-128  416.9  13.7   1   1  5.2e-128  5.2e-128  416.7  13.7     3   277     7   290     5   292 0.96 -
486at766_696127_0:000289|OZ308468.1:495009-495864  -            286 486                  -            279  8.1e-128  416.1  13.5   1   1    9e-128    9e-128  416.0  13.5     6   277     3   283     1   285 0.96 -
486at766_2486578_0:000438|OZ308468.1:495015-495858 -            282 486                  -            279  2.2e-127  414.7  13.6   1   1  2.4e-127  2.4e-127  414.5  13.6     7   276     2   280     1   282 0.96 -
486at766_334380_0:000126|OZ308468.1:494988-495843  -            286 486                  -            279  2.8e-127  414.4  12.5   1   1  3.1e-127  3.1e-127  414.2  12.5     3   273     7   286     5   286 0.96 -
486at766_752179_0:0003a6|OZ308468.1:494988-495843  -            286 486                  -            279  2.8e-127  414.4  12.5   1   1  3.1e-127  3.1e-127  414.2  12.5     3   273     7   286     5   286 0.96 -
486at766_1248439_0:0001c2|OZ308468.1:495024-495873 -            284 486                  -            279  6.9e-127  413.0  13.7   1   1  7.8e-127  7.8e-127  412.9  13.7    10   277     2   278     1   280 0.96 -
486at766_142058_0:00008b|OZ308468.1:495024-495873  -            284 486                  -            279  6.9e-127  413.0  13.7   1   1  7.8e-127  7.8e-127  412.9  13.7    10   277     2   278     1   280 0.96 -
486at766_86105_0:00054d|OZ308468.1:494991-495837   -            283 486                  -            279  1.5e-126  412.0  12.3   1   1  1.7e-126  1.7e-126  411.8  12.3     3   271     6   283     4   283 0.96 -
486at766_1528098_0:000045|OZ308468.1:494988-495837 -            284 486                  -            279  1.5e-126  412.0  12.3   1   1  1.7e-126  1.7e-126  411.8  12.3     3   271     7   284     5   284 0.96 -
486at766_391036_0:00019d|OZ308468.1:495030-495867  -            280 486                  -            279  2.2e-126  411.4  13.6   1   1  2.5e-126  2.5e-126  411.2  13.6    11   277     1   276     1   278 0.96 -
486at766_205920_0:0001c4|OZ308468.1:495030-495870  -            281 486                  -            279  2.3e-126  411.4  13.6   1   1  2.5e-126  2.5e-126  411.2  13.6    11   277     1   276     1   278 0.96 -
486at766_1242993_0:000395|OZ308468.1:495030-495873 -            282 486                  -            279  2.3e-126  411.3  13.6   1   1  2.6e-126  2.6e-126  411.2  13.6    11   277     1   276     1   278 0.96 -
486at766_1423892_0:0001a0|OZ308468.1:495030-495876 -            283 486                  -            279  2.3e-126  411.3  13.6   1   1  2.6e-126  2.6e-126  411.2  13.6    11   277     1   276     1   278 0.96 -
486at766_2115978_0:0001ba|OZ308468.1:495030-495855 -            276 486                  -            279  2.6e-126  411.1  13.2   1   1  2.9e-126  2.9e-126  411.0  13.2    11   276     1   275     1   276 0.96 -
486at766_2602574_0:0003f9|OZ308468.1:495021-495837 -            273 486                  -            279  1.3e-125  408.8  12.4   1   1  1.5e-125  1.5e-125  408.7  12.4     9   271     2   273     1   273 0.96 -
486at766_222891_0:0001ca|OZ308468.1:495042-495876  -            279 486                  -            279  8.6e-125  406.2  12.9   1   1  9.7e-125  9.7e-125  406.0  12.9    15   277     1   272     1   274 0.96 -
#
# Program:         hmmsearch
# Version:         3.4 (Aug 2023)
# Pipeline mode:   SEARCH
# Query file:      /Users/rossoaa/Desktop/dummy/genomes/records/compleasm/mb_downloads/rickettsiales_odb12/hmms/486at766.hmm
# Target file:     -
# Option settings: /Users/rossoaa/miniconda3/envs/compleasm_env/bin/hmmsearch --domtblout /Users/rossoaa/Desktop/dummy/genomes/records/compleasm/rickettsiales_odb12/hmmer_output/486at766.out --cpu 1 /Users/rossoaa/Desktop/dummy/genomes/records/compleasm/mb_downloads/rickettsiales_odb12/hmms/486at766.hmm - 
# Current dir:     /Users/rossoaa/Desktop/dummy/genomes/records/compleasm
# Date:            Tue Feb 10 10:20:22 2026
# [ok]
