#                                                                                                          --- full sequence --- -------------- this domain -------------   hmm coord   ali coord   env coord
# target name                                      accession   tlen query name           accession   qlen   E-value  score  bias   #  of  c-Evalue  i-Evalue  score  bias  from    to  from    to  from    to  acc description of target
#                              ------------------- ---------- ----- -------------------- ---------- ----- --------- ------ ----- --- --- --------- --------- ------ ----- ----- ----- ----- ----- ----- ----- ---- ---------------------
491at766_1605993_0:000362|OZ308468.1:343283-343781 -            166 491                  -            152     3e-57  182.2   3.6   1   1   3.4e-57   3.4e-57  182.0   3.6     2   152     3   164     2   164 0.90 -
491at766_779_0:0002ed|OZ308468.1:343286-343781     -            166 491                  -            152     3e-57  182.2   3.6   1   1   3.4e-57   3.4e-57  182.0   3.6     2   152     3   164     2   164 0.90 -
491at766_1242993_0:00024a|OZ308468.1:343286-343784 -            167 491                  -            152   3.1e-57  182.2   3.6   1   1   3.5e-57   3.5e-57  182.0   3.6     2   152     4   165     3   165 0.90 -
491at766_1423892_0:0000f9|OZ308468.1:343286-343784 -            167 491                  -            152   3.1e-57  182.2   3.6   1   1   3.5e-57   3.5e-57  182.0   3.6     2   152     4   165     3   165 0.90 -
491at766_2486578_0:0004e0|OZ308468.1:343289-343790 -            168 491                  -            152   3.1e-57  182.1   3.6   1   1   3.6e-57   3.6e-57  181.9   3.6     2   152     6   167     5   167 0.90 -
491at766_246273_0:0001d1|OZ308468.1:343286-343787  -            168 491                  -            152   3.1e-57  182.1   3.6   1   1   3.6e-57   3.6e-57  181.9   3.6     2   152     5   166     4   166 0.90 -
491at766_1359163_0:000206|OZ308468.1:343286-343790 -            169 491                  -            152   3.2e-57  182.1   3.6   1   1   3.7e-57   3.7e-57  181.9   3.6     2   152     6   167     5   167 0.90 -
491at766_1392507_0:0001d3|OZ308468.1:343286-343775 -            164 491                  -            152   4.2e-57  181.7   3.5   1   1   4.8e-57   4.8e-57  181.5   3.5     2   152     1   162     1   162 0.90 -
491at766_169402_0:0002e8|OZ308468.1:343283-343775  -            164 491                  -            152   4.2e-57  181.7   3.5   1   1   4.8e-57   4.8e-57  181.5   3.5     2   152     1   162     1   162 0.90 -
491at766_205920_0:00021c|OZ308468.1:343286-343775  -            164 491                  -            152   4.2e-57  181.7   3.5   1   1   4.8e-57   4.8e-57  181.5   3.5     2   152     1   162     1   162 0.90 -
491at766_391036_0:00004c|OZ308468.1:343286-343775  -            164 491                  -            152   4.2e-57  181.7   3.5   1   1   4.8e-57   4.8e-57  181.5   3.5     2   152     1   162     1   162 0.90 -
491at766_955_0:000254|OZ308468.1:343286-343775     -            164 491                  -            152   4.2e-57  181.7   3.5   1   1   4.8e-57   4.8e-57  181.5   3.5     2   152     1   162     1   162 0.90 -
491at766_96496_0:000133|OZ308468.1:343286-343775   -            164 491                  -            152   4.2e-57  181.7   3.5   1   1   4.8e-57   4.8e-57  181.5   3.5     2   152     1   162     1   162 0.90 -
#
# Program:         hmmsearch
# Version:         3.4 (Aug 2023)
# Pipeline mode:   SEARCH
# Query file:      /Users/rossoaa/Desktop/dummy/genomes/records/compleasm/mb_downloads/rickettsiales_odb12/hmms/491at766.hmm
# Target file:     -
# Option settings: /Users/rossoaa/miniconda3/envs/compleasm_env/bin/hmmsearch --domtblout /Users/rossoaa/Desktop/dummy/genomes/records/compleasm/rickettsiales_odb12/hmmer_output/491at766.out --cpu 1 /Users/rossoaa/Desktop/dummy/genomes/records/compleasm/mb_downloads/rickettsiales_odb12/hmms/491at766.hmm - 
# Current dir:     /Users/rossoaa/Desktop/dummy/genomes/records/compleasm
# Date:            Tue Feb 10 10:20:23 2026
# [ok]
