#                                                                                                          --- full sequence --- -------------- this domain -------------   hmm coord   ali coord   env coord
# target name                                      accession   tlen query name           accession   qlen   E-value  score  bias   #  of  c-Evalue  i-Evalue  score  bias  from    to  from    to  from    to  acc description of target
#                              ------------------- ---------- ----- -------------------- ---------- ----- --------- ------ ----- --- --- --------- --------- ------ ----- ----- ----- ----- ----- ----- ----- ---- ---------------------
497at766_1248439_0:00037d|OZ308468.1:955454-956978 -            509 497                  -            500  6.3e-259  850.8   2.7   1   1  7.3e-259  7.3e-259  850.6   2.7     2   499     5   507     4   508 0.98 -
497at766_1359163_0:000324|OZ308468.1:955454-956978 -            509 497                  -            500  6.3e-259  850.8   2.7   1   1  7.3e-259  7.3e-259  850.6   2.7     2   499     5   507     4   508 0.98 -
497at766_1605993_0:0001a3|OZ308468.1:955454-956981 -            509 497                  -            500  6.3e-259  850.8   2.7   1   1  7.3e-259  7.3e-259  850.6   2.7     2   499     5   507     4   508 0.98 -
497at766_246273_0:0000a3|OZ308468.1:955454-956981  -            509 497                  -            500  6.3e-259  850.8   2.7   1   1  7.3e-259  7.3e-259  850.6   2.7     2   499     5   507     4   508 0.98 -
497at766_86105_0:000232|OZ308468.1:955454-956978   -            509 497                  -            500  6.3e-259  850.8   2.7   1   1  7.3e-259  7.3e-259  850.6   2.7     2   499     5   507     4   508 0.98 -
497at766_96496_0:000319|OZ308468.1:955454-956978   -            509 497                  -            500  6.3e-259  850.8   2.7   1   1  7.3e-259  7.3e-259  850.6   2.7     2   499     5   507     4   508 0.98 -
497at766_1105107_0:000015|OZ308468.1:955460-956978 -            507 497                  -            500  6.3e-259  850.8   2.7   1   1  7.2e-259  7.2e-259  850.7   2.7     2   499     3   505     2   506 0.98 -
497at766_1359168_0:000030|OZ308468.1:955460-956978 -            507 497                  -            500  6.3e-259  850.8   2.7   1   1  7.2e-259  7.2e-259  850.7   2.7     2   499     3   505     2   506 0.98 -
497at766_1961830_0:000471|OZ308468.1:955460-956981 -            507 497                  -            500  6.3e-259  850.8   2.7   1   1  7.2e-259  7.2e-259  850.7   2.7     2   499     3   505     2   506 0.98 -
497at766_2602574_0:000090|OZ308468.1:955460-956978 -            507 497                  -            500  6.3e-259  850.8   2.7   1   1  7.2e-259  7.2e-259  850.7   2.7     2   499     3   505     2   506 0.98 -
497at766_272947_0:00016c|OZ308468.1:955460-956978  -            507 497                  -            500  6.3e-259  850.8   2.7   1   1  7.2e-259  7.2e-259  850.7   2.7     2   499     3   505     2   506 0.98 -
497at766_334380_0:00004b|OZ308468.1:955460-956981  -            507 497                  -            500  6.3e-259  850.8   2.7   1   1  7.2e-259  7.2e-259  850.7   2.7     2   499     3   505     2   506 0.98 -
497at766_336407_0:0002ae|OZ308468.1:955460-956981  -            507 497                  -            500  6.3e-259  850.8   2.7   1   1  7.2e-259  7.2e-259  850.7   2.7     2   499     3   505     2   506 0.98 -
497at766_481009_0:000149|OZ308468.1:955460-956978  -            507 497                  -            500  6.3e-259  850.8   2.7   1   1  7.2e-259  7.2e-259  850.7   2.7     2   499     3   505     2   506 0.98 -
497at766_1392507_0:000132|OZ308468.1:955457-956981 -            508 497                  -            500  6.3e-259  850.8   2.7   1   1  7.2e-259  7.2e-259  850.6   2.7     2   499     4   506     3   507 0.98 -
497at766_955_0:00022c|OZ308468.1:955463-956975     -            505 497                  -            500  6.3e-259  850.8   2.7   1   1  7.1e-259  7.1e-259  850.7   2.7     2   499     2   504     1   505 0.98 -
497at766_1242993_0:000104|OZ308468.1:955463-956978 -            506 497                  -            500  6.4e-259  850.8   2.7   1   1  7.1e-259  7.1e-259  850.7   2.7     2   499     2   504     1   505 0.98 -
497at766_2486578_0:00039b|OZ308468.1:955463-956978 -            506 497                  -            500  6.4e-259  850.8   2.7   1   1  7.1e-259  7.1e-259  850.7   2.7     2   499     2   504     1   505 0.98 -
497at766_391036_0:000307|OZ308468.1:955463-956978  -            506 497                  -            500  6.4e-259  850.8   2.7   1   1  7.1e-259  7.1e-259  850.7   2.7     2   499     2   504     1   505 0.98 -
497at766_696127_0:000168|OZ308468.1:955463-956978  -            506 497                  -            500  6.4e-259  850.8   2.7   1   1  7.1e-259  7.1e-259  850.7   2.7     2   499     2   504     1   505 0.98 -
497at766_752179_0:000117|OZ308468.1:955463-956978  -            506 497                  -            500  6.4e-259  850.8   2.7   1   1  7.1e-259  7.1e-259  850.7   2.7     2   499     2   504     1   505 0.98 -
497at766_169402_0:0004ee|OZ308468.1:955448-956978  -            511 497                  -            500  6.4e-259  850.8   2.7   1   1  7.4e-259  7.4e-259  850.6   2.7     2   499     7   509     6   510 0.98 -
497at766_1528098_0:000152|OZ308468.1:955466-956975 -            504 497                  -            500    8e-259  850.5   2.7   1   1  8.9e-259  8.9e-259  850.3   2.7     3   499     2   503     1   504 0.98 -
497at766_1286528_0:000122|OZ308468.1:955466-956978 -            505 497                  -            500    8e-259  850.5   2.7   1   1    9e-259    9e-259  850.3   2.7     3   499     2   503     1   504 0.98 -
497at766_2115978_0:000431|OZ308468.1:955466-956978 -            505 497                  -            500    8e-259  850.5   2.7   1   1    9e-259    9e-259  850.3   2.7     3   499     2   503     1   504 0.98 -
497at766_1423892_0:00009b|OZ308468.1:955463-956972 -            504 497                  -            500    1e-258  850.2   2.8   1   1  1.1e-258  1.1e-258  850.0   2.8     2   498     2   503     1   504 0.98 -
497at766_205920_0:00002d|OZ308468.1:955463-956972  -            504 497                  -            500    1e-258  850.2   2.8   1   1  1.1e-258  1.1e-258  850.0   2.8     2   498     2   503     1   504 0.98 -
497at766_779_0:00013f|OZ308468.1:955463-956972     -            504 497                  -            500    1e-258  850.2   2.8   1   1  1.1e-258  1.1e-258  850.0   2.8     2   498     2   503     1   504 0.98 -
497at766_2486577_0:0002d5|OZ308468.1:955469-956975 -            503 497                  -            500  1.4e-258  849.7   2.6   1   1  1.6e-258  1.6e-258  849.5   2.6     4   499     2   502     1   503 0.98 -
497at766_142058_0:00033b|OZ308468.1:955454-956966  -            505 497                  -            500  5.1e-258  847.9   2.8   1   1  5.8e-258  5.8e-258  847.7   2.8     2   496     5   504     4   505 0.98 -
497at766_574556_0:0001ee|OZ308468.1:955454-956966  -            505 497                  -            500  5.1e-258  847.9   2.8   1   1  5.8e-258  5.8e-258  847.7   2.8     2   496     5   504     4   505 0.98 -
497at766_1274402_0:000362|OZ308468.1:955463-956966 -            502 497                  -            500  5.1e-258  847.8   2.8   1   1  5.7e-258  5.7e-258  847.7   2.8     2   496     2   501     1   502 0.98 -
497at766_1714371_0:0000e4|OZ308468.1:955466-956912 -            483 497                  -            500  2.9e-254  835.5   4.7   1   1  3.2e-254  3.2e-254  835.3   4.7     3   479     2   482     1   483 0.98 -
497at766_434131_0:00029c|OZ308468.1:955466-956912  -            483 497                  -            500  2.9e-254  835.5   4.7   1   1  3.2e-254  3.2e-254  835.3   4.7     3   479     2   482     1   483 0.98 -
497at766_222891_0:00010e|OZ308468.1:955472-956912  -            481 497                  -            500    1e-253  833.7   4.7   1   1  1.1e-253  1.1e-253  833.5   4.7     4   479     1   480     1   481 0.98 -
#
# Program:         hmmsearch
# Version:         3.4 (Aug 2023)
# Pipeline mode:   SEARCH
# Query file:      /Users/rossoaa/Desktop/dummy/genomes/records/compleasm/mb_downloads/rickettsiales_odb12/hmms/497at766.hmm
# Target file:     -
# Option settings: /Users/rossoaa/miniconda3/envs/compleasm_env/bin/hmmsearch --domtblout /Users/rossoaa/Desktop/dummy/genomes/records/compleasm/rickettsiales_odb12/hmmer_output/497at766.out --cpu 1 /Users/rossoaa/Desktop/dummy/genomes/records/compleasm/mb_downloads/rickettsiales_odb12/hmms/497at766.hmm - 
# Current dir:     /Users/rossoaa/Desktop/dummy/genomes/records/compleasm
# Date:            Tue Feb 10 10:20:23 2026
# [ok]
