#                                                                                                          --- full sequence --- -------------- this domain -------------   hmm coord   ali coord   env coord
# target name                                      accession   tlen query name           accession   qlen   E-value  score  bias   #  of  c-Evalue  i-Evalue  score  bias  from    to  from    to  from    to  acc description of target
#                              ------------------- ---------- ----- -------------------- ---------- ----- --------- ------ ----- --- --- --------- --------- ------ ----- ----- ----- ----- ----- ----- ----- ---- ---------------------
506at766_1605993_0:0000e1|OZ308468.1:126623-127274 -            217 506                  -            229  4.8e-103  334.1   4.9   1   1  5.3e-103  5.3e-103  333.9   4.9    17   227     5   214     1   216 0.98 -
506at766_169402_0:000542|OZ308468.1:126623-127274  -            217 506                  -            229  4.8e-103  334.1   4.9   1   1  5.3e-103  5.3e-103  333.9   4.9    17   227     5   214     1   216 0.98 -
506at766_246273_0:0001cd|OZ308468.1:126623-127274  -            217 506                  -            229  4.8e-103  334.1   4.9   1   1  5.3e-103  5.3e-103  333.9   4.9    17   227     5   214     1   216 0.98 -
506at766_96496_0:0002f4|OZ308468.1:126623-127274   -            217 506                  -            229  4.8e-103  334.1   4.9   1   1  5.3e-103  5.3e-103  333.9   4.9    17   227     5   214     1   216 0.98 -
506at766_752179_0:00032a|OZ308468.1:126641-127476  -            243 506                  -            229  4.8e-103  334.1   8.1   1   1  5.7e-103  5.7e-103  333.8   8.1     8   224    27   242    20   243 0.97 -
506at766_1248439_0:00001d|OZ308468.1:126632-127271 -            214 506                  -            229    5e-103  334.0   4.3   1   1  5.4e-103  5.4e-103  333.9   4.3    18   226     5   212     1   214 0.98 -
506at766_955_0:0001a9|OZ308468.1:126623-127259     -            212 506                  -            229    1e-102  333.0   4.9   1   1  1.2e-102  1.2e-102  332.8   4.9    19   227     2   209     1   211 0.98 -
506at766_142058_0:0001b8|OZ308468.1:126632-127256  -            209 506                  -            229  1.6e-102  332.3   4.9   1   1  1.8e-102  1.8e-102  332.2   4.9    20   226     2   207     1   209 0.98 -
506at766_574556_0:0001eb|OZ308468.1:126632-127256  -            209 506                  -            229  1.6e-102  332.3   4.9   1   1  1.8e-102  1.8e-102  332.2   4.9    20   226     2   207     1   209 0.98 -
506at766_1105107_0:00030f|OZ308468.1:126641-127256 -            206 506                  -            229    4e-102  331.1   4.7   1   1  4.4e-102  4.4e-102  330.9   4.7    20   224     2   205     1   206 0.99 -
506at766_1528098_0:000090|OZ308468.1:126641-127256 -            206 506                  -            229    4e-102  331.1   4.7   1   1  4.4e-102  4.4e-102  330.9   4.7    20   224     2   205     1   206 0.99 -
506at766_336407_0:0003a5|OZ308468.1:126641-127256  -            206 506                  -            229    4e-102  331.1   4.7   1   1  4.4e-102  4.4e-102  330.9   4.7    20   224     2   205     1   206 0.99 -
506at766_481009_0:000396|OZ308468.1:126641-127256  -            206 506                  -            229    4e-102  331.1   4.7   1   1  4.4e-102  4.4e-102  330.9   4.7    20   224     2   205     1   206 0.99 -
506at766_1274402_0:00022d|OZ308468.1:126641-127250 -            204 506                  -            229    9e-102  329.9   4.7   1   1    1e-101    1e-101  329.8   4.7    21   224     1   203     1   204 0.99 -
506at766_2486578_0:000190|OZ308468.1:126641-127250 -            204 506                  -            229    9e-102  329.9   4.7   1   1    1e-101    1e-101  329.8   4.7    21   224     1   203     1   204 0.99 -
506at766_1242993_0:000102|OZ308468.1:126629-127241 -            205 506                  -            229    4e-101  327.8   5.0   1   1  4.3e-101  4.3e-101  327.7   5.0    25   227     2   203     1   205 0.98 -
506at766_1423892_0:000014|OZ308468.1:126629-127241 -            205 506                  -            229    4e-101  327.8   5.0   1   1  4.3e-101  4.3e-101  327.7   5.0    25   227     2   203     1   205 0.98 -
506at766_205920_0:00010f|OZ308468.1:126629-127241  -            205 506                  -            229    4e-101  327.8   5.0   1   1  4.3e-101  4.3e-101  327.7   5.0    25   227     2   203     1   205 0.98 -
506at766_391036_0:000053|OZ308468.1:126629-127241  -            205 506                  -            229    4e-101  327.8   5.0   1   1  4.3e-101  4.3e-101  327.7   5.0    25   227     2   203     1   205 0.98 -
506at766_1359163_0:000127|OZ308468.1:126632-127241 -            204 506                  -            229  4.3e-101  327.7   4.7   1   1  4.7e-101  4.7e-101  327.5   4.7    25   226     2   202     1   204 0.98 -
506at766_1392507_0:0002d6|OZ308468.1:126632-127241 -            204 506                  -            229  4.3e-101  327.7   4.7   1   1  4.7e-101  4.7e-101  327.5   4.7    25   226     2   202     1   204 0.98 -
506at766_1961830_0:0003f5|OZ308468.1:126641-127241 -            201 506                  -            229  1.1e-100  326.4   4.6   1   1  1.2e-100  1.2e-100  326.3   4.6    25   224     2   200     1   201 0.99 -
506at766_2115978_0:000217|OZ308468.1:126641-127241 -            201 506                  -            229  1.1e-100  326.4   4.6   1   1  1.2e-100  1.2e-100  326.3   4.6    25   224     2   200     1   201 0.99 -
506at766_779_0:000338|OZ308468.1:126629-127235     -            203 506                  -            229  1.5e-100  325.9   5.3   1   1  1.7e-100  1.7e-100  325.7   5.3    28   227     3   201     1   203 0.98 -
506at766_272947_0:000253|OZ308468.1:126641-127437  -            237 506                  -            229    2e-100  325.5   9.4   1   1  2.3e-100  2.3e-100  325.3   9.4     5   224    16   236    12   237 0.97 -
506at766_1359168_0:000029|OZ308468.1:126641-127232 -            198 506                  -            229  4.8e-100  324.3   4.5   1   1  5.3e-100  5.3e-100  324.1   4.5    30   224     3   197     1   198 0.99 -
506at766_334380_0:00024e|OZ308468.1:126641-127232  -            198 506                  -            229  4.8e-100  324.3   4.5   1   1  5.3e-100  5.3e-100  324.1   4.5    30   224     3   197     1   198 0.99 -
#
# Program:         hmmsearch
# Version:         3.4 (Aug 2023)
# Pipeline mode:   SEARCH
# Query file:      /Users/rossoaa/Desktop/dummy/genomes/records/compleasm/mb_downloads/rickettsiales_odb12/hmms/506at766.hmm
# Target file:     -
# Option settings: /Users/rossoaa/miniconda3/envs/compleasm_env/bin/hmmsearch --domtblout /Users/rossoaa/Desktop/dummy/genomes/records/compleasm/rickettsiales_odb12/hmmer_output/506at766.out --cpu 1 /Users/rossoaa/Desktop/dummy/genomes/records/compleasm/mb_downloads/rickettsiales_odb12/hmms/506at766.hmm - 
# Current dir:     /Users/rossoaa/Desktop/dummy/genomes/records/compleasm
# Date:            Tue Feb 10 10:20:23 2026
# [ok]
