#                                                                                                             --- full sequence --- -------------- this domain -------------   hmm coord   ali coord   env coord
# target name                                         accession   tlen query name           accession   qlen   E-value  score  bias   #  of  c-Evalue  i-Evalue  score  bias  from    to  from    to  from    to  acc description of target
#                                 ------------------- ---------- ----- -------------------- ---------- ----- --------- ------ ----- --- --- --------- --------- ------ ----- ----- ----- ----- ----- ----- ----- ---- ---------------------
5070at766_1528098_0:000223|OZ308468.1:1143734-1148378 -           1548 5070                 -           1503         0 2120.4  42.5   1   1         0         0 2120.1  42.5    10  1502    12  1547     5  1548 0.95 -
5070at766_779_0:0001dc|OZ308468.1:1143734-1148378     -           1548 5070                 -           1503         0 2120.4  42.5   1   1         0         0 2120.1  42.5    10  1502    12  1547     5  1548 0.95 -
5070at766_1242993_0:000025|OZ308468.1:1143734-1148402 -           1556 5070                 -           1503         0 2120.4  42.5   1   1         0         0 2120.1  42.5    10  1502    20  1555    13  1556 0.95 -
5070at766_1605993_0:0003a7|OZ308468.1:1143734-1148402 -           1556 5070                 -           1503         0 2120.4  42.5   1   1         0         0 2120.1  42.5    10  1502    20  1555    13  1556 0.95 -
5070at766_169402_0:00004a|OZ308468.1:1143734-1148402  -           1556 5070                 -           1503         0 2120.4  42.5   1   1         0         0 2120.1  42.5    10  1502    20  1555    13  1556 0.95 -
5070at766_246273_0:000387|OZ308468.1:1143734-1148402  -           1556 5070                 -           1503         0 2120.4  42.5   1   1         0         0 2120.1  42.5    10  1502    20  1555    13  1556 0.95 -
5070at766_391036_0:0000cd|OZ308468.1:1143734-1148402  -           1556 5070                 -           1503         0 2120.4  42.5   1   1         0         0 2120.1  42.5    10  1502    20  1555    13  1556 0.95 -
5070at766_96496_0:0002b9|OZ308468.1:1143734-1148402   -           1556 5070                 -           1503         0 2120.4  42.5   1   1         0         0 2120.1  42.5    10  1502    20  1555    13  1556 0.95 -
5070at766_1423892_0:000291|OZ308468.1:1143734-1148405 -           1557 5070                 -           1503         0 2120.4  42.5   1   1         0         0 2120.1  42.5    10  1502    21  1556    14  1557 0.95 -
5070at766_205920_0:0002e1|OZ308468.1:1143734-1148405  -           1557 5070                 -           1503         0 2120.4  42.5   1   1         0         0 2120.1  42.5    10  1502    21  1556    14  1557 0.95 -
5070at766_955_0:00025b|OZ308468.1:1143721-1148402     -           1560 5070                 -           1503         0 2120.1  42.6   1   1         0         0 2119.8  42.6    10  1502    20  1555    13  1556 0.95 -
5070at766_86105_0:000168|OZ308468.1:1143740-1148360   -           1541 5070                 -           1503         0 2119.8  42.3   1   1         0         0 2119.5  42.3    11  1501     7  1540     2  1541 0.95 -
5070at766_752179_0:0003f1|OZ308468.1:1143743-1148381  -           1547 5070                 -           1503         0 2119.1  42.6   1   1         0         0 2118.8  42.6    10  1501    13  1547     6  1547 0.95 -
5070at766_1359163_0:00034f|OZ308468.1:1143743-1148402 -           1554 5070                 -           1503         0 2119.1  42.6   1   1         0         0 2118.8  42.6    10  1501    20  1554    13  1554 0.95 -
5070at766_272947_0:000120|OZ308468.1:1143743-1148363  -           1541 5070                 -           1503         0 2118.9  42.6   1   1         0         0 2118.8  42.6    10  1501     7  1541     1  1541 0.95 -
5070at766_481009_0:00039b|OZ308468.1:1143743-1148363  -           1541 5070                 -           1503         0 2118.9  42.6   1   1         0         0 2118.8  42.6    10  1501     7  1541     1  1541 0.95 -
5070at766_1714371_0:0002b8|OZ308468.1:1143746-1148396 -           1551 5070                 -           1503         0 2117.9  42.6   1   1         0         0 2117.6  42.6    10  1499    18  1550    11  1551 0.95 -
5070at766_1286528_0:000135|OZ308468.1:1143734-1148330 -           1532 5070                 -           1503         0 2117.0  41.5   1   1         0         0 2116.9  41.5    16  1502     2  1531     1  1532 0.95 -
5070at766_142058_0:0001cf|OZ308468.1:1143734-1148324  -           1530 5070                 -           1503         0 2115.8  41.1   1   1         0         0 2115.6  41.1    17  1502     1  1529     1  1530 0.95 -
5070at766_1392507_0:000104|OZ308468.1:1143743-1148330 -           1530 5070                 -           1503         0 2115.7  41.6   1   1         0         0 2115.5  41.6    16  1501     2  1530     1  1530 0.95 -
5070at766_222891_0:0001d9|OZ308468.1:1143746-1148330  -           1529 5070                 -           1503         0 2114.5  41.6   1   1         0         0 2114.4  41.6    16  1499     2  1528     1  1529 0.95 -
5070at766_434131_0:000180|OZ308468.1:1143746-1148330  -           1529 5070                 -           1503         0 2114.5  41.6   1   1         0         0 2114.4  41.6    16  1499     2  1528     1  1529 0.95 -
5070at766_1248439_0:000208|OZ308468.1:1143743-1148324 -           1528 5070                 -           1503         0 2114.5  41.2   1   1         0         0 2114.3  41.2    17  1501     1  1528     1  1528 0.95 -
5070at766_574556_0:00016c|OZ308468.1:1143743-1148324  -           1528 5070                 -           1503         0 2114.5  41.2   1   1         0         0 2114.3  41.2    17  1501     1  1528     1  1528 0.95 -
5070at766_2486578_0:0001d0|OZ308468.1:1143740-1148318 -           1527 5070                 -           1503         0 2113.5  40.6   1   1         0         0 2113.3  40.6    19  1501     1  1526     1  1527 0.95 -
5070at766_1105107_0:000301|OZ308468.1:1143743-1148318 -           1526 5070                 -           1503         0 2112.7  40.6   1   1         0         0 2112.6  40.6    19  1501     1  1526     1  1526 0.95 -
5070at766_334380_0:0003da|OZ308468.1:1143764-1148399  -           1546 5070                 -           1503         0 2111.1  41.8   1   1         0         0 2110.8  41.8    10  1494    19  1546    12  1546 0.95 -
5070at766_2602574_0:000442|OZ308468.1:1143740-1148240 -           1501 5070                 -           1503         0 2095.0  37.9   1   1         0         0 2094.8  37.9    40  1501     1  1500     1  1501 0.95 -
5070at766_696127_0:000036|OZ308468.1:1143734-1148150  -           1472 5070                 -           1503         0 2085.3  36.2   1   1         0         0 2085.1  36.2    65  1502     1  1471     1  1472 0.95 -
5070at766_1274402_0:000137|OZ308468.1:1143746-1147109 -           1122 5070                 -           1503         0 1720.7  23.9   1   1         0         0 1720.5  23.9   393  1499     2  1121     1  1122 0.96 -
5070at766_1961830_0:0003b0|OZ308468.1:1143746-1146692 -            983 5070                 -           1503         0 1593.9  19.0   1   1         0         0 1593.7  19.0   523  1499     1   982     1   983 0.98 -
5070at766_2486577_0:00023b|OZ308468.1:1144007-1146869 -            934 5070                 -           1503         0 1544.1  16.4   1   1         0         0 1535.9  16.4   471  1416     4   934     1   934 0.97 -
5070at766_2115978_0:000281|OZ308468.1:1144298-1146518 -            741 5070                 -           1503         0 1367.6   6.3   1   1         0         0 1367.5   6.3   581  1316     1   740     1   741 0.98 -
#
# Program:         hmmsearch
# Version:         3.4 (Aug 2023)
# Pipeline mode:   SEARCH
# Query file:      /Users/rossoaa/Desktop/dummy/genomes/records/compleasm/mb_downloads/rickettsiales_odb12/hmms/5070at766.hmm
# Target file:     -
# Option settings: /Users/rossoaa/miniconda3/envs/compleasm_env/bin/hmmsearch --domtblout /Users/rossoaa/Desktop/dummy/genomes/records/compleasm/rickettsiales_odb12/hmmer_output/5070at766.out --cpu 1 /Users/rossoaa/Desktop/dummy/genomes/records/compleasm/mb_downloads/rickettsiales_odb12/hmms/5070at766.hmm - 
# Current dir:     /Users/rossoaa/Desktop/dummy/genomes/records/compleasm
# Date:            Tue Feb 10 10:20:23 2026
# [ok]
