#                                                                                                           --- full sequence --- -------------- this domain -------------   hmm coord   ali coord   env coord
# target name                                       accession   tlen query name           accession   qlen   E-value  score  bias   #  of  c-Evalue  i-Evalue  score  bias  from    to  from    to  from    to  acc description of target
#                               ------------------- ---------- ----- -------------------- ---------- ----- --------- ------ ----- --- --- --------- --------- ------ ----- ----- ----- ----- ----- ----- ----- ---- ---------------------
5081at766_1714371_0:0001eb|OZ308468.1:240851-244160 -           1104 5081                 -           1092         0 1742.4   8.7   1   1         0         0 1742.2   8.7     3  1092     5  1097     3  1097 0.97 -
5081at766_222891_0:00003e|OZ308468.1:240851-244160  -           1104 5081                 -           1092         0 1742.4   8.7   1   1         0         0 1742.2   8.7     3  1092     5  1097     3  1097 0.97 -
5081at766_434131_0:000043|OZ308468.1:240851-244160  -           1104 5081                 -           1092         0 1742.4   8.7   1   1         0         0 1742.2   8.7     3  1092     5  1097     3  1097 0.97 -
5081at766_1528098_0:0002cc|OZ308468.1:240854-244163 -           1104 5081                 -           1092         0 1742.4   8.7   1   1         0         0 1742.2   8.7     3  1092     4  1096     2  1096 0.97 -
5081at766_1248439_0:0002af|OZ308468.1:240863-244163 -           1101 5081                 -           1092         0 1741.9   8.6   1   1         0         0 1741.8   8.6     3  1092     1  1093     1  1093 0.97 -
5081at766_142058_0:000164|OZ308468.1:240863-244163  -           1101 5081                 -           1092         0 1741.9   8.6   1   1         0         0 1741.8   8.6     3  1092     1  1093     1  1093 0.97 -
5081at766_574556_0:000300|OZ308468.1:240863-244163  -           1101 5081                 -           1092         0 1741.9   8.6   1   1         0         0 1741.8   8.6     3  1092     1  1093     1  1093 0.97 -
5081at766_779_0:000301|OZ308468.1:240863-244163     -           1101 5081                 -           1092         0 1741.9   8.6   1   1         0         0 1741.8   8.6     3  1092     1  1093     1  1093 0.97 -
5081at766_1242993_0:0000e0|OZ308468.1:240863-244175 -           1105 5081                 -           1092         0 1741.9   8.6   1   1         0         0 1741.8   8.6     3  1092     1  1093     1  1093 0.97 -
5081at766_1359163_0:0000b8|OZ308468.1:240863-244175 -           1105 5081                 -           1092         0 1741.9   8.6   1   1         0         0 1741.8   8.6     3  1092     1  1093     1  1093 0.97 -
5081at766_1423892_0:00002d|OZ308468.1:240863-244175 -           1105 5081                 -           1092         0 1741.9   8.6   1   1         0         0 1741.8   8.6     3  1092     1  1093     1  1093 0.97 -
5081at766_391036_0:00009c|OZ308468.1:240863-244175  -           1105 5081                 -           1092         0 1741.9   8.6   1   1         0         0 1741.8   8.6     3  1092     1  1093     1  1093 0.97 -
5081at766_955_0:0001e1|OZ308468.1:240863-244175     -           1105 5081                 -           1092         0 1741.9   8.6   1   1         0         0 1741.8   8.6     3  1092     1  1093     1  1093 0.97 -
5081at766_1392507_0:0000d8|OZ308468.1:240863-244178 -           1106 5081                 -           1092         0 1741.9   8.6   1   1         0         0 1741.7   8.6     3  1092     1  1093     1  1093 0.97 -
5081at766_1605993_0:000246|OZ308468.1:240863-244181 -           1106 5081                 -           1092         0 1741.9   8.6   1   1         0         0 1741.7   8.6     3  1092     1  1093     1  1093 0.97 -
5081at766_169402_0:000505|OZ308468.1:240863-244181  -           1106 5081                 -           1092         0 1741.9   8.6   1   1         0         0 1741.7   8.6     3  1092     1  1093     1  1093 0.97 -
5081at766_205920_0:0002cb|OZ308468.1:240863-244181  -           1106 5081                 -           1092         0 1741.9   8.6   1   1         0         0 1741.7   8.6     3  1092     1  1093     1  1093 0.97 -
5081at766_246273_0:0001b2|OZ308468.1:240863-244181  -           1106 5081                 -           1092         0 1741.9   8.6   1   1         0         0 1741.7   8.6     3  1092     1  1093     1  1093 0.97 -
5081at766_96496_0:0000f0|OZ308468.1:240863-244181   -           1106 5081                 -           1092         0 1741.9   8.6   1   1         0         0 1741.7   8.6     3  1092     1  1093     1  1093 0.97 -
5081at766_1359168_0:0002dd|OZ308468.1:240866-244148 -           1095 5081                 -           1092         0 1741.0   8.4   1   1         0         0 1740.8   8.4     4  1092     1  1092     1  1092 0.97 -
5081at766_334380_0:000451|OZ308468.1:240866-244106  -           1081 5081                 -           1092         0 1733.3   8.2   1   1         0         0 1733.2   8.2     4  1080     1  1080     1  1081 0.97 -
5081at766_752179_0:000371|OZ308468.1:240866-244106  -           1081 5081                 -           1092         0 1733.3   8.2   1   1         0         0 1733.2   8.2     4  1080     1  1080     1  1081 0.97 -
5081at766_1286528_0:000217|OZ308468.1:240851-244046 -           1066 5081                 -           1092         0 1720.4   9.4   1   1         0         0 1720.2   9.4     3  1060     5  1065     3  1066 0.97 -
5081at766_2486577_0:000319|OZ308468.1:240857-243971 -           1039 5081                 -           1092         0 1712.4   8.6   1   1         0         0 1712.1   8.6     3  1035     3  1036     2  1039 0.97 -
5081at766_696127_0:000126|OZ308468.1:240857-243947  -           1031 5081                 -           1092         0 1709.4   9.2   1   1         0         0 1709.1   9.2     3  1028     3  1029     2  1031 0.97 -
5081at766_2115978_0:00045b|OZ308468.1:240866-243953 -           1030 5081                 -           1092         0 1709.0   8.4   1   1         0         0 1708.9   8.4     4  1030     1  1028     1  1030 0.98 -
5081at766_1105107_0:000100|OZ308468.1:240866-243941 -           1026 5081                 -           1092         0 1707.5   8.5   1   1         0         0 1707.3   8.5     4  1026     1  1024     1  1026 0.98 -
5081at766_481009_0:0004cf|OZ308468.1:240866-243941  -           1026 5081                 -           1092         0 1707.5   8.5   1   1         0         0 1707.3   8.5     4  1026     1  1024     1  1026 0.98 -
5081at766_336407_0:000115|OZ308468.1:240866-243917  -           1018 5081                 -           1092         0 1702.6   8.0   1   1         0         0 1702.5   8.0     4  1019     1  1017     1  1018 0.98 -
5081at766_272947_0:00004b|OZ308468.1:240866-243908  -           1015 5081                 -           1092         0 1699.9   7.8   1   1         0         0 1699.8   7.8     4  1016     1  1014     1  1015 0.98 -
5081at766_86105_0:000118|OZ308468.1:240857-243899   -           1015 5081                 -           1092         0 1699.3   8.6   1   1         0         0 1699.0   8.6     3  1013     3  1014     2  1015 0.98 -
5081at766_2602574_0:000198|OZ308468.1:240857-243893 -           1013 5081                 -           1092         0 1697.4   8.6   1   1         0         0 1697.1   8.6     3  1012     3  1013     2  1013 0.98 -
5081at766_1802984_0:000191|OZ308468.1:240866-243887 -           1008 5081                 -           1092         0 1693.8   8.4   1   1         0         0 1693.6   8.4     4  1009     1  1007     1  1008 0.98 -
5081at766_1961830_0:000104|OZ308468.1:240854-243878 -           1009 5081                 -           1092         0 1693.1   8.7   1   1         0         0 1692.9   8.7     3  1006     4  1008     2  1009 0.98 -
5081at766_1274402_0:0000f5|OZ308468.1:240866-243863 -           1000 5081                 -           1092         0 1687.3   8.2   1   1         0         0 1687.1   8.2     4  1002     1  1000     1  1000 0.98 -
5081at766_2486578_0:000069|OZ308468.1:240857-243842 -            996 5081                 -           1092         0 1682.7   9.2   1   1         0         0 1682.4   9.2     3   994     3   995     2   996 0.98 -
#
# Program:         hmmsearch
# Version:         3.4 (Aug 2023)
# Pipeline mode:   SEARCH
# Query file:      /Users/rossoaa/Desktop/dummy/genomes/records/compleasm/mb_downloads/rickettsiales_odb12/hmms/5081at766.hmm
# Target file:     -
# Option settings: /Users/rossoaa/miniconda3/envs/compleasm_env/bin/hmmsearch --domtblout /Users/rossoaa/Desktop/dummy/genomes/records/compleasm/rickettsiales_odb12/hmmer_output/5081at766.out --cpu 1 /Users/rossoaa/Desktop/dummy/genomes/records/compleasm/mb_downloads/rickettsiales_odb12/hmms/5081at766.hmm - 
# Current dir:     /Users/rossoaa/Desktop/dummy/genomes/records/compleasm
# Date:            Tue Feb 10 10:20:21 2026
# [ok]
