#                                                                                                         --- full sequence --- -------------- this domain -------------   hmm coord   ali coord   env coord
# target name                                     accession   tlen query name           accession   qlen   E-value  score  bias   #  of  c-Evalue  i-Evalue  score  bias  from    to  from    to  from    to  acc description of target
#                             ------------------- ---------- ----- -------------------- ---------- ----- --------- ------ ----- --- --- --------- --------- ------ ----- ----- ----- ----- ----- ----- ----- ---- ---------------------
5092at766_169402_0:00004d|OZ308468.1:97124-99749  -            876 5092                 -            810         0 1231.6  23.9   1   1         0         0 1221.9  23.9     1   809     2   874     2   875 0.92 -
5092at766_2486578_0:000554|OZ308468.1:97121-99749 -            877 5092                 -            810         0 1231.6  23.9   1   1         0         0 1221.9  23.9     1   809     2   874     2   875 0.92 -
5092at766_96496_0:000173|OZ308468.1:97121-99749   -            877 5092                 -            810         0 1231.6  23.9   1   1         0         0 1221.9  23.9     1   809     2   874     2   875 0.92 -
5092at766_955_0:000145|OZ308468.1:97127-99749     -            875 5092                 -            810         0 1231.6  23.9   1   1         0         0 1221.9  23.9     1   809     2   874     2   875 0.92 -
5092at766_1528098_0:0005b9|OZ308468.1:97118-99749 -            878 5092                 -            810         0 1231.6  23.9   1   1         0         0 1221.9  23.9     1   809     2   874     2   875 0.92 -
5092at766_1605993_0:000332|OZ308468.1:97115-99749 -            879 5092                 -            810         0 1231.6  23.9   1   1         0         0 1221.9  23.9     1   809     2   874     2   875 0.92 -
5092at766_246273_0:000154|OZ308468.1:97115-99749  -            879 5092                 -            810         0 1231.6  23.9   1   1         0         0 1221.9  23.9     1   809     2   874     2   875 0.92 -
5092at766_86105_0:0004d7|OZ308468.1:97115-99749   -            879 5092                 -            810         0 1231.6  23.9   1   1         0         0 1221.9  23.9     1   809     2   874     2   875 0.92 -
5092at766_1359163_0:000104|OZ308468.1:97124-99758 -            879 5092                 -            810         0 1231.6  23.9   1   1         0         0 1221.9  23.9     1   809     5   877     5   878 0.92 -
5092at766_1248439_0:00022a|OZ308468.1:97121-99758 -            880 5092                 -            810         0 1231.6  23.9   1   1         0         0 1221.9  23.9     1   809     5   877     5   878 0.92 -
5092at766_142058_0:000069|OZ308468.1:97121-99758  -            880 5092                 -            810         0 1231.6  23.9   1   1         0         0 1221.9  23.9     1   809     5   877     5   878 0.92 -
5092at766_336407_0:00031b|OZ308468.1:97121-99758  -            880 5092                 -            810         0 1231.6  23.9   1   1         0         0 1221.9  23.9     1   809     5   877     5   878 0.92 -
5092at766_1961830_0:0004f7|OZ308468.1:97127-99758 -            878 5092                 -            810         0 1231.6  23.9   1   1         0         0 1221.9  23.9     1   809     5   877     5   878 0.92 -
5092at766_481009_0:0001e7|OZ308468.1:97127-99758  -            878 5092                 -            810         0 1231.6  23.9   1   1         0         0 1221.9  23.9     1   809     5   877     5   878 0.92 -
5092at766_1105107_0:0000cb|OZ308468.1:97118-99758 -            881 5092                 -            810         0 1231.6  23.9   1   1         0         0 1221.9  23.9     1   809     5   877     5   878 0.92 -
5092at766_1423892_0:0000ce|OZ308468.1:97127-99761 -            879 5092                 -            810         0 1231.6  23.9   1   1         0         0 1221.9  23.9     1   809     6   878     6   879 0.92 -
5092at766_205920_0:0000a0|OZ308468.1:97127-99761  -            879 5092                 -            810         0 1231.6  23.9   1   1         0         0 1221.9  23.9     1   809     6   878     6   879 0.92 -
5092at766_391036_0:000204|OZ308468.1:97127-99761  -            879 5092                 -            810         0 1231.6  23.9   1   1         0         0 1221.9  23.9     1   809     6   878     6   879 0.92 -
5092at766_779_0:000384|OZ308468.1:97112-99761     -            883 5092                 -            810         0 1231.6  23.9   1   1         0         0 1221.9  23.9     1   809     6   878     6   879 0.92 -
5092at766_696127_0:00041f|OZ308468.1:97130-99749  -            874 5092                 -            810         0 1231.1  23.9   1   2  5.3e-274  5.3e-274  902.4   2.8     1   497     2   514     2   520 0.96 -
5092at766_696127_0:00041f|OZ308468.1:97130-99749  -            874 5092                 -            810         0 1231.1  23.9   2   2  1.8e-102  1.8e-102  335.0  12.8   484   808   527   873   509   874 0.88 -
5092at766_2115978_0:0002cf|OZ308468.1:97130-99755 -            876 5092                 -            810         0 1231.1  23.9   1   2  5.3e-274  5.3e-274  902.4   2.8     1   497     4   516     4   522 0.96 -
5092at766_2115978_0:0002cf|OZ308468.1:97130-99755 -            876 5092                 -            810         0 1231.1  23.9   2   2  1.8e-102  1.8e-102  335.0  12.8   484   808   529   875   511   876 0.88 -
5092at766_1242993_0:0000be|OZ308468.1:97127-99743 -            873 5092                 -            810         0 1230.5  24.0   1   2    1e-273    1e-273  901.4   2.8     2   498     1   513     1   521 0.96 -
5092at766_1242993_0:0000be|OZ308468.1:97127-99743 -            873 5092                 -            810         0 1230.5  24.0   2   2  1.3e-102  1.3e-102  335.5  12.9   484   809   525   872   507   873 0.88 -
5092at766_2602574_0:000342|OZ308468.1:97142-99752 -            871 5092                 -            810         0 1230.2  22.9   1   2  6.1e-274  6.1e-274  902.2   3.0     1   497     3   515     3   520 0.96 -
5092at766_2602574_0:000342|OZ308468.1:97142-99752 -            871 5092                 -            810         0 1230.2  22.9   2   2  4.7e-102  4.7e-102  333.7  12.1   485   803   529   869   513   871 0.88 -
5092at766_2486577_0:000080|OZ308468.1:97148-99749 -            868 5092                 -            810         0 1229.4  23.0   1   2  5.2e-274  5.2e-274  902.4   2.9     1   497     2   514     2   521 0.96 -
5092at766_2486577_0:000080|OZ308468.1:97148-99749 -            868 5092                 -            810         0 1229.4  23.0   2   2  8.5e-102  8.5e-102  332.8  12.3   485   801   528   866   512   868 0.88 -
5092at766_1359168_0:0001c3|OZ308468.1:97175-99749 -            859 5092                 -            810         0 1226.3  22.1   1   1         0         0 1216.5  22.1     1   793     2   858     2   859 0.92 -
5092at766_334380_0:00025f|OZ308468.1:97175-99761  -            863 5092                 -            810         0 1226.2  22.2   1   1         0         0 1216.5  22.2     1   793     6   862     6   863 0.92 -
5092at766_1802984_0:000199|OZ308468.1:97178-99749 -            858 5092                 -            810         0 1225.4  22.2   1   2  5.2e-274  5.2e-274  902.4   2.9     1   497     2   514     2   520 0.96 -
5092at766_1802984_0:000199|OZ308468.1:97178-99749 -            858 5092                 -            810         0 1225.4  22.2   2   2  1.5e-100  1.5e-100  328.7  11.5   485   793   528   858   512   858 0.89 -
5092at766_272947_0:000004|OZ308468.1:97178-99758  -            861 5092                 -            810         0 1225.3  22.2   1   2  5.2e-274  5.2e-274  902.4   2.9     1   497     5   517     5   523 0.96 -
5092at766_272947_0:000004|OZ308468.1:97178-99758  -            861 5092                 -            810         0 1225.3  22.2   2   2  1.5e-100  1.5e-100  328.7  11.5   485   793   531   861   515   861 0.89 -
5092at766_1274402_0:000236|OZ308468.1:97148-99734 -            863 5092                 -            810         0 1224.9  22.5   1   2  1.4e-272  1.4e-272  897.6   2.7     5   497     1   509     1   516 0.96 -
5092at766_1274402_0:000236|OZ308468.1:97148-99734 -            863 5092                 -            810         0 1224.9  22.5   2   2  7.1e-102  7.1e-102  333.0  12.0   485   801   523   861   507   863 0.88 -
5092at766_1286528_0:000297|OZ308468.1:97217-99746 -            844 5092                 -            810         0 1206.2  23.5   1   2  4.7e-274  4.7e-274  902.5   2.8     1   497     1   513     1   519 0.96 -
5092at766_1286528_0:000297|OZ308468.1:97217-99746 -            844 5092                 -            810         0 1206.2  23.5   2   2   6.8e-95   6.8e-95  310.0  12.4   484   778   526   842   508   844 0.88 -
5092at766_1392507_0:0001b2|OZ308468.1:97223-99758 -            846 5092                 -            810         0 1205.3  23.4   1   1         0         0 1195.5  23.4     1   777     5   845     5   846 0.91 -
5092at766_1714371_0:00025e|OZ308468.1:97229-99746 -            840 5092                 -            810         0 1204.0  23.2   1   2  5.4e-274  5.4e-274  902.3   3.0     1   497     1   513     1   518 0.96 -
5092at766_1714371_0:00025e|OZ308468.1:97229-99746 -            840 5092                 -            810         0 1204.0  23.2   2   2   4.6e-94   4.6e-94  307.2  12.4   486   775   528   839   517   840 0.88 -
5092at766_222891_0:0000b3|OZ308468.1:97247-99746  -            834 5092                 -            810         0 1201.1  21.5   1   2  5.4e-274  5.4e-274  902.3   3.0     1   497     1   513     1   518 0.96 -
5092at766_222891_0:0000b3|OZ308468.1:97247-99746  -            834 5092                 -            810         0 1201.1  21.5   2   2   3.2e-93   3.2e-93  304.4  10.7   485   765   527   825   511   834 0.86 -
5092at766_434131_0:0000f7|OZ308468.1:97247-99746  -            834 5092                 -            810         0 1201.1  21.5   1   2  5.4e-274  5.4e-274  902.3   3.0     1   497     1   513     1   518 0.96 -
5092at766_434131_0:0000f7|OZ308468.1:97247-99746  -            834 5092                 -            810         0 1201.1  21.5   2   2   3.2e-93   3.2e-93  304.4  10.7   485   765   527   825   511   834 0.86 -
#
# Program:         hmmsearch
# Version:         3.4 (Aug 2023)
# Pipeline mode:   SEARCH
# Query file:      /Users/rossoaa/Desktop/dummy/genomes/records/compleasm/mb_downloads/rickettsiales_odb12/hmms/5092at766.hmm
# Target file:     -
# Option settings: /Users/rossoaa/miniconda3/envs/compleasm_env/bin/hmmsearch --domtblout /Users/rossoaa/Desktop/dummy/genomes/records/compleasm/rickettsiales_odb12/hmmer_output/5092at766.out --cpu 1 /Users/rossoaa/Desktop/dummy/genomes/records/compleasm/mb_downloads/rickettsiales_odb12/hmms/5092at766.hmm - 
# Current dir:     /Users/rossoaa/Desktop/dummy/genomes/records/compleasm
# Date:            Tue Feb 10 10:20:25 2026
# [ok]
