#                                                                                                          --- full sequence --- -------------- this domain -------------   hmm coord   ali coord   env coord
# target name                                      accession   tlen query name           accession   qlen   E-value  score  bias   #  of  c-Evalue  i-Evalue  score  bias  from    to  from    to  from    to  acc description of target
#                              ------------------- ---------- ----- -------------------- ---------- ----- --------- ------ ----- --- --- --------- --------- ------ ----- ----- ----- ----- ----- ----- ----- ---- ---------------------
510at766_1286528_0:00008c|OZ308468.1:309536-310874 -            446 510                  -            443  7.1e-241  790.4  16.1   1   1  8.2e-241  8.2e-241  790.2  16.1     5   443     7   446     3   446 0.99 -
510at766_1359163_0:000139|OZ308468.1:309530-310874 -            448 510                  -            443  7.2e-241  790.3  16.1   1   1  8.3e-241  8.3e-241  790.1  16.1     5   443     9   448     5   448 0.99 -
510at766_1274402_0:0000bc|OZ308468.1:309524-310874 -            450 510                  -            443  7.3e-241  790.3  16.1   1   1  8.5e-241  8.5e-241  790.1  16.1     5   443    11   450     7   450 0.99 -
510at766_1242993_0:00010b|OZ308468.1:309497-310874 -            459 510                  -            443  7.9e-241  790.2  16.1   1   1  9.2e-241  9.2e-241  790.0  16.1     5   443    20   459    16   459 0.99 -
510at766_955_0:000250|OZ308468.1:309494-310874     -            460 510                  -            443    8e-241  790.2  16.1   1   1  9.2e-241  9.2e-241  790.0  16.1     5   443    21   460    17   460 0.99 -
510at766_1392507_0:000013|OZ308468.1:309548-310874 -            442 510                  -            443  8.3e-241  790.1  16.0   1   1  9.2e-241  9.2e-241  790.0  16.0     6   443     4   442     1   442 0.99 -
510at766_1714371_0:0000af|OZ308468.1:309548-310874 -            442 510                  -            443  8.3e-241  790.1  16.0   1   1  9.2e-241  9.2e-241  790.0  16.0     6   443     4   442     1   442 0.99 -
510at766_222891_0:000017|OZ308468.1:309548-310874  -            442 510                  -            443  8.3e-241  790.1  16.0   1   1  9.2e-241  9.2e-241  790.0  16.0     6   443     4   442     1   442 0.99 -
510at766_205920_0:0000cf|OZ308468.1:309479-310874  -            465 510                  -            443  8.3e-241  790.1  16.1   1   1  9.6e-241  9.6e-241  789.9  16.1     5   443    26   465    22   465 0.99 -
510at766_779_0:0002ea|OZ308468.1:309452-310874     -            474 510                  -            443  8.9e-241  790.0  16.1   1   1    1e-240    1e-240  789.8  16.1     5   443    35   474    31   474 0.99 -
510at766_96496_0:0001a3|OZ308468.1:309434-310874   -            480 510                  -            443  9.3e-241  790.0  16.1   1   1  1.1e-240  1.1e-240  789.7  16.1     5   443    41   480    37   480 0.99 -
510at766_1605993_0:00010a|OZ308468.1:309425-310874 -            483 510                  -            443  9.5e-241  789.9  16.1   1   1  1.1e-240  1.1e-240  789.7  16.1     5   443    44   483    40   483 0.99 -
510at766_169402_0:0002f6|OZ308468.1:309416-310874  -            486 510                  -            443  9.8e-241  789.9  16.1   1   1  1.1e-240  1.1e-240  789.7  16.1     5   443    47   486    43   486 0.99 -
510at766_246273_0:000198|OZ308468.1:309416-310874  -            486 510                  -            443  9.8e-241  789.9  16.1   1   1  1.1e-240  1.1e-240  789.7  16.1     5   443    47   486    43   486 0.99 -
510at766_1528098_0:000392|OZ308468.1:309554-310874 -            440 510                  -            443  1.3e-240  789.5  16.0   1   1  1.5e-240  1.5e-240  789.3  16.0     9   443     5   440     1   440 0.99 -
510at766_2486577_0:000230|OZ308468.1:309566-310874 -            436 510                  -            443  2.8e-240  788.4  16.2   1   1  3.1e-240  3.1e-240  788.2  16.2    11   443     3   436     1   436 0.99 -
510at766_2602574_0:0000a1|OZ308468.1:309566-310874 -            436 510                  -            443  2.8e-240  788.4  16.2   1   1  3.1e-240  3.1e-240  788.2  16.2    11   443     3   436     1   436 0.99 -
510at766_696127_0:000164|OZ308468.1:309566-310874  -            436 510                  -            443  2.8e-240  788.4  16.2   1   1  3.1e-240  3.1e-240  788.2  16.2    11   443     3   436     1   436 0.99 -
510at766_1961830_0:00028c|OZ308468.1:309569-310874 -            435 510                  -            443  3.8e-240  787.9  16.2   1   1  4.3e-240  4.3e-240  787.8  16.2    11   443     2   435     1   435 0.99 -
510at766_1248439_0:000058|OZ308468.1:309572-310874 -            434 510                  -            443  5.7e-240  787.4  16.2   1   1  6.4e-240  6.4e-240  787.2  16.2    12   443     2   434     1   434 0.99 -
510at766_142058_0:00033a|OZ308468.1:309572-310874  -            434 510                  -            443  5.7e-240  787.4  16.2   1   1  6.4e-240  6.4e-240  787.2  16.2    12   443     2   434     1   434 0.99 -
510at766_1423892_0:000274|OZ308468.1:309572-310874 -            434 510                  -            443  5.7e-240  787.4  16.2   1   1  6.4e-240  6.4e-240  787.2  16.2    12   443     2   434     1   434 0.99 -
510at766_574556_0:00020f|OZ308468.1:309572-310874  -            434 510                  -            443  5.7e-240  787.4  16.2   1   1  6.4e-240  6.4e-240  787.2  16.2    12   443     2   434     1   434 0.99 -
510at766_1105107_0:00008e|OZ308468.1:309575-310874 -            433 510                  -            443    1e-239  786.5  16.1   1   1  1.2e-239  1.2e-239  786.4  16.1    12   443     1   433     1   433 0.99 -
510at766_2486578_0:00047e|OZ308468.1:309575-310874 -            433 510                  -            443    1e-239  786.5  16.1   1   1  1.2e-239  1.2e-239  786.4  16.1    12   443     1   433     1   433 0.99 -
510at766_272947_0:000302|OZ308468.1:309575-310874  -            433 510                  -            443    1e-239  786.5  16.1   1   1  1.2e-239  1.2e-239  786.4  16.1    12   443     1   433     1   433 0.99 -
510at766_336407_0:000183|OZ308468.1:309575-310874  -            433 510                  -            443    1e-239  786.5  16.1   1   1  1.2e-239  1.2e-239  786.4  16.1    12   443     1   433     1   433 0.99 -
510at766_481009_0:0004ab|OZ308468.1:309575-310874  -            433 510                  -            443    1e-239  786.5  16.1   1   1  1.2e-239  1.2e-239  786.4  16.1    12   443     1   433     1   433 0.99 -
510at766_86105_0:0006bd|OZ308468.1:309575-310874   -            433 510                  -            443    1e-239  786.5  16.1   1   1  1.2e-239  1.2e-239  786.4  16.1    12   443     1   433     1   433 0.99 -
510at766_752179_0:000072|OZ308468.1:309581-310874  -            431 510                  -            443  7.1e-239  783.8  17.0   1   1    8e-239    8e-239  783.6  17.0    14   443     1   431     1   431 0.99 -
#
# Program:         hmmsearch
# Version:         3.4 (Aug 2023)
# Pipeline mode:   SEARCH
# Query file:      /Users/rossoaa/Desktop/dummy/genomes/records/compleasm/mb_downloads/rickettsiales_odb12/hmms/510at766.hmm
# Target file:     -
# Option settings: /Users/rossoaa/miniconda3/envs/compleasm_env/bin/hmmsearch --domtblout /Users/rossoaa/Desktop/dummy/genomes/records/compleasm/rickettsiales_odb12/hmmer_output/510at766.out --cpu 1 /Users/rossoaa/Desktop/dummy/genomes/records/compleasm/mb_downloads/rickettsiales_odb12/hmms/510at766.hmm - 
# Current dir:     /Users/rossoaa/Desktop/dummy/genomes/records/compleasm
# Date:            Tue Feb 10 10:20:24 2026
# [ok]
