#                                                                                                             --- full sequence --- -------------- this domain -------------   hmm coord   ali coord   env coord
# target name                                         accession   tlen query name           accession   qlen   E-value  score  bias   #  of  c-Evalue  i-Evalue  score  bias  from    to  from    to  from    to  acc description of target
#                                 ------------------- ---------- ----- -------------------- ---------- ----- --------- ------ ----- --- --- --------- --------- ------ ----- ----- ----- ----- ----- ----- ----- ---- ---------------------
5122at766_1274402_0:00017f|OZ308468.1:1073255-1075544 -            763 5122                 -            678  2.5e-278  916.3  49.7   1   2     3e-06     3e-06   17.1  14.6     5   102     9   113     6   122 0.71 -
5122at766_1274402_0:00017f|OZ308468.1:1073255-1075544 -            763 5122                 -            678  2.5e-278  916.3  49.7   2   2  8.3e-275  8.3e-275  904.6  30.8    59   678   108   761   100   761 0.91 -
5122at766_1392507_0:00002d|OZ308468.1:1073249-1075538 -            764 5122                 -            678  2.5e-278  916.3  49.7   1   2     3e-06     3e-06   17.1  14.6     5   102    11   115     8   124 0.71 -
5122at766_1392507_0:00002d|OZ308468.1:1073249-1075538 -            764 5122                 -            678  2.5e-278  916.3  49.7   2   2  8.4e-275  8.4e-275  904.6  30.8    59   678   110   763   102   763 0.91 -
5122at766_1242993_0:000361|OZ308468.1:1073249-1075544 -            765 5122                 -            678  2.5e-278  916.3  49.7   1   2     3e-06     3e-06   17.1  14.6     5   102    11   115     8   124 0.71 -
5122at766_1242993_0:000361|OZ308468.1:1073249-1075544 -            765 5122                 -            678  2.5e-278  916.3  49.7   2   2  8.4e-275  8.4e-275  904.6  30.8    59   678   110   763   102   763 0.91 -
5122at766_1423892_0:000359|OZ308468.1:1073249-1075544 -            765 5122                 -            678  2.5e-278  916.3  49.7   1   2     3e-06     3e-06   17.1  14.6     5   102    11   115     8   124 0.71 -
5122at766_1423892_0:000359|OZ308468.1:1073249-1075544 -            765 5122                 -            678  2.5e-278  916.3  49.7   2   2  8.4e-275  8.4e-275  904.6  30.8    59   678   110   763   102   763 0.91 -
5122at766_205920_0:0001bd|OZ308468.1:1073249-1075544  -            765 5122                 -            678  2.5e-278  916.3  49.7   1   2     3e-06     3e-06   17.1  14.6     5   102    11   115     8   124 0.71 -
5122at766_205920_0:0001bd|OZ308468.1:1073249-1075544  -            765 5122                 -            678  2.5e-278  916.3  49.7   2   2  8.4e-275  8.4e-275  904.6  30.8    59   678   110   763   102   763 0.91 -
5122at766_272947_0:000237|OZ308468.1:1073249-1075544  -            765 5122                 -            678  2.5e-278  916.3  49.7   1   2     3e-06     3e-06   17.1  14.6     5   102    11   115     8   124 0.71 -
5122at766_272947_0:000237|OZ308468.1:1073249-1075544  -            765 5122                 -            678  2.5e-278  916.3  49.7   2   2  8.4e-275  8.4e-275  904.6  30.8    59   678   110   763   102   763 0.91 -
5122at766_391036_0:000253|OZ308468.1:1073249-1075544  -            765 5122                 -            678  2.5e-278  916.3  49.7   1   2     3e-06     3e-06   17.1  14.6     5   102    11   115     8   124 0.71 -
5122at766_391036_0:000253|OZ308468.1:1073249-1075544  -            765 5122                 -            678  2.5e-278  916.3  49.7   2   2  8.4e-275  8.4e-275  904.6  30.8    59   678   110   763   102   763 0.91 -
5122at766_481009_0:000218|OZ308468.1:1073249-1075544  -            765 5122                 -            678  2.5e-278  916.3  49.7   1   2     3e-06     3e-06   17.1  14.6     5   102    11   115     8   124 0.71 -
5122at766_481009_0:000218|OZ308468.1:1073249-1075544  -            765 5122                 -            678  2.5e-278  916.3  49.7   2   2  8.4e-275  8.4e-275  904.6  30.8    59   678   110   763   102   763 0.91 -
5122at766_779_0:000077|OZ308468.1:1073249-1075544     -            765 5122                 -            678  2.5e-278  916.3  49.7   1   2     3e-06     3e-06   17.1  14.6     5   102    11   115     8   124 0.71 -
5122at766_779_0:000077|OZ308468.1:1073249-1075544     -            765 5122                 -            678  2.5e-278  916.3  49.7   2   2  8.4e-275  8.4e-275  904.6  30.8    59   678   110   763   102   763 0.91 -
5122at766_1286528_0:0000dc|OZ308468.1:1073240-1075538 -            767 5122                 -            678  2.5e-278  916.3  49.7   1   2     3e-06     3e-06   17.1  14.6     5   102    14   118    11   127 0.71 -
5122at766_1286528_0:0000dc|OZ308468.1:1073240-1075538 -            767 5122                 -            678  2.5e-278  916.3  49.7   2   2  8.5e-275  8.5e-275  904.6  30.8    59   678   113   766   105   766 0.91 -
5122at766_1359163_0:0001c7|OZ308468.1:1073228-1075538 -            771 5122                 -            678  2.6e-278  916.2  49.7   1   2   3.1e-06   3.1e-06   17.1  14.6     5   102    18   122    15   131 0.71 -
5122at766_1359163_0:0001c7|OZ308468.1:1073228-1075538 -            771 5122                 -            678  2.6e-278  916.2  49.7   2   2  8.6e-275  8.6e-275  904.6  30.8    59   678   117   770   109   770 0.91 -
5122at766_1605993_0:000272|OZ308468.1:1073225-1075544 -            773 5122                 -            678  2.6e-278  916.2  49.7   1   2   3.1e-06   3.1e-06   17.1  14.6     5   102    19   123    16   132 0.71 -
5122at766_1605993_0:000272|OZ308468.1:1073225-1075544 -            773 5122                 -            678  2.6e-278  916.2  49.7   2   2  8.7e-275  8.7e-275  904.6  30.8    59   678   118   771   110   771 0.91 -
5122at766_169402_0:000047|OZ308468.1:1073225-1075544  -            773 5122                 -            678  2.6e-278  916.2  49.7   1   2   3.1e-06   3.1e-06   17.1  14.6     5   102    19   123    16   132 0.71 -
5122at766_169402_0:000047|OZ308468.1:1073225-1075544  -            773 5122                 -            678  2.6e-278  916.2  49.7   2   2  8.7e-275  8.7e-275  904.6  30.8    59   678   118   771   110   771 0.91 -
5122at766_1802984_0:000292|OZ308468.1:1073225-1075544 -            773 5122                 -            678  2.6e-278  916.2  49.7   1   2   3.1e-06   3.1e-06   17.1  14.6     5   102    19   123    16   132 0.71 -
5122at766_1802984_0:000292|OZ308468.1:1073225-1075544 -            773 5122                 -            678  2.6e-278  916.2  49.7   2   2  8.7e-275  8.7e-275  904.6  30.8    59   678   118   771   110   771 0.91 -
5122at766_246273_0:000365|OZ308468.1:1073225-1075544  -            773 5122                 -            678  2.6e-278  916.2  49.7   1   2   3.1e-06   3.1e-06   17.1  14.6     5   102    19   123    16   132 0.71 -
5122at766_246273_0:000365|OZ308468.1:1073225-1075544  -            773 5122                 -            678  2.6e-278  916.2  49.7   2   2  8.7e-275  8.7e-275  904.6  30.8    59   678   118   771   110   771 0.91 -
5122at766_2602574_0:000224|OZ308468.1:1073225-1075541 -            773 5122                 -            678  2.6e-278  916.2  49.7   1   2   3.1e-06   3.1e-06   17.1  14.6     5   102    19   123    16   132 0.71 -
5122at766_2602574_0:000224|OZ308468.1:1073225-1075541 -            773 5122                 -            678  2.6e-278  916.2  49.7   2   2  8.7e-275  8.7e-275  904.6  30.8    59   678   118   771   110   771 0.91 -
5122at766_955_0:000165|OZ308468.1:1073225-1075544     -            773 5122                 -            678  2.6e-278  916.2  49.7   1   2   3.1e-06   3.1e-06   17.1  14.6     5   102    19   123    16   132 0.71 -
5122at766_955_0:000165|OZ308468.1:1073225-1075544     -            773 5122                 -            678  2.6e-278  916.2  49.7   2   2  8.7e-275  8.7e-275  904.6  30.8    59   678   118   771   110   771 0.91 -
5122at766_96496_0:00014f|OZ308468.1:1073225-1075544   -            773 5122                 -            678  2.6e-278  916.2  49.7   1   2   3.1e-06   3.1e-06   17.1  14.6     5   102    19   123    16   132 0.71 -
5122at766_96496_0:00014f|OZ308468.1:1073225-1075544   -            773 5122                 -            678  2.6e-278  916.2  49.7   2   2  8.7e-275  8.7e-275  904.6  30.8    59   678   118   771   110   771 0.91 -
5122at766_1105107_0:0000b6|OZ308468.1:1073222-1075544 -            774 5122                 -            678  2.6e-278  916.2  49.7   1   2   3.1e-06   3.1e-06   17.1  14.6     5   102    20   124    17   133 0.71 -
5122at766_1105107_0:0000b6|OZ308468.1:1073222-1075544 -            774 5122                 -            678  2.6e-278  916.2  49.7   2   2  8.8e-275  8.8e-275  904.6  30.8    59   678   119   772   111   772 0.91 -
5122at766_2486578_0:0003cf|OZ308468.1:1073222-1075544 -            774 5122                 -            678  2.6e-278  916.2  49.7   1   2   3.1e-06   3.1e-06   17.1  14.6     5   102    20   124    17   133 0.71 -
5122at766_2486578_0:0003cf|OZ308468.1:1073222-1075544 -            774 5122                 -            678  2.6e-278  916.2  49.7   2   2  8.8e-275  8.8e-275  904.6  30.8    59   678   119   772   111   772 0.91 -
5122at766_752179_0:000384|OZ308468.1:1073216-1075544  -            776 5122                 -            678  2.6e-278  916.2  49.7   1   2   3.1e-06   3.1e-06   17.1  14.6     5   102    22   126    19   135 0.71 -
5122at766_752179_0:000384|OZ308468.1:1073216-1075544  -            776 5122                 -            678  2.6e-278  916.2  49.7   2   2  8.8e-275  8.8e-275  904.5  30.8    59   678   121   774   113   774 0.91 -
5122at766_1359168_0:0000dc|OZ308468.1:1073213-1075544 -            777 5122                 -            678  2.7e-278  916.2  49.7   1   2   3.1e-06   3.1e-06   17.1  14.6     5   102    23   127    20   136 0.71 -
5122at766_1359168_0:0000dc|OZ308468.1:1073213-1075544 -            777 5122                 -            678  2.7e-278  916.2  49.7   2   2  8.9e-275  8.9e-275  904.5  30.8    59   678   122   775   114   775 0.91 -
5122at766_1528098_0:000133|OZ308468.1:1073213-1075544 -            777 5122                 -            678  2.7e-278  916.2  49.7   1   2   3.1e-06   3.1e-06   17.1  14.6     5   102    23   127    20   136 0.71 -
5122at766_1528098_0:000133|OZ308468.1:1073213-1075544 -            777 5122                 -            678  2.7e-278  916.2  49.7   2   2  8.9e-275  8.9e-275  904.5  30.8    59   678   122   775   114   775 0.91 -
5122at766_334380_0:000299|OZ308468.1:1073213-1075544  -            777 5122                 -            678  2.7e-278  916.2  49.7   1   2   3.1e-06   3.1e-06   17.1  14.6     5   102    23   127    20   136 0.71 -
5122at766_334380_0:000299|OZ308468.1:1073213-1075544  -            777 5122                 -            678  2.7e-278  916.2  49.7   2   2  8.9e-275  8.9e-275  904.5  30.8    59   678   122   775   114   775 0.91 -
5122at766_336407_0:0000e0|OZ308468.1:1073279-1075544  -            755 5122                 -            678  4.3e-278  915.5  49.4   1   2   3.5e-06   3.5e-06   16.9  14.2     7   104     3   107     1   118 0.69 -
5122at766_336407_0:0000e0|OZ308468.1:1073279-1075544  -            755 5122                 -            678  4.3e-278  915.5  49.4   2   2  9.1e-275  9.1e-275  904.5  30.8    59   678   100   753    94   753 0.91 -
5122at766_2115978_0:000327|OZ308468.1:1073240-1075532 -            765 5122                 -            678    5e-278  915.3  49.4   1   2     3e-06     3e-06   17.1  13.7     5   100    14   116    11   122 0.72 -
5122at766_2115978_0:000327|OZ308468.1:1073240-1075532 -            765 5122                 -            678    5e-278  915.3  49.4   2   2  1.7e-274  1.7e-274  903.6  30.2    59   677   113   765   108   765 0.91 -
5122at766_1714371_0:0000a6|OZ308468.1:1073387-1075538 -            718 5122                 -            678  1.2e-276  910.8  46.9   1   2   0.00014   0.00014   11.6  11.3    37   102     3    69     1    76 0.71 -
5122at766_1714371_0:0000a6|OZ308468.1:1073387-1075538 -            718 5122                 -            678  1.2e-276  910.8  46.9   2   2  5.4e-275  5.4e-275  905.2  30.2    59   678    64   717    59   717 0.91 -
5122at766_696127_0:0001d4|OZ308468.1:1071781-1075544  -            741 5122                 -            678  4.5e-276  908.8  36.6   1   1  5.8e-276  5.8e-276  908.5  36.6    11   678    46   739    24   739 0.87 -
5122at766_86105_0:00043f|OZ308468.1:1071667-1075544   -            900 5122                 -            678  5.3e-276  908.6  54.5   1   2   2.7e-05   2.7e-05   14.0  16.9    16   115   157   262   138   267 0.65 -
5122at766_86105_0:00043f|OZ308468.1:1071667-1075544   -            900 5122                 -            678  5.3e-276  908.6  54.5   2   2  1.8e-274  1.8e-274  903.6  30.9    59   678   245   898   239   898 0.91 -
5122at766_1248439_0:00023e|OZ308468.1:1073405-1075544 -            713 5122                 -            678  2.3e-275  906.5  47.8   1   2    0.0025    0.0025    7.5  13.2    41   107     1    67     1    78 0.68 -
5122at766_1248439_0:00023e|OZ308468.1:1073405-1075544 -            713 5122                 -            678  2.3e-275  906.5  47.8   2   2  1.1e-274  1.1e-274  904.2  31.5    59   678    58   711    51   711 0.91 -
5122at766_574556_0:00017f|OZ308468.1:1073405-1075544  -            713 5122                 -            678  2.3e-275  906.5  47.8   1   2    0.0025    0.0025    7.5  13.2    41   107     1    67     1    78 0.68 -
5122at766_574556_0:00017f|OZ308468.1:1073405-1075544  -            713 5122                 -            678  2.3e-275  906.5  47.8   2   2  1.1e-274  1.1e-274  904.2  31.5    59   678    58   711    51   711 0.91 -
5122at766_222891_0:00019d|OZ308468.1:1073621-1075538  -            640 5122                 -            678  1.6e-274  903.7  26.7   1   1  1.8e-274  1.8e-274  903.5  26.7    76   678     3   639     1   639 0.92 -
5122at766_2486577_0:0000f2|OZ308468.1:1073402-1075520 -            707 5122                 -            678  5.4e-274  901.9  47.0   1   2    0.0011    0.0011    8.6  12.0    40   102     1    64     1    71 0.71 -
5122at766_2486577_0:0000f2|OZ308468.1:1073402-1075520 -            707 5122                 -            678  5.4e-274  901.9  47.0   2   2  6.8e-273  6.8e-273  898.3  31.0    59   673    59   707    52   707 0.91 -
5122at766_434131_0:0000c6|OZ308468.1:1073753-1075538  -            596 5122                 -            678  2.3e-272  896.6  25.2   1   1  2.6e-272  2.6e-272  896.4  25.2   109   678     2   595     1   595 0.94 -
5122at766_1961830_0:00027e|OZ308468.1:1073789-1075544 -            585 5122                 -            678  2.4e-270  889.9  24.8   1   1  2.8e-270  2.8e-270  889.7  24.8   120   678     1   583     1   583 0.94 -
5122at766_142058_0:000081|OZ308468.1:1073402-1074488  -            363 5122                 -            678  1.6e-122  401.3  27.4   1   2   0.00046   0.00046    9.9  12.1    40   102     1    64     1    71 0.71 -
5122at766_142058_0:000081|OZ308468.1:1073402-1074488  -            363 5122                 -            678  1.6e-122  401.3  27.4   2   2  2.5e-121  2.5e-121  397.4  10.2    59   344    59   363    54   363 0.87 -
#
# Program:         hmmsearch
# Version:         3.4 (Aug 2023)
# Pipeline mode:   SEARCH
# Query file:      /Users/rossoaa/Desktop/dummy/genomes/records/compleasm/mb_downloads/rickettsiales_odb12/hmms/5122at766.hmm
# Target file:     -
# Option settings: /Users/rossoaa/miniconda3/envs/compleasm_env/bin/hmmsearch --domtblout /Users/rossoaa/Desktop/dummy/genomes/records/compleasm/rickettsiales_odb12/hmmer_output/5122at766.out --cpu 1 /Users/rossoaa/Desktop/dummy/genomes/records/compleasm/mb_downloads/rickettsiales_odb12/hmms/5122at766.hmm - 
# Current dir:     /Users/rossoaa/Desktop/dummy/genomes/records/compleasm
# Date:            Tue Feb 10 10:20:22 2026
# [ok]
