#                                                                                                           --- full sequence --- -------------- this domain -------------   hmm coord   ali coord   env coord
# target name                                       accession   tlen query name           accession   qlen   E-value  score  bias   #  of  c-Evalue  i-Evalue  score  bias  from    to  from    to  from    to  acc description of target
#                               ------------------- ---------- ----- -------------------- ---------- ----- --------- ------ ----- --- --- --------- --------- ------ ----- ----- ----- ----- ----- ----- ----- ---- ---------------------
5124at766_955_0:0002bd|OZ308468.1:859162-861958     -            882 5124                 -            823  1.5e-230  756.1  36.4   1   2   1.9e-53   1.9e-53  170.3  11.0     1   227     3   252     3   255 0.86 -
5124at766_955_0:0002bd|OZ308468.1:859162-861958     -            882 5124                 -            823  1.5e-230  756.1  36.4   2   2  1.5e-179  1.5e-179  587.4  17.4   236   823   296   881   286   881 0.94 -
5124at766_96496_0:0001fb|OZ308468.1:859150-861958   -            891 5124                 -            823  8.7e-229  750.3  36.3   1   2   1.8e-53   1.8e-53  170.3  10.9     1   227     7   256     7   259 0.86 -
5124at766_96496_0:0001fb|OZ308468.1:859150-861958   -            891 5124                 -            823  8.7e-229  750.3  36.3   2   2  9.1e-178  9.1e-178  581.5  17.3   236   823   300   890   290   890 0.93 -
5124at766_246273_0:00019e|OZ308468.1:859162-861958  -            932 5124                 -            823  1.5e-225  739.6  40.3   1   3     2e-53     2e-53  170.2  10.9     1   227     3   252     3   255 0.86 -
5124at766_246273_0:00019e|OZ308468.1:859162-861958  -            932 5124                 -            823  1.5e-225  739.6  40.3   2   3  5.1e-127  5.1e-127  413.6  17.3   236   697   296   748   286   750 0.93 -
5124at766_246273_0:00019e|OZ308468.1:859162-861958  -            932 5124                 -            823  1.5e-225  739.6  40.3   3   3   3.2e-50   3.2e-50  159.6   0.1   694   823   799   931   782   931 0.93 -
5124at766_1605993_0:0002e8|OZ308468.1:859150-861958 -            936 5124                 -            823  1.5e-225  739.5  40.3   1   3     2e-53     2e-53  170.2  10.9     1   227     7   256     7   259 0.86 -
5124at766_1605993_0:0002e8|OZ308468.1:859150-861958 -            936 5124                 -            823  1.5e-225  739.5  40.3   2   3  5.2e-127  5.2e-127  413.6  17.3   236   697   300   752   290   754 0.93 -
5124at766_1605993_0:0002e8|OZ308468.1:859150-861958 -            936 5124                 -            823  1.5e-225  739.5  40.3   3   3   3.2e-50   3.2e-50  159.6   0.1   694   823   803   935   786   935 0.93 -
5124at766_169402_0:0002ca|OZ308468.1:859162-861958  -            898 5124                 -            823  2.5e-225  738.8  40.2   1   3   1.9e-53   1.9e-53  170.3  10.9     1   227     3   252     3   255 0.86 -
5124at766_169402_0:0002ca|OZ308468.1:859162-861958  -            898 5124                 -            823  2.5e-225  738.8  40.2   2   3  2.3e-127  2.3e-127  414.8  16.3   236   697   296   748   286   752 0.93 -
5124at766_169402_0:0002ca|OZ308468.1:859162-861958  -            898 5124                 -            823  2.5e-225  738.8  40.2   3   3   7.2e-50   7.2e-50  158.4   0.2   697   823   768   897   762   897 0.96 -
5124at766_696127_0:0001fd|OZ308468.1:861079-861724  -            171 5124                 -            823     1e-67  217.5   0.1   1   1   1.1e-67   1.1e-67  217.3   0.1   580   749     1   170     1   171 0.92 -
#
# Program:         hmmsearch
# Version:         3.4 (Aug 2023)
# Pipeline mode:   SEARCH
# Query file:      /Users/rossoaa/Desktop/dummy/genomes/records/compleasm/mb_downloads/rickettsiales_odb12/hmms/5124at766.hmm
# Target file:     -
# Option settings: /Users/rossoaa/miniconda3/envs/compleasm_env/bin/hmmsearch --domtblout /Users/rossoaa/Desktop/dummy/genomes/records/compleasm/rickettsiales_odb12/hmmer_output/5124at766.out --cpu 1 /Users/rossoaa/Desktop/dummy/genomes/records/compleasm/mb_downloads/rickettsiales_odb12/hmms/5124at766.hmm - 
# Current dir:     /Users/rossoaa/Desktop/dummy/genomes/records/compleasm
# Date:            Tue Feb 10 10:20:20 2026
# [ok]
