#                                                                                                           --- full sequence --- -------------- this domain -------------   hmm coord   ali coord   env coord
# target name                                       accession   tlen query name           accession   qlen   E-value  score  bias   #  of  c-Evalue  i-Evalue  score  bias  from    to  from    to  from    to  acc description of target
#                               ------------------- ---------- ----- -------------------- ---------- ----- --------- ------ ----- --- --- --------- --------- ------ ----- ----- ----- ----- ----- ----- ----- ---- ---------------------
5132at766_2486578_0:0003a9|OZ308468.1:190422-192366 -            649 5132                 -            643  1.2e-318 1049.0  12.5   1   1  1.3e-318  1.3e-318 1048.8  12.5     2   643     2   649     1   649 0.97 -
5132at766_2602574_0:000007|OZ308468.1:190422-192369 -            650 5132                 -            643  1.2e-318 1049.0  12.5   1   1  1.3e-318  1.3e-318 1048.8  12.5     2   643     2   649     1   649 0.97 -
5132at766_205920_0:000137|OZ308468.1:190419-192369  -            651 5132                 -            643  1.2e-318 1049.0  12.5   1   1  1.4e-318  1.4e-318 1048.8  12.5     2   643     3   650     2   650 0.97 -
5132at766_86105_0:00038c|OZ308468.1:190419-192369   -            651 5132                 -            643  1.2e-318 1049.0  12.5   1   1  1.4e-318  1.4e-318 1048.8  12.5     2   643     3   650     2   650 0.97 -
5132at766_1802984_0:000048|OZ308468.1:190422-192375 -            651 5132                 -            643  1.2e-318 1049.0  12.5   1   1  1.4e-318  1.4e-318 1048.8  12.5     2   643     2   649     1   649 0.97 -
5132at766_696127_0:00012c|OZ308468.1:190422-192375  -            651 5132                 -            643  1.2e-318 1049.0  12.5   1   1  1.4e-318  1.4e-318 1048.8  12.5     2   643     2   649     1   649 0.97 -
5132at766_1242993_0:0002c7|OZ308468.1:190419-192372 -            652 5132                 -            643  1.2e-318 1049.0  12.5   1   1  1.4e-318  1.4e-318 1048.8  12.5     2   643     3   650     2   650 0.97 -
5132at766_1248439_0:0002f7|OZ308468.1:190419-192372 -            652 5132                 -            643  1.2e-318 1049.0  12.5   1   1  1.4e-318  1.4e-318 1048.8  12.5     2   643     3   650     2   650 0.97 -
5132at766_1359163_0:0000c9|OZ308468.1:190419-192375 -            652 5132                 -            643  1.2e-318 1049.0  12.5   1   1  1.4e-318  1.4e-318 1048.8  12.5     2   643     3   650     2   650 0.97 -
5132at766_1392507_0:0002b2|OZ308468.1:190419-192375 -            652 5132                 -            643  1.2e-318 1049.0  12.5   1   1  1.4e-318  1.4e-318 1048.8  12.5     2   643     3   650     2   650 0.97 -
5132at766_142058_0:000242|OZ308468.1:190419-192372  -            652 5132                 -            643  1.2e-318 1049.0  12.5   1   1  1.4e-318  1.4e-318 1048.8  12.5     2   643     3   650     2   650 0.97 -
5132at766_1423892_0:0000a1|OZ308468.1:190419-192372 -            652 5132                 -            643  1.2e-318 1049.0  12.5   1   1  1.4e-318  1.4e-318 1048.8  12.5     2   643     3   650     2   650 0.97 -
5132at766_391036_0:0000a4|OZ308468.1:190419-192372  -            652 5132                 -            643  1.2e-318 1049.0  12.5   1   1  1.4e-318  1.4e-318 1048.8  12.5     2   643     3   650     2   650 0.97 -
5132at766_574556_0:00010f|OZ308468.1:190419-192375  -            652 5132                 -            643  1.2e-318 1049.0  12.5   1   1  1.4e-318  1.4e-318 1048.8  12.5     2   643     3   650     2   650 0.97 -
5132at766_779_0:0001b9|OZ308468.1:190419-192372     -            652 5132                 -            643  1.2e-318 1049.0  12.5   1   1  1.4e-318  1.4e-318 1048.8  12.5     2   643     3   650     2   650 0.97 -
5132at766_1714371_0:00006e|OZ308468.1:190416-192372 -            653 5132                 -            643  1.2e-318 1049.0  12.5   1   1  1.4e-318  1.4e-318 1048.8  12.5     2   643     4   651     3   651 0.97 -
5132at766_1528098_0:0002f6|OZ308468.1:190407-192366 -            654 5132                 -            643  1.2e-318 1049.0  12.5   1   1  1.4e-318  1.4e-318 1048.8  12.5     2   643     7   654     6   654 0.97 -
5132at766_169402_0:000475|OZ308468.1:190407-192369  -            655 5132                 -            643  1.2e-318 1049.0  12.5   1   1  1.4e-318  1.4e-318 1048.8  12.5     2   643     7   654     6   654 0.97 -
5132at766_246273_0:000205|OZ308468.1:190407-192369  -            655 5132                 -            643  1.2e-318 1049.0  12.5   1   1  1.4e-318  1.4e-318 1048.8  12.5     2   643     7   654     6   654 0.97 -
5132at766_1105107_0:0000d4|OZ308468.1:190407-192372 -            656 5132                 -            643  1.2e-318 1048.9  12.5   1   1  1.4e-318  1.4e-318 1048.8  12.5     2   643     7   654     6   654 0.97 -
5132at766_1605993_0:000317|OZ308468.1:190407-192375 -            656 5132                 -            643  1.2e-318 1048.9  12.5   1   1  1.4e-318  1.4e-318 1048.8  12.5     2   643     7   654     6   654 0.97 -
5132at766_1961830_0:0001d7|OZ308468.1:190407-192372 -            656 5132                 -            643  1.2e-318 1048.9  12.5   1   1  1.4e-318  1.4e-318 1048.8  12.5     2   643     7   654     6   654 0.97 -
5132at766_272947_0:000238|OZ308468.1:190407-192372  -            656 5132                 -            643  1.2e-318 1048.9  12.5   1   1  1.4e-318  1.4e-318 1048.8  12.5     2   643     7   654     6   654 0.97 -
5132at766_336407_0:000193|OZ308468.1:190407-192372  -            656 5132                 -            643  1.2e-318 1048.9  12.5   1   1  1.4e-318  1.4e-318 1048.8  12.5     2   643     7   654     6   654 0.97 -
5132at766_481009_0:0001bf|OZ308468.1:190407-192372  -            656 5132                 -            643  1.2e-318 1048.9  12.5   1   1  1.4e-318  1.4e-318 1048.8  12.5     2   643     7   654     6   654 0.97 -
5132at766_752179_0:000186|OZ308468.1:190407-192375  -            656 5132                 -            643  1.2e-318 1048.9  12.5   1   1  1.4e-318  1.4e-318 1048.8  12.5     2   643     7   654     6   654 0.97 -
5132at766_96496_0:000307|OZ308468.1:190407-192375   -            656 5132                 -            643  1.2e-318 1048.9  12.5   1   1  1.4e-318  1.4e-318 1048.8  12.5     2   643     7   654     6   654 0.97 -
5132at766_2486577_0:0000b7|OZ308468.1:190419-192363 -            649 5132                 -            643  2.9e-318 1047.7  12.7   1   1  3.2e-318  3.2e-318 1047.6  12.7     2   641     3   648     2   649 0.98 -
5132at766_1286528_0:0000fb|OZ308468.1:190416-192363 -            650 5132                 -            643  2.9e-318 1047.7  12.7   1   1  3.2e-318  3.2e-318 1047.5  12.7     2   641     4   649     3   650 0.98 -
5132at766_222891_0:000066|OZ308468.1:190416-192363  -            650 5132                 -            643  2.9e-318 1047.7  12.7   1   1  3.2e-318  3.2e-318 1047.5  12.7     2   641     4   649     3   650 0.98 -
5132at766_434131_0:00001e|OZ308468.1:190416-192363  -            650 5132                 -            643  2.9e-318 1047.7  12.7   1   1  3.2e-318  3.2e-318 1047.5  12.7     2   641     4   649     3   650 0.98 -
5132at766_2115978_0:0001d3|OZ308468.1:190407-192342 -            646 5132                 -            643  2.3e-315 1038.1  13.6   1   1  2.6e-315  2.6e-315 1038.0  13.6     2   634     7   645     6   646 0.97 -
5132at766_1274402_0:00021a|OZ308468.1:190419-191736 -            440 5132                 -            643  8.3e-253  831.4   9.0   1   1  9.3e-253  9.3e-253  831.3   9.0     2   438     3   439     2   440 1.00 -
#
# Program:         hmmsearch
# Version:         3.4 (Aug 2023)
# Pipeline mode:   SEARCH
# Query file:      /Users/rossoaa/Desktop/dummy/genomes/records/compleasm/mb_downloads/rickettsiales_odb12/hmms/5132at766.hmm
# Target file:     -
# Option settings: /Users/rossoaa/miniconda3/envs/compleasm_env/bin/hmmsearch --domtblout /Users/rossoaa/Desktop/dummy/genomes/records/compleasm/rickettsiales_odb12/hmmer_output/5132at766.out --cpu 1 /Users/rossoaa/Desktop/dummy/genomes/records/compleasm/mb_downloads/rickettsiales_odb12/hmms/5132at766.hmm - 
# Current dir:     /Users/rossoaa/Desktop/dummy/genomes/records/compleasm
# Date:            Tue Feb 10 10:20:21 2026
# [ok]
