#                                                                                                           --- full sequence --- -------------- this domain -------------   hmm coord   ali coord   env coord
# target name                                       accession   tlen query name           accession   qlen   E-value  score  bias   #  of  c-Evalue  i-Evalue  score  bias  from    to  from    to  from    to  acc description of target
#                               ------------------- ---------- ----- -------------------- ---------- ----- --------- ------ ----- --- --- --------- --------- ------ ----- ----- ----- ----- ----- ----- ----- ---- ---------------------
5134at766_1392507_0:000166|OZ308468.1:333211-335098 -            630 5134                 -            604  4.3e-313 1030.3  11.0   1   1  5.5e-313  5.5e-313 1029.9  11.0     2   603     3   628     2   629 0.95 -
5134at766_142058_0:00012b|OZ308468.1:333211-335098  -            630 5134                 -            604  4.3e-313 1030.3  11.0   1   1  5.5e-313  5.5e-313 1029.9  11.0     2   603     3   628     2   629 0.95 -
5134at766_574556_0:000262|OZ308468.1:333211-335098  -            630 5134                 -            604  4.3e-313 1030.3  11.0   1   1  5.5e-313  5.5e-313 1029.9  11.0     2   603     3   628     2   629 0.95 -
5134at766_2486578_0:00045b|OZ308468.1:333211-335104 -            631 5134                 -            604  4.3e-313 1030.3  11.0   1   1  5.5e-313  5.5e-313 1029.9  11.0     2   603     3   628     2   629 0.95 -
5134at766_1105107_0:0000f1|OZ308468.1:333214-335095 -            628 5134                 -            604  4.3e-313 1030.3  11.0   1   1  5.4e-313  5.4e-313 1029.9  11.0     2   603     2   627     1   628 0.95 -
5134at766_1359168_0:00019d|OZ308468.1:333214-335095 -            628 5134                 -            604  4.3e-313 1030.3  11.0   1   1  5.4e-313  5.4e-313 1029.9  11.0     2   603     2   627     1   628 0.95 -
5134at766_334380_0:00032a|OZ308468.1:333214-335095  -            628 5134                 -            604  4.3e-313 1030.3  11.0   1   1  5.4e-313  5.4e-313 1029.9  11.0     2   603     2   627     1   628 0.95 -
5134at766_86105_0:000169|OZ308468.1:333214-335095   -            628 5134                 -            604  4.3e-313 1030.3  11.0   1   1  5.4e-313  5.4e-313 1029.9  11.0     2   603     2   627     1   628 0.95 -
5134at766_2115978_0:0003d3|OZ308468.1:333214-335098 -            629 5134                 -            604  4.3e-313 1030.3  11.0   1   1  5.4e-313  5.4e-313 1029.9  11.0     2   603     2   627     1   628 0.95 -
5134at766_205920_0:00019b|OZ308468.1:333202-335098  -            633 5134                 -            604  4.3e-313 1030.3  11.0   1   1  5.6e-313  5.6e-313 1029.9  11.0     2   603     6   631     5   632 0.95 -
5134at766_1528098_0:000229|OZ308468.1:333214-335104 -            630 5134                 -            604  4.3e-313 1030.3  11.0   1   1  5.5e-313  5.5e-313 1029.9  11.0     2   603     2   627     1   628 0.95 -
5134at766_1961830_0:0004d7|OZ308468.1:333214-335104 -            630 5134                 -            604  4.3e-313 1030.3  11.0   1   1  5.5e-313  5.5e-313 1029.9  11.0     2   603     2   627     1   628 0.95 -
5134at766_272947_0:0002c3|OZ308468.1:333214-335104  -            630 5134                 -            604  4.3e-313 1030.3  11.0   1   1  5.5e-313  5.5e-313 1029.9  11.0     2   603     2   627     1   628 0.95 -
5134at766_336407_0:0002b8|OZ308468.1:333214-335104  -            630 5134                 -            604  4.3e-313 1030.3  11.0   1   1  5.5e-313  5.5e-313 1029.9  11.0     2   603     2   627     1   628 0.95 -
5134at766_481009_0:000191|OZ308468.1:333214-335104  -            630 5134                 -            604  4.3e-313 1030.3  11.0   1   1  5.5e-313  5.5e-313 1029.9  11.0     2   603     2   627     1   628 0.95 -
5134at766_1359163_0:0001d9|OZ308468.1:333202-335104 -            634 5134                 -            604  4.3e-313 1030.3  11.0   1   1  5.6e-313  5.6e-313 1029.9  11.0     2   603     6   631     5   632 0.95 -
5134at766_1423892_0:00023d|OZ308468.1:333202-335101 -            634 5134                 -            604  4.3e-313 1030.3  11.0   1   1  5.6e-313  5.6e-313 1029.9  11.0     2   603     6   631     5   632 0.95 -
5134at766_1605993_0:00025d|OZ308468.1:333202-335104 -            634 5134                 -            604  4.3e-313 1030.3  11.0   1   1  5.6e-313  5.6e-313 1029.9  11.0     2   603     6   631     5   632 0.95 -
5134at766_169402_0:000027|OZ308468.1:333202-335104  -            634 5134                 -            604  4.3e-313 1030.3  11.0   1   1  5.6e-313  5.6e-313 1029.9  11.0     2   603     6   631     5   632 0.95 -
5134at766_246273_0:00037c|OZ308468.1:333202-335104  -            634 5134                 -            604  4.3e-313 1030.3  11.0   1   1  5.6e-313  5.6e-313 1029.9  11.0     2   603     6   631     5   632 0.95 -
5134at766_391036_0:0002c8|OZ308468.1:333202-335101  -            634 5134                 -            604  4.3e-313 1030.3  11.0   1   1  5.6e-313  5.6e-313 1029.9  11.0     2   603     6   631     5   632 0.95 -
5134at766_779_0:000039|OZ308468.1:333202-335101     -            634 5134                 -            604  4.3e-313 1030.3  11.0   1   1  5.6e-313  5.6e-313 1029.9  11.0     2   603     6   631     5   632 0.95 -
5134at766_955_0:00020c|OZ308468.1:333202-335104     -            634 5134                 -            604  4.3e-313 1030.3  11.0   1   1  5.6e-313  5.6e-313 1029.9  11.0     2   603     6   631     5   632 0.95 -
5134at766_96496_0:000234|OZ308468.1:333202-335104   -            634 5134                 -            604  4.3e-313 1030.3  11.0   1   1  5.6e-313  5.6e-313 1029.9  11.0     2   603     6   631     5   632 0.95 -
5134at766_752179_0:0003b0|OZ308468.1:333214-335089  -            626 5134                 -            604  8.7e-313 1029.3  10.5   1   1  1.1e-312  1.1e-312 1028.9  10.5     2   601     2   625     1   626 0.95 -
5134at766_1286528_0:000203|OZ308468.1:333202-335089 -            630 5134                 -            604  8.7e-313 1029.3  10.5   1   1  1.1e-312  1.1e-312 1028.9  10.5     2   601     6   629     5   630 0.95 -
5134at766_1714371_0:00003b|OZ308468.1:333202-335089 -            630 5134                 -            604  8.7e-313 1029.3  10.5   1   1  1.1e-312  1.1e-312 1028.9  10.5     2   601     6   629     5   630 0.95 -
5134at766_222891_0:0002ca|OZ308468.1:333202-335089  -            630 5134                 -            604  8.7e-313 1029.3  10.5   1   1  1.1e-312  1.1e-312 1028.9  10.5     2   601     6   629     5   630 0.95 -
5134at766_434131_0:00028d|OZ308468.1:333202-335089  -            630 5134                 -            604  8.7e-313 1029.3  10.5   1   1  1.1e-312  1.1e-312 1028.9  10.5     2   601     6   629     5   630 0.95 -
5134at766_1248439_0:000081|OZ308468.1:333217-335089 -            625 5134                 -            604  1.2e-312 1028.8  10.3   1   1  1.5e-312  1.5e-312 1028.5  10.3     3   601     2   624     1   625 0.95 -
5134at766_2486577_0:000090|OZ308468.1:333217-335089 -            625 5134                 -            604  1.2e-312 1028.8  10.3   1   1  1.5e-312  1.5e-312 1028.5  10.3     3   601     2   624     1   625 0.95 -
5134at766_2602574_0:0000e6|OZ308468.1:333232-335098 -            623 5134                 -            604  7.9e-312 1026.1  10.4   1   1    1e-311    1e-311 1025.8  10.4     7   603     1   621     1   622 0.95 -
5134at766_1802984_0:000010|OZ308468.1:333211-335077 -            623 5134                 -            604  2.9e-311 1024.2  11.0   1   1  3.8e-311  3.8e-311 1023.9  11.0     2   598     3   623     2   623 0.95 -
5134at766_1242993_0:0000a6|OZ308468.1:333202-334393 -            398 5134                 -            604  8.1e-216  709.0   4.1   1   1  9.2e-216  9.2e-216  708.8   4.1     2   387     6   398     5   398 0.97 -
#
# Program:         hmmsearch
# Version:         3.4 (Aug 2023)
# Pipeline mode:   SEARCH
# Query file:      /Users/rossoaa/Desktop/dummy/genomes/records/compleasm/mb_downloads/rickettsiales_odb12/hmms/5134at766.hmm
# Target file:     -
# Option settings: /Users/rossoaa/miniconda3/envs/compleasm_env/bin/hmmsearch --domtblout /Users/rossoaa/Desktop/dummy/genomes/records/compleasm/rickettsiales_odb12/hmmer_output/5134at766.out --cpu 1 /Users/rossoaa/Desktop/dummy/genomes/records/compleasm/mb_downloads/rickettsiales_odb12/hmms/5134at766.hmm - 
# Current dir:     /Users/rossoaa/Desktop/dummy/genomes/records/compleasm
# Date:            Tue Feb 10 10:20:21 2026
# [ok]
