#                                                                                                           --- full sequence --- -------------- this domain -------------   hmm coord   ali coord   env coord
# target name                                       accession   tlen query name           accession   qlen   E-value  score  bias   #  of  c-Evalue  i-Evalue  score  bias  from    to  from    to  from    to  acc description of target
#                               ------------------- ---------- ----- -------------------- ---------- ----- --------- ------ ----- --- --- --------- --------- ------ ----- ----- ----- ----- ----- ----- ----- ---- ---------------------
5137at766_752179_0:0000dd|OZ308468.1:208302-210018  -            573 5137                 -            566    3e-268  881.8   1.9   1   1  3.4e-268  3.4e-268  881.7   1.9     2   565     2   571     1   572 0.98 -
5137at766_1359163_0:000274|OZ308468.1:208299-210018 -            574 5137                 -            566    3e-268  881.8   1.9   1   1  3.4e-268  3.4e-268  881.7   1.9     2   565     3   572     2   573 0.98 -
5137at766_1423892_0:000156|OZ308468.1:208302-210015 -            572 5137                 -            566    3e-268  881.8   1.9   1   1  3.4e-268  3.4e-268  881.7   1.9     2   565     2   571     1   572 0.98 -
5137at766_2486578_0:000337|OZ308468.1:208302-210015 -            572 5137                 -            566    3e-268  881.8   1.9   1   1  3.4e-268  3.4e-268  881.7   1.9     2   565     2   571     1   572 0.98 -
5137at766_391036_0:0001e4|OZ308468.1:208302-210015  -            572 5137                 -            566    3e-268  881.8   1.9   1   1  3.4e-268  3.4e-268  881.7   1.9     2   565     2   571     1   572 0.98 -
5137at766_779_0:000227|OZ308468.1:208302-210015     -            572 5137                 -            566    3e-268  881.8   1.9   1   1  3.4e-268  3.4e-268  881.7   1.9     2   565     2   571     1   572 0.98 -
5137at766_222891_0:00023f|OZ308468.1:208293-210018  -            576 5137                 -            566    3e-268  881.8   1.9   1   1  3.4e-268  3.4e-268  881.6   1.9     2   565     5   574     4   575 0.98 -
5137at766_434131_0:000298|OZ308468.1:208293-210018  -            576 5137                 -            566    3e-268  881.8   1.9   1   1  3.4e-268  3.4e-268  881.6   1.9     2   565     5   574     4   575 0.98 -
5137at766_1359168_0:000018|OZ308468.1:208290-210018 -            577 5137                 -            566    3e-268  881.8   1.9   1   1  3.5e-268  3.5e-268  881.6   1.9     2   565     6   575     5   576 0.98 -
5137at766_205920_0:000129|OZ308468.1:208290-210024  -            578 5137                 -            566    3e-268  881.8   1.9   1   1  3.5e-268  3.5e-268  881.6   1.9     2   565     6   575     5   576 0.98 -
5137at766_334380_0:000127|OZ308468.1:208290-210015  -            576 5137                 -            566  3.1e-268  881.8   1.9   1   1  3.4e-268  3.4e-268  881.6   1.9     2   565     6   575     5   576 0.98 -
5137at766_1961830_0:000073|OZ308468.1:208287-210018 -            578 5137                 -            566  3.1e-268  881.8   1.9   1   1  3.5e-268  3.5e-268  881.6   1.9     2   565     7   576     6   577 0.98 -
5137at766_955_0:0002ad|OZ308468.1:208287-210018     -            578 5137                 -            566  3.1e-268  881.8   1.9   1   1  3.5e-268  3.5e-268  881.6   1.9     2   565     7   576     6   577 0.98 -
5137at766_1605993_0:000319|OZ308468.1:208287-210024 -            579 5137                 -            566  3.1e-268  881.8   1.9   1   1  3.5e-268  3.5e-268  881.6   1.9     2   565     7   576     6   577 0.98 -
5137at766_169402_0:000368|OZ308468.1:208287-210024  -            579 5137                 -            566  3.1e-268  881.8   1.9   1   1  3.5e-268  3.5e-268  881.6   1.9     2   565     7   576     6   577 0.98 -
5137at766_246273_0:00014c|OZ308468.1:208287-210024  -            579 5137                 -            566  3.1e-268  881.8   1.9   1   1  3.5e-268  3.5e-268  881.6   1.9     2   565     7   576     6   577 0.98 -
5137at766_1286528_0:000032|OZ308468.1:208284-210018 -            579 5137                 -            566  3.1e-268  881.8   1.9   1   1  3.5e-268  3.5e-268  881.6   1.9     2   565     8   577     7   578 0.98 -
5137at766_1714371_0:0002c8|OZ308468.1:208275-210018 -            582 5137                 -            566  3.1e-268  881.8   1.9   1   1  3.6e-268  3.6e-268  881.6   1.9     2   565    11   580    10   581 0.98 -
5137at766_1105107_0:000075|OZ308468.1:208305-210021 -            573 5137                 -            566  5.3e-268  881.0   1.9   1   1    6e-268    6e-268  880.8   1.9     3   565     2   570     1   571 0.98 -
5137at766_336407_0:0004ff|OZ308468.1:208305-210021  -            573 5137                 -            566  5.3e-268  881.0   1.9   1   1    6e-268    6e-268  880.8   1.9     3   565     2   570     1   571 0.98 -
5137at766_2602574_0:00016d|OZ308468.1:208266-210012 -            583 5137                 -            566  5.8e-268  880.9   1.8   1   1  6.6e-268  6.6e-268  880.7   1.8     2   564    14   582    13   583 0.98 -
5137at766_1248439_0:0002c6|OZ308468.1:208299-210009 -            571 5137                 -            566    1e-267  880.1   1.8   1   1  1.2e-267  1.2e-267  879.9   1.8     2   564     3   571     2   571 0.98 -
5137at766_142058_0:000315|OZ308468.1:208299-210009  -            571 5137                 -            566    1e-267  880.1   1.8   1   1  1.2e-267  1.2e-267  879.9   1.8     2   564     3   571     2   571 0.98 -
5137at766_1528098_0:000117|OZ308468.1:208311-210018 -            570 5137                 -            566  1.7e-267  879.4   2.0   1   1  1.9e-267  1.9e-267  879.2   2.0     4   565     1   568     1   569 0.98 -
5137at766_1274402_0:000294|OZ308468.1:208311-210024 -            571 5137                 -            566  1.7e-267  879.4   2.0   1   1  1.9e-267  1.9e-267  879.2   2.0     4   565     1   568     1   569 0.98 -
5137at766_272947_0:000274|OZ308468.1:208311-210021  -            571 5137                 -            566  1.7e-267  879.4   2.0   1   1  1.9e-267  1.9e-267  879.2   2.0     4   565     1   568     1   569 0.98 -
5137at766_481009_0:000431|OZ308468.1:208311-210024  -            571 5137                 -            566  1.7e-267  879.4   2.0   1   1  1.9e-267  1.9e-267  879.2   2.0     4   565     1   568     1   569 0.98 -
5137at766_2486577_0:0001b5|OZ308468.1:208311-210009 -            567 5137                 -            566  5.7e-267  877.6   1.9   1   1  6.4e-267  6.4e-267  877.4   1.9     4   564     1   567     1   567 0.98 -
5137at766_86105_0:00043c|OZ308468.1:208311-210009   -            567 5137                 -            566  5.7e-267  877.6   1.9   1   1  6.4e-267  6.4e-267  877.4   1.9     4   564     1   567     1   567 0.98 -
5137at766_1242993_0:00004a|OZ308468.1:208314-210018 -            569 5137                 -            566  7.3e-267  877.3   2.1   1   1  8.3e-267  8.3e-267  877.1   2.1     5   565     1   567     1   568 0.98 -
5137at766_1392507_0:0003c4|OZ308468.1:208314-210021 -            570 5137                 -            566  7.3e-267  877.3   2.1   1   1  8.3e-267  8.3e-267  877.1   2.1     5   565     1   567     1   568 0.98 -
5137at766_696127_0:000312|OZ308468.1:208323-210015  -            565 5137                 -            566  5.1e-266  874.5   1.6   1   1  5.7e-266  5.7e-266  874.3   1.6     9   565     2   564     1   565 0.98 -
5137at766_96496_0:0001a9|OZ308468.1:208851-210024   -            391 5137                 -            566    2e-177  582.0   2.0   1   1  2.3e-177  2.3e-177  581.8   2.0   184   565     1   388     1   389 0.98 -
#
# Program:         hmmsearch
# Version:         3.4 (Aug 2023)
# Pipeline mode:   SEARCH
# Query file:      /Users/rossoaa/Desktop/dummy/genomes/records/compleasm/mb_downloads/rickettsiales_odb12/hmms/5137at766.hmm
# Target file:     -
# Option settings: /Users/rossoaa/miniconda3/envs/compleasm_env/bin/hmmsearch --domtblout /Users/rossoaa/Desktop/dummy/genomes/records/compleasm/rickettsiales_odb12/hmmer_output/5137at766.out --cpu 1 /Users/rossoaa/Desktop/dummy/genomes/records/compleasm/mb_downloads/rickettsiales_odb12/hmms/5137at766.hmm - 
# Current dir:     /Users/rossoaa/Desktop/dummy/genomes/records/compleasm
# Date:            Tue Feb 10 10:20:24 2026
# [ok]
