#                                                                                                             --- full sequence --- -------------- this domain -------------   hmm coord   ali coord   env coord
# target name                                         accession   tlen query name           accession   qlen   E-value  score  bias   #  of  c-Evalue  i-Evalue  score  bias  from    to  from    to  from    to  acc description of target
#                                 ------------------- ---------- ----- -------------------- ---------- ----- --------- ------ ----- --- --- --------- --------- ------ ----- ----- ----- ----- ----- ----- ----- ---- ---------------------
5139at766_1105107_0:0001ed|OZ308468.1:1094592-1096389 -            600 5139                 -            592         0 1076.7   1.4   1   1         0         0 1076.4   1.4     1   589     1   599     1   600 0.98 -
5139at766_1242993_0:0001bb|OZ308468.1:1094589-1096389 -            600 5139                 -            592         0 1076.7   1.4   1   1         0         0 1076.4   1.4     1   589     1   599     1   600 0.98 -
5139at766_1359163_0:0002b7|OZ308468.1:1094589-1096389 -            600 5139                 -            592         0 1076.7   1.4   1   1         0         0 1076.4   1.4     1   589     1   599     1   600 0.98 -
5139at766_1359168_0:000041|OZ308468.1:1094592-1096389 -            600 5139                 -            592         0 1076.7   1.4   1   1         0         0 1076.4   1.4     1   589     1   599     1   600 0.98 -
5139at766_1423892_0:00029c|OZ308468.1:1094589-1096389 -            600 5139                 -            592         0 1076.7   1.4   1   1         0         0 1076.4   1.4     1   589     1   599     1   600 0.98 -
5139at766_1605993_0:00016c|OZ308468.1:1094589-1096389 -            600 5139                 -            592         0 1076.7   1.4   1   1         0         0 1076.4   1.4     1   589     1   599     1   600 0.98 -
5139at766_169402_0:000365|OZ308468.1:1094592-1096389  -            600 5139                 -            592         0 1076.7   1.4   1   1         0         0 1076.4   1.4     1   589     1   599     1   600 0.98 -
5139at766_205920_0:000085|OZ308468.1:1094589-1096389  -            600 5139                 -            592         0 1076.7   1.4   1   1         0         0 1076.4   1.4     1   589     1   599     1   600 0.98 -
5139at766_246273_0:000324|OZ308468.1:1094589-1096389  -            600 5139                 -            592         0 1076.7   1.4   1   1         0         0 1076.4   1.4     1   589     1   599     1   600 0.98 -
5139at766_334380_0:0003ef|OZ308468.1:1094592-1096389  -            600 5139                 -            592         0 1076.7   1.4   1   1         0         0 1076.4   1.4     1   589     1   599     1   600 0.98 -
5139at766_391036_0:00023b|OZ308468.1:1094589-1096389  -            600 5139                 -            592         0 1076.7   1.4   1   1         0         0 1076.4   1.4     1   589     1   599     1   600 0.98 -
5139at766_696127_0:0003e3|OZ308468.1:1094592-1096389  -            600 5139                 -            592         0 1076.7   1.4   1   1         0         0 1076.4   1.4     1   589     1   599     1   600 0.98 -
5139at766_752179_0:0002df|OZ308468.1:1094592-1096389  -            600 5139                 -            592         0 1076.7   1.4   1   1         0         0 1076.4   1.4     1   589     1   599     1   600 0.98 -
5139at766_779_0:000244|OZ308468.1:1094589-1096389     -            600 5139                 -            592         0 1076.7   1.4   1   1         0         0 1076.4   1.4     1   589     1   599     1   600 0.98 -
5139at766_955_0:0001f7|OZ308468.1:1094589-1096389     -            600 5139                 -            592         0 1076.7   1.4   1   1         0         0 1076.4   1.4     1   589     1   599     1   600 0.98 -
5139at766_96496_0:000099|OZ308468.1:1094589-1096389   -            600 5139                 -            592         0 1076.7   1.4   1   1         0         0 1076.4   1.4     1   589     1   599     1   600 0.98 -
5139at766_1528098_0:000575|OZ308468.1:1094595-1096389 -            599 5139                 -            592         0 1075.8   1.4   1   1         0         0 1075.5   1.4     1   588     1   598     1   599 0.98 -
5139at766_1961830_0:000065|OZ308468.1:1094595-1096389 -            599 5139                 -            592         0 1075.8   1.4   1   1         0         0 1075.5   1.4     1   588     1   598     1   599 0.98 -
5139at766_2115978_0:00035f|OZ308468.1:1094595-1096389 -            599 5139                 -            592         0 1075.8   1.4   1   1         0         0 1075.5   1.4     1   588     1   598     1   599 0.98 -
5139at766_2486578_0:0001ea|OZ308468.1:1094595-1096389 -            599 5139                 -            592         0 1075.8   1.4   1   1         0         0 1075.5   1.4     1   588     1   598     1   599 0.98 -
5139at766_2602574_0:000457|OZ308468.1:1094595-1096389 -            599 5139                 -            592         0 1075.8   1.4   1   1         0         0 1075.5   1.4     1   588     1   598     1   599 0.98 -
5139at766_1248439_0:0002e1|OZ308468.1:1094601-1096389 -            597 5139                 -            592         0 1073.9   1.3   1   1         0         0 1073.6   1.3     1   586     1   596     1   597 0.98 -
5139at766_1392507_0:000375|OZ308468.1:1094601-1096389 -            597 5139                 -            592         0 1073.9   1.3   1   1         0         0 1073.6   1.3     1   586     1   596     1   597 0.98 -
5139at766_142058_0:000208|OZ308468.1:1094601-1096389  -            597 5139                 -            592         0 1073.9   1.3   1   1         0         0 1073.6   1.3     1   586     1   596     1   597 0.98 -
5139at766_272947_0:00006c|OZ308468.1:1094601-1096389  -            597 5139                 -            592         0 1073.9   1.3   1   1         0         0 1073.6   1.3     1   586     1   596     1   597 0.98 -
5139at766_336407_0:0000bc|OZ308468.1:1094601-1096389  -            597 5139                 -            592         0 1073.9   1.3   1   1         0         0 1073.6   1.3     1   586     1   596     1   597 0.98 -
5139at766_481009_0:000062|OZ308468.1:1094601-1096389  -            597 5139                 -            592         0 1073.9   1.3   1   1         0         0 1073.6   1.3     1   586     1   596     1   597 0.98 -
5139at766_86105_0:000148|OZ308468.1:1094601-1096389   -            597 5139                 -            592         0 1073.9   1.3   1   1         0         0 1073.6   1.3     1   586     1   596     1   597 0.98 -
5139at766_1274402_0:0002e4|OZ308468.1:1094589-1096380 -            597 5139                 -            592         0 1072.8   1.4   1   1         0         0 1072.5   1.4     4   589     1   596     1   597 0.98 -
5139at766_1286528_0:0000fc|OZ308468.1:1094589-1096380 -            597 5139                 -            592         0 1072.8   1.4   1   1         0         0 1072.5   1.4     4   589     1   596     1   597 0.98 -
5139at766_1802984_0:000152|OZ308468.1:1094589-1096380 -            597 5139                 -            592         0 1072.8   1.4   1   1         0         0 1072.5   1.4     4   589     1   596     1   597 0.98 -
5139at766_222891_0:000094|OZ308468.1:1094589-1096380  -            597 5139                 -            592         0 1072.8   1.4   1   1         0         0 1072.5   1.4     4   589     1   596     1   597 0.98 -
5139at766_2486577_0:0000ac|OZ308468.1:1094601-1096380 -            594 5139                 -            592         0 1070.0   1.3   1   1         0         0 1069.7   1.3     4   586     1   593     1   594 0.98 -
5139at766_1714371_0:00016b|OZ308468.1:1094589-1096359 -            590 5139                 -            592  1.9e-321 1057.8   1.6   1   1  2.2e-321  2.2e-321 1057.5   1.6    11   589     1   589     1   590 0.98 -
5139at766_434131_0:0000c4|OZ308468.1:1094589-1096359  -            590 5139                 -            592  1.9e-321 1057.8   1.6   1   1  2.2e-321  2.2e-321 1057.5   1.6    11   589     1   589     1   590 0.98 -
#
# Program:         hmmsearch
# Version:         3.4 (Aug 2023)
# Pipeline mode:   SEARCH
# Query file:      /Users/rossoaa/Desktop/dummy/genomes/records/compleasm/mb_downloads/rickettsiales_odb12/hmms/5139at766.hmm
# Target file:     -
# Option settings: /Users/rossoaa/miniconda3/envs/compleasm_env/bin/hmmsearch --domtblout /Users/rossoaa/Desktop/dummy/genomes/records/compleasm/rickettsiales_odb12/hmmer_output/5139at766.out --cpu 1 /Users/rossoaa/Desktop/dummy/genomes/records/compleasm/mb_downloads/rickettsiales_odb12/hmms/5139at766.hmm - 
# Current dir:     /Users/rossoaa/Desktop/dummy/genomes/records/compleasm
# Date:            Tue Feb 10 10:20:21 2026
# [ok]
