#                                                                                                           --- full sequence --- -------------- this domain -------------   hmm coord   ali coord   env coord
# target name                                       accession   tlen query name           accession   qlen   E-value  score  bias   #  of  c-Evalue  i-Evalue  score  bias  from    to  from    to  from    to  acc description of target
#                               ------------------- ---------- ----- -------------------- ---------- ----- --------- ------ ----- --- --- --------- --------- ------ ----- ----- ----- ----- ----- ----- ----- ---- ---------------------
5144at766_1105107_0:000248|OZ308468.1:772659-774354 -            566 5144                 -            557  2.2e-275  905.2   1.4   1   1  2.5e-275  2.5e-275  905.0   1.4     1   557     1   565     1   565 0.98 -
5144at766_1242993_0:0002d9|OZ308468.1:772659-774357 -            566 5144                 -            557  2.2e-275  905.2   1.4   1   1  2.5e-275  2.5e-275  905.0   1.4     1   557     1   565     1   565 0.98 -
5144at766_1248439_0:000305|OZ308468.1:772659-774357 -            566 5144                 -            557  2.2e-275  905.2   1.4   1   1  2.5e-275  2.5e-275  905.0   1.4     1   557     1   565     1   565 0.98 -
5144at766_1359163_0:0001d6|OZ308468.1:772659-774357 -            566 5144                 -            557  2.2e-275  905.2   1.4   1   1  2.5e-275  2.5e-275  905.0   1.4     1   557     1   565     1   565 0.98 -
5144at766_1359168_0:0002a4|OZ308468.1:772659-774354 -            566 5144                 -            557  2.2e-275  905.2   1.4   1   1  2.5e-275  2.5e-275  905.0   1.4     1   557     1   565     1   565 0.98 -
5144at766_1392507_0:000081|OZ308468.1:772659-774357 -            566 5144                 -            557  2.2e-275  905.2   1.4   1   1  2.5e-275  2.5e-275  905.0   1.4     1   557     1   565     1   565 0.98 -
5144at766_142058_0:000393|OZ308468.1:772659-774357  -            566 5144                 -            557  2.2e-275  905.2   1.4   1   1  2.5e-275  2.5e-275  905.0   1.4     1   557     1   565     1   565 0.98 -
5144at766_1423892_0:0002de|OZ308468.1:772659-774357 -            566 5144                 -            557  2.2e-275  905.2   1.4   1   1  2.5e-275  2.5e-275  905.0   1.4     1   557     1   565     1   565 0.98 -
5144at766_1605993_0:00020d|OZ308468.1:772659-774357 -            566 5144                 -            557  2.2e-275  905.2   1.4   1   1  2.5e-275  2.5e-275  905.0   1.4     1   557     1   565     1   565 0.98 -
5144at766_169402_0:0004d9|OZ308468.1:772659-774357  -            566 5144                 -            557  2.2e-275  905.2   1.4   1   1  2.5e-275  2.5e-275  905.0   1.4     1   557     1   565     1   565 0.98 -
5144at766_1714371_0:000082|OZ308468.1:772659-774354 -            566 5144                 -            557  2.2e-275  905.2   1.4   1   1  2.5e-275  2.5e-275  905.0   1.4     1   557     1   565     1   565 0.98 -
5144at766_1961830_0:00032c|OZ308468.1:772659-774354 -            566 5144                 -            557  2.2e-275  905.2   1.4   1   1  2.5e-275  2.5e-275  905.0   1.4     1   557     1   565     1   565 0.98 -
5144at766_205920_0:000124|OZ308468.1:772659-774357  -            566 5144                 -            557  2.2e-275  905.2   1.4   1   1  2.5e-275  2.5e-275  905.0   1.4     1   557     1   565     1   565 0.98 -
5144at766_2115978_0:0000ed|OZ308468.1:772659-774354 -            566 5144                 -            557  2.2e-275  905.2   1.4   1   1  2.5e-275  2.5e-275  905.0   1.4     1   557     1   565     1   565 0.98 -
5144at766_246273_0:00000f|OZ308468.1:772659-774357  -            566 5144                 -            557  2.2e-275  905.2   1.4   1   1  2.5e-275  2.5e-275  905.0   1.4     1   557     1   565     1   565 0.98 -
5144at766_2486577_0:000001|OZ308468.1:772659-774354 -            566 5144                 -            557  2.2e-275  905.2   1.4   1   1  2.5e-275  2.5e-275  905.0   1.4     1   557     1   565     1   565 0.98 -
5144at766_2486578_0:0004f4|OZ308468.1:772659-774354 -            566 5144                 -            557  2.2e-275  905.2   1.4   1   1  2.5e-275  2.5e-275  905.0   1.4     1   557     1   565     1   565 0.98 -
5144at766_2602574_0:0001d8|OZ308468.1:772659-774354 -            566 5144                 -            557  2.2e-275  905.2   1.4   1   1  2.5e-275  2.5e-275  905.0   1.4     1   557     1   565     1   565 0.98 -
5144at766_272947_0:0000e9|OZ308468.1:772659-774354  -            566 5144                 -            557  2.2e-275  905.2   1.4   1   1  2.5e-275  2.5e-275  905.0   1.4     1   557     1   565     1   565 0.98 -
5144at766_334380_0:000331|OZ308468.1:772659-774354  -            566 5144                 -            557  2.2e-275  905.2   1.4   1   1  2.5e-275  2.5e-275  905.0   1.4     1   557     1   565     1   565 0.98 -
5144at766_336407_0:00034e|OZ308468.1:772659-774354  -            566 5144                 -            557  2.2e-275  905.2   1.4   1   1  2.5e-275  2.5e-275  905.0   1.4     1   557     1   565     1   565 0.98 -
5144at766_391036_0:000285|OZ308468.1:772659-774357  -            566 5144                 -            557  2.2e-275  905.2   1.4   1   1  2.5e-275  2.5e-275  905.0   1.4     1   557     1   565     1   565 0.98 -
5144at766_434131_0:000061|OZ308468.1:772659-774354  -            566 5144                 -            557  2.2e-275  905.2   1.4   1   1  2.5e-275  2.5e-275  905.0   1.4     1   557     1   565     1   565 0.98 -
5144at766_481009_0:000243|OZ308468.1:772659-774354  -            566 5144                 -            557  2.2e-275  905.2   1.4   1   1  2.5e-275  2.5e-275  905.0   1.4     1   557     1   565     1   565 0.98 -
5144at766_752179_0:0000e3|OZ308468.1:772659-774354  -            566 5144                 -            557  2.2e-275  905.2   1.4   1   1  2.5e-275  2.5e-275  905.0   1.4     1   557     1   565     1   565 0.98 -
5144at766_779_0:0001d3|OZ308468.1:772659-774357     -            566 5144                 -            557  2.2e-275  905.2   1.4   1   1  2.5e-275  2.5e-275  905.0   1.4     1   557     1   565     1   565 0.98 -
5144at766_86105_0:000117|OZ308468.1:772659-774354   -            566 5144                 -            557  2.2e-275  905.2   1.4   1   1  2.5e-275  2.5e-275  905.0   1.4     1   557     1   565     1   565 0.98 -
5144at766_955_0:0000d0|OZ308468.1:772659-774357     -            566 5144                 -            557  2.2e-275  905.2   1.4   1   1  2.5e-275  2.5e-275  905.0   1.4     1   557     1   565     1   565 0.98 -
5144at766_96496_0:0000a3|OZ308468.1:772659-774357   -            566 5144                 -            557  2.2e-275  905.2   1.4   1   1  2.5e-275  2.5e-275  905.0   1.4     1   557     1   565     1   565 0.98 -
5144at766_696127_0:00034f|OZ308468.1:772689-774354  -            556 5144                 -            557    4e-273  897.8   0.8   1   1  4.4e-273  4.4e-273  897.6   0.8    18   557    14   555     1   555 0.98 -
5144at766_222891_0:000190|OZ308468.1:772741-774354  -            538 5144                 -            557  1.1e-270  889.7   0.7   1   1  1.2e-270  1.2e-270  889.6   0.7    24   557     2   537     1   537 0.99 -
5144at766_1274402_0:000096|OZ308468.1:772758-774357 -            533 5144                 -            557  1.3e-270  889.5   0.3   1   1  1.4e-270  1.4e-270  889.3   0.3    28   557     1   532     1   532 0.99 -
5144at766_1286528_0:000174|OZ308468.1:772761-774354 -            532 5144                 -            557  2.9e-270  888.3   0.3   1   1  3.3e-270  3.3e-270  888.1   0.3    30   557     2   531     1   531 0.99 -
#
# Program:         hmmsearch
# Version:         3.4 (Aug 2023)
# Pipeline mode:   SEARCH
# Query file:      /Users/rossoaa/Desktop/dummy/genomes/records/compleasm/mb_downloads/rickettsiales_odb12/hmms/5144at766.hmm
# Target file:     -
# Option settings: /Users/rossoaa/miniconda3/envs/compleasm_env/bin/hmmsearch --domtblout /Users/rossoaa/Desktop/dummy/genomes/records/compleasm/rickettsiales_odb12/hmmer_output/5144at766.out --cpu 1 /Users/rossoaa/Desktop/dummy/genomes/records/compleasm/mb_downloads/rickettsiales_odb12/hmms/5144at766.hmm - 
# Current dir:     /Users/rossoaa/Desktop/dummy/genomes/records/compleasm
# Date:            Tue Feb 10 10:20:21 2026
# [ok]
