#                                                                                                           --- full sequence --- -------------- this domain -------------   hmm coord   ali coord   env coord
# target name                                       accession   tlen query name           accession   qlen   E-value  score  bias   #  of  c-Evalue  i-Evalue  score  bias  from    to  from    to  from    to  acc description of target
#                               ------------------- ---------- ----- -------------------- ---------- ----- --------- ------ ----- --- --- --------- --------- ------ ----- ----- ----- ----- ----- ----- ----- ---- ---------------------
5146at766_1714371_0:00010e|OZ308468.1:358167-359895 -            577 5146                 -            566  5.5e-291  956.8   3.7   1   1  6.4e-291  6.4e-291  956.5   3.7     3   562     8   568     6   572 0.99 -
5146at766_222891_0:000122|OZ308468.1:358164-359898  -            579 5146                 -            566  5.6e-291  956.7   3.7   1   1  6.5e-291  6.5e-291  956.5   3.7     3   562     9   569     7   573 0.99 -
5146at766_434131_0:00003a|OZ308468.1:358164-359898  -            579 5146                 -            566  5.6e-291  956.7   3.7   1   1  6.5e-291  6.5e-291  956.5   3.7     3   562     9   569     7   573 0.99 -
5146at766_955_0:0000e2|OZ308468.1:358170-359907     -            580 5146                 -            566  5.6e-291  956.7   3.7   1   1  6.5e-291  6.5e-291  956.5   3.7     3   562     7   567     5   571 0.99 -
5146at766_1605993_0:00018f|OZ308468.1:358170-359913 -            581 5146                 -            566  5.6e-291  956.7   3.7   1   1  6.6e-291  6.6e-291  956.5   3.7     3   562     7   567     5   571 0.99 -
5146at766_169402_0:000082|OZ308468.1:358170-359913  -            581 5146                 -            566  5.6e-291  956.7   3.7   1   1  6.6e-291  6.6e-291  956.5   3.7     3   562     7   567     5   571 0.99 -
5146at766_246273_0:000342|OZ308468.1:358170-359913  -            581 5146                 -            566  5.6e-291  956.7   3.7   1   1  6.6e-291  6.6e-291  956.5   3.7     3   562     7   567     5   571 0.99 -
5146at766_96496_0:000327|OZ308468.1:358170-359913   -            581 5146                 -            566  5.6e-291  956.7   3.7   1   1  6.6e-291  6.6e-291  956.5   3.7     3   562     7   567     5   571 0.99 -
5146at766_142058_0:00037f|OZ308468.1:358185-359901  -            573 5146                 -            566  1.1e-290  955.7   4.5   1   1  1.3e-290  1.3e-290  955.5   4.5     4   562     3   562     1   566 0.99 -
5146at766_1528098_0:00031a|OZ308468.1:358185-359913 -            576 5146                 -            566  1.2e-290  955.7   4.5   1   1  1.3e-290  1.3e-290  955.5   4.5     4   562     3   562     1   566 0.99 -
5146at766_1242993_0:00025c|OZ308468.1:358194-359904 -            571 5146                 -            566  3.3e-290  954.2   4.1   1   1  3.8e-290  3.8e-290  954.0   4.1     6   562     2   559     1   563 0.99 -
5146at766_779_0:00029d|OZ308468.1:358194-359904     -            571 5146                 -            566  3.3e-290  954.2   4.1   1   1  3.8e-290  3.8e-290  954.0   4.1     6   562     2   559     1   563 0.99 -
5146at766_391036_0:0001fb|OZ308468.1:358194-359913  -            573 5146                 -            566  3.4e-290  954.2   4.1   1   1  3.9e-290  3.9e-290  954.0   4.1     6   562     2   559     1   563 0.99 -
5146at766_1248439_0:000253|OZ308468.1:358185-359868 -            562 5146                 -            566  4.6e-290  953.7   5.7   1   1  5.1e-290  5.1e-290  953.6   5.7     4   560     3   560     1   562 0.99 -
5146at766_1359168_0:0002ce|OZ308468.1:358170-359862 -            565 5146                 -            566  6.8e-290  953.2   5.6   1   1  7.7e-290  7.7e-290  953.0   5.6     3   559     7   564     5   565 0.99 -
5146at766_334380_0:0003e6|OZ308468.1:358170-359862  -            565 5146                 -            566  6.8e-290  953.2   5.6   1   1  7.7e-290  7.7e-290  953.0   5.6     3   559     7   564     5   565 0.99 -
5146at766_752179_0:000073|OZ308468.1:358170-359862  -            565 5146                 -            566  6.8e-290  953.2   5.6   1   1  7.7e-290  7.7e-290  953.0   5.6     3   559     7   564     5   565 0.99 -
5146at766_1286528_0:000201|OZ308468.1:358164-359862 -            567 5146                 -            566  6.9e-290  953.1   5.6   1   1  7.8e-290  7.8e-290  953.0   5.6     3   559     9   566     7   567 0.99 -
5146at766_2115978_0:0001b7|OZ308468.1:358161-359862 -            568 5146                 -            566  6.9e-290  953.1   5.6   1   1  7.9e-290  7.9e-290  952.9   5.6     3   559    10   567     8   568 0.99 -
5146at766_1423892_0:000024|OZ308468.1:358194-359868 -            559 5146                 -            566  1.3e-289  952.2   5.3   1   1  1.5e-289  1.5e-289  952.0   5.3     6   560     2   557     1   559 0.99 -
5146at766_86105_0:000494|OZ308468.1:358188-359862   -            559 5146                 -            566    2e-289  951.6   6.5   1   1  2.2e-289  2.2e-289  951.5   6.5     4   559     2   558     1   559 0.99 -
5146at766_205920_0:000168|OZ308468.1:358194-359865  -            558 5146                 -            566    3e-289  951.0   6.1   1   1  3.3e-289  3.3e-289  950.9   6.1     6   560     2   557     1   558 0.99 -
5146at766_1359163_0:0001b5|OZ308468.1:358194-359859 -            556 5146                 -            566  5.3e-289  950.2   5.8   1   1    6e-289    6e-289  950.0   5.8     6   559     2   556     1   556 0.99 -
5146at766_2486578_0:0002eb|OZ308468.1:358209-359874 -            556 5146                 -            566  1.4e-288  948.8   4.5   1   1  1.5e-288  1.5e-288  948.7   4.5    10   561     1   553     1   556 0.99 -
5146at766_1961830_0:000030|OZ308468.1:358215-359862 -            550 5146                 -            566  3.6e-287  944.2   5.7   1   1    4e-287    4e-287  944.0   5.7    12   559     1   549     1   550 0.99 -
5146at766_1105107_0:000062|OZ308468.1:358203-359850 -            550 5146                 -            566  3.9e-287  944.0   6.2   1   1  4.4e-287  4.4e-287  943.9   6.2     8   556     1   550     1   550 0.99 -
5146at766_272947_0:00017d|OZ308468.1:358203-359850  -            550 5146                 -            566  3.9e-287  944.0   6.2   1   1  4.4e-287  4.4e-287  943.9   6.2     8   556     1   550     1   550 0.99 -
5146at766_336407_0:00023f|OZ308468.1:358203-359850  -            550 5146                 -            566  3.9e-287  944.0   6.2   1   1  4.4e-287  4.4e-287  943.9   6.2     8   556     1   550     1   550 0.99 -
5146at766_481009_0:000316|OZ308468.1:358203-359850  -            550 5146                 -            566  3.9e-287  944.0   6.2   1   1  4.4e-287  4.4e-287  943.9   6.2     8   556     1   550     1   550 0.99 -
5146at766_2486577_0:000139|OZ308468.1:358227-359862 -            546 5146                 -            566  1.3e-285  939.0   6.2   1   1  1.4e-285  1.4e-285  938.9   6.2    16   559     1   545     1   546 0.99 -
5146at766_696127_0:0001db|OZ308468.1:358281-359883  -            535 5146                 -            566  1.6e-276  909.0   5.0   1   1  1.8e-276  1.8e-276  908.8   5.0    34   562     1   530     1   534 0.99 -
5146at766_2602574_0:0000b2|OZ308468.1:358176-359643 -            490 5146                 -            566  1.3e-254  836.7   3.0   1   1  1.4e-254  1.4e-254  836.5   3.0     3   487     5   490     3   490 0.99 -
#
# Program:         hmmsearch
# Version:         3.4 (Aug 2023)
# Pipeline mode:   SEARCH
# Query file:      /Users/rossoaa/Desktop/dummy/genomes/records/compleasm/mb_downloads/rickettsiales_odb12/hmms/5146at766.hmm
# Target file:     -
# Option settings: /Users/rossoaa/miniconda3/envs/compleasm_env/bin/hmmsearch --domtblout /Users/rossoaa/Desktop/dummy/genomes/records/compleasm/rickettsiales_odb12/hmmer_output/5146at766.out --cpu 1 /Users/rossoaa/Desktop/dummy/genomes/records/compleasm/mb_downloads/rickettsiales_odb12/hmms/5146at766.hmm - 
# Current dir:     /Users/rossoaa/Desktop/dummy/genomes/records/compleasm
# Date:            Tue Feb 10 10:20:23 2026
# [ok]
