#                                                                                                           --- full sequence --- -------------- this domain -------------   hmm coord   ali coord   env coord
# target name                                       accession   tlen query name           accession   qlen   E-value  score  bias   #  of  c-Evalue  i-Evalue  score  bias  from    to  from    to  from    to  acc description of target
#                               ------------------- ---------- ----- -------------------- ---------- ----- --------- ------ ----- --- --- --------- --------- ------ ----- ----- ----- ----- ----- ----- ----- ---- ---------------------
5147at766_1242993_0:0002df|OZ308468.1:438577-440422 -            616 5147                 -            579    5e-265  871.8  52.8   1   1  6.8e-265  6.8e-265  871.4  52.8     3   578     6   613     4   614 0.94 -
5147at766_1248439_0:000119|OZ308468.1:438577-440422 -            616 5147                 -            579    5e-265  871.8  52.8   1   1  6.8e-265  6.8e-265  871.4  52.8     3   578     6   613     4   614 0.94 -
5147at766_1359163_0:000254|OZ308468.1:438577-440422 -            616 5147                 -            579    5e-265  871.8  52.8   1   1  6.8e-265  6.8e-265  871.4  52.8     3   578     6   613     4   614 0.94 -
5147at766_1392507_0:0001e3|OZ308468.1:438577-440422 -            616 5147                 -            579    5e-265  871.8  52.8   1   1  6.8e-265  6.8e-265  871.4  52.8     3   578     6   613     4   614 0.94 -
5147at766_142058_0:000079|OZ308468.1:438577-440422  -            616 5147                 -            579    5e-265  871.8  52.8   1   1  6.8e-265  6.8e-265  871.4  52.8     3   578     6   613     4   614 0.94 -
5147at766_205920_0:00023f|OZ308468.1:438577-440422  -            616 5147                 -            579    5e-265  871.8  52.8   1   1  6.8e-265  6.8e-265  871.4  52.8     3   578     6   613     4   614 0.94 -
5147at766_434131_0:000028|OZ308468.1:438577-440422  -            616 5147                 -            579    5e-265  871.8  52.8   1   1  6.8e-265  6.8e-265  871.4  52.8     3   578     6   613     4   614 0.94 -
5147at766_481009_0:00005b|OZ308468.1:438577-440422  -            616 5147                 -            579    5e-265  871.8  52.8   1   1  6.8e-265  6.8e-265  871.4  52.8     3   578     6   613     4   614 0.94 -
5147at766_779_0:000183|OZ308468.1:438577-440422     -            616 5147                 -            579    5e-265  871.8  52.8   1   1  6.8e-265  6.8e-265  871.4  52.8     3   578     6   613     4   614 0.94 -
5147at766_2115978_0:0002ab|OZ308468.1:438571-440419 -            617 5147                 -            579  5.1e-265  871.8  52.8   1   1  6.8e-265  6.8e-265  871.4  52.8     3   578     5   612     3   613 0.94 -
5147at766_955_0:00024c|OZ308468.1:438568-440419     -            617 5147                 -            579  5.1e-265  871.8  52.8   1   1  6.8e-265  6.8e-265  871.4  52.8     3   578     5   612     3   613 0.94 -
5147at766_336407_0:000544|OZ308468.1:438577-440425  -            617 5147                 -            579  5.1e-265  871.8  52.8   1   1  6.8e-265  6.8e-265  871.4  52.8     3   578     7   614     5   615 0.94 -
5147at766_2486578_0:0005d7|OZ308468.1:438568-440413 -            615 5147                 -            579  5.1e-265  871.8  52.8   1   1  6.7e-265  6.7e-265  871.4  52.8     3   578     3   610     1   611 0.94 -
5147at766_752179_0:00022e|OZ308468.1:438571-440413  -            615 5147                 -            579  5.1e-265  871.8  52.8   1   1  6.7e-265  6.7e-265  871.4  52.8     3   578     3   610     1   611 0.94 -
5147at766_1528098_0:0004fa|OZ308468.1:438571-440422 -            618 5147                 -            579  5.1e-265  871.8  52.8   1   1  6.9e-265  6.9e-265  871.4  52.8     3   578     6   613     4   614 0.94 -
5147at766_1605993_0:0002cf|OZ308468.1:438568-440422 -            618 5147                 -            579  5.1e-265  871.8  52.8   1   1  6.9e-265  6.9e-265  871.4  52.8     3   578     6   613     4   614 0.94 -
5147at766_169402_0:000367|OZ308468.1:438568-440422  -            618 5147                 -            579  5.1e-265  871.8  52.8   1   1  6.9e-265  6.9e-265  871.4  52.8     3   578     6   613     4   614 0.94 -
5147at766_1714371_0:000271|OZ308468.1:438568-440422 -            618 5147                 -            579  5.1e-265  871.8  52.8   1   1  6.9e-265  6.9e-265  871.4  52.8     3   578     6   613     4   614 0.94 -
5147at766_1961830_0:0004bf|OZ308468.1:438568-440422 -            618 5147                 -            579  5.1e-265  871.8  52.8   1   1  6.9e-265  6.9e-265  871.4  52.8     3   578     6   613     4   614 0.94 -
5147at766_246273_0:00025a|OZ308468.1:438568-440422  -            618 5147                 -            579  5.1e-265  871.8  52.8   1   1  6.9e-265  6.9e-265  871.4  52.8     3   578     6   613     4   614 0.94 -
5147at766_574556_0:0001d0|OZ308468.1:438568-440422  -            618 5147                 -            579  5.1e-265  871.8  52.8   1   1  6.9e-265  6.9e-265  871.4  52.8     3   578     6   613     4   614 0.94 -
5147at766_96496_0:0002de|OZ308468.1:438568-440422   -            618 5147                 -            579  5.1e-265  871.8  52.8   1   1  6.9e-265  6.9e-265  871.4  52.8     3   578     6   613     4   614 0.94 -
5147at766_1105107_0:00022c|OZ308468.1:438577-440404 -            610 5147                 -            579    1e-264  870.8  52.3   1   1  1.4e-264  1.4e-264  870.4  52.3     4   578     1   607     1   608 0.94 -
5147at766_1286528_0:000029|OZ308468.1:438577-440404 -            610 5147                 -            579    1e-264  870.8  52.3   1   1  1.4e-264  1.4e-264  870.4  52.3     4   578     1   607     1   608 0.94 -
5147at766_272947_0:000208|OZ308468.1:438577-440404  -            610 5147                 -            579    1e-264  870.8  52.3   1   1  1.4e-264  1.4e-264  870.4  52.3     4   578     1   607     1   608 0.94 -
5147at766_1274402_0:0002a7|OZ308468.1:438598-440422 -            609 5147                 -            579  1.7e-264  870.1  52.1   1   1  2.1e-264  2.1e-264  869.7  52.1     3   574     6   609     4   609 0.94 -
5147at766_391036_0:0001f7|OZ308468.1:438598-440422  -            609 5147                 -            579  1.7e-264  870.1  52.1   1   1  2.1e-264  2.1e-264  869.7  52.1     3   574     6   609     4   609 0.94 -
5147at766_86105_0:0002d6|OZ308468.1:438595-440404   -            604 5147                 -            579    2e-264  869.8  51.1   1   1  2.5e-264  2.5e-264  869.5  51.1     4   574     1   603     1   604 0.94 -
5147at766_222891_0:0000c3|OZ308468.1:438568-440401  -            611 5147                 -            579  2.1e-264  869.8  52.1   1   1  2.8e-264  2.8e-264  869.3  52.1     5   578     1   606     1   607 0.94 -
5147at766_1359168_0:0000b2|OZ308468.1:438601-440422 -            608 5147                 -            579  2.4e-264  869.6  51.5   1   1  3.1e-264  3.1e-264  869.2  51.5     3   573     6   608     4   608 0.94 -
5147at766_334380_0:00045e|OZ308468.1:438601-440422  -            608 5147                 -            579  2.4e-264  869.6  51.5   1   1  3.1e-264  3.1e-264  869.2  51.5     3   573     6   608     4   608 0.94 -
5147at766_696127_0:00025a|OZ308468.1:438595-440401  -            603 5147                 -            579    4e-264  868.8  50.8   1   1    5e-264    5e-264  868.5  50.8     5   574     1   602     1   603 0.94 -
5147at766_2602574_0:000315|OZ308468.1:438571-440260 -            564 5147                 -            579  2.5e-253  833.2  47.0   1   1  3.3e-253  3.3e-253  832.8  47.0    48   578     1   559     1   560 0.94 -
5147at766_1802984_0:000255|OZ308468.1:438784-440338 -            519 5147                 -            579  9.3e-242  795.0  46.6   1   1  1.2e-241  1.2e-241  794.6  46.6    22   514     1   519     1   519 0.94 -
#
# Program:         hmmsearch
# Version:         3.4 (Aug 2023)
# Pipeline mode:   SEARCH
# Query file:      /Users/rossoaa/Desktop/dummy/genomes/records/compleasm/mb_downloads/rickettsiales_odb12/hmms/5147at766.hmm
# Target file:     -
# Option settings: /Users/rossoaa/miniconda3/envs/compleasm_env/bin/hmmsearch --domtblout /Users/rossoaa/Desktop/dummy/genomes/records/compleasm/rickettsiales_odb12/hmmer_output/5147at766.out --cpu 1 /Users/rossoaa/Desktop/dummy/genomes/records/compleasm/mb_downloads/rickettsiales_odb12/hmms/5147at766.hmm - 
# Current dir:     /Users/rossoaa/Desktop/dummy/genomes/records/compleasm
# Date:            Tue Feb 10 10:20:23 2026
# [ok]
