#                                                                                                           --- full sequence --- -------------- this domain -------------   hmm coord   ali coord   env coord
# target name                                       accession   tlen query name           accession   qlen   E-value  score  bias   #  of  c-Evalue  i-Evalue  score  bias  from    to  from    to  from    to  acc description of target
#                               ------------------- ---------- ----- -------------------- ---------- ----- --------- ------ ----- --- --- --------- --------- ------ ----- ----- ----- ----- ----- ----- ----- ---- ---------------------
5150at766_1802984_0:0000a3|OZ308468.1:802274-804050 -            593 5150                 -            576         0 1145.1   0.1   1   1         0         0 1144.8   0.1     2   575     6   589     5   590 0.98 -
5150at766_1528098_0:000221|OZ308468.1:802286-804044 -            587 5150                 -            576         0 1145.1   0.1   1   1         0         0 1144.8   0.1     2   575     2   585     1   586 0.98 -
5150at766_86105_0:000754|OZ308468.1:802274-804044   -            591 5150                 -            576         0 1145.1   0.1   1   1         0         0 1144.8   0.1     2   575     6   589     5   590 0.98 -
5150at766_1714371_0:00003e|OZ308468.1:802286-804197 -            638 5150                 -            576         0 1144.7   0.1   1   1         0         0 1144.4   0.1     2   575     2   585     1   586 0.98 -
5150at766_222891_0:00006a|OZ308468.1:802286-804197  -            638 5150                 -            576         0 1144.7   0.1   1   1         0         0 1144.4   0.1     2   575     2   585     1   586 0.98 -
5150at766_955_0:0000af|OZ308468.1:802277-804257     -            661 5150                 -            576         0 1144.5   0.1   1   1         0         0 1144.2   0.1     2   575     5   588     4   589 0.98 -
5150at766_1286528_0:000185|OZ308468.1:802286-804266 -            661 5150                 -            576         0 1144.5   0.1   1   1         0         0 1144.2   0.1     2   575     2   585     1   586 0.98 -
5150at766_205920_0:0002a9|OZ308468.1:802283-804275  -            665 5150                 -            576         0 1144.5   0.1   1   1         0         0 1144.1   0.1     2   575     3   586     2   587 0.98 -
5150at766_574556_0:000280|OZ308468.1:802274-804272  -            667 5150                 -            576         0 1144.5   0.1   1   1         0         0 1144.1   0.1     2   575     6   589     5   590 0.98 -
5150at766_169402_0:000446|OZ308468.1:802277-804275  -            667 5150                 -            576         0 1144.5   0.1   1   1         0         0 1144.1   0.1     2   575     5   588     4   589 0.98 -
5150at766_1392507_0:000295|OZ308468.1:802277-804278 -            668 5150                 -            576         0 1144.5   0.1   1   1         0         0 1144.1   0.1     2   575     5   588     4   589 0.98 -
5150at766_779_0:0000b0|OZ308468.1:802280-804287     -            670 5150                 -            576         0 1144.4   0.1   1   1         0         0 1144.1   0.1     2   575     4   587     3   588 0.98 -
5150at766_1242993_0:000233|OZ308468.1:802283-804287 -            669 5150                 -            576         0 1144.4   0.1   1   1         0         0 1144.1   0.1     2   575     3   586     2   587 0.98 -
5150at766_1359163_0:00020e|OZ308468.1:802283-804287 -            669 5150                 -            576         0 1144.4   0.1   1   1         0         0 1144.1   0.1     2   575     3   586     2   587 0.98 -
5150at766_1423892_0:00025c|OZ308468.1:802283-804287 -            669 5150                 -            576         0 1144.4   0.1   1   1         0         0 1144.1   0.1     2   575     3   586     2   587 0.98 -
5150at766_391036_0:00030e|OZ308468.1:802283-804290  -            670 5150                 -            576         0 1144.4   0.1   1   1         0         0 1144.1   0.1     2   575     3   586     2   587 0.98 -
5150at766_1605993_0:00039c|OZ308468.1:802277-804293 -            672 5150                 -            576         0 1144.4   0.1   1   1         0         0 1144.1   0.1     2   575     5   588     4   589 0.98 -
5150at766_246273_0:000161|OZ308468.1:802277-804293  -            672 5150                 -            576         0 1144.4   0.1   1   1         0         0 1144.1   0.1     2   575     5   588     4   589 0.98 -
5150at766_96496_0:000279|OZ308468.1:802274-804290   -            673 5150                 -            576         0 1144.4   0.1   1   1         0         0 1144.1   0.1     2   575     6   589     5   590 0.98 -
5150at766_2602574_0:000160|OZ308468.1:802289-804149 -            621 5150                 -            576         0 1144.3   0.1   1   1         0         0 1144.0   0.1     2   575     1   584     1   585 0.98 -
5150at766_752179_0:0002c2|OZ308468.1:802295-804044  -            584 5150                 -            576         0 1142.1   0.1   1   1         0         0 1141.9   0.1     4   575     1   582     1   583 0.98 -
5150at766_1105107_0:00025d|OZ308468.1:802298-804047 -            584 5150                 -            576         0 1140.8   0.1   1   1         0         0 1140.5   0.1     5   575     1   581     1   582 0.98 -
5150at766_481009_0:0002b3|OZ308468.1:802298-804047  -            584 5150                 -            576         0 1140.8   0.1   1   1         0         0 1140.5   0.1     5   575     1   581     1   582 0.98 -
5150at766_272947_0:000233|OZ308468.1:802298-804053  -            586 5150                 -            576         0 1140.8   0.1   1   1         0         0 1140.5   0.1     5   575     1   581     1   582 0.98 -
5150at766_336407_0:000421|OZ308468.1:802298-804056  -            587 5150                 -            576         0 1140.8   0.1   1   1         0         0 1140.5   0.1     5   575     1   581     1   582 0.98 -
5150at766_1961830_0:000323|OZ308468.1:802298-804062 -            589 5150                 -            576         0 1140.8   0.1   1   1         0         0 1140.5   0.1     5   575     1   581     1   582 0.98 -
5150at766_2486577_0:0000d2|OZ308468.1:802436-804077 -            548 5150                 -            576         0 1119.9   0.2   1   1         0         0 1119.6   0.2    44   575     4   535     1   536 0.99 -
5150at766_334380_0:00009e|OZ308468.1:802484-804044  -            521 5150                 -            576         0 1106.4   0.2   1   1         0         0 1106.2   0.2    57   575     1   519     1   520 0.99 -
5150at766_696127_0:0000a2|OZ308468.1:802502-804068  -            523 5150                 -            576         0 1102.9   0.4   1   1         0         0 1102.6   0.4    66   575     4   513     1   514 0.99 -
5150at766_1359168_0:0001a3|OZ308468.1:802514-804044 -            511 5150                 -            576         0 1101.3   0.3   1   1         0         0 1101.1   0.3    67   575     1   509     1   510 0.99 -
5150at766_2115978_0:0000b9|OZ308468.1:802514-804101 -            530 5150                 -            576         0 1101.1   0.3   1   1         0         0 1100.9   0.3    67   575     1   509     1   510 0.99 -
5150at766_2486578_0:0000e4|OZ308468.1:802514-804275 -            588 5150                 -            576         0 1100.6   0.3   1   1         0         0 1100.3   0.3    67   575     1   509     1   510 0.99 -
#
# Program:         hmmsearch
# Version:         3.4 (Aug 2023)
# Pipeline mode:   SEARCH
# Query file:      /Users/rossoaa/Desktop/dummy/genomes/records/compleasm/mb_downloads/rickettsiales_odb12/hmms/5150at766.hmm
# Target file:     -
# Option settings: /Users/rossoaa/miniconda3/envs/compleasm_env/bin/hmmsearch --domtblout /Users/rossoaa/Desktop/dummy/genomes/records/compleasm/rickettsiales_odb12/hmmer_output/5150at766.out --cpu 1 /Users/rossoaa/Desktop/dummy/genomes/records/compleasm/mb_downloads/rickettsiales_odb12/hmms/5150at766.hmm - 
# Current dir:     /Users/rossoaa/Desktop/dummy/genomes/records/compleasm
# Date:            Tue Feb 10 10:20:23 2026
# [ok]
