#                                                                                                           --- full sequence --- -------------- this domain -------------   hmm coord   ali coord   env coord
# target name                                       accession   tlen query name           accession   qlen   E-value  score  bias   #  of  c-Evalue  i-Evalue  score  bias  from    to  from    to  from    to  acc description of target
#                               ------------------- ---------- ----- -------------------- ---------- ----- --------- ------ ----- --- --- --------- --------- ------ ----- ----- ----- ----- ----- ----- ----- ---- ---------------------
5153at766_2486577_0:000070|OZ308468.1:891543-893157 -            539 5153                 -            516  2.2e-185  607.6   9.4   1   1  2.7e-185  2.7e-185  607.3   9.4     3   497     2   520     1   537 0.88 -
5153at766_1528098_0:000013|OZ308468.1:891528-893067 -            514 5153                 -            516  2.5e-185  607.4   8.4   1   1  3.1e-185  3.1e-185  607.1   8.4     1   468     5   500     5   513 0.90 -
5153at766_1242993_0:0003a3|OZ308468.1:891540-893250 -            571 5153                 -            516  5.1e-185  606.4  14.7   1   1    3e-184    3e-184  603.8  14.7     1   499     1   523     1   569 0.87 -
5153at766_1423892_0:0000dc|OZ308468.1:891540-893250 -            571 5153                 -            516  5.1e-185  606.4  14.7   1   1    3e-184    3e-184  603.8  14.7     1   499     1   523     1   569 0.87 -
5153at766_205920_0:000027|OZ308468.1:891540-893250  -            571 5153                 -            516  5.1e-185  606.4  14.7   1   1    3e-184    3e-184  603.8  14.7     1   499     1   523     1   569 0.87 -
5153at766_391036_0:0001e9|OZ308468.1:891540-893250  -            571 5153                 -            516  5.1e-185  606.4  14.7   1   1    3e-184    3e-184  603.8  14.7     1   499     1   523     1   569 0.87 -
5153at766_779_0:0002ee|OZ308468.1:891540-893250     -            571 5153                 -            516  5.1e-185  606.4  14.7   1   1    3e-184    3e-184  603.8  14.7     1   499     1   523     1   569 0.87 -
5153at766_1359163_0:0000ae|OZ308468.1:891540-893259 -            574 5153                 -            516  5.2e-185  606.4  14.7   1   1  3.1e-184  3.1e-184  603.8  14.7     1   499     1   523     1   569 0.87 -
5153at766_1248439_0:000267|OZ308468.1:891528-893250 -            575 5153                 -            516  5.2e-185  606.3  14.6   1   1  3.1e-184  3.1e-184  603.8  14.6     1   499     5   527     5   573 0.87 -
5153at766_142058_0:00018e|OZ308468.1:891528-893250  -            575 5153                 -            516  5.2e-185  606.3  14.6   1   1  3.1e-184  3.1e-184  603.8  14.6     1   499     5   527     5   573 0.87 -
5153at766_574556_0:000332|OZ308468.1:891528-893250  -            575 5153                 -            516  5.2e-185  606.3  14.6   1   1  3.1e-184  3.1e-184  603.8  14.6     1   499     5   527     5   573 0.87 -
5153at766_1605993_0:000038|OZ308468.1:891540-893271 -            577 5153                 -            516  5.3e-185  606.3  14.6   1   1  3.1e-184  3.1e-184  603.8  14.6     1   499     1   523     1   569 0.87 -
5153at766_169402_0:0004fe|OZ308468.1:891540-893271  -            577 5153                 -            516  5.3e-185  606.3  14.6   1   1  3.1e-184  3.1e-184  603.8  14.6     1   499     1   523     1   569 0.87 -
5153at766_246273_0:00003c|OZ308468.1:891540-893271  -            577 5153                 -            516  5.3e-185  606.3  14.6   1   1  3.1e-184  3.1e-184  603.8  14.6     1   499     1   523     1   569 0.87 -
5153at766_955_0:00025e|OZ308468.1:891540-893268     -            577 5153                 -            516  5.3e-185  606.3  14.6   1   1  3.1e-184  3.1e-184  603.8  14.6     1   499     1   523     1   569 0.87 -
5153at766_696127_0:0000f6|OZ308468.1:891546-893229  -            562 5153                 -            516  8.4e-185  605.7  11.4   1   1  1.6e-184  1.6e-184  604.8  11.4     3   499     1   521     1   561 0.88 -
5153at766_1392507_0:0001f3|OZ308468.1:891543-893250 -            570 5153                 -            516  1.5e-184  604.8  15.0   1   1    9e-184    9e-184  602.3  15.0     3   499     2   522     1   568 0.87 -
5153at766_86105_0:000725|OZ308468.1:891549-893169   -            541 5153                 -            516  1.6e-184  604.7  10.1   1   1    2e-184    2e-184  604.5  10.1     4   499     1   520     1   539 0.88 -
5153at766_336407_0:00031c|OZ308468.1:891552-893265  -            572 5153                 -            516  1.9e-183  601.2  14.5   1   1  1.1e-182  1.1e-182  598.7  14.5     5   499     1   519     1   565 0.87 -
5153at766_481009_0:000466|OZ308468.1:891552-893265  -            572 5153                 -            516  1.9e-183  601.2  14.5   1   1  1.1e-182  1.1e-182  598.7  14.5     5   499     1   519     1   565 0.87 -
5153at766_1105107_0:000253|OZ308468.1:891552-893271 -            573 5153                 -            516    2e-183  601.1  14.6   1   1  1.2e-182  1.2e-182  598.6  14.6     5   499     1   519     1   565 0.87 -
5153at766_272947_0:000152|OZ308468.1:891552-893271  -            573 5153                 -            516    2e-183  601.1  14.6   1   1  1.2e-182  1.2e-182  598.6  14.6     5   499     1   519     1   565 0.87 -
5153at766_752179_0:0003a7|OZ308468.1:891558-893169  -            538 5153                 -            516  2.5e-183  600.8   9.9   1   1  3.1e-183  3.1e-183  600.5   9.9     7   499     1   517     1   536 0.88 -
5153at766_1961830_0:000343|OZ308468.1:891540-892956 -            473 5153                 -            516  1.7e-181  594.8   4.4   1   1  1.9e-181  1.9e-181  594.6   4.4     1   445     1   472     1   473 0.92 -
5153at766_2115978_0:00049e|OZ308468.1:891552-892959 -            470 5153                 -            516  2.8e-180  590.7   4.5   1   1  3.2e-180  3.2e-180  590.6   4.5     5   447     1   470     1   470 0.92 -
5153at766_1802984_0:000022|OZ308468.1:891540-892776 -            413 5153                 -            516  4.8e-171  560.3   2.0   1   1  5.4e-171  5.4e-171  560.1   2.0     1   393     1   412     1   413 0.94 -
#
# Program:         hmmsearch
# Version:         3.4 (Aug 2023)
# Pipeline mode:   SEARCH
# Query file:      /Users/rossoaa/Desktop/dummy/genomes/records/compleasm/mb_downloads/rickettsiales_odb12/hmms/5153at766.hmm
# Target file:     -
# Option settings: /Users/rossoaa/miniconda3/envs/compleasm_env/bin/hmmsearch --domtblout /Users/rossoaa/Desktop/dummy/genomes/records/compleasm/rickettsiales_odb12/hmmer_output/5153at766.out --cpu 1 /Users/rossoaa/Desktop/dummy/genomes/records/compleasm/mb_downloads/rickettsiales_odb12/hmms/5153at766.hmm - 
# Current dir:     /Users/rossoaa/Desktop/dummy/genomes/records/compleasm
# Date:            Tue Feb 10 10:20:21 2026
# [ok]
