#                                                                                                             --- full sequence --- -------------- this domain -------------   hmm coord   ali coord   env coord
# target name                                         accession   tlen query name           accession   qlen   E-value  score  bias   #  of  c-Evalue  i-Evalue  score  bias  from    to  from    to  from    to  acc description of target
#                                 ------------------- ---------- ----- -------------------- ---------- ----- --------- ------ ----- --- --- --------- --------- ------ ----- ----- ----- ----- ----- ----- ----- ---- ---------------------
5174at766_1286528_0:00017b|OZ308468.1:1071697-1073215 -            506 5174                 -            492  1.4e-211  694.4  30.0   1   1  1.7e-211  1.7e-211  694.2  30.0     2   491     6   503     5   504 0.96 -
5174at766_1714371_0:0002e0|OZ308468.1:1071697-1073215 -            506 5174                 -            492  1.4e-211  694.4  30.0   1   1  1.7e-211  1.7e-211  694.2  30.0     2   491     6   503     5   504 0.96 -
5174at766_222891_0:0002bc|OZ308468.1:1071697-1073215  -            506 5174                 -            492  1.4e-211  694.4  30.0   1   1  1.7e-211  1.7e-211  694.2  30.0     2   491     6   503     5   504 0.96 -
5174at766_434131_0:0002b3|OZ308468.1:1071697-1073215  -            506 5174                 -            492  1.4e-211  694.4  30.0   1   1  1.7e-211  1.7e-211  694.2  30.0     2   491     6   503     5   504 0.96 -
5174at766_779_0:000103|OZ308468.1:1071697-1073215     -            506 5174                 -            492  1.4e-211  694.4  30.0   1   1  1.7e-211  1.7e-211  694.2  30.0     2   491     6   503     5   504 0.96 -
5174at766_955_0:000161|OZ308468.1:1071679-1073215     -            512 5174                 -            492  1.5e-211  694.4  30.0   1   1  1.7e-211  1.7e-211  694.1  30.0     2   491    12   509    11   510 0.96 -
5174at766_1605993_0:000270|OZ308468.1:1071664-1073215 -            517 5174                 -            492  1.5e-211  694.3  30.0   1   1  1.8e-211  1.8e-211  694.1  30.0     2   491    17   514    16   515 0.96 -
5174at766_169402_0:000550|OZ308468.1:1071664-1073215  -            517 5174                 -            492  1.5e-211  694.3  30.0   1   1  1.8e-211  1.8e-211  694.1  30.0     2   491    17   514    16   515 0.96 -
5174at766_246273_0:000080|OZ308468.1:1071664-1073215  -            517 5174                 -            492  1.5e-211  694.3  30.0   1   1  1.8e-211  1.8e-211  694.1  30.0     2   491    17   514    16   515 0.96 -
5174at766_96496_0:000142|OZ308468.1:1071664-1073215   -            517 5174                 -            492  1.5e-211  694.3  30.0   1   1  1.8e-211  1.8e-211  694.1  30.0     2   491    17   514    16   515 0.96 -
5174at766_1528098_0:0003b5|OZ308468.1:1071718-1073212 -            499 5174                 -            492  2.4e-211  693.7  29.3   1   1  2.7e-211  2.7e-211  693.5  29.3     5   491     2   496     1   497 0.97 -
5174at766_1802984_0:00003d|OZ308468.1:1071718-1073203 -            496 5174                 -            492  5.6e-211  692.5  29.8   1   1  6.3e-211  6.3e-211  692.3  29.8     5   490     2   495     1   496 0.97 -
5174at766_1242993_0:000312|OZ308468.1:1071724-1073215 -            497 5174                 -            492  6.4e-211  692.3  29.4   1   1  7.2e-211  7.2e-211  692.1  29.4     7   491     2   494     1   495 0.97 -
5174at766_1248439_0:0001c5|OZ308468.1:1071724-1073215 -            497 5174                 -            492  6.4e-211  692.3  29.4   1   1  7.2e-211  7.2e-211  692.1  29.4     7   491     2   494     1   495 0.97 -
5174at766_1359163_0:000026|OZ308468.1:1071724-1073215 -            497 5174                 -            492  6.4e-211  692.3  29.4   1   1  7.2e-211  7.2e-211  692.1  29.4     7   491     2   494     1   495 0.97 -
5174at766_1392507_0:0001e7|OZ308468.1:1071724-1073215 -            497 5174                 -            492  6.4e-211  692.3  29.4   1   1  7.2e-211  7.2e-211  692.1  29.4     7   491     2   494     1   495 0.97 -
5174at766_142058_0:00006e|OZ308468.1:1071724-1073215  -            497 5174                 -            492  6.4e-211  692.3  29.4   1   1  7.2e-211  7.2e-211  692.1  29.4     7   491     2   494     1   495 0.97 -
5174at766_1423892_0:000117|OZ308468.1:1071724-1073215 -            497 5174                 -            492  6.4e-211  692.3  29.4   1   1  7.2e-211  7.2e-211  692.1  29.4     7   491     2   494     1   495 0.97 -
5174at766_205920_0:0001b0|OZ308468.1:1071724-1073215  -            497 5174                 -            492  6.4e-211  692.3  29.4   1   1  7.2e-211  7.2e-211  692.1  29.4     7   491     2   494     1   495 0.97 -
5174at766_391036_0:000129|OZ308468.1:1071724-1073215  -            497 5174                 -            492  6.4e-211  692.3  29.4   1   1  7.2e-211  7.2e-211  692.1  29.4     7   491     2   494     1   495 0.97 -
5174at766_574556_0:00015b|OZ308468.1:1071724-1073215  -            497 5174                 -            492  6.4e-211  692.3  29.4   1   1  7.2e-211  7.2e-211  692.1  29.4     7   491     2   494     1   495 0.97 -
5174at766_696127_0:0003b6|OZ308468.1:1071721-1073203  -            495 5174                 -            492  7.1e-211  692.1  29.5   1   1    8e-211    8e-211  692.0  29.5     6   490     2   494     1   495 0.97 -
5174at766_1105107_0:00000d|OZ308468.1:1071718-1073200 -            495 5174                 -            492  1.1e-210  691.4  30.0   1   1  1.3e-210  1.3e-210  691.3  30.0     5   490     2   495     1   495 0.97 -
5174at766_481009_0:000187|OZ308468.1:1071718-1073200  -            495 5174                 -            492  1.1e-210  691.4  30.0   1   1  1.3e-210  1.3e-210  691.3  30.0     5   490     2   495     1   495 0.97 -
5174at766_86105_0:000506|OZ308468.1:1071721-1073200   -            494 5174                 -            492  1.5e-210  691.1  29.6   1   1  1.6e-210  1.6e-210  690.9  29.6     6   490     2   494     1   494 0.97 -
5174at766_2486577_0:0000f5|OZ308468.1:1071703-1073197 -            499 5174                 -            492  1.5e-210  691.1  30.3   1   1  1.7e-210  1.7e-210  690.9  30.3     2   489     4   499     3   499 0.97 -
5174at766_334380_0:0004b8|OZ308468.1:1071730-1073206  -            493 5174                 -            492    2e-210  690.7  29.5   1   1  2.2e-210  2.2e-210  690.5  29.5     8   491     1   492     1   493 0.97 -
5174at766_1961830_0:000293|OZ308468.1:1071718-1073197 -            494 5174                 -            492  2.5e-210  690.3  29.7   1   1  2.8e-210  2.8e-210  690.1  29.7     5   489     2   494     1   494 0.97 -
5174at766_1274402_0:0001f3|OZ308468.1:1071730-1073203 -            492 5174                 -            492  4.6e-210  689.5  30.0   1   1  5.1e-210  5.1e-210  689.3  30.0     8   490     1   491     1   492 0.97 -
5174at766_1359168_0:0000de|OZ308468.1:1071730-1073200 -            491 5174                 -            492  9.4e-210  688.4  30.2   1   1    1e-209    1e-209  688.3  30.2     8   490     1   491     1   491 0.97 -
5174at766_272947_0:00013f|OZ308468.1:1071706-1073164  -            487 5174                 -            492  1.5e-209  687.8  28.6   1   1  1.7e-209  1.7e-209  687.6  28.6     2   481     3   486     2   487 0.98 -
5174at766_336407_0:00010f|OZ308468.1:1071718-1073164  -            483 5174                 -            492  2.5e-209  687.0  27.9   1   1  2.8e-209  2.8e-209  686.9  27.9     5   481     2   482     1   483 0.98 -
5174at766_2486578_0:0003ba|OZ308468.1:1071772-1073212 -            481 5174                 -            492  1.3e-206  678.1  28.5   1   1  1.4e-206  1.4e-206  678.0  28.5    22   491     1   478     1   479 0.96 -
5174at766_2602574_0:000075|OZ308468.1:1071703-1072981 -            427 5174                 -            492  2.3e-192  631.1  24.3   1   1  2.6e-192  2.6e-192  630.9  24.3     2   420     4   426     3   427 0.98 -
#
# Program:         hmmsearch
# Version:         3.4 (Aug 2023)
# Pipeline mode:   SEARCH
# Query file:      /Users/rossoaa/Desktop/dummy/genomes/records/compleasm/mb_downloads/rickettsiales_odb12/hmms/5174at766.hmm
# Target file:     -
# Option settings: /Users/rossoaa/miniconda3/envs/compleasm_env/bin/hmmsearch --domtblout /Users/rossoaa/Desktop/dummy/genomes/records/compleasm/rickettsiales_odb12/hmmer_output/5174at766.out --cpu 1 /Users/rossoaa/Desktop/dummy/genomes/records/compleasm/mb_downloads/rickettsiales_odb12/hmms/5174at766.hmm - 
# Current dir:     /Users/rossoaa/Desktop/dummy/genomes/records/compleasm
# Date:            Tue Feb 10 10:20:24 2026
# [ok]
