#                                                                                                             --- full sequence --- -------------- this domain -------------   hmm coord   ali coord   env coord
# target name                                         accession   tlen query name           accession   qlen   E-value  score  bias   #  of  c-Evalue  i-Evalue  score  bias  from    to  from    to  from    to  acc description of target
#                                 ------------------- ---------- ----- -------------------- ---------- ----- --------- ------ ----- --- --- --------- --------- ------ ----- ----- ----- ----- ----- ----- ----- ---- ---------------------
5183at766_1392507_0:00037b|OZ308468.1:1065243-1066614 -            457 5183                 -            448  1.6e-229  753.2   7.4   1   1  1.8e-229  1.8e-229  753.0   7.4     6   447    12   456     7   457 0.97 -
5183at766_1605993_0:0000bd|OZ308468.1:1065243-1066623 -            460 5183                 -            448  1.6e-229  753.2   7.4   1   1  1.9e-229  1.9e-229  753.0   7.4     6   447    15   459    10   460 0.97 -
5183at766_169402_0:0000ae|OZ308468.1:1065243-1066623  -            460 5183                 -            448  1.6e-229  753.2   7.4   1   1  1.9e-229  1.9e-229  753.0   7.4     6   447    15   459    10   460 0.97 -
5183at766_246273_0:0000ef|OZ308468.1:1065243-1066623  -            460 5183                 -            448  1.6e-229  753.2   7.4   1   1  1.9e-229  1.9e-229  753.0   7.4     6   447    15   459    10   460 0.97 -
5183at766_96496_0:000280|OZ308468.1:1065243-1066623   -            460 5183                 -            448  1.6e-229  753.2   7.4   1   1  1.9e-229  1.9e-229  753.0   7.4     6   447    15   459    10   460 0.97 -
5183at766_1105107_0:0000a5|OZ308468.1:1065243-1066593 -            450 5183                 -            448  1.7e-229  753.1   7.4   1   1  1.9e-229  1.9e-229  753.0   7.4     8   447     7   449     1   450 0.97 -
5183at766_336407_0:0001dc|OZ308468.1:1065243-1066593  -            450 5183                 -            448  1.7e-229  753.1   7.4   1   1  1.9e-229  1.9e-229  753.0   7.4     8   447     7   449     1   450 0.97 -
5183at766_481009_0:0002f8|OZ308468.1:1065243-1066593  -            450 5183                 -            448  1.7e-229  753.1   7.4   1   1  1.9e-229  1.9e-229  753.0   7.4     8   447     7   449     1   450 0.97 -
5183at766_1961830_0:000125|OZ308468.1:1065243-1066569 -            442 5183                 -            448  2.4e-229  752.6   6.4   1   1  2.7e-229  2.7e-229  752.5   6.4    12   447     3   441     1   442 0.98 -
5183at766_1242993_0:00001e|OZ308468.1:1065243-1066566 -            441 5183                 -            448  2.5e-229  752.6   6.2   1   1  2.8e-229  2.8e-229  752.4   6.2    12   447     2   440     1   441 0.98 -
5183at766_1359163_0:00023b|OZ308468.1:1065243-1066566 -            441 5183                 -            448  2.5e-229  752.6   6.2   1   1  2.8e-229  2.8e-229  752.4   6.2    12   447     2   440     1   441 0.98 -
5183at766_1423892_0:0000ae|OZ308468.1:1065243-1066566 -            441 5183                 -            448  2.5e-229  752.6   6.2   1   1  2.8e-229  2.8e-229  752.4   6.2    12   447     2   440     1   441 0.98 -
5183at766_205920_0:00013c|OZ308468.1:1065243-1066566  -            441 5183                 -            448  2.5e-229  752.6   6.2   1   1  2.8e-229  2.8e-229  752.4   6.2    12   447     2   440     1   441 0.98 -
5183at766_86105_0:0003eb|OZ308468.1:1065249-1066563   -            439 5183                 -            448  5.9e-229  751.4   5.8   1   1  6.5e-229  6.5e-229  751.2   5.8    13   447     2   439     1   439 0.98 -
5183at766_1248439_0:000206|OZ308468.1:1065243-1066557 -            438 5183                 -            448  9.3e-229  750.7   6.0   1   1    1e-228    1e-228  750.5   6.0    15   447     2   437     1   438 0.98 -
5183at766_574556_0:0001bb|OZ308468.1:1065243-1066557  -            438 5183                 -            448  9.3e-229  750.7   6.0   1   1    1e-228    1e-228  750.5   6.0    15   447     2   437     1   438 0.98 -
5183at766_779_0:00038b|OZ308468.1:1065243-1066557     -            438 5183                 -            448  9.3e-229  750.7   6.0   1   1    1e-228    1e-228  750.5   6.0    15   447     2   437     1   438 0.98 -
5183at766_1528098_0:000101|OZ308468.1:1065243-1066551 -            436 5183                 -            448  1.4e-228  750.1   5.6   1   1  1.6e-228  1.6e-228  749.9   5.6    16   447     1   435     1   436 0.98 -
5183at766_1274402_0:000125|OZ308468.1:1065249-1066551 -            435 5183                 -            448  2.3e-228  749.4   5.3   1   1  2.6e-228  2.6e-228  749.2   5.3    16   447     1   435     1   435 0.98 -
5183at766_1286528_0:000051|OZ308468.1:1065243-1066548 -            435 5183                 -            448    3e-228  749.0   5.5   1   1  3.3e-228  3.3e-228  748.9   5.5    17   447     1   434     1   435 0.98 -
5183at766_1359168_0:0002a5|OZ308468.1:1065243-1066548 -            435 5183                 -            448    3e-228  749.0   5.5   1   1  3.3e-228  3.3e-228  748.9   5.5    17   447     1   434     1   435 0.98 -
5183at766_1714371_0:0001cc|OZ308468.1:1065243-1066548 -            435 5183                 -            448    3e-228  749.0   5.5   1   1  3.3e-228  3.3e-228  748.9   5.5    17   447     1   434     1   435 0.98 -
5183at766_2115978_0:000037|OZ308468.1:1065243-1066548 -            435 5183                 -            448    3e-228  749.0   5.5   1   1  3.3e-228  3.3e-228  748.9   5.5    17   447     1   434     1   435 0.98 -
5183at766_222891_0:000085|OZ308468.1:1065243-1066548  -            435 5183                 -            448    3e-228  749.0   5.5   1   1  3.3e-228  3.3e-228  748.9   5.5    17   447     1   434     1   435 0.98 -
5183at766_272947_0:00009a|OZ308468.1:1065243-1066548  -            435 5183                 -            448    3e-228  749.0   5.5   1   1  3.3e-228  3.3e-228  748.9   5.5    17   447     1   434     1   435 0.98 -
5183at766_334380_0:000072|OZ308468.1:1065243-1066548  -            435 5183                 -            448    3e-228  749.0   5.5   1   1  3.3e-228  3.3e-228  748.9   5.5    17   447     1   434     1   435 0.98 -
5183at766_434131_0:0002b8|OZ308468.1:1065243-1066548  -            435 5183                 -            448    3e-228  749.0   5.5   1   1  3.3e-228  3.3e-228  748.9   5.5    17   447     1   434     1   435 0.98 -
5183at766_752179_0:0002a5|OZ308468.1:1065243-1066548  -            435 5183                 -            448    3e-228  749.0   5.5   1   1  3.3e-228  3.3e-228  748.9   5.5    17   447     1   434     1   435 0.98 -
5183at766_2486577_0:0002e9|OZ308468.1:1065258-1066623 -            456 5183                 -            448  3.1e-228  749.0   6.6   1   1  3.5e-228  3.5e-228  748.8   6.6     6   443    15   455    10   456 0.97 -
5183at766_2486578_0:0004e4|OZ308468.1:1065252-1066548 -            433 5183                 -            448    1e-227  747.2   5.2   1   1  1.2e-227  1.2e-227  747.1   5.2    17   446     1   433     1   433 0.98 -
#
# Program:         hmmsearch
# Version:         3.4 (Aug 2023)
# Pipeline mode:   SEARCH
# Query file:      /Users/rossoaa/Desktop/dummy/genomes/records/compleasm/mb_downloads/rickettsiales_odb12/hmms/5183at766.hmm
# Target file:     -
# Option settings: /Users/rossoaa/miniconda3/envs/compleasm_env/bin/hmmsearch --domtblout /Users/rossoaa/Desktop/dummy/genomes/records/compleasm/rickettsiales_odb12/hmmer_output/5183at766.out --cpu 1 /Users/rossoaa/Desktop/dummy/genomes/records/compleasm/mb_downloads/rickettsiales_odb12/hmms/5183at766.hmm - 
# Current dir:     /Users/rossoaa/Desktop/dummy/genomes/records/compleasm
# Date:            Tue Feb 10 10:20:21 2026
# [ok]
