#                                                                                                           --- full sequence --- -------------- this domain -------------   hmm coord   ali coord   env coord
# target name                                       accession   tlen query name           accession   qlen   E-value  score  bias   #  of  c-Evalue  i-Evalue  score  bias  from    to  from    to  from    to  acc description of target
#                               ------------------- ---------- ----- -------------------- ---------- ----- --------- ------ ----- --- --- --------- --------- ------ ----- ----- ----- ----- ----- ----- ----- ---- ---------------------
5193at766_779_0:000243|OZ308468.1:742244-743762     -            507 5193                 -            498  1.5e-270  888.9   6.2   1   1  1.7e-270  1.7e-270  888.7   6.2     1   490     2   493     2   503 0.99 -
5193at766_2602574_0:0003e9|OZ308468.1:742247-743768 -            508 5193                 -            498  1.5e-270  888.8   6.2   1   1  1.8e-270  1.8e-270  888.7   6.2     1   490     1   492     1   502 0.99 -
5193at766_1105107_0:00002e|OZ308468.1:742241-743765 -            509 5193                 -            498  1.6e-270  888.8   6.2   1   1  1.8e-270  1.8e-270  888.6   6.2     1   490     3   494     3   504 0.99 -
5193at766_2115978_0:00003a|OZ308468.1:742241-743765 -            509 5193                 -            498  1.6e-270  888.8   6.2   1   1  1.8e-270  1.8e-270  888.6   6.2     1   490     3   494     3   504 0.99 -
5193at766_481009_0:0003e9|OZ308468.1:742241-743765  -            509 5193                 -            498  1.6e-270  888.8   6.2   1   1  1.8e-270  1.8e-270  888.6   6.2     1   490     3   494     3   504 0.99 -
5193at766_752179_0:000368|OZ308468.1:742241-743765  -            509 5193                 -            498  1.6e-270  888.8   6.2   1   1  1.8e-270  1.8e-270  888.6   6.2     1   490     3   494     3   504 0.99 -
5193at766_2486578_0:0004e9|OZ308468.1:742241-743759 -            507 5193                 -            498  1.6e-270  888.8   6.2   1   1  1.7e-270  1.7e-270  888.7   6.2     1   490     3   494     3   504 0.99 -
5193at766_1248439_0:00035b|OZ308468.1:742238-743765 -            510 5193                 -            498  1.6e-270  888.8   6.2   1   1  1.8e-270  1.8e-270  888.6   6.2     1   490     4   495     4   505 0.99 -
5193at766_1359163_0:000015|OZ308468.1:742238-743765 -            510 5193                 -            498  1.6e-270  888.8   6.2   1   1  1.8e-270  1.8e-270  888.6   6.2     1   490     4   495     4   505 0.99 -
5193at766_1392507_0:0001fa|OZ308468.1:742238-743765 -            510 5193                 -            498  1.6e-270  888.8   6.2   1   1  1.8e-270  1.8e-270  888.6   6.2     1   490     4   495     4   505 0.99 -
5193at766_142058_0:00027b|OZ308468.1:742238-743765  -            510 5193                 -            498  1.6e-270  888.8   6.2   1   1  1.8e-270  1.8e-270  888.6   6.2     1   490     4   495     4   505 0.99 -
5193at766_574556_0:0001aa|OZ308468.1:742238-743765  -            510 5193                 -            498  1.6e-270  888.8   6.2   1   1  1.8e-270  1.8e-270  888.6   6.2     1   490     4   495     4   505 0.99 -
5193at766_1528098_0:000609|OZ308468.1:742241-743768 -            510 5193                 -            498  1.6e-270  888.8   6.2   1   1  1.8e-270  1.8e-270  888.6   6.2     1   490     3   494     3   504 0.99 -
5193at766_1423892_0:000013|OZ308468.1:742235-743765 -            511 5193                 -            498  1.6e-270  888.8   6.2   1   1  1.8e-270  1.8e-270  888.6   6.2     1   490     5   496     5   506 0.99 -
5193at766_391036_0:000033|OZ308468.1:742235-743765  -            511 5193                 -            498  1.6e-270  888.8   6.2   1   1  1.8e-270  1.8e-270  888.6   6.2     1   490     5   496     5   506 0.99 -
5193at766_272947_0:000268|OZ308468.1:742241-743774  -            511 5193                 -            498  1.6e-270  888.8   6.2   1   1  1.8e-270  1.8e-270  888.6   6.2     1   490     3   494     3   504 0.99 -
5193at766_1242993_0:0001cf|OZ308468.1:742235-743768 -            512 5193                 -            498  1.6e-270  888.8   6.2   1   1  1.8e-270  1.8e-270  888.6   6.2     1   490     5   496     5   506 0.99 -
5193at766_205920_0:000362|OZ308468.1:742235-743768  -            512 5193                 -            498  1.6e-270  888.8   6.2   1   1  1.8e-270  1.8e-270  888.6   6.2     1   490     5   496     5   506 0.99 -
5193at766_1605993_0:0001cd|OZ308468.1:742235-743774 -            513 5193                 -            498  1.6e-270  888.8   6.2   1   1  1.8e-270  1.8e-270  888.6   6.2     1   490     5   496     5   506 0.99 -
5193at766_169402_0:000386|OZ308468.1:742235-743774  -            513 5193                 -            498  1.6e-270  888.8   6.2   1   1  1.8e-270  1.8e-270  888.6   6.2     1   490     5   496     5   506 0.99 -
5193at766_246273_0:0001dc|OZ308468.1:742235-743774  -            513 5193                 -            498  1.6e-270  888.8   6.2   1   1  1.8e-270  1.8e-270  888.6   6.2     1   490     5   496     5   506 0.99 -
5193at766_96496_0:00005c|OZ308468.1:742235-743774   -            513 5193                 -            498  1.6e-270  888.8   6.2   1   1  1.8e-270  1.8e-270  888.6   6.2     1   490     5   496     5   506 0.99 -
5193at766_1961830_0:000006|OZ308468.1:742229-743765 -            513 5193                 -            498  1.6e-270  888.8   6.2   1   1  1.8e-270  1.8e-270  888.6   6.2     1   490     7   498     7   508 0.99 -
5193at766_2486577_0:00015c|OZ308468.1:742247-743756 -            504 5193                 -            498  1.9e-270  888.6   6.5   1   1  2.3e-270  2.3e-270  888.3   6.5     1   490     1   492     1   501 0.99 -
5193at766_334380_0:00004c|OZ308468.1:742241-743756  -            506 5193                 -            498  1.9e-270  888.5   6.5   1   1  2.3e-270  2.3e-270  888.2   6.5     1   490     3   494     3   503 0.99 -
5193at766_222891_0:000223|OZ308468.1:742235-743708  -            492 5193                 -            498  2.6e-269  884.8   5.6   1   1  2.9e-269  2.9e-269  884.6   5.6     1   485     5   491     5   492 0.99 -
5193at766_1359168_0:000252|OZ308468.1:742241-743702 -            488 5193                 -            498  5.7e-269  883.7   5.5   1   1  6.4e-269  6.4e-269  883.5   5.5     1   482     3   486     3   488 0.99 -
5193at766_1286528_0:0002ad|OZ308468.1:742235-743696 -            488 5193                 -            498    1e-268  882.8   5.7   1   1  1.2e-268  1.2e-268  882.7   5.7     1   481     5   487     5   488 0.99 -
5193at766_1714371_0:0000bc|OZ308468.1:742235-743696 -            488 5193                 -            498    1e-268  882.8   5.7   1   1  1.2e-268  1.2e-268  882.7   5.7     1   481     5   487     5   488 0.99 -
5193at766_434131_0:00013a|OZ308468.1:742235-743696  -            488 5193                 -            498    1e-268  882.8   5.7   1   1  1.2e-268  1.2e-268  882.7   5.7     1   481     5   487     5   488 0.99 -
5193at766_1802984_0:000113|OZ308468.1:742253-743666 -            472 5193                 -            498  6.7e-266  873.6   5.7   1   1  7.4e-266  7.4e-266  873.4   5.7     3   471     1   471     1   472 0.99 -
5193at766_1274402_0:000112|OZ308468.1:742241-743654 -            472 5193                 -            498  1.8e-265  872.2   6.2   1   1    2e-265    2e-265  872.0   6.2     1   467     3   471     3   472 0.99 -
5193at766_86105_0:0005ae|OZ308468.1:742730-743696   -            323 5193                 -            498  2.3e-191  627.7   1.0   1   1  2.6e-191  2.6e-191  627.5   1.0   162   481     1   322     1   323 0.99 -
#
# Program:         hmmsearch
# Version:         3.4 (Aug 2023)
# Pipeline mode:   SEARCH
# Query file:      /Users/rossoaa/Desktop/dummy/genomes/records/compleasm/mb_downloads/rickettsiales_odb12/hmms/5193at766.hmm
# Target file:     -
# Option settings: /Users/rossoaa/miniconda3/envs/compleasm_env/bin/hmmsearch --domtblout /Users/rossoaa/Desktop/dummy/genomes/records/compleasm/rickettsiales_odb12/hmmer_output/5193at766.out --cpu 1 /Users/rossoaa/Desktop/dummy/genomes/records/compleasm/mb_downloads/rickettsiales_odb12/hmms/5193at766.hmm - 
# Current dir:     /Users/rossoaa/Desktop/dummy/genomes/records/compleasm
# Date:            Tue Feb 10 10:20:22 2026
# [ok]
