#                                                                                                           --- full sequence --- -------------- this domain -------------   hmm coord   ali coord   env coord
# target name                                       accession   tlen query name           accession   qlen   E-value  score  bias   #  of  c-Evalue  i-Evalue  score  bias  from    to  from    to  from    to  acc description of target
#                               ------------------- ---------- ----- -------------------- ---------- ----- --------- ------ ----- --- --- --------- --------- ------ ----- ----- ----- ----- ----- ----- ----- ---- ---------------------
5200at766_1242993_0:00032e|OZ308468.1:681022-682477 -            486 5200                 -            480  6.6e-255  837.3   0.1   1   1  7.5e-255  7.5e-255  837.1   0.1     1   476     1   480     1   484 0.98 -
5200at766_1423892_0:0001b3|OZ308468.1:681022-682477 -            486 5200                 -            480  6.6e-255  837.3   0.1   1   1  7.5e-255  7.5e-255  837.1   0.1     1   476     1   480     1   484 0.98 -
5200at766_169402_0:0000be|OZ308468.1:681022-682477  -            486 5200                 -            480  6.6e-255  837.3   0.1   1   1  7.5e-255  7.5e-255  837.1   0.1     1   476     1   480     1   484 0.98 -
5200at766_205920_0:00019d|OZ308468.1:681022-682477  -            486 5200                 -            480  6.6e-255  837.3   0.1   1   1  7.5e-255  7.5e-255  837.1   0.1     1   476     1   480     1   484 0.98 -
5200at766_391036_0:0002a9|OZ308468.1:681022-682477  -            486 5200                 -            480  6.6e-255  837.3   0.1   1   1  7.5e-255  7.5e-255  837.1   0.1     1   476     1   480     1   484 0.98 -
5200at766_779_0:00035d|OZ308468.1:681022-682477     -            486 5200                 -            480  6.6e-255  837.3   0.1   1   1  7.5e-255  7.5e-255  837.1   0.1     1   476     1   480     1   484 0.98 -
5200at766_2602574_0:000261|OZ308468.1:681019-682477 -            487 5200                 -            480  6.6e-255  837.3   0.1   1   1  7.6e-255  7.6e-255  837.1   0.1     1   476     2   481     2   485 0.98 -
5200at766_1714371_0:0001a9|OZ308468.1:681022-682480 -            487 5200                 -            480  6.6e-255  837.3   0.1   1   1  7.6e-255  7.6e-255  837.1   0.1     1   476     1   480     1   484 0.98 -
5200at766_96496_0:0001cd|OZ308468.1:681022-682480   -            487 5200                 -            480  6.6e-255  837.3   0.1   1   1  7.6e-255  7.6e-255  837.1   0.1     1   476     1   480     1   484 0.98 -
5200at766_1105107_0:000053|OZ308468.1:681022-682471 -            484 5200                 -            480  6.6e-255  837.3   0.1   1   1  8.1e-255  8.1e-255  837.0   0.1     1   476     1   480     1   483 0.98 -
5200at766_1961830_0:00017a|OZ308468.1:681022-682471 -            484 5200                 -            480  6.6e-255  837.3   0.1   1   1  8.1e-255  8.1e-255  837.0   0.1     1   476     1   480     1   483 0.98 -
5200at766_481009_0:000444|OZ308468.1:681022-682471  -            484 5200                 -            480  6.6e-255  837.3   0.1   1   1  8.1e-255  8.1e-255  837.0   0.1     1   476     1   480     1   483 0.98 -
5200at766_1605993_0:000018|OZ308468.1:681022-682486 -            488 5200                 -            480  6.6e-255  837.3   0.1   1   1  7.7e-255  7.7e-255  837.1   0.1     1   476     1   480     1   484 0.98 -
5200at766_246273_0:000293|OZ308468.1:681022-682486  -            488 5200                 -            480  6.6e-255  837.3   0.1   1   1  7.7e-255  7.7e-255  837.1   0.1     1   476     1   480     1   484 0.98 -
5200at766_955_0:0000fb|OZ308468.1:681022-682486     -            488 5200                 -            480  6.6e-255  837.3   0.1   1   1  7.7e-255  7.7e-255  837.1   0.1     1   476     1   480     1   484 0.98 -
5200at766_1248439_0:00030c|OZ308468.1:681019-682483 -            489 5200                 -            480  6.7e-255  837.3   0.1   1   1  7.7e-255  7.7e-255  837.1   0.1     1   476     2   481     2   485 0.98 -
5200at766_1392507_0:000118|OZ308468.1:681019-682483 -            489 5200                 -            480  6.7e-255  837.3   0.1   1   1  7.7e-255  7.7e-255  837.1   0.1     1   476     2   481     2   485 0.98 -
5200at766_142058_0:000390|OZ308468.1:681019-682483  -            489 5200                 -            480  6.7e-255  837.3   0.1   1   1  7.7e-255  7.7e-255  837.1   0.1     1   476     2   481     2   485 0.98 -
5200at766_1286528_0:0001ed|OZ308468.1:681022-682468 -            483 5200                 -            480  7.2e-255  837.2   0.1   1   1    8e-255    8e-255  837.0   0.1     1   476     1   480     1   483 0.98 -
5200at766_222891_0:0002c1|OZ308468.1:681022-682468  -            483 5200                 -            480  7.2e-255  837.2   0.1   1   1    8e-255    8e-255  837.0   0.1     1   476     1   480     1   483 0.98 -
5200at766_434131_0:00000b|OZ308468.1:681022-682468  -            483 5200                 -            480  7.2e-255  837.2   0.1   1   1    8e-255    8e-255  837.0   0.1     1   476     1   480     1   483 0.98 -
5200at766_1359163_0:000349|OZ308468.1:681022-682459 -            480 5200                 -            480  1.2e-254  836.4   0.1   1   1  1.3e-254  1.3e-254  836.3   0.1     1   475     1   479     1   480 0.98 -
5200at766_2115978_0:0000f7|OZ308468.1:681022-682456 -            479 5200                 -            480  2.4e-254  835.5   0.1   1   1  2.6e-254  2.6e-254  835.3   0.1     1   474     1   478     1   479 0.98 -
5200at766_334380_0:0003e0|OZ308468.1:681022-682456  -            479 5200                 -            480  2.4e-254  835.5   0.1   1   1  2.6e-254  2.6e-254  835.3   0.1     1   474     1   478     1   479 0.98 -
5200at766_752179_0:0003b7|OZ308468.1:681022-682456  -            479 5200                 -            480  2.4e-254  835.5   0.1   1   1  2.6e-254  2.6e-254  835.3   0.1     1   474     1   478     1   479 0.98 -
5200at766_86105_0:0006c0|OZ308468.1:681022-682456   -            479 5200                 -            480  2.4e-254  835.5   0.1   1   1  2.6e-254  2.6e-254  835.3   0.1     1   474     1   478     1   479 0.98 -
5200at766_1528098_0:00014c|OZ308468.1:681022-682453 -            478 5200                 -            480  4.5e-254  834.5   0.1   1   1    5e-254    5e-254  834.4   0.1     1   474     1   478     1   478 0.98 -
5200at766_2486577_0:0003f7|OZ308468.1:681022-682453 -            478 5200                 -            480  4.5e-254  834.5   0.1   1   1    5e-254    5e-254  834.4   0.1     1   474     1   478     1   478 0.98 -
5200at766_272947_0:000182|OZ308468.1:681022-682453  -            478 5200                 -            480  4.5e-254  834.5   0.1   1   1    5e-254    5e-254  834.4   0.1     1   474     1   478     1   478 0.98 -
5200at766_336407_0:000012|OZ308468.1:681022-682453  -            478 5200                 -            480  4.5e-254  834.5   0.1   1   1    5e-254    5e-254  834.4   0.1     1   474     1   478     1   478 0.98 -
5200at766_696127_0:000373|OZ308468.1:681022-682453  -            478 5200                 -            480  4.5e-254  834.5   0.1   1   1    5e-254    5e-254  834.4   0.1     1   474     1   478     1   478 0.98 -
5200at766_1802984_0:000291|OZ308468.1:681028-682465 -            480 5200                 -            480  6.6e-254  834.0   0.0   1   1  7.3e-254  7.3e-254  833.8   0.0     3   476     1   478     1   480 0.98 -
5200at766_2486578_0:000203|OZ308468.1:681025-682453 -            477 5200                 -            480  1.8e-253  832.5   0.1   1   1    2e-253    2e-253  832.4   0.1     3   474     2   477     1   477 0.98 -
5200at766_1274402_0:000241|OZ308468.1:681031-682456 -            476 5200                 -            480  4.5e-253  831.2   0.1   1   1    5e-253    5e-253  831.1   0.1     4   474     1   475     1   476 0.98 -
#
# Program:         hmmsearch
# Version:         3.4 (Aug 2023)
# Pipeline mode:   SEARCH
# Query file:      /Users/rossoaa/Desktop/dummy/genomes/records/compleasm/mb_downloads/rickettsiales_odb12/hmms/5200at766.hmm
# Target file:     -
# Option settings: /Users/rossoaa/miniconda3/envs/compleasm_env/bin/hmmsearch --domtblout /Users/rossoaa/Desktop/dummy/genomes/records/compleasm/rickettsiales_odb12/hmmer_output/5200at766.out --cpu 1 /Users/rossoaa/Desktop/dummy/genomes/records/compleasm/mb_downloads/rickettsiales_odb12/hmms/5200at766.hmm - 
# Current dir:     /Users/rossoaa/Desktop/dummy/genomes/records/compleasm
# Date:            Tue Feb 10 10:20:23 2026
# [ok]
