#                                                                                                           --- full sequence --- -------------- this domain -------------   hmm coord   ali coord   env coord
# target name                                       accession   tlen query name           accession   qlen   E-value  score  bias   #  of  c-Evalue  i-Evalue  score  bias  from    to  from    to  from    to  acc description of target
#                               ------------------- ---------- ----- -------------------- ---------- ----- --------- ------ ----- --- --- --------- --------- ------ ----- ----- ----- ----- ----- ----- ----- ---- ---------------------
5205at766_1242993_0:000277|OZ308468.1:964759-966415 -            552 5205                 -            541  1.9e-266  875.3  25.9   1   1  2.1e-266  2.1e-266  875.2  25.9     1   541     1   549     1   552 0.97 -
5205at766_1248439_0:000352|OZ308468.1:964759-966415 -            552 5205                 -            541  1.9e-266  875.3  25.9   1   1  2.1e-266  2.1e-266  875.2  25.9     1   541     1   549     1   552 0.97 -
5205at766_1286528_0:0002f0|OZ308468.1:964759-966415 -            552 5205                 -            541  1.9e-266  875.3  25.9   1   1  2.1e-266  2.1e-266  875.2  25.9     1   541     1   549     1   552 0.97 -
5205at766_1359163_0:000313|OZ308468.1:964759-966415 -            552 5205                 -            541  1.9e-266  875.3  25.9   1   1  2.1e-266  2.1e-266  875.2  25.9     1   541     1   549     1   552 0.97 -
5205at766_1392507_0:000354|OZ308468.1:964759-966415 -            552 5205                 -            541  1.9e-266  875.3  25.9   1   1  2.1e-266  2.1e-266  875.2  25.9     1   541     1   549     1   552 0.97 -
5205at766_142058_0:00036a|OZ308468.1:964759-966415  -            552 5205                 -            541  1.9e-266  875.3  25.9   1   1  2.1e-266  2.1e-266  875.2  25.9     1   541     1   549     1   552 0.97 -
5205at766_1423892_0:000136|OZ308468.1:964759-966415 -            552 5205                 -            541  1.9e-266  875.3  25.9   1   1  2.1e-266  2.1e-266  875.2  25.9     1   541     1   549     1   552 0.97 -
5205at766_1605993_0:000019|OZ308468.1:964759-966415 -            552 5205                 -            541  1.9e-266  875.3  25.9   1   1  2.1e-266  2.1e-266  875.2  25.9     1   541     1   549     1   552 0.97 -
5205at766_1714371_0:000238|OZ308468.1:964759-966415 -            552 5205                 -            541  1.9e-266  875.3  25.9   1   1  2.1e-266  2.1e-266  875.2  25.9     1   541     1   549     1   552 0.97 -
5205at766_246273_0:000014|OZ308468.1:964759-966415  -            552 5205                 -            541  1.9e-266  875.3  25.9   1   1  2.1e-266  2.1e-266  875.2  25.9     1   541     1   549     1   552 0.97 -
5205at766_2486577_0:0001f2|OZ308468.1:964759-966412 -            552 5205                 -            541  1.9e-266  875.3  25.9   1   1  2.1e-266  2.1e-266  875.2  25.9     1   541     1   549     1   552 0.97 -
5205at766_334380_0:0000a8|OZ308468.1:964759-966412  -            552 5205                 -            541  1.9e-266  875.3  25.9   1   1  2.1e-266  2.1e-266  875.2  25.9     1   541     1   549     1   552 0.97 -
5205at766_434131_0:000102|OZ308468.1:964759-966415  -            552 5205                 -            541  1.9e-266  875.3  25.9   1   1  2.1e-266  2.1e-266  875.2  25.9     1   541     1   549     1   552 0.97 -
5205at766_752179_0:0003f2|OZ308468.1:964759-966412  -            552 5205                 -            541  1.9e-266  875.3  25.9   1   1  2.1e-266  2.1e-266  875.2  25.9     1   541     1   549     1   552 0.97 -
5205at766_779_0:00014f|OZ308468.1:964759-966415     -            552 5205                 -            541  1.9e-266  875.3  25.9   1   1  2.1e-266  2.1e-266  875.2  25.9     1   541     1   549     1   552 0.97 -
5205at766_86105_0:0001f0|OZ308468.1:964759-966412   -            552 5205                 -            541  1.9e-266  875.3  25.9   1   1  2.1e-266  2.1e-266  875.2  25.9     1   541     1   549     1   552 0.97 -
5205at766_96496_0:0001c3|OZ308468.1:964759-966415   -            552 5205                 -            541  1.9e-266  875.3  25.9   1   1  2.1e-266  2.1e-266  875.2  25.9     1   541     1   549     1   552 0.97 -
5205at766_1105107_0:0000bf|OZ308468.1:964756-966412 -            553 5205                 -            541  1.9e-266  875.3  25.9   1   1  2.1e-266  2.1e-266  875.2  25.9     1   541     2   550     2   553 0.97 -
5205at766_169402_0:0000a4|OZ308468.1:964756-966415  -            553 5205                 -            541  1.9e-266  875.3  25.9   1   1  2.1e-266  2.1e-266  875.2  25.9     1   541     2   550     2   553 0.97 -
5205at766_1961830_0:0003d2|OZ308468.1:964756-966412 -            553 5205                 -            541  1.9e-266  875.3  25.9   1   1  2.1e-266  2.1e-266  875.2  25.9     1   541     2   550     2   553 0.97 -
5205at766_2115978_0:0002b3|OZ308468.1:964756-966412 -            553 5205                 -            541  1.9e-266  875.3  25.9   1   1  2.1e-266  2.1e-266  875.2  25.9     1   541     2   550     2   553 0.97 -
5205at766_2486578_0:000447|OZ308468.1:964756-966412 -            553 5205                 -            541  1.9e-266  875.3  25.9   1   1  2.1e-266  2.1e-266  875.2  25.9     1   541     2   550     2   553 0.97 -
5205at766_2602574_0:000016|OZ308468.1:964756-966412 -            553 5205                 -            541  1.9e-266  875.3  25.9   1   1  2.1e-266  2.1e-266  875.2  25.9     1   541     2   550     2   553 0.97 -
5205at766_272947_0:000276|OZ308468.1:964756-966412  -            553 5205                 -            541  1.9e-266  875.3  25.9   1   1  2.1e-266  2.1e-266  875.2  25.9     1   541     2   550     2   553 0.97 -
5205at766_336407_0:00054e|OZ308468.1:964756-966412  -            553 5205                 -            541  1.9e-266  875.3  25.9   1   1  2.1e-266  2.1e-266  875.2  25.9     1   541     2   550     2   553 0.97 -
5205at766_1528098_0:000023|OZ308468.1:964753-966412 -            554 5205                 -            541  1.9e-266  875.3  25.9   1   1  2.1e-266  2.1e-266  875.1  25.9     1   541     3   551     3   554 0.97 -
5205at766_1274402_0:00011c|OZ308468.1:964780-966412 -            545 5205                 -            541  1.5e-264  869.0  24.6   1   1  1.7e-264  1.7e-264  868.9  24.6     8   541     1   542     1   545 0.97 -
5205at766_1802984_0:00006c|OZ308468.1:964828-966361 -            512 5205                 -            541  5.2e-257  844.2  24.7   1   1  5.8e-257  5.8e-257  844.0  24.7    24   528     1   512     1   512 0.98 -
#
# Program:         hmmsearch
# Version:         3.4 (Aug 2023)
# Pipeline mode:   SEARCH
# Query file:      /Users/rossoaa/Desktop/dummy/genomes/records/compleasm/mb_downloads/rickettsiales_odb12/hmms/5205at766.hmm
# Target file:     -
# Option settings: /Users/rossoaa/miniconda3/envs/compleasm_env/bin/hmmsearch --domtblout /Users/rossoaa/Desktop/dummy/genomes/records/compleasm/rickettsiales_odb12/hmmer_output/5205at766.out --cpu 1 /Users/rossoaa/Desktop/dummy/genomes/records/compleasm/mb_downloads/rickettsiales_odb12/hmms/5205at766.hmm - 
# Current dir:     /Users/rossoaa/Desktop/dummy/genomes/records/compleasm
# Date:            Tue Feb 10 10:20:22 2026
# [ok]
