#                                                                                                           --- full sequence --- -------------- this domain -------------   hmm coord   ali coord   env coord
# target name                                       accession   tlen query name           accession   qlen   E-value  score  bias   #  of  c-Evalue  i-Evalue  score  bias  from    to  from    to  from    to  acc description of target
#                               ------------------- ---------- ----- -------------------- ---------- ----- --------- ------ ----- --- --- --------- --------- ------ ----- ----- ----- ----- ----- ----- ----- ---- ---------------------
5214at766_1528098_0:0000fc|OZ308468.1:210048-211224 -            392 5214                 -            390  5.3e-247  809.9   0.0   1   1    6e-247    6e-247  809.7   0.0     4   390     6   392     3   392 1.00 -
5214at766_752179_0:000097|OZ308468.1:210048-211224  -            392 5214                 -            390  5.3e-247  809.9   0.0   1   1    6e-247    6e-247  809.7   0.0     4   390     6   392     3   392 1.00 -
5214at766_86105_0:00062f|OZ308468.1:210048-211224   -            392 5214                 -            390  5.3e-247  809.9   0.0   1   1    6e-247    6e-247  809.7   0.0     4   390     6   392     3   392 1.00 -
5214at766_1105107_0:0002d3|OZ308468.1:210048-211221 -            391 5214                 -            390  5.3e-247  809.9   0.0   1   1    6e-247    6e-247  809.8   0.0     4   390     5   391     2   391 1.00 -
5214at766_336407_0:0001fd|OZ308468.1:210048-211221  -            391 5214                 -            390  5.3e-247  809.9   0.0   1   1    6e-247    6e-247  809.8   0.0     4   390     5   391     2   391 1.00 -
5214at766_481009_0:000078|OZ308468.1:210048-211221  -            391 5214                 -            390  5.3e-247  809.9   0.0   1   1    6e-247    6e-247  809.8   0.0     4   390     5   391     2   391 1.00 -
5214at766_1242993_0:000334|OZ308468.1:210048-211218 -            390 5214                 -            390  5.3e-247  809.9   0.0   1   1  5.9e-247  5.9e-247  809.8   0.0     4   390     4   390     1   390 1.00 -
5214at766_1423892_0:00021e|OZ308468.1:210048-211218 -            390 5214                 -            390  5.3e-247  809.9   0.0   1   1  5.9e-247  5.9e-247  809.8   0.0     4   390     4   390     1   390 1.00 -
5214at766_1605993_0:000315|OZ308468.1:210048-211218 -            390 5214                 -            390  5.3e-247  809.9   0.0   1   1  5.9e-247  5.9e-247  809.8   0.0     4   390     4   390     1   390 1.00 -
5214at766_169402_0:0004c4|OZ308468.1:210048-211218  -            390 5214                 -            390  5.3e-247  809.9   0.0   1   1  5.9e-247  5.9e-247  809.8   0.0     4   390     4   390     1   390 1.00 -
5214at766_1802984_0:000294|OZ308468.1:210048-211218 -            390 5214                 -            390  5.3e-247  809.9   0.0   1   1  5.9e-247  5.9e-247  809.8   0.0     4   390     4   390     1   390 1.00 -
5214at766_205920_0:000292|OZ308468.1:210048-211218  -            390 5214                 -            390  5.3e-247  809.9   0.0   1   1  5.9e-247  5.9e-247  809.8   0.0     4   390     4   390     1   390 1.00 -
5214at766_246273_0:0000d9|OZ308468.1:210048-211218  -            390 5214                 -            390  5.3e-247  809.9   0.0   1   1  5.9e-247  5.9e-247  809.8   0.0     4   390     4   390     1   390 1.00 -
5214at766_955_0:0002e1|OZ308468.1:210048-211218     -            390 5214                 -            390  5.3e-247  809.9   0.0   1   1  5.9e-247  5.9e-247  809.8   0.0     4   390     4   390     1   390 1.00 -
5214at766_96496_0:0001aa|OZ308468.1:210048-211218   -            390 5214                 -            390  5.3e-247  809.9   0.0   1   1  5.9e-247  5.9e-247  809.8   0.0     4   390     4   390     1   390 1.00 -
5214at766_1248439_0:000116|OZ308468.1:210048-211233 -            395 5214                 -            390  5.4e-247  809.9   0.0   1   1  6.2e-247  6.2e-247  809.7   0.0     4   390     9   395     6   395 1.00 -
5214at766_1392507_0:00012a|OZ308468.1:210048-211233 -            395 5214                 -            390  5.4e-247  809.9   0.0   1   1  6.2e-247  6.2e-247  809.7   0.0     4   390     9   395     6   395 1.00 -
5214at766_142058_0:000090|OZ308468.1:210048-211233  -            395 5214                 -            390  5.4e-247  809.9   0.0   1   1  6.2e-247  6.2e-247  809.7   0.0     4   390     9   395     6   395 1.00 -
5214at766_2602574_0:000491|OZ308468.1:210048-211233 -            395 5214                 -            390  5.4e-247  809.9   0.0   1   1  6.2e-247  6.2e-247  809.7   0.0     4   390     9   395     6   395 1.00 -
5214at766_1359168_0:00029e|OZ308468.1:210048-211236 -            396 5214                 -            390  5.5e-247  809.9   0.0   1   1  6.3e-247  6.3e-247  809.7   0.0     4   390    10   396     7   396 1.00 -
5214at766_1286528_0:0000cb|OZ308468.1:210048-211212 -            388 5214                 -            390  7.1e-247  809.5   0.0   1   1    8e-247    8e-247  809.3   0.0     4   390     2   388     1   388 1.00 -
5214at766_2486578_0:0004f5|OZ308468.1:210048-211212 -            388 5214                 -            390  7.1e-247  809.5   0.0   1   1    8e-247    8e-247  809.3   0.0     4   390     2   388     1   388 1.00 -
5214at766_696127_0:000344|OZ308468.1:210048-211212  -            388 5214                 -            390  7.1e-247  809.5   0.0   1   1    8e-247    8e-247  809.3   0.0     4   390     2   388     1   388 1.00 -
5214at766_1359163_0:00002a|OZ308468.1:210048-211209 -            387 5214                 -            390  9.9e-247  809.0   0.0   1   1  1.1e-246  1.1e-246  808.9   0.0     5   390     2   387     1   387 1.00 -
5214at766_1961830_0:0002b5|OZ308468.1:210048-211206 -            386 5214                 -            390  1.5e-246  808.5   0.0   1   1  1.6e-246  1.6e-246  808.3   0.0     5   390     1   386     1   386 1.00 -
5214at766_272947_0:00030f|OZ308468.1:210048-211206  -            386 5214                 -            390  1.5e-246  808.5   0.0   1   1  1.6e-246  1.6e-246  808.3   0.0     5   390     1   386     1   386 1.00 -
5214at766_334380_0:00000a|OZ308468.1:210048-211206  -            386 5214                 -            390  1.5e-246  808.5   0.0   1   1  1.6e-246  1.6e-246  808.3   0.0     5   390     1   386     1   386 1.00 -
5214at766_2115978_0:000286|OZ308468.1:210048-211200 -            384 5214                 -            390  6.8e-246  806.3   0.0   1   1  7.6e-246  7.6e-246  806.1   0.0     7   390     1   384     1   384 1.00 -
5214at766_779_0:00016f|OZ308468.1:210048-211200     -            384 5214                 -            390  6.8e-246  806.3   0.0   1   1  7.6e-246  7.6e-246  806.1   0.0     7   390     1   384     1   384 1.00 -
5214at766_1274402_0:000360|OZ308468.1:210048-211194 -            382 5214                 -            390  3.7e-245  803.9   0.0   1   1  4.1e-245  4.1e-245  803.7   0.0     9   390     1   382     1   382 1.00 -
5214at766_1714371_0:000155|OZ308468.1:210048-211194 -            382 5214                 -            390  3.7e-245  803.9   0.0   1   1  4.1e-245  4.1e-245  803.7   0.0     9   390     1   382     1   382 1.00 -
5214at766_222891_0:000153|OZ308468.1:210048-211194  -            382 5214                 -            390  3.7e-245  803.9   0.0   1   1  4.1e-245  4.1e-245  803.7   0.0     9   390     1   382     1   382 1.00 -
#
# Program:         hmmsearch
# Version:         3.4 (Aug 2023)
# Pipeline mode:   SEARCH
# Query file:      /Users/rossoaa/Desktop/dummy/genomes/records/compleasm/mb_downloads/rickettsiales_odb12/hmms/5214at766.hmm
# Target file:     -
# Option settings: /Users/rossoaa/miniconda3/envs/compleasm_env/bin/hmmsearch --domtblout /Users/rossoaa/Desktop/dummy/genomes/records/compleasm/rickettsiales_odb12/hmmer_output/5214at766.out --cpu 1 /Users/rossoaa/Desktop/dummy/genomes/records/compleasm/mb_downloads/rickettsiales_odb12/hmms/5214at766.hmm - 
# Current dir:     /Users/rossoaa/Desktop/dummy/genomes/records/compleasm
# Date:            Tue Feb 10 10:20:21 2026
# [ok]
