#                                                                                                            --- full sequence --- -------------- this domain -------------   hmm coord   ali coord   env coord
# target name                                        accession   tlen query name           accession   qlen   E-value  score  bias   #  of  c-Evalue  i-Evalue  score  bias  from    to  from    to  from    to  acc description of target
#                                ------------------- ---------- ----- -------------------- ---------- ----- --------- ------ ----- --- --- --------- --------- ------ ----- ----- ----- ----- ----- ----- ----- ---- ---------------------
521at766_1105107_0:00022f|OZ308468.1:1004597-1005689 -            364 521                  -            362  1.2e-197  647.3   1.6   1   1  1.3e-197  1.3e-197  647.1   1.6     1   362     1   363     1   363 0.99 -
521at766_1248439_0:00001f|OZ308468.1:1004597-1005689 -            364 521                  -            362  1.2e-197  647.3   1.6   1   1  1.3e-197  1.3e-197  647.1   1.6     1   362     1   363     1   363 0.99 -
521at766_1274402_0:00038e|OZ308468.1:1004597-1005689 -            364 521                  -            362  1.2e-197  647.3   1.6   1   1  1.3e-197  1.3e-197  647.1   1.6     1   362     1   363     1   363 0.99 -
521at766_1286528_0:0001f0|OZ308468.1:1004597-1005686 -            364 521                  -            362  1.2e-197  647.3   1.6   1   1  1.3e-197  1.3e-197  647.1   1.6     1   362     1   363     1   363 0.99 -
521at766_1359163_0:000352|OZ308468.1:1004597-1005689 -            364 521                  -            362  1.2e-197  647.3   1.6   1   1  1.3e-197  1.3e-197  647.1   1.6     1   362     1   363     1   363 0.99 -
521at766_1392507_0:0001b3|OZ308468.1:1004597-1005689 -            364 521                  -            362  1.2e-197  647.3   1.6   1   1  1.3e-197  1.3e-197  647.1   1.6     1   362     1   363     1   363 0.99 -
521at766_142058_0:00002c|OZ308468.1:1004597-1005689  -            364 521                  -            362  1.2e-197  647.3   1.6   1   1  1.3e-197  1.3e-197  647.1   1.6     1   362     1   363     1   363 0.99 -
521at766_1423892_0:0002e2|OZ308468.1:1004597-1005689 -            364 521                  -            362  1.2e-197  647.3   1.6   1   1  1.3e-197  1.3e-197  647.1   1.6     1   362     1   363     1   363 0.99 -
521at766_1528098_0:00014d|OZ308468.1:1004597-1005689 -            364 521                  -            362  1.2e-197  647.3   1.6   1   1  1.3e-197  1.3e-197  647.1   1.6     1   362     1   363     1   363 0.99 -
521at766_1605993_0:000062|OZ308468.1:1004597-1005689 -            364 521                  -            362  1.2e-197  647.3   1.6   1   1  1.3e-197  1.3e-197  647.1   1.6     1   362     1   363     1   363 0.99 -
521at766_169402_0:00038c|OZ308468.1:1004597-1005689  -            364 521                  -            362  1.2e-197  647.3   1.6   1   1  1.3e-197  1.3e-197  647.1   1.6     1   362     1   363     1   363 0.99 -
521at766_1714371_0:000042|OZ308468.1:1004597-1005686 -            364 521                  -            362  1.2e-197  647.3   1.6   1   1  1.3e-197  1.3e-197  647.1   1.6     1   362     1   363     1   363 0.99 -
521at766_1802984_0:00021e|OZ308468.1:1004597-1005689 -            364 521                  -            362  1.2e-197  647.3   1.6   1   1  1.3e-197  1.3e-197  647.1   1.6     1   362     1   363     1   363 0.99 -
521at766_1961830_0:0004ed|OZ308468.1:1004597-1005689 -            364 521                  -            362  1.2e-197  647.3   1.6   1   1  1.3e-197  1.3e-197  647.1   1.6     1   362     1   363     1   363 0.99 -
521at766_205920_0:0002b0|OZ308468.1:1004597-1005689  -            364 521                  -            362  1.2e-197  647.3   1.6   1   1  1.3e-197  1.3e-197  647.1   1.6     1   362     1   363     1   363 0.99 -
521at766_2115978_0:00005e|OZ308468.1:1004597-1005689 -            364 521                  -            362  1.2e-197  647.3   1.6   1   1  1.3e-197  1.3e-197  647.1   1.6     1   362     1   363     1   363 0.99 -
521at766_222891_0:0001f8|OZ308468.1:1004597-1005686  -            364 521                  -            362  1.2e-197  647.3   1.6   1   1  1.3e-197  1.3e-197  647.1   1.6     1   362     1   363     1   363 0.99 -
521at766_246273_0:0002db|OZ308468.1:1004597-1005689  -            364 521                  -            362  1.2e-197  647.3   1.6   1   1  1.3e-197  1.3e-197  647.1   1.6     1   362     1   363     1   363 0.99 -
521at766_2486578_0:0004a3|OZ308468.1:1004597-1005689 -            364 521                  -            362  1.2e-197  647.3   1.6   1   1  1.3e-197  1.3e-197  647.1   1.6     1   362     1   363     1   363 0.99 -
521at766_2602574_0:000376|OZ308468.1:1004597-1005686 -            364 521                  -            362  1.2e-197  647.3   1.6   1   1  1.3e-197  1.3e-197  647.1   1.6     1   362     1   363     1   363 0.99 -
521at766_272947_0:0000cc|OZ308468.1:1004597-1005689  -            364 521                  -            362  1.2e-197  647.3   1.6   1   1  1.3e-197  1.3e-197  647.1   1.6     1   362     1   363     1   363 0.99 -
521at766_334380_0:00017c|OZ308468.1:1004597-1005689  -            364 521                  -            362  1.2e-197  647.3   1.6   1   1  1.3e-197  1.3e-197  647.1   1.6     1   362     1   363     1   363 0.99 -
521at766_336407_0:000025|OZ308468.1:1004597-1005689  -            364 521                  -            362  1.2e-197  647.3   1.6   1   1  1.3e-197  1.3e-197  647.1   1.6     1   362     1   363     1   363 0.99 -
521at766_434131_0:000279|OZ308468.1:1004597-1005686  -            364 521                  -            362  1.2e-197  647.3   1.6   1   1  1.3e-197  1.3e-197  647.1   1.6     1   362     1   363     1   363 0.99 -
521at766_481009_0:000004|OZ308468.1:1004597-1005689  -            364 521                  -            362  1.2e-197  647.3   1.6   1   1  1.3e-197  1.3e-197  647.1   1.6     1   362     1   363     1   363 0.99 -
521at766_752179_0:00032e|OZ308468.1:1004597-1005689  -            364 521                  -            362  1.2e-197  647.3   1.6   1   1  1.3e-197  1.3e-197  647.1   1.6     1   362     1   363     1   363 0.99 -
521at766_779_0:000024|OZ308468.1:1004597-1005689     -            364 521                  -            362  1.2e-197  647.3   1.6   1   1  1.3e-197  1.3e-197  647.1   1.6     1   362     1   363     1   363 0.99 -
521at766_86105_0:00028b|OZ308468.1:1004597-1005689   -            364 521                  -            362  1.2e-197  647.3   1.6   1   1  1.3e-197  1.3e-197  647.1   1.6     1   362     1   363     1   363 0.99 -
521at766_955_0:000314|OZ308468.1:1004597-1005686     -            364 521                  -            362  1.2e-197  647.3   1.6   1   1  1.3e-197  1.3e-197  647.1   1.6     1   362     1   363     1   363 0.99 -
521at766_96496_0:00004b|OZ308468.1:1004597-1005689   -            364 521                  -            362  1.2e-197  647.3   1.6   1   1  1.3e-197  1.3e-197  647.1   1.6     1   362     1   363     1   363 0.99 -
521at766_2486577_0:0001da|OZ308468.1:1004600-1005689 -            363 521                  -            362  8.1e-197  644.5   1.5   1   1  9.1e-197  9.1e-197  644.3   1.5     3   362     2   362     1   362 0.99 -
521at766_696127_0:000385|OZ308468.1:1004597-1005677  -            361 521                  -            362  3.3e-196  642.4   1.5   1   1  3.7e-196  3.7e-196  642.3   1.5     1   360     1   361     1   361 0.99 -
521at766_1242993_0:000164|OZ308468.1:1004597-1005362 -            256 521                  -            362  7.9e-134  437.2   3.4   1   1  8.8e-134  8.8e-134  437.1   3.4     1   255     1   256     1   256 0.99 -
#
# Program:         hmmsearch
# Version:         3.4 (Aug 2023)
# Pipeline mode:   SEARCH
# Query file:      /Users/rossoaa/Desktop/dummy/genomes/records/compleasm/mb_downloads/rickettsiales_odb12/hmms/521at766.hmm
# Target file:     -
# Option settings: /Users/rossoaa/miniconda3/envs/compleasm_env/bin/hmmsearch --domtblout /Users/rossoaa/Desktop/dummy/genomes/records/compleasm/rickettsiales_odb12/hmmer_output/521at766.out --cpu 1 /Users/rossoaa/Desktop/dummy/genomes/records/compleasm/mb_downloads/rickettsiales_odb12/hmms/521at766.hmm - 
# Current dir:     /Users/rossoaa/Desktop/dummy/genomes/records/compleasm
# Date:            Tue Feb 10 10:20:21 2026
# [ok]
