#                                                                                                           --- full sequence --- -------------- this domain -------------   hmm coord   ali coord   env coord
# target name                                       accession   tlen query name           accession   qlen   E-value  score  bias   #  of  c-Evalue  i-Evalue  score  bias  from    to  from    to  from    to  acc description of target
#                               ------------------- ---------- ----- -------------------- ---------- ----- --------- ------ ----- --- --- --------- --------- ------ ----- ----- ----- ----- ----- ----- ----- ---- ---------------------
5230at766_1528098_0:0002b5|OZ308468.1:736981-738277 -            433 5230                 -            429  5.6e-207  678.4  27.7   1   1  6.4e-207  6.4e-207  678.2  27.7     4   428     5   429     2   430 0.99 -
5230at766_1242993_0:0002b7|OZ308468.1:736984-738277 -            432 5230                 -            429  5.6e-207  678.4  27.7   1   1  6.3e-207  6.3e-207  678.2  27.7     4   428     4   428     1   429 0.99 -
5230at766_1423892_0:000186|OZ308468.1:736984-738277 -            432 5230                 -            429  5.6e-207  678.4  27.7   1   1  6.3e-207  6.3e-207  678.2  27.7     4   428     4   428     1   429 0.99 -
5230at766_205920_0:00024c|OZ308468.1:736984-738277  -            432 5230                 -            429  5.6e-207  678.4  27.7   1   1  6.3e-207  6.3e-207  678.2  27.7     4   428     4   428     1   429 0.99 -
5230at766_1359163_0:000337|OZ308468.1:736984-738283 -            433 5230                 -            429  5.6e-207  678.4  27.7   1   1  6.4e-207  6.4e-207  678.2  27.7     4   428     4   428     1   429 0.99 -
5230at766_2602574_0:000215|OZ308468.1:736960-738277 -            440 5230                 -            429  5.8e-207  678.3  27.7   1   1  6.8e-207  6.8e-207  678.1  27.7     4   428    12   436     9   437 0.99 -
5230at766_955_0:000318|OZ308468.1:736957-738277     -            441 5230                 -            429  5.9e-207  678.3  27.7   1   1  6.9e-207  6.9e-207  678.1  27.7     4   428    13   437    10   438 0.99 -
5230at766_1605993_0:0001dc|OZ308468.1:736957-738283 -            442 5230                 -            429  5.9e-207  678.3  27.7   1   1  6.9e-207  6.9e-207  678.1  27.7     4   428    13   437    10   438 0.99 -
5230at766_169402_0:0003f8|OZ308468.1:736957-738283  -            442 5230                 -            429  5.9e-207  678.3  27.7   1   1  6.9e-207  6.9e-207  678.1  27.7     4   428    13   437    10   438 0.99 -
5230at766_246273_0:0002eb|OZ308468.1:736957-738283  -            442 5230                 -            429  5.9e-207  678.3  27.7   1   1  6.9e-207  6.9e-207  678.1  27.7     4   428    13   437    10   438 0.99 -
5230at766_86105_0:000159|OZ308468.1:736957-738283   -            442 5230                 -            429  5.9e-207  678.3  27.7   1   1  6.9e-207  6.9e-207  678.1  27.7     4   428    13   437    10   438 0.99 -
5230at766_96496_0:00005d|OZ308468.1:736957-738283   -            442 5230                 -            429  5.9e-207  678.3  27.7   1   1  6.9e-207  6.9e-207  678.1  27.7     4   428    13   437    10   438 0.99 -
5230at766_1802984_0:0000d8|OZ308468.1:737005-738274 -            424 5230                 -            429  3.9e-206  675.6  27.9   1   1  4.4e-206  4.4e-206  675.5  27.9     9   428     2   421     1   422 0.99 -
5230at766_1714371_0:000269|OZ308468.1:736975-738256 -            428 5230                 -            429  7.4e-206  674.7  28.4   1   1  8.4e-206  8.4e-206  674.5  28.4     4   425     7   428     4   428 0.99 -
5230at766_222891_0:0000b2|OZ308468.1:736975-738256  -            428 5230                 -            429  7.4e-206  674.7  28.4   1   1  8.4e-206  8.4e-206  674.5  28.4     4   425     7   428     4   428 0.99 -
5230at766_434131_0:0001f4|OZ308468.1:736975-738256  -            428 5230                 -            429  7.4e-206  674.7  28.4   1   1  8.4e-206  8.4e-206  674.5  28.4     4   425     7   428     4   428 0.99 -
5230at766_2486577_0:00014a|OZ308468.1:736954-738256 -            435 5230                 -            429  7.8e-206  674.6  28.4   1   1  8.9e-206  8.9e-206  674.4  28.4     4   425    14   435    11   435 0.99 -
5230at766_2115978_0:00013f|OZ308468.1:737008-738268 -            421 5230                 -            429  8.4e-206  674.5  28.1   1   1  9.3e-206  9.3e-206  674.4  28.1    10   428     2   420     1   421 1.00 -
5230at766_779_0:000316|OZ308468.1:737005-738262     -            420 5230                 -            429  1.1e-205  674.2  28.1   1   1  1.2e-205  1.2e-205  674.0  28.1     9   426     2   419     1   420 1.00 -
5230at766_1274402_0:000346|OZ308468.1:736954-738253 -            434 5230                 -            429  1.5e-205  673.7  28.3   1   1  1.7e-205  1.7e-205  673.5  28.3     4   424    14   434    11   434 0.99 -
5230at766_752179_0:000320|OZ308468.1:737011-738271  -            421 5230                 -            429  1.6e-205  673.6  28.3   1   1  1.8e-205  1.8e-205  673.4  28.3    10   428     1   419     1   420 1.00 -
5230at766_1392507_0:000221|OZ308468.1:737014-738274 -            421 5230                 -            429  7.8e-205  671.3  29.0   1   1  8.9e-205  8.9e-205  671.2  29.0    11   428     1   418     1   419 1.00 -
5230at766_1248439_0:000283|OZ308468.1:737014-738283 -            423 5230                 -            429  7.9e-205  671.3  29.0   1   1  9.1e-205  9.1e-205  671.1  29.0    11   428     1   418     1   419 1.00 -
5230at766_142058_0:0000e7|OZ308468.1:737014-738283  -            423 5230                 -            429  7.9e-205  671.3  29.0   1   1  9.1e-205  9.1e-205  671.1  29.0    11   428     1   418     1   419 1.00 -
5230at766_574556_0:000227|OZ308468.1:737014-738262  -            417 5230                 -            429  2.2e-204  669.9  29.2   1   1  2.4e-204  2.4e-204  669.7  29.2    11   426     1   416     1   417 1.00 -
5230at766_1286528_0:00015b|OZ308468.1:737011-738256 -            416 5230                 -            429  2.2e-204  669.9  29.0   1   1  2.5e-204  2.5e-204  669.7  29.0    10   425     1   416     1   416 1.00 -
5230at766_696127_0:00002f|OZ308468.1:737011-738256  -            416 5230                 -            429  2.2e-204  669.9  29.0   1   1  2.5e-204  2.5e-204  669.7  29.0    10   425     1   416     1   416 1.00 -
#
# Program:         hmmsearch
# Version:         3.4 (Aug 2023)
# Pipeline mode:   SEARCH
# Query file:      /Users/rossoaa/Desktop/dummy/genomes/records/compleasm/mb_downloads/rickettsiales_odb12/hmms/5230at766.hmm
# Target file:     -
# Option settings: /Users/rossoaa/miniconda3/envs/compleasm_env/bin/hmmsearch --domtblout /Users/rossoaa/Desktop/dummy/genomes/records/compleasm/rickettsiales_odb12/hmmer_output/5230at766.out --cpu 1 /Users/rossoaa/Desktop/dummy/genomes/records/compleasm/mb_downloads/rickettsiales_odb12/hmms/5230at766.hmm - 
# Current dir:     /Users/rossoaa/Desktop/dummy/genomes/records/compleasm
# Date:            Tue Feb 10 10:20:22 2026
# [ok]
