#                                                                                                           --- full sequence --- -------------- this domain -------------   hmm coord   ali coord   env coord
# target name                                       accession   tlen query name           accession   qlen   E-value  score  bias   #  of  c-Evalue  i-Evalue  score  bias  from    to  from    to  from    to  acc description of target
#                               ------------------- ---------- ----- -------------------- ---------- ----- --------- ------ ----- --- --- --------- --------- ------ ----- ----- ----- ----- ----- ----- ----- ---- ---------------------
5235at766_1105107_0:0000fa|OZ308468.1:409444-410632 -            397 5235                 -            397  5.1e-210  688.0   0.4   1   1  5.7e-210  5.7e-210  687.8   0.4     1   396     1   396     1   397 1.00 -
5235at766_1242993_0:00035f|OZ308468.1:409441-410632 -            397 5235                 -            397  5.1e-210  688.0   0.4   1   1  5.7e-210  5.7e-210  687.8   0.4     1   396     1   396     1   397 1.00 -
5235at766_1248439_0:000132|OZ308468.1:409441-410632 -            397 5235                 -            397  5.1e-210  688.0   0.4   1   1  5.7e-210  5.7e-210  687.8   0.4     1   396     1   396     1   397 1.00 -
5235at766_1359163_0:00020f|OZ308468.1:409441-410632 -            397 5235                 -            397  5.1e-210  688.0   0.4   1   1  5.7e-210  5.7e-210  687.8   0.4     1   396     1   396     1   397 1.00 -
5235at766_1359168_0:00026c|OZ308468.1:409441-410632 -            397 5235                 -            397  5.1e-210  688.0   0.4   1   1  5.7e-210  5.7e-210  687.8   0.4     1   396     1   396     1   397 1.00 -
5235at766_1392507_0:000224|OZ308468.1:409441-410632 -            397 5235                 -            397  5.1e-210  688.0   0.4   1   1  5.7e-210  5.7e-210  687.8   0.4     1   396     1   396     1   397 1.00 -
5235at766_142058_0:00018b|OZ308468.1:409441-410632  -            397 5235                 -            397  5.1e-210  688.0   0.4   1   1  5.7e-210  5.7e-210  687.8   0.4     1   396     1   396     1   397 1.00 -
5235at766_1423892_0:0001b0|OZ308468.1:409441-410632 -            397 5235                 -            397  5.1e-210  688.0   0.4   1   1  5.7e-210  5.7e-210  687.8   0.4     1   396     1   396     1   397 1.00 -
5235at766_1528098_0:00055c|OZ308468.1:409441-410632 -            397 5235                 -            397  5.1e-210  688.0   0.4   1   1  5.7e-210  5.7e-210  687.8   0.4     1   396     1   396     1   397 1.00 -
5235at766_1605993_0:00014e|OZ308468.1:409441-410632 -            397 5235                 -            397  5.1e-210  688.0   0.4   1   1  5.7e-210  5.7e-210  687.8   0.4     1   396     1   396     1   397 1.00 -
5235at766_169402_0:000191|OZ308468.1:409441-410632  -            397 5235                 -            397  5.1e-210  688.0   0.4   1   1  5.7e-210  5.7e-210  687.8   0.4     1   396     1   396     1   397 1.00 -
5235at766_1961830_0:0004a3|OZ308468.1:409441-410632 -            397 5235                 -            397  5.1e-210  688.0   0.4   1   1  5.7e-210  5.7e-210  687.8   0.4     1   396     1   396     1   397 1.00 -
5235at766_205920_0:000109|OZ308468.1:409441-410632  -            397 5235                 -            397  5.1e-210  688.0   0.4   1   1  5.7e-210  5.7e-210  687.8   0.4     1   396     1   396     1   397 1.00 -
5235at766_2115978_0:0002b4|OZ308468.1:409441-410632 -            397 5235                 -            397  5.1e-210  688.0   0.4   1   1  5.7e-210  5.7e-210  687.8   0.4     1   396     1   396     1   397 1.00 -
5235at766_246273_0:000090|OZ308468.1:409441-410632  -            397 5235                 -            397  5.1e-210  688.0   0.4   1   1  5.7e-210  5.7e-210  687.8   0.4     1   396     1   396     1   397 1.00 -
5235at766_2486578_0:00043c|OZ308468.1:409441-410632 -            397 5235                 -            397  5.1e-210  688.0   0.4   1   1  5.7e-210  5.7e-210  687.8   0.4     1   396     1   396     1   397 1.00 -
5235at766_334380_0:00047c|OZ308468.1:409441-410632  -            397 5235                 -            397  5.1e-210  688.0   0.4   1   1  5.7e-210  5.7e-210  687.8   0.4     1   396     1   396     1   397 1.00 -
5235at766_336407_0:00053f|OZ308468.1:409444-410632  -            397 5235                 -            397  5.1e-210  688.0   0.4   1   1  5.7e-210  5.7e-210  687.8   0.4     1   396     1   396     1   397 1.00 -
5235at766_391036_0:00016c|OZ308468.1:409441-410632  -            397 5235                 -            397  5.1e-210  688.0   0.4   1   1  5.7e-210  5.7e-210  687.8   0.4     1   396     1   396     1   397 1.00 -
5235at766_481009_0:0001d8|OZ308468.1:409444-410632  -            397 5235                 -            397  5.1e-210  688.0   0.4   1   1  5.7e-210  5.7e-210  687.8   0.4     1   396     1   396     1   397 1.00 -
5235at766_574556_0:000284|OZ308468.1:409441-410632  -            397 5235                 -            397  5.1e-210  688.0   0.4   1   1  5.7e-210  5.7e-210  687.8   0.4     1   396     1   396     1   397 1.00 -
5235at766_752179_0:00024f|OZ308468.1:409441-410632  -            397 5235                 -            397  5.1e-210  688.0   0.4   1   1  5.7e-210  5.7e-210  687.8   0.4     1   396     1   396     1   397 1.00 -
5235at766_779_0:00020c|OZ308468.1:409444-410632     -            397 5235                 -            397  5.1e-210  688.0   0.4   1   1  5.7e-210  5.7e-210  687.8   0.4     1   396     1   396     1   397 1.00 -
5235at766_955_0:0002e7|OZ308468.1:409441-410632     -            397 5235                 -            397  5.1e-210  688.0   0.4   1   1  5.7e-210  5.7e-210  687.8   0.4     1   396     1   396     1   397 1.00 -
5235at766_96496_0:0001e0|OZ308468.1:409441-410632   -            397 5235                 -            397  5.1e-210  688.0   0.4   1   1  5.7e-210  5.7e-210  687.8   0.4     1   396     1   396     1   397 1.00 -
5235at766_272947_0:0000e4|OZ308468.1:409444-410641  -            400 5235                 -            397  5.2e-210  688.0   0.4   1   1  5.9e-210  5.9e-210  687.8   0.4     1   396     4   399     4   400 1.00 -
5235at766_696127_0:0001e3|OZ308468.1:409441-410644  -            401 5235                 -            397  5.3e-210  687.9   0.4   1   1  5.9e-210  5.9e-210  687.8   0.4     1   396     5   400     5   401 1.00 -
5235at766_1714371_0:00016c|OZ308468.1:409441-410626 -            395 5235                 -            397  2.4e-209  685.8   0.3   1   1  2.7e-209  2.7e-209  685.6   0.3     4   396     2   394     1   395 1.00 -
5235at766_222891_0:00026e|OZ308468.1:409441-410626  -            395 5235                 -            397  2.4e-209  685.8   0.3   1   1  2.7e-209  2.7e-209  685.6   0.3     4   396     2   394     1   395 1.00 -
5235at766_434131_0:00009e|OZ308468.1:409441-410626  -            395 5235                 -            397  2.4e-209  685.8   0.3   1   1  2.7e-209  2.7e-209  685.6   0.3     4   396     2   394     1   395 1.00 -
5235at766_2602574_0:000046|OZ308468.1:409441-410623 -            394 5235                 -            397  3.4e-209  685.3   0.4   1   1  3.9e-209  3.9e-209  685.1   0.4     4   396     1   393     1   394 1.00 -
5235at766_86105_0:000577|OZ308468.1:409441-410623   -            394 5235                 -            397  3.4e-209  685.3   0.4   1   1  3.9e-209  3.9e-209  685.1   0.4     4   396     1   393     1   394 1.00 -
5235at766_1274402_0:00021b|OZ308468.1:409468-410602 -            379 5235                 -            397  2.8e-203  665.8   0.3   1   1  3.1e-203  3.1e-203  665.6   0.3    11   389     1   379     1   379 1.00 -
#
# Program:         hmmsearch
# Version:         3.4 (Aug 2023)
# Pipeline mode:   SEARCH
# Query file:      /Users/rossoaa/Desktop/dummy/genomes/records/compleasm/mb_downloads/rickettsiales_odb12/hmms/5235at766.hmm
# Target file:     -
# Option settings: /Users/rossoaa/miniconda3/envs/compleasm_env/bin/hmmsearch --domtblout /Users/rossoaa/Desktop/dummy/genomes/records/compleasm/rickettsiales_odb12/hmmer_output/5235at766.out --cpu 1 /Users/rossoaa/Desktop/dummy/genomes/records/compleasm/mb_downloads/rickettsiales_odb12/hmms/5235at766.hmm - 
# Current dir:     /Users/rossoaa/Desktop/dummy/genomes/records/compleasm
# Date:            Tue Feb 10 10:20:23 2026
# [ok]
