#                                                                                                           --- full sequence --- -------------- this domain -------------   hmm coord   ali coord   env coord
# target name                                       accession   tlen query name           accession   qlen   E-value  score  bias   #  of  c-Evalue  i-Evalue  score  bias  from    to  from    to  from    to  acc description of target
#                               ------------------- ---------- ----- -------------------- ---------- ----- --------- ------ ----- --- --- --------- --------- ------ ----- ----- ----- ----- ----- ----- ----- ---- ---------------------
5240at766_1392507_0:0001dc|OZ308468.1:138074-139337 -            422 5240                 -            417  1.2e-203  667.4   6.2   1   1  1.4e-203  1.4e-203  667.2   6.2     2   407     2   417     1   421 0.95 -
5240at766_1605993_0:0001ba|OZ308468.1:138077-139352 -            425 5240                 -            417    2e-203  666.6   7.0   1   1  2.3e-203  2.3e-203  666.4   7.0     3   408     2   417     1   424 0.95 -
5240at766_169402_0:00051f|OZ308468.1:138077-139352  -            425 5240                 -            417    2e-203  666.6   7.0   1   1  2.3e-203  2.3e-203  666.4   7.0     3   408     2   417     1   424 0.95 -
5240at766_246273_0:000254|OZ308468.1:138077-139349  -            425 5240                 -            417    2e-203  666.6   7.0   1   1  2.3e-203  2.3e-203  666.4   7.0     3   408     2   417     1   424 0.95 -
5240at766_955_0:0001d6|OZ308468.1:138077-139352     -            425 5240                 -            417    2e-203  666.6   7.0   1   1  2.3e-203  2.3e-203  666.4   7.0     3   408     2   417     1   424 0.95 -
5240at766_96496_0:00000d|OZ308468.1:138077-139352   -            425 5240                 -            417    2e-203  666.6   7.0   1   1  2.3e-203  2.3e-203  666.4   7.0     3   408     2   417     1   424 0.95 -
5240at766_1248439_0:00036c|OZ308468.1:138074-139322 -            417 5240                 -            417  2.4e-203  666.4   6.1   1   1  2.7e-203  2.7e-203  666.2   6.1     2   405     2   415     1   417 0.95 -
5240at766_2486578_0:0005e0|OZ308468.1:138080-139343 -            422 5240                 -            417  2.9e-203  666.1   6.5   1   1  3.4e-203  3.4e-203  665.9   6.5     4   408     2   416     1   421 0.95 -
5240at766_2602574_0:00046b|OZ308468.1:138074-139298 -            409 5240                 -            417  7.3e-203  664.8   5.0   1   1  8.1e-203  8.1e-203  664.6   5.0     2   397     2   407     1   409 0.95 -
5240at766_1242993_0:000098|OZ308468.1:138074-139295 -            408 5240                 -            417    1e-202  664.3   5.2   1   1  1.1e-202  1.1e-202  664.2   5.2     2   397     2   407     1   408 0.95 -
5240at766_1423892_0:000075|OZ308468.1:138074-139295 -            408 5240                 -            417    1e-202  664.3   5.2   1   1  1.1e-202  1.1e-202  664.2   5.2     2   397     2   407     1   408 0.95 -
5240at766_205920_0:0001dd|OZ308468.1:138074-139295  -            408 5240                 -            417    1e-202  664.3   5.2   1   1  1.1e-202  1.1e-202  664.2   5.2     2   397     2   407     1   408 0.95 -
5240at766_391036_0:00027f|OZ308468.1:138074-139295  -            408 5240                 -            417    1e-202  664.3   5.2   1   1  1.1e-202  1.1e-202  664.2   5.2     2   397     2   407     1   408 0.95 -
5240at766_779_0:00004c|OZ308468.1:138074-139295     -            408 5240                 -            417    1e-202  664.3   5.2   1   1  1.1e-202  1.1e-202  664.2   5.2     2   397     2   407     1   408 0.95 -
5240at766_272947_0:000126|OZ308468.1:138071-139295  -            409 5240                 -            417    1e-202  664.3   5.2   1   1  1.2e-202  1.2e-202  664.1   5.2     2   397     3   408     2   409 0.95 -
5240at766_336407_0:0002e6|OZ308468.1:138071-139295  -            409 5240                 -            417    1e-202  664.3   5.2   1   1  1.2e-202  1.2e-202  664.1   5.2     2   397     3   408     2   409 0.95 -
5240at766_1528098_0:000273|OZ308468.1:138065-139295 -            411 5240                 -            417    1e-202  664.3   5.2   1   1  1.2e-202  1.2e-202  664.1   5.2     2   397     5   410     4   411 0.95 -
5240at766_1105107_0:00028a|OZ308468.1:138071-139292 -            408 5240                 -            417  1.4e-202  663.9   5.3   1   1  1.5e-202  1.5e-202  663.7   5.3     2   397     3   408     2   408 0.95 -
5240at766_1359168_0:0000c7|OZ308468.1:138071-139292 -            408 5240                 -            417  1.4e-202  663.9   5.3   1   1  1.5e-202  1.5e-202  663.7   5.3     2   397     3   408     2   408 0.95 -
5240at766_2115978_0:0001f3|OZ308468.1:138068-139292 -            409 5240                 -            417  1.4e-202  663.9   5.3   1   1  1.6e-202  1.6e-202  663.7   5.3     2   397     4   409     3   409 0.95 -
5240at766_1359163_0:000050|OZ308468.1:138074-143214 -            418 5240                 -            417    3e-202  662.8   4.9   1   1  3.3e-202  3.3e-202  662.6   4.9     2   402     2   410     1   418 0.95 -
5240at766_86105_0:000394|OZ308468.1:138077-139274   -            400 5240                 -            417  4.5e-201  658.9   4.3   1   1    5e-201    5e-201  658.8   4.3     3   383     2   391     1   400 0.95 -
5240at766_696127_0:000319|OZ308468.1:138074-139235  -            388 5240                 -            417    2e-200  656.8   4.8   1   1  2.2e-200  2.2e-200  656.6   4.8     2   378     2   387     1   388 0.96 -
5240at766_2486577_0:0000ba|OZ308468.1:138062-139235 -            392 5240                 -            417  2.1e-200  656.7   4.8   1   1  2.3e-200  2.3e-200  656.5   4.8     2   378     6   391     5   392 0.96 -
5240at766_1714371_0:000152|OZ308468.1:138077-139235 -            387 5240                 -            417  2.7e-200  656.3   4.8   1   1    3e-200    3e-200  656.2   4.8     3   378     2   386     1   387 0.96 -
5240at766_222891_0:0001fa|OZ308468.1:138077-139235  -            387 5240                 -            417  2.7e-200  656.3   4.8   1   1    3e-200    3e-200  656.2   4.8     3   378     2   386     1   387 0.96 -
5240at766_752179_0:00016d|OZ308468.1:138077-139235  -            387 5240                 -            417  2.7e-200  656.3   4.8   1   1    3e-200    3e-200  656.2   4.8     3   378     2   386     1   387 0.96 -
5240at766_481009_0:00038b|OZ308468.1:138104-139292  -            397 5240                 -            417  2.8e-200  656.3   5.3   1   1  3.2e-200  3.2e-200  656.1   5.3    11   397     1   397     1   397 0.96 -
5240at766_1274402_0:00005b|OZ308468.1:138089-139235 -            383 5240                 -            417  2.4e-199  653.2   4.5   1   1  2.7e-199  2.7e-199  653.0   4.5     7   378     2   382     1   383 0.96 -
5240at766_334380_0:000426|OZ308468.1:138104-139247  -            382 5240                 -            417  1.3e-198  650.8   4.3   1   1  1.4e-198  1.4e-198  650.7   4.3    11   380     1   379     1   382 0.96 -
5240at766_1286528_0:000279|OZ308468.1:138104-139235 -            378 5240                 -            417  4.1e-198  649.1   4.8   1   1  4.6e-198  4.6e-198  649.0   4.8    11   378     1   377     1   378 0.97 -
5240at766_1802984_0:00010f|OZ308468.1:138104-139235 -            378 5240                 -            417  4.1e-198  649.1   4.8   1   1  4.6e-198  4.6e-198  649.0   4.8    11   378     1   377     1   378 0.97 -
5240at766_1961830_0:00012d|OZ308468.1:138104-139235 -            378 5240                 -            417  4.1e-198  649.1   4.8   1   1  4.6e-198  4.6e-198  649.0   4.8    11   378     1   377     1   378 0.97 -
#
# Program:         hmmsearch
# Version:         3.4 (Aug 2023)
# Pipeline mode:   SEARCH
# Query file:      /Users/rossoaa/Desktop/dummy/genomes/records/compleasm/mb_downloads/rickettsiales_odb12/hmms/5240at766.hmm
# Target file:     -
# Option settings: /Users/rossoaa/miniconda3/envs/compleasm_env/bin/hmmsearch --domtblout /Users/rossoaa/Desktop/dummy/genomes/records/compleasm/rickettsiales_odb12/hmmer_output/5240at766.out --cpu 1 /Users/rossoaa/Desktop/dummy/genomes/records/compleasm/mb_downloads/rickettsiales_odb12/hmms/5240at766.hmm - 
# Current dir:     /Users/rossoaa/Desktop/dummy/genomes/records/compleasm
# Date:            Tue Feb 10 10:20:21 2026
# [ok]
