#                                                                                                           --- full sequence --- -------------- this domain -------------   hmm coord   ali coord   env coord
# target name                                       accession   tlen query name           accession   qlen   E-value  score  bias   #  of  c-Evalue  i-Evalue  score  bias  from    to  from    to  from    to  acc description of target
#                               ------------------- ---------- ----- -------------------- ---------- ----- --------- ------ ----- --- --- --------- --------- ------ ----- ----- ----- ----- ----- ----- ----- ---- ---------------------
5259at766_1359163_0:000136|OZ308468.1:991259-992408 -            384 5259                 -            354  7.3e-131  426.5   0.1   1   1  9.5e-131  9.5e-131  426.2   0.1     1   354     1   381     1   381 0.91 -
5259at766_696127_0:000257|OZ308468.1:991259-992408  -            384 5259                 -            354  7.3e-131  426.5   0.1   1   1  9.5e-131  9.5e-131  426.2   0.1     1   354     1   381     1   381 0.91 -
5259at766_779_0:0000e9|OZ308468.1:991259-992408     -            384 5259                 -            354  7.3e-131  426.5   0.1   1   1  9.5e-131  9.5e-131  426.2   0.1     1   354     1   381     1   381 0.91 -
5259at766_1242993_0:00024b|OZ308468.1:991253-992408 -            386 5259                 -            354  7.4e-131  426.5   0.1   1   1  9.7e-131  9.7e-131  426.1   0.1     1   354     3   383     3   383 0.91 -
5259at766_1423892_0:00004c|OZ308468.1:991253-992408 -            386 5259                 -            354  7.4e-131  426.5   0.1   1   1  9.7e-131  9.7e-131  426.1   0.1     1   354     3   383     3   383 0.91 -
5259at766_205920_0:0002bc|OZ308468.1:991253-992408  -            386 5259                 -            354  7.4e-131  426.5   0.1   1   1  9.7e-131  9.7e-131  426.1   0.1     1   354     3   383     3   383 0.91 -
5259at766_391036_0:00000b|OZ308468.1:991253-992408  -            386 5259                 -            354  7.4e-131  426.5   0.1   1   1  9.7e-131  9.7e-131  426.1   0.1     1   354     3   383     3   383 0.91 -
5259at766_1605993_0:000229|OZ308468.1:991259-992414 -            385 5259                 -            354  7.4e-131  426.5   0.1   1   1  9.6e-131  9.6e-131  426.2   0.1     1   354     1   381     1   381 0.91 -
5259at766_169402_0:00005b|OZ308468.1:991259-992414  -            385 5259                 -            354  7.4e-131  426.5   0.1   1   1  9.6e-131  9.6e-131  426.2   0.1     1   354     1   381     1   381 0.91 -
5259at766_246273_0:000093|OZ308468.1:991259-992411  -            385 5259                 -            354  7.4e-131  426.5   0.1   1   1  9.6e-131  9.6e-131  426.2   0.1     1   354     1   381     1   381 0.91 -
5259at766_955_0:000086|OZ308468.1:991259-992414     -            385 5259                 -            354  7.4e-131  426.5   0.1   1   1  9.6e-131  9.6e-131  426.2   0.1     1   354     1   381     1   381 0.91 -
5259at766_96496_0:000055|OZ308468.1:991259-992414   -            385 5259                 -            354  7.4e-131  426.5   0.1   1   1  9.6e-131  9.6e-131  426.2   0.1     1   354     1   381     1   381 0.91 -
5259at766_1528098_0:0005f8|OZ308468.1:991250-992414 -            388 5259                 -            354  7.5e-131  426.5   0.1   1   1  9.9e-131  9.9e-131  426.1   0.1     1   354     4   384     4   384 0.91 -
5259at766_2602574_0:0002b1|OZ308468.1:991250-992411 -            388 5259                 -            354  7.5e-131  426.5   0.1   1   1  9.9e-131  9.9e-131  426.1   0.1     1   354     4   384     4   384 0.91 -
5259at766_2486577_0:000104|OZ308468.1:991262-992411 -            384 5259                 -            354  1.6e-130  425.4   0.1   1   1  2.1e-130  2.1e-130  425.1   0.1     2   354     1   380     1   380 0.91 -
5259at766_1248439_0:000244|OZ308468.1:991265-992408 -            382 5259                 -            354  3.8e-130  424.2   0.0   1   1  4.9e-130  4.9e-130  423.8   0.0     3   354     1   379     1   379 0.91 -
5259at766_1274402_0:000254|OZ308468.1:991265-992408 -            382 5259                 -            354  3.8e-130  424.2   0.0   1   1  4.9e-130  4.9e-130  423.8   0.0     3   354     1   379     1   379 0.91 -
5259at766_1392507_0:000066|OZ308468.1:991265-992408 -            382 5259                 -            354  3.8e-130  424.2   0.0   1   1  4.9e-130  4.9e-130  423.8   0.0     3   354     1   379     1   379 0.91 -
5259at766_142058_0:0002e6|OZ308468.1:991265-992408  -            382 5259                 -            354  3.8e-130  424.2   0.0   1   1  4.9e-130  4.9e-130  423.8   0.0     3   354     1   379     1   379 0.91 -
5259at766_574556_0:00011a|OZ308468.1:991265-992408  -            382 5259                 -            354  3.8e-130  424.2   0.0   1   1  4.9e-130  4.9e-130  423.8   0.0     3   354     1   379     1   379 0.91 -
#
# Program:         hmmsearch
# Version:         3.4 (Aug 2023)
# Pipeline mode:   SEARCH
# Query file:      /Users/rossoaa/Desktop/dummy/genomes/records/compleasm/mb_downloads/rickettsiales_odb12/hmms/5259at766.hmm
# Target file:     -
# Option settings: /Users/rossoaa/miniconda3/envs/compleasm_env/bin/hmmsearch --domtblout /Users/rossoaa/Desktop/dummy/genomes/records/compleasm/rickettsiales_odb12/hmmer_output/5259at766.out --cpu 1 /Users/rossoaa/Desktop/dummy/genomes/records/compleasm/mb_downloads/rickettsiales_odb12/hmms/5259at766.hmm - 
# Current dir:     /Users/rossoaa/Desktop/dummy/genomes/records/compleasm
# Date:            Tue Feb 10 10:20:24 2026
# [ok]
