#                                                                                                          --- full sequence --- -------------- this domain -------------   hmm coord   ali coord   env coord
# target name                                      accession   tlen query name           accession   qlen   E-value  score  bias   #  of  c-Evalue  i-Evalue  score  bias  from    to  from    to  from    to  acc description of target
#                              ------------------- ---------- ----- -------------------- ---------- ----- --------- ------ ----- --- --- --------- --------- ------ ----- ----- ----- ----- ----- ----- ----- ---- ---------------------
525at766_2486577_0:0001c6|OZ308468.1:549684-550038 -            119 525                  -            116   1.3e-57  183.4   0.4   1   1   1.4e-57   1.4e-57  183.3   0.4     2   115     2   116     1   117 0.97 -
525at766_955_0:000014|OZ308468.1:549681-550041     -            121 525                  -            116   1.3e-57  183.4   0.4   1   1   1.5e-57   1.5e-57  183.2   0.4     2   115     3   117     2   118 0.97 -
525at766_1286528_0:00023b|OZ308468.1:549678-550038 -            121 525                  -            116   1.4e-57  183.4   0.4   1   1   1.5e-57   1.5e-57  183.2   0.4     2   115     2   116     1   117 0.97 -
525at766_1802984_0:0002a9|OZ308468.1:549675-550038 -            122 525                  -            116   1.4e-57  183.3   0.4   1   1   1.6e-57   1.6e-57  183.2   0.4     2   115     2   116     1   117 0.97 -
525at766_1242993_0:000243|OZ308468.1:549675-550041 -            123 525                  -            116   1.4e-57  183.3   0.4   1   1   1.6e-57   1.6e-57  183.1   0.4     2   115     3   117     2   118 0.97 -
525at766_1248439_0:00001c|OZ308468.1:549672-550041 -            124 525                  -            116   1.5e-57  183.3   0.4   1   1   1.7e-57   1.7e-57  183.1   0.4     2   115     3   117     2   118 0.97 -
525at766_142058_0:0002d3|OZ308468.1:549672-550041  -            124 525                  -            116   1.5e-57  183.3   0.4   1   1   1.7e-57   1.7e-57  183.1   0.4     2   115     3   117     2   118 0.97 -
525at766_779_0:000390|OZ308468.1:549672-550041     -            124 525                  -            116   1.5e-57  183.3   0.4   1   1   1.7e-57   1.7e-57  183.1   0.4     2   115     3   117     2   118 0.97 -
525at766_1359168_0:000119|OZ308468.1:549666-550038 -            124 525                  -            116   1.5e-57  183.2   0.4   1   1   1.7e-57   1.7e-57  183.1   0.4     2   115     2   116     1   117 0.97 -
525at766_2602574_0:000397|OZ308468.1:549666-550038 -            124 525                  -            116   1.5e-57  183.2   0.4   1   1   1.7e-57   1.7e-57  183.1   0.4     2   115     2   116     1   117 0.97 -
525at766_696127_0:0000b0|OZ308468.1:549666-550038  -            124 525                  -            116   1.5e-57  183.2   0.4   1   1   1.7e-57   1.7e-57  183.1   0.4     2   115     2   116     1   117 0.97 -
525at766_86105_0:00030d|OZ308468.1:549666-550038   -            124 525                  -            116   1.5e-57  183.2   0.4   1   1   1.7e-57   1.7e-57  183.1   0.4     2   115     2   116     1   117 0.97 -
525at766_1359163_0:000375|OZ308468.1:549669-550041 -            125 525                  -            116   1.5e-57  183.2   0.4   1   1   1.7e-57   1.7e-57  183.0   0.4     2   115     3   117     2   118 0.97 -
525at766_1392507_0:000397|OZ308468.1:549669-550041 -            125 525                  -            116   1.5e-57  183.2   0.4   1   1   1.7e-57   1.7e-57  183.0   0.4     2   115     3   117     2   118 0.97 -
525at766_1423892_0:0001b4|OZ308468.1:549669-550041 -            125 525                  -            116   1.5e-57  183.2   0.4   1   1   1.7e-57   1.7e-57  183.0   0.4     2   115     3   117     2   118 0.97 -
525at766_1605993_0:0002bf|OZ308468.1:549666-550041 -            125 525                  -            116   1.5e-57  183.2   0.4   1   1   1.7e-57   1.7e-57  183.0   0.4     2   115     3   117     2   118 0.97 -
525at766_169402_0:000506|OZ308468.1:549666-550041  -            125 525                  -            116   1.5e-57  183.2   0.4   1   1   1.7e-57   1.7e-57  183.0   0.4     2   115     3   117     2   118 0.97 -
525at766_205920_0:000107|OZ308468.1:549669-550041  -            125 525                  -            116   1.5e-57  183.2   0.4   1   1   1.7e-57   1.7e-57  183.0   0.4     2   115     3   117     2   118 0.97 -
525at766_246273_0:00005c|OZ308468.1:549666-550041  -            125 525                  -            116   1.5e-57  183.2   0.4   1   1   1.7e-57   1.7e-57  183.0   0.4     2   115     3   117     2   118 0.97 -
525at766_391036_0:00017a|OZ308468.1:549669-550041  -            125 525                  -            116   1.5e-57  183.2   0.4   1   1   1.7e-57   1.7e-57  183.0   0.4     2   115     3   117     2   118 0.97 -
525at766_96496_0:0000a6|OZ308468.1:549666-550041   -            125 525                  -            116   1.5e-57  183.2   0.4   1   1   1.7e-57   1.7e-57  183.0   0.4     2   115     3   117     2   118 0.97 -
525at766_334380_0:000019|OZ308468.1:549693-550038  -            116 525                  -            116   2.1e-57  182.8   0.5   1   1   2.3e-57   2.3e-57  182.6   0.5     2   114     2   115     1   116 0.98 -
#
# Program:         hmmsearch
# Version:         3.4 (Aug 2023)
# Pipeline mode:   SEARCH
# Query file:      /Users/rossoaa/Desktop/dummy/genomes/records/compleasm/mb_downloads/rickettsiales_odb12/hmms/525at766.hmm
# Target file:     -
# Option settings: /Users/rossoaa/miniconda3/envs/compleasm_env/bin/hmmsearch --domtblout /Users/rossoaa/Desktop/dummy/genomes/records/compleasm/rickettsiales_odb12/hmmer_output/525at766.out --cpu 1 /Users/rossoaa/Desktop/dummy/genomes/records/compleasm/mb_downloads/rickettsiales_odb12/hmms/525at766.hmm - 
# Current dir:     /Users/rossoaa/Desktop/dummy/genomes/records/compleasm
# Date:            Tue Feb 10 10:20:24 2026
# [ok]
