#                                                                                                           --- full sequence --- -------------- this domain -------------   hmm coord   ali coord   env coord
# target name                                       accession   tlen query name           accession   qlen   E-value  score  bias   #  of  c-Evalue  i-Evalue  score  bias  from    to  from    to  from    to  acc description of target
#                               ------------------- ---------- ----- -------------------- ---------- ----- --------- ------ ----- --- --- --------- --------- ------ ----- ----- ----- ----- ----- ----- ----- ---- ---------------------
5260at766_1105107_0:00034a|OZ308468.1:370889-371957 -            357 5260                 -            357  5.1e-184  602.0   0.7   1   1  5.7e-184  5.7e-184  601.8   0.7     2   357     2   357     1   357 0.98 -
5260at766_1961830_0:0004e5|OZ308468.1:370889-371957 -            357 5260                 -            357  5.1e-184  602.0   0.7   1   1  5.7e-184  5.7e-184  601.8   0.7     2   357     2   357     1   357 0.98 -
5260at766_336407_0:000053|OZ308468.1:370889-371957  -            357 5260                 -            357  5.1e-184  602.0   0.7   1   1  5.7e-184  5.7e-184  601.8   0.7     2   357     2   357     1   357 0.98 -
5260at766_481009_0:00030c|OZ308468.1:370889-371957  -            357 5260                 -            357  5.1e-184  602.0   0.7   1   1  5.7e-184  5.7e-184  601.8   0.7     2   357     2   357     1   357 0.98 -
5260at766_1528098_0:0005ad|OZ308468.1:370883-371957 -            359 5260                 -            357  5.2e-184  602.0   0.7   1   1  5.8e-184  5.8e-184  601.8   0.7     2   357     4   359     3   359 0.98 -
5260at766_2115978_0:000402|OZ308468.1:370883-371957 -            359 5260                 -            357  5.2e-184  602.0   0.7   1   1  5.8e-184  5.8e-184  601.8   0.7     2   357     4   359     3   359 0.98 -
5260at766_1248439_0:0001b0|OZ308468.1:370877-371957 -            361 5260                 -            357  5.3e-184  601.9   0.7   1   1    6e-184    6e-184  601.7   0.7     2   357     6   361     5   361 0.98 -
5260at766_142058_0:0001b3|OZ308468.1:370877-371957  -            361 5260                 -            357  5.3e-184  601.9   0.7   1   1    6e-184    6e-184  601.7   0.7     2   357     6   361     5   361 0.98 -
5260at766_1714371_0:0000d3|OZ308468.1:370874-371960 -            363 5260                 -            357  5.4e-184  601.9   0.7   1   1  6.1e-184  6.1e-184  601.7   0.7     2   357     7   362     6   362 0.98 -
5260at766_222891_0:0002c8|OZ308468.1:370874-371960  -            363 5260                 -            357  5.4e-184  601.9   0.7   1   1  6.1e-184  6.1e-184  601.7   0.7     2   357     7   362     6   362 0.98 -
5260at766_434131_0:0001a0|OZ308468.1:370874-371960  -            363 5260                 -            357  5.4e-184  601.9   0.7   1   1  6.1e-184  6.1e-184  601.7   0.7     2   357     7   362     6   362 0.98 -
5260at766_1359163_0:000342|OZ308468.1:370859-371957 -            367 5260                 -            357  5.6e-184  601.8   0.7   1   1  6.4e-184  6.4e-184  601.7   0.7     2   357    12   367    11   367 0.98 -
5260at766_1242993_0:0000a8|OZ308468.1:370859-371960 -            368 5260                 -            357  5.7e-184  601.8   0.7   1   1  6.4e-184  6.4e-184  601.6   0.7     2   357    12   367    11   367 0.98 -
5260at766_1286528_0:0000d6|OZ308468.1:370859-371963 -            368 5260                 -            357  5.7e-184  601.8   0.7   1   1  6.4e-184  6.4e-184  601.6   0.7     2   357    12   367    11   367 0.98 -
5260at766_1423892_0:000240|OZ308468.1:370859-371960 -            368 5260                 -            357  5.7e-184  601.8   0.7   1   1  6.4e-184  6.4e-184  601.6   0.7     2   357    12   367    11   367 0.98 -
5260at766_1605993_0:0002f4|OZ308468.1:370859-371963 -            368 5260                 -            357  5.7e-184  601.8   0.7   1   1  6.4e-184  6.4e-184  601.6   0.7     2   357    12   367    11   367 0.98 -
5260at766_169402_0:0001ab|OZ308468.1:370859-371963  -            368 5260                 -            357  5.7e-184  601.8   0.7   1   1  6.4e-184  6.4e-184  601.6   0.7     2   357    12   367    11   367 0.98 -
5260at766_205920_0:0002c2|OZ308468.1:370859-371960  -            368 5260                 -            357  5.7e-184  601.8   0.7   1   1  6.4e-184  6.4e-184  601.6   0.7     2   357    12   367    11   367 0.98 -
5260at766_246273_0:0003a1|OZ308468.1:370859-371963  -            368 5260                 -            357  5.7e-184  601.8   0.7   1   1  6.4e-184  6.4e-184  601.6   0.7     2   357    12   367    11   367 0.98 -
5260at766_779_0:0002fb|OZ308468.1:370859-371960     -            368 5260                 -            357  5.7e-184  601.8   0.7   1   1  6.4e-184  6.4e-184  601.6   0.7     2   357    12   367    11   367 0.98 -
5260at766_955_0:000218|OZ308468.1:370859-371963     -            368 5260                 -            357  5.7e-184  601.8   0.7   1   1  6.4e-184  6.4e-184  601.6   0.7     2   357    12   367    11   367 0.98 -
5260at766_96496_0:0001f5|OZ308468.1:370859-371963   -            368 5260                 -            357  5.7e-184  601.8   0.7   1   1  6.4e-184  6.4e-184  601.6   0.7     2   357    12   367    11   367 0.98 -
5260at766_1392507_0:0003cc|OZ308468.1:370850-371957 -            370 5260                 -            357  5.8e-184  601.8   0.7   1   1  6.6e-184  6.6e-184  601.6   0.7     2   357    15   370    14   370 0.98 -
5260at766_2486578_0:0000a0|OZ308468.1:370898-371957 -            354 5260                 -            357  2.4e-183  599.7   0.7   1   1  2.7e-183  2.7e-183  599.6   0.7     5   357     2   354     1   354 0.98 -
5260at766_86105_0:0000a4|OZ308468.1:370898-371957   -            354 5260                 -            357  2.4e-183  599.7   0.7   1   1  2.7e-183  2.7e-183  599.6   0.7     5   357     2   354     1   354 0.98 -
5260at766_334380_0:00033d|OZ308468.1:370901-371957  -            353 5260                 -            357  4.3e-183  598.9   0.6   1   1  4.8e-183  4.8e-183  598.8   0.6     6   357     2   353     1   353 0.98 -
5260at766_696127_0:0003da|OZ308468.1:370904-371957  -            352 5260                 -            357  6.4e-183  598.4   0.6   1   1  7.1e-183  7.1e-183  598.2   0.6     7   357     2   352     1   352 0.98 -
5260at766_2602574_0:000392|OZ308468.1:370907-371957 -            351 5260                 -            357  1.4e-182  597.3   0.9   1   1  1.5e-182  1.5e-182  597.1   0.9     8   357     2   351     1   351 0.98 -
5260at766_752179_0:000182|OZ308468.1:370910-371957  -            350 5260                 -            357  2.5e-182  596.4   0.9   1   1  2.8e-182  2.8e-182  596.3   0.9     8   357     1   350     1   350 0.98 -
5260at766_1359168_0:000271|OZ308468.1:370910-371960 -            351 5260                 -            357  2.5e-182  596.4   0.9   1   1  2.8e-182  2.8e-182  596.3   0.9     8   357     1   350     1   350 0.98 -
5260at766_272947_0:000317|OZ308468.1:370910-371963  -            351 5260                 -            357  2.5e-182  596.4   0.9   1   1  2.8e-182  2.8e-182  596.3   0.9     8   357     1   350     1   350 0.98 -
5260at766_2486577_0:000224|OZ308468.1:370916-371957 -            348 5260                 -            357  1.1e-181  594.3   0.8   1   1  1.2e-181  1.2e-181  594.2   0.8    10   357     1   348     1   348 0.98 -
5260at766_1274402_0:000029|OZ308468.1:370925-371963 -            346 5260                 -            357  1.1e-180  591.0   0.6   1   1  1.2e-180  1.2e-180  590.9   0.6    13   357     1   345     1   345 0.98 -
5260at766_1802984_0:0001da|OZ308468.1:370931-371957 -            343 5260                 -            357  3.7e-179  586.0   0.6   1   1  4.2e-179  4.2e-179  585.8   0.6    15   357     1   343     1   343 0.98 -
#
# Program:         hmmsearch
# Version:         3.4 (Aug 2023)
# Pipeline mode:   SEARCH
# Query file:      /Users/rossoaa/Desktop/dummy/genomes/records/compleasm/mb_downloads/rickettsiales_odb12/hmms/5260at766.hmm
# Target file:     -
# Option settings: /Users/rossoaa/miniconda3/envs/compleasm_env/bin/hmmsearch --domtblout /Users/rossoaa/Desktop/dummy/genomes/records/compleasm/rickettsiales_odb12/hmmer_output/5260at766.out --cpu 1 /Users/rossoaa/Desktop/dummy/genomes/records/compleasm/mb_downloads/rickettsiales_odb12/hmms/5260at766.hmm - 
# Current dir:     /Users/rossoaa/Desktop/dummy/genomes/records/compleasm
# Date:            Tue Feb 10 10:20:23 2026
# [ok]
