#                                                                                                           --- full sequence --- -------------- this domain -------------   hmm coord   ali coord   env coord
# target name                                       accession   tlen query name           accession   qlen   E-value  score  bias   #  of  c-Evalue  i-Evalue  score  bias  from    to  from    to  from    to  acc description of target
#                               ------------------- ---------- ----- -------------------- ---------- ----- --------- ------ ----- --- --- --------- --------- ------ ----- ----- ----- ----- ----- ----- ----- ---- ---------------------
5281at766_1105107_0:000292|OZ308468.1:470010-471168 -            386 5281                 -            385  4.4e-206  675.2  11.0   1   1  4.9e-206  4.9e-206  675.1  11.0     1   385     1   386     1   386 1.00 -
5281at766_1242993_0:0000bd|OZ308468.1:470010-471168 -            386 5281                 -            385  4.4e-206  675.2  11.0   1   1  4.9e-206  4.9e-206  675.1  11.0     1   385     1   386     1   386 1.00 -
5281at766_1248439_0:0001ef|OZ308468.1:470010-471165 -            386 5281                 -            385  4.4e-206  675.2  11.0   1   1  4.9e-206  4.9e-206  675.1  11.0     1   385     1   386     1   386 1.00 -
5281at766_1274402_0:0000ea|OZ308468.1:470010-471168 -            386 5281                 -            385  4.4e-206  675.2  11.0   1   1  4.9e-206  4.9e-206  675.1  11.0     1   385     1   386     1   386 1.00 -
5281at766_1286528_0:0000b6|OZ308468.1:470010-471168 -            386 5281                 -            385  4.4e-206  675.2  11.0   1   1  4.9e-206  4.9e-206  675.1  11.0     1   385     1   386     1   386 1.00 -
5281at766_1359163_0:00015f|OZ308468.1:470010-471168 -            386 5281                 -            385  4.4e-206  675.2  11.0   1   1  4.9e-206  4.9e-206  675.1  11.0     1   385     1   386     1   386 1.00 -
5281at766_1359168_0:000123|OZ308468.1:470010-471168 -            386 5281                 -            385  4.4e-206  675.2  11.0   1   1  4.9e-206  4.9e-206  675.1  11.0     1   385     1   386     1   386 1.00 -
5281at766_142058_0:00006a|OZ308468.1:470010-471165  -            386 5281                 -            385  4.4e-206  675.2  11.0   1   1  4.9e-206  4.9e-206  675.1  11.0     1   385     1   386     1   386 1.00 -
5281at766_1423892_0:0002e0|OZ308468.1:470010-471168 -            386 5281                 -            385  4.4e-206  675.2  11.0   1   1  4.9e-206  4.9e-206  675.1  11.0     1   385     1   386     1   386 1.00 -
5281at766_1528098_0:000220|OZ308468.1:470010-471168 -            386 5281                 -            385  4.4e-206  675.2  11.0   1   1  4.9e-206  4.9e-206  675.1  11.0     1   385     1   386     1   386 1.00 -
5281at766_1605993_0:000155|OZ308468.1:470010-471168 -            386 5281                 -            385  4.4e-206  675.2  11.0   1   1  4.9e-206  4.9e-206  675.1  11.0     1   385     1   386     1   386 1.00 -
5281at766_169402_0:000420|OZ308468.1:470010-471168  -            386 5281                 -            385  4.4e-206  675.2  11.0   1   1  4.9e-206  4.9e-206  675.1  11.0     1   385     1   386     1   386 1.00 -
5281at766_1961830_0:000383|OZ308468.1:470010-471168 -            386 5281                 -            385  4.4e-206  675.2  11.0   1   1  4.9e-206  4.9e-206  675.1  11.0     1   385     1   386     1   386 1.00 -
5281at766_205920_0:000021|OZ308468.1:470010-471168  -            386 5281                 -            385  4.4e-206  675.2  11.0   1   1  4.9e-206  4.9e-206  675.1  11.0     1   385     1   386     1   386 1.00 -
5281at766_246273_0:0000d0|OZ308468.1:470010-471168  -            386 5281                 -            385  4.4e-206  675.2  11.0   1   1  4.9e-206  4.9e-206  675.1  11.0     1   385     1   386     1   386 1.00 -
5281at766_2486578_0:000097|OZ308468.1:470010-471165 -            386 5281                 -            385  4.4e-206  675.2  11.0   1   1  4.9e-206  4.9e-206  675.1  11.0     1   385     1   386     1   386 1.00 -
5281at766_2602574_0:00002d|OZ308468.1:470010-471168 -            386 5281                 -            385  4.4e-206  675.2  11.0   1   1  4.9e-206  4.9e-206  675.1  11.0     1   385     1   386     1   386 1.00 -
5281at766_272947_0:0002e7|OZ308468.1:470010-471168  -            386 5281                 -            385  4.4e-206  675.2  11.0   1   1  4.9e-206  4.9e-206  675.1  11.0     1   385     1   386     1   386 1.00 -
5281at766_334380_0:00012e|OZ308468.1:470010-471168  -            386 5281                 -            385  4.4e-206  675.2  11.0   1   1  4.9e-206  4.9e-206  675.1  11.0     1   385     1   386     1   386 1.00 -
5281at766_336407_0:000232|OZ308468.1:470010-471165  -            386 5281                 -            385  4.4e-206  675.2  11.0   1   1  4.9e-206  4.9e-206  675.1  11.0     1   385     1   386     1   386 1.00 -
5281at766_391036_0:0002cb|OZ308468.1:470010-471168  -            386 5281                 -            385  4.4e-206  675.2  11.0   1   1  4.9e-206  4.9e-206  675.1  11.0     1   385     1   386     1   386 1.00 -
5281at766_481009_0:00008c|OZ308468.1:470010-471168  -            386 5281                 -            385  4.4e-206  675.2  11.0   1   1  4.9e-206  4.9e-206  675.1  11.0     1   385     1   386     1   386 1.00 -
5281at766_696127_0:0000e7|OZ308468.1:470010-471165  -            386 5281                 -            385  4.4e-206  675.2  11.0   1   1  4.9e-206  4.9e-206  675.1  11.0     1   385     1   386     1   386 1.00 -
5281at766_752179_0:00025f|OZ308468.1:470010-471168  -            386 5281                 -            385  4.4e-206  675.2  11.0   1   1  4.9e-206  4.9e-206  675.1  11.0     1   385     1   386     1   386 1.00 -
5281at766_779_0:000051|OZ308468.1:470010-471168     -            386 5281                 -            385  4.4e-206  675.2  11.0   1   1  4.9e-206  4.9e-206  675.1  11.0     1   385     1   386     1   386 1.00 -
5281at766_86105_0:0004b6|OZ308468.1:470010-471168   -            386 5281                 -            385  4.4e-206  675.2  11.0   1   1  4.9e-206  4.9e-206  675.1  11.0     1   385     1   386     1   386 1.00 -
5281at766_955_0:0002a3|OZ308468.1:470010-471165     -            386 5281                 -            385  4.4e-206  675.2  11.0   1   1  4.9e-206  4.9e-206  675.1  11.0     1   385     1   386     1   386 1.00 -
5281at766_96496_0:00014e|OZ308468.1:470010-471168   -            386 5281                 -            385  4.4e-206  675.2  11.0   1   1  4.9e-206  4.9e-206  675.1  11.0     1   385     1   386     1   386 1.00 -
5281at766_1714371_0:0001ad|OZ308468.1:470010-471159 -            384 5281                 -            385  1.8e-205  673.3  10.5   1   1    2e-205    2e-205  673.1  10.5     1   382     1   383     1   384 1.00 -
5281at766_222891_0:0001e9|OZ308468.1:470010-471159  -            384 5281                 -            385  1.8e-205  673.3  10.5   1   1    2e-205    2e-205  673.1  10.5     1   382     1   383     1   384 1.00 -
5281at766_434131_0:000203|OZ308468.1:470010-471159  -            384 5281                 -            385  1.8e-205  673.3  10.5   1   1    2e-205    2e-205  673.1  10.5     1   382     1   383     1   384 1.00 -
5281at766_1392507_0:0001cb|OZ308468.1:470010-471156 -            383 5281                 -            385  2.8e-205  672.6  10.5   1   1  3.1e-205  3.1e-205  672.4  10.5     1   382     1   383     1   383 1.00 -
5281at766_2115978_0:0003b1|OZ308468.1:470010-471156 -            383 5281                 -            385  2.8e-205  672.6  10.5   1   1  3.1e-205  3.1e-205  672.4  10.5     1   382     1   383     1   383 1.00 -
#
# Program:         hmmsearch
# Version:         3.4 (Aug 2023)
# Pipeline mode:   SEARCH
# Query file:      /Users/rossoaa/Desktop/dummy/genomes/records/compleasm/mb_downloads/rickettsiales_odb12/hmms/5281at766.hmm
# Target file:     -
# Option settings: /Users/rossoaa/miniconda3/envs/compleasm_env/bin/hmmsearch --domtblout /Users/rossoaa/Desktop/dummy/genomes/records/compleasm/rickettsiales_odb12/hmmer_output/5281at766.out --cpu 1 /Users/rossoaa/Desktop/dummy/genomes/records/compleasm/mb_downloads/rickettsiales_odb12/hmms/5281at766.hmm - 
# Current dir:     /Users/rossoaa/Desktop/dummy/genomes/records/compleasm
# Date:            Tue Feb 10 10:20:21 2026
# [ok]
