#                                                                                                           --- full sequence --- -------------- this domain -------------   hmm coord   ali coord   env coord
# target name                                       accession   tlen query name           accession   qlen   E-value  score  bias   #  of  c-Evalue  i-Evalue  score  bias  from    to  from    to  from    to  acc description of target
#                               ------------------- ---------- ----- -------------------- ---------- ----- --------- ------ ----- --- --- --------- --------- ------ ----- ----- ----- ----- ----- ----- ----- ---- ---------------------
5290at766_169402_0:0002fc|OZ308468.1:437122-438562  -            480 5290                 -            493    2e-211  693.9  59.6   1   1  2.2e-211  2.2e-211  693.7  59.6     5   490     2   478     1   480 0.99 -
5290at766_246273_0:00011f|OZ308468.1:437122-438562  -            480 5290                 -            493    2e-211  693.9  59.6   1   1  2.2e-211  2.2e-211  693.7  59.6     5   490     2   478     1   480 0.99 -
5290at766_96496_0:0002e8|OZ308468.1:437122-438562   -            480 5290                 -            493    2e-211  693.9  59.6   1   1  2.2e-211  2.2e-211  693.7  59.6     5   490     2   478     1   480 0.99 -
5290at766_336407_0:000029|OZ308468.1:437128-438562  -            479 5290                 -            493    2e-211  693.8  59.3   1   1  2.3e-211  2.3e-211  693.7  59.3     5   490     2   478     1   479 0.99 -
5290at766_1242993_0:00030f|OZ308468.1:437122-438559 -            479 5290                 -            493  2.1e-211  693.8  59.1   1   1  2.4e-211  2.4e-211  693.6  59.1     6   490     2   477     1   479 0.99 -
5290at766_1248439_0:0001df|OZ308468.1:437122-438559 -            479 5290                 -            493  2.1e-211  693.8  59.1   1   1  2.4e-211  2.4e-211  693.6  59.1     6   490     2   477     1   479 0.99 -
5290at766_142058_0:000073|OZ308468.1:437122-438559  -            479 5290                 -            493  2.1e-211  693.8  59.1   1   1  2.4e-211  2.4e-211  693.6  59.1     6   490     2   477     1   479 0.99 -
5290at766_1423892_0:000234|OZ308468.1:437122-438559 -            479 5290                 -            493  2.1e-211  693.8  59.1   1   1  2.4e-211  2.4e-211  693.6  59.1     6   490     2   477     1   479 0.99 -
5290at766_205920_0:000074|OZ308468.1:437122-438559  -            479 5290                 -            493  2.1e-211  693.8  59.1   1   1  2.4e-211  2.4e-211  693.6  59.1     6   490     2   477     1   479 0.99 -
5290at766_391036_0:00003a|OZ308468.1:437122-438559  -            479 5290                 -            493  2.1e-211  693.8  59.1   1   1  2.4e-211  2.4e-211  693.6  59.1     6   490     2   477     1   479 0.99 -
5290at766_574556_0:00021a|OZ308468.1:437122-438559  -            479 5290                 -            493  2.1e-211  693.8  59.1   1   1  2.4e-211  2.4e-211  693.6  59.1     6   490     2   477     1   479 0.99 -
5290at766_1105107_0:000342|OZ308468.1:437131-438562 -            478 5290                 -            493  2.9e-211  693.3  59.4   1   1  3.2e-211  3.2e-211  693.2  59.4     5   489     2   477     1   478 0.99 -
5290at766_272947_0:000185|OZ308468.1:437131-438562  -            478 5290                 -            493  2.9e-211  693.3  59.4   1   1  3.2e-211  3.2e-211  693.2  59.4     5   489     2   477     1   478 0.99 -
5290at766_481009_0:0001a6|OZ308468.1:437131-438562  -            478 5290                 -            493  2.9e-211  693.3  59.4   1   1  3.2e-211  3.2e-211  693.2  59.4     5   489     2   477     1   478 0.99 -
5290at766_752179_0:00022d|OZ308468.1:437131-438556  -            476 5290                 -            493  4.6e-211  692.7  58.5   1   1  5.1e-211  5.1e-211  692.5  58.5     7   489     2   475     1   476 0.99 -
5290at766_1961830_0:00016c|OZ308468.1:437134-438562 -            477 5290                 -            493  6.7e-211  692.1  59.9   1   1  7.4e-211  7.4e-211  692.0  59.9     5   488     2   476     1   477 0.99 -
5290at766_779_0:00019c|OZ308468.1:437134-438559     -            476 5290                 -            493  7.2e-211  692.0  59.4   1   1    8e-211    8e-211  691.9  59.4     6   488     2   475     1   476 0.99 -
5290at766_1392507_0:000394|OZ308468.1:437140-438559 -            474 5290                 -            493  2.5e-210  690.2  59.8   1   1  2.8e-210  2.8e-210  690.1  59.8     6   486     2   473     1   474 0.99 -
5290at766_1359163_0:0002fb|OZ308468.1:437137-438547 -            471 5290                 -            493  3.4e-210  689.8  58.1   1   1  3.8e-210  3.8e-210  689.6  58.1    10   487     2   470     1   471 0.99 -
5290at766_696127_0:0003f7|OZ308468.1:437128-438535  -            470 5290                 -            493  6.5e-210  688.9  55.4   1   1  7.2e-210  7.2e-210  688.7  55.4    13   490     1   469     1   470 0.99 -
5290at766_1274402_0:000315|OZ308468.1:437140-438547 -            470 5290                 -            493  7.9e-210  688.6  58.5   1   1  8.8e-210  8.8e-210  688.4  58.5    10   486     2   469     1   470 0.99 -
5290at766_1714371_0:000022|OZ308468.1:437161-438565 -            469 5290                 -            493  2.9e-209  686.7  59.3   1   1  3.2e-209  3.2e-209  686.6  59.3     5   479     3   468     1   469 0.99 -
5290at766_1286528_0:0000c3|OZ308468.1:437161-438559 -            467 5290                 -            493  5.2e-209  685.9  59.2   1   1  5.8e-209  5.8e-209  685.7  59.2     6   479     2   466     1   467 0.99 -
5290at766_434131_0:00008c|OZ308468.1:437161-438556  -            466 5290                 -            493  7.7e-209  685.3  58.7   1   1  8.6e-209  8.6e-209  685.2  58.7     7   479     2   465     1   466 0.99 -
5290at766_1528098_0:0000f7|OZ308468.1:437164-438559 -            466 5290                 -            493  1.4e-208  684.5  60.0   1   1  1.5e-208  1.5e-208  684.3  60.0     6   478     2   465     1   466 0.99 -
5290at766_222891_0:000224|OZ308468.1:437161-438541  -            461 5290                 -            493  2.9e-208  683.4  56.6   1   1  3.2e-208  3.2e-208  683.3  56.6    11   479     1   460     1   461 0.99 -
5290at766_955_0:00021b|OZ308468.1:437167-438562     -            466 5290                 -            493  3.2e-208  683.3  60.8   1   1  3.5e-208  3.5e-208  683.1  60.8     5   477     2   465     1   466 0.99 -
5290at766_2602574_0:00030f|OZ308468.1:437185-438559 -            459 5290                 -            493  4.2e-207  679.6  59.8   1   1  4.7e-207  4.7e-207  679.4  59.8     6   472     2   459     1   459 0.99 -
5290at766_86105_0:00029b|OZ308468.1:437185-438559   -            459 5290                 -            493  4.2e-207  679.6  59.8   1   1  4.7e-207  4.7e-207  679.4  59.8     6   472     2   459     1   459 0.99 -
5290at766_2115978_0:000173|OZ308468.1:437143-440419 -            473 5290                 -            493  4.3e-206  676.3  56.7   1   1  4.8e-206  4.8e-206  676.1  56.7     4   485     2   472     1   473 0.97 -
5290at766_2486578_0:000232|OZ308468.1:437179-440425 -            463 5290                 -            493  1.7e-203  667.7  57.1   1   1  1.9e-203  1.9e-203  667.6  57.1     3   473     3   462     1   463 0.97 -
5290at766_1802984_0:00022a|OZ308468.1:942957-944322 -            456 5290                 -            493   4.6e-39  125.3  51.7   1   1   5.3e-39   5.3e-39  125.1  51.7     4   432    12   452     9   456 0.74 -
#
# Program:         hmmsearch
# Version:         3.4 (Aug 2023)
# Pipeline mode:   SEARCH
# Query file:      /Users/rossoaa/Desktop/dummy/genomes/records/compleasm/mb_downloads/rickettsiales_odb12/hmms/5290at766.hmm
# Target file:     -
# Option settings: /Users/rossoaa/miniconda3/envs/compleasm_env/bin/hmmsearch --domtblout /Users/rossoaa/Desktop/dummy/genomes/records/compleasm/rickettsiales_odb12/hmmer_output/5290at766.out --cpu 1 /Users/rossoaa/Desktop/dummy/genomes/records/compleasm/mb_downloads/rickettsiales_odb12/hmms/5290at766.hmm - 
# Current dir:     /Users/rossoaa/Desktop/dummy/genomes/records/compleasm
# Date:            Tue Feb 10 10:20:20 2026
# [ok]
