#                                                                                                           --- full sequence --- -------------- this domain -------------   hmm coord   ali coord   env coord
# target name                                       accession   tlen query name           accession   qlen   E-value  score  bias   #  of  c-Evalue  i-Evalue  score  bias  from    to  from    to  from    to  acc description of target
#                               ------------------- ---------- ----- -------------------- ---------- ----- --------- ------ ----- --- --- --------- --------- ------ ----- ----- ----- ----- ----- ----- ----- ---- ---------------------
5293at766_1392507_0:0000d2|OZ308468.1:960036-961005 -            324 5293                 -            321    2e-194  635.8   9.2   1   1  2.2e-194  2.2e-194  635.6   9.2     1   320     1   323     1   324 0.98 -
5293at766_696127_0:00010e|OZ308468.1:960036-961005  -            324 5293                 -            321    2e-194  635.8   9.2   1   1  2.2e-194  2.2e-194  635.6   9.2     1   320     1   323     1   324 0.98 -
5293at766_955_0:000197|OZ308468.1:960036-961005     -            324 5293                 -            321    2e-194  635.8   9.2   1   1  2.2e-194  2.2e-194  635.6   9.2     1   320     1   323     1   324 0.98 -
5293at766_1242993_0:0003a6|OZ308468.1:960036-961008 -            325 5293                 -            321    2e-194  635.8   9.2   1   1  2.3e-194  2.3e-194  635.6   9.2     1   320     1   323     1   324 0.98 -
5293at766_1248439_0:000115|OZ308468.1:960036-961008 -            325 5293                 -            321    2e-194  635.8   9.2   1   1  2.3e-194  2.3e-194  635.6   9.2     1   320     1   323     1   324 0.98 -
5293at766_1359163_0:0002e1|OZ308468.1:960036-961008 -            325 5293                 -            321    2e-194  635.8   9.2   1   1  2.3e-194  2.3e-194  635.6   9.2     1   320     1   323     1   324 0.98 -
5293at766_574556_0:0000bb|OZ308468.1:960036-961008  -            325 5293                 -            321    2e-194  635.8   9.2   1   1  2.3e-194  2.3e-194  635.6   9.2     1   320     1   323     1   324 0.98 -
5293at766_779_0:0000a1|OZ308468.1:960036-961008     -            325 5293                 -            321    2e-194  635.8   9.2   1   1  2.3e-194  2.3e-194  635.6   9.2     1   320     1   323     1   324 0.98 -
5293at766_86105_0:0004af|OZ308468.1:960036-961008   -            325 5293                 -            321    2e-194  635.8   9.2   1   1  2.3e-194  2.3e-194  635.6   9.2     1   320     1   323     1   324 0.98 -
5293at766_1359168_0:000233|OZ308468.1:960036-961011 -            326 5293                 -            321    2e-194  635.7   9.2   1   1  2.3e-194  2.3e-194  635.6   9.2     1   320     1   323     1   324 0.98 -
5293at766_1714371_0:00028c|OZ308468.1:960036-961014 -            327 5293                 -            321    2e-194  635.7   9.2   1   1  2.3e-194  2.3e-194  635.5   9.2     1   320     1   323     1   324 0.98 -
5293at766_222891_0:000111|OZ308468.1:960036-961014  -            327 5293                 -            321    2e-194  635.7   9.2   1   1  2.3e-194  2.3e-194  635.5   9.2     1   320     1   323     1   324 0.98 -
5293at766_246273_0:000044|OZ308468.1:960036-961014  -            327 5293                 -            321    2e-194  635.7   9.2   1   1  2.3e-194  2.3e-194  635.5   9.2     1   320     1   323     1   324 0.98 -
5293at766_1105107_0:00006c|OZ308468.1:960036-961017 -            328 5293                 -            321  2.1e-194  635.7   9.2   1   1  2.3e-194  2.3e-194  635.5   9.2     1   320     1   323     1   324 0.98 -
5293at766_2486577_0:0001bc|OZ308468.1:960036-961017 -            328 5293                 -            321  2.1e-194  635.7   9.2   1   1  2.3e-194  2.3e-194  635.5   9.2     1   320     1   323     1   324 0.98 -
5293at766_272947_0:000219|OZ308468.1:960036-961017  -            328 5293                 -            321  2.1e-194  635.7   9.2   1   1  2.3e-194  2.3e-194  635.5   9.2     1   320     1   323     1   324 0.98 -
5293at766_336407_0:0004dc|OZ308468.1:960036-961017  -            328 5293                 -            321  2.1e-194  635.7   9.2   1   1  2.3e-194  2.3e-194  635.5   9.2     1   320     1   323     1   324 0.98 -
5293at766_391036_0:0002aa|OZ308468.1:960036-961017  -            328 5293                 -            321  2.1e-194  635.7   9.2   1   1  2.3e-194  2.3e-194  635.5   9.2     1   320     1   323     1   324 0.98 -
5293at766_1605993_0:000016|OZ308468.1:960036-961023 -            329 5293                 -            321  2.1e-194  635.7   9.2   1   1  2.4e-194  2.4e-194  635.5   9.2     1   320     1   323     1   324 0.98 -
5293at766_169402_0:00014b|OZ308468.1:960036-961020  -            329 5293                 -            321  2.1e-194  635.7   9.2   1   1  2.4e-194  2.4e-194  635.5   9.2     1   320     1   323     1   324 0.98 -
5293at766_1961830_0:0000e0|OZ308468.1:960036-961023 -            329 5293                 -            321  2.1e-194  635.7   9.2   1   1  2.4e-194  2.4e-194  635.5   9.2     1   320     1   323     1   324 0.98 -
5293at766_334380_0:0001f6|OZ308468.1:960036-961020  -            329 5293                 -            321  2.1e-194  635.7   9.2   1   1  2.4e-194  2.4e-194  635.5   9.2     1   320     1   323     1   324 0.98 -
5293at766_481009_0:00025b|OZ308468.1:960036-961023  -            329 5293                 -            321  2.1e-194  635.7   9.2   1   1  2.4e-194  2.4e-194  635.5   9.2     1   320     1   323     1   324 0.98 -
5293at766_752179_0:000112|OZ308468.1:960036-961023  -            329 5293                 -            321  2.1e-194  635.7   9.2   1   1  2.4e-194  2.4e-194  635.5   9.2     1   320     1   323     1   324 0.98 -
5293at766_96496_0:000058|OZ308468.1:960036-961023   -            329 5293                 -            321  2.1e-194  635.7   9.2   1   1  2.4e-194  2.4e-194  635.5   9.2     1   320     1   323     1   324 0.98 -
5293at766_1528098_0:0005fe|OZ308468.1:960036-961002 -            323 5293                 -            321  2.8e-194  635.3   9.1   1   1  3.1e-194  3.1e-194  635.1   9.1     1   319     1   322     1   323 0.98 -
5293at766_2486578_0:000519|OZ308468.1:960036-961002 -            323 5293                 -            321  2.8e-194  635.3   9.1   1   1  3.1e-194  3.1e-194  635.1   9.1     1   319     1   322     1   323 0.98 -
5293at766_1286528_0:000126|OZ308468.1:960036-960999 -            322 5293                 -            321  4.7e-194  634.5   9.0   1   1  5.3e-194  5.3e-194  634.4   9.0     1   319     1   322     1   322 0.98 -
5293at766_2602574_0:0003d3|OZ308468.1:960036-960999 -            322 5293                 -            321  4.7e-194  634.5   9.0   1   1  5.3e-194  5.3e-194  634.4   9.0     1   319     1   322     1   322 0.98 -
5293at766_1274402_0:0003f2|OZ308468.1:960030-960999 -            324 5293                 -            321  4.8e-194  634.5   9.0   1   1  5.4e-194  5.4e-194  634.3   9.0     1   319     3   324     3   324 0.98 -
5293at766_1802984_0:00006a|OZ308468.1:960039-960999 -            321 5293                 -            321  1.9e-193  632.6   8.7   1   1  2.1e-193  2.1e-193  632.4   8.7     2   319     1   321     1   321 0.98 -
5293at766_2115978_0:000405|OZ308468.1:960039-960999 -            321 5293                 -            321  1.9e-193  632.6   8.7   1   1  2.1e-193  2.1e-193  632.4   8.7     2   319     1   321     1   321 0.98 -
#
# Program:         hmmsearch
# Version:         3.4 (Aug 2023)
# Pipeline mode:   SEARCH
# Query file:      /Users/rossoaa/Desktop/dummy/genomes/records/compleasm/mb_downloads/rickettsiales_odb12/hmms/5293at766.hmm
# Target file:     -
# Option settings: /Users/rossoaa/miniconda3/envs/compleasm_env/bin/hmmsearch --domtblout /Users/rossoaa/Desktop/dummy/genomes/records/compleasm/rickettsiales_odb12/hmmer_output/5293at766.out --cpu 1 /Users/rossoaa/Desktop/dummy/genomes/records/compleasm/mb_downloads/rickettsiales_odb12/hmms/5293at766.hmm - 
# Current dir:     /Users/rossoaa/Desktop/dummy/genomes/records/compleasm
# Date:            Tue Feb 10 10:20:23 2026
# [ok]
