#                                                                                                           --- full sequence --- -------------- this domain -------------   hmm coord   ali coord   env coord
# target name                                       accession   tlen query name           accession   qlen   E-value  score  bias   #  of  c-Evalue  i-Evalue  score  bias  from    to  from    to  from    to  acc description of target
#                               ------------------- ---------- ----- -------------------- ---------- ----- --------- ------ ----- --- --- --------- --------- ------ ----- ----- ----- ----- ----- ----- ----- ---- ---------------------
5308at766_1248439_0:000048|OZ308468.1:697650-698676 -            343 5308                 -            342  8.4e-168  549.0   0.6   1   1  9.3e-168  9.3e-168  548.9   0.6     3   341     3   342     1   343 0.98 -
5308at766_1392507_0:000078|OZ308468.1:697650-698679 -            343 5308                 -            342  8.4e-168  549.0   0.6   1   1  9.3e-168  9.3e-168  548.9   0.6     3   341     3   342     1   343 0.98 -
5308at766_142058_0:0002ac|OZ308468.1:697650-698676  -            343 5308                 -            342  8.4e-168  549.0   0.6   1   1  9.3e-168  9.3e-168  548.9   0.6     3   341     3   342     1   343 0.98 -
5308at766_779_0:000376|OZ308468.1:697650-698676     -            343 5308                 -            342  8.4e-168  549.0   0.6   1   1  9.3e-168  9.3e-168  548.9   0.6     3   341     3   342     1   343 0.98 -
5308at766_1242993_0:0000d0|OZ308468.1:697647-698676 -            344 5308                 -            342  8.4e-168  549.0   0.6   1   1  9.4e-168  9.4e-168  548.9   0.6     3   341     4   343     2   344 0.98 -
5308at766_1359163_0:000221|OZ308468.1:697647-698676 -            344 5308                 -            342  8.4e-168  549.0   0.6   1   1  9.4e-168  9.4e-168  548.9   0.6     3   341     4   343     2   344 0.98 -
5308at766_205920_0:00008b|OZ308468.1:697647-698676  -            344 5308                 -            342  8.4e-168  549.0   0.6   1   1  9.4e-168  9.4e-168  548.9   0.6     3   341     4   343     2   344 0.98 -
5308at766_391036_0:000249|OZ308468.1:697647-698676  -            344 5308                 -            342  8.4e-168  549.0   0.6   1   1  9.4e-168  9.4e-168  548.9   0.6     3   341     4   343     2   344 0.98 -
5308at766_169402_0:000122|OZ308468.1:697638-698679  -            347 5308                 -            342  8.6e-168  549.0   0.6   1   1  9.7e-168  9.7e-168  548.8   0.6     3   341     7   346     5   347 0.98 -
5308at766_246273_0:0001b0|OZ308468.1:697638-698679  -            347 5308                 -            342  8.6e-168  549.0   0.6   1   1  9.7e-168  9.7e-168  548.8   0.6     3   341     7   346     5   347 0.98 -
5308at766_955_0:000166|OZ308468.1:697638-698676     -            347 5308                 -            342  8.6e-168  549.0   0.6   1   1  9.7e-168  9.7e-168  548.8   0.6     3   341     7   346     5   347 0.98 -
5308at766_96496_0:000222|OZ308468.1:697638-698679   -            347 5308                 -            342  8.6e-168  549.0   0.6   1   1  9.7e-168  9.7e-168  548.8   0.6     3   341     7   346     5   347 0.98 -
5308at766_1423892_0:0000a5|OZ308468.1:697656-698676 -            341 5308                 -            342  1.4e-167  548.3   0.6   1   1  1.5e-167  1.5e-167  548.2   0.6     5   341     3   340     1   341 0.98 -
5308at766_2602574_0:0000ba|OZ308468.1:697650-698661 -            338 5308                 -            342  1.1e-166  545.4   0.7   1   1  1.2e-166  1.2e-166  545.2   0.7     3   337     3   338     1   338 0.99 -
5308at766_1105107_0:000195|OZ308468.1:697644-698661 -            340 5308                 -            342  1.1e-166  545.4   0.7   1   1  1.2e-166  1.2e-166  545.2   0.7     3   337     5   340     3   340 0.99 -
5308at766_481009_0:0003ff|OZ308468.1:697644-698661  -            340 5308                 -            342  1.1e-166  545.4   0.7   1   1  1.2e-166  1.2e-166  545.2   0.7     3   337     5   340     3   340 0.99 -
5308at766_1961830_0:0002c4|OZ308468.1:697653-698661 -            337 5308                 -            342  1.5e-166  544.9   0.7   1   1  1.6e-166  1.6e-166  544.8   0.7     4   337     3   337     1   337 0.99 -
5308at766_2486577_0:000296|OZ308468.1:697653-698661 -            337 5308                 -            342  1.5e-166  544.9   0.7   1   1  1.6e-166  1.6e-166  544.8   0.7     4   337     3   337     1   337 0.99 -
5308at766_2486578_0:0001cb|OZ308468.1:697653-698661 -            337 5308                 -            342  1.5e-166  544.9   0.7   1   1  1.6e-166  1.6e-166  544.8   0.7     4   337     3   337     1   337 0.99 -
5308at766_272947_0:000147|OZ308468.1:697653-698661  -            337 5308                 -            342  1.5e-166  544.9   0.7   1   1  1.6e-166  1.6e-166  544.8   0.7     4   337     3   337     1   337 0.99 -
5308at766_336407_0:000060|OZ308468.1:697653-698661  -            337 5308                 -            342  1.5e-166  544.9   0.7   1   1  1.6e-166  1.6e-166  544.8   0.7     4   337     3   337     1   337 0.99 -
5308at766_696127_0:000283|OZ308468.1:697653-698661  -            337 5308                 -            342  1.5e-166  544.9   0.7   1   1  1.6e-166  1.6e-166  544.8   0.7     4   337     3   337     1   337 0.99 -
5308at766_2115978_0:00014b|OZ308468.1:697671-698664 -            332 5308                 -            342  2.8e-166  544.0   1.0   1   1  3.1e-166  3.1e-166  543.9   1.0     9   338     2   332     1   332 0.99 -
5308at766_1528098_0:0002d1|OZ308468.1:697692-698676 -            329 5308                 -            342  1.3e-165  541.9   1.0   1   1  1.4e-165  1.4e-165  541.7   1.0    15   341     1   328     1   329 0.99 -
5308at766_1802984_0:000212|OZ308468.1:697653-698655 -            335 5308                 -            342    2e-165  541.3   0.5   1   1  2.2e-165  2.2e-165  541.1   0.5     4   335     3   335     1   335 0.99 -
5308at766_334380_0:00030e|OZ308468.1:697680-698661  -            328 5308                 -            342  2.4e-165  541.0   1.0   1   1  2.6e-165  2.6e-165  540.8   1.0    12   337     2   328     1   328 0.99 -
5308at766_86105_0:00059b|OZ308468.1:697686-698661   -            326 5308                 -            342  6.2e-165  539.6   1.0   1   1  6.9e-165  6.9e-165  539.4   1.0    14   337     2   326     1   326 0.99 -
5308at766_1274402_0:000058|OZ308468.1:697695-698670 -            326 5308                 -            342  6.3e-165  539.6   1.0   1   1    7e-165    7e-165  539.4   1.0    16   339     1   325     1   326 0.99 -
5308at766_1359168_0:000038|OZ308468.1:697692-698661 -            324 5308                 -            342  1.7e-164  538.2   1.0   1   1  1.9e-164  1.9e-164  538.0   1.0    15   337     1   324     1   324 0.99 -
5308at766_752179_0:000276|OZ308468.1:697692-698661  -            324 5308                 -            342  1.7e-164  538.2   1.0   1   1  1.9e-164  1.9e-164  538.0   1.0    15   337     1   324     1   324 0.99 -
5308at766_1286528_0:000240|OZ308468.1:697659-698643 -            329 5308                 -            342  8.4e-163  532.6   0.5   1   1  9.3e-163  9.3e-163  532.4   0.5     7   331     4   329     1   329 0.99 -
5308at766_1714371_0:000297|OZ308468.1:697671-698643 -            325 5308                 -            342  1.9e-162  531.4   0.6   1   1  2.1e-162  2.1e-162  531.3   0.6     9   331     2   325     1   325 0.99 -
5308at766_434131_0:000121|OZ308468.1:697671-698643  -            325 5308                 -            342  1.9e-162  531.4   0.6   1   1  2.1e-162  2.1e-162  531.3   0.6     9   331     2   325     1   325 0.99 -
5308at766_222891_0:000163|OZ308468.1:697657-698643  -            329 5308                 -            342  6.2e-160  523.2   1.0   1   1  7.4e-160  7.4e-160  522.9   1.0    19   331    16   329     6   329 0.99 -
#
# Program:         hmmsearch
# Version:         3.4 (Aug 2023)
# Pipeline mode:   SEARCH
# Query file:      /Users/rossoaa/Desktop/dummy/genomes/records/compleasm/mb_downloads/rickettsiales_odb12/hmms/5308at766.hmm
# Target file:     -
# Option settings: /Users/rossoaa/miniconda3/envs/compleasm_env/bin/hmmsearch --domtblout /Users/rossoaa/Desktop/dummy/genomes/records/compleasm/rickettsiales_odb12/hmmer_output/5308at766.out --cpu 1 /Users/rossoaa/Desktop/dummy/genomes/records/compleasm/mb_downloads/rickettsiales_odb12/hmms/5308at766.hmm - 
# Current dir:     /Users/rossoaa/Desktop/dummy/genomes/records/compleasm
# Date:            Tue Feb 10 10:20:23 2026
# [ok]
