#                                                                                                             --- full sequence --- -------------- this domain -------------   hmm coord   ali coord   env coord
# target name                                         accession   tlen query name           accession   qlen   E-value  score  bias   #  of  c-Evalue  i-Evalue  score  bias  from    to  from    to  from    to  acc description of target
#                                 ------------------- ---------- ----- -------------------- ---------- ----- --------- ------ ----- --- --- --------- --------- ------ ----- ----- ----- ----- ----- ----- ----- ---- ---------------------
5313at766_1605993_0:00027e|OZ308468.1:1086282-1087381 -            366 5313                 -            363  1.3e-187  614.0   5.5   1   1  1.5e-187  1.5e-187  613.8   5.5     3   360     5   364     3   366 0.98 -
5313at766_246273_0:000069|OZ308468.1:1086282-1087381  -            366 5313                 -            363  1.3e-187  614.0   5.5   1   1  1.5e-187  1.5e-187  613.8   5.5     3   360     5   364     3   366 0.98 -
5313at766_96496_0:0001d9|OZ308468.1:1086282-1087381   -            366 5313                 -            363  1.3e-187  614.0   5.5   1   1  1.5e-187  1.5e-187  613.8   5.5     3   360     5   364     3   366 0.98 -
5313at766_1105107_0:0001ce|OZ308468.1:1086288-1087378 -            364 5313                 -            363  1.3e-187  614.0   5.5   1   1  1.5e-187  1.5e-187  613.9   5.5     3   360     3   362     1   364 0.98 -
5313at766_1961830_0:00000e|OZ308468.1:1086288-1087378 -            364 5313                 -            363  1.3e-187  614.0   5.5   1   1  1.5e-187  1.5e-187  613.9   5.5     3   360     3   362     1   364 0.98 -
5313at766_336407_0:000104|OZ308468.1:1086288-1087378  -            364 5313                 -            363  1.3e-187  614.0   5.5   1   1  1.5e-187  1.5e-187  613.9   5.5     3   360     3   362     1   364 0.98 -
5313at766_481009_0:000016|OZ308468.1:1086288-1087378  -            364 5313                 -            363  1.3e-187  614.0   5.5   1   1  1.5e-187  1.5e-187  613.9   5.5     3   360     3   362     1   364 0.98 -
5313at766_752179_0:0001f4|OZ308468.1:1086288-1089903  -            372 5313                 -            363    2e-187  613.4   5.3   1   1  2.3e-187  2.3e-187  613.2   5.3     3   360     3   362     1   365 0.98 -
5313at766_1286528_0:000193|OZ308468.1:1086288-1087372 -            362 5313                 -            363  2.2e-187  613.3   5.3   1   1  2.4e-187  2.4e-187  613.2   5.3     3   359     3   361     1   362 0.98 -
5313at766_1242993_0:000381|OZ308468.1:1086282-1087381 -            366 5313                 -            363  3.6e-187  612.6   5.2   1   1  4.1e-187  4.1e-187  612.4   5.2     3   360     5   364     3   366 0.98 -
5313at766_169402_0:000161|OZ308468.1:1086282-1087378  -            366 5313                 -            363  3.6e-187  612.6   5.2   1   1  4.1e-187  4.1e-187  612.4   5.2     3   360     5   364     3   366 0.98 -
5313at766_205920_0:0001f1|OZ308468.1:1086282-1087381  -            366 5313                 -            363  3.6e-187  612.6   5.2   1   1  4.1e-187  4.1e-187  612.4   5.2     3   360     5   364     3   366 0.98 -
5313at766_391036_0:00031c|OZ308468.1:1086282-1087381  -            366 5313                 -            363  3.6e-187  612.6   5.2   1   1  4.1e-187  4.1e-187  612.4   5.2     3   360     5   364     3   366 0.98 -
5313at766_779_0:000324|OZ308468.1:1086282-1087381     -            366 5313                 -            363  3.6e-187  612.6   5.2   1   1  4.1e-187  4.1e-187  612.4   5.2     3   360     5   364     3   366 0.98 -
5313at766_955_0:0002bf|OZ308468.1:1086282-1087372     -            364 5313                 -            363  5.8e-187  611.9   5.1   1   1  6.7e-187  6.7e-187  611.7   5.1     3   359     5   363     3   364 0.98 -
5313at766_2602574_0:0000de|OZ308468.1:1086288-1087372 -            362 5313                 -            363  5.9e-187  611.9   5.1   1   1  6.5e-187  6.5e-187  611.7   5.1     3   359     3   361     1   362 0.98 -
5313at766_1359168_0:000177|OZ308468.1:1086297-1087372 -            359 5313                 -            363  7.2e-187  611.6   6.1   1   1    8e-187    8e-187  611.4   6.1     5   359     2   358     1   359 0.98 -
5313at766_334380_0:00026b|OZ308468.1:1086297-1087372  -            359 5313                 -            363  7.2e-187  611.6   6.1   1   1    8e-187    8e-187  611.4   6.1     5   359     2   358     1   359 0.98 -
5313at766_434131_0:000011|OZ308468.1:1086318-1087372  -            352 5313                 -            363  1.8e-185  607.0   5.9   1   1    2e-185    2e-185  606.8   5.9    12   359     2   351     1   352 0.98 -
5313at766_86105_0:000644|OZ308468.1:1086321-1087381   -            353 5313                 -            363    2e-185  606.8   6.3   1   1  2.2e-185  2.2e-185  606.7   6.3    12   360     1   351     1   353 0.98 -
5313at766_1714371_0:00002f|OZ308468.1:1086321-1087372 -            351 5313                 -            363  3.3e-185  606.1   6.2   1   1  3.6e-185  3.6e-185  606.0   6.2    12   359     1   350     1   351 0.98 -
5313at766_222891_0:00026b|OZ308468.1:1086321-1087372  -            351 5313                 -            363  3.3e-185  606.1   6.2   1   1  3.6e-185  3.6e-185  606.0   6.2    12   359     1   350     1   351 0.98 -
5313at766_1423892_0:0002d1|OZ308468.1:1086328-1087381 -            351 5313                 -            363  5.4e-182  595.5   4.8   1   1    6e-182    6e-182  595.4   4.8    21   360     8   349     1   351 0.98 -
5313at766_1248439_0:0000be|OZ308468.1:1086349-1087381 -            344 5313                 -            363  1.9e-181  593.8   5.6   1   1  2.1e-181  2.1e-181  593.6   5.6    22   360     2   342     1   344 0.98 -
5313at766_2486577_0:0001ff|OZ308468.1:1086349-1087381 -            344 5313                 -            363  1.9e-181  593.8   5.6   1   1  2.1e-181  2.1e-181  593.6   5.6    22   360     2   342     1   344 0.98 -
5313at766_1274402_0:000091|OZ308468.1:1086352-1087381 -            343 5313                 -            363    4e-181  592.7   5.9   1   1  4.5e-181  4.5e-181  592.5   5.9    23   360     2   341     1   343 0.98 -
5313at766_1359163_0:0001f0|OZ308468.1:1086352-1087372 -            341 5313                 -            363  6.7e-181  592.0   5.9   1   1  7.4e-181  7.4e-181  591.8   5.9    23   359     2   340     1   341 0.98 -
5313at766_2115978_0:000392|OZ308468.1:1086352-1087372 -            341 5313                 -            363  6.7e-181  592.0   5.9   1   1  7.4e-181  7.4e-181  591.8   5.9    23   359     2   340     1   341 0.98 -
5313at766_2486578_0:000396|OZ308468.1:1086358-1087375 -            340 5313                 -            363  3.8e-180  589.5   6.0   1   1  4.2e-180  4.2e-180  589.3   6.0    24   360     1   339     1   340 0.98 -
5313at766_1392507_0:000177|OZ308468.1:1086361-1087372 -            338 5313                 -            363    2e-179  587.1   6.0   1   1  2.3e-179  2.3e-179  586.9   6.0    25   359     1   337     1   338 0.98 -
5313at766_1802984_0:000050|OZ308468.1:1086370-1087372 -            335 5313                 -            363  1.4e-178  584.3   5.4   1   1  1.5e-178  1.5e-178  584.2   5.4    29   359     2   334     1   335 0.98 -
5313at766_272947_0:000252|OZ308468.1:1086487-1087378  -            298 5313                 -            363  4.3e-164  536.7   2.1   1   1  4.7e-164  4.7e-164  536.5   2.1    67   360     1   296     1   298 0.98 -
#
# Program:         hmmsearch
# Version:         3.4 (Aug 2023)
# Pipeline mode:   SEARCH
# Query file:      /Users/rossoaa/Desktop/dummy/genomes/records/compleasm/mb_downloads/rickettsiales_odb12/hmms/5313at766.hmm
# Target file:     -
# Option settings: /Users/rossoaa/miniconda3/envs/compleasm_env/bin/hmmsearch --domtblout /Users/rossoaa/Desktop/dummy/genomes/records/compleasm/rickettsiales_odb12/hmmer_output/5313at766.out --cpu 1 /Users/rossoaa/Desktop/dummy/genomes/records/compleasm/mb_downloads/rickettsiales_odb12/hmms/5313at766.hmm - 
# Current dir:     /Users/rossoaa/Desktop/dummy/genomes/records/compleasm
# Date:            Tue Feb 10 10:20:24 2026
# [ok]
