#                                                                                                            --- full sequence --- -------------- this domain -------------   hmm coord   ali coord   env coord
# target name                                        accession   tlen query name           accession   qlen   E-value  score  bias   #  of  c-Evalue  i-Evalue  score  bias  from    to  from    to  from    to  acc description of target
#                                ------------------- ---------- ----- -------------------- ---------- ----- --------- ------ ----- --- --- --------- --------- ------ ----- ----- ----- ----- ----- ----- ----- ---- ---------------------
531at766_1242993_0:000257|OZ308468.1:1169860-1170235 -            125 531                  -            110   3.1e-58  186.0   9.5   1   1   3.5e-58   3.5e-58  185.8   9.5     1   108     1   123     1   125 0.99 -
531at766_1359163_0:00021a|OZ308468.1:1169860-1170232 -            125 531                  -            110   3.1e-58  186.0   9.5   1   1   3.5e-58   3.5e-58  185.8   9.5     1   108     1   123     1   125 0.99 -
531at766_1423892_0:00011c|OZ308468.1:1169860-1170235 -            125 531                  -            110   3.1e-58  186.0   9.5   1   1   3.5e-58   3.5e-58  185.8   9.5     1   108     1   123     1   125 0.99 -
531at766_1528098_0:000472|OZ308468.1:1169860-1170235 -            125 531                  -            110   3.1e-58  186.0   9.5   1   1   3.5e-58   3.5e-58  185.8   9.5     1   108     1   123     1   125 0.99 -
531at766_1605993_0:00032c|OZ308468.1:1169860-1170235 -            125 531                  -            110   3.1e-58  186.0   9.5   1   1   3.5e-58   3.5e-58  185.8   9.5     1   108     1   123     1   125 0.99 -
531at766_205920_0:0001ef|OZ308468.1:1169860-1170235  -            125 531                  -            110   3.1e-58  186.0   9.5   1   1   3.5e-58   3.5e-58  185.8   9.5     1   108     1   123     1   125 0.99 -
531at766_2115978_0:0003d8|OZ308468.1:1169860-1170235 -            125 531                  -            110   3.1e-58  186.0   9.5   1   1   3.5e-58   3.5e-58  185.8   9.5     1   108     1   123     1   125 0.99 -
531at766_246273_0:0001bf|OZ308468.1:1169860-1170232  -            125 531                  -            110   3.1e-58  186.0   9.5   1   1   3.5e-58   3.5e-58  185.8   9.5     1   108     1   123     1   125 0.99 -
531at766_2486578_0:0000f8|OZ308468.1:1169860-1170235 -            125 531                  -            110   3.1e-58  186.0   9.5   1   1   3.5e-58   3.5e-58  185.8   9.5     1   108     1   123     1   125 0.99 -
531at766_2602574_0:000426|OZ308468.1:1169860-1170232 -            125 531                  -            110   3.1e-58  186.0   9.5   1   1   3.5e-58   3.5e-58  185.8   9.5     1   108     1   123     1   125 0.99 -
531at766_336407_0:000132|OZ308468.1:1169860-1170235  -            125 531                  -            110   3.1e-58  186.0   9.5   1   1   3.5e-58   3.5e-58  185.8   9.5     1   108     1   123     1   125 0.99 -
531at766_391036_0:000161|OZ308468.1:1169860-1170235  -            125 531                  -            110   3.1e-58  186.0   9.5   1   1   3.5e-58   3.5e-58  185.8   9.5     1   108     1   123     1   125 0.99 -
531at766_481009_0:000121|OZ308468.1:1169860-1170235  -            125 531                  -            110   3.1e-58  186.0   9.5   1   1   3.5e-58   3.5e-58  185.8   9.5     1   108     1   123     1   125 0.99 -
531at766_779_0:0000b4|OZ308468.1:1169860-1170235     -            125 531                  -            110   3.1e-58  186.0   9.5   1   1   3.5e-58   3.5e-58  185.8   9.5     1   108     1   123     1   125 0.99 -
531at766_86105_0:0002d1|OZ308468.1:1169860-1170235   -            125 531                  -            110   3.1e-58  186.0   9.5   1   1   3.5e-58   3.5e-58  185.8   9.5     1   108     1   123     1   125 0.99 -
531at766_955_0:00010b|OZ308468.1:1169860-1170232     -            125 531                  -            110   3.1e-58  186.0   9.5   1   1   3.5e-58   3.5e-58  185.8   9.5     1   108     1   123     1   125 0.99 -
531at766_96496_0:000020|OZ308468.1:1169860-1170232   -            125 531                  -            110   3.1e-58  186.0   9.5   1   1   3.5e-58   3.5e-58  185.8   9.5     1   108     1   123     1   125 0.99 -
531at766_1248439_0:000130|OZ308468.1:1169860-1170229 -            124 531                  -            110   4.1e-58  185.6   9.7   1   1   4.7e-58   4.7e-58  185.4   9.7     1   107     1   122     1   124 0.99 -
531at766_1392507_0:0003c1|OZ308468.1:1169860-1170229 -            124 531                  -            110   4.1e-58  185.6   9.7   1   1   4.7e-58   4.7e-58  185.4   9.7     1   107     1   122     1   124 0.99 -
531at766_142058_0:0002c8|OZ308468.1:1169860-1170229  -            124 531                  -            110   4.1e-58  185.6   9.7   1   1   4.7e-58   4.7e-58  185.4   9.7     1   107     1   122     1   124 0.99 -
531at766_169402_0:0000ab|OZ308468.1:1169860-1170229  -            124 531                  -            110   4.1e-58  185.6   9.7   1   1   4.7e-58   4.7e-58  185.4   9.7     1   107     1   122     1   124 0.99 -
531at766_2486577_0:000124|OZ308468.1:1169860-1170229 -            124 531                  -            110   4.1e-58  185.6   9.7   1   1   4.7e-58   4.7e-58  185.4   9.7     1   107     1   122     1   124 0.99 -
531at766_752179_0:00018a|OZ308468.1:1169860-1170229  -            124 531                  -            110   4.1e-58  185.6   9.7   1   1   4.7e-58   4.7e-58  185.4   9.7     1   107     1   122     1   124 0.99 -
531at766_1802984_0:00005f|OZ308468.1:1169860-1170226 -            123 531                  -            110   8.3e-58  184.6  10.4   1   1   9.6e-58   9.6e-58  184.4  10.4     1   107     1   122     1   123 0.99 -
531at766_696127_0:0003f9|OZ308468.1:1169860-1170226  -            123 531                  -            110   8.3e-58  184.6  10.4   1   1   9.6e-58   9.6e-58  184.4  10.4     1   107     1   122     1   123 0.99 -
531at766_1286528_0:00019a|OZ308468.1:1169860-1170223 -            122 531                  -            110   1.8e-57  183.5  10.9   1   1   2.1e-57   2.1e-57  183.3  10.9     1   107     1   122     1   122 0.99 -
531at766_1714371_0:0002e1|OZ308468.1:1169860-1170223 -            122 531                  -            110   1.8e-57  183.5  10.9   1   1   2.1e-57   2.1e-57  183.3  10.9     1   107     1   122     1   122 0.99 -
531at766_222891_0:0001c8|OZ308468.1:1169860-1170223  -            122 531                  -            110   1.8e-57  183.5  10.9   1   1   2.1e-57   2.1e-57  183.3  10.9     1   107     1   122     1   122 0.99 -
531at766_434131_0:0000a0|OZ308468.1:1169860-1170223  -            122 531                  -            110   1.8e-57  183.5  10.9   1   1   2.1e-57   2.1e-57  183.3  10.9     1   107     1   122     1   122 0.99 -
531at766_1274402_0:0003f3|OZ308468.1:1169860-1170214 -            119 531                  -            110   1.7e-56  180.4  10.6   1   1     2e-56     2e-56  180.2  10.6     1   104     1   119     1   119 0.99 -
531at766_1105107_0:000308|OZ308468.1:1169860-1170205 -            116 531                  -            110   5.3e-55  175.6  10.7   1   1   6.1e-55   6.1e-55  175.4  10.7     1   100     1   115     1   116 0.99 -
531at766_1359168_0:00021c|OZ308468.1:1169860-1170205 -            116 531                  -            110   5.3e-55  175.6  10.7   1   1   6.1e-55   6.1e-55  175.4  10.7     1   100     1   115     1   116 0.99 -
531at766_1961830_0:00027c|OZ308468.1:1169860-1170205 -            116 531                  -            110   5.3e-55  175.6  10.7   1   1   6.1e-55   6.1e-55  175.4  10.7     1   100     1   115     1   116 0.99 -
531at766_272947_0:00004d|OZ308468.1:1169860-1170205  -            116 531                  -            110   5.3e-55  175.6  10.7   1   1   6.1e-55   6.1e-55  175.4  10.7     1   100     1   115     1   116 0.99 -
531at766_334380_0:0001a2|OZ308468.1:1169860-1170205  -            116 531                  -            110   5.3e-55  175.6  10.7   1   1   6.1e-55   6.1e-55  175.4  10.7     1   100     1   115     1   116 0.99 -
#
# Program:         hmmsearch
# Version:         3.4 (Aug 2023)
# Pipeline mode:   SEARCH
# Query file:      /Users/rossoaa/Desktop/dummy/genomes/records/compleasm/mb_downloads/rickettsiales_odb12/hmms/531at766.hmm
# Target file:     -
# Option settings: /Users/rossoaa/miniconda3/envs/compleasm_env/bin/hmmsearch --domtblout /Users/rossoaa/Desktop/dummy/genomes/records/compleasm/rickettsiales_odb12/hmmer_output/531at766.out --cpu 1 /Users/rossoaa/Desktop/dummy/genomes/records/compleasm/mb_downloads/rickettsiales_odb12/hmms/531at766.hmm - 
# Current dir:     /Users/rossoaa/Desktop/dummy/genomes/records/compleasm
# Date:            Tue Feb 10 10:20:22 2026
# [ok]
