#                                                                                                           --- full sequence --- -------------- this domain -------------   hmm coord   ali coord   env coord
# target name                                       accession   tlen query name           accession   qlen   E-value  score  bias   #  of  c-Evalue  i-Evalue  score  bias  from    to  from    to  from    to  acc description of target
#                               ------------------- ---------- ----- -------------------- ---------- ----- --------- ------ ----- --- --- --------- --------- ------ ----- ----- ----- ----- ----- ----- ----- ---- ---------------------
5322at766_1802984_0:000058|OZ308468.1:423870-424866 -            333 5322                 -            329    3e-168  549.8   0.1   1   1  3.4e-168  3.4e-168  549.6   0.1     1   328     1   331     1   332 0.98 -
5322at766_246273_0:000152|OZ308468.1:423873-424869  -            333 5322                 -            329    3e-168  549.8   0.1   1   1  3.4e-168  3.4e-168  549.6   0.1     1   328     2   332     2   333 0.98 -
5322at766_696127_0:000179|OZ308468.1:423867-424866  -            334 5322                 -            329    3e-168  549.8   0.1   1   1  3.4e-168  3.4e-168  549.6   0.1     1   328     1   331     1   332 0.98 -
5322at766_1605993_0:000292|OZ308468.1:423867-424869 -            335 5322                 -            329  3.1e-168  549.8   0.1   1   1  3.5e-168  3.5e-168  549.6   0.1     1   328     2   332     2   333 0.98 -
5322at766_1961830_0:000523|OZ308468.1:423870-424872 -            335 5322                 -            329  3.1e-168  549.8   0.1   1   1  3.5e-168  3.5e-168  549.6   0.1     1   328     3   333     3   334 0.98 -
5322at766_2602574_0:000169|OZ308468.1:423864-424866 -            335 5322                 -            329  3.1e-168  549.8   0.1   1   1  3.5e-168  3.5e-168  549.6   0.1     1   328     1   331     1   332 0.98 -
5322at766_2486578_0:0002a7|OZ308468.1:423867-424872 -            336 5322                 -            329  3.1e-168  549.8   0.1   1   1  3.5e-168  3.5e-168  549.6   0.1     1   328     3   333     3   334 0.98 -
5322at766_169402_0:0000ad|OZ308468.1:423864-424869  -            336 5322                 -            329  3.1e-168  549.8   0.1   1   1  3.5e-168  3.5e-168  549.6   0.1     1   328     2   332     2   333 0.98 -
5322at766_955_0:00004b|OZ308468.1:423861-424869     -            336 5322                 -            329  3.1e-168  549.8   0.1   1   1  3.5e-168  3.5e-168  549.6   0.1     1   328     2   332     2   333 0.98 -
5322at766_96496_0:00015c|OZ308468.1:423864-424869   -            336 5322                 -            329  3.1e-168  549.8   0.1   1   1  3.5e-168  3.5e-168  549.6   0.1     1   328     2   332     2   333 0.98 -
5322at766_1105107_0:00010c|OZ308468.1:423861-424872 -            337 5322                 -            329  3.1e-168  549.8   0.1   1   1  3.6e-168  3.6e-168  549.6   0.1     1   328     3   333     3   334 0.98 -
5322at766_1423892_0:000054|OZ308468.1:423867-424878 -            338 5322                 -            329  3.1e-168  549.7   0.1   1   1  3.6e-168  3.6e-168  549.5   0.1     1   328     5   335     5   336 0.98 -
5322at766_391036_0:0001aa|OZ308468.1:423867-424878  -            338 5322                 -            329  3.1e-168  549.7   0.1   1   1  3.6e-168  3.6e-168  549.5   0.1     1   328     5   335     5   336 0.98 -
5322at766_1242993_0:00034a|OZ308468.1:423864-424878 -            339 5322                 -            329  3.2e-168  549.7   0.1   1   1  3.7e-168  3.7e-168  549.5   0.1     1   328     5   335     5   336 0.98 -
5322at766_779_0:00009e|OZ308468.1:423864-424878     -            339 5322                 -            329  3.2e-168  549.7   0.1   1   1  3.7e-168  3.7e-168  549.5   0.1     1   328     5   335     5   336 0.98 -
5322at766_86105_0:000673|OZ308468.1:423876-424872   -            333 5322                 -            329  3.7e-168  549.5   0.1   1   1  4.2e-168  4.2e-168  549.3   0.1     1   327     3   332     3   333 0.98 -
5322at766_1528098_0:0004ab|OZ308468.1:423876-424875 -            334 5322                 -            329  3.8e-168  549.5   0.1   1   1  4.3e-168  4.3e-168  549.3   0.1     1   327     4   333     4   334 0.98 -
5322at766_1274402_0:00026a|OZ308468.1:423876-424887 -            338 5322                 -            329  3.9e-168  549.4   0.1   1   1  4.5e-168  4.5e-168  549.2   0.1     1   327     8   337     8   338 0.98 -
5322at766_1359168_0:00007e|OZ308468.1:423867-424863 -            333 5322                 -            329  6.3e-168  548.7   0.1   1   1  7.2e-168  7.2e-168  548.6   0.1     2   328     1   330     1   331 0.98 -
5322at766_334380_0:000294|OZ308468.1:423867-424863  -            333 5322                 -            329  6.3e-168  548.7   0.1   1   1  7.2e-168  7.2e-168  548.6   0.1     2   328     1   330     1   331 0.98 -
5322at766_205920_0:0000ac|OZ308468.1:423864-424863  -            334 5322                 -            329  6.4e-168  548.7   0.1   1   1  7.3e-168  7.3e-168  548.5   0.1     2   328     1   330     1   331 0.98 -
5322at766_272947_0:0001a6|OZ308468.1:423882-424872  -            331 5322                 -            329  1.4e-167  547.6   0.0   1   1  1.5e-167  1.5e-167  547.5   0.0     1   326     3   331     3   331 0.98 -
5322at766_336407_0:0004d6|OZ308468.1:423882-424872  -            331 5322                 -            329  1.4e-167  547.6   0.0   1   1  1.5e-167  1.5e-167  547.5   0.0     1   326     3   331     3   331 0.98 -
5322at766_481009_0:00028f|OZ308468.1:423882-424872  -            331 5322                 -            329  1.4e-167  547.6   0.0   1   1  1.5e-167  1.5e-167  547.5   0.0     1   326     3   331     3   331 0.98 -
5322at766_1248439_0:0002f2|OZ308468.1:423882-424875 -            332 5322                 -            329  1.4e-167  547.6   0.0   1   1  1.6e-167  1.6e-167  547.5   0.0     1   326     4   332     4   332 0.98 -
5322at766_142058_0:000099|OZ308468.1:423882-424875  -            332 5322                 -            329  1.4e-167  547.6   0.0   1   1  1.6e-167  1.6e-167  547.5   0.0     1   326     4   332     4   332 0.98 -
5322at766_574556_0:000204|OZ308468.1:423882-424875  -            332 5322                 -            329  1.4e-167  547.6   0.0   1   1  1.6e-167  1.6e-167  547.5   0.0     1   326     4   332     4   332 0.98 -
5322at766_1359163_0:0001ee|OZ308468.1:423864-424860 -            333 5322                 -            329  1.9e-167  547.2   0.1   1   1  2.2e-167  2.2e-167  547.0   0.1     3   328     1   329     1   330 0.98 -
5322at766_1392507_0:0002b6|OZ308468.1:423876-424860 -            329 5322                 -            329  2.3e-167  546.9   0.1   1   1  2.6e-167  2.6e-167  546.7   0.1     3   327     1   328     1   329 0.98 -
5322at766_752179_0:0001b9|OZ308468.1:423876-424860  -            329 5322                 -            329  2.3e-167  546.9   0.1   1   1  2.6e-167  2.6e-167  546.7   0.1     3   327     1   328     1   329 0.98 -
5322at766_1286528_0:0000f0|OZ308468.1:423885-424869 -            329 5322                 -            329  2.8e-167  546.6   0.1   1   1  3.1e-167  3.1e-167  546.5   0.1     1   325     2   329     2   329 0.98 -
5322at766_1714371_0:0000aa|OZ308468.1:423885-424869 -            329 5322                 -            329  2.8e-167  546.6   0.1   1   1  3.1e-167  3.1e-167  546.5   0.1     1   325     2   329     2   329 0.98 -
5322at766_222891_0:00029a|OZ308468.1:423885-424869  -            329 5322                 -            329  2.8e-167  546.6   0.1   1   1  3.1e-167  3.1e-167  546.5   0.1     1   325     2   329     2   329 0.98 -
5322at766_434131_0:00000d|OZ308468.1:423885-424869  -            329 5322                 -            329  2.8e-167  546.6   0.1   1   1  3.1e-167  3.1e-167  546.5   0.1     1   325     2   329     2   329 0.98 -
5322at766_2486577_0:00025c|OZ308468.1:423885-424875 -            331 5322                 -            329  2.8e-167  546.6   0.1   1   1  3.2e-167  3.2e-167  546.4   0.1     1   325     4   331     4   331 0.98 -
#
# Program:         hmmsearch
# Version:         3.4 (Aug 2023)
# Pipeline mode:   SEARCH
# Query file:      /Users/rossoaa/Desktop/dummy/genomes/records/compleasm/mb_downloads/rickettsiales_odb12/hmms/5322at766.hmm
# Target file:     -
# Option settings: /Users/rossoaa/miniconda3/envs/compleasm_env/bin/hmmsearch --domtblout /Users/rossoaa/Desktop/dummy/genomes/records/compleasm/rickettsiales_odb12/hmmer_output/5322at766.out --cpu 1 /Users/rossoaa/Desktop/dummy/genomes/records/compleasm/mb_downloads/rickettsiales_odb12/hmms/5322at766.hmm - 
# Current dir:     /Users/rossoaa/Desktop/dummy/genomes/records/compleasm
# Date:            Tue Feb 10 10:20:21 2026
# [ok]
