#                                                                                                           --- full sequence --- -------------- this domain -------------   hmm coord   ali coord   env coord
# target name                                       accession   tlen query name           accession   qlen   E-value  score  bias   #  of  c-Evalue  i-Evalue  score  bias  from    to  from    to  from    to  acc description of target
#                               ------------------- ---------- ----- -------------------- ---------- ----- --------- ------ ----- --- --- --------- --------- ------ ----- ----- ----- ----- ----- ----- ----- ---- ---------------------
5327at766_1105107_0:00016f|OZ308468.1:313205-314474 -            423 5327                 -            402  2.1e-207  679.5   1.8   1   1  3.4e-207  3.4e-207  678.8   1.8     2   402     3   423     2   423 0.94 -
5327at766_1286528_0:000083|OZ308468.1:313205-314471 -            423 5327                 -            402  2.1e-207  679.5   1.8   1   1  3.4e-207  3.4e-207  678.8   1.8     2   402     3   423     2   423 0.94 -
5327at766_1605993_0:000309|OZ308468.1:313205-314474 -            423 5327                 -            402  2.1e-207  679.5   1.8   1   1  3.4e-207  3.4e-207  678.8   1.8     2   402     3   423     2   423 0.94 -
5327at766_169402_0:0003eb|OZ308468.1:313205-314474  -            423 5327                 -            402  2.1e-207  679.5   1.8   1   1  3.4e-207  3.4e-207  678.8   1.8     2   402     3   423     2   423 0.94 -
5327at766_1714371_0:000272|OZ308468.1:313205-314471 -            423 5327                 -            402  2.1e-207  679.5   1.8   1   1  3.4e-207  3.4e-207  678.8   1.8     2   402     3   423     2   423 0.94 -
5327at766_1802984_0:0000a5|OZ308468.1:313205-314474 -            423 5327                 -            402  2.1e-207  679.5   1.8   1   1  3.4e-207  3.4e-207  678.8   1.8     2   402     3   423     2   423 0.94 -
5327at766_1961830_0:000044|OZ308468.1:313205-314474 -            423 5327                 -            402  2.1e-207  679.5   1.8   1   1  3.4e-207  3.4e-207  678.8   1.8     2   402     3   423     2   423 0.94 -
5327at766_222891_0:0000c1|OZ308468.1:313205-314471  -            423 5327                 -            402  2.1e-207  679.5   1.8   1   1  3.4e-207  3.4e-207  678.8   1.8     2   402     3   423     2   423 0.94 -
5327at766_246273_0:00012a|OZ308468.1:313205-314474  -            423 5327                 -            402  2.1e-207  679.5   1.8   1   1  3.4e-207  3.4e-207  678.8   1.8     2   402     3   423     2   423 0.94 -
5327at766_272947_0:0000ce|OZ308468.1:313205-314474  -            423 5327                 -            402  2.1e-207  679.5   1.8   1   1  3.4e-207  3.4e-207  678.8   1.8     2   402     3   423     2   423 0.94 -
5327at766_336407_0:000319|OZ308468.1:313205-314474  -            423 5327                 -            402  2.1e-207  679.5   1.8   1   1  3.4e-207  3.4e-207  678.8   1.8     2   402     3   423     2   423 0.94 -
5327at766_434131_0:00007f|OZ308468.1:313205-314471  -            423 5327                 -            402  2.1e-207  679.5   1.8   1   1  3.4e-207  3.4e-207  678.8   1.8     2   402     3   423     2   423 0.94 -
5327at766_481009_0:000266|OZ308468.1:313205-314474  -            423 5327                 -            402  2.1e-207  679.5   1.8   1   1  3.4e-207  3.4e-207  678.8   1.8     2   402     3   423     2   423 0.94 -
5327at766_752179_0:00034b|OZ308468.1:313205-314471  -            423 5327                 -            402  2.1e-207  679.5   1.8   1   1  3.4e-207  3.4e-207  678.8   1.8     2   402     3   423     2   423 0.94 -
5327at766_1528098_0:0003da|OZ308468.1:313208-314474 -            422 5327                 -            402  2.1e-207  679.5   1.8   1   1  3.3e-207  3.3e-207  678.8   1.8     2   402     2   422     1   422 0.94 -
5327at766_2115978_0:000401|OZ308468.1:313208-314474 -            422 5327                 -            402  2.1e-207  679.5   1.8   1   1  3.3e-207  3.3e-207  678.8   1.8     2   402     2   422     1   422 0.94 -
5327at766_2486577_0:00000e|OZ308468.1:313208-314474 -            422 5327                 -            402  2.1e-207  679.5   1.8   1   1  3.3e-207  3.3e-207  678.8   1.8     2   402     2   422     1   422 0.94 -
5327at766_2486578_0:00029d|OZ308468.1:313208-314474 -            422 5327                 -            402  2.1e-207  679.5   1.8   1   1  3.3e-207  3.3e-207  678.8   1.8     2   402     2   422     1   422 0.94 -
5327at766_2602574_0:00034c|OZ308468.1:313208-314474 -            422 5327                 -            402  2.1e-207  679.5   1.8   1   1  3.3e-207  3.3e-207  678.8   1.8     2   402     2   422     1   422 0.94 -
5327at766_334380_0:00001d|OZ308468.1:313208-314471  -            422 5327                 -            402  2.1e-207  679.5   1.8   1   1  3.3e-207  3.3e-207  678.8   1.8     2   402     2   422     1   422 0.94 -
5327at766_696127_0:00020f|OZ308468.1:313208-314474  -            422 5327                 -            402  2.1e-207  679.5   1.8   1   1  3.3e-207  3.3e-207  678.8   1.8     2   402     2   422     1   422 0.94 -
5327at766_86105_0:0003a3|OZ308468.1:313208-314474   -            422 5327                 -            402  2.1e-207  679.5   1.8   1   1  3.3e-207  3.3e-207  678.8   1.8     2   402     2   422     1   422 0.94 -
5327at766_1242993_0:0000b4|OZ308468.1:313211-314474 -            421 5327                 -            402  3.9e-207  678.6   1.8   1   1  6.3e-207  6.3e-207  677.9   1.8     2   402     1   421     1   421 0.94 -
5327at766_1359163_0:00022d|OZ308468.1:313211-314474 -            421 5327                 -            402  3.9e-207  678.6   1.8   1   1  6.3e-207  6.3e-207  677.9   1.8     2   402     1   421     1   421 0.94 -
5327at766_1359168_0:000156|OZ308468.1:313211-314471 -            421 5327                 -            402  3.9e-207  678.6   1.8   1   1  6.3e-207  6.3e-207  677.9   1.8     2   402     1   421     1   421 0.94 -
5327at766_1392507_0:000361|OZ308468.1:313211-314474 -            421 5327                 -            402  3.9e-207  678.6   1.8   1   1  6.3e-207  6.3e-207  677.9   1.8     2   402     1   421     1   421 0.94 -
5327at766_1423892_0:000235|OZ308468.1:313211-314474 -            421 5327                 -            402  3.9e-207  678.6   1.8   1   1  6.3e-207  6.3e-207  677.9   1.8     2   402     1   421     1   421 0.94 -
5327at766_205920_0:00036b|OZ308468.1:313211-314474  -            421 5327                 -            402  3.9e-207  678.6   1.8   1   1  6.3e-207  6.3e-207  677.9   1.8     2   402     1   421     1   421 0.94 -
5327at766_391036_0:000363|OZ308468.1:313211-314474  -            421 5327                 -            402  3.9e-207  678.6   1.8   1   1  6.3e-207  6.3e-207  677.9   1.8     2   402     1   421     1   421 0.94 -
5327at766_779_0:000128|OZ308468.1:313211-314474     -            421 5327                 -            402  3.9e-207  678.6   1.8   1   1  6.3e-207  6.3e-207  677.9   1.8     2   402     1   421     1   421 0.94 -
5327at766_1248439_0:00031b|OZ308468.1:313214-314474 -            420 5327                 -            402  1.8e-206  676.4   2.1   1   1    3e-206    3e-206  675.7   2.1     3   402     1   420     1   420 0.94 -
5327at766_142058_0:00013a|OZ308468.1:313214-314474  -            420 5327                 -            402  1.8e-206  676.4   2.1   1   1    3e-206    3e-206  675.7   2.1     3   402     1   420     1   420 0.94 -
5327at766_574556_0:0001dd|OZ308468.1:313214-314474  -            420 5327                 -            402  1.8e-206  676.4   2.1   1   1    3e-206    3e-206  675.7   2.1     3   402     1   420     1   420 0.94 -
5327at766_1274402_0:00030e|OZ308468.1:313208-314462 -            419 5327                 -            402  1.9e-206  676.3   1.6   1   1  3.1e-206  3.1e-206  675.6   1.6     2   399     2   419     1   419 0.94 -
5327at766_96496_0:000198|OZ308468.1:313757-314471   -            239 5327                 -            402  1.6e-134  439.5   0.3   1   1  1.8e-134  1.8e-134  439.3   0.3   166   402     1   239     1   239 0.99 -
#
# Program:         hmmsearch
# Version:         3.4 (Aug 2023)
# Pipeline mode:   SEARCH
# Query file:      /Users/rossoaa/Desktop/dummy/genomes/records/compleasm/mb_downloads/rickettsiales_odb12/hmms/5327at766.hmm
# Target file:     -
# Option settings: /Users/rossoaa/miniconda3/envs/compleasm_env/bin/hmmsearch --domtblout /Users/rossoaa/Desktop/dummy/genomes/records/compleasm/rickettsiales_odb12/hmmer_output/5327at766.out --cpu 1 /Users/rossoaa/Desktop/dummy/genomes/records/compleasm/mb_downloads/rickettsiales_odb12/hmms/5327at766.hmm - 
# Current dir:     /Users/rossoaa/Desktop/dummy/genomes/records/compleasm
# Date:            Tue Feb 10 10:20:24 2026
# [ok]
