#                                                                                                           --- full sequence --- -------------- this domain -------------   hmm coord   ali coord   env coord
# target name                                       accession   tlen query name           accession   qlen   E-value  score  bias   #  of  c-Evalue  i-Evalue  score  bias  from    to  from    to  from    to  acc description of target
#                               ------------------- ---------- ----- -------------------- ---------- ----- --------- ------ ----- --- --- --------- --------- ------ ----- ----- ----- ----- ----- ----- ----- ---- ---------------------
5341at766_2486578_0:000118|OZ308468.1:498514-499528 -            339 5341                 -            339    4e-198  648.5   6.5   1   1  4.5e-198  4.5e-198  648.3   6.5     2   338     2   338     1   339 0.99 -
5341at766_752179_0:00037b|OZ308468.1:498514-499528  -            339 5341                 -            339    4e-198  648.5   6.5   1   1  4.5e-198  4.5e-198  648.3   6.5     2   338     2   338     1   339 0.99 -
5341at766_2115978_0:0003c6|OZ308468.1:498508-499534 -            343 5341                 -            339  4.1e-198  648.5   6.5   1   1  4.7e-198  4.7e-198  648.3   6.5     2   338     4   340     3   341 0.99 -
5341at766_1105107_0:000048|OZ308468.1:498505-499528 -            342 5341                 -            339  4.1e-198  648.5   6.5   1   1  4.6e-198  4.6e-198  648.3   6.5     2   338     5   341     4   342 0.99 -
5341at766_336407_0:0003ae|OZ308468.1:498505-499528  -            342 5341                 -            339  4.1e-198  648.5   6.5   1   1  4.6e-198  4.6e-198  648.3   6.5     2   338     5   341     4   342 0.99 -
5341at766_1528098_0:000191|OZ308468.1:498514-499549 -            346 5341                 -            339  4.3e-198  648.4   6.5   1   1  4.8e-198  4.8e-198  648.2   6.5     2   338     2   338     1   339 0.99 -
5341at766_955_0:0002b1|OZ308468.1:498514-499552     -            346 5341                 -            339  4.3e-198  648.4   6.5   1   1  4.8e-198  4.8e-198  648.2   6.5     2   338     2   338     1   339 0.99 -
5341at766_1359163_0:0002f9|OZ308468.1:498511-499552 -            347 5341                 -            339  4.3e-198  648.4   6.5   1   1  4.9e-198  4.9e-198  648.2   6.5     2   338     3   339     2   340 0.99 -
5341at766_1802984_0:0000b0|OZ308468.1:498502-499549 -            350 5341                 -            339  4.4e-198  648.4   6.5   1   1  5.1e-198  5.1e-198  648.2   6.5     2   338     6   342     5   343 0.99 -
5341at766_1242993_0:000059|OZ308468.1:498490-499552 -            354 5341                 -            339  4.6e-198  648.3   6.5   1   1  5.3e-198  5.3e-198  648.1   6.5     2   338    10   346     9   347 0.99 -
5341at766_1423892_0:00007f|OZ308468.1:498490-499552 -            354 5341                 -            339  4.6e-198  648.3   6.5   1   1  5.3e-198  5.3e-198  648.1   6.5     2   338    10   346     9   347 0.99 -
5341at766_205920_0:0002eb|OZ308468.1:498490-499552  -            354 5341                 -            339  4.6e-198  648.3   6.5   1   1  5.3e-198  5.3e-198  648.1   6.5     2   338    10   346     9   347 0.99 -
5341at766_391036_0:000102|OZ308468.1:498490-499552  -            354 5341                 -            339  4.6e-198  648.3   6.5   1   1  5.3e-198  5.3e-198  648.1   6.5     2   338    10   346     9   347 0.99 -
5341at766_1248439_0:0001f5|OZ308468.1:498487-499552 -            355 5341                 -            339  4.6e-198  648.3   6.5   1   1  5.4e-198  5.4e-198  648.1   6.5     2   338    11   347    10   348 0.99 -
5341at766_142058_0:0002f8|OZ308468.1:498487-499552  -            355 5341                 -            339  4.6e-198  648.3   6.5   1   1  5.4e-198  5.4e-198  648.1   6.5     2   338    11   347    10   348 0.99 -
5341at766_1605993_0:00020a|OZ308468.1:498487-499552 -            355 5341                 -            339  4.6e-198  648.3   6.5   1   1  5.4e-198  5.4e-198  648.1   6.5     2   338    11   347    10   348 0.99 -
5341at766_169402_0:00009c|OZ308468.1:498487-499552  -            355 5341                 -            339  4.6e-198  648.3   6.5   1   1  5.4e-198  5.4e-198  648.1   6.5     2   338    11   347    10   348 0.99 -
5341at766_246273_0:00003a|OZ308468.1:498487-499552  -            355 5341                 -            339  4.6e-198  648.3   6.5   1   1  5.4e-198  5.4e-198  648.1   6.5     2   338    11   347    10   348 0.99 -
5341at766_96496_0:00023e|OZ308468.1:498487-499552   -            355 5341                 -            339  4.6e-198  648.3   6.5   1   1  5.4e-198  5.4e-198  648.1   6.5     2   338    11   347    10   348 0.99 -
5341at766_574556_0:0000a0|OZ308468.1:498484-499552  -            356 5341                 -            339  4.7e-198  648.3   6.5   1   1  5.4e-198  5.4e-198  648.1   6.5     2   338    12   348    11   349 0.99 -
5341at766_1961830_0:0000ff|OZ308468.1:498517-499528 -            338 5341                 -            339  7.8e-198  647.5   6.5   1   1  8.7e-198  8.7e-198  647.4   6.5     2   338     1   337     1   338 0.99 -
5341at766_334380_0:0004ae|OZ308468.1:498520-499528  -            337 5341                 -            339  2.7e-197  645.8   6.6   1   1    3e-197    3e-197  645.6   6.6     3   338     1   336     1   337 0.99 -
5341at766_779_0:00006e|OZ308468.1:498490-499510     -            341 5341                 -            339    4e-197  645.2   6.5   1   1  4.5e-197  4.5e-197  645.0   6.5     2   330    10   338     9   341 0.99 -
5341at766_1714371_0:0000bf|OZ308468.1:498514-499480 -            323 5341                 -            339  5.5e-196  641.5   6.2   1   1  6.1e-196  6.1e-196  641.3   6.2     2   322     2   322     1   323 1.00 -
5341at766_222891_0:000136|OZ308468.1:498514-499480  -            323 5341                 -            339  5.5e-196  641.5   6.2   1   1  6.1e-196  6.1e-196  641.3   6.2     2   322     2   322     1   323 1.00 -
5341at766_434131_0:000022|OZ308468.1:498514-499480  -            323 5341                 -            339  5.5e-196  641.5   6.2   1   1  6.1e-196  6.1e-196  641.3   6.2     2   322     2   322     1   323 1.00 -
5341at766_696127_0:00047f|OZ308468.1:498514-499480  -            323 5341                 -            339  5.5e-196  641.5   6.2   1   1  6.1e-196  6.1e-196  641.3   6.2     2   322     2   322     1   323 1.00 -
5341at766_86105_0:000166|OZ308468.1:498514-499480   -            323 5341                 -            339  5.5e-196  641.5   6.2   1   1  6.1e-196  6.1e-196  641.3   6.2     2   322     2   322     1   323 1.00 -
5341at766_272947_0:000117|OZ308468.1:498505-499480  -            326 5341                 -            339  5.6e-196  641.4   6.2   1   1  6.3e-196  6.3e-196  641.3   6.2     2   322     5   325     4   326 1.00 -
5341at766_481009_0:000170|OZ308468.1:498505-499480  -            326 5341                 -            339  5.6e-196  641.4   6.2   1   1  6.3e-196  6.3e-196  641.3   6.2     2   322     5   325     4   326 1.00 -
5341at766_1286528_0:0002da|OZ308468.1:498514-499477 -            322 5341                 -            339  8.8e-196  640.8   6.4   1   1  9.8e-196  9.8e-196  640.6   6.4     2   322     2   322     1   322 1.00 -
5341at766_1359168_0:00015c|OZ308468.1:498514-499477 -            322 5341                 -            339  8.8e-196  640.8   6.4   1   1  9.8e-196  9.8e-196  640.6   6.4     2   322     2   322     1   322 1.00 -
5341at766_1392507_0:000231|OZ308468.1:498514-499477 -            322 5341                 -            339  8.8e-196  640.8   6.4   1   1  9.8e-196  9.8e-196  640.6   6.4     2   322     2   322     1   322 1.00 -
5341at766_2486577_0:0001c5|OZ308468.1:498514-499477 -            322 5341                 -            339  8.8e-196  640.8   6.4   1   1  9.8e-196  9.8e-196  640.6   6.4     2   322     2   322     1   322 1.00 -
5341at766_1274402_0:0001d4|OZ308468.1:498484-499477 -            332 5341                 -            339  9.7e-196  640.7   6.4   1   1  1.1e-195  1.1e-195  640.5   6.4     2   322    12   332    11   332 1.00 -
5341at766_2602574_0:00008c|OZ308468.1:498514-499474 -            321 5341                 -            339  2.3e-195  639.4   6.4   1   1  2.5e-195  2.5e-195  639.3   6.4     2   321     2   321     1   321 1.00 -
#
# Program:         hmmsearch
# Version:         3.4 (Aug 2023)
# Pipeline mode:   SEARCH
# Query file:      /Users/rossoaa/Desktop/dummy/genomes/records/compleasm/mb_downloads/rickettsiales_odb12/hmms/5341at766.hmm
# Target file:     -
# Option settings: /Users/rossoaa/miniconda3/envs/compleasm_env/bin/hmmsearch --domtblout /Users/rossoaa/Desktop/dummy/genomes/records/compleasm/rickettsiales_odb12/hmmer_output/5341at766.out --cpu 1 /Users/rossoaa/Desktop/dummy/genomes/records/compleasm/mb_downloads/rickettsiales_odb12/hmms/5341at766.hmm - 
# Current dir:     /Users/rossoaa/Desktop/dummy/genomes/records/compleasm
# Date:            Tue Feb 10 10:20:23 2026
# [ok]
