#                                                                                                           --- full sequence --- -------------- this domain -------------   hmm coord   ali coord   env coord
# target name                                       accession   tlen query name           accession   qlen   E-value  score  bias   #  of  c-Evalue  i-Evalue  score  bias  from    to  from    to  from    to  acc description of target
#                               ------------------- ---------- ----- -------------------- ---------- ----- --------- ------ ----- --- --- --------- --------- ------ ----- ----- ----- ----- ----- ----- ----- ---- ---------------------
5344at766_169402_0:000309|OZ308468.1:604874-605900  -            342 5344                 -            331  8.7e-146  475.7   0.1   1   1  9.6e-146  9.6e-146  475.6   0.1     5   329    12   340     1   342 0.92 -
5344at766_246273_0:0001f4|OZ308468.1:604874-605900  -            342 5344                 -            331  8.7e-146  475.7   0.1   1   1  9.6e-146  9.6e-146  475.6   0.1     5   329    12   340     1   342 0.92 -
5344at766_2486577_0:000009|OZ308468.1:604874-605900 -            342 5344                 -            331  8.7e-146  475.7   0.1   1   1  9.6e-146  9.6e-146  475.6   0.1     5   329    12   340     1   342 0.92 -
5344at766_86105_0:0002ef|OZ308468.1:604874-605900   -            342 5344                 -            331  8.7e-146  475.7   0.1   1   1  9.6e-146  9.6e-146  475.6   0.1     5   329    12   340     1   342 0.92 -
5344at766_955_0:000344|OZ308468.1:604874-605900     -            342 5344                 -            331  8.7e-146  475.7   0.1   1   1  9.6e-146  9.6e-146  475.6   0.1     5   329    12   340     1   342 0.92 -
5344at766_96496_0:000205|OZ308468.1:604874-605900   -            342 5344                 -            331  8.7e-146  475.7   0.1   1   1  9.6e-146  9.6e-146  475.6   0.1     5   329    12   340     1   342 0.92 -
5344at766_1605993_0:0000ad|OZ308468.1:604874-605897 -            341 5344                 -            331    1e-145  475.4   0.2   1   1  1.1e-145  1.1e-145  475.3   0.2     5   329    11   339     1   341 0.92 -
5344at766_1242993_0:000083|OZ308468.1:604883-605900 -            340 5344                 -            331  1.5e-145  474.9   0.2   1   1  1.7e-145  1.7e-145  474.8   0.2     5   328    12   339     1   340 0.92 -
5344at766_1359163_0:00017c|OZ308468.1:604883-605900 -            340 5344                 -            331  1.5e-145  474.9   0.2   1   1  1.7e-145  1.7e-145  474.8   0.2     5   328    12   339     1   340 0.92 -
5344at766_1392507_0:000053|OZ308468.1:604883-605900 -            340 5344                 -            331  1.5e-145  474.9   0.2   1   1  1.7e-145  1.7e-145  474.8   0.2     5   328    12   339     1   340 0.92 -
5344at766_1423892_0:00020d|OZ308468.1:604883-605900 -            340 5344                 -            331  1.5e-145  474.9   0.2   1   1  1.7e-145  1.7e-145  474.8   0.2     5   328    12   339     1   340 0.92 -
5344at766_205920_0:000315|OZ308468.1:604883-605900  -            340 5344                 -            331  1.5e-145  474.9   0.2   1   1  1.7e-145  1.7e-145  474.8   0.2     5   328    12   339     1   340 0.92 -
5344at766_391036_0:0001c3|OZ308468.1:604883-605900  -            340 5344                 -            331  1.5e-145  474.9   0.2   1   1  1.7e-145  1.7e-145  474.8   0.2     5   328    12   339     1   340 0.92 -
5344at766_1714371_0:000034|OZ308468.1:604877-605885 -            337 5344                 -            331    2e-145  474.5   0.1   1   1  2.4e-145  2.4e-145  474.3   0.1     5   329     7   335     2   337 0.96 -
5344at766_2486578_0:000521|OZ308468.1:604874-605885 -            337 5344                 -            331    2e-145  474.5   0.1   1   1  2.4e-145  2.4e-145  474.3   0.1     5   329     7   335     2   337 0.96 -
5344at766_434131_0:0001aa|OZ308468.1:604877-605885  -            337 5344                 -            331    2e-145  474.5   0.1   1   1  2.4e-145  2.4e-145  474.3   0.1     5   329     7   335     2   337 0.96 -
5344at766_2115978_0:0000d8|OZ308468.1:604883-605888 -            336 5344                 -            331  3.2e-145  473.8   0.2   1   1  3.5e-145  3.5e-145  473.7   0.2     5   328     8   335     1   336 0.95 -
5344at766_779_0:000362|OZ308468.1:604889-605900     -            338 5344                 -            331  3.8e-145  473.6   0.2   1   1  4.2e-145  4.2e-145  473.5   0.2     5   326    12   337     1   338 0.92 -
5344at766_1528098_0:0004c3|OZ308468.1:604889-605885 -            333 5344                 -            331  8.5e-145  472.4   0.1   1   1    1e-144    1e-144  472.2   0.1     5   326     7   332     2   333 0.96 -
5344at766_2602574_0:0001b1|OZ308468.1:604889-605885 -            333 5344                 -            331  8.5e-145  472.4   0.1   1   1    1e-144    1e-144  472.2   0.1     5   326     7   332     2   333 0.96 -
5344at766_1802984_0:0000ae|OZ308468.1:604901-605909 -            337 5344                 -            331  2.2e-144  471.1   0.4   1   1  2.5e-144  2.5e-144  470.9   0.4     5   321    15   332     4   337 0.92 -
5344at766_1286528_0:000063|OZ308468.1:604922-605906 -            329 5344                 -            331  8.8e-144  469.1   0.5   1   1  9.9e-144  9.9e-144  468.9   0.5     5   318    14   328     3   329 0.93 -
5344at766_1961830_0:00051c|OZ308468.1:604928-605873 -            316 5344                 -            331  1.2e-142  465.3   0.6   1   1  1.4e-142  1.4e-142  465.2   0.6     5   317     3   316     1   316 0.97 -
5344at766_574556_0:0001cb|OZ308468.1:604877-605780  -            302 5344                 -            331  4.1e-142  463.6   0.6   1   1  4.5e-142  4.5e-142  463.5   0.6    38   329     3   300     1   302 0.97 -
5344at766_222891_0:000188|OZ308468.1:604877-605765  -            297 5344                 -            331    3e-141  460.8   0.9   1   1  3.3e-141  3.3e-141  460.6   0.9    41   329     1   295     1   297 0.97 -
5344at766_1248439_0:0000d3|OZ308468.1:604877-605762 -            296 5344                 -            331    6e-141  459.8   0.8   1   1  6.6e-141  6.6e-141  459.6   0.8    42   329     1   294     1   296 0.97 -
5344at766_142058_0:000306|OZ308468.1:604877-605741  -            289 5344                 -            331  8.8e-139  452.7   0.8   1   1  9.7e-139  9.7e-139  452.5   0.8    50   329     2   287     1   289 0.97 -
5344at766_696127_0:0002b8|OZ308468.1:604910-605753  -            282 5344                 -            331  4.7e-138  450.3   1.6   1   1  5.7e-138  5.7e-138  450.0   1.6    46   320     2   279     1   281 0.98 -
#
# Program:         hmmsearch
# Version:         3.4 (Aug 2023)
# Pipeline mode:   SEARCH
# Query file:      /Users/rossoaa/Desktop/dummy/genomes/records/compleasm/mb_downloads/rickettsiales_odb12/hmms/5344at766.hmm
# Target file:     -
# Option settings: /Users/rossoaa/miniconda3/envs/compleasm_env/bin/hmmsearch --domtblout /Users/rossoaa/Desktop/dummy/genomes/records/compleasm/rickettsiales_odb12/hmmer_output/5344at766.out --cpu 1 /Users/rossoaa/Desktop/dummy/genomes/records/compleasm/mb_downloads/rickettsiales_odb12/hmms/5344at766.hmm - 
# Current dir:     /Users/rossoaa/Desktop/dummy/genomes/records/compleasm
# Date:            Tue Feb 10 10:20:22 2026
# [ok]
