#                                                                                                           --- full sequence --- -------------- this domain -------------   hmm coord   ali coord   env coord
# target name                                       accession   tlen query name           accession   qlen   E-value  score  bias   #  of  c-Evalue  i-Evalue  score  bias  from    to  from    to  from    to  acc description of target
#                               ------------------- ---------- ----- -------------------- ---------- ----- --------- ------ ----- --- --- --------- --------- ------ ----- ----- ----- ----- ----- ----- ----- ---- ---------------------
5352at766_1359168_0:00026b|OZ308468.1:938327-939179 -            285 5352                 -            271    1e-115  376.0   1.7   1   1  1.1e-115  1.1e-115  375.9   1.7     1   270     1   284     1   285 0.92 -
5352at766_334380_0:000416|OZ308468.1:938327-939179  -            285 5352                 -            271    1e-115  376.0   1.7   1   1  1.1e-115  1.1e-115  375.9   1.7     1   270     1   284     1   285 0.92 -
5352at766_2486577_0:00017f|OZ308468.1:938324-939182 -            287 5352                 -            271    1e-115  376.0   1.7   1   1  1.2e-115  1.2e-115  375.8   1.7     1   270     2   285     2   286 0.92 -
5352at766_272947_0:000278|OZ308468.1:938324-939182  -            287 5352                 -            271    1e-115  376.0   1.7   1   1  1.2e-115  1.2e-115  375.8   1.7     1   270     2   285     2   286 0.92 -
5352at766_1105107_0:0000d2|OZ308468.1:938312-939179 -            290 5352                 -            271  1.1e-115  376.0   1.7   1   1  1.2e-115  1.2e-115  375.8   1.7     1   270     1   284     1   285 0.92 -
5352at766_336407_0:0003c3|OZ308468.1:938312-939179  -            290 5352                 -            271  1.1e-115  376.0   1.7   1   1  1.2e-115  1.2e-115  375.8   1.7     1   270     1   284     1   285 0.92 -
5352at766_246273_0:000184|OZ308468.1:938306-939182  -            293 5352                 -            271  1.1e-115  375.9   1.7   1   1  1.3e-115  1.3e-115  375.7   1.7     1   270     2   285     2   286 0.92 -
5352at766_2486578_0:0001f6|OZ308468.1:938306-939179 -            292 5352                 -            271  1.1e-115  375.9   1.7   1   1  1.2e-115  1.2e-115  375.7   1.7     1   270     1   284     1   285 0.92 -
5352at766_1242993_0:000376|OZ308468.1:938303-939179 -            293 5352                 -            271  1.1e-115  375.9   1.7   1   1  1.3e-115  1.3e-115  375.7   1.7     1   270     1   284     1   285 0.92 -
5352at766_1359163_0:00013c|OZ308468.1:938303-939179 -            293 5352                 -            271  1.1e-115  375.9   1.7   1   1  1.3e-115  1.3e-115  375.7   1.7     1   270     1   284     1   285 0.92 -
5352at766_1423892_0:000220|OZ308468.1:938303-939179 -            293 5352                 -            271  1.1e-115  375.9   1.7   1   1  1.3e-115  1.3e-115  375.7   1.7     1   270     1   284     1   285 0.92 -
5352at766_205920_0:0002d4|OZ308468.1:938303-939179  -            293 5352                 -            271  1.1e-115  375.9   1.7   1   1  1.3e-115  1.3e-115  375.7   1.7     1   270     1   284     1   285 0.92 -
5352at766_391036_0:0001da|OZ308468.1:938303-939179  -            293 5352                 -            271  1.1e-115  375.9   1.7   1   1  1.3e-115  1.3e-115  375.7   1.7     1   270     1   284     1   285 0.92 -
5352at766_1605993_0:00002e|OZ308468.1:938300-939182 -            295 5352                 -            271  1.1e-115  375.9   1.7   1   1  1.3e-115  1.3e-115  375.7   1.7     1   270     2   285     2   286 0.92 -
5352at766_779_0:000011|OZ308468.1:938300-939179     -            294 5352                 -            271  1.1e-115  375.9   1.7   1   1  1.3e-115  1.3e-115  375.7   1.7     1   270     1   284     1   285 0.92 -
5352at766_169402_0:0004b8|OZ308468.1:938291-939182  -            297 5352                 -            271  1.2e-115  375.9   1.7   1   1  1.3e-115  1.3e-115  375.7   1.7     1   270     2   285     2   286 0.92 -
5352at766_955_0:00017d|OZ308468.1:938294-939182     -            297 5352                 -            271  1.2e-115  375.9   1.7   1   1  1.3e-115  1.3e-115  375.7   1.7     1   270     2   285     2   286 0.92 -
5352at766_96496_0:0002da|OZ308468.1:938291-939182   -            297 5352                 -            271  1.2e-115  375.9   1.7   1   1  1.3e-115  1.3e-115  375.7   1.7     1   270     2   285     2   286 0.92 -
5352at766_481009_0:0001b4|OZ308468.1:938312-939173  -            288 5352                 -            271  4.1e-115  374.1   1.7   1   1  4.6e-115  4.6e-115  373.9   1.7     3   270     1   282     1   283 0.93 -
5352at766_1248439_0:000180|OZ308468.1:936473-939179 -            299 5352                 -            271  5.6e-115  373.6   1.4   1   1  6.8e-115  6.8e-115  373.3   1.4     1   267     1   281     1   284 0.92 -
5352at766_1392507_0:0002cf|OZ308468.1:938342-939182 -            281 5352                 -            271  1.4e-114  372.3   1.3   1   1  1.6e-114  1.6e-114  372.1   1.3     1   265     2   280     2   281 0.92 -
5352at766_142058_0:000071|OZ308468.1:938342-939179  -            280 5352                 -            271  1.4e-114  372.3   1.3   1   1  1.6e-114  1.6e-114  372.1   1.3     1   265     1   279     1   280 0.92 -
5352at766_574556_0:00032a|OZ308468.1:938342-939179  -            280 5352                 -            271  1.4e-114  372.3   1.3   1   1  1.6e-114  1.6e-114  372.1   1.3     1   265     1   279     1   280 0.92 -
#
# Program:         hmmsearch
# Version:         3.4 (Aug 2023)
# Pipeline mode:   SEARCH
# Query file:      /Users/rossoaa/Desktop/dummy/genomes/records/compleasm/mb_downloads/rickettsiales_odb12/hmms/5352at766.hmm
# Target file:     -
# Option settings: /Users/rossoaa/miniconda3/envs/compleasm_env/bin/hmmsearch --domtblout /Users/rossoaa/Desktop/dummy/genomes/records/compleasm/rickettsiales_odb12/hmmer_output/5352at766.out --cpu 1 /Users/rossoaa/Desktop/dummy/genomes/records/compleasm/mb_downloads/rickettsiales_odb12/hmms/5352at766.hmm - 
# Current dir:     /Users/rossoaa/Desktop/dummy/genomes/records/compleasm
# Date:            Tue Feb 10 10:20:21 2026
# [ok]
