#                                                                                                           --- full sequence --- -------------- this domain -------------   hmm coord   ali coord   env coord
# target name                                       accession   tlen query name           accession   qlen   E-value  score  bias   #  of  c-Evalue  i-Evalue  score  bias  from    to  from    to  from    to  acc description of target
#                               ------------------- ---------- ----- -------------------- ---------- ----- --------- ------ ----- --- --- --------- --------- ------ ----- ----- ----- ----- ----- ----- ----- ---- ---------------------
5371at766_696127_0:00016a|OZ308468.1:315964-316798  -            279 5371                 -            280  3.5e-156  509.6   5.0   1   1  3.9e-156  3.9e-156  509.5   5.0     2   279     2   278     1   279 0.98 -
5371at766_1242993_0:0001b6|OZ308468.1:315961-316798 -            280 5371                 -            280  3.6e-156  509.6   5.0   1   1    4e-156    4e-156  509.4   5.0     2   279     3   279     2   280 0.98 -
5371at766_1359168_0:000065|OZ308468.1:315961-316798 -            280 5371                 -            280  3.6e-156  509.6   5.0   1   1    4e-156    4e-156  509.4   5.0     2   279     3   279     2   280 0.98 -
5371at766_1423892_0:0001bf|OZ308468.1:315961-316798 -            280 5371                 -            280  3.6e-156  509.6   5.0   1   1    4e-156    4e-156  509.4   5.0     2   279     3   279     2   280 0.98 -
5371at766_205920_0:000173|OZ308468.1:315961-316798  -            280 5371                 -            280  3.6e-156  509.6   5.0   1   1    4e-156    4e-156  509.4   5.0     2   279     3   279     2   280 0.98 -
5371at766_334380_0:000421|OZ308468.1:315961-316798  -            280 5371                 -            280  3.6e-156  509.6   5.0   1   1    4e-156    4e-156  509.4   5.0     2   279     3   279     2   280 0.98 -
5371at766_779_0:000182|OZ308468.1:315961-316798     -            280 5371                 -            280  3.6e-156  509.6   5.0   1   1    4e-156    4e-156  509.4   5.0     2   279     3   279     2   280 0.98 -
5371at766_1105107_0:000221|OZ308468.1:315964-316804 -            280 5371                 -            280  3.6e-156  509.6   5.0   1   1    4e-156    4e-156  509.4   5.0     2   279     2   278     1   279 0.98 -
5371at766_1605993_0:0002fd|OZ308468.1:315964-316804 -            280 5371                 -            280  3.6e-156  509.6   5.0   1   1    4e-156    4e-156  509.4   5.0     2   279     2   278     1   279 0.98 -
5371at766_169402_0:000028|OZ308468.1:315964-316804  -            280 5371                 -            280  3.6e-156  509.6   5.0   1   1    4e-156    4e-156  509.4   5.0     2   279     2   278     1   279 0.98 -
5371at766_1961830_0:00045a|OZ308468.1:315964-316804 -            280 5371                 -            280  3.6e-156  509.6   5.0   1   1    4e-156    4e-156  509.4   5.0     2   279     2   278     1   279 0.98 -
5371at766_246273_0:0001b7|OZ308468.1:315964-316804  -            280 5371                 -            280  3.6e-156  509.6   5.0   1   1    4e-156    4e-156  509.4   5.0     2   279     2   278     1   279 0.98 -
5371at766_272947_0:0001b1|OZ308468.1:315964-316801  -            280 5371                 -            280  3.6e-156  509.6   5.0   1   1    4e-156    4e-156  509.4   5.0     2   279     2   278     1   279 0.98 -
5371at766_336407_0:000226|OZ308468.1:315964-316801  -            280 5371                 -            280  3.6e-156  509.6   5.0   1   1    4e-156    4e-156  509.4   5.0     2   279     2   278     1   279 0.98 -
5371at766_434131_0:000101|OZ308468.1:315964-316801  -            280 5371                 -            280  3.6e-156  509.6   5.0   1   1    4e-156    4e-156  509.4   5.0     2   279     2   278     1   279 0.98 -
5371at766_481009_0:00007f|OZ308468.1:315964-316801  -            280 5371                 -            280  3.6e-156  509.6   5.0   1   1    4e-156    4e-156  509.4   5.0     2   279     2   278     1   279 0.98 -
5371at766_96496_0:00019c|OZ308468.1:315964-316804   -            280 5371                 -            280  3.6e-156  509.6   5.0   1   1    4e-156    4e-156  509.4   5.0     2   279     2   278     1   279 0.98 -
5371at766_1248439_0:00002a|OZ308468.1:315970-316798 -            277 5371                 -            280  6.2e-156  508.8   4.6   1   1  6.9e-156  6.9e-156  508.7   4.6     4   279     2   276     1   277 0.98 -
5371at766_1392507_0:0002cd|OZ308468.1:315970-316798 -            277 5371                 -            280  6.2e-156  508.8   4.6   1   1  6.9e-156  6.9e-156  508.7   4.6     4   279     2   276     1   277 0.98 -
5371at766_142058_0:00000c|OZ308468.1:315970-316798  -            277 5371                 -            280  6.2e-156  508.8   4.6   1   1  6.9e-156  6.9e-156  508.7   4.6     4   279     2   276     1   277 0.98 -
5371at766_1359163_0:000199|OZ308468.1:315970-316804 -            278 5371                 -            280  6.2e-156  508.8   4.6   1   1    7e-156    7e-156  508.6   4.6     4   279     2   276     1   277 0.98 -
5371at766_2486577_0:000084|OZ308468.1:315970-316804 -            278 5371                 -            280  6.2e-156  508.8   4.6   1   1    7e-156    7e-156  508.6   4.6     4   279     2   276     1   277 0.98 -
5371at766_1528098_0:00001a|OZ308468.1:315973-316798 -            276 5371                 -            280    1e-155  508.1   4.5   1   1  1.2e-155  1.2e-155  507.9   4.5     4   279     1   275     1   276 0.99 -
5371at766_2115978_0:0000d6|OZ308468.1:315973-316798 -            276 5371                 -            280    1e-155  508.1   4.5   1   1  1.2e-155  1.2e-155  507.9   4.5     4   279     1   275     1   276 0.99 -
5371at766_955_0:0000d5|OZ308468.1:315973-316804     -            277 5371                 -            280  1.1e-155  508.1   4.5   1   1  1.2e-155  1.2e-155  507.9   4.5     4   279     1   275     1   276 0.99 -
5371at766_1274402_0:0000fe|OZ308468.1:315976-316798 -            275 5371                 -            280  2.2e-155  507.0   4.5   1   1  2.5e-155  2.5e-155  506.8   4.5     5   279     1   274     1   275 0.99 -
5371at766_1286528_0:000284|OZ308468.1:315976-316798 -            275 5371                 -            280  2.2e-155  507.0   4.5   1   1  2.5e-155  2.5e-155  506.8   4.5     5   279     1   274     1   275 0.99 -
5371at766_1714371_0:0000fd|OZ308468.1:315976-316798 -            275 5371                 -            280  2.2e-155  507.0   4.5   1   1  2.5e-155  2.5e-155  506.8   4.5     5   279     1   274     1   275 0.99 -
5371at766_222891_0:0002a8|OZ308468.1:315976-316798  -            275 5371                 -            280  2.2e-155  507.0   4.5   1   1  2.5e-155  2.5e-155  506.8   4.5     5   279     1   274     1   275 0.99 -
5371at766_2486578_0:000551|OZ308468.1:315976-316798 -            275 5371                 -            280  2.2e-155  507.0   4.5   1   1  2.5e-155  2.5e-155  506.8   4.5     5   279     1   274     1   275 0.99 -
5371at766_2602574_0:000145|OZ308468.1:315976-316804 -            276 5371                 -            280  2.2e-155  507.0   4.5   1   1  2.5e-155  2.5e-155  506.8   4.5     5   279     1   274     1   275 0.99 -
5371at766_752179_0:0001ec|OZ308468.1:315976-316801  -            276 5371                 -            280  2.2e-155  507.0   4.5   1   1  2.5e-155  2.5e-155  506.8   4.5     5   279     1   274     1   275 0.99 -
5371at766_86105_0:0002f6|OZ308468.1:315976-316804   -            276 5371                 -            280  2.2e-155  507.0   4.5   1   1  2.5e-155  2.5e-155  506.8   4.5     5   279     1   274     1   275 0.99 -
5371at766_1802984_0:0000cc|OZ308468.1:315976-316777 -            268 5371                 -            280  3.2e-152  496.6   5.1   1   1  3.6e-152  3.6e-152  496.5   5.1     5   273     1   268     1   268 0.99 -
#
# Program:         hmmsearch
# Version:         3.4 (Aug 2023)
# Pipeline mode:   SEARCH
# Query file:      /Users/rossoaa/Desktop/dummy/genomes/records/compleasm/mb_downloads/rickettsiales_odb12/hmms/5371at766.hmm
# Target file:     -
# Option settings: /Users/rossoaa/miniconda3/envs/compleasm_env/bin/hmmsearch --domtblout /Users/rossoaa/Desktop/dummy/genomes/records/compleasm/rickettsiales_odb12/hmmer_output/5371at766.out --cpu 1 /Users/rossoaa/Desktop/dummy/genomes/records/compleasm/mb_downloads/rickettsiales_odb12/hmms/5371at766.hmm - 
# Current dir:     /Users/rossoaa/Desktop/dummy/genomes/records/compleasm
# Date:            Tue Feb 10 10:20:22 2026
# [ok]
