#                                                                                                           --- full sequence --- -------------- this domain -------------   hmm coord   ali coord   env coord
# target name                                       accession   tlen query name           accession   qlen   E-value  score  bias   #  of  c-Evalue  i-Evalue  score  bias  from    to  from    to  from    to  acc description of target
#                               ------------------- ---------- ----- -------------------- ---------- ----- --------- ------ ----- --- --- --------- --------- ------ ----- ----- ----- ----- ----- ----- ----- ---- ---------------------
5372at766_1248439_0:000371|OZ308468.1:653787-654624 -            279 5372                 -            283  2.2e-153  500.5   0.2   1   1  2.4e-153  2.4e-153  500.4   0.2     2   277     2   277     1   279 0.99 -
5372at766_1605993_0:000215|OZ308468.1:653787-654624 -            279 5372                 -            283  2.2e-153  500.5   0.2   1   1  2.4e-153  2.4e-153  500.4   0.2     2   277     2   277     1   279 0.99 -
5372at766_169402_0:00052b|OZ308468.1:653787-654624  -            279 5372                 -            283  2.2e-153  500.5   0.2   1   1  2.4e-153  2.4e-153  500.4   0.2     2   277     2   277     1   279 0.99 -
5372at766_246273_0:00024c|OZ308468.1:653787-654624  -            279 5372                 -            283  2.2e-153  500.5   0.2   1   1  2.4e-153  2.4e-153  500.4   0.2     2   277     2   277     1   279 0.99 -
5372at766_86105_0:00031a|OZ308468.1:653787-654624   -            279 5372                 -            283  2.2e-153  500.5   0.2   1   1  2.4e-153  2.4e-153  500.4   0.2     2   277     2   277     1   279 0.99 -
5372at766_955_0:0002fa|OZ308468.1:653787-654624     -            279 5372                 -            283  2.2e-153  500.5   0.2   1   1  2.4e-153  2.4e-153  500.4   0.2     2   277     2   277     1   279 0.99 -
5372at766_96496_0:000170|OZ308468.1:653787-654624   -            279 5372                 -            283  2.2e-153  500.5   0.2   1   1  2.4e-153  2.4e-153  500.4   0.2     2   277     2   277     1   279 0.99 -
5372at766_1359168_0:0002be|OZ308468.1:653787-654618 -            278 5372                 -            283  3.1e-153  500.0   0.2   1   1  3.4e-153  3.4e-153  499.9   0.2     2   277     2   277     1   278 0.99 -
5372at766_1528098_0:000432|OZ308468.1:653790-654624 -            278 5372                 -            283  3.7e-153  499.8   0.2   1   1  4.1e-153  4.1e-153  499.6   0.2     2   277     1   276     1   278 0.99 -
5372at766_1242993_0:00022a|OZ308468.1:653787-654615 -            277 5372                 -            283  4.2e-153  499.6   0.2   1   1  4.7e-153  4.7e-153  499.4   0.2     2   276     2   276     1   277 0.99 -
5372at766_1359163_0:0000ad|OZ308468.1:653787-654615 -            277 5372                 -            283  4.2e-153  499.6   0.2   1   1  4.7e-153  4.7e-153  499.4   0.2     2   276     2   276     1   277 0.99 -
5372at766_1392507_0:0002f5|OZ308468.1:653787-654615 -            277 5372                 -            283  4.2e-153  499.6   0.2   1   1  4.7e-153  4.7e-153  499.4   0.2     2   276     2   276     1   277 0.99 -
5372at766_142058_0:0002c4|OZ308468.1:653787-654615  -            277 5372                 -            283  4.2e-153  499.6   0.2   1   1  4.7e-153  4.7e-153  499.4   0.2     2   276     2   276     1   277 0.99 -
5372at766_1423892_0:0002bb|OZ308468.1:653787-654615 -            277 5372                 -            283  4.2e-153  499.6   0.2   1   1  4.7e-153  4.7e-153  499.4   0.2     2   276     2   276     1   277 0.99 -
5372at766_205920_0:0000c8|OZ308468.1:653787-654615  -            277 5372                 -            283  4.2e-153  499.6   0.2   1   1  4.7e-153  4.7e-153  499.4   0.2     2   276     2   276     1   277 0.99 -
5372at766_334380_0:000367|OZ308468.1:653787-654615  -            277 5372                 -            283  4.2e-153  499.6   0.2   1   1  4.7e-153  4.7e-153  499.4   0.2     2   276     2   276     1   277 0.99 -
5372at766_391036_0:000230|OZ308468.1:653787-654615  -            277 5372                 -            283  4.2e-153  499.6   0.2   1   1  4.7e-153  4.7e-153  499.4   0.2     2   276     2   276     1   277 0.99 -
5372at766_574556_0:000240|OZ308468.1:653787-654615  -            277 5372                 -            283  4.2e-153  499.6   0.2   1   1  4.7e-153  4.7e-153  499.4   0.2     2   276     2   276     1   277 0.99 -
5372at766_779_0:00016c|OZ308468.1:653787-654615     -            277 5372                 -            283  4.2e-153  499.6   0.2   1   1  4.7e-153  4.7e-153  499.4   0.2     2   276     2   276     1   277 0.99 -
5372at766_2115978_0:000424|OZ308468.1:653781-654615 -            279 5372                 -            283  4.3e-153  499.5   0.2   1   1  4.8e-153  4.8e-153  499.4   0.2     2   276     4   278     3   279 0.99 -
5372at766_2486578_0:0005dd|OZ308468.1:653790-654615 -            276 5372                 -            283  7.2e-153  498.8   0.2   1   1    8e-153    8e-153  498.7   0.2     2   276     1   275     1   276 0.99 -
5372at766_1802984_0:0001a2|OZ308468.1:653787-654609 -            275 5372                 -            283  2.9e-152  496.8   0.1   1   1  3.3e-152  3.3e-152  496.7   0.1     2   274     2   274     1   275 0.99 -
5372at766_1105107_0:000224|OZ308468.1:653787-654606 -            274 5372                 -            283  4.6e-152  496.2   0.1   1   1  5.2e-152  5.2e-152  496.0   0.1     2   274     2   274     1   274 1.00 -
5372at766_1961830_0:0003df|OZ308468.1:653787-654606 -            274 5372                 -            283  4.6e-152  496.2   0.1   1   1  5.2e-152  5.2e-152  496.0   0.1     2   274     2   274     1   274 1.00 -
5372at766_2486577_0:0002ea|OZ308468.1:653787-654606 -            274 5372                 -            283  4.6e-152  496.2   0.1   1   1  5.2e-152  5.2e-152  496.0   0.1     2   274     2   274     1   274 1.00 -
5372at766_2602574_0:00032c|OZ308468.1:653787-654606 -            274 5372                 -            283  4.6e-152  496.2   0.1   1   1  5.2e-152  5.2e-152  496.0   0.1     2   274     2   274     1   274 1.00 -
5372at766_272947_0:0001a5|OZ308468.1:653787-654606  -            274 5372                 -            283  4.6e-152  496.2   0.1   1   1  5.2e-152  5.2e-152  496.0   0.1     2   274     2   274     1   274 1.00 -
5372at766_336407_0:000360|OZ308468.1:653787-654606  -            274 5372                 -            283  4.6e-152  496.2   0.1   1   1  5.2e-152  5.2e-152  496.0   0.1     2   274     2   274     1   274 1.00 -
5372at766_481009_0:000463|OZ308468.1:653787-654606  -            274 5372                 -            283  4.6e-152  496.2   0.1   1   1  5.2e-152  5.2e-152  496.0   0.1     2   274     2   274     1   274 1.00 -
5372at766_752179_0:0003fb|OZ308468.1:653787-654606  -            274 5372                 -            283  4.6e-152  496.2   0.1   1   1  5.2e-152  5.2e-152  496.0   0.1     2   274     2   274     1   274 1.00 -
5372at766_696127_0:000277|OZ308468.1:653787-654603  -            273 5372                 -            283  1.2e-151  494.8   0.1   1   1  1.4e-151  1.4e-151  494.6   0.1     2   273     2   273     1   273 1.00 -
5372at766_1286528_0:00003d|OZ308468.1:653802-654615 -            272 5372                 -            283  3.9e-151  493.1   0.1   1   1  4.3e-151  4.3e-151  493.0   0.1     6   276     1   271     1   272 1.00 -
5372at766_1714371_0:000146|OZ308468.1:653802-654615 -            272 5372                 -            283  3.9e-151  493.1   0.1   1   1  4.3e-151  4.3e-151  493.0   0.1     6   276     1   271     1   272 1.00 -
5372at766_222891_0:0000c0|OZ308468.1:653802-654615  -            272 5372                 -            283  3.9e-151  493.1   0.1   1   1  4.3e-151  4.3e-151  493.0   0.1     6   276     1   271     1   272 1.00 -
5372at766_434131_0:000189|OZ308468.1:653802-654615  -            272 5372                 -            283  3.9e-151  493.1   0.1   1   1  4.3e-151  4.3e-151  493.0   0.1     6   276     1   271     1   272 1.00 -
5372at766_1274402_0:00011b|OZ308468.1:653787-654600 -            272 5372                 -            283  1.5e-150  491.2   0.1   1   1  1.7e-150  1.7e-150  491.0   0.1     2   272     2   272     1   272 1.00 -
#
# Program:         hmmsearch
# Version:         3.4 (Aug 2023)
# Pipeline mode:   SEARCH
# Query file:      /Users/rossoaa/Desktop/dummy/genomes/records/compleasm/mb_downloads/rickettsiales_odb12/hmms/5372at766.hmm
# Target file:     -
# Option settings: /Users/rossoaa/miniconda3/envs/compleasm_env/bin/hmmsearch --domtblout /Users/rossoaa/Desktop/dummy/genomes/records/compleasm/rickettsiales_odb12/hmmer_output/5372at766.out --cpu 1 /Users/rossoaa/Desktop/dummy/genomes/records/compleasm/mb_downloads/rickettsiales_odb12/hmms/5372at766.hmm - 
# Current dir:     /Users/rossoaa/Desktop/dummy/genomes/records/compleasm
# Date:            Tue Feb 10 10:20:23 2026
# [ok]
