#                                                                                                           --- full sequence --- -------------- this domain -------------   hmm coord   ali coord   env coord
# target name                                       accession   tlen query name           accession   qlen   E-value  score  bias   #  of  c-Evalue  i-Evalue  score  bias  from    to  from    to  from    to  acc description of target
#                               ------------------- ---------- ----- -------------------- ---------- ----- --------- ------ ----- --- --- --------- --------- ------ ----- ----- ----- ----- ----- ----- ----- ---- ---------------------
5373at766_1242993_0:000087|OZ308468.1:133433-134270 -            280 5373                 -            277    2e-122  397.6   0.3   1   1  2.3e-122  2.3e-122  397.4   0.3     2   276     3   278     2   279 0.99 -
5373at766_1423892_0:00020c|OZ308468.1:133433-134270 -            280 5373                 -            277    2e-122  397.6   0.3   1   1  2.3e-122  2.3e-122  397.4   0.3     2   276     3   278     2   279 0.99 -
5373at766_169402_0:000113|OZ308468.1:133433-134270  -            280 5373                 -            277    2e-122  397.6   0.3   1   1  2.3e-122  2.3e-122  397.4   0.3     2   276     3   278     2   279 0.99 -
5373at766_205920_0:00015e|OZ308468.1:133433-134270  -            280 5373                 -            277    2e-122  397.6   0.3   1   1  2.3e-122  2.3e-122  397.4   0.3     2   276     3   278     2   279 0.99 -
5373at766_391036_0:000043|OZ308468.1:133433-134270  -            280 5373                 -            277    2e-122  397.6   0.3   1   1  2.3e-122  2.3e-122  397.4   0.3     2   276     3   278     2   279 0.99 -
5373at766_779_0:000379|OZ308468.1:133433-134270     -            280 5373                 -            277    2e-122  397.6   0.3   1   1  2.3e-122  2.3e-122  397.4   0.3     2   276     3   278     2   279 0.99 -
5373at766_96496_0:000277|OZ308468.1:133433-134270   -            280 5373                 -            277    2e-122  397.6   0.3   1   1  2.3e-122  2.3e-122  397.4   0.3     2   276     3   278     2   279 0.99 -
5373at766_1359163_0:000147|OZ308468.1:133433-134279 -            283 5373                 -            277  2.1e-122  397.5   0.3   1   1  2.3e-122  2.3e-122  397.3   0.3     2   276     3   278     2   279 0.99 -
5373at766_1605993_0:0001be|OZ308468.1:133433-134282 -            283 5373                 -            277  2.1e-122  397.5   0.3   1   1  2.3e-122  2.3e-122  397.3   0.3     2   276     3   278     2   279 0.99 -
5373at766_246273_0:000378|OZ308468.1:133433-134282  -            283 5373                 -            277  2.1e-122  397.5   0.3   1   1  2.3e-122  2.3e-122  397.3   0.3     2   276     3   278     2   279 0.99 -
5373at766_1248439_0:000256|OZ308468.1:133439-134264 -            276 5373                 -            277  5.7e-122  396.1   0.3   1   1  6.3e-122  6.3e-122  395.9   0.3     2   276     1   276     1   276 0.99 -
5373at766_336407_0:000368|OZ308468.1:133430-134261  -            278 5373                 -            277  7.2e-122  395.7   0.3   1   1  8.2e-122  8.2e-122  395.5   0.3     2   275     4   278     3   278 0.99 -
5373at766_1392507_0:000371|OZ308468.1:133442-134267 -            276 5373                 -            277  9.3e-122  395.4   0.3   1   1    1e-121    1e-121  395.2   0.3     3   276     1   275     1   276 0.99 -
5373at766_142058_0:000334|OZ308468.1:133442-134264  -            275 5373                 -            277  1.4e-121  394.8   0.3   1   1  1.6e-121  1.6e-121  394.6   0.3     3   276     1   275     1   275 0.99 -
5373at766_1714371_0:00002d|OZ308468.1:133442-134264 -            275 5373                 -            277  1.4e-121  394.8   0.3   1   1  1.6e-121  1.6e-121  394.6   0.3     3   276     1   275     1   275 0.99 -
5373at766_955_0:00021d|OZ308468.1:133523-134270     -            250 5373                 -            277  6.9e-114  369.5   0.2   1   1  7.8e-114  7.8e-114  369.4   0.2    29   276     1   248     1   249 0.99 -
5373at766_2486578_0:00011b|OZ308468.1:133409-134171 -            255 5373                 -            277  7.6e-111  359.6   0.2   1   1  8.6e-111  8.6e-111  359.4   0.2     2   245    11   255    10   255 0.99 -
#
# Program:         hmmsearch
# Version:         3.4 (Aug 2023)
# Pipeline mode:   SEARCH
# Query file:      /Users/rossoaa/Desktop/dummy/genomes/records/compleasm/mb_downloads/rickettsiales_odb12/hmms/5373at766.hmm
# Target file:     -
# Option settings: /Users/rossoaa/miniconda3/envs/compleasm_env/bin/hmmsearch --domtblout /Users/rossoaa/Desktop/dummy/genomes/records/compleasm/rickettsiales_odb12/hmmer_output/5373at766.out --cpu 1 /Users/rossoaa/Desktop/dummy/genomes/records/compleasm/mb_downloads/rickettsiales_odb12/hmms/5373at766.hmm - 
# Current dir:     /Users/rossoaa/Desktop/dummy/genomes/records/compleasm
# Date:            Tue Feb 10 10:20:23 2026
# [ok]
