#                                                                                                             --- full sequence --- -------------- this domain -------------   hmm coord   ali coord   env coord
# target name                                         accession   tlen query name           accession   qlen   E-value  score  bias   #  of  c-Evalue  i-Evalue  score  bias  from    to  from    to  from    to  acc description of target
#                                 ------------------- ---------- ----- -------------------- ---------- ----- --------- ------ ----- --- --- --------- --------- ------ ----- ----- ----- ----- ----- ----- ----- ---- ---------------------
5382at766_205920_0:000034|OZ308468.1:1407431-1408292  -            288 5382                 -            275  1.2e-118  386.9   0.4   1   1  1.3e-118  1.3e-118  386.8   0.4     1   275     1   288     1   288 0.95 -
5382at766_205920_0:000034|OZ308468.1:8310-9171        -            288 5382                 -            275  1.2e-118  386.9   0.4   1   1  1.3e-118  1.3e-118  386.8   0.4     1   275     1   288     1   288 0.95 -
5382at766_779_0:0000b5|OZ308468.1:1407431-1408292     -            288 5382                 -            275  1.2e-118  386.9   0.4   1   1  1.3e-118  1.3e-118  386.8   0.4     1   275     1   288     1   288 0.95 -
5382at766_779_0:0000b5|OZ308468.1:8310-9171           -            288 5382                 -            275  1.2e-118  386.9   0.4   1   1  1.3e-118  1.3e-118  386.8   0.4     1   275     1   288     1   288 0.95 -
5382at766_1714371_0:0000b3|OZ308468.1:1407431-1408295 -            289 5382                 -            275  1.2e-118  386.9   0.4   1   1  1.4e-118  1.4e-118  386.7   0.4     1   275     2   289     2   289 0.95 -
5382at766_1714371_0:0000b3|OZ308468.1:8310-9174       -            289 5382                 -            275  1.2e-118  386.9   0.4   1   1  1.4e-118  1.4e-118  386.7   0.4     1   275     2   289     2   289 0.95 -
5382at766_222891_0:00025e|OZ308468.1:1407431-1408295  -            289 5382                 -            275  1.2e-118  386.9   0.4   1   1  1.4e-118  1.4e-118  386.7   0.4     1   275     2   289     2   289 0.95 -
5382at766_222891_0:00025e|OZ308468.1:8310-9174        -            289 5382                 -            275  1.2e-118  386.9   0.4   1   1  1.4e-118  1.4e-118  386.7   0.4     1   275     2   289     2   289 0.95 -
5382at766_434131_0:000100|OZ308468.1:1407431-1408295  -            289 5382                 -            275  1.2e-118  386.9   0.4   1   1  1.4e-118  1.4e-118  386.7   0.4     1   275     2   289     2   289 0.95 -
5382at766_434131_0:000100|OZ308468.1:8310-9174        -            289 5382                 -            275  1.2e-118  386.9   0.4   1   1  1.4e-118  1.4e-118  386.7   0.4     1   275     2   289     2   289 0.95 -
5382at766_1359163_0:00037c|OZ308468.1:1407422-1408292 -            291 5382                 -            275  1.2e-118  386.9   0.4   1   1  1.4e-118  1.4e-118  386.7   0.4     1   275     1   288     1   288 0.95 -
5382at766_1359163_0:00037c|OZ308468.1:8301-9171       -            291 5382                 -            275  1.2e-118  386.9   0.4   1   1  1.4e-118  1.4e-118  386.7   0.4     1   275     1   288     1   288 0.95 -
5382at766_1392507_0:0001ce|OZ308468.1:1407422-1408292 -            291 5382                 -            275  1.2e-118  386.9   0.4   1   1  1.4e-118  1.4e-118  386.7   0.4     1   275     1   288     1   288 0.95 -
5382at766_1392507_0:0001ce|OZ308468.1:8301-9171       -            291 5382                 -            275  1.2e-118  386.9   0.4   1   1  1.4e-118  1.4e-118  386.7   0.4     1   275     1   288     1   288 0.95 -
5382at766_1423892_0:000012|OZ308468.1:1407422-1408292 -            291 5382                 -            275  1.2e-118  386.9   0.4   1   1  1.4e-118  1.4e-118  386.7   0.4     1   275     1   288     1   288 0.95 -
5382at766_1423892_0:000012|OZ308468.1:8301-9171       -            291 5382                 -            275  1.2e-118  386.9   0.4   1   1  1.4e-118  1.4e-118  386.7   0.4     1   275     1   288     1   288 0.95 -
5382at766_2602574_0:000358|OZ308468.1:1407422-1408292 -            291 5382                 -            275  1.2e-118  386.9   0.4   1   1  1.4e-118  1.4e-118  386.7   0.4     1   275     1   288     1   288 0.95 -
5382at766_2602574_0:000358|OZ308468.1:8301-9171       -            291 5382                 -            275  1.2e-118  386.9   0.4   1   1  1.4e-118  1.4e-118  386.7   0.4     1   275     1   288     1   288 0.95 -
5382at766_334380_0:00040d|OZ308468.1:1407422-1408292  -            291 5382                 -            275  1.2e-118  386.9   0.4   1   1  1.4e-118  1.4e-118  386.7   0.4     1   275     1   288     1   288 0.95 -
5382at766_334380_0:00040d|OZ308468.1:8301-9171        -            291 5382                 -            275  1.2e-118  386.9   0.4   1   1  1.4e-118  1.4e-118  386.7   0.4     1   275     1   288     1   288 0.95 -
5382at766_391036_0:0002a0|OZ308468.1:1407422-1408292  -            291 5382                 -            275  1.2e-118  386.9   0.4   1   1  1.4e-118  1.4e-118  386.7   0.4     1   275     1   288     1   288 0.95 -
5382at766_391036_0:0002a0|OZ308468.1:8301-9171        -            291 5382                 -            275  1.2e-118  386.9   0.4   1   1  1.4e-118  1.4e-118  386.7   0.4     1   275     1   288     1   288 0.95 -
5382at766_86105_0:0003d3|OZ308468.1:1407422-1408292   -            291 5382                 -            275  1.2e-118  386.9   0.4   1   1  1.4e-118  1.4e-118  386.7   0.4     1   275     1   288     1   288 0.95 -
5382at766_86105_0:0003d3|OZ308468.1:8301-9171         -            291 5382                 -            275  1.2e-118  386.9   0.4   1   1  1.4e-118  1.4e-118  386.7   0.4     1   275     1   288     1   288 0.95 -
5382at766_1242993_0:000315|OZ308468.1:1407419-1408292 -            292 5382                 -            275  1.3e-118  386.9   0.4   1   1  1.4e-118  1.4e-118  386.7   0.4     1   275     1   288     1   288 0.95 -
5382at766_1242993_0:000315|OZ308468.1:8298-9171       -            292 5382                 -            275  1.3e-118  386.9   0.4   1   1  1.4e-118  1.4e-118  386.7   0.4     1   275     1   288     1   288 0.95 -
5382at766_1605993_0:00002a|OZ308468.1:1407416-1408292 -            292 5382                 -            275  1.3e-118  386.9   0.4   1   1  1.4e-118  1.4e-118  386.7   0.4     1   275     1   288     1   288 0.95 -
5382at766_1605993_0:00002a|OZ308468.1:8295-9171       -            292 5382                 -            275  1.3e-118  386.9   0.4   1   1  1.4e-118  1.4e-118  386.7   0.4     1   275     1   288     1   288 0.95 -
5382at766_169402_0:0003b9|OZ308468.1:1407416-1408292  -            292 5382                 -            275  1.3e-118  386.9   0.4   1   1  1.4e-118  1.4e-118  386.7   0.4     1   275     1   288     1   288 0.95 -
5382at766_169402_0:0003b9|OZ308468.1:8295-9171        -            292 5382                 -            275  1.3e-118  386.9   0.4   1   1  1.4e-118  1.4e-118  386.7   0.4     1   275     1   288     1   288 0.95 -
5382at766_246273_0:0002d7|OZ308468.1:1407416-1408292  -            292 5382                 -            275  1.3e-118  386.9   0.4   1   1  1.4e-118  1.4e-118  386.7   0.4     1   275     1   288     1   288 0.95 -
5382at766_246273_0:0002d7|OZ308468.1:8295-9171        -            292 5382                 -            275  1.3e-118  386.9   0.4   1   1  1.4e-118  1.4e-118  386.7   0.4     1   275     1   288     1   288 0.95 -
5382at766_752179_0:000068|OZ308468.1:1407416-1408292  -            292 5382                 -            275  1.3e-118  386.9   0.4   1   1  1.4e-118  1.4e-118  386.7   0.4     1   275     1   288     1   288 0.95 -
5382at766_752179_0:000068|OZ308468.1:8295-9171        -            292 5382                 -            275  1.3e-118  386.9   0.4   1   1  1.4e-118  1.4e-118  386.7   0.4     1   275     1   288     1   288 0.95 -
5382at766_955_0:000108|OZ308468.1:1407416-1408292     -            292 5382                 -            275  1.3e-118  386.9   0.4   1   1  1.4e-118  1.4e-118  386.7   0.4     1   275     1   288     1   288 0.95 -
5382at766_955_0:000108|OZ308468.1:8295-9171           -            292 5382                 -            275  1.3e-118  386.9   0.4   1   1  1.4e-118  1.4e-118  386.7   0.4     1   275     1   288     1   288 0.95 -
5382at766_1248439_0:000348|OZ308468.1:1407422-1408289 -            290 5382                 -            275  2.9e-118  385.7   0.3   1   1  3.3e-118  3.3e-118  385.5   0.3     3   275     2   287     1   287 0.95 -
5382at766_1248439_0:000348|OZ308468.1:8301-9168       -            290 5382                 -            275  2.9e-118  385.7   0.3   1   1  3.3e-118  3.3e-118  385.5   0.3     3   275     2   287     1   287 0.95 -
5382at766_142058_0:00038c|OZ308468.1:1407422-1408289  -            290 5382                 -            275  2.9e-118  385.7   0.3   1   1  3.3e-118  3.3e-118  385.5   0.3     3   275     2   287     1   287 0.95 -
5382at766_142058_0:00038c|OZ308468.1:8301-9168        -            290 5382                 -            275  2.9e-118  385.7   0.3   1   1  3.3e-118  3.3e-118  385.5   0.3     3   275     2   287     1   287 0.95 -
5382at766_1286528_0:000087|OZ308468.1:1407422-1408286 -            289 5382                 -            275  4.3e-118  385.1   0.3   1   1  4.9e-118  4.9e-118  384.9   0.3     3   275     1   286     1   286 0.95 -
5382at766_1286528_0:000087|OZ308468.1:8301-9165       -            289 5382                 -            275  4.3e-118  385.1   0.3   1   1  4.9e-118  4.9e-118  384.9   0.3     3   275     1   286     1   286 0.95 -
5382at766_1105107_0:000312|OZ308468.1:1407443-1408286 -            282 5382                 -            275    3e-117  382.3   0.3   1   1  3.4e-117  3.4e-117  382.2   0.3     3   270     1   281     1   282 0.95 -
5382at766_1105107_0:000312|OZ308468.1:8322-9165       -            282 5382                 -            275    3e-117  382.3   0.3   1   1  3.4e-117  3.4e-117  382.2   0.3     3   270     1   281     1   282 0.95 -
5382at766_272947_0:00032a|OZ308468.1:1407479-1408286  -            270 5382                 -            275  8.1e-114  371.1   0.3   1   1    9e-114    9e-114  370.9   0.3     3   257     1   268     1   270 0.95 -
5382at766_272947_0:00032a|OZ308468.1:8358-9165        -            270 5382                 -            275  8.1e-114  371.1   0.3   1   1    9e-114    9e-114  370.9   0.3     3   257     1   268     1   270 0.95 -
5382at766_1359168_0:0000c5|OZ308468.1:1407494-1408292 -            267 5382                 -            275  2.1e-113  369.8   0.5   1   1  2.3e-113  2.3e-113  369.6   0.5     1   251     1   264     1   267 0.93 -
5382at766_1359168_0:0000c5|OZ308468.1:8373-9171       -            267 5382                 -            275  2.1e-113  369.8   0.5   1   1  2.3e-113  2.3e-113  369.6   0.5     1   251     1   264     1   267 0.93 -
5382at766_336407_0:000182|OZ308468.1:1407488-1408286  -            267 5382                 -            275  2.7e-113  369.4   0.4   1   1    3e-113    3e-113  369.2   0.4     3   255     1   266     1   267 0.94 -
5382at766_336407_0:000182|OZ308468.1:8367-9165        -            267 5382                 -            275  2.7e-113  369.4   0.4   1   1    3e-113    3e-113  369.2   0.4     3   255     1   266     1   267 0.94 -
5382at766_481009_0:00049c|OZ308468.1:1407530-1408286  -            253 5382                 -            275  2.2e-112  366.4   0.6   1   1  2.6e-112  2.6e-112  366.2   0.6     3   243     1   249     1   252 0.96 -
5382at766_481009_0:00049c|OZ308468.1:8409-9165        -            253 5382                 -            275  2.2e-112  366.4   0.6   1   1  2.6e-112  2.6e-112  366.2   0.6     3   243     1   249     1   252 0.96 -
#
# Program:         hmmsearch
# Version:         3.4 (Aug 2023)
# Pipeline mode:   SEARCH
# Query file:      /Users/rossoaa/Desktop/dummy/genomes/records/compleasm/mb_downloads/rickettsiales_odb12/hmms/5382at766.hmm
# Target file:     -
# Option settings: /Users/rossoaa/miniconda3/envs/compleasm_env/bin/hmmsearch --domtblout /Users/rossoaa/Desktop/dummy/genomes/records/compleasm/rickettsiales_odb12/hmmer_output/5382at766.out --cpu 1 /Users/rossoaa/Desktop/dummy/genomes/records/compleasm/mb_downloads/rickettsiales_odb12/hmms/5382at766.hmm - 
# Current dir:     /Users/rossoaa/Desktop/dummy/genomes/records/compleasm
# Date:            Tue Feb 10 10:20:22 2026
# [ok]
