#                                                                                                          --- full sequence --- -------------- this domain -------------   hmm coord   ali coord   env coord
# target name                                      accession   tlen query name           accession   qlen   E-value  score  bias   #  of  c-Evalue  i-Evalue  score  bias  from    to  from    to  from    to  acc description of target
#                              ------------------- ---------- ----- -------------------- ---------- ----- --------- ------ ----- --- --- --------- --------- ------ ----- ----- ----- ----- ----- ----- ----- ---- ---------------------
538at766_955_0:0001bb|OZ308468.1:130043-132116     -            692 538                  -            683         0 1329.7   1.0   1   1         0         0 1329.5   1.0     3   681     4   688     2   690 0.98 -
538at766_1605993_0:0001bd|OZ308468.1:130040-132113 -            691 538                  -            683         0 1329.7   1.0   1   1         0         0 1329.5   1.0     3   681     3   687     1   689 0.98 -
538at766_169402_0:000502|OZ308468.1:130040-132113  -            691 538                  -            683         0 1329.7   1.0   1   1         0         0 1329.5   1.0     3   681     3   687     1   689 0.98 -
538at766_336407_0:0002b7|OZ308468.1:130043-132113  -            691 538                  -            683         0 1329.7   1.0   1   1         0         0 1329.5   1.0     3   681     3   687     1   689 0.98 -
538at766_246273_0:00009c|OZ308468.1:130046-132113  -            690 538                  -            683         0 1329.7   1.0   1   1         0         0 1329.5   1.0     3   681     3   687     1   689 0.98 -
538at766_96496_0:0001c6|OZ308468.1:130046-132113   -            690 538                  -            683         0 1329.7   1.0   1   1         0         0 1329.5   1.0     3   681     3   687     1   689 0.98 -
538at766_1242993_0:0000fa|OZ308468.1:130046-132119 -            692 538                  -            683         0 1329.7   1.0   1   1         0         0 1329.5   1.0     3   681     5   689     3   691 0.98 -
538at766_1423892_0:000239|OZ308468.1:130046-132119 -            692 538                  -            683         0 1329.7   1.0   1   1         0         0 1329.5   1.0     3   681     5   689     3   691 0.98 -
538at766_205920_0:000208|OZ308468.1:130046-132119  -            692 538                  -            683         0 1329.7   1.0   1   1         0         0 1329.5   1.0     3   681     5   689     3   691 0.98 -
538at766_391036_0:000260|OZ308468.1:130046-132119  -            692 538                  -            683         0 1329.7   1.0   1   1         0         0 1329.5   1.0     3   681     5   689     3   691 0.98 -
538at766_779_0:000297|OZ308468.1:130049-132119     -            691 538                  -            683         0 1329.7   1.0   1   1         0         0 1329.5   1.0     3   681     5   689     3   691 0.98 -
538at766_1961830_0:0003fe|OZ308468.1:130043-132110 -            690 538                  -            683         0 1329.4   0.9   1   1         0         0 1329.2   0.9     5   681     4   686     1   688 0.98 -
538at766_1286528_0:00024b|OZ308468.1:130055-132113 -            687 538                  -            683         0 1328.6   1.0   1   1         0         0 1328.5   1.0     3   680     3   686     1   687 0.98 -
538at766_1802984_0:00025e|OZ308468.1:130055-132119 -            689 538                  -            683         0 1328.6   1.0   1   1         0         0 1328.5   1.0     3   680     5   688     3   689 0.98 -
538at766_2602574_0:00032e|OZ308468.1:130055-132122 -            690 538                  -            683         0 1328.6   1.0   1   1         0         0 1328.5   1.0     3   680     6   689     4   690 0.98 -
538at766_1274402_0:000304|OZ308468.1:130043-132101 -            687 538                  -            683         0 1328.5   0.8   1   1         0         0 1328.3   0.8     5   681     1   683     1   685 0.98 -
538at766_1359163_0:000227|OZ308468.1:130043-132101 -            687 538                  -            683         0 1328.5   0.8   1   1         0         0 1328.3   0.8     5   681     1   683     1   685 0.98 -
538at766_2115978_0:0001ab|OZ308468.1:130043-132101 -            687 538                  -            683         0 1328.5   0.8   1   1         0         0 1328.3   0.8     5   681     1   683     1   685 0.98 -
538at766_272947_0:0001ec|OZ308468.1:130043-132101  -            687 538                  -            683         0 1328.5   0.8   1   1         0         0 1328.3   0.8     5   681     1   683     1   685 0.98 -
538at766_481009_0:0003c8|OZ308468.1:130043-132101  -            687 538                  -            683         0 1328.5   0.8   1   1         0         0 1328.3   0.8     5   681     1   683     1   685 0.98 -
538at766_1248439_0:0002de|OZ308468.1:130046-132101 -            686 538                  -            683         0 1328.5   0.8   1   1         0         0 1328.4   0.8     5   681     1   683     1   685 0.98 -
538at766_142058_0:00005e|OZ308468.1:130046-132101  -            686 538                  -            683         0 1328.5   0.8   1   1         0         0 1328.4   0.8     5   681     1   683     1   685 0.98 -
538at766_334380_0:00002e|OZ308468.1:130046-132101  -            686 538                  -            683         0 1328.5   0.8   1   1         0         0 1328.4   0.8     5   681     1   683     1   685 0.98 -
538at766_574556_0:000224|OZ308468.1:130046-132101  -            686 538                  -            683         0 1328.5   0.8   1   1         0         0 1328.4   0.8     5   681     1   683     1   685 0.98 -
538at766_752179_0:00014f|OZ308468.1:130046-132101  -            686 538                  -            683         0 1328.5   0.8   1   1         0         0 1328.4   0.8     5   681     1   683     1   685 0.98 -
538at766_86105_0:00064f|OZ308468.1:130046-132101   -            686 538                  -            683         0 1328.5   0.8   1   1         0         0 1328.4   0.8     5   681     1   683     1   685 0.98 -
538at766_1392507_0:0000b9|OZ308468.1:130049-132101 -            685 538                  -            683         0 1328.5   0.8   1   1         0         0 1328.4   0.8     5   681     1   683     1   685 0.98 -
538at766_1714371_0:0001de|OZ308468.1:130055-132107 -            685 538                  -            683         0 1328.0   0.9   1   1         0         0 1327.9   0.9     5   680     3   684     1   685 0.98 -
538at766_222891_0:00022d|OZ308468.1:130055-132107  -            685 538                  -            683         0 1328.0   0.9   1   1         0         0 1327.9   0.9     5   680     3   684     1   685 0.98 -
538at766_1359168_0:0002bf|OZ308468.1:130052-132101 -            684 538                  -            683         0 1327.9   0.8   1   1         0         0 1327.7   0.8     5   681     1   683     1   684 0.98 -
538at766_2486578_0:0004db|OZ308468.1:130055-132101 -            683 538                  -            683         0 1327.5   0.8   1   1         0         0 1327.3   0.8     5   680     1   682     1   683 0.98 -
538at766_1105107_0:0001f4|OZ308468.1:130043-132089 -            683 538                  -            683         0 1323.9   0.9   1   1         0         0 1323.7   0.9     9   681     1   679     1   681 0.98 -
538at766_1528098_0:000525|OZ308468.1:130040-132089 -            683 538                  -            683         0 1323.9   0.9   1   1         0         0 1323.7   0.9     9   681     1   679     1   681 0.98 -
538at766_696127_0:0003f0|OZ308468.1:130043-132089  -            683 538                  -            683         0 1323.9   0.9   1   1         0         0 1323.7   0.9     9   681     1   679     1   681 0.98 -
538at766_2486577_0:00013a|OZ308468.1:130040-132074 -            678 538                  -            683         0 1310.5   0.7   1   1         0         0 1310.4   0.7    14   681     1   674     1   676 0.98 -
#
# Program:         hmmsearch
# Version:         3.4 (Aug 2023)
# Pipeline mode:   SEARCH
# Query file:      /Users/rossoaa/Desktop/dummy/genomes/records/compleasm/mb_downloads/rickettsiales_odb12/hmms/538at766.hmm
# Target file:     -
# Option settings: /Users/rossoaa/miniconda3/envs/compleasm_env/bin/hmmsearch --domtblout /Users/rossoaa/Desktop/dummy/genomes/records/compleasm/rickettsiales_odb12/hmmer_output/538at766.out --cpu 1 /Users/rossoaa/Desktop/dummy/genomes/records/compleasm/mb_downloads/rickettsiales_odb12/hmms/538at766.hmm - 
# Current dir:     /Users/rossoaa/Desktop/dummy/genomes/records/compleasm
# Date:            Tue Feb 10 10:20:23 2026
# [ok]
