#                                                                                                           --- full sequence --- -------------- this domain -------------   hmm coord   ali coord   env coord
# target name                                       accession   tlen query name           accession   qlen   E-value  score  bias   #  of  c-Evalue  i-Evalue  score  bias  from    to  from    to  from    to  acc description of target
#                               ------------------- ---------- ----- -------------------- ---------- ----- --------- ------ ----- --- --- --------- --------- ------ ----- ----- ----- ----- ----- ----- ----- ---- ---------------------
5391at766_1105107_0:0001d7|OZ308468.1:504523-505300 -            260 5391                 -            258  6.6e-149  485.2   0.0   1   1  7.4e-149  7.4e-149  485.1   0.0     1   258     1   259     1   259 0.99 -
5391at766_1605993_0:0001ff|OZ308468.1:504520-505300 -            260 5391                 -            258  6.6e-149  485.2   0.0   1   1  7.4e-149  7.4e-149  485.1   0.0     1   258     1   259     1   259 0.99 -
5391at766_169402_0:000293|OZ308468.1:504523-505300  -            260 5391                 -            258  6.6e-149  485.2   0.0   1   1  7.4e-149  7.4e-149  485.1   0.0     1   258     1   259     1   259 0.99 -
5391at766_1961830_0:000246|OZ308468.1:504523-505300 -            260 5391                 -            258  6.6e-149  485.2   0.0   1   1  7.4e-149  7.4e-149  485.1   0.0     1   258     1   259     1   259 0.99 -
5391at766_246273_0:000370|OZ308468.1:504520-505300  -            260 5391                 -            258  6.6e-149  485.2   0.0   1   1  7.4e-149  7.4e-149  485.1   0.0     1   258     1   259     1   259 0.99 -
5391at766_2486578_0:0002a3|OZ308468.1:504520-505300 -            260 5391                 -            258  6.6e-149  485.2   0.0   1   1  7.4e-149  7.4e-149  485.1   0.0     1   258     1   259     1   259 0.99 -
5391at766_272947_0:000019|OZ308468.1:504523-505300  -            260 5391                 -            258  6.6e-149  485.2   0.0   1   1  7.4e-149  7.4e-149  485.1   0.0     1   258     1   259     1   259 0.99 -
5391at766_336407_0:000186|OZ308468.1:504523-505300  -            260 5391                 -            258  6.6e-149  485.2   0.0   1   1  7.4e-149  7.4e-149  485.1   0.0     1   258     1   259     1   259 0.99 -
5391at766_481009_0:0002ae|OZ308468.1:504523-505300  -            260 5391                 -            258  6.6e-149  485.2   0.0   1   1  7.4e-149  7.4e-149  485.1   0.0     1   258     1   259     1   259 0.99 -
5391at766_955_0:0001ed|OZ308468.1:504520-505300     -            260 5391                 -            258  6.6e-149  485.2   0.0   1   1  7.4e-149  7.4e-149  485.1   0.0     1   258     1   259     1   259 0.99 -
5391at766_96496_0:0002fe|OZ308468.1:504520-505300   -            260 5391                 -            258  6.6e-149  485.2   0.0   1   1  7.4e-149  7.4e-149  485.1   0.0     1   258     1   259     1   259 0.99 -
5391at766_1286528_0:0000f1|OZ308468.1:504523-505303 -            261 5391                 -            258  6.7e-149  485.2   0.0   1   1  7.5e-149  7.5e-149  485.1   0.0     1   258     2   260     2   260 0.99 -
5391at766_779_0:000231|OZ308468.1:504523-505303     -            261 5391                 -            258  6.7e-149  485.2   0.0   1   1  7.5e-149  7.5e-149  485.1   0.0     1   258     2   260     2   260 0.99 -
5391at766_1528098_0:000430|OZ308468.1:504523-505306 -            262 5391                 -            258  6.8e-149  485.2   0.0   1   1  7.6e-149  7.6e-149  485.0   0.0     1   258     3   261     3   261 0.99 -
5391at766_2486577_0:000034|OZ308468.1:504523-505306 -            262 5391                 -            258  6.8e-149  485.2   0.0   1   1  7.6e-149  7.6e-149  485.0   0.0     1   258     3   261     3   261 0.99 -
5391at766_1392507_0:0003a3|OZ308468.1:504520-505309 -            263 5391                 -            258  6.9e-149  485.2   0.0   1   1  7.8e-149  7.8e-149  485.0   0.0     1   258     4   262     4   262 0.99 -
5391at766_1248439_0:0000fe|OZ308468.1:504520-505312 -            264 5391                 -            258    7e-149  485.2   0.0   1   1  7.9e-149  7.9e-149  485.0   0.0     1   258     5   263     5   263 0.99 -
5391at766_1359163_0:00031e|OZ308468.1:504523-505312 -            264 5391                 -            258    7e-149  485.2   0.0   1   1  7.9e-149  7.9e-149  485.0   0.0     1   258     5   263     5   263 0.99 -
5391at766_2602574_0:0000cd|OZ308468.1:504520-505312 -            264 5391                 -            258    7e-149  485.2   0.0   1   1  7.9e-149  7.9e-149  485.0   0.0     1   258     5   263     5   263 0.99 -
5391at766_574556_0:000230|OZ308468.1:504523-505312  -            264 5391                 -            258    7e-149  485.2   0.0   1   1  7.9e-149  7.9e-149  485.0   0.0     1   258     5   263     5   263 0.99 -
5391at766_86105_0:00008c|OZ308468.1:504520-505312   -            264 5391                 -            258    7e-149  485.2   0.0   1   1  7.9e-149  7.9e-149  485.0   0.0     1   258     5   263     5   263 0.99 -
5391at766_1423892_0:000247|OZ308468.1:504523-505297 -            259 5391                 -            258  1.6e-148  484.0   0.0   1   1  1.8e-148  1.8e-148  483.8   0.0     2   258     1   258     1   258 0.99 -
5391at766_1714371_0:0000c8|OZ308468.1:504523-505297 -            259 5391                 -            258  1.6e-148  484.0   0.0   1   1  1.8e-148  1.8e-148  483.8   0.0     2   258     1   258     1   258 0.99 -
5391at766_205920_0:000332|OZ308468.1:504523-505297  -            259 5391                 -            258  1.6e-148  484.0   0.0   1   1  1.8e-148  1.8e-148  483.8   0.0     2   258     1   258     1   258 0.99 -
5391at766_222891_0:0001ee|OZ308468.1:504523-505297  -            259 5391                 -            258  1.6e-148  484.0   0.0   1   1  1.8e-148  1.8e-148  483.8   0.0     2   258     1   258     1   258 0.99 -
5391at766_696127_0:000282|OZ308468.1:504526-505294  -            257 5391                 -            258  3.4e-148  482.9   0.0   1   1  3.8e-148  3.8e-148  482.8   0.0     3   258     1   257     1   257 0.99 -
5391at766_434131_0:000113|OZ308468.1:504523-505294  -            258 5391                 -            258  3.4e-148  482.9   0.0   1   1  3.8e-148  3.8e-148  482.7   0.0     3   258     1   257     1   257 0.99 -
5391at766_1274402_0:0001c5|OZ308468.1:504547-505294 -            250 5391                 -            258  1.2e-145  474.5   0.0   1   1  1.4e-145  1.4e-145  474.4   0.0     3   251     1   250     1   250 0.99 -
5391at766_752179_0:0002c3|OZ308468.1:504553-505300  -            250 5391                 -            258    2e-145  473.8   0.0   1   1  2.2e-145  2.2e-145  473.7   0.0     1   249     1   250     1   250 0.99 -
5391at766_1359168_0:00004b|OZ308468.1:504553-505294 -            248 5391                 -            258    1e-144  471.5   0.0   1   1  1.1e-144  1.1e-144  471.4   0.0     3   249     1   248     1   248 0.99 -
5391at766_334380_0:0001d6|OZ308468.1:504553-505288  -            246 5391                 -            258  8.5e-144  468.5   0.0   1   1  9.5e-144  9.5e-144  468.3   0.0     5   249     1   246     1   246 0.99 -
5391at766_2115978_0:00047a|OZ308468.1:504523-505261 -            247 5391                 -            258  1.1e-143  468.2   0.0   1   1  1.2e-143  1.2e-143  468.0   0.0    14   258     1   246     1   246 0.99 -
5391at766_1802984_0:00020f|OZ308468.1:504550-505261 -            238 5391                 -            258  1.1e-140  458.3   0.0   1   1  1.2e-140  1.2e-140  458.1   0.0    14   250     1   238     1   238 0.99 -
5391at766_1242993_0:00008b|OZ308468.1:504523-505039 -            173 5391                 -            258     9e-96  311.1   0.0   1   1     1e-95     1e-95  311.0   0.0    88   258     1   172     1   172 0.99 -
#
# Program:         hmmsearch
# Version:         3.4 (Aug 2023)
# Pipeline mode:   SEARCH
# Query file:      /Users/rossoaa/Desktop/dummy/genomes/records/compleasm/mb_downloads/rickettsiales_odb12/hmms/5391at766.hmm
# Target file:     -
# Option settings: /Users/rossoaa/miniconda3/envs/compleasm_env/bin/hmmsearch --domtblout /Users/rossoaa/Desktop/dummy/genomes/records/compleasm/rickettsiales_odb12/hmmer_output/5391at766.out --cpu 1 /Users/rossoaa/Desktop/dummy/genomes/records/compleasm/mb_downloads/rickettsiales_odb12/hmms/5391at766.hmm - 
# Current dir:     /Users/rossoaa/Desktop/dummy/genomes/records/compleasm
# Date:            Tue Feb 10 10:20:23 2026
# [ok]
