#                                                                                                             --- full sequence --- -------------- this domain -------------   hmm coord   ali coord   env coord
# target name                                         accession   tlen query name           accession   qlen   E-value  score  bias   #  of  c-Evalue  i-Evalue  score  bias  from    to  from    to  from    to  acc description of target
#                                 ------------------- ---------- ----- -------------------- ---------- ----- --------- ------ ----- --- --- --------- --------- ------ ----- ----- ----- ----- ----- ----- ----- ---- ---------------------
5398at766_2486577_0:00006e|OZ308468.1:1002128-1002893 -            256 5398                 -            253  2.4e-138  450.6   2.0   1   1  2.7e-138  2.7e-138  450.4   2.0     1   252     2   254     2   255 0.99 -
5398at766_334380_0:0000ff|OZ308468.1:1002128-1002893  -            256 5398                 -            253  2.4e-138  450.6   2.0   1   1  2.7e-138  2.7e-138  450.4   2.0     1   252     2   254     2   255 0.99 -
5398at766_1242993_0:00001d|OZ308468.1:1002131-1002899 -            256 5398                 -            253  2.4e-138  450.6   2.0   1   1  2.7e-138  2.7e-138  450.4   2.0     1   252     1   253     1   254 0.99 -
5398at766_1359163_0:00002c|OZ308468.1:1002131-1002899 -            256 5398                 -            253  2.4e-138  450.6   2.0   1   1  2.7e-138  2.7e-138  450.4   2.0     1   252     1   253     1   254 0.99 -
5398at766_1392507_0:000147|OZ308468.1:1002131-1002899 -            256 5398                 -            253  2.4e-138  450.6   2.0   1   1  2.7e-138  2.7e-138  450.4   2.0     1   252     1   253     1   254 0.99 -
5398at766_1423892_0:00033c|OZ308468.1:1002131-1002899 -            256 5398                 -            253  2.4e-138  450.6   2.0   1   1  2.7e-138  2.7e-138  450.4   2.0     1   252     1   253     1   254 0.99 -
5398at766_205920_0:000269|OZ308468.1:1002131-1002899  -            256 5398                 -            253  2.4e-138  450.6   2.0   1   1  2.7e-138  2.7e-138  450.4   2.0     1   252     1   253     1   254 0.99 -
5398at766_779_0:0001df|OZ308468.1:1002131-1002899     -            256 5398                 -            253  2.4e-138  450.6   2.0   1   1  2.7e-138  2.7e-138  450.4   2.0     1   252     1   253     1   254 0.99 -
5398at766_955_0:0002cb|OZ308468.1:1002131-1002896     -            256 5398                 -            253  2.4e-138  450.6   2.0   1   1  2.7e-138  2.7e-138  450.4   2.0     1   252     1   253     1   254 0.99 -
5398at766_1248439_0:00014c|OZ308468.1:1002128-1002899 -            257 5398                 -            253  2.4e-138  450.6   2.0   1   1  2.8e-138  2.8e-138  450.4   2.0     1   252     2   254     2   255 0.99 -
5398at766_1286528_0:0000ea|OZ308468.1:1002128-1002899 -            257 5398                 -            253  2.4e-138  450.6   2.0   1   1  2.8e-138  2.8e-138  450.4   2.0     1   252     2   254     2   255 0.99 -
5398at766_1359168_0:0000d9|OZ308468.1:1002128-1002899 -            257 5398                 -            253  2.4e-138  450.6   2.0   1   1  2.8e-138  2.8e-138  450.4   2.0     1   252     2   254     2   255 0.99 -
5398at766_142058_0:000138|OZ308468.1:1002128-1002899  -            257 5398                 -            253  2.4e-138  450.6   2.0   1   1  2.8e-138  2.8e-138  450.4   2.0     1   252     2   254     2   255 0.99 -
5398at766_1528098_0:0000ce|OZ308468.1:1002128-1002899 -            257 5398                 -            253  2.4e-138  450.6   2.0   1   1  2.8e-138  2.8e-138  450.4   2.0     1   252     2   254     2   255 0.99 -
5398at766_1714371_0:000111|OZ308468.1:1002128-1002899 -            257 5398                 -            253  2.4e-138  450.6   2.0   1   1  2.8e-138  2.8e-138  450.4   2.0     1   252     2   254     2   255 0.99 -
5398at766_1802984_0:00009d|OZ308468.1:1002128-1002899 -            257 5398                 -            253  2.4e-138  450.6   2.0   1   1  2.8e-138  2.8e-138  450.4   2.0     1   252     2   254     2   255 0.99 -
5398at766_222891_0:0002d0|OZ308468.1:1002128-1002899  -            257 5398                 -            253  2.4e-138  450.6   2.0   1   1  2.8e-138  2.8e-138  450.4   2.0     1   252     2   254     2   255 0.99 -
5398at766_2486578_0:000439|OZ308468.1:1002128-1002899 -            257 5398                 -            253  2.4e-138  450.6   2.0   1   1  2.8e-138  2.8e-138  450.4   2.0     1   252     2   254     2   255 0.99 -
5398at766_434131_0:00029d|OZ308468.1:1002128-1002899  -            257 5398                 -            253  2.4e-138  450.6   2.0   1   1  2.8e-138  2.8e-138  450.4   2.0     1   252     2   254     2   255 0.99 -
5398at766_86105_0:000176|OZ308468.1:1002128-1002896   -            257 5398                 -            253  2.4e-138  450.6   2.0   1   1  2.8e-138  2.8e-138  450.4   2.0     1   252     2   254     2   255 0.99 -
5398at766_1605993_0:000061|OZ308468.1:1002125-1002899 -            258 5398                 -            253  2.5e-138  450.6   2.0   1   1  2.8e-138  2.8e-138  450.4   2.0     1   252     3   255     3   256 0.99 -
5398at766_696127_0:0000a1|OZ308468.1:1002119-1002893  -            259 5398                 -            253  2.5e-138  450.5   2.0   1   1  2.8e-138  2.8e-138  450.4   2.0     1   252     5   257     5   258 0.99 -
5398at766_752179_0:0002ce|OZ308468.1:1002116-1002893  -            260 5398                 -            253  2.6e-138  450.5   2.0   1   1  2.9e-138  2.9e-138  450.3   2.0     1   252     6   258     6   259 0.99 -
5398at766_1105107_0:0001c7|OZ308468.1:1002116-1002896 -            261 5398                 -            253  2.6e-138  450.5   2.0   1   1  2.9e-138  2.9e-138  450.3   2.0     1   252     6   258     6   259 0.99 -
5398at766_169402_0:000201|OZ308468.1:1002116-1002899  -            261 5398                 -            253  2.6e-138  450.5   2.0   1   1  2.9e-138  2.9e-138  450.3   2.0     1   252     6   258     6   259 0.99 -
5398at766_246273_0:000237|OZ308468.1:1002116-1002899  -            261 5398                 -            253  2.6e-138  450.5   2.0   1   1  2.9e-138  2.9e-138  450.3   2.0     1   252     6   258     6   259 0.99 -
5398at766_336407_0:000561|OZ308468.1:1002116-1002899  -            261 5398                 -            253  2.6e-138  450.5   2.0   1   1  2.9e-138  2.9e-138  450.3   2.0     1   252     6   258     6   259 0.99 -
5398at766_481009_0:00011e|OZ308468.1:1002116-1002896  -            261 5398                 -            253  2.6e-138  450.5   2.0   1   1  2.9e-138  2.9e-138  450.3   2.0     1   252     6   258     6   259 0.99 -
5398at766_96496_0:00017d|OZ308468.1:1002116-1002899   -            261 5398                 -            253  2.6e-138  450.5   2.0   1   1  2.9e-138  2.9e-138  450.3   2.0     1   252     6   258     6   259 0.99 -
5398at766_1961830_0:00034e|OZ308468.1:1002110-1002899 -            263 5398                 -            253  2.7e-138  450.5   2.0   1   1    3e-138    3e-138  450.3   2.0     1   252     8   260     8   261 0.99 -
5398at766_2115978_0:00045c|OZ308468.1:1002125-1003539 -            267 5398                 -            253  2.8e-138  450.4   2.0   1   1  3.2e-138  3.2e-138  450.2   2.0     1   252     3   255     3   256 0.99 -
5398at766_2602574_0:0004a5|OZ308468.1:1002128-1002884 -            253 5398                 -            253  9.7e-138  448.6   1.8   1   1  1.1e-137  1.1e-137  448.5   1.8     1   251     2   253     2   253 0.99 -
5398at766_272947_0:0001f6|OZ308468.1:1002116-1002884  -            257 5398                 -            253    1e-137  448.5   1.8   1   1  1.2e-137  1.2e-137  448.4   1.8     1   251     6   257     6   257 0.99 -
5398at766_1274402_0:00021d|OZ308468.1:1002131-1002566 -            146 5398                 -            253   1.8e-70  228.2   0.9   1   1   1.9e-70   1.9e-70  228.1   0.9     1   145     1   146     1   146 0.98 -
#
# Program:         hmmsearch
# Version:         3.4 (Aug 2023)
# Pipeline mode:   SEARCH
# Query file:      /Users/rossoaa/Desktop/dummy/genomes/records/compleasm/mb_downloads/rickettsiales_odb12/hmms/5398at766.hmm
# Target file:     -
# Option settings: /Users/rossoaa/miniconda3/envs/compleasm_env/bin/hmmsearch --domtblout /Users/rossoaa/Desktop/dummy/genomes/records/compleasm/rickettsiales_odb12/hmmer_output/5398at766.out --cpu 1 /Users/rossoaa/Desktop/dummy/genomes/records/compleasm/mb_downloads/rickettsiales_odb12/hmms/5398at766.hmm - 
# Current dir:     /Users/rossoaa/Desktop/dummy/genomes/records/compleasm
# Date:            Tue Feb 10 10:20:20 2026
# [ok]
