#                                                                                                           --- full sequence --- -------------- this domain -------------   hmm coord   ali coord   env coord
# target name                                       accession   tlen query name           accession   qlen   E-value  score  bias   #  of  c-Evalue  i-Evalue  score  bias  from    to  from    to  from    to  acc description of target
#                               ------------------- ---------- ----- -------------------- ---------- ----- --------- ------ ----- --- --- --------- --------- ------ ----- ----- ----- ----- ----- ----- ----- ---- ---------------------
5400at766_169402_0:000137|OZ308468.1:829406-830306  -            301 5400                 -            298  7.4e-140  456.5   4.6   1   1  8.3e-140  8.3e-140  456.3   4.6     2   297     2   300     1   301 0.97 -
5400at766_2115978_0:000438|OZ308468.1:829406-830309 -            302 5400                 -            298  7.5e-140  456.5   4.6   1   1  8.4e-140  8.4e-140  456.3   4.6     2   297     2   300     1   301 0.97 -
5400at766_955_0:000076|OZ308468.1:829406-830309     -            302 5400                 -            298  7.5e-140  456.5   4.6   1   1  8.4e-140  8.4e-140  456.3   4.6     2   297     2   300     1   301 0.97 -
5400at766_1605993_0:000126|OZ308468.1:829406-830315 -            303 5400                 -            298  7.6e-140  456.5   4.6   1   1  8.5e-140  8.5e-140  456.3   4.6     2   297     2   300     1   301 0.97 -
5400at766_246273_0:00018c|OZ308468.1:829406-830315  -            303 5400                 -            298  7.6e-140  456.5   4.6   1   1  8.5e-140  8.5e-140  456.3   4.6     2   297     2   300     1   301 0.97 -
5400at766_2486577_0:0003a8|OZ308468.1:829406-830315 -            303 5400                 -            298  7.6e-140  456.5   4.6   1   1  8.5e-140  8.5e-140  456.3   4.6     2   297     2   300     1   301 0.97 -
5400at766_2486578_0:0004d4|OZ308468.1:829406-830315 -            303 5400                 -            298  7.6e-140  456.5   4.6   1   1  8.5e-140  8.5e-140  456.3   4.6     2   297     2   300     1   301 0.97 -
5400at766_696127_0:00033c|OZ308468.1:829406-830315  -            303 5400                 -            298  7.6e-140  456.5   4.6   1   1  8.5e-140  8.5e-140  456.3   4.6     2   297     2   300     1   301 0.97 -
5400at766_86105_0:00068c|OZ308468.1:829406-830315   -            303 5400                 -            298  7.6e-140  456.5   4.6   1   1  8.5e-140  8.5e-140  456.3   4.6     2   297     2   300     1   301 0.97 -
5400at766_96496_0:0001d0|OZ308468.1:829406-830315   -            303 5400                 -            298  7.6e-140  456.5   4.6   1   1  8.5e-140  8.5e-140  456.3   4.6     2   297     2   300     1   301 0.97 -
5400at766_1714371_0:0001c3|OZ308468.1:829400-830309 -            304 5400                 -            298  7.7e-140  456.4   4.6   1   1  8.6e-140  8.6e-140  456.3   4.6     2   297     4   302     3   303 0.97 -
5400at766_222891_0:000096|OZ308468.1:829400-830309  -            304 5400                 -            298  7.7e-140  456.4   4.6   1   1  8.6e-140  8.6e-140  456.3   4.6     2   297     4   302     3   303 0.97 -
5400at766_434131_0:0002d0|OZ308468.1:829400-830309  -            304 5400                 -            298  7.7e-140  456.4   4.6   1   1  8.6e-140  8.6e-140  456.3   4.6     2   297     4   302     3   303 0.97 -
5400at766_1105107_0:0000f7|OZ308468.1:829403-830312 -            304 5400                 -            298  7.7e-140  456.4   4.6   1   1  8.6e-140  8.6e-140  456.3   4.6     2   297     3   301     2   302 0.97 -
5400at766_272947_0:0001b4|OZ308468.1:829403-830312  -            304 5400                 -            298  7.7e-140  456.4   4.6   1   1  8.6e-140  8.6e-140  456.3   4.6     2   297     3   301     2   302 0.97 -
5400at766_336407_0:0003da|OZ308468.1:829403-830312  -            304 5400                 -            298  7.7e-140  456.4   4.6   1   1  8.6e-140  8.6e-140  456.3   4.6     2   297     3   301     2   302 0.97 -
5400at766_481009_0:0002db|OZ308468.1:829403-830312  -            304 5400                 -            298  7.7e-140  456.4   4.6   1   1  8.6e-140  8.6e-140  456.3   4.6     2   297     3   301     2   302 0.97 -
5400at766_752179_0:000154|OZ308468.1:829403-830315  -            304 5400                 -            298  7.7e-140  456.4   4.6   1   1  8.6e-140  8.6e-140  456.3   4.6     2   297     3   301     2   302 0.97 -
5400at766_1286528_0:000259|OZ308468.1:829400-830315 -            305 5400                 -            298  7.8e-140  456.4   4.6   1   1  8.7e-140  8.7e-140  456.3   4.6     2   297     4   302     3   303 0.97 -
5400at766_1248439_0:000368|OZ308468.1:829394-830312 -            307 5400                 -            298  7.9e-140  456.4   4.6   1   1    9e-140    9e-140  456.2   4.6     2   297     6   304     5   305 0.97 -
5400at766_142058_0:000321|OZ308468.1:829394-830312  -            307 5400                 -            298  7.9e-140  456.4   4.6   1   1    9e-140    9e-140  456.2   4.6     2   297     6   304     5   305 0.97 -
5400at766_1392507_0:00031d|OZ308468.1:829409-830312 -            302 5400                 -            298  1.1e-139  456.0   4.6   1   1  1.2e-139  1.2e-139  455.8   4.6     2   297     1   299     1   300 0.97 -
5400at766_1359168_0:00029a|OZ308468.1:829403-830303 -            301 5400                 -            298  1.1e-139  455.9   4.3   1   1  1.3e-139  1.3e-139  455.7   4.3     2   297     3   301     2   301 0.97 -
5400at766_1961830_0:0003e3|OZ308468.1:829403-830303 -            301 5400                 -            298  1.1e-139  455.9   4.3   1   1  1.3e-139  1.3e-139  455.7   4.3     2   297     3   301     2   301 0.97 -
5400at766_334380_0:000085|OZ308468.1:829403-830303  -            301 5400                 -            298  1.1e-139  455.9   4.3   1   1  1.3e-139  1.3e-139  455.7   4.3     2   297     3   301     2   301 0.97 -
5400at766_1528098_0:00039c|OZ308468.1:829394-830303 -            304 5400                 -            298  1.2e-139  455.8   4.3   1   1  1.3e-139  1.3e-139  455.7   4.3     2   297     6   304     5   304 0.97 -
5400at766_1802984_0:0001b7|OZ308468.1:829412-830309 -            300 5400                 -            298  2.6e-139  454.7   4.7   1   1  2.8e-139  2.8e-139  454.6   4.7     3   297     1   298     1   299 0.97 -
5400at766_1359163_0:0001d4|OZ308468.1:829415-830315 -            300 5400                 -            298  6.3e-139  453.4   4.7   1   1  7.1e-139  7.1e-139  453.3   4.7     4   297     1   297     1   298 0.97 -
5400at766_1423892_0:000166|OZ308468.1:829415-830315 -            300 5400                 -            298  6.3e-139  453.4   4.7   1   1  7.1e-139  7.1e-139  453.3   4.7     4   297     1   297     1   298 0.97 -
5400at766_391036_0:0000c9|OZ308468.1:829415-830315  -            300 5400                 -            298  6.3e-139  453.4   4.7   1   1  7.1e-139  7.1e-139  453.3   4.7     4   297     1   297     1   298 0.97 -
5400at766_779_0:00027a|OZ308468.1:829415-830315     -            300 5400                 -            298  6.3e-139  453.4   4.7   1   1  7.1e-139  7.1e-139  453.3   4.7     4   297     1   297     1   298 0.97 -
5400at766_1242993_0:00004e|OZ308468.1:829415-830303 -            297 5400                 -            298  9.4e-139  452.9   4.4   1   1    1e-138    1e-138  452.7   4.4     4   297     1   297     1   297 0.97 -
5400at766_205920_0:000127|OZ308468.1:829415-830303  -            297 5400                 -            298  9.4e-139  452.9   4.4   1   1    1e-138    1e-138  452.7   4.4     4   297     1   297     1   297 0.97 -
5400at766_2602574_0:000003|OZ308468.1:829418-830315 -            299 5400                 -            298  2.5e-138  451.5   5.0   1   1  2.8e-138  2.8e-138  451.3   5.0     5   297     1   296     1   297 0.97 -
#
# Program:         hmmsearch
# Version:         3.4 (Aug 2023)
# Pipeline mode:   SEARCH
# Query file:      /Users/rossoaa/Desktop/dummy/genomes/records/compleasm/mb_downloads/rickettsiales_odb12/hmms/5400at766.hmm
# Target file:     -
# Option settings: /Users/rossoaa/miniconda3/envs/compleasm_env/bin/hmmsearch --domtblout /Users/rossoaa/Desktop/dummy/genomes/records/compleasm/rickettsiales_odb12/hmmer_output/5400at766.out --cpu 1 /Users/rossoaa/Desktop/dummy/genomes/records/compleasm/mb_downloads/rickettsiales_odb12/hmms/5400at766.hmm - 
# Current dir:     /Users/rossoaa/Desktop/dummy/genomes/records/compleasm
# Date:            Tue Feb 10 10:20:22 2026
# [ok]
