#                                                                                                           --- full sequence --- -------------- this domain -------------   hmm coord   ali coord   env coord
# target name                                       accession   tlen query name           accession   qlen   E-value  score  bias   #  of  c-Evalue  i-Evalue  score  bias  from    to  from    to  from    to  acc description of target
#                               ------------------- ---------- ----- -------------------- ---------- ----- --------- ------ ----- --- --- --------- --------- ------ ----- ----- ----- ----- ----- ----- ----- ---- ---------------------
5407at766_86105_0:00063c|OZ308468.1:289639-290386   -            250 5407                 -            247  3.1e-131  427.1   0.0   1   1  3.6e-131  3.6e-131  426.8   0.0     5   247     6   249     2   249 0.97 -
5407at766_1242993_0:0002fd|OZ308468.1:289639-290389 -            251 5407                 -            247  3.1e-131  427.1   0.0   1   1  3.7e-131  3.7e-131  426.8   0.0     5   247     6   249     2   249 0.97 -
5407at766_142058_0:000232|OZ308468.1:289639-290389  -            251 5407                 -            247  3.1e-131  427.1   0.0   1   1  3.7e-131  3.7e-131  426.8   0.0     5   247     6   249     2   249 0.97 -
5407at766_574556_0:000375|OZ308468.1:289639-290389  -            251 5407                 -            247  3.1e-131  427.1   0.0   1   1  3.7e-131  3.7e-131  426.8   0.0     5   247     6   249     2   249 0.97 -
5407at766_1423892_0:0000ed|OZ308468.1:289639-290392 -            252 5407                 -            247  3.2e-131  427.0   0.0   1   1  3.7e-131  3.7e-131  426.8   0.0     5   247     6   249     2   249 0.97 -
5407at766_205920_0:000281|OZ308468.1:289639-290392  -            252 5407                 -            247  3.2e-131  427.0   0.0   1   1  3.7e-131  3.7e-131  426.8   0.0     5   247     6   249     2   249 0.97 -
5407at766_391036_0:00033f|OZ308468.1:289639-290392  -            252 5407                 -            247  3.2e-131  427.0   0.0   1   1  3.7e-131  3.7e-131  426.8   0.0     5   247     6   249     2   249 0.97 -
5407at766_334380_0:00037b|OZ308468.1:289636-290398  -            254 5407                 -            247  3.2e-131  427.0   0.0   1   1  3.8e-131  3.8e-131  426.8   0.0     5   247     7   250     3   250 0.97 -
5407at766_1105107_0:00005e|OZ308468.1:289642-290386 -            249 5407                 -            247  3.2e-131  427.0   0.0   1   1  3.5e-131  3.5e-131  426.9   0.0     5   247     5   248     1   248 0.97 -
5407at766_336407_0:00011d|OZ308468.1:289642-290386  -            249 5407                 -            247  3.2e-131  427.0   0.0   1   1  3.5e-131  3.5e-131  426.9   0.0     5   247     5   248     1   248 0.97 -
5407at766_481009_0:00012e|OZ308468.1:289642-290386  -            249 5407                 -            247  3.2e-131  427.0   0.0   1   1  3.5e-131  3.5e-131  426.9   0.0     5   247     5   248     1   248 0.97 -
5407at766_1605993_0:000133|OZ308468.1:289639-290398 -            253 5407                 -            247  3.2e-131  427.0   0.0   1   1  3.8e-131  3.8e-131  426.8   0.0     5   247     6   249     2   249 0.97 -
5407at766_169402_0:00003c|OZ308468.1:289639-290395  -            253 5407                 -            247  3.2e-131  427.0   0.0   1   1  3.8e-131  3.8e-131  426.8   0.0     5   247     6   249     2   249 0.97 -
5407at766_779_0:00038f|OZ308468.1:289639-290395     -            253 5407                 -            247  3.2e-131  427.0   0.0   1   1  3.8e-131  3.8e-131  426.8   0.0     5   247     6   249     2   249 0.97 -
5407at766_96496_0:0001fe|OZ308468.1:289639-290398   -            253 5407                 -            247  3.2e-131  427.0   0.0   1   1  3.8e-131  3.8e-131  426.8   0.0     5   247     6   249     2   249 0.97 -
5407at766_1359163_0:0000a1|OZ308468.1:289642-290389 -            250 5407                 -            247  3.2e-131  427.0   0.0   1   1  3.6e-131  3.6e-131  426.8   0.0     5   247     5   248     1   248 0.97 -
5407at766_752179_0:0002d2|OZ308468.1:289642-290389  -            250 5407                 -            247  3.2e-131  427.0   0.0   1   1  3.6e-131  3.6e-131  426.8   0.0     5   247     5   248     1   248 0.97 -
5407at766_1248439_0:0002b9|OZ308468.1:289642-290392 -            251 5407                 -            247  3.3e-131  427.0   0.0   1   1  3.7e-131  3.7e-131  426.8   0.0     5   247     5   248     1   248 0.97 -
5407at766_955_0:000337|OZ308468.1:289642-290398     -            252 5407                 -            247  3.3e-131  427.0   0.0   1   1  3.7e-131  3.7e-131  426.8   0.0     5   247     5   248     1   248 0.97 -
5407at766_2602574_0:0002f1|OZ308468.1:289645-290386 -            248 5407                 -            247  3.6e-131  426.9   0.0   1   1    4e-131    4e-131  426.7   0.0     5   247     4   247     1   247 0.97 -
5407at766_696127_0:000109|OZ308468.1:289645-290386  -            248 5407                 -            247  3.6e-131  426.9   0.0   1   1    4e-131    4e-131  426.7   0.0     5   247     4   247     1   247 0.97 -
5407at766_1286528_0:000006|OZ308468.1:289645-290398 -            251 5407                 -            247  3.7e-131  426.8   0.0   1   1  4.2e-131  4.2e-131  426.6   0.0     5   247     4   247     1   247 0.97 -
5407at766_2486578_0:0003b4|OZ308468.1:289648-290386 -            247 5407                 -            247  4.2e-131  426.6   0.0   1   1  4.7e-131  4.7e-131  426.5   0.0     6   247     4   246     1   246 0.97 -
5407at766_272947_0:0002cb|OZ308468.1:289648-290386  -            247 5407                 -            247  4.2e-131  426.6   0.0   1   1  4.7e-131  4.7e-131  426.5   0.0     6   247     4   246     1   246 0.97 -
5407at766_1359168_0:000045|OZ308468.1:289639-290377 -            247 5407                 -            247  1.6e-130  424.8   0.0   1   1  1.8e-130  1.8e-130  424.6   0.0     5   244     6   246     2   247 0.97 -
5407at766_434131_0:0001b4|OZ308468.1:289645-290374  -            244 5407                 -            247  3.4e-130  423.7   0.0   1   1  3.7e-130  3.7e-130  423.5   0.0     5   244     4   244     1   244 0.97 -
5407at766_1714371_0:000138|OZ308468.1:289648-290374 -            243 5407                 -            247    4e-130  423.4   0.0   1   1  4.4e-130  4.4e-130  423.3   0.0     6   244     4   243     1   243 0.98 -
5407at766_222891_0:000237|OZ308468.1:289648-290374  -            243 5407                 -            247    4e-130  423.4   0.0   1   1  4.4e-130  4.4e-130  423.3   0.0     6   244     4   243     1   243 0.98 -
5407at766_1961830_0:0002a1|OZ308468.1:289669-290386 -            240 5407                 -            247  7.1e-130  422.6   0.0   1   1  7.9e-130  7.9e-130  422.5   0.0    12   247     3   239     1   239 0.98 -
5407at766_246273_0:0002f5|OZ308468.1:289669-290398  -            243 5407                 -            247  7.4e-130  422.5   0.0   1   1  8.3e-130  8.3e-130  422.4   0.0    12   247     3   239     1   239 0.98 -
5407at766_1392507_0:000115|OZ308468.1:289735-290389 -            219 5407                 -            247  3.1e-125  407.4   0.0   1   1  3.5e-125  3.5e-125  407.2   0.0    32   247     1   217     1   217 0.99 -
#
# Program:         hmmsearch
# Version:         3.4 (Aug 2023)
# Pipeline mode:   SEARCH
# Query file:      /Users/rossoaa/Desktop/dummy/genomes/records/compleasm/mb_downloads/rickettsiales_odb12/hmms/5407at766.hmm
# Target file:     -
# Option settings: /Users/rossoaa/miniconda3/envs/compleasm_env/bin/hmmsearch --domtblout /Users/rossoaa/Desktop/dummy/genomes/records/compleasm/rickettsiales_odb12/hmmer_output/5407at766.out --cpu 1 /Users/rossoaa/Desktop/dummy/genomes/records/compleasm/mb_downloads/rickettsiales_odb12/hmms/5407at766.hmm - 
# Current dir:     /Users/rossoaa/Desktop/dummy/genomes/records/compleasm
# Date:            Tue Feb 10 10:20:20 2026
# [ok]
