#                                                                                                           --- full sequence --- -------------- this domain -------------   hmm coord   ali coord   env coord
# target name                                       accession   tlen query name           accession   qlen   E-value  score  bias   #  of  c-Evalue  i-Evalue  score  bias  from    to  from    to  from    to  acc description of target
#                               ------------------- ---------- ----- -------------------- ---------- ----- --------- ------ ----- --- --- --------- --------- ------ ----- ----- ----- ----- ----- ----- ----- ---- ---------------------
5410at766_1392507_0:0002fb|OZ308468.1:674399-675152 -            252 5410                 -            236  1.8e-104  339.2  15.7   1   1  2.7e-104  2.7e-104  338.7  15.7     3   235     5   247     3   248 0.93 -
5410at766_1286528_0:00005e|OZ308468.1:674396-675146 -            251 5410                 -            236  1.8e-104  339.2  15.7   1   1  2.6e-104  2.6e-104  338.7  15.7     3   235     3   245     1   246 0.93 -
5410at766_1242993_0:000040|OZ308468.1:674399-675158 -            254 5410                 -            236  1.9e-104  339.2  15.7   1   1  2.8e-104  2.8e-104  338.6  15.7     3   235     7   249     5   250 0.93 -
5410at766_1359163_0:000348|OZ308468.1:674399-675158 -            254 5410                 -            236  1.9e-104  339.2  15.7   1   1  2.8e-104  2.8e-104  338.6  15.7     3   235     7   249     5   250 0.93 -
5410at766_779_0:0002bd|OZ308468.1:674399-675158     -            254 5410                 -            236  1.9e-104  339.2  15.7   1   1  2.8e-104  2.8e-104  338.6  15.7     3   235     7   249     5   250 0.93 -
5410at766_1248439_0:000239|OZ308468.1:674402-675161 -            254 5410                 -            236  1.9e-104  339.2  15.7   1   1  2.8e-104  2.8e-104  338.6  15.7     3   235     8   250     6   251 0.93 -
5410at766_142058_0:000131|OZ308468.1:674402-675161  -            254 5410                 -            236  1.9e-104  339.2  15.7   1   1  2.8e-104  2.8e-104  338.6  15.7     3   235     8   250     6   251 0.93 -
5410at766_574556_0:00013e|OZ308468.1:674411-675161  -            251 5410                 -            236  1.9e-104  339.2  15.7   1   1  2.6e-104  2.6e-104  338.7  15.7     3   235     8   250     6   251 0.93 -
5410at766_1423892_0:000265|OZ308468.1:674396-675158 -            255 5410                 -            236  1.9e-104  339.2  15.7   1   1  2.8e-104  2.8e-104  338.6  15.7     3   235     7   249     5   250 0.93 -
5410at766_205920_0:000199|OZ308468.1:674396-675158  -            255 5410                 -            236  1.9e-104  339.2  15.7   1   1  2.8e-104  2.8e-104  338.6  15.7     3   235     7   249     5   250 0.93 -
5410at766_391036_0:000014|OZ308468.1:674396-675158  -            255 5410                 -            236  1.9e-104  339.2  15.7   1   1  2.8e-104  2.8e-104  338.6  15.7     3   235     7   249     5   250 0.93 -
5410at766_955_0:000063|OZ308468.1:674399-675161     -            255 5410                 -            236  1.9e-104  339.2  15.7   1   1  2.8e-104  2.8e-104  338.6  15.7     3   235     8   250     6   251 0.93 -
5410at766_1605993_0:0003af|OZ308468.1:674393-675161 -            256 5410                 -            236  1.9e-104  339.2  15.7   1   1  2.8e-104  2.8e-104  338.6  15.7     3   235     8   250     6   251 0.93 -
5410at766_169402_0:000580|OZ308468.1:674393-675161  -            256 5410                 -            236  1.9e-104  339.2  15.7   1   1  2.8e-104  2.8e-104  338.6  15.7     3   235     8   250     6   251 0.93 -
5410at766_246273_0:000321|OZ308468.1:674393-675161  -            256 5410                 -            236  1.9e-104  339.2  15.7   1   1  2.8e-104  2.8e-104  338.6  15.7     3   235     8   250     6   251 0.93 -
5410at766_96496_0:000240|OZ308468.1:674393-675161   -            256 5410                 -            236  1.9e-104  339.2  15.7   1   1  2.8e-104  2.8e-104  338.6  15.7     3   235     8   250     6   251 0.93 -
5410at766_222891_0:000051|OZ308468.1:674417-675146  -            244 5410                 -            236  4.1e-104  338.1  15.7   1   1  5.5e-104  5.5e-104  337.7  15.7     3   233     3   243     1   244 0.93 -
5410at766_434131_0:000222|OZ308468.1:674417-675146  -            244 5410                 -            236  4.1e-104  338.1  15.7   1   1  5.5e-104  5.5e-104  337.7  15.7     3   233     3   243     1   244 0.93 -
5410at766_2115978_0:000119|OZ308468.1:674429-675155 -            243 5410                 -            236  1.3e-103  336.5  15.3   1   1  1.8e-103  1.8e-103  336.0  15.3     3   229     6   242     4   243 0.93 -
5410at766_1528098_0:000204|OZ308468.1:674429-675161 -            245 5410                 -            236  1.3e-103  336.4  15.3   1   1  1.8e-103  1.8e-103  335.9  15.3     3   229     8   244     6   245 0.93 -
5410at766_1105107_0:000074|OZ308468.1:674432-675137 -            236 5410                 -            236  9.5e-103  333.6  16.3   1   1  1.3e-102  1.3e-102  333.2  16.3     5   229     2   236     1   236 0.94 -
5410at766_1961830_0:00025a|OZ308468.1:674432-675137 -            236 5410                 -            236  9.5e-103  333.6  16.3   1   1  1.3e-102  1.3e-102  333.2  16.3     5   229     2   236     1   236 0.94 -
5410at766_334380_0:000050|OZ308468.1:674429-675131  -            235 5410                 -            236  2.2e-102  332.4  16.8   1   1    3e-102    3e-102  332.0  16.8     7   229     2   234     1   235 0.94 -
5410at766_336407_0:00004e|OZ308468.1:674435-675137  -            235 5410                 -            236  3.2e-102  331.9  16.2   1   1  4.5e-102  4.5e-102  331.4  16.2     5   228     2   235     1   235 0.94 -
5410at766_272947_0:0001eb|OZ308468.1:674432-675074  -            215 5410                 -            236   8.9e-91  294.4  15.1   1   1   1.3e-90   1.3e-90  293.9  15.1    25   229     1   215     1   215 0.93 -
#
# Program:         hmmsearch
# Version:         3.4 (Aug 2023)
# Pipeline mode:   SEARCH
# Query file:      /Users/rossoaa/Desktop/dummy/genomes/records/compleasm/mb_downloads/rickettsiales_odb12/hmms/5410at766.hmm
# Target file:     -
# Option settings: /Users/rossoaa/miniconda3/envs/compleasm_env/bin/hmmsearch --domtblout /Users/rossoaa/Desktop/dummy/genomes/records/compleasm/rickettsiales_odb12/hmmer_output/5410at766.out --cpu 1 /Users/rossoaa/Desktop/dummy/genomes/records/compleasm/mb_downloads/rickettsiales_odb12/hmms/5410at766.hmm - 
# Current dir:     /Users/rossoaa/Desktop/dummy/genomes/records/compleasm
# Date:            Tue Feb 10 10:20:21 2026
# [ok]
