#                                                                                                           --- full sequence --- -------------- this domain -------------   hmm coord   ali coord   env coord
# target name                                       accession   tlen query name           accession   qlen   E-value  score  bias   #  of  c-Evalue  i-Evalue  score  bias  from    to  from    to  from    to  acc description of target
#                               ------------------- ---------- ----- -------------------- ---------- ----- --------- ------ ----- --- --- --------- --------- ------ ----- ----- ----- ----- ----- ----- ----- ---- ---------------------
5429at766_1105107_0:0001be|OZ308468.1:565163-565934 -            258 5429                 -            249  1.6e-120  391.7   0.3   1   1  1.8e-120  1.8e-120  391.5   0.3     1   248     1   257     1   258 0.95 -
5429at766_169402_0:000175|OZ308468.1:565163-565934  -            258 5429                 -            249  1.6e-120  391.7   0.3   1   1  1.8e-120  1.8e-120  391.5   0.3     1   248     1   257     1   258 0.95 -
5429at766_2115978_0:0000ee|OZ308468.1:565163-565934 -            258 5429                 -            249  1.6e-120  391.7   0.3   1   1  1.8e-120  1.8e-120  391.5   0.3     1   248     1   257     1   258 0.95 -
5429at766_272947_0:000046|OZ308468.1:565163-565934  -            258 5429                 -            249  1.6e-120  391.7   0.3   1   1  1.8e-120  1.8e-120  391.5   0.3     1   248     1   257     1   258 0.95 -
5429at766_481009_0:0000fc|OZ308468.1:565163-565934  -            258 5429                 -            249  1.6e-120  391.7   0.3   1   1  1.8e-120  1.8e-120  391.5   0.3     1   248     1   257     1   258 0.95 -
5429at766_1528098_0:0000d5|OZ308468.1:565163-565937 -            259 5429                 -            249  1.6e-120  391.7   0.3   1   1  1.8e-120  1.8e-120  391.5   0.3     1   248     1   257     1   258 0.95 -
5429at766_246273_0:0002d5|OZ308468.1:565163-565937  -            259 5429                 -            249  1.6e-120  391.7   0.3   1   1  1.8e-120  1.8e-120  391.5   0.3     1   248     1   257     1   258 0.95 -
5429at766_696127_0:00026f|OZ308468.1:565163-565937  -            259 5429                 -            249  1.6e-120  391.7   0.3   1   1  1.8e-120  1.8e-120  391.5   0.3     1   248     1   257     1   258 0.95 -
5429at766_2486578_0:000114|OZ308468.1:565160-565934 -            259 5429                 -            249  1.6e-120  391.7   0.3   1   1  1.8e-120  1.8e-120  391.5   0.3     1   248     2   258     2   259 0.95 -
5429at766_2486577_0:00011a|OZ308468.1:565160-565940 -            261 5429                 -            249  1.7e-120  391.6   0.3   1   1  1.9e-120  1.9e-120  391.5   0.3     1   248     2   258     2   259 0.95 -
5429at766_1605993_0:000163|OZ308468.1:565163-565949 -            262 5429                 -            249  1.7e-120  391.6   0.3   1   1  1.9e-120  1.9e-120  391.4   0.3     1   248     1   257     1   258 0.95 -
5429at766_96496_0:0000b4|OZ308468.1:565163-565949   -            262 5429                 -            249  1.7e-120  391.6   0.3   1   1  1.9e-120  1.9e-120  391.4   0.3     1   248     1   257     1   258 0.95 -
5429at766_1286528_0:00005d|OZ308468.1:565163-565931 -            257 5429                 -            249  2.2e-120  391.2   0.3   1   1  2.5e-120  2.5e-120  391.1   0.3     1   247     1   256     1   257 0.95 -
5429at766_1714371_0:00010d|OZ308468.1:565163-565931 -            257 5429                 -            249  2.2e-120  391.2   0.3   1   1  2.5e-120  2.5e-120  391.1   0.3     1   247     1   256     1   257 0.95 -
5429at766_222891_0:0002a5|OZ308468.1:565163-565931  -            257 5429                 -            249  2.2e-120  391.2   0.3   1   1  2.5e-120  2.5e-120  391.1   0.3     1   247     1   256     1   257 0.95 -
5429at766_434131_0:00024f|OZ308468.1:565154-565931  -            260 5429                 -            249  2.3e-120  391.2   0.3   1   1  2.6e-120  2.6e-120  391.0   0.3     1   247     4   259     4   260 0.95 -
5429at766_1242993_0:000029|OZ308468.1:565163-565928 -            256 5429                 -            249  3.8e-120  390.5   0.3   1   1  4.3e-120  4.3e-120  390.3   0.3     1   246     1   255     1   256 0.95 -
5429at766_1248439_0:00025a|OZ308468.1:565163-565928 -            256 5429                 -            249  3.8e-120  390.5   0.3   1   1  4.3e-120  4.3e-120  390.3   0.3     1   246     1   255     1   256 0.95 -
5429at766_1274402_0:000177|OZ308468.1:565163-565928 -            256 5429                 -            249  3.8e-120  390.5   0.3   1   1  4.3e-120  4.3e-120  390.3   0.3     1   246     1   255     1   256 0.95 -
5429at766_1359163_0:00005f|OZ308468.1:565163-565928 -            256 5429                 -            249  3.8e-120  390.5   0.3   1   1  4.3e-120  4.3e-120  390.3   0.3     1   246     1   255     1   256 0.95 -
5429at766_1423892_0:000152|OZ308468.1:565163-565928 -            256 5429                 -            249  3.8e-120  390.5   0.3   1   1  4.3e-120  4.3e-120  390.3   0.3     1   246     1   255     1   256 0.95 -
5429at766_205920_0:0000a9|OZ308468.1:565163-565928  -            256 5429                 -            249  3.8e-120  390.5   0.3   1   1  4.3e-120  4.3e-120  390.3   0.3     1   246     1   255     1   256 0.95 -
5429at766_336407_0:000134|OZ308468.1:565163-565928  -            256 5429                 -            249  3.8e-120  390.5   0.3   1   1  4.3e-120  4.3e-120  390.3   0.3     1   246     1   255     1   256 0.95 -
5429at766_391036_0:0002b9|OZ308468.1:565163-565928  -            256 5429                 -            249  3.8e-120  390.5   0.3   1   1  4.3e-120  4.3e-120  390.3   0.3     1   246     1   255     1   256 0.95 -
5429at766_779_0:0000c1|OZ308468.1:565163-565928     -            256 5429                 -            249  3.8e-120  390.5   0.3   1   1  4.3e-120  4.3e-120  390.3   0.3     1   246     1   255     1   256 0.95 -
5429at766_1392507_0:00015c|OZ308468.1:565157-565928 -            258 5429                 -            249  3.9e-120  390.4   0.3   1   1  4.4e-120  4.4e-120  390.3   0.3     1   246     3   257     3   258 0.95 -
5429at766_142058_0:000124|OZ308468.1:565157-565928  -            258 5429                 -            249  3.9e-120  390.4   0.3   1   1  4.4e-120  4.4e-120  390.3   0.3     1   246     3   257     3   258 0.95 -
5429at766_955_0:000033|OZ308468.1:565163-565922     -            254 5429                 -            249    3e-119  387.5   0.3   1   1  3.4e-119  3.4e-119  387.4   0.3     1   245     1   254     1   254 0.95 -
#
# Program:         hmmsearch
# Version:         3.4 (Aug 2023)
# Pipeline mode:   SEARCH
# Query file:      /Users/rossoaa/Desktop/dummy/genomes/records/compleasm/mb_downloads/rickettsiales_odb12/hmms/5429at766.hmm
# Target file:     -
# Option settings: /Users/rossoaa/miniconda3/envs/compleasm_env/bin/hmmsearch --domtblout /Users/rossoaa/Desktop/dummy/genomes/records/compleasm/rickettsiales_odb12/hmmer_output/5429at766.out --cpu 1 /Users/rossoaa/Desktop/dummy/genomes/records/compleasm/mb_downloads/rickettsiales_odb12/hmms/5429at766.hmm - 
# Current dir:     /Users/rossoaa/Desktop/dummy/genomes/records/compleasm
# Date:            Tue Feb 10 10:20:21 2026
# [ok]
