#                                                                                                          --- full sequence --- -------------- this domain -------------   hmm coord   ali coord   env coord
# target name                                      accession   tlen query name           accession   qlen   E-value  score  bias   #  of  c-Evalue  i-Evalue  score  bias  from    to  from    to  from    to  acc description of target
#                              ------------------- ---------- ----- -------------------- ---------- ----- --------- ------ ----- --- --- --------- --------- ------ ----- ----- ----- ----- ----- ----- ----- ---- ---------------------
542at766_2486578_0:00018a|OZ308468.1:260773-261649 -            293 542                  -            289  1.1e-128  419.2   5.4   1   1  1.2e-128  1.2e-128  419.0   5.4     2   287     2   291     1   293 0.97 -
542at766_1605993_0:0000a8|OZ308468.1:260773-261655 -            294 542                  -            289  1.1e-128  419.2   5.4   1   1  1.2e-128  1.2e-128  419.0   5.4     2   287     2   291     1   293 0.97 -
542at766_169402_0:000134|OZ308468.1:260773-261655  -            294 542                  -            289  1.1e-128  419.2   5.4   1   1  1.2e-128  1.2e-128  419.0   5.4     2   287     2   291     1   293 0.97 -
542at766_246273_0:00001f|OZ308468.1:260773-261655  -            294 542                  -            289  1.1e-128  419.2   5.4   1   1  1.2e-128  1.2e-128  419.0   5.4     2   287     2   291     1   293 0.97 -
542at766_955_0:0000c8|OZ308468.1:260773-261655     -            294 542                  -            289  1.1e-128  419.2   5.4   1   1  1.2e-128  1.2e-128  419.0   5.4     2   287     2   291     1   293 0.97 -
542at766_96496_0:00008b|OZ308468.1:260773-261655   -            294 542                  -            289  1.1e-128  419.2   5.4   1   1  1.2e-128  1.2e-128  419.0   5.4     2   287     2   291     1   293 0.97 -
542at766_1359163_0:000237|OZ308468.1:260776-261652 -            293 542                  -            289  1.1e-128  419.1   5.1   1   1  1.3e-128  1.3e-128  419.0   5.1     3   287     2   290     1   292 0.97 -
542at766_2115978_0:0001b3|OZ308468.1:260773-261646 -            292 542                  -            289  1.3e-128  418.9   5.3   1   1  1.5e-128  1.5e-128  418.8   5.3     2   287     2   291     1   292 0.97 -
542at766_391036_0:000186|OZ308468.1:260779-261649  -            291 542                  -            289  1.7e-128  418.5   4.8   1   1  1.9e-128  1.9e-128  418.4   4.8     3   287     1   289     1   291 0.97 -
542at766_1359168_0:000103|OZ308468.1:260779-261652 -            292 542                  -            289  1.7e-128  418.5   4.8   1   1  1.9e-128  1.9e-128  418.4   4.8     3   287     1   289     1   291 0.97 -
542at766_696127_0:000352|OZ308468.1:260779-261652  -            292 542                  -            289  1.7e-128  418.5   4.8   1   1  1.9e-128  1.9e-128  418.4   4.8     3   287     1   289     1   291 0.97 -
542at766_752179_0:000401|OZ308468.1:260779-261652  -            292 542                  -            289  1.7e-128  418.5   4.8   1   1  1.9e-128  1.9e-128  418.4   4.8     3   287     1   289     1   291 0.97 -
542at766_481009_0:0001c7|OZ308468.1:260773-261643  -            291 542                  -            289  1.8e-128  418.4   5.3   1   1    2e-128    2e-128  418.3   5.3     2   286     2   290     1   291 0.97 -
542at766_1242993_0:00027d|OZ308468.1:260779-261646 -            290 542                  -            289    2e-128  418.3   4.6   1   1  2.3e-128  2.3e-128  418.1   4.6     3   287     1   289     1   290 0.97 -
542at766_1423892_0:00026c|OZ308468.1:260779-261646 -            290 542                  -            289    2e-128  418.3   4.6   1   1  2.3e-128  2.3e-128  418.1   4.6     3   287     1   289     1   290 0.97 -
542at766_1392507_0:000320|OZ308468.1:260782-261655 -            291 542                  -            289  3.6e-128  417.5   4.7   1   1  4.1e-128  4.1e-128  417.3   4.7     4   287     1   288     1   290 0.97 -
542at766_1248439_0:00018a|OZ308468.1:260782-261646 -            289 542                  -            289  4.4e-128  417.2   4.6   1   1  4.9e-128  4.9e-128  417.0   4.6     4   287     1   288     1   289 0.97 -
542at766_142058_0:000222|OZ308468.1:260782-261646  -            289 542                  -            289  4.4e-128  417.2   4.6   1   1  4.9e-128  4.9e-128  417.0   4.6     4   287     1   288     1   289 0.97 -
542at766_205920_0:000223|OZ308468.1:260782-261646  -            289 542                  -            289  4.4e-128  417.2   4.6   1   1  4.9e-128  4.9e-128  417.0   4.6     4   287     1   288     1   289 0.97 -
542at766_1528098_0:000334|OZ308468.1:260773-261637 -            289 542                  -            289  5.9e-128  416.8   5.2   1   1  6.5e-128  6.5e-128  416.6   5.2     2   284     2   288     1   289 0.97 -
542at766_1105107_0:000138|OZ308468.1:260782-261643 -            288 542                  -            289  6.1e-128  416.7   4.7   1   1  6.8e-128  6.8e-128  416.6   4.7     4   286     1   287     1   288 0.97 -
542at766_1961830_0:000197|OZ308468.1:260782-261643 -            288 542                  -            289  6.1e-128  416.7   4.7   1   1  6.8e-128  6.8e-128  416.6   4.7     4   286     1   287     1   288 0.97 -
542at766_272947_0:0002fb|OZ308468.1:260782-261643  -            288 542                  -            289  6.1e-128  416.7   4.7   1   1  6.8e-128  6.8e-128  416.6   4.7     4   286     1   287     1   288 0.97 -
542at766_336407_0:000301|OZ308468.1:260782-261643  -            288 542                  -            289  6.1e-128  416.7   4.7   1   1  6.8e-128  6.8e-128  416.6   4.7     4   286     1   287     1   288 0.97 -
542at766_2602574_0:00016c|OZ308468.1:260776-261634 -            287 542                  -            289    1e-127  416.0   4.9   1   1  1.1e-127  1.1e-127  415.9   4.9     3   283     2   286     1   287 0.97 -
542at766_779_0:0002a5|OZ308468.1:260785-261646     -            288 542                  -            289  1.2e-127  415.7   4.4   1   1  1.4e-127  1.4e-127  415.6   4.4     5   287     1   287     1   288 0.97 -
542at766_334380_0:000005|OZ308468.1:260776-261631  -            286 542                  -            289  1.6e-127  415.3   4.9   1   1  1.8e-127  1.8e-127  415.2   4.9     3   282     2   285     1   286 0.97 -
542at766_86105_0:0004d4|OZ308468.1:260776-261631   -            286 542                  -            289  1.6e-127  415.3   4.9   1   1  1.8e-127  1.8e-127  415.2   4.9     3   282     2   285     1   286 0.97 -
542at766_2486577_0:0000a2|OZ308468.1:260785-261634 -            284 542                  -            289  9.1e-127  412.9   4.3   1   1    1e-126    1e-126  412.7   4.3     5   283     1   283     1   284 0.97 -
#
# Program:         hmmsearch
# Version:         3.4 (Aug 2023)
# Pipeline mode:   SEARCH
# Query file:      /Users/rossoaa/Desktop/dummy/genomes/records/compleasm/mb_downloads/rickettsiales_odb12/hmms/542at766.hmm
# Target file:     -
# Option settings: /Users/rossoaa/miniconda3/envs/compleasm_env/bin/hmmsearch --domtblout /Users/rossoaa/Desktop/dummy/genomes/records/compleasm/rickettsiales_odb12/hmmer_output/542at766.out --cpu 1 /Users/rossoaa/Desktop/dummy/genomes/records/compleasm/mb_downloads/rickettsiales_odb12/hmms/542at766.hmm - 
# Current dir:     /Users/rossoaa/Desktop/dummy/genomes/records/compleasm
# Date:            Tue Feb 10 10:20:23 2026
# [ok]
