#                                                                                                           --- full sequence --- -------------- this domain -------------   hmm coord   ali coord   env coord
# target name                                       accession   tlen query name           accession   qlen   E-value  score  bias   #  of  c-Evalue  i-Evalue  score  bias  from    to  from    to  from    to  acc description of target
#                               ------------------- ---------- ----- -------------------- ---------- ----- --------- ------ ----- --- --- --------- --------- ------ ----- ----- ----- ----- ----- ----- ----- ---- ---------------------
5440at766_1248439_0:00019e|OZ308468.1:917861-918584 -            242 5440                 -            237  7.1e-114  370.2  24.9   1   1    8e-114    8e-114  370.0  24.9     2   237     2   240     1   240 0.97 -
5440at766_1286528_0:000049|OZ308468.1:917861-918584 -            242 5440                 -            237  7.1e-114  370.2  24.9   1   1    8e-114    8e-114  370.0  24.9     2   237     2   240     1   240 0.97 -
5440at766_142058_0:000077|OZ308468.1:917861-918584  -            242 5440                 -            237  7.1e-114  370.2  24.9   1   1    8e-114    8e-114  370.0  24.9     2   237     2   240     1   240 0.97 -
5440at766_1714371_0:000190|OZ308468.1:917861-918584 -            242 5440                 -            237  7.1e-114  370.2  24.9   1   1    8e-114    8e-114  370.0  24.9     2   237     2   240     1   240 0.97 -
5440at766_222891_0:000080|OZ308468.1:917861-918584  -            242 5440                 -            237  7.1e-114  370.2  24.9   1   1    8e-114    8e-114  370.0  24.9     2   237     2   240     1   240 0.97 -
5440at766_574556_0:00000a|OZ308468.1:917861-918584  -            242 5440                 -            237  7.1e-114  370.2  24.9   1   1    8e-114    8e-114  370.0  24.9     2   237     2   240     1   240 0.97 -
5440at766_1359163_0:000333|OZ308468.1:917861-918587 -            243 5440                 -            237  7.2e-114  370.2  24.9   1   1  8.1e-114  8.1e-114  370.0  24.9     2   237     2   240     1   240 0.97 -
5440at766_1961830_0:000047|OZ308468.1:917852-918590 -            247 5440                 -            237  7.5e-114  370.1  24.9   1   1  8.6e-114  8.6e-114  369.9  24.9     2   237     5   243     4   243 0.97 -
5440at766_955_0:0000a8|OZ308468.1:917846-918593     -            249 5440                 -            237  7.7e-114  370.1  24.9   1   1  8.9e-114  8.9e-114  369.9  24.9     2   237     7   245     6   245 0.97 -
5440at766_334380_0:00035a|OZ308468.1:917837-918578  -            248 5440                 -            237  7.7e-114  370.1  24.9   1   1  8.8e-114  8.8e-114  369.9  24.9     2   237    10   248     9   248 0.97 -
5440at766_1528098_0:0000ec|OZ308468.1:917837-918581 -            249 5440                 -            237  7.7e-114  370.1  24.9   1   1  8.9e-114  8.9e-114  369.9  24.9     2   237    10   248     9   248 0.97 -
5440at766_696127_0:00049a|OZ308468.1:917837-918581  -            249 5440                 -            237  7.7e-114  370.1  24.9   1   1  8.9e-114  8.9e-114  369.9  24.9     2   237    10   248     9   248 0.97 -
5440at766_1423892_0:00019d|OZ308468.1:917840-918587 -            250 5440                 -            237  7.8e-114  370.1  24.9   1   1    9e-114    9e-114  369.8  24.9     2   237     9   247     8   247 0.97 -
5440at766_205920_0:0002da|OZ308468.1:917840-918587  -            250 5440                 -            237  7.8e-114  370.1  24.9   1   1    9e-114    9e-114  369.8  24.9     2   237     9   247     8   247 0.97 -
5440at766_391036_0:0002f7|OZ308468.1:917840-918587  -            250 5440                 -            237  7.8e-114  370.1  24.9   1   1    9e-114    9e-114  369.8  24.9     2   237     9   247     8   247 0.97 -
5440at766_1359168_0:000218|OZ308468.1:917837-918584 -            250 5440                 -            237  7.8e-114  370.1  24.9   1   1    9e-114    9e-114  369.8  24.9     2   237    10   248     9   248 0.97 -
5440at766_1392507_0:000056|OZ308468.1:917837-918584 -            250 5440                 -            237  7.8e-114  370.1  24.9   1   1    9e-114    9e-114  369.8  24.9     2   237    10   248     9   248 0.97 -
5440at766_246273_0:000214|OZ308468.1:917837-918584  -            250 5440                 -            237  7.8e-114  370.1  24.9   1   1    9e-114    9e-114  369.8  24.9     2   237    10   248     9   248 0.97 -
5440at766_86105_0:0004e1|OZ308468.1:917837-918584   -            250 5440                 -            237  7.8e-114  370.1  24.9   1   1    9e-114    9e-114  369.8  24.9     2   237    10   248     9   248 0.97 -
5440at766_1605993_0:000278|OZ308468.1:917837-918593 -            252 5440                 -            237    8e-114  370.0  24.9   1   1  9.3e-114  9.3e-114  369.8  24.9     2   237    10   248     9   248 0.97 -
5440at766_169402_0:0002a8|OZ308468.1:917837-918590  -            252 5440                 -            237    8e-114  370.0  24.9   1   1  9.3e-114  9.3e-114  369.8  24.9     2   237    10   248     9   248 0.97 -
5440at766_96496_0:000079|OZ308468.1:917837-918593   -            252 5440                 -            237    8e-114  370.0  24.9   1   1  9.3e-114  9.3e-114  369.8  24.9     2   237    10   248     9   248 0.97 -
5440at766_1242993_0:00038f|OZ308468.1:917867-918590 -            242 5440                 -            237    3e-113  368.1  25.3   1   1  3.5e-113  3.5e-113  367.9  25.3     3   237     1   238     1   238 0.97 -
5440at766_779_0:0002a0|OZ308468.1:917867-918590     -            242 5440                 -            237    3e-113  368.1  25.3   1   1  3.5e-113  3.5e-113  367.9  25.3     3   237     1   238     1   238 0.97 -
#
# Program:         hmmsearch
# Version:         3.4 (Aug 2023)
# Pipeline mode:   SEARCH
# Query file:      /Users/rossoaa/Desktop/dummy/genomes/records/compleasm/mb_downloads/rickettsiales_odb12/hmms/5440at766.hmm
# Target file:     -
# Option settings: /Users/rossoaa/miniconda3/envs/compleasm_env/bin/hmmsearch --domtblout /Users/rossoaa/Desktop/dummy/genomes/records/compleasm/rickettsiales_odb12/hmmer_output/5440at766.out --cpu 1 /Users/rossoaa/Desktop/dummy/genomes/records/compleasm/mb_downloads/rickettsiales_odb12/hmms/5440at766.hmm - 
# Current dir:     /Users/rossoaa/Desktop/dummy/genomes/records/compleasm
# Date:            Tue Feb 10 10:20:23 2026
# [ok]
