#                                                                                                           --- full sequence --- -------------- this domain -------------   hmm coord   ali coord   env coord
# target name                                       accession   tlen query name           accession   qlen   E-value  score  bias   #  of  c-Evalue  i-Evalue  score  bias  from    to  from    to  from    to  acc description of target
#                               ------------------- ---------- ----- -------------------- ---------- ----- --------- ------ ----- --- --- --------- --------- ------ ----- ----- ----- ----- ----- ----- ----- ---- ---------------------
5461at766_1528098_0:0001be|OZ308468.1:788645-789350 -            236 5461                 -            237  9.9e-124  402.4   0.9   1   1  1.1e-123  1.1e-123  402.2   0.9     2   236     2   235     1   236 0.99 -
5461at766_336407_0:000363|OZ308468.1:788639-789353  -            239 5461                 -            237    1e-123  402.3   0.9   1   1  1.2e-123  1.2e-123  402.1   0.9     2   236     4   237     3   238 0.99 -
5461at766_1961830_0:000327|OZ308468.1:788642-789356 -            239 5461                 -            237    1e-123  402.3   0.9   1   1  1.2e-123  1.2e-123  402.1   0.9     2   236     3   236     2   237 0.99 -
5461at766_955_0:000176|OZ308468.1:788642-789359     -            240 5461                 -            237    1e-123  402.3   0.9   1   1  1.2e-123  1.2e-123  402.1   0.9     2   236     3   236     2   237 0.99 -
5461at766_2486578_0:00034c|OZ308468.1:788636-789356 -            241 5461                 -            237  1.1e-123  402.3   0.9   1   1  1.2e-123  1.2e-123  402.1   0.9     2   236     5   238     4   239 0.99 -
5461at766_1105107_0:00000f|OZ308468.1:788630-789353 -            242 5461                 -            237  1.1e-123  402.3   0.9   1   1  1.2e-123  1.2e-123  402.1   0.9     2   236     7   240     6   241 0.99 -
5461at766_1359163_0:00027a|OZ308468.1:788630-789353 -            242 5461                 -            237  1.1e-123  402.3   0.9   1   1  1.2e-123  1.2e-123  402.1   0.9     2   236     7   240     6   241 0.99 -
5461at766_272947_0:00007c|OZ308468.1:788630-789353  -            242 5461                 -            237  1.1e-123  402.3   0.9   1   1  1.2e-123  1.2e-123  402.1   0.9     2   236     7   240     6   241 0.99 -
5461at766_481009_0:000443|OZ308468.1:788630-789353  -            242 5461                 -            237  1.1e-123  402.3   0.9   1   1  1.2e-123  1.2e-123  402.1   0.9     2   236     7   240     6   241 0.99 -
5461at766_1242993_0:000159|OZ308468.1:788627-789353 -            243 5461                 -            237  1.1e-123  402.2   0.9   1   1  1.2e-123  1.2e-123  402.1   0.9     2   236     8   241     7   242 0.99 -
5461at766_1423892_0:000237|OZ308468.1:788627-789353 -            243 5461                 -            237  1.1e-123  402.2   0.9   1   1  1.2e-123  1.2e-123  402.1   0.9     2   236     8   241     7   242 0.99 -
5461at766_205920_0:00004a|OZ308468.1:788627-789353  -            243 5461                 -            237  1.1e-123  402.2   0.9   1   1  1.2e-123  1.2e-123  402.1   0.9     2   236     8   241     7   242 0.99 -
5461at766_391036_0:00002e|OZ308468.1:788627-789353  -            243 5461                 -            237  1.1e-123  402.2   0.9   1   1  1.2e-123  1.2e-123  402.1   0.9     2   236     8   241     7   242 0.99 -
5461at766_779_0:000310|OZ308468.1:788627-789353     -            243 5461                 -            237  1.1e-123  402.2   0.9   1   1  1.2e-123  1.2e-123  402.1   0.9     2   236     8   241     7   242 0.99 -
5461at766_246273_0:000114|OZ308468.1:788630-789359  -            244 5461                 -            237  1.1e-123  402.2   0.9   1   1  1.3e-123  1.3e-123  402.0   0.9     2   236     7   240     6   241 0.99 -
5461at766_1392507_0:00037c|OZ308468.1:788621-789353 -            245 5461                 -            237  1.1e-123  402.2   0.9   1   1  1.3e-123  1.3e-123  402.0   0.9     2   236    10   243     9   244 0.99 -
5461at766_1248439_0:00020b|OZ308468.1:788618-789353 -            246 5461                 -            237  1.1e-123  402.2   0.9   1   1  1.3e-123  1.3e-123  402.0   0.9     2   236    11   244    10   245 0.99 -
5461at766_142058_0:00024f|OZ308468.1:788618-789353  -            246 5461                 -            237  1.1e-123  402.2   0.9   1   1  1.3e-123  1.3e-123  402.0   0.9     2   236    11   244    10   245 0.99 -
5461at766_574556_0:0000dd|OZ308468.1:788618-789353  -            246 5461                 -            237  1.1e-123  402.2   0.9   1   1  1.3e-123  1.3e-123  402.0   0.9     2   236    11   244    10   245 0.99 -
5461at766_1605993_0:00010f|OZ308468.1:788621-789362 -            247 5461                 -            237  1.1e-123  402.2   0.9   1   1  1.3e-123  1.3e-123  402.0   0.9     2   236    10   243     9   244 0.99 -
5461at766_169402_0:0004b9|OZ308468.1:788621-789362  -            247 5461                 -            237  1.1e-123  402.2   0.9   1   1  1.3e-123  1.3e-123  402.0   0.9     2   236    10   243     9   244 0.99 -
5461at766_96496_0:0000e2|OZ308468.1:788621-789359   -            247 5461                 -            237  1.1e-123  402.2   0.9   1   1  1.3e-123  1.3e-123  402.0   0.9     2   236    10   243     9   244 0.99 -
5461at766_2602574_0:000175|OZ308468.1:788648-789350 -            235 5461                 -            237  1.6e-123  401.7   1.0   1   1  1.8e-123  1.8e-123  401.5   1.0     3   236     2   234     1   235 0.99 -
5461at766_2486577_0:000115|OZ308468.1:788654-789350 -            233 5461                 -            237  5.8e-123  399.9   0.9   1   1  6.4e-123  6.4e-123  399.7   0.9     4   236     1   232     1   233 0.99 -
5461at766_696127_0:0004ab|OZ308468.1:788654-789350  -            233 5461                 -            237  5.8e-123  399.9   0.9   1   1  6.4e-123  6.4e-123  399.7   0.9     4   236     1   232     1   233 0.99 -
5461at766_86105_0:000342|OZ308468.1:788654-789350   -            233 5461                 -            237  5.8e-123  399.9   0.9   1   1  6.4e-123  6.4e-123  399.7   0.9     4   236     1   232     1   233 0.99 -
5461at766_1359168_0:00009a|OZ308468.1:788642-789338 -            233 5461                 -            237  1.8e-122  398.2   0.7   1   1    2e-122    2e-122  398.1   0.7     2   233     3   233     2   233 0.99 -
5461at766_334380_0:0002a9|OZ308468.1:788642-789338  -            233 5461                 -            237  1.8e-122  398.2   0.7   1   1    2e-122    2e-122  398.1   0.7     2   233     3   233     2   233 0.99 -
5461at766_1286528_0:00015d|OZ308468.1:788657-789347 -            231 5461                 -            237  3.4e-122  397.3   0.9   1   1  3.8e-122  3.8e-122  397.2   0.9     5   236     1   231     1   231 0.99 -
5461at766_1714371_0:0002b0|OZ308468.1:788657-789347 -            231 5461                 -            237  3.4e-122  397.3   0.9   1   1  3.8e-122  3.8e-122  397.2   0.9     5   236     1   231     1   231 0.99 -
5461at766_222891_0:00020e|OZ308468.1:788657-789347  -            231 5461                 -            237  3.4e-122  397.3   0.9   1   1  3.8e-122  3.8e-122  397.2   0.9     5   236     1   231     1   231 0.99 -
5461at766_434131_0:00015c|OZ308468.1:788657-789347  -            231 5461                 -            237  3.4e-122  397.3   0.9   1   1  3.8e-122  3.8e-122  397.2   0.9     5   236     1   231     1   231 0.99 -
5461at766_2115978_0:0003f6|OZ308468.1:788660-789359 -            234 5461                 -            237  4.8e-122  396.9   1.0   1   1  5.3e-122  5.3e-122  396.7   1.0     7   236     2   230     1   231 0.99 -
#
# Program:         hmmsearch
# Version:         3.4 (Aug 2023)
# Pipeline mode:   SEARCH
# Query file:      /Users/rossoaa/Desktop/dummy/genomes/records/compleasm/mb_downloads/rickettsiales_odb12/hmms/5461at766.hmm
# Target file:     -
# Option settings: /Users/rossoaa/miniconda3/envs/compleasm_env/bin/hmmsearch --domtblout /Users/rossoaa/Desktop/dummy/genomes/records/compleasm/rickettsiales_odb12/hmmer_output/5461at766.out --cpu 1 /Users/rossoaa/Desktop/dummy/genomes/records/compleasm/mb_downloads/rickettsiales_odb12/hmms/5461at766.hmm - 
# Current dir:     /Users/rossoaa/Desktop/dummy/genomes/records/compleasm
# Date:            Tue Feb 10 10:20:21 2026
# [ok]
