#                                                                                                           --- full sequence --- -------------- this domain -------------   hmm coord   ali coord   env coord
# target name                                       accession   tlen query name           accession   qlen   E-value  score  bias   #  of  c-Evalue  i-Evalue  score  bias  from    to  from    to  from    to  acc description of target
#                               ------------------- ---------- ----- -------------------- ---------- ----- --------- ------ ----- --- --- --------- --------- ------ ----- ----- ----- ----- ----- ----- ----- ---- ---------------------
5465at766_1528098_0:0005ff|OZ308468.1:392254-392950 -            232 5465                 -            238  3.1e-114  370.9   0.2   1   1  3.5e-114  3.5e-114  370.7   0.2     1   229     1   229     1   232 0.98 -
5465at766_1605993_0:0000d5|OZ308468.1:392254-392950 -            232 5465                 -            238  3.1e-114  370.9   0.2   1   1  3.5e-114  3.5e-114  370.7   0.2     1   229     1   229     1   232 0.98 -
5465at766_169402_0:00019b|OZ308468.1:392254-392950  -            232 5465                 -            238  3.1e-114  370.9   0.2   1   1  3.5e-114  3.5e-114  370.7   0.2     1   229     1   229     1   232 0.98 -
5465at766_246273_0:0001ac|OZ308468.1:392254-392950  -            232 5465                 -            238  3.1e-114  370.9   0.2   1   1  3.5e-114  3.5e-114  370.7   0.2     1   229     1   229     1   232 0.98 -
5465at766_2486578_0:000311|OZ308468.1:392254-392950 -            232 5465                 -            238  3.1e-114  370.9   0.2   1   1  3.5e-114  3.5e-114  370.7   0.2     1   229     1   229     1   232 0.98 -
5465at766_96496_0:0002c6|OZ308468.1:392254-392950   -            232 5465                 -            238  3.1e-114  370.9   0.2   1   1  3.5e-114  3.5e-114  370.7   0.2     1   229     1   229     1   232 0.98 -
5465at766_1242993_0:000335|OZ308468.1:392254-392944 -            231 5465                 -            238  3.7e-114  370.6   0.2   1   1  4.1e-114  4.1e-114  370.5   0.2     1   227     1   227     1   231 0.98 -
5465at766_1359163_0:000301|OZ308468.1:392254-392944 -            231 5465                 -            238  3.7e-114  370.6   0.2   1   1  4.1e-114  4.1e-114  370.5   0.2     1   227     1   227     1   231 0.98 -
5465at766_205920_0:00034f|OZ308468.1:392254-392944  -            231 5465                 -            238  3.7e-114  370.6   0.2   1   1  4.1e-114  4.1e-114  370.5   0.2     1   227     1   227     1   231 0.98 -
5465at766_2486577_0:00019d|OZ308468.1:392254-392944 -            231 5465                 -            238  3.7e-114  370.6   0.2   1   1  4.1e-114  4.1e-114  370.5   0.2     1   227     1   227     1   231 0.98 -
5465at766_696127_0:000459|OZ308468.1:392254-392944  -            231 5465                 -            238  3.7e-114  370.6   0.2   1   1  4.1e-114  4.1e-114  370.5   0.2     1   227     1   227     1   231 0.98 -
5465at766_86105_0:000575|OZ308468.1:392251-392944   -            232 5465                 -            238  3.8e-114  370.6   0.2   1   1  4.1e-114  4.1e-114  370.5   0.2     1   227     2   228     2   232 0.98 -
5465at766_2602574_0:0000db|OZ308468.1:392254-392941 -            230 5465                 -            238  4.4e-114  370.4   0.2   1   1  4.9e-114  4.9e-114  370.2   0.2     1   227     1   227     1   230 0.98 -
5465at766_779_0:000333|OZ308468.1:392254-392941     -            230 5465                 -            238  4.4e-114  370.4   0.2   1   1  4.9e-114  4.9e-114  370.2   0.2     1   227     1   227     1   230 0.98 -
5465at766_1359168_0:000110|OZ308468.1:392254-392938 -            229 5465                 -            238  5.9e-114  370.0   0.2   1   1  6.5e-114  6.5e-114  369.8   0.2     1   225     1   225     1   229 0.98 -
5465at766_955_0:0000ed|OZ308468.1:392254-392938     -            229 5465                 -            238  5.9e-114  370.0   0.2   1   1  6.5e-114  6.5e-114  369.8   0.2     1   225     1   225     1   229 0.98 -
5465at766_1423892_0:000185|OZ308468.1:392254-392935 -            228 5465                 -            238  7.6e-114  369.6   0.2   1   1  8.4e-114  8.4e-114  369.5   0.2     1   225     1   225     1   228 0.98 -
5465at766_391036_0:00031d|OZ308468.1:392254-392935  -            228 5465                 -            238  7.6e-114  369.6   0.2   1   1  8.4e-114  8.4e-114  369.5   0.2     1   225     1   225     1   228 0.98 -
5465at766_752179_0:000179|OZ308468.1:392254-392935  -            228 5465                 -            238  7.6e-114  369.6   0.2   1   1  8.4e-114  8.4e-114  369.5   0.2     1   225     1   225     1   228 0.98 -
5465at766_481009_0:00030e|OZ308468.1:392254-392932  -            227 5465                 -            238  8.4e-114  369.5   0.2   1   1  9.3e-114  9.3e-114  369.3   0.2     1   224     1   224     1   227 0.98 -
5465at766_336407_0:000229|OZ308468.1:392254-392929  -            226 5465                 -            238  1.1e-113  369.1   0.2   1   1  1.2e-113  1.2e-113  369.0   0.2     1   224     1   224     1   226 0.98 -
5465at766_1248439_0:000047|OZ308468.1:392254-392923 -            224 5465                 -            238    2e-113  368.3   0.2   1   1  2.2e-113  2.2e-113  368.1   0.2     1   222     1   222     1   224 0.98 -
5465at766_1714371_0:000251|OZ308468.1:392260-392950 -            230 5465                 -            238  2.4e-113  368.0   0.2   1   1  2.6e-113  2.6e-113  367.9   0.2     3   229     1   227     1   230 0.98 -
5465at766_1961830_0:000013|OZ308468.1:392254-392917 -            222 5465                 -            238  4.4e-113  367.1   0.2   1   1  4.8e-113  4.8e-113  367.0   0.2     1   220     1   220     1   222 0.99 -
5465at766_334380_0:0004a9|OZ308468.1:392254-392917  -            222 5465                 -            238  4.4e-113  367.1   0.2   1   1  4.8e-113  4.8e-113  367.0   0.2     1   220     1   220     1   222 0.99 -
5465at766_1392507_0:000135|OZ308468.1:392254-392914 -            221 5465                 -            238  5.5e-113  366.8   0.2   1   1    6e-113    6e-113  366.7   0.2     1   220     1   220     1   221 0.99 -
5465at766_222891_0:0001a8|OZ308468.1:392260-392932  -            225 5465                 -            238  6.4e-113  366.6   0.1   1   1    7e-113    7e-113  366.5   0.1     3   224     1   222     1   225 0.98 -
5465at766_434131_0:00019c|OZ308468.1:392260-392899  -            214 5465                 -            238  1.9e-111  361.8   0.1   1   1  2.1e-111  2.1e-111  361.6   0.1     3   214     1   212     1   214 0.99 -
5465at766_1105107_0:000130|OZ308468.1:392254-392878 -            209 5465                 -            238  5.6e-111  360.2   0.1   1   1  6.3e-111  6.3e-111  360.1   0.1     1   209     1   209     1   209 1.00 -
5465at766_272947_0:00021c|OZ308468.1:392254-392878  -            209 5465                 -            238  5.6e-111  360.2   0.1   1   1  6.3e-111  6.3e-111  360.1   0.1     1   209     1   209     1   209 1.00 -
#
# Program:         hmmsearch
# Version:         3.4 (Aug 2023)
# Pipeline mode:   SEARCH
# Query file:      /Users/rossoaa/Desktop/dummy/genomes/records/compleasm/mb_downloads/rickettsiales_odb12/hmms/5465at766.hmm
# Target file:     -
# Option settings: /Users/rossoaa/miniconda3/envs/compleasm_env/bin/hmmsearch --domtblout /Users/rossoaa/Desktop/dummy/genomes/records/compleasm/rickettsiales_odb12/hmmer_output/5465at766.out --cpu 1 /Users/rossoaa/Desktop/dummy/genomes/records/compleasm/mb_downloads/rickettsiales_odb12/hmms/5465at766.hmm - 
# Current dir:     /Users/rossoaa/Desktop/dummy/genomes/records/compleasm
# Date:            Tue Feb 10 10:20:22 2026
# [ok]
