#                                                                                                           --- full sequence --- -------------- this domain -------------   hmm coord   ali coord   env coord
# target name                                       accession   tlen query name           accession   qlen   E-value  score  bias   #  of  c-Evalue  i-Evalue  score  bias  from    to  from    to  from    to  acc description of target
#                               ------------------- ---------- ----- -------------------- ---------- ----- --------- ------ ----- --- --- --------- --------- ------ ----- ----- ----- ----- ----- ----- ----- ---- ---------------------
5468at766_1359163_0:0002f2|OZ308468.1:434914-435730 -            273 5468                 -            225   1.9e-87  283.0   4.3   1   2   7.8e-32   7.8e-32  101.1   0.0     2    87     2    90     1    98 0.91 -
5468at766_1359163_0:0002f2|OZ308468.1:434914-435730 -            273 5468                 -            225   1.9e-87  283.0   4.3   2   2   9.4e-57   9.4e-57  182.6   1.9    80   225   121   272   110   272 0.91 -
5468at766_955_0:0000a1|OZ308468.1:434914-435736     -            275 5468                 -            225   1.9e-87  283.0   4.3   1   2   7.9e-32   7.9e-32  101.1   0.0     2    87     4    92     3   100 0.91 -
5468at766_955_0:0000a1|OZ308468.1:434914-435736     -            275 5468                 -            225   1.9e-87  283.0   4.3   2   2   9.6e-57   9.6e-57  182.6   1.9    80   225   123   274   112   274 0.91 -
5468at766_1105107_0:00014e|OZ308468.1:434911-435733 -            275 5468                 -            225   1.9e-87  283.0   4.3   1   2   7.9e-32   7.9e-32  101.1   0.0     2    87     3    91     2    99 0.91 -
5468at766_1105107_0:00014e|OZ308468.1:434911-435733 -            275 5468                 -            225   1.9e-87  283.0   4.3   2   2   9.6e-57   9.6e-57  182.6   1.9    80   225   122   273   111   273 0.91 -
5468at766_336407_0:00049a|OZ308468.1:434911-435733  -            275 5468                 -            225   1.9e-87  283.0   4.3   1   2   7.9e-32   7.9e-32  101.1   0.0     2    87     3    91     2    99 0.91 -
5468at766_336407_0:00049a|OZ308468.1:434911-435733  -            275 5468                 -            225   1.9e-87  283.0   4.3   2   2   9.6e-57   9.6e-57  182.6   1.9    80   225   122   273   111   273 0.91 -
5468at766_1286528_0:0002c4|OZ308468.1:434908-435733 -            276 5468                 -            225   1.9e-87  282.9   4.3   1   2     8e-32     8e-32  101.1   0.0     2    87     3    91     2    99 0.91 -
5468at766_1286528_0:0002c4|OZ308468.1:434908-435733 -            276 5468                 -            225   1.9e-87  282.9   4.3   2   2   9.7e-57   9.7e-57  182.5   1.9    80   225   122   273   111   273 0.91 -
5468at766_169402_0:000273|OZ308468.1:434899-435730  -            277 5468                 -            225     2e-87  282.9   4.3   1   2     8e-32     8e-32  101.0   0.0     2    87     2    90     1    98 0.91 -
5468at766_169402_0:000273|OZ308468.1:434899-435730  -            277 5468                 -            225     2e-87  282.9   4.3   2   2   9.8e-57   9.8e-57  182.5   1.9    80   225   121   272   110   272 0.91 -
5468at766_246273_0:0002c0|OZ308468.1:434899-435730  -            277 5468                 -            225     2e-87  282.9   4.3   1   2     8e-32     8e-32  101.0   0.0     2    87     2    90     1    98 0.91 -
5468at766_246273_0:0002c0|OZ308468.1:434899-435730  -            277 5468                 -            225     2e-87  282.9   4.3   2   2   9.8e-57   9.8e-57  182.5   1.9    80   225   121   272   110   272 0.91 -
5468at766_142058_0:000182|OZ308468.1:434914-435727  -            272 5468                 -            225   2.3e-87  282.7   4.1   1   2   1.1e-31   1.1e-31  100.6   0.0     3    87     2    89     1    97 0.91 -
5468at766_142058_0:000182|OZ308468.1:434914-435727  -            272 5468                 -            225   2.3e-87  282.7   4.1   2   2   9.3e-57   9.3e-57  182.6   1.9    80   225   120   271   109   271 0.91 -
5468at766_574556_0:000362|OZ308468.1:434914-435727  -            272 5468                 -            225   2.3e-87  282.7   4.1   1   2   1.1e-31   1.1e-31  100.6   0.0     3    87     2    89     1    97 0.91 -
5468at766_574556_0:000362|OZ308468.1:434914-435727  -            272 5468                 -            225   2.3e-87  282.7   4.1   2   2   9.3e-57   9.3e-57  182.6   1.9    80   225   120   271   109   271 0.91 -
5468at766_1605993_0:0002d5|OZ308468.1:434899-435724 -            275 5468                 -            225   3.8e-87  282.0   4.3   1   2   1.6e-31   1.6e-31  100.0   0.0     4    87     2    88     1    96 0.91 -
5468at766_1605993_0:0002d5|OZ308468.1:434899-435724 -            275 5468                 -            225   3.8e-87  282.0   4.3   2   2   9.6e-57   9.6e-57  182.6   1.9    80   225   119   270   108   270 0.91 -
5468at766_96496_0:0002e1|OZ308468.1:434899-435724   -            275 5468                 -            225   3.8e-87  282.0   4.3   1   2   1.6e-31   1.6e-31  100.0   0.0     4    87     2    88     1    96 0.91 -
5468at766_96496_0:0002e1|OZ308468.1:434899-435724   -            275 5468                 -            225   3.8e-87  282.0   4.3   2   2   9.6e-57   9.6e-57  182.6   1.9    80   225   119   270   108   270 0.91 -
5468at766_1242993_0:00000b|OZ308468.1:434914-435721 -            270 5468                 -            225   6.5e-87  281.2   4.3   1   2   2.9e-31   2.9e-31   99.2   0.0     5    87     2    87     1    95 0.91 -
5468at766_1242993_0:00000b|OZ308468.1:434914-435721 -            270 5468                 -            225   6.5e-87  281.2   4.3   2   2   9.1e-57   9.1e-57  182.6   1.9    80   225   118   269   107   269 0.91 -
5468at766_1423892_0:00000d|OZ308468.1:434914-435721 -            270 5468                 -            225   6.5e-87  281.2   4.3   1   2   2.9e-31   2.9e-31   99.2   0.0     5    87     2    87     1    95 0.91 -
5468at766_1423892_0:00000d|OZ308468.1:434914-435721 -            270 5468                 -            225   6.5e-87  281.2   4.3   2   2   9.1e-57   9.1e-57  182.6   1.9    80   225   118   269   107   269 0.91 -
5468at766_205920_0:00007b|OZ308468.1:434914-435721  -            270 5468                 -            225   6.5e-87  281.2   4.3   1   2   2.9e-31   2.9e-31   99.2   0.0     5    87     2    87     1    95 0.91 -
5468at766_205920_0:00007b|OZ308468.1:434914-435721  -            270 5468                 -            225   6.5e-87  281.2   4.3   2   2   9.1e-57   9.1e-57  182.6   1.9    80   225   118   269   107   269 0.91 -
5468at766_391036_0:0000f9|OZ308468.1:434914-435721  -            270 5468                 -            225   6.5e-87  281.2   4.3   1   2   2.9e-31   2.9e-31   99.2   0.0     5    87     2    87     1    95 0.91 -
5468at766_391036_0:0000f9|OZ308468.1:434914-435721  -            270 5468                 -            225   6.5e-87  281.2   4.3   2   2   9.1e-57   9.1e-57  182.6   1.9    80   225   118   269   107   269 0.91 -
5468at766_779_0:00028c|OZ308468.1:434914-435721     -            270 5468                 -            225   6.5e-87  281.2   4.3   1   2   2.9e-31   2.9e-31   99.2   0.0     5    87     2    87     1    95 0.91 -
5468at766_779_0:00028c|OZ308468.1:434914-435721     -            270 5468                 -            225   6.5e-87  281.2   4.3   2   2   9.1e-57   9.1e-57  182.6   1.9    80   225   118   269   107   269 0.91 -
5468at766_272947_0:00020a|OZ308468.1:434911-435718  -            270 5468                 -            225   1.6e-86  279.9   4.6   1   2   5.6e-31   5.6e-31   98.3   0.0     5    87     1    86     1    94 0.91 -
5468at766_272947_0:00020a|OZ308468.1:434911-435718  -            270 5468                 -            225   1.6e-86  279.9   4.6   2   2   9.1e-57   9.1e-57  182.6   1.9    80   225   117   268   106   268 0.91 -
5468at766_1528098_0:0000fa|OZ308468.1:434905-435718 -            272 5468                 -            225   1.7e-86  279.9   4.6   1   2   5.7e-31   5.7e-31   98.3   0.0     5    87     1    86     1    94 0.91 -
5468at766_1528098_0:0000fa|OZ308468.1:434905-435718 -            272 5468                 -            225   1.7e-86  279.9   4.6   2   2   9.3e-57   9.3e-57  182.6   1.9    80   225   117   268   106   268 0.91 -
5468at766_1961830_0:00020c|OZ308468.1:434938-435718 -            261 5468                 -            225   5.5e-85  274.9   5.7   1   2   5.3e-31   5.3e-31   98.4   0.0     5    87     1    86     1    94 0.91 -
5468at766_1961830_0:00020c|OZ308468.1:434938-435718 -            261 5468                 -            225   5.5e-85  274.9   5.7   2   2   2.9e-55   2.9e-55  177.7   2.8    80   216   117   258   106   261 0.91 -
5468at766_222891_0:0002ab|OZ308468.1:434959-435733  -            259 5468                 -            225   1.9e-84  273.2   5.4   1   2     7e-32     7e-32  101.2   0.0     2    87     3    91     2    99 0.91 -
5468at766_222891_0:0002ab|OZ308468.1:434959-435733  -            259 5468                 -            225   1.9e-84  273.2   5.4   2   2   9.4e-54   9.4e-54  172.8   2.8    80   212   122   259   111   259 0.91 -
5468at766_434131_0:000059|OZ308468.1:434959-435733  -            259 5468                 -            225   1.9e-84  273.2   5.4   1   2     7e-32     7e-32  101.2   0.0     2    87     3    91     2    99 0.91 -
5468at766_434131_0:000059|OZ308468.1:434959-435733  -            259 5468                 -            225   1.9e-84  273.2   5.4   2   2   9.4e-54   9.4e-54  172.8   2.8    80   212   122   259   111   259 0.91 -
#
# Program:         hmmsearch
# Version:         3.4 (Aug 2023)
# Pipeline mode:   SEARCH
# Query file:      /Users/rossoaa/Desktop/dummy/genomes/records/compleasm/mb_downloads/rickettsiales_odb12/hmms/5468at766.hmm
# Target file:     -
# Option settings: /Users/rossoaa/miniconda3/envs/compleasm_env/bin/hmmsearch --domtblout /Users/rossoaa/Desktop/dummy/genomes/records/compleasm/rickettsiales_odb12/hmmer_output/5468at766.out --cpu 1 /Users/rossoaa/Desktop/dummy/genomes/records/compleasm/mb_downloads/rickettsiales_odb12/hmms/5468at766.hmm - 
# Current dir:     /Users/rossoaa/Desktop/dummy/genomes/records/compleasm
# Date:            Tue Feb 10 10:20:24 2026
# [ok]
