#                                                                                                           --- full sequence --- -------------- this domain -------------   hmm coord   ali coord   env coord
# target name                                       accession   tlen query name           accession   qlen   E-value  score  bias   #  of  c-Evalue  i-Evalue  score  bias  from    to  from    to  from    to  acc description of target
#                               ------------------- ---------- ----- -------------------- ---------- ----- --------- ------ ----- --- --- --------- --------- ------ ----- ----- ----- ----- ----- ----- ----- ---- ---------------------
5478at766_2486578_0:0002a4|OZ308468.1:825392-826124 -            244 5478                 -            230   1.9e-98  319.2   1.4   1   1   2.1e-98   2.1e-98  319.0   1.4     4   229     5   243     2   244 0.89 -
5478at766_142058_0:000396|OZ308468.1:825380-826124  -            248 5478                 -            230     2e-98  319.1   1.4   1   1   2.3e-98   2.3e-98  318.9   1.4     4   229     9   247     6   248 0.89 -
5478at766_96496_0:0001d6|OZ308468.1:825380-826124   -            248 5478                 -            230     2e-98  319.1   1.4   1   1   2.3e-98   2.3e-98  318.9   1.4     4   229     9   247     6   248 0.89 -
5478at766_169402_0:000308|OZ308468.1:825368-826124  -            252 5478                 -            230   2.1e-98  319.0   1.4   1   1   2.4e-98   2.4e-98  318.8   1.4     4   229    13   251    10   252 0.89 -
5478at766_1605993_0:000125|OZ308468.1:825341-826124 -            261 5478                 -            230   2.3e-98  318.9   1.4   1   1   2.8e-98   2.8e-98  318.6   1.4     4   229    22   260    19   261 0.89 -
5478at766_246273_0:0002e3|OZ308468.1:825341-826124  -            261 5478                 -            230   2.3e-98  318.9   1.4   1   1   2.8e-98   2.8e-98  318.6   1.4     4   229    22   260    19   261 0.89 -
5478at766_1392507_0:000106|OZ308468.1:825401-826124 -            241 5478                 -            230   3.2e-98  318.4   1.5   1   1   3.5e-98   3.5e-98  318.3   1.5     6   229     4   240     1   241 0.89 -
5478at766_1359168_0:00005f|OZ308468.1:825404-826121 -            240 5478                 -            230   3.8e-98  318.2   1.5   1   1   4.3e-98   4.3e-98  318.0   1.5     6   229     3   239     1   240 0.89 -
5478at766_434131_0:0000fd|OZ308468.1:825398-826082  -            229 5478                 -            230   8.3e-98  317.1   1.2   1   1     9e-98     9e-98  316.9   1.2     5   221     4   227     1   229 0.92 -
5478at766_779_0:000015|OZ308468.1:825416-826124     -            236 5478                 -            230   1.4e-97  316.3   1.7   1   1   1.6e-97   1.6e-97  316.1   1.7     9   229     2   235     1   236 0.89 -
5478at766_1242993_0:000394|OZ308468.1:825419-826124 -            235 5478                 -            230   2.2e-97  315.7   1.7   1   1   2.5e-97   2.5e-97  315.5   1.7    10   229     2   234     1   235 0.89 -
5478at766_1359163_0:000367|OZ308468.1:825419-826124 -            235 5478                 -            230   2.2e-97  315.7   1.7   1   1   2.5e-97   2.5e-97  315.5   1.7    10   229     2   234     1   235 0.89 -
5478at766_1423892_0:000219|OZ308468.1:825419-826124 -            235 5478                 -            230   2.2e-97  315.7   1.7   1   1   2.5e-97   2.5e-97  315.5   1.7    10   229     2   234     1   235 0.89 -
5478at766_205920_0:00033c|OZ308468.1:825419-826124  -            235 5478                 -            230   2.2e-97  315.7   1.7   1   1   2.5e-97   2.5e-97  315.5   1.7    10   229     2   234     1   235 0.89 -
5478at766_391036_0:00016a|OZ308468.1:825419-826124  -            235 5478                 -            230   2.2e-97  315.7   1.7   1   1   2.5e-97   2.5e-97  315.5   1.7    10   229     2   234     1   235 0.89 -
5478at766_1105107_0:0001b8|OZ308468.1:825386-826046 -            221 5478                 -            230     1e-96  313.5   2.0   1   1   1.1e-96   1.1e-96  313.3   2.0     4   211     7   219     4   221 0.94 -
5478at766_481009_0:000453|OZ308468.1:825374-826046  -            225 5478                 -            230   1.1e-96  313.4   2.0   1   1   1.2e-96   1.2e-96  313.2   2.0     4   211    11   223     8   225 0.94 -
5478at766_336407_0:0001a4|OZ308468.1:825398-826046  -            217 5478                 -            230   1.4e-96  313.0   2.1   1   1   1.5e-96   1.5e-96  312.9   2.1     5   211     4   215     1   217 0.94 -
5478at766_1528098_0:000349|OZ308468.1:825380-826043 -            222 5478                 -            230   1.6e-96  312.9   2.2   1   1   1.8e-96   1.8e-96  312.7   2.2     4   211     9   221     6   222 0.94 -
5478at766_1961830_0:00019b|OZ308468.1:825374-826043 -            224 5478                 -            230   1.6e-96  312.8   2.2   1   1   1.8e-96   1.8e-96  312.7   2.2     4   211    11   223     8   224 0.94 -
5478at766_2115978_0:0003d4|OZ308468.1:825404-826043 -            214 5478                 -            230   3.1e-96  311.9   2.4   1   1   3.4e-96   3.4e-96  311.8   2.4     6   211     3   213     1   214 0.94 -
5478at766_752179_0:0003e2|OZ308468.1:825419-826064  -            216 5478                 -            230   4.1e-96  311.5   1.9   1   1   4.8e-96   4.8e-96  311.3   1.9    10   214     2   211     1   215 0.94 -
5478at766_1714371_0:00021b|OZ308468.1:825428-826082 -            219 5478                 -            230   4.4e-96  311.4   1.3   1   1   4.8e-96   4.8e-96  311.3   1.3    13   221     2   217     1   219 0.92 -
5478at766_222891_0:0002b9|OZ308468.1:825428-826082  -            219 5478                 -            230   4.4e-96  311.4   1.3   1   1   4.8e-96   4.8e-96  311.3   1.3    13   221     2   217     1   219 0.92 -
5478at766_955_0:0000b8|OZ308468.1:825434-826124     -            230 5478                 -            230   4.9e-96  311.3   1.6   1   1   5.5e-96   5.5e-96  311.1   1.6    15   229     2   229     1   230 0.89 -
5478at766_1286528_0:000222|OZ308468.1:825440-826118 -            227 5478                 -            230   2.1e-95  309.2   1.5   1   1   2.4e-95   2.4e-95  309.0   1.5    17   228     2   226     1   227 0.88 -
5478at766_272947_0:000188|OZ308468.1:825431-826046  -            206 5478                 -            230   1.4e-94  306.5   2.4   1   1   1.6e-94   1.6e-94  306.3   2.4    13   211     1   204     1   206 0.94 -
5478at766_1248439_0:0001b8|OZ308468.1:825446-826106 -            221 5478                 -            230   1.8e-94  306.2   1.4   1   1   2.1e-94   2.1e-94  305.9   1.4    18   222     1   212     1   218 0.92 -
5478at766_574556_0:0001b7|OZ308468.1:825446-826106  -            221 5478                 -            230   1.8e-94  306.2   1.4   1   1   2.1e-94   2.1e-94  305.9   1.4    18   222     1   212     1   218 0.92 -
5478at766_1274402_0:000267|OZ308468.1:825452-826124 -            224 5478                 -            230   4.1e-94  305.0   2.1   1   1   4.7e-94   4.7e-94  304.8   2.1    20   229     1   223     1   224 0.88 -
5478at766_696127_0:000271|OZ308468.1:825419-826028  -            204 5478                 -            230   9.9e-94  303.7   2.6   1   1   1.1e-93   1.1e-93  303.6   2.6    10   206     2   203     1   204 0.94 -
#
# Program:         hmmsearch
# Version:         3.4 (Aug 2023)
# Pipeline mode:   SEARCH
# Query file:      /Users/rossoaa/Desktop/dummy/genomes/records/compleasm/mb_downloads/rickettsiales_odb12/hmms/5478at766.hmm
# Target file:     -
# Option settings: /Users/rossoaa/miniconda3/envs/compleasm_env/bin/hmmsearch --domtblout /Users/rossoaa/Desktop/dummy/genomes/records/compleasm/rickettsiales_odb12/hmmer_output/5478at766.out --cpu 1 /Users/rossoaa/Desktop/dummy/genomes/records/compleasm/mb_downloads/rickettsiales_odb12/hmms/5478at766.hmm - 
# Current dir:     /Users/rossoaa/Desktop/dummy/genomes/records/compleasm
# Date:            Tue Feb 10 10:20:23 2026
# [ok]
