#                                                                                                           --- full sequence --- -------------- this domain -------------   hmm coord   ali coord   env coord
# target name                                       accession   tlen query name           accession   qlen   E-value  score  bias   #  of  c-Evalue  i-Evalue  score  bias  from    to  from    to  from    to  acc description of target
#                               ------------------- ---------- ----- -------------------- ---------- ----- --------- ------ ----- --- --- --------- --------- ------ ----- ----- ----- ----- ----- ----- ----- ---- ---------------------
5484at766_1105107_0:0000be|OZ308468.1:731555-732170 -            206 5484                 -            209  9.8e-106  343.0   6.2   1   1  1.1e-105  1.1e-105  342.8   6.2     1   204     1   205     1   206 0.99 -
5484at766_1242993_0:0002b3|OZ308468.1:731555-732170 -            206 5484                 -            209  9.8e-106  343.0   6.2   1   1  1.1e-105  1.1e-105  342.8   6.2     1   204     1   205     1   206 0.99 -
5484at766_1248439_0:00038b|OZ308468.1:731555-732170 -            206 5484                 -            209  9.8e-106  343.0   6.2   1   1  1.1e-105  1.1e-105  342.8   6.2     1   204     1   205     1   206 0.99 -
5484at766_1274402_0:0002a4|OZ308468.1:731555-732170 -            206 5484                 -            209  9.8e-106  343.0   6.2   1   1  1.1e-105  1.1e-105  342.8   6.2     1   204     1   205     1   206 0.99 -
5484at766_1286528_0:000184|OZ308468.1:731555-732170 -            206 5484                 -            209  9.8e-106  343.0   6.2   1   1  1.1e-105  1.1e-105  342.8   6.2     1   204     1   205     1   206 0.99 -
5484at766_1359163_0:0001c0|OZ308468.1:731555-732170 -            206 5484                 -            209  9.8e-106  343.0   6.2   1   1  1.1e-105  1.1e-105  342.8   6.2     1   204     1   205     1   206 0.99 -
5484at766_1359168_0:000196|OZ308468.1:731555-732173 -            206 5484                 -            209  9.8e-106  343.0   6.2   1   1  1.1e-105  1.1e-105  342.8   6.2     1   204     1   205     1   206 0.99 -
5484at766_1392507_0:00004c|OZ308468.1:731555-732170 -            206 5484                 -            209  9.8e-106  343.0   6.2   1   1  1.1e-105  1.1e-105  342.8   6.2     1   204     1   205     1   206 0.99 -
5484at766_142058_0:0000e8|OZ308468.1:731555-732170  -            206 5484                 -            209  9.8e-106  343.0   6.2   1   1  1.1e-105  1.1e-105  342.8   6.2     1   204     1   205     1   206 0.99 -
5484at766_1423892_0:0002fe|OZ308468.1:731555-732170 -            206 5484                 -            209  9.8e-106  343.0   6.2   1   1  1.1e-105  1.1e-105  342.8   6.2     1   204     1   205     1   206 0.99 -
5484at766_1528098_0:000226|OZ308468.1:731555-732170 -            206 5484                 -            209  9.8e-106  343.0   6.2   1   1  1.1e-105  1.1e-105  342.8   6.2     1   204     1   205     1   206 0.99 -
5484at766_1605993_0:0001df|OZ308468.1:731555-732173 -            206 5484                 -            209  9.8e-106  343.0   6.2   1   1  1.1e-105  1.1e-105  342.8   6.2     1   204     1   205     1   206 0.99 -
5484at766_169402_0:0001fb|OZ308468.1:731555-732173  -            206 5484                 -            209  9.8e-106  343.0   6.2   1   1  1.1e-105  1.1e-105  342.8   6.2     1   204     1   205     1   206 0.99 -
5484at766_1714371_0:000032|OZ308468.1:731555-732173 -            206 5484                 -            209  9.8e-106  343.0   6.2   1   1  1.1e-105  1.1e-105  342.8   6.2     1   204     1   205     1   206 0.99 -
5484at766_1961830_0:000090|OZ308468.1:731555-732170 -            206 5484                 -            209  9.8e-106  343.0   6.2   1   1  1.1e-105  1.1e-105  342.8   6.2     1   204     1   205     1   206 0.99 -
5484at766_205920_0:00015c|OZ308468.1:731555-732170  -            206 5484                 -            209  9.8e-106  343.0   6.2   1   1  1.1e-105  1.1e-105  342.8   6.2     1   204     1   205     1   206 0.99 -
5484at766_222891_0:000150|OZ308468.1:731555-732173  -            206 5484                 -            209  9.8e-106  343.0   6.2   1   1  1.1e-105  1.1e-105  342.8   6.2     1   204     1   205     1   206 0.99 -
5484at766_246273_0:0001a3|OZ308468.1:731555-732173  -            206 5484                 -            209  9.8e-106  343.0   6.2   1   1  1.1e-105  1.1e-105  342.8   6.2     1   204     1   205     1   206 0.99 -
5484at766_2486577_0:000159|OZ308468.1:731555-732170 -            206 5484                 -            209  9.8e-106  343.0   6.2   1   1  1.1e-105  1.1e-105  342.8   6.2     1   204     1   205     1   206 0.99 -
5484at766_2602574_0:000207|OZ308468.1:731555-732170 -            206 5484                 -            209  9.8e-106  343.0   6.2   1   1  1.1e-105  1.1e-105  342.8   6.2     1   204     1   205     1   206 0.99 -
5484at766_272947_0:0002ba|OZ308468.1:731555-732170  -            206 5484                 -            209  9.8e-106  343.0   6.2   1   1  1.1e-105  1.1e-105  342.8   6.2     1   204     1   205     1   206 0.99 -
5484at766_336407_0:000528|OZ308468.1:731555-732170  -            206 5484                 -            209  9.8e-106  343.0   6.2   1   1  1.1e-105  1.1e-105  342.8   6.2     1   204     1   205     1   206 0.99 -
5484at766_481009_0:000166|OZ308468.1:731555-732170  -            206 5484                 -            209  9.8e-106  343.0   6.2   1   1  1.1e-105  1.1e-105  342.8   6.2     1   204     1   205     1   206 0.99 -
5484at766_86105_0:00017f|OZ308468.1:731555-732170   -            206 5484                 -            209  9.8e-106  343.0   6.2   1   1  1.1e-105  1.1e-105  342.8   6.2     1   204     1   205     1   206 0.99 -
5484at766_96496_0:000069|OZ308468.1:731555-732173   -            206 5484                 -            209  9.8e-106  343.0   6.2   1   1  1.1e-105  1.1e-105  342.8   6.2     1   204     1   205     1   206 0.99 -
5484at766_955_0:00031b|OZ308468.1:731555-732167     -            205 5484                 -            209  1.6e-105  342.2   6.3   1   1  1.8e-105  1.8e-105  342.1   6.3     1   203     1   204     1   205 0.99 -
5484at766_2115978_0:000250|OZ308468.1:731555-732164 -            204 5484                 -            209  3.6e-105  341.1   6.5   1   1    4e-105    4e-105  341.0   6.5     1   202     1   203     1   204 0.99 -
5484at766_2486578_0:000403|OZ308468.1:731555-732164 -            204 5484                 -            209  3.6e-105  341.1   6.5   1   1    4e-105    4e-105  341.0   6.5     1   202     1   203     1   204 0.99 -
5484at766_334380_0:000452|OZ308468.1:731555-732164  -            204 5484                 -            209  3.6e-105  341.1   6.5   1   1    4e-105    4e-105  341.0   6.5     1   202     1   203     1   204 0.99 -
5484at766_1802984_0:0000a6|OZ308468.1:731555-732155 -            201 5484                 -            209  1.5e-103  335.8   5.8   1   1  1.7e-103  1.7e-103  335.7   5.8     1   200     1   201     1   201 0.99 -
#
# Program:         hmmsearch
# Version:         3.4 (Aug 2023)
# Pipeline mode:   SEARCH
# Query file:      /Users/rossoaa/Desktop/dummy/genomes/records/compleasm/mb_downloads/rickettsiales_odb12/hmms/5484at766.hmm
# Target file:     -
# Option settings: /Users/rossoaa/miniconda3/envs/compleasm_env/bin/hmmsearch --domtblout /Users/rossoaa/Desktop/dummy/genomes/records/compleasm/rickettsiales_odb12/hmmer_output/5484at766.out --cpu 1 /Users/rossoaa/Desktop/dummy/genomes/records/compleasm/mb_downloads/rickettsiales_odb12/hmms/5484at766.hmm - 
# Current dir:     /Users/rossoaa/Desktop/dummy/genomes/records/compleasm
# Date:            Tue Feb 10 10:20:21 2026
# [ok]
