#                                                                                                           --- full sequence --- -------------- this domain -------------   hmm coord   ali coord   env coord
# target name                                       accession   tlen query name           accession   qlen   E-value  score  bias   #  of  c-Evalue  i-Evalue  score  bias  from    to  from    to  from    to  acc description of target
#                               ------------------- ---------- ----- -------------------- ---------- ----- --------- ------ ----- --- --- --------- --------- ------ ----- ----- ----- ----- ----- ----- ----- ---- ---------------------
5494at766_1248439_0:000330|OZ308468.1:842549-843161 -            204 5494                 -            204  5.2e-107  346.7   2.5   1   1  5.8e-107  5.8e-107  346.5   2.5     1   204     1   204     1   204 1.00 -
5494at766_1286528_0:00019b|OZ308468.1:842552-843161 -            204 5494                 -            204  5.2e-107  346.7   2.5   1   1  5.8e-107  5.8e-107  346.5   2.5     1   204     1   204     1   204 1.00 -
5494at766_1359163_0:000273|OZ308468.1:842549-843161 -            204 5494                 -            204  5.2e-107  346.7   2.5   1   1  5.8e-107  5.8e-107  346.5   2.5     1   204     1   204     1   204 1.00 -
5494at766_1392507_0:000363|OZ308468.1:842549-843161 -            204 5494                 -            204  5.2e-107  346.7   2.5   1   1  5.8e-107  5.8e-107  346.5   2.5     1   204     1   204     1   204 1.00 -
5494at766_142058_0:00016f|OZ308468.1:842549-843161  -            204 5494                 -            204  5.2e-107  346.7   2.5   1   1  5.8e-107  5.8e-107  346.5   2.5     1   204     1   204     1   204 1.00 -
5494at766_1528098_0:0002ba|OZ308468.1:842549-843161 -            204 5494                 -            204  5.2e-107  346.7   2.5   1   1  5.8e-107  5.8e-107  346.5   2.5     1   204     1   204     1   204 1.00 -
5494at766_1605993_0:00012b|OZ308468.1:842549-843161 -            204 5494                 -            204  5.2e-107  346.7   2.5   1   1  5.8e-107  5.8e-107  346.5   2.5     1   204     1   204     1   204 1.00 -
5494at766_169402_0:000277|OZ308468.1:842549-843161  -            204 5494                 -            204  5.2e-107  346.7   2.5   1   1  5.8e-107  5.8e-107  346.5   2.5     1   204     1   204     1   204 1.00 -
5494at766_1714371_0:000258|OZ308468.1:842552-843161 -            204 5494                 -            204  5.2e-107  346.7   2.5   1   1  5.8e-107  5.8e-107  346.5   2.5     1   204     1   204     1   204 1.00 -
5494at766_222891_0:0000ef|OZ308468.1:842552-843161  -            204 5494                 -            204  5.2e-107  346.7   2.5   1   1  5.8e-107  5.8e-107  346.5   2.5     1   204     1   204     1   204 1.00 -
5494at766_246273_0:00016b|OZ308468.1:842549-843161  -            204 5494                 -            204  5.2e-107  346.7   2.5   1   1  5.8e-107  5.8e-107  346.5   2.5     1   204     1   204     1   204 1.00 -
5494at766_574556_0:000043|OZ308468.1:842549-843161  -            204 5494                 -            204  5.2e-107  346.7   2.5   1   1  5.8e-107  5.8e-107  346.5   2.5     1   204     1   204     1   204 1.00 -
5494at766_696127_0:000406|OZ308468.1:842549-843161  -            204 5494                 -            204  5.2e-107  346.7   2.5   1   1  5.8e-107  5.8e-107  346.5   2.5     1   204     1   204     1   204 1.00 -
5494at766_86105_0:000573|OZ308468.1:842549-843161   -            204 5494                 -            204  5.2e-107  346.7   2.5   1   1  5.8e-107  5.8e-107  346.5   2.5     1   204     1   204     1   204 1.00 -
5494at766_955_0:000122|OZ308468.1:842549-843161     -            204 5494                 -            204  5.2e-107  346.7   2.5   1   1  5.8e-107  5.8e-107  346.5   2.5     1   204     1   204     1   204 1.00 -
5494at766_96496_0:000283|OZ308468.1:842549-843161   -            204 5494                 -            204  5.2e-107  346.7   2.5   1   1  5.8e-107  5.8e-107  346.5   2.5     1   204     1   204     1   204 1.00 -
5494at766_1242993_0:0000f8|OZ308468.1:842549-843155 -            202 5494                 -            204  9.3e-106  342.6   2.7   1   1    1e-105    1e-105  342.4   2.7     4   204     2   202     1   202 0.99 -
5494at766_1423892_0:0001db|OZ308468.1:842549-843155 -            202 5494                 -            204  9.3e-106  342.6   2.7   1   1    1e-105    1e-105  342.4   2.7     4   204     2   202     1   202 0.99 -
5494at766_205920_0:000280|OZ308468.1:842549-843155  -            202 5494                 -            204  9.3e-106  342.6   2.7   1   1    1e-105    1e-105  342.4   2.7     4   204     2   202     1   202 0.99 -
5494at766_391036_0:0002cc|OZ308468.1:842549-843155  -            202 5494                 -            204  9.3e-106  342.6   2.7   1   1    1e-105    1e-105  342.4   2.7     4   204     2   202     1   202 0.99 -
5494at766_779_0:000063|OZ308468.1:842549-843155     -            202 5494                 -            204  9.3e-106  342.6   2.7   1   1    1e-105    1e-105  342.4   2.7     4   204     2   202     1   202 0.99 -
5494at766_2486578_0:0000a5|OZ308468.1:842549-843143 -            198 5494                 -            204  1.9e-104  338.3   2.4   1   1  2.2e-104  2.2e-104  338.1   2.4     7   204     1   198     1   198 1.00 -
#
# Program:         hmmsearch
# Version:         3.4 (Aug 2023)
# Pipeline mode:   SEARCH
# Query file:      /Users/rossoaa/Desktop/dummy/genomes/records/compleasm/mb_downloads/rickettsiales_odb12/hmms/5494at766.hmm
# Target file:     -
# Option settings: /Users/rossoaa/miniconda3/envs/compleasm_env/bin/hmmsearch --domtblout /Users/rossoaa/Desktop/dummy/genomes/records/compleasm/rickettsiales_odb12/hmmer_output/5494at766.out --cpu 1 /Users/rossoaa/Desktop/dummy/genomes/records/compleasm/mb_downloads/rickettsiales_odb12/hmms/5494at766.hmm - 
# Current dir:     /Users/rossoaa/Desktop/dummy/genomes/records/compleasm
# Date:            Tue Feb 10 10:20:20 2026
# [ok]
