#                                                                                                         --- full sequence --- -------------- this domain -------------   hmm coord   ali coord   env coord
# target name                                     accession   tlen query name           accession   qlen   E-value  score  bias   #  of  c-Evalue  i-Evalue  score  bias  from    to  from    to  from    to  acc description of target
#                             ------------------- ---------- ----- -------------------- ---------- ----- --------- ------ ----- --- --- --------- --------- ------ ----- ----- ----- ----- ----- ----- ----- ---- ---------------------
54at766_1242993_0:0002c5|OZ308468.1:840415-841282 -            290 54                   -            290  2.7e-170  556.5   0.1   1   1    3e-170    3e-170  556.3   0.1     1   288     1   288     1   290 0.99 -
54at766_1248439_0:00036a|OZ308468.1:840412-841282 -            290 54                   -            290  2.7e-170  556.5   0.1   1   1    3e-170    3e-170  556.3   0.1     1   288     1   288     1   290 0.99 -
54at766_1286528_0:0001b2|OZ308468.1:840415-841282 -            290 54                   -            290  2.7e-170  556.5   0.1   1   1    3e-170    3e-170  556.3   0.1     1   288     1   288     1   290 0.99 -
54at766_1392507_0:000301|OZ308468.1:840415-841282 -            290 54                   -            290  2.7e-170  556.5   0.1   1   1    3e-170    3e-170  556.3   0.1     1   288     1   288     1   290 0.99 -
54at766_142058_0:00021e|OZ308468.1:840412-841282  -            290 54                   -            290  2.7e-170  556.5   0.1   1   1    3e-170    3e-170  556.3   0.1     1   288     1   288     1   290 0.99 -
54at766_779_0:00007d|OZ308468.1:840415-841282     -            290 54                   -            290  2.7e-170  556.5   0.1   1   1    3e-170    3e-170  556.3   0.1     1   288     1   288     1   290 0.99 -
54at766_955_0:000041|OZ308468.1:840412-841282     -            290 54                   -            290  2.7e-170  556.5   0.1   1   1    3e-170    3e-170  556.3   0.1     1   288     1   288     1   290 0.99 -
54at766_1605993_0:00012d|OZ308468.1:840421-841282 -            288 54                   -            290  4.3e-170  555.8   0.1   1   1  4.7e-170  4.7e-170  555.7   0.1     1   286     1   286     1   288 0.99 -
54at766_169402_0:000527|OZ308468.1:840421-841282  -            288 54                   -            290  4.3e-170  555.8   0.1   1   1  4.7e-170  4.7e-170  555.7   0.1     1   286     1   286     1   288 0.99 -
54at766_246273_0:000336|OZ308468.1:840421-841282  -            288 54                   -            290  4.3e-170  555.8   0.1   1   1  4.7e-170  4.7e-170  555.7   0.1     1   286     1   286     1   288 0.99 -
54at766_96496_0:000059|OZ308468.1:840421-841282   -            288 54                   -            290  4.3e-170  555.8   0.1   1   1  4.7e-170  4.7e-170  555.7   0.1     1   286     1   286     1   288 0.99 -
54at766_2115978_0:0001bd|OZ308468.1:840421-841288 -            290 54                   -            290  4.3e-170  555.8   0.1   1   1  4.9e-170  4.9e-170  555.7   0.1     1   286     3   288     3   290 0.99 -
54at766_696127_0:000325|OZ308468.1:840424-841285  -            288 54                   -            290  5.8e-170  555.4   0.1   1   1  6.4e-170  6.4e-170  555.3   0.1     1   285     2   286     2   288 0.99 -
54at766_2486577_0:0000a5|OZ308468.1:840418-841279 -            288 54                   -            290  8.4e-170  554.9   0.1   1   1  9.3e-170  9.3e-170  554.7   0.1     3   287     2   286     1   288 0.99 -
54at766_1274402_0:000314|OZ308468.1:840412-841276 -            288 54                   -            290  1.3e-169  554.3   0.1   1   1  1.4e-169  1.4e-169  554.2   0.1     3   288     1   286     1   288 0.99 -
54at766_1359163_0:00029c|OZ308468.1:840433-841282 -            284 54                   -            290  1.5e-169  554.1   0.1   1   1  1.7e-169  1.7e-169  553.9   0.1     1   283     1   283     1   284 0.99 -
54at766_1423892_0:00033f|OZ308468.1:840433-841282 -            284 54                   -            290  1.5e-169  554.1   0.1   1   1  1.7e-169  1.7e-169  553.9   0.1     1   283     1   283     1   284 0.99 -
54at766_205920_0:00031e|OZ308468.1:840433-841282  -            284 54                   -            290  1.5e-169  554.1   0.1   1   1  1.7e-169  1.7e-169  553.9   0.1     1   283     1   283     1   284 0.99 -
54at766_391036_0:0000fb|OZ308468.1:840433-841282  -            284 54                   -            290  1.5e-169  554.1   0.1   1   1  1.7e-169  1.7e-169  553.9   0.1     1   283     1   283     1   284 0.99 -
54at766_574556_0:0002bc|OZ308468.1:840433-841282  -            284 54                   -            290  1.5e-169  554.1   0.1   1   1  1.7e-169  1.7e-169  553.9   0.1     1   283     1   283     1   284 0.99 -
54at766_336407_0:00019d|OZ308468.1:840433-841285  -            285 54                   -            290  1.5e-169  554.1   0.1   1   1  1.7e-169  1.7e-169  553.9   0.1     1   283     2   284     2   285 0.99 -
54at766_1105107_0:00034c|OZ308468.1:840433-841291 -            287 54                   -            290  1.5e-169  554.0   0.1   1   1  1.7e-169  1.7e-169  553.8   0.1     1   283     4   286     4   287 0.99 -
54at766_272947_0:000261|OZ308468.1:840433-841291  -            287 54                   -            290  1.5e-169  554.0   0.1   1   1  1.7e-169  1.7e-169  553.8   0.1     1   283     4   286     4   287 0.99 -
54at766_481009_0:00025f|OZ308468.1:840433-841291  -            287 54                   -            290  1.5e-169  554.0   0.1   1   1  1.7e-169  1.7e-169  553.8   0.1     1   283     4   286     4   287 0.99 -
54at766_2486578_0:0003d0|OZ308468.1:840421-841276 -            286 54                   -            290  1.9e-169  553.7   0.1   1   1  2.2e-169  2.2e-169  553.5   0.1     3   286     1   284     1   286 0.99 -
54at766_86105_0:000158|OZ308468.1:840421-841276   -            286 54                   -            290  1.9e-169  553.7   0.1   1   1  2.2e-169  2.2e-169  553.5   0.1     3   286     1   284     1   286 0.99 -
54at766_1802984_0:00007f|OZ308468.1:840421-841273 -            285 54                   -            290    4e-169  552.7   0.1   1   1  4.4e-169  4.4e-169  552.5   0.1     4   286     1   283     1   285 0.99 -
54at766_1359168_0:00000e|OZ308468.1:840433-841276 -            282 54                   -            290  6.8e-169  551.9   0.1   1   1  7.6e-169  7.6e-169  551.7   0.1     3   283     1   281     1   282 1.00 -
54at766_752179_0:000199|OZ308468.1:840433-841276  -            282 54                   -            290  6.8e-169  551.9   0.1   1   1  7.6e-169  7.6e-169  551.7   0.1     3   283     1   281     1   282 1.00 -
54at766_1528098_0:000275|OZ308468.1:840421-841270 -            284 54                   -            290  1.3e-168  551.0   0.1   1   1  1.4e-168  1.4e-168  550.8   0.1     5   286     1   282     1   284 0.99 -
54at766_1961830_0:000511|OZ308468.1:840433-841273 -            281 54                   -            290  1.4e-168  550.9   0.1   1   1  1.5e-168  1.5e-168  550.7   0.1     4   283     1   280     1   281 1.00 -
54at766_2602574_0:0003cb|OZ308468.1:840433-841273 -            281 54                   -            290  1.4e-168  550.9   0.1   1   1  1.5e-168  1.5e-168  550.7   0.1     4   283     1   280     1   281 1.00 -
54at766_334380_0:0003df|OZ308468.1:840433-841273  -            281 54                   -            290  1.4e-168  550.9   0.1   1   1  1.5e-168  1.5e-168  550.7   0.1     4   283     1   280     1   281 1.00 -
54at766_434131_0:0002e8|OZ308468.1:840415-841237  -            275 54                   -            290  3.1e-164  536.6   0.2   1   1  3.5e-164  3.5e-164  536.4   0.2    17   288     2   273     1   275 0.99 -
54at766_1714371_0:000240|OZ308468.1:840421-841237 -            273 54                   -            290  4.8e-164  536.0   0.2   1   1  5.4e-164  5.4e-164  535.8   0.2    17   286     2   271     1   273 0.99 -
54at766_222891_0:00029f|OZ308468.1:840421-841237  -            273 54                   -            290  4.8e-164  536.0   0.2   1   1  5.4e-164  5.4e-164  535.8   0.2    17   286     2   271     1   273 0.99 -
#
# Program:         hmmsearch
# Version:         3.4 (Aug 2023)
# Pipeline mode:   SEARCH
# Query file:      /Users/rossoaa/Desktop/dummy/genomes/records/compleasm/mb_downloads/rickettsiales_odb12/hmms/54at766.hmm
# Target file:     -
# Option settings: /Users/rossoaa/miniconda3/envs/compleasm_env/bin/hmmsearch --domtblout /Users/rossoaa/Desktop/dummy/genomes/records/compleasm/rickettsiales_odb12/hmmer_output/54at766.out --cpu 1 /Users/rossoaa/Desktop/dummy/genomes/records/compleasm/mb_downloads/rickettsiales_odb12/hmms/54at766.hmm - 
# Current dir:     /Users/rossoaa/Desktop/dummy/genomes/records/compleasm
# Date:            Tue Feb 10 10:20:22 2026
# [ok]
