#                                                                                                           --- full sequence --- -------------- this domain -------------   hmm coord   ali coord   env coord
# target name                                       accession   tlen query name           accession   qlen   E-value  score  bias   #  of  c-Evalue  i-Evalue  score  bias  from    to  from    to  from    to  acc description of target
#                               ------------------- ---------- ----- -------------------- ---------- ----- --------- ------ ----- --- --- --------- --------- ------ ----- ----- ----- ----- ----- ----- ----- ---- ---------------------
5505at766_1248439_0:00014b|OZ308468.1:921780-922377 -            199 5505                 -            198  4.9e-105  340.4   0.5   1   1  5.4e-105  5.4e-105  340.2   0.5     1   198     1   199     1   199 0.98 -
5505at766_142058_0:0001d9|OZ308468.1:921780-922377  -            199 5505                 -            198  4.9e-105  340.4   0.5   1   1  5.4e-105  5.4e-105  340.2   0.5     1   198     1   199     1   199 0.98 -
5505at766_1605993_0:000185|OZ308468.1:921780-922377 -            199 5505                 -            198  4.9e-105  340.4   0.5   1   1  5.4e-105  5.4e-105  340.2   0.5     1   198     1   199     1   199 0.98 -
5505at766_169402_0:0002a9|OZ308468.1:921780-922377  -            199 5505                 -            198  4.9e-105  340.4   0.5   1   1  5.4e-105  5.4e-105  340.2   0.5     1   198     1   199     1   199 0.98 -
5505at766_2115978_0:000150|OZ308468.1:921780-922377 -            199 5505                 -            198  4.9e-105  340.4   0.5   1   1  5.4e-105  5.4e-105  340.2   0.5     1   198     1   199     1   199 0.98 -
5505at766_246273_0:000092|OZ308468.1:921780-922377  -            199 5505                 -            198  4.9e-105  340.4   0.5   1   1  5.4e-105  5.4e-105  340.2   0.5     1   198     1   199     1   199 0.98 -
5505at766_2486578_0:00014b|OZ308468.1:921780-922377 -            199 5505                 -            198  4.9e-105  340.4   0.5   1   1  5.4e-105  5.4e-105  340.2   0.5     1   198     1   199     1   199 0.98 -
5505at766_574556_0:000352|OZ308468.1:921780-922377  -            199 5505                 -            198  4.9e-105  340.4   0.5   1   1  5.4e-105  5.4e-105  340.2   0.5     1   198     1   199     1   199 0.98 -
5505at766_696127_0:0001fc|OZ308468.1:921780-922377  -            199 5505                 -            198  4.9e-105  340.4   0.5   1   1  5.4e-105  5.4e-105  340.2   0.5     1   198     1   199     1   199 0.98 -
5505at766_955_0:0002c9|OZ308468.1:921780-922377     -            199 5505                 -            198  4.9e-105  340.4   0.5   1   1  5.4e-105  5.4e-105  340.2   0.5     1   198     1   199     1   199 0.98 -
5505at766_96496_0:000007|OZ308468.1:921780-922377   -            199 5505                 -            198  4.9e-105  340.4   0.5   1   1  5.4e-105  5.4e-105  340.2   0.5     1   198     1   199     1   199 0.98 -
5505at766_1105107_0:000313|OZ308468.1:921777-922377 -            200 5505                 -            198    5e-105  340.4   0.5   1   1  5.5e-105  5.5e-105  340.2   0.5     1   198     2   200     2   200 0.98 -
5505at766_1286528_0:0001e4|OZ308468.1:921777-922377 -            200 5505                 -            198    5e-105  340.4   0.5   1   1  5.5e-105  5.5e-105  340.2   0.5     1   198     2   200     2   200 0.98 -
5505at766_1359168_0:000056|OZ308468.1:921777-922377 -            200 5505                 -            198    5e-105  340.4   0.5   1   1  5.5e-105  5.5e-105  340.2   0.5     1   198     2   200     2   200 0.98 -
5505at766_1528098_0:000378|OZ308468.1:921777-922377 -            200 5505                 -            198    5e-105  340.4   0.5   1   1  5.5e-105  5.5e-105  340.2   0.5     1   198     2   200     2   200 0.98 -
5505at766_1714371_0:00003f|OZ308468.1:921777-922377 -            200 5505                 -            198    5e-105  340.4   0.5   1   1  5.5e-105  5.5e-105  340.2   0.5     1   198     2   200     2   200 0.98 -
5505at766_1961830_0:00002c|OZ308468.1:921777-922377 -            200 5505                 -            198    5e-105  340.4   0.5   1   1  5.5e-105  5.5e-105  340.2   0.5     1   198     2   200     2   200 0.98 -
5505at766_2602574_0:000403|OZ308468.1:921777-922377 -            200 5505                 -            198    5e-105  340.4   0.5   1   1  5.5e-105  5.5e-105  340.2   0.5     1   198     2   200     2   200 0.98 -
5505at766_272947_0:000306|OZ308468.1:921777-922377  -            200 5505                 -            198    5e-105  340.4   0.5   1   1  5.5e-105  5.5e-105  340.2   0.5     1   198     2   200     2   200 0.98 -
5505at766_334380_0:000365|OZ308468.1:921777-922377  -            200 5505                 -            198    5e-105  340.4   0.5   1   1  5.5e-105  5.5e-105  340.2   0.5     1   198     2   200     2   200 0.98 -
5505at766_336407_0:000513|OZ308468.1:921777-922377  -            200 5505                 -            198    5e-105  340.4   0.5   1   1  5.5e-105  5.5e-105  340.2   0.5     1   198     2   200     2   200 0.98 -
5505at766_752179_0:000381|OZ308468.1:921777-922377  -            200 5505                 -            198    5e-105  340.4   0.5   1   1  5.5e-105  5.5e-105  340.2   0.5     1   198     2   200     2   200 0.98 -
5505at766_86105_0:000199|OZ308468.1:921777-922377   -            200 5505                 -            198    5e-105  340.4   0.5   1   1  5.5e-105  5.5e-105  340.2   0.5     1   198     2   200     2   200 0.98 -
5505at766_1242993_0:000320|OZ308468.1:921780-922365 -            196 5505                 -            198  2.3e-104  338.2   0.6   1   1  2.6e-104  2.6e-104  338.0   0.6     1   194     1   195     1   196 0.98 -
5505at766_1359163_0:000032|OZ308468.1:921780-922365 -            196 5505                 -            198  2.3e-104  338.2   0.6   1   1  2.6e-104  2.6e-104  338.0   0.6     1   194     1   195     1   196 0.98 -
5505at766_1392507_0:000046|OZ308468.1:921780-922365 -            196 5505                 -            198  2.3e-104  338.2   0.6   1   1  2.6e-104  2.6e-104  338.0   0.6     1   194     1   195     1   196 0.98 -
5505at766_1423892_0:000066|OZ308468.1:921780-922365 -            196 5505                 -            198  2.3e-104  338.2   0.6   1   1  2.6e-104  2.6e-104  338.0   0.6     1   194     1   195     1   196 0.98 -
5505at766_205920_0:000155|OZ308468.1:921780-922365  -            196 5505                 -            198  2.3e-104  338.2   0.6   1   1  2.6e-104  2.6e-104  338.0   0.6     1   194     1   195     1   196 0.98 -
5505at766_391036_0:000106|OZ308468.1:921780-922365  -            196 5505                 -            198  2.3e-104  338.2   0.6   1   1  2.6e-104  2.6e-104  338.0   0.6     1   194     1   195     1   196 0.98 -
5505at766_779_0:000282|OZ308468.1:921780-922365     -            196 5505                 -            198  2.3e-104  338.2   0.6   1   1  2.6e-104  2.6e-104  338.0   0.6     1   194     1   195     1   196 0.98 -
5505at766_2486577_0:0000b9|OZ308468.1:921777-922365 -            197 5505                 -            198  2.3e-104  338.2   0.6   1   1  2.6e-104  2.6e-104  338.0   0.6     1   194     2   196     2   197 0.98 -
5505at766_1802984_0:0002a6|OZ308468.1:921891-922371 -            161 5505                 -            198   2.6e-91  295.6   0.2   1   1   2.8e-91   2.8e-91  295.5   0.2    37   196     1   160     1   161 0.99 -
#
# Program:         hmmsearch
# Version:         3.4 (Aug 2023)
# Pipeline mode:   SEARCH
# Query file:      /Users/rossoaa/Desktop/dummy/genomes/records/compleasm/mb_downloads/rickettsiales_odb12/hmms/5505at766.hmm
# Target file:     -
# Option settings: /Users/rossoaa/miniconda3/envs/compleasm_env/bin/hmmsearch --domtblout /Users/rossoaa/Desktop/dummy/genomes/records/compleasm/rickettsiales_odb12/hmmer_output/5505at766.out --cpu 1 /Users/rossoaa/Desktop/dummy/genomes/records/compleasm/mb_downloads/rickettsiales_odb12/hmms/5505at766.hmm - 
# Current dir:     /Users/rossoaa/Desktop/dummy/genomes/records/compleasm
# Date:            Tue Feb 10 10:20:21 2026
# [ok]
