#                                                                                                           --- full sequence --- -------------- this domain -------------   hmm coord   ali coord   env coord
# target name                                       accession   tlen query name           accession   qlen   E-value  score  bias   #  of  c-Evalue  i-Evalue  score  bias  from    to  from    to  from    to  acc description of target
#                               ------------------- ---------- ----- -------------------- ---------- ----- --------- ------ ----- --- --- --------- --------- ------ ----- ----- ----- ----- ----- ----- ----- ---- ---------------------
5511at766_1605993_0:0000ee|OZ308468.1:760531-761215 -            228 5511                 -            250   3.2e-92  297.2  17.2   1   1   3.5e-92   3.5e-92  297.1  17.2     9   233     3   225     1   228 0.98 -
5511at766_96496_0:000156|OZ308468.1:760531-761212   -            228 5511                 -            250   3.2e-92  297.2  17.2   1   1   3.5e-92   3.5e-92  297.1  17.2     9   233     3   225     1   228 0.98 -
5511at766_169402_0:000292|OZ308468.1:760531-761206  -            226 5511                 -            250   4.8e-92  296.6  17.2   1   1   5.3e-92   5.3e-92  296.5  17.2     9   233     3   225     1   226 0.98 -
5511at766_1359163_0:0001be|OZ308468.1:760522-761200 -            227 5511                 -            250   1.1e-91  295.5  18.1   1   1   1.2e-91   1.2e-91  295.4  18.1     8   231     5   226     1   227 0.98 -
5511at766_246273_0:00015c|OZ308468.1:760531-761200  -            224 5511                 -            250   1.6e-91  294.9  18.0   1   1   1.8e-91   1.8e-91  294.8  18.0     9   231     3   223     1   224 0.98 -
5511at766_955_0:00029b|OZ308468.1:760546-761200     -            219 5511                 -            250     1e-90  292.3  16.8   1   1   1.1e-90   1.1e-90  292.2  16.8    12   231     1   218     1   219 0.99 -
5511at766_574556_0:00026c|OZ308468.1:760618-761206  -            197 5511                 -            250   4.6e-85  273.8  18.5   1   1   5.1e-85   5.1e-85  273.6  18.5    37   233     1   196     1   197 0.99 -
5511at766_1392507_0:00009f|OZ308468.1:760621-761200 -            194 5511                 -            250   4.3e-84  270.6  19.2   1   1   4.8e-84   4.8e-84  270.4  19.2    38   231     1   193     1   194 0.99 -
#
# Program:         hmmsearch
# Version:         3.4 (Aug 2023)
# Pipeline mode:   SEARCH
# Query file:      /Users/rossoaa/Desktop/dummy/genomes/records/compleasm/mb_downloads/rickettsiales_odb12/hmms/5511at766.hmm
# Target file:     -
# Option settings: /Users/rossoaa/miniconda3/envs/compleasm_env/bin/hmmsearch --domtblout /Users/rossoaa/Desktop/dummy/genomes/records/compleasm/rickettsiales_odb12/hmmer_output/5511at766.out --cpu 1 /Users/rossoaa/Desktop/dummy/genomes/records/compleasm/mb_downloads/rickettsiales_odb12/hmms/5511at766.hmm - 
# Current dir:     /Users/rossoaa/Desktop/dummy/genomes/records/compleasm
# Date:            Tue Feb 10 10:20:22 2026
# [ok]
