#                                                                                                             --- full sequence --- -------------- this domain -------------   hmm coord   ali coord   env coord
# target name                                         accession   tlen query name           accession   qlen   E-value  score  bias   #  of  c-Evalue  i-Evalue  score  bias  from    to  from    to  from    to  acc description of target
#                                 ------------------- ---------- ----- -------------------- ---------- ----- --------- ------ ----- --- --- --------- --------- ------ ----- ----- ----- ----- ----- ----- ----- ---- ---------------------
5514at766_1359163_0:000067|OZ308468.1:1141336-1142053 -            240 5514                 -            223   5.1e-89  288.1   3.3   1   1   5.9e-89   5.9e-89  287.9   3.3     1   222     1   239     1   240 0.91 -
5514at766_222891_0:000104|OZ308468.1:1141336-1142053  -            240 5514                 -            223   5.1e-89  288.1   3.3   1   1   5.9e-89   5.9e-89  287.9   3.3     1   222     1   239     1   240 0.91 -
5514at766_955_0:0001f6|OZ308468.1:1141336-1142053     -            240 5514                 -            223   5.1e-89  288.1   3.3   1   1   5.9e-89   5.9e-89  287.9   3.3     1   222     1   239     1   240 0.91 -
5514at766_169402_0:00044b|OZ308468.1:1141336-1142056  -            241 5514                 -            223   5.2e-89  288.1   3.3   1   1     6e-89     6e-89  287.9   3.3     1   222     1   239     1   240 0.91 -
5514at766_246273_0:000285|OZ308468.1:1141336-1142056  -            241 5514                 -            223   5.2e-89  288.1   3.3   1   1     6e-89     6e-89  287.9   3.3     1   222     1   239     1   240 0.91 -
5514at766_96496_0:000183|OZ308468.1:1141336-1142056   -            241 5514                 -            223   5.2e-89  288.1   3.3   1   1     6e-89     6e-89  287.9   3.3     1   222     1   239     1   240 0.91 -
5514at766_1605993_0:000017|OZ308468.1:1141336-1142062 -            242 5514                 -            223   5.2e-89  288.1   3.3   1   1   6.1e-89   6.1e-89  287.8   3.3     1   222     1   239     1   240 0.91 -
5514at766_1714371_0:000097|OZ308468.1:1141336-1142059 -            242 5514                 -            223   5.2e-89  288.1   3.3   1   1   6.1e-89   6.1e-89  287.8   3.3     1   222     1   239     1   240 0.91 -
5514at766_1286528_0:0001bd|OZ308468.1:1141336-1142050 -            239 5514                 -            223   6.3e-89  287.8   3.2   1   1   7.3e-89   7.3e-89  287.6   3.2     1   221     1   238     1   239 0.91 -
5514at766_1528098_0:000362|OZ308468.1:1141336-1142050 -            239 5514                 -            223   6.3e-89  287.8   3.2   1   1   7.3e-89   7.3e-89  287.6   3.2     1   221     1   238     1   239 0.91 -
5514at766_434131_0:0002ca|OZ308468.1:1141336-1142050  -            239 5514                 -            223   6.3e-89  287.8   3.2   1   1   7.3e-89   7.3e-89  287.6   3.2     1   221     1   238     1   239 0.91 -
5514at766_1248439_0:000329|OZ308468.1:1141336-1142047 -            238 5514                 -            223   9.8e-89  287.2   3.2   1   1   1.1e-88   1.1e-88  287.0   3.2     1   220     1   237     1   238 0.90 -
5514at766_1392507_0:00019a|OZ308468.1:1141336-1142047 -            238 5514                 -            223   9.8e-89  287.2   3.2   1   1   1.1e-88   1.1e-88  287.0   3.2     1   220     1   237     1   238 0.90 -
5514at766_142058_0:000386|OZ308468.1:1141336-1142047  -            238 5514                 -            223   9.8e-89  287.2   3.2   1   1   1.1e-88   1.1e-88  287.0   3.2     1   220     1   237     1   238 0.90 -
5514at766_574556_0:00005f|OZ308468.1:1141336-1142047  -            238 5514                 -            223   9.8e-89  287.2   3.2   1   1   1.1e-88   1.1e-88  287.0   3.2     1   220     1   237     1   238 0.90 -
5514at766_1242993_0:000304|OZ308468.1:1141336-1142041 -            236 5514                 -            223   1.8e-88  286.3   2.9   1   1     2e-88     2e-88  286.1   2.9     1   211     1   225     1   236 0.91 -
5514at766_779_0:000131|OZ308468.1:1141336-1142038     -            235 5514                 -            223   1.8e-88  286.3   2.8   1   1   2.1e-88   2.1e-88  286.1   2.8     1   211     1   225     1   235 0.91 -
5514at766_1423892_0:000197|OZ308468.1:1141336-1142017 -            228 5514                 -            223   4.7e-88  284.9   3.3   1   1   5.9e-88   5.9e-88  284.6   3.3     1   210     1   224     1   227 0.92 -
5514at766_205920_0:0000e0|OZ308468.1:1141336-1142017  -            228 5514                 -            223   4.7e-88  284.9   3.3   1   1   5.9e-88   5.9e-88  284.6   3.3     1   210     1   224     1   227 0.92 -
5514at766_391036_0:000354|OZ308468.1:1141336-1142017  -            228 5514                 -            223   4.7e-88  284.9   3.3   1   1   5.9e-88   5.9e-88  284.6   3.3     1   210     1   224     1   227 0.92 -
5514at766_1105107_0:000365|OZ308468.1:1141336-1142005 -            224 5514                 -            223     7e-88  284.4   2.9   1   1   8.2e-88   8.2e-88  284.1   2.9     1   209     1   223     1   224 0.93 -
#
# Program:         hmmsearch
# Version:         3.4 (Aug 2023)
# Pipeline mode:   SEARCH
# Query file:      /Users/rossoaa/Desktop/dummy/genomes/records/compleasm/mb_downloads/rickettsiales_odb12/hmms/5514at766.hmm
# Target file:     -
# Option settings: /Users/rossoaa/miniconda3/envs/compleasm_env/bin/hmmsearch --domtblout /Users/rossoaa/Desktop/dummy/genomes/records/compleasm/rickettsiales_odb12/hmmer_output/5514at766.out --cpu 1 /Users/rossoaa/Desktop/dummy/genomes/records/compleasm/mb_downloads/rickettsiales_odb12/hmms/5514at766.hmm - 
# Current dir:     /Users/rossoaa/Desktop/dummy/genomes/records/compleasm
# Date:            Tue Feb 10 10:20:22 2026
# [ok]
