#                                                                                                           --- full sequence --- -------------- this domain -------------   hmm coord   ali coord   env coord
# target name                                       accession   tlen query name           accession   qlen   E-value  score  bias   #  of  c-Evalue  i-Evalue  score  bias  from    to  from    to  from    to  acc description of target
#                               ------------------- ---------- ----- -------------------- ---------- ----- --------- ------ ----- --- --- --------- --------- ------ ----- ----- ----- ----- ----- ----- ----- ---- ---------------------
5517at766_779_0:000248|OZ308468.1:455617-456241     -            209 5517                 -            196   5.7e-76  244.0  12.2   1   1   6.4e-76   6.4e-76  243.9  12.2     1   196     2   207     2   207 0.94 -
5517at766_169402_0:000204|OZ308468.1:455614-456241  -            210 5517                 -            196   5.8e-76  244.0  12.2   1   1   6.5e-76   6.5e-76  243.8  12.2     1   196     2   207     2   207 0.94 -
5517at766_391036_0:000093|OZ308468.1:455614-456241  -            210 5517                 -            196   5.8e-76  244.0  12.2   1   1   6.5e-76   6.5e-76  243.8  12.2     1   196     2   207     2   207 0.94 -
5517at766_1242993_0:0000e8|OZ308468.1:455611-456241 -            211 5517                 -            196   5.9e-76  244.0  12.2   1   1   6.6e-76   6.6e-76  243.8  12.2     1   196     2   207     2   207 0.94 -
5517at766_1605993_0:000397|OZ308468.1:455608-456241 -            211 5517                 -            196   5.9e-76  244.0  12.2   1   1   6.6e-76   6.6e-76  243.8  12.2     1   196     2   207     2   207 0.94 -
5517at766_205920_0:000224|OZ308468.1:455611-456241  -            211 5517                 -            196   5.9e-76  244.0  12.2   1   1   6.6e-76   6.6e-76  243.8  12.2     1   196     2   207     2   207 0.94 -
5517at766_246273_0:0002e8|OZ308468.1:455608-456241  -            211 5517                 -            196   5.9e-76  244.0  12.2   1   1   6.6e-76   6.6e-76  243.8  12.2     1   196     2   207     2   207 0.94 -
5517at766_955_0:0000d1|OZ308468.1:455611-456241     -            211 5517                 -            196   5.9e-76  244.0  12.2   1   1   6.6e-76   6.6e-76  243.8  12.2     1   196     2   207     2   207 0.94 -
5517at766_96496_0:000164|OZ308468.1:455608-456241   -            211 5517                 -            196   5.9e-76  244.0  12.2   1   1   6.6e-76   6.6e-76  243.8  12.2     1   196     2   207     2   207 0.94 -
5517at766_1248439_0:000008|OZ308468.1:455617-456247 -            211 5517                 -            196   5.9e-76  244.0  12.2   1   1   6.6e-76   6.6e-76  243.8  12.2     1   196     4   209     4   209 0.94 -
5517at766_142058_0:00011c|OZ308468.1:455617-456247  -            211 5517                 -            196   5.9e-76  244.0  12.2   1   1   6.6e-76   6.6e-76  243.8  12.2     1   196     4   209     4   209 0.94 -
5517at766_1359163_0:0002dd|OZ308468.1:455611-456247 -            213 5517                 -            196   6.1e-76  243.9  12.2   1   1   6.9e-76   6.9e-76  243.8  12.2     1   196     4   209     4   209 0.94 -
5517at766_574556_0:000048|OZ308468.1:455611-456247  -            213 5517                 -            196   6.1e-76  243.9  12.2   1   1   6.9e-76   6.9e-76  243.8  12.2     1   196     4   209     4   209 0.94 -
#
# Program:         hmmsearch
# Version:         3.4 (Aug 2023)
# Pipeline mode:   SEARCH
# Query file:      /Users/rossoaa/Desktop/dummy/genomes/records/compleasm/mb_downloads/rickettsiales_odb12/hmms/5517at766.hmm
# Target file:     -
# Option settings: /Users/rossoaa/miniconda3/envs/compleasm_env/bin/hmmsearch --domtblout /Users/rossoaa/Desktop/dummy/genomes/records/compleasm/rickettsiales_odb12/hmmer_output/5517at766.out --cpu 1 /Users/rossoaa/Desktop/dummy/genomes/records/compleasm/mb_downloads/rickettsiales_odb12/hmms/5517at766.hmm - 
# Current dir:     /Users/rossoaa/Desktop/dummy/genomes/records/compleasm
# Date:            Tue Feb 10 10:20:24 2026
# [ok]
