#                                                                                                           --- full sequence --- -------------- this domain -------------   hmm coord   ali coord   env coord
# target name                                       accession   tlen query name           accession   qlen   E-value  score  bias   #  of  c-Evalue  i-Evalue  score  bias  from    to  from    to  from    to  acc description of target
#                               ------------------- ---------- ----- -------------------- ---------- ----- --------- ------ ----- --- --- --------- --------- ------ ----- ----- ----- ----- ----- ----- ----- ---- ---------------------
5519at766_1242993_0:0002ba|OZ308468.1:729143-729755 -            204 5519                 -            204   6.6e-96  310.2   0.1   1   1   7.3e-96   7.3e-96  310.0   0.1     1   204     1   204     1   204 0.99 -
5519at766_1248439_0:00019c|OZ308468.1:729143-729752 -            204 5519                 -            204   6.6e-96  310.2   0.1   1   1   7.3e-96   7.3e-96  310.0   0.1     1   204     1   204     1   204 0.99 -
5519at766_1274402_0:000330|OZ308468.1:729143-729755 -            204 5519                 -            204   6.6e-96  310.2   0.1   1   1   7.3e-96   7.3e-96  310.0   0.1     1   204     1   204     1   204 0.99 -
5519at766_1286528_0:000105|OZ308468.1:729143-729752 -            204 5519                 -            204   6.6e-96  310.2   0.1   1   1   7.3e-96   7.3e-96  310.0   0.1     1   204     1   204     1   204 0.99 -
5519at766_1359163_0:00001f|OZ308468.1:729143-729755 -            204 5519                 -            204   6.6e-96  310.2   0.1   1   1   7.3e-96   7.3e-96  310.0   0.1     1   204     1   204     1   204 0.99 -
5519at766_1392507_0:0000a3|OZ308468.1:729143-729752 -            204 5519                 -            204   6.6e-96  310.2   0.1   1   1   7.3e-96   7.3e-96  310.0   0.1     1   204     1   204     1   204 0.99 -
5519at766_142058_0:0000fb|OZ308468.1:729143-729752  -            204 5519                 -            204   6.6e-96  310.2   0.1   1   1   7.3e-96   7.3e-96  310.0   0.1     1   204     1   204     1   204 0.99 -
5519at766_1423892_0:00022f|OZ308468.1:729143-729755 -            204 5519                 -            204   6.6e-96  310.2   0.1   1   1   7.3e-96   7.3e-96  310.0   0.1     1   204     1   204     1   204 0.99 -
5519at766_1605993_0:0001f7|OZ308468.1:729143-729755 -            204 5519                 -            204   6.6e-96  310.2   0.1   1   1   7.3e-96   7.3e-96  310.0   0.1     1   204     1   204     1   204 0.99 -
5519at766_169402_0:0001d7|OZ308468.1:729143-729755  -            204 5519                 -            204   6.6e-96  310.2   0.1   1   1   7.3e-96   7.3e-96  310.0   0.1     1   204     1   204     1   204 0.99 -
5519at766_1714371_0:00000f|OZ308468.1:729143-729755 -            204 5519                 -            204   6.6e-96  310.2   0.1   1   1   7.3e-96   7.3e-96  310.0   0.1     1   204     1   204     1   204 0.99 -
5519at766_205920_0:0002ea|OZ308468.1:729143-729755  -            204 5519                 -            204   6.6e-96  310.2   0.1   1   1   7.3e-96   7.3e-96  310.0   0.1     1   204     1   204     1   204 0.99 -
5519at766_222891_0:000078|OZ308468.1:729143-729755  -            204 5519                 -            204   6.6e-96  310.2   0.1   1   1   7.3e-96   7.3e-96  310.0   0.1     1   204     1   204     1   204 0.99 -
5519at766_246273_0:0001ec|OZ308468.1:729143-729755  -            204 5519                 -            204   6.6e-96  310.2   0.1   1   1   7.3e-96   7.3e-96  310.0   0.1     1   204     1   204     1   204 0.99 -
5519at766_2486578_0:000453|OZ308468.1:729143-729755 -            204 5519                 -            204   6.6e-96  310.2   0.1   1   1   7.3e-96   7.3e-96  310.0   0.1     1   204     1   204     1   204 0.99 -
5519at766_336407_0:00014e|OZ308468.1:729143-729755  -            204 5519                 -            204   6.6e-96  310.2   0.1   1   1   7.3e-96   7.3e-96  310.0   0.1     1   204     1   204     1   204 0.99 -
5519at766_391036_0:00035f|OZ308468.1:729143-729755  -            204 5519                 -            204   6.6e-96  310.2   0.1   1   1   7.3e-96   7.3e-96  310.0   0.1     1   204     1   204     1   204 0.99 -
5519at766_574556_0:00027f|OZ308468.1:729143-729752  -            204 5519                 -            204   6.6e-96  310.2   0.1   1   1   7.3e-96   7.3e-96  310.0   0.1     1   204     1   204     1   204 0.99 -
5519at766_779_0:0001fb|OZ308468.1:729143-729755     -            204 5519                 -            204   6.6e-96  310.2   0.1   1   1   7.3e-96   7.3e-96  310.0   0.1     1   204     1   204     1   204 0.99 -
5519at766_86105_0:00019b|OZ308468.1:729143-729755   -            204 5519                 -            204   6.6e-96  310.2   0.1   1   1   7.3e-96   7.3e-96  310.0   0.1     1   204     1   204     1   204 0.99 -
5519at766_955_0:00018f|OZ308468.1:729143-729755     -            204 5519                 -            204   6.6e-96  310.2   0.1   1   1   7.3e-96   7.3e-96  310.0   0.1     1   204     1   204     1   204 0.99 -
5519at766_696127_0:0001ab|OZ308468.1:729158-729755  -            199 5519                 -            204   6.7e-94  303.6   0.2   1   1   7.5e-94   7.5e-94  303.4   0.2     6   204     1   199     1   199 0.99 -
5519at766_1802984_0:000032|OZ308468.1:729143-729731 -            197 5519                 -            204   4.2e-93  301.0   0.2   1   1   4.7e-93   4.7e-93  300.9   0.2     1   197     1   197     1   197 0.99 -
5519at766_2486577_0:000149|OZ308468.1:729182-729755 -            191 5519                 -            204   2.1e-91  295.4   0.1   1   1   2.4e-91   2.4e-91  295.3   0.1    14   204     1   191     1   191 0.99 -
5519at766_434131_0:000024|OZ308468.1:729182-729755  -            191 5519                 -            204   2.1e-91  295.4   0.1   1   1   2.4e-91   2.4e-91  295.3   0.1    14   204     1   191     1   191 0.99 -
#
# Program:         hmmsearch
# Version:         3.4 (Aug 2023)
# Pipeline mode:   SEARCH
# Query file:      /Users/rossoaa/Desktop/dummy/genomes/records/compleasm/mb_downloads/rickettsiales_odb12/hmms/5519at766.hmm
# Target file:     -
# Option settings: /Users/rossoaa/miniconda3/envs/compleasm_env/bin/hmmsearch --domtblout /Users/rossoaa/Desktop/dummy/genomes/records/compleasm/rickettsiales_odb12/hmmer_output/5519at766.out --cpu 1 /Users/rossoaa/Desktop/dummy/genomes/records/compleasm/mb_downloads/rickettsiales_odb12/hmms/5519at766.hmm - 
# Current dir:     /Users/rossoaa/Desktop/dummy/genomes/records/compleasm
# Date:            Tue Feb 10 10:20:21 2026
# [ok]
