#                                                                                                           --- full sequence --- -------------- this domain -------------   hmm coord   ali coord   env coord
# target name                                       accession   tlen query name           accession   qlen   E-value  score  bias   #  of  c-Evalue  i-Evalue  score  bias  from    to  from    to  from    to  acc description of target
#                               ------------------- ---------- ----- -------------------- ---------- ----- --------- ------ ----- --- --- --------- --------- ------ ----- ----- ----- ----- ----- ----- ----- ---- ---------------------
5537at766_1105107_0:0001d8|OZ308468.1:107645-108272 -            210 5537                 -            207  1.7e-112  364.8   1.0   1   1  1.9e-112  1.9e-112  364.6   1.0     2   206     4   208     3   209 0.99 -
5537at766_1605993_0:00034c|OZ308468.1:107645-108272 -            210 5537                 -            207  1.7e-112  364.8   1.0   1   1  1.9e-112  1.9e-112  364.6   1.0     2   206     4   208     3   209 0.99 -
5537at766_2602574_0:0001c7|OZ308468.1:107645-108272 -            210 5537                 -            207  1.7e-112  364.8   1.0   1   1  1.9e-112  1.9e-112  364.6   1.0     2   206     4   208     3   209 0.99 -
5537at766_1423892_0:000070|OZ308468.1:107642-108272 -            211 5537                 -            207  1.7e-112  364.8   1.0   1   1  1.9e-112  1.9e-112  364.6   1.0     2   206     4   208     3   209 0.99 -
5537at766_205920_0:00029f|OZ308468.1:107642-108272  -            211 5537                 -            207  1.7e-112  364.8   1.0   1   1  1.9e-112  1.9e-112  364.6   1.0     2   206     4   208     3   209 0.99 -
5537at766_779_0:00004b|OZ308468.1:107642-108272     -            211 5537                 -            207  1.7e-112  364.8   1.0   1   1  1.9e-112  1.9e-112  364.6   1.0     2   206     4   208     3   209 0.99 -
5537at766_696127_0:00002a|OZ308468.1:107645-108275  -            211 5537                 -            207  1.7e-112  364.8   1.0   1   1  1.9e-112  1.9e-112  364.6   1.0     2   206     5   209     4   210 0.99 -
5537at766_1242993_0:0000ab|OZ308468.1:107636-108272 -            212 5537                 -            207  1.7e-112  364.8   1.0   1   1    2e-112    2e-112  364.6   1.0     2   206     4   208     3   209 0.99 -
5537at766_1274402_0:000155|OZ308468.1:107639-108272 -            212 5537                 -            207  1.7e-112  364.8   1.0   1   1    2e-112    2e-112  364.6   1.0     2   206     4   208     3   209 0.99 -
5537at766_1528098_0:00020b|OZ308468.1:107639-108272 -            212 5537                 -            207  1.7e-112  364.8   1.0   1   1    2e-112    2e-112  364.6   1.0     2   206     4   208     3   209 0.99 -
5537at766_169402_0:00012a|OZ308468.1:107636-108272  -            212 5537                 -            207  1.7e-112  364.8   1.0   1   1    2e-112    2e-112  364.6   1.0     2   206     4   208     3   209 0.99 -
5537at766_1961830_0:0003b8|OZ308468.1:107636-108272 -            212 5537                 -            207  1.7e-112  364.8   1.0   1   1    2e-112    2e-112  364.6   1.0     2   206     4   208     3   209 0.99 -
5537at766_246273_0:000098|OZ308468.1:107636-108272  -            212 5537                 -            207  1.7e-112  364.8   1.0   1   1    2e-112    2e-112  364.6   1.0     2   206     4   208     3   209 0.99 -
5537at766_272947_0:0002a7|OZ308468.1:107636-108272  -            212 5537                 -            207  1.7e-112  364.8   1.0   1   1    2e-112    2e-112  364.6   1.0     2   206     4   208     3   209 0.99 -
5537at766_334380_0:0001de|OZ308468.1:107636-108272  -            212 5537                 -            207  1.7e-112  364.8   1.0   1   1    2e-112    2e-112  364.6   1.0     2   206     4   208     3   209 0.99 -
5537at766_96496_0:00016b|OZ308468.1:107636-108272   -            212 5537                 -            207  1.7e-112  364.8   1.0   1   1    2e-112    2e-112  364.6   1.0     2   206     4   208     3   209 0.99 -
5537at766_86105_0:00013b|OZ308468.1:107642-108275   -            212 5537                 -            207  1.7e-112  364.8   1.0   1   1    2e-112    2e-112  364.6   1.0     2   206     5   209     4   210 0.99 -
5537at766_2486577_0:000251|OZ308468.1:107636-108275 -            213 5537                 -            207  1.8e-112  364.7   1.0   1   1    2e-112    2e-112  364.5   1.0     2   206     5   209     4   210 0.99 -
5537at766_1286528_0:000205|OZ308468.1:107636-108278 -            214 5537                 -            207  1.8e-112  364.7   1.0   1   1  2.1e-112  2.1e-112  364.5   1.0     2   206     6   210     5   211 0.99 -
5537at766_955_0:00032d|OZ308468.1:107657-108266     -            204 5537                 -            207  4.7e-112  363.3   0.7   1   1  5.2e-112  5.2e-112  363.2   0.7     2   204     2   204     1   204 0.99 -
5537at766_1359168_0:0002e3|OZ308468.1:107657-108272 -            206 5537                 -            207  4.8e-112  363.3   0.7   1   1  5.4e-112  5.4e-112  363.1   0.7     2   204     4   206     3   206 0.99 -
5537at766_336407_0:00006a|OZ308468.1:107657-108272  -            206 5537                 -            207  4.8e-112  363.3   0.7   1   1  5.4e-112  5.4e-112  363.1   0.7     2   204     4   206     3   206 0.99 -
5537at766_481009_0:0001a5|OZ308468.1:107657-108272  -            206 5537                 -            207  4.8e-112  363.3   0.7   1   1  5.4e-112  5.4e-112  363.1   0.7     2   204     4   206     3   206 0.99 -
5537at766_752179_0:00005d|OZ308468.1:107657-108272  -            206 5537                 -            207  4.8e-112  363.3   0.7   1   1  5.4e-112  5.4e-112  363.1   0.7     2   204     4   206     3   206 0.99 -
5537at766_142058_0:00018a|OZ308468.1:107660-108266  -            203 5537                 -            207  9.8e-112  362.3   0.7   1   1  1.1e-111  1.1e-111  362.2   0.7     2   203     2   203     1   203 0.99 -
5537at766_1802984_0:000067|OZ308468.1:107660-108272 -            205 5537                 -            207    1e-111  362.3   0.7   1   1  1.1e-111  1.1e-111  362.1   0.7     2   203     4   205     3   205 0.99 -
5537at766_2115978_0:000354|OZ308468.1:107660-108263 -            202 5537                 -            207  1.7e-111  361.6   0.8   1   1  1.8e-111  1.8e-111  361.4   0.8     2   203     1   202     1   202 0.99 -
5537at766_1248439_0:00024c|OZ308468.1:107663-108266 -            202 5537                 -            207    3e-111  360.7   0.8   1   1  3.4e-111  3.4e-111  360.6   0.8     2   202     2   202     1   202 0.99 -
5537at766_1392507_0:000179|OZ308468.1:107663-108266 -            202 5537                 -            207    3e-111  360.7   0.8   1   1  3.4e-111  3.4e-111  360.6   0.8     2   202     2   202     1   202 0.99 -
5537at766_1359163_0:0002a8|OZ308468.1:107663-108272 -            204 5537                 -            207  3.1e-111  360.7   0.8   1   1  3.5e-111  3.5e-111  360.5   0.8     2   202     4   204     3   204 0.99 -
5537at766_1714371_0:0000eb|OZ308468.1:107654-108248 -            199 5537                 -            207  1.5e-110  358.4   0.6   1   1  1.7e-110  1.7e-110  358.3   0.6     7   204     1   198     1   199 0.99 -
5537at766_222891_0:000056|OZ308468.1:107654-108248  -            199 5537                 -            207  1.5e-110  358.4   0.6   1   1  1.7e-110  1.7e-110  358.3   0.6     7   204     1   198     1   199 0.99 -
5537at766_434131_0:0001ee|OZ308468.1:107654-108248  -            199 5537                 -            207  1.5e-110  358.4   0.6   1   1  1.7e-110  1.7e-110  358.3   0.6     7   204     1   198     1   199 0.99 -
5537at766_2486578_0:0000f3|OZ308468.1:107657-108248 -            198 5537                 -            207    2e-110  358.0   0.5   1   1  2.3e-110  2.3e-110  357.9   0.5     7   204     1   198     1   198 0.99 -
#
# Program:         hmmsearch
# Version:         3.4 (Aug 2023)
# Pipeline mode:   SEARCH
# Query file:      /Users/rossoaa/Desktop/dummy/genomes/records/compleasm/mb_downloads/rickettsiales_odb12/hmms/5537at766.hmm
# Target file:     -
# Option settings: /Users/rossoaa/miniconda3/envs/compleasm_env/bin/hmmsearch --domtblout /Users/rossoaa/Desktop/dummy/genomes/records/compleasm/rickettsiales_odb12/hmmer_output/5537at766.out --cpu 1 /Users/rossoaa/Desktop/dummy/genomes/records/compleasm/mb_downloads/rickettsiales_odb12/hmms/5537at766.hmm - 
# Current dir:     /Users/rossoaa/Desktop/dummy/genomes/records/compleasm
# Date:            Tue Feb 10 10:20:22 2026
# [ok]
