#                                                                                                           --- full sequence --- -------------- this domain -------------   hmm coord   ali coord   env coord
# target name                                       accession   tlen query name           accession   qlen   E-value  score  bias   #  of  c-Evalue  i-Evalue  score  bias  from    to  from    to  from    to  acc description of target
#                               ------------------- ---------- ----- -------------------- ---------- ----- --------- ------ ----- --- --- --------- --------- ------ ----- ----- ----- ----- ----- ----- ----- ---- ---------------------
5543at766_1242993_0:000135|OZ308468.1:162901-163444 -            182 5543                 -            181   3.4e-80  257.9   0.0   1   1   3.8e-80   3.8e-80  257.8   0.0     1   179     2   180     2   182 0.99 -
5543at766_1248439_0:000354|OZ308468.1:162898-163444 -            182 5543                 -            181   3.4e-80  257.9   0.0   1   1   3.8e-80   3.8e-80  257.8   0.0     1   179     2   180     2   182 0.99 -
5543at766_1605993_0:000173|OZ308468.1:162898-163444 -            182 5543                 -            181   3.4e-80  257.9   0.0   1   1   3.8e-80   3.8e-80  257.8   0.0     1   179     2   180     2   182 0.99 -
5543at766_169402_0:0004b0|OZ308468.1:162898-163444  -            182 5543                 -            181   3.4e-80  257.9   0.0   1   1   3.8e-80   3.8e-80  257.8   0.0     1   179     2   180     2   182 0.99 -
5543at766_246273_0:000286|OZ308468.1:162898-163444  -            182 5543                 -            181   3.4e-80  257.9   0.0   1   1   3.8e-80   3.8e-80  257.8   0.0     1   179     2   180     2   182 0.99 -
5543at766_752179_0:00023b|OZ308468.1:162898-163444  -            182 5543                 -            181   3.4e-80  257.9   0.0   1   1   3.8e-80   3.8e-80  257.8   0.0     1   179     2   180     2   182 0.99 -
5543at766_955_0:0002a0|OZ308468.1:162901-163444     -            182 5543                 -            181   3.4e-80  257.9   0.0   1   1   3.8e-80   3.8e-80  257.8   0.0     1   179     2   180     2   182 0.99 -
5543at766_96496_0:000190|OZ308468.1:162898-163444   -            182 5543                 -            181   3.4e-80  257.9   0.0   1   1   3.8e-80   3.8e-80  257.8   0.0     1   179     2   180     2   182 0.99 -
5543at766_1392507_0:000321|OZ308468.1:162904-163444 -            181 5543                 -            181     4e-80  257.7   0.0   1   1   4.4e-80   4.4e-80  257.5   0.0     1   178     2   179     2   181 0.99 -
5543at766_1961830_0:00036c|OZ308468.1:162904-163444 -            181 5543                 -            181     4e-80  257.7   0.0   1   1   4.4e-80   4.4e-80  257.5   0.0     1   178     2   179     2   181 0.99 -
5543at766_1105107_0:000087|OZ308468.1:162910-163444 -            179 5543                 -            181   6.7e-80  256.9   0.0   1   1   7.6e-80   7.6e-80  256.8   0.0     1   177     2   178     2   179 0.99 -
5543at766_1423892_0:0001b9|OZ308468.1:162910-163444 -            179 5543                 -            181   6.7e-80  256.9   0.0   1   1   7.6e-80   7.6e-80  256.8   0.0     1   177     2   178     2   179 0.99 -
5543at766_205920_0:00024b|OZ308468.1:162910-163444  -            179 5543                 -            181   6.7e-80  256.9   0.0   1   1   7.6e-80   7.6e-80  256.8   0.0     1   177     2   178     2   179 0.99 -
5543at766_2115978_0:00002a|OZ308468.1:162910-163444 -            179 5543                 -            181   6.7e-80  256.9   0.0   1   1   7.6e-80   7.6e-80  256.8   0.0     1   177     2   178     2   179 0.99 -
5543at766_391036_0:0000ae|OZ308468.1:162910-163444  -            179 5543                 -            181   6.7e-80  256.9   0.0   1   1   7.6e-80   7.6e-80  256.8   0.0     1   177     2   178     2   179 0.99 -
5543at766_779_0:000163|OZ308468.1:162910-163444     -            179 5543                 -            181   6.7e-80  256.9   0.0   1   1   7.6e-80   7.6e-80  256.8   0.0     1   177     2   178     2   179 0.99 -
#
# Program:         hmmsearch
# Version:         3.4 (Aug 2023)
# Pipeline mode:   SEARCH
# Query file:      /Users/rossoaa/Desktop/dummy/genomes/records/compleasm/mb_downloads/rickettsiales_odb12/hmms/5543at766.hmm
# Target file:     -
# Option settings: /Users/rossoaa/miniconda3/envs/compleasm_env/bin/hmmsearch --domtblout /Users/rossoaa/Desktop/dummy/genomes/records/compleasm/rickettsiales_odb12/hmmer_output/5543at766.out --cpu 1 /Users/rossoaa/Desktop/dummy/genomes/records/compleasm/mb_downloads/rickettsiales_odb12/hmms/5543at766.hmm - 
# Current dir:     /Users/rossoaa/Desktop/dummy/genomes/records/compleasm
# Date:            Tue Feb 10 10:20:24 2026
# [ok]
