#                                                                                                         --- full sequence --- -------------- this domain -------------   hmm coord   ali coord   env coord
# target name                                     accession   tlen query name           accession   qlen   E-value  score  bias   #  of  c-Evalue  i-Evalue  score  bias  from    to  from    to  from    to  acc description of target
#                             ------------------- ---------- ----- -------------------- ---------- ----- --------- ------ ----- --- --- --------- --------- ------ ----- ----- ----- ----- ----- ----- ----- ---- ---------------------
5555at766_1605993_0:0000fe|OZ308468.1:20526-21234 -            236 5555                 -            236  3.7e-112  364.5  18.3   1   1  4.1e-112  4.1e-112  364.4  18.3     2   235     2   235     1   236 0.99 -
5555at766_169402_0:000575|OZ308468.1:20526-21234  -            236 5555                 -            236  3.7e-112  364.5  18.3   1   1  4.1e-112  4.1e-112  364.4  18.3     2   235     2   235     1   236 0.99 -
5555at766_246273_0:0000d7|OZ308468.1:20526-21234  -            236 5555                 -            236  3.7e-112  364.5  18.3   1   1  4.1e-112  4.1e-112  364.4  18.3     2   235     2   235     1   236 0.99 -
5555at766_96496_0:0002e5|OZ308468.1:20526-21234   -            236 5555                 -            236  3.7e-112  364.5  18.3   1   1  4.1e-112  4.1e-112  364.4  18.3     2   235     2   235     1   236 0.99 -
5555at766_1359168_0:00022b|OZ308468.1:20523-21231 -            237 5555                 -            236  3.7e-112  364.5  18.3   1   1  4.1e-112  4.1e-112  364.4  18.3     2   235     3   236     2   237 0.99 -
5555at766_334380_0:0001f4|OZ308468.1:20523-21231  -            237 5555                 -            236  3.7e-112  364.5  18.3   1   1  4.1e-112  4.1e-112  364.4  18.3     2   235     3   236     2   237 0.99 -
5555at766_955_0:000025|OZ308468.1:20529-21234     -            235 5555                 -            236  4.7e-112  364.2  17.8   1   1  5.2e-112  5.2e-112  364.0  17.8     3   235     2   234     1   235 0.99 -
5555at766_1105107_0:000335|OZ308468.1:20526-21219 -            232 5555                 -            236  1.9e-111  362.2  18.4   1   1  2.1e-111  2.1e-111  362.0  18.4     2   231     2   231     1   232 0.99 -
5555at766_336407_0:0003e3|OZ308468.1:20526-21219  -            232 5555                 -            236  1.9e-111  362.2  18.4   1   1  2.1e-111  2.1e-111  362.0  18.4     2   231     2   231     1   232 0.99 -
5555at766_272947_0:00021a|OZ308468.1:20523-21219  -            233 5555                 -            236  1.9e-111  362.2  18.4   1   1  2.2e-111  2.2e-111  362.0  18.4     2   231     3   232     2   233 0.99 -
5555at766_481009_0:000063|OZ308468.1:20523-21219  -            233 5555                 -            236  1.9e-111  362.2  18.4   1   1  2.2e-111  2.2e-111  362.0  18.4     2   231     3   232     2   233 0.99 -
5555at766_86105_0:000133|OZ308468.1:20520-21219   -            234 5555                 -            236    2e-111  362.2  18.4   1   1  2.2e-111  2.2e-111  362.0  18.4     2   231     4   233     3   234 0.99 -
5555at766_2486578_0:00009f|OZ308468.1:20526-21216 -            231 5555                 -            236  2.2e-111  362.0  17.9   1   1  2.4e-111  2.4e-111  361.9  17.9     2   230     2   230     1   231 0.99 -
5555at766_1528098_0:0004a3|OZ308468.1:20511-21216 -            236 5555                 -            236  2.3e-111  361.9  17.9   1   1  2.6e-111  2.6e-111  361.7  17.9     2   230     7   235     6   236 0.99 -
5555at766_779_0:0000e5|OZ308468.1:20541-21228     -            230 5555                 -            236  4.8e-111  360.9  17.4   1   1  5.2e-111  5.2e-111  360.8  17.4     7   233     2   228     1   230 0.99 -
5555at766_222891_0:000115|OZ308468.1:20538-21216  -            227 5555                 -            236  7.9e-111  360.2  16.7   1   1  8.8e-111  8.8e-111  360.0  16.7     6   230     2   226     1   227 0.99 -
5555at766_434131_0:0000b0|OZ308468.1:20538-21216  -            227 5555                 -            236  7.9e-111  360.2  16.7   1   1  8.8e-111  8.8e-111  360.0  16.7     6   230     2   226     1   227 0.99 -
5555at766_1242993_0:0001ba|OZ308468.1:20541-21222 -            228 5555                 -            236    1e-110  359.8  17.5   1   1  1.1e-110  1.1e-110  359.6  17.5     7   232     2   227     1   228 0.99 -
5555at766_205920_0:000068|OZ308468.1:20541-21222  -            228 5555                 -            236    1e-110  359.8  17.5   1   1  1.1e-110  1.1e-110  359.6  17.5     7   232     2   227     1   228 0.99 -
5555at766_391036_0:0002ed|OZ308468.1:20541-21222  -            228 5555                 -            236    1e-110  359.8  17.5   1   1  1.1e-110  1.1e-110  359.6  17.5     7   232     2   227     1   228 0.99 -
5555at766_1714371_0:0000a0|OZ308468.1:20553-21216 -            222 5555                 -            236  3.4e-109  354.8  18.0   1   1  3.8e-109  3.8e-109  354.7  18.0    11   230     2   221     1   222 0.99 -
5555at766_1961830_0:000278|OZ308468.1:20526-21195 -            224 5555                 -            236    1e-108  353.2  19.8   1   1  1.2e-108  1.2e-108  353.1  19.8     2   224     2   224     1   224 0.99 -
5555at766_142058_0:000016|OZ308468.1:20571-21234  -            221 5555                 -            236  2.8e-108  351.8  18.9   1   1  3.1e-108  3.1e-108  351.7  18.9    17   235     2   220     1   221 0.99 -
5555at766_752179_0:000191|OZ308468.1:20523-21174  -            218 5555                 -            236  3.3e-107  348.3  19.9   1   1  3.7e-107  3.7e-107  348.2  19.9     2   217     3   218     2   218 0.99 -
5555at766_1248439_0:000336|OZ308468.1:20580-21222 -            215 5555                 -            236    1e-106  346.7  19.4   1   1  1.1e-106  1.1e-106  346.6  19.4    19   232     1   214     1   215 0.99 -
5555at766_1423892_0:0002c3|OZ308468.1:20580-21222 -            215 5555                 -            236    1e-106  346.7  19.4   1   1  1.1e-106  1.1e-106  346.6  19.4    19   232     1   214     1   215 0.99 -
5555at766_2602574_0:000406|OZ308468.1:20541-21162 -            208 5555                 -            236  2.7e-105  342.0  16.5   1   1    3e-105    3e-105  341.9  16.5     7   213     2   208     1   208 0.99 -
5555at766_1359163_0:00010f|OZ308468.1:20607-21225 -            207 5555                 -            236  7.2e-105  340.7  17.8   1   1    8e-105    8e-105  340.5  17.8    29   233     2   206     1   207 0.99 -
5555at766_1392507_0:000217|OZ308468.1:20589-21198 -            204 5555                 -            236  2.1e-103  335.9  20.7   1   1  2.4e-103  2.4e-103  335.7  20.7    22   224     1   203     1   204 0.99 -
5555at766_1286528_0:000254|OZ308468.1:20622-21216 -            199 5555                 -            236  4.3e-103  334.8  15.7   1   1  4.8e-103  4.8e-103  334.7  15.7    33   230     1   198     1   199 0.99 -
5555at766_696127_0:00009e|OZ308468.1:20679-21228  -            184 5555                 -            236   5.3e-92  298.6  18.9   1   1   5.8e-92   5.8e-92  298.4  18.9    52   233     1   182     1   184 0.99 -
#
# Program:         hmmsearch
# Version:         3.4 (Aug 2023)
# Pipeline mode:   SEARCH
# Query file:      /Users/rossoaa/Desktop/dummy/genomes/records/compleasm/mb_downloads/rickettsiales_odb12/hmms/5555at766.hmm
# Target file:     -
# Option settings: /Users/rossoaa/miniconda3/envs/compleasm_env/bin/hmmsearch --domtblout /Users/rossoaa/Desktop/dummy/genomes/records/compleasm/rickettsiales_odb12/hmmer_output/5555at766.out --cpu 1 /Users/rossoaa/Desktop/dummy/genomes/records/compleasm/mb_downloads/rickettsiales_odb12/hmms/5555at766.hmm - 
# Current dir:     /Users/rossoaa/Desktop/dummy/genomes/records/compleasm
# Date:            Tue Feb 10 10:20:24 2026
# [ok]
