#                                                                                                          --- full sequence --- -------------- this domain -------------   hmm coord   ali coord   env coord
# target name                                      accession   tlen query name           accession   qlen   E-value  score  bias   #  of  c-Evalue  i-Evalue  score  bias  from    to  from    to  from    to  acc description of target
#                              ------------------- ---------- ----- -------------------- ---------- ----- --------- ------ ----- --- --- --------- --------- ------ ----- ----- ----- ----- ----- ----- ----- ---- ---------------------
555at766_696127_0:000210|OZ308468.1:926490-927762  -            425 555                  -            393  1.2e-187  614.3   1.4   1   1  1.3e-187  1.3e-187  614.1   1.4     3   392    29   423    27   424 0.97 -
555at766_752179_0:00038d|OZ308468.1:926493-927765  -            425 555                  -            393  1.2e-187  614.3   1.4   1   1  1.3e-187  1.3e-187  614.1   1.4     3   392    30   424    28   425 0.97 -
555at766_2115978_0:0001d0|OZ308468.1:926448-927720 -            425 555                  -            393  1.2e-187  614.3   1.4   1   1  1.3e-187  1.3e-187  614.1   1.4     3   392    15   409    13   410 0.97 -
555at766_779_0:000217|OZ308468.1:926337-927735     -            466 555                  -            393  1.6e-187  613.9   1.4   1   1  1.9e-187  1.9e-187  613.7   1.4     3   392    20   414    18   415 0.97 -
555at766_2486577_0:00000c|OZ308468.1:926340-927741 -            468 555                  -            393  1.6e-187  613.9   1.4   1   1  1.9e-187  1.9e-187  613.6   1.4     3   392    22   416    20   417 0.97 -
555at766_391036_0:0001ea|OZ308468.1:926337-927747  -            470 555                  -            393  1.6e-187  613.8   1.4   1   1  1.9e-187  1.9e-187  613.6   1.4     3   392    24   418    22   419 0.97 -
555at766_1528098_0:000438|OZ308468.1:926340-927753 -            472 555                  -            393  1.7e-187  613.8   1.4   1   1    2e-187    2e-187  613.6   1.4     3   392    26   420    24   421 0.97 -
555at766_1605993_0:0002e1|OZ308468.1:926337-927756 -            473 555                  -            393  1.7e-187  613.8   1.4   1   1    2e-187    2e-187  613.6   1.4     3   392    27   421    25   422 0.97 -
555at766_169402_0:000428|OZ308468.1:926337-927756  -            473 555                  -            393  1.7e-187  613.8   1.4   1   1    2e-187    2e-187  613.6   1.4     3   392    27   421    25   422 0.97 -
555at766_246273_0:00028c|OZ308468.1:926337-927756  -            473 555                  -            393  1.7e-187  613.8   1.4   1   1    2e-187    2e-187  613.6   1.4     3   392    27   421    25   422 0.97 -
555at766_955_0:0000c3|OZ308468.1:926340-927756     -            473 555                  -            393  1.7e-187  613.8   1.4   1   1    2e-187    2e-187  613.6   1.4     3   392    27   421    25   422 0.97 -
555at766_96496_0:0001a6|OZ308468.1:926340-927756   -            473 555                  -            393  1.7e-187  613.8   1.4   1   1    2e-187    2e-187  613.6   1.4     3   392    27   421    25   422 0.97 -
555at766_2602574_0:0002f2|OZ308468.1:926343-927765 -            475 555                  -            393  1.7e-187  613.8   1.4   1   1    2e-187    2e-187  613.6   1.4     3   392    30   424    28   425 0.97 -
555at766_1242993_0:000007|OZ308468.1:926337-927765 -            476 555                  -            393  1.7e-187  613.8   1.4   1   1    2e-187    2e-187  613.5   1.4     3   392    30   424    28   425 0.97 -
555at766_1248439_0:00034a|OZ308468.1:926337-927765 -            476 555                  -            393  1.7e-187  613.8   1.4   1   1    2e-187    2e-187  613.5   1.4     3   392    30   424    28   425 0.97 -
555at766_1359163_0:000049|OZ308468.1:926337-927765 -            476 555                  -            393  1.7e-187  613.8   1.4   1   1    2e-187    2e-187  613.5   1.4     3   392    30   424    28   425 0.97 -
555at766_1392507_0:000271|OZ308468.1:926337-927765 -            476 555                  -            393  1.7e-187  613.8   1.4   1   1    2e-187    2e-187  613.5   1.4     3   392    30   424    28   425 0.97 -
555at766_142058_0:00013f|OZ308468.1:926337-927765  -            476 555                  -            393  1.7e-187  613.8   1.4   1   1    2e-187    2e-187  613.5   1.4     3   392    30   424    28   425 0.97 -
555at766_1423892_0:000319|OZ308468.1:926337-927765 -            476 555                  -            393  1.7e-187  613.8   1.4   1   1    2e-187    2e-187  613.5   1.4     3   392    30   424    28   425 0.97 -
555at766_205920_0:00028b|OZ308468.1:926337-927765  -            476 555                  -            393  1.7e-187  613.8   1.4   1   1    2e-187    2e-187  613.5   1.4     3   392    30   424    28   425 0.97 -
555at766_86105_0:00062b|OZ308468.1:926340-927765   -            476 555                  -            393  1.7e-187  613.8   1.4   1   1    2e-187    2e-187  613.5   1.4     3   392    30   424    28   425 0.97 -
555at766_1961830_0:000481|OZ308468.1:926502-927756 -            419 555                  -            393  7.1e-187  611.7   1.6   1   1  8.1e-187  8.1e-187  611.6   1.6     3   390    27   419    25   419 0.97 -
555at766_334380_0:0002ad|OZ308468.1:926502-927765  -            422 555                  -            393  7.3e-187  611.7   1.6   1   1  8.3e-187  8.3e-187  611.5   1.6     3   390    30   422    28   422 0.97 -
555at766_1286528_0:00024e|OZ308468.1:926361-927645 -            429 555                  -            393  5.9e-185  605.4   1.7   1   1  6.8e-185  6.8e-185  605.2   1.7    15   392     2   384     1   385 0.98 -
555at766_1105107_0:000322|OZ308468.1:926544-927756 -            405 555                  -            393  9.2e-185  604.8   0.9   1   1  1.1e-184  1.1e-184  604.6   0.9     3   377    27   405    25   405 0.98 -
555at766_481009_0:0003b2|OZ308468.1:926544-927756  -            405 555                  -            393  9.2e-185  604.8   0.9   1   1  1.1e-184  1.1e-184  604.6   0.9     3   377    27   405    25   405 0.98 -
555at766_1359168_0:0000b7|OZ308468.1:926544-927765 -            408 555                  -            393  9.4e-185  604.8   0.9   1   1  1.1e-184  1.1e-184  604.6   0.9     3   377    30   408    28   408 0.98 -
555at766_336407_0:000525|OZ308468.1:926544-927648  -            369 555                  -            393  1.3e-182  597.7   0.9   1   1  1.5e-182  1.5e-182  597.5   0.9    14   377     2   369     1   369 0.98 -
555at766_272947_0:000029|OZ308468.1:926467-927465  -            333 555                  -            393  8.6e-157  512.7   1.4   1   1  9.8e-157  9.8e-157  512.5   1.4    74   390     1   322     1   325 0.97 -
#
# Program:         hmmsearch
# Version:         3.4 (Aug 2023)
# Pipeline mode:   SEARCH
# Query file:      /Users/rossoaa/Desktop/dummy/genomes/records/compleasm/mb_downloads/rickettsiales_odb12/hmms/555at766.hmm
# Target file:     -
# Option settings: /Users/rossoaa/miniconda3/envs/compleasm_env/bin/hmmsearch --domtblout /Users/rossoaa/Desktop/dummy/genomes/records/compleasm/rickettsiales_odb12/hmmer_output/555at766.out --cpu 1 /Users/rossoaa/Desktop/dummy/genomes/records/compleasm/mb_downloads/rickettsiales_odb12/hmms/555at766.hmm - 
# Current dir:     /Users/rossoaa/Desktop/dummy/genomes/records/compleasm
# Date:            Tue Feb 10 10:20:22 2026
# [ok]
