#                                                                                                         --- full sequence --- -------------- this domain -------------   hmm coord   ali coord   env coord
# target name                                     accession   tlen query name           accession   qlen   E-value  score  bias   #  of  c-Evalue  i-Evalue  score  bias  from    to  from    to  from    to  acc description of target
#                             ------------------- ---------- ----- -------------------- ---------- ----- --------- ------ ----- --- --- --------- --------- ------ ----- ----- ----- ----- ----- ----- ----- ---- ---------------------
5563at766_1359163_0:000318|OZ308468.1:69074-69632 -            187 5563                 -            168     2e-60  193.0   7.7   1   1   2.4e-60   2.4e-60  192.7   7.7     2   165     4   183     3   186 0.89 -
5563at766_696127_0:000457|OZ308468.1:69080-69656  -            193 5563                 -            168   2.2e-60  192.8   7.7   1   1   2.8e-60   2.8e-60  192.5   7.7     2   165     2   181     1   184 0.89 -
5563at766_205920_0:0002f4|OZ308468.1:69080-69659  -            194 5563                 -            168   2.2e-60  192.8   7.7   1   1   2.8e-60   2.8e-60  192.5   7.7     2   165     2   181     1   184 0.89 -
5563at766_391036_0:000157|OZ308468.1:69080-69659  -            194 5563                 -            168   2.2e-60  192.8   7.7   1   1   2.8e-60   2.8e-60  192.5   7.7     2   165     2   181     1   184 0.89 -
5563at766_96496_0:00013b|OZ308468.1:69080-69662   -            194 5563                 -            168   2.2e-60  192.8   7.7   1   1   2.8e-60   2.8e-60  192.5   7.7     2   165     2   181     1   184 0.89 -
5563at766_1359168_0:000131|OZ308468.1:69077-69662 -            195 5563                 -            168   2.2e-60  192.8   7.7   1   1   2.9e-60   2.9e-60  192.5   7.7     2   165     3   182     2   185 0.89 -
5563at766_1605993_0:0000e4|OZ308468.1:69074-69662 -            196 5563                 -            168   2.3e-60  192.8   7.7   1   1   2.9e-60   2.9e-60  192.4   7.7     2   165     4   183     3   186 0.89 -
5563at766_169402_0:000353|OZ308468.1:69074-69662  -            196 5563                 -            168   2.3e-60  192.8   7.7   1   1   2.9e-60   2.9e-60  192.4   7.7     2   165     4   183     3   186 0.89 -
5563at766_246273_0:000386|OZ308468.1:69074-69662  -            196 5563                 -            168   2.3e-60  192.8   7.7   1   1   2.9e-60   2.9e-60  192.4   7.7     2   165     4   183     3   186 0.89 -
5563at766_1242993_0:0000c8|OZ308468.1:69071-69659 -            197 5563                 -            168   2.3e-60  192.8   7.7   1   1     3e-60     3e-60  192.4   7.7     2   165     5   184     4   187 0.89 -
5563at766_955_0:000284|OZ308468.1:69083-69659     -            193 5563                 -            168   3.8e-60  192.1   7.6   1   1   4.8e-60   4.8e-60  191.7   7.6     3   165     2   180     1   183 0.89 -
5563at766_1528098_0:0004ad|OZ308468.1:69098-69656 -            187 5563                 -            168   1.2e-58  187.2   7.1   1   1   1.5e-58   1.5e-58  186.9   7.1     7   165     1   175     1   178 0.88 -
#
# Program:         hmmsearch
# Version:         3.4 (Aug 2023)
# Pipeline mode:   SEARCH
# Query file:      /Users/rossoaa/Desktop/dummy/genomes/records/compleasm/mb_downloads/rickettsiales_odb12/hmms/5563at766.hmm
# Target file:     -
# Option settings: /Users/rossoaa/miniconda3/envs/compleasm_env/bin/hmmsearch --domtblout /Users/rossoaa/Desktop/dummy/genomes/records/compleasm/rickettsiales_odb12/hmmer_output/5563at766.out --cpu 1 /Users/rossoaa/Desktop/dummy/genomes/records/compleasm/mb_downloads/rickettsiales_odb12/hmms/5563at766.hmm - 
# Current dir:     /Users/rossoaa/Desktop/dummy/genomes/records/compleasm
# Date:            Tue Feb 10 10:20:21 2026
# [ok]
