#                                                                                                           --- full sequence --- -------------- this domain -------------   hmm coord   ali coord   env coord
# target name                                       accession   tlen query name           accession   qlen   E-value  score  bias   #  of  c-Evalue  i-Evalue  score  bias  from    to  from    to  from    to  acc description of target
#                               ------------------- ---------- ----- -------------------- ---------- ----- --------- ------ ----- --- --- --------- --------- ------ ----- ----- ----- ----- ----- ----- ----- ---- ---------------------
5572at766_955_0:000307|OZ308468.1:738282-738915     -            212 5572                 -            204   3.6e-76  245.5   4.5   1   1     4e-76     4e-76  245.4   4.5     1   203     1   210     1   211 0.94 -
5572at766_1605993_0:0001da|OZ308468.1:738282-738921 -            213 5572                 -            204   3.6e-76  245.5   4.5   1   1   4.1e-76   4.1e-76  245.3   4.5     1   203     1   210     1   211 0.94 -
5572at766_169402_0:0000d9|OZ308468.1:738282-738921  -            213 5572                 -            204   3.6e-76  245.5   4.5   1   1   4.1e-76   4.1e-76  245.3   4.5     1   203     1   210     1   211 0.94 -
5572at766_246273_0:000213|OZ308468.1:738282-738921  -            213 5572                 -            204   3.6e-76  245.5   4.5   1   1   4.1e-76   4.1e-76  245.3   4.5     1   203     1   210     1   211 0.94 -
5572at766_96496_0:00005a|OZ308468.1:738282-738921   -            213 5572                 -            204   3.6e-76  245.5   4.5   1   1   4.1e-76   4.1e-76  245.3   4.5     1   203     1   210     1   211 0.94 -
5572at766_779_0:000022|OZ308468.1:738270-738921     -            217 5572                 -            204   3.8e-76  245.4   4.5   1   1   4.4e-76   4.4e-76  245.2   4.5     1   203     5   214     5   215 0.94 -
5572at766_2486578_0:0004a7|OZ308468.1:738282-738909 -            210 5572                 -            204   5.4e-76  244.9   4.4   1   1     6e-76     6e-76  244.8   4.4     1   202     1   209     1   210 0.94 -
5572at766_1242993_0:0002bc|OZ308468.1:738270-738909 -            214 5572                 -            204   5.7e-76  244.9   4.4   1   1   6.5e-76   6.5e-76  244.7   4.4     1   202     5   213     5   214 0.94 -
5572at766_205920_0:00001f|OZ308468.1:738270-738909  -            214 5572                 -            204   5.7e-76  244.9   4.4   1   1   6.5e-76   6.5e-76  244.7   4.4     1   202     5   213     5   214 0.94 -
5572at766_1286528_0:000107|OZ308468.1:738282-738906 -            209 5572                 -            204   6.3e-76  244.7   3.9   1   1     7e-76     7e-76  244.6   3.9     1   201     1   208     1   209 0.94 -
5572at766_1714371_0:00006d|OZ308468.1:738282-738906 -            209 5572                 -            204   6.3e-76  244.7   3.9   1   1     7e-76     7e-76  244.6   3.9     1   201     1   208     1   209 0.94 -
5572at766_222891_0:0001fe|OZ308468.1:738282-738906  -            209 5572                 -            204   6.3e-76  244.7   3.9   1   1     7e-76     7e-76  244.6   3.9     1   201     1   208     1   209 0.94 -
5572at766_434131_0:000277|OZ308468.1:738282-738906  -            209 5572                 -            204   6.3e-76  244.7   3.9   1   1     7e-76     7e-76  244.6   3.9     1   201     1   208     1   209 0.94 -
5572at766_1423892_0:0000d7|OZ308468.1:738270-738906 -            213 5572                 -            204   6.7e-76  244.6   3.9   1   1   7.6e-76   7.6e-76  244.4   3.9     1   201     5   212     5   213 0.94 -
5572at766_391036_0:00022c|OZ308468.1:738270-738906  -            213 5572                 -            204   6.7e-76  244.6   3.9   1   1   7.6e-76   7.6e-76  244.4   3.9     1   201     5   212     5   213 0.94 -
5572at766_1359163_0:000239|OZ308468.1:738267-738906 -            214 5572                 -            204   6.8e-76  244.6   3.9   1   1   7.7e-76   7.7e-76  244.4   3.9     1   201     6   213     6   214 0.94 -
5572at766_752179_0:000325|OZ308468.1:738282-738894  -            205 5572                 -            204   4.8e-75  241.8   3.4   1   1   5.4e-75   5.4e-75  241.7   3.4     1   198     1   205     1   205 0.94 -
#
# Program:         hmmsearch
# Version:         3.4 (Aug 2023)
# Pipeline mode:   SEARCH
# Query file:      /Users/rossoaa/Desktop/dummy/genomes/records/compleasm/mb_downloads/rickettsiales_odb12/hmms/5572at766.hmm
# Target file:     -
# Option settings: /Users/rossoaa/miniconda3/envs/compleasm_env/bin/hmmsearch --domtblout /Users/rossoaa/Desktop/dummy/genomes/records/compleasm/rickettsiales_odb12/hmmer_output/5572at766.out --cpu 1 /Users/rossoaa/Desktop/dummy/genomes/records/compleasm/mb_downloads/rickettsiales_odb12/hmms/5572at766.hmm - 
# Current dir:     /Users/rossoaa/Desktop/dummy/genomes/records/compleasm
# Date:            Tue Feb 10 10:20:21 2026
# [ok]
