#                                                                                                           --- full sequence --- -------------- this domain -------------   hmm coord   ali coord   env coord
# target name                                       accession   tlen query name           accession   qlen   E-value  score  bias   #  of  c-Evalue  i-Evalue  score  bias  from    to  from    to  from    to  acc description of target
#                               ------------------- ---------- ----- -------------------- ---------- ----- --------- ------ ----- --- --- --------- --------- ------ ----- ----- ----- ----- ----- ----- ----- ---- ---------------------
5589at766_1274402_0:0000f9|OZ308468.1:160909-161512 -            202 5589                 -            204  7.3e-101  327.1   3.1   1   1  8.1e-101  8.1e-101  326.9   3.1     1   203     1   201     1   202 0.98 -
5589at766_1605993_0:0000e8|OZ308468.1:160906-161512 -            202 5589                 -            204  7.3e-101  327.1   3.1   1   1  8.1e-101  8.1e-101  326.9   3.1     1   203     1   201     1   202 0.98 -
5589at766_1714371_0:000293|OZ308468.1:160906-161512 -            202 5589                 -            204  7.3e-101  327.1   3.1   1   1  8.1e-101  8.1e-101  326.9   3.1     1   203     1   201     1   202 0.98 -
5589at766_222891_0:000024|OZ308468.1:160906-161512  -            202 5589                 -            204  7.3e-101  327.1   3.1   1   1  8.1e-101  8.1e-101  326.9   3.1     1   203     1   201     1   202 0.98 -
5589at766_246273_0:000333|OZ308468.1:160906-161512  -            202 5589                 -            204  7.3e-101  327.1   3.1   1   1  8.1e-101  8.1e-101  326.9   3.1     1   203     1   201     1   202 0.98 -
5589at766_434131_0:0002c2|OZ308468.1:160906-161512  -            202 5589                 -            204  7.3e-101  327.1   3.1   1   1  8.1e-101  8.1e-101  326.9   3.1     1   203     1   201     1   202 0.98 -
5589at766_955_0:0000d4|OZ308468.1:160906-161512     -            202 5589                 -            204  7.3e-101  327.1   3.1   1   1  8.1e-101  8.1e-101  326.9   3.1     1   203     1   201     1   202 0.98 -
5589at766_96496_0:00031b|OZ308468.1:160906-161512   -            202 5589                 -            204  7.3e-101  327.1   3.1   1   1  8.1e-101  8.1e-101  326.9   3.1     1   203     1   201     1   202 0.98 -
5589at766_1802984_0:000185|OZ308468.1:160909-161515 -            203 5589                 -            204  7.4e-101  327.1   3.1   1   1  8.2e-101  8.2e-101  326.9   3.1     1   203     2   202     2   203 0.98 -
5589at766_2486578_0:0002c8|OZ308468.1:160906-161515 -            203 5589                 -            204  7.4e-101  327.1   3.1   1   1  8.2e-101  8.2e-101  326.9   3.1     1   203     2   202     2   203 0.98 -
5589at766_1105107_0:0002d6|OZ308468.1:160912-161530 -            207 5589                 -            204  1.1e-100  326.5   3.2   1   1  1.3e-100  1.3e-100  326.3   3.2     1   202     7   206     7   207 0.98 -
5589at766_336407_0:00045a|OZ308468.1:160912-161530  -            207 5589                 -            204  1.1e-100  326.5   3.2   1   1  1.3e-100  1.3e-100  326.3   3.2     1   202     7   206     7   207 0.98 -
5589at766_481009_0:00029e|OZ308468.1:160912-161530  -            207 5589                 -            204  1.1e-100  326.5   3.2   1   1  1.3e-100  1.3e-100  326.3   3.2     1   202     7   206     7   207 0.98 -
5589at766_169402_0:0002f0|OZ308468.1:160915-161512  -            200 5589                 -            204  1.3e-100  326.3   2.8   1   1  1.4e-100  1.4e-100  326.2   2.8     1   202     1   200     1   200 0.98 -
5589at766_1242993_0:0002c8|OZ308468.1:160909-161509 -            201 5589                 -            204  1.6e-100  326.0   3.1   1   1  1.8e-100  1.8e-100  325.8   3.1     3   203     2   200     1   201 0.98 -
5589at766_1423892_0:00024b|OZ308468.1:160909-161509 -            201 5589                 -            204  1.6e-100  326.0   3.1   1   1  1.8e-100  1.8e-100  325.8   3.1     3   203     2   200     1   201 0.98 -
5589at766_391036_0:000237|OZ308468.1:160909-161509  -            201 5589                 -            204  1.6e-100  326.0   3.1   1   1  1.8e-100  1.8e-100  325.8   3.1     3   203     2   200     1   201 0.98 -
5589at766_779_0:00019a|OZ308468.1:160906-161509     -            201 5589                 -            204  1.6e-100  326.0   3.1   1   1  1.8e-100  1.8e-100  325.8   3.1     3   203     2   200     1   201 0.98 -
5589at766_86105_0:000763|OZ308468.1:160909-161509   -            201 5589                 -            204  1.6e-100  326.0   3.1   1   1  1.8e-100  1.8e-100  325.8   3.1     3   203     2   200     1   201 0.98 -
5589at766_2602574_0:0002e6|OZ308468.1:160912-161509 -            200 5589                 -            204  2.3e-100  325.5   3.1   1   1  2.5e-100  2.5e-100  325.3   3.1     3   202     2   199     1   200 0.98 -
5589at766_1961830_0:0001a9|OZ308468.1:160918-161530 -            205 5589                 -            204  2.7e-100  325.2   2.7   1   1  3.1e-100  3.1e-100  325.0   2.7     1   201     7   205     7   205 0.98 -
5589at766_1248439_0:000172|OZ308468.1:160915-161509 -            199 5589                 -            204  2.8e-100  325.2   2.8   1   1  3.1e-100  3.1e-100  325.1   2.8     3   202     2   199     1   199 0.98 -
5589at766_1359163_0:0001c8|OZ308468.1:160915-161509 -            199 5589                 -            204  2.8e-100  325.2   2.8   1   1  3.1e-100  3.1e-100  325.1   2.8     3   202     2   199     1   199 0.98 -
5589at766_142058_0:00021d|OZ308468.1:160915-161509  -            199 5589                 -            204  2.8e-100  325.2   2.8   1   1  3.1e-100  3.1e-100  325.1   2.8     3   202     2   199     1   199 0.98 -
5589at766_2486577_0:0000e8|OZ308468.1:160915-161509 -            199 5589                 -            204  2.8e-100  325.2   2.8   1   1  3.1e-100  3.1e-100  325.1   2.8     3   202     2   199     1   199 0.98 -
5589at766_574556_0:00021f|OZ308468.1:160915-161509  -            199 5589                 -            204  2.8e-100  325.2   2.8   1   1  3.1e-100  3.1e-100  325.1   2.8     3   202     2   199     1   199 0.98 -
5589at766_1286528_0:0000bd|OZ308468.1:160921-161512 -            198 5589                 -            204  4.8e-100  324.4   2.6   1   1  5.3e-100  5.3e-100  324.3   2.6     1   200     1   198     1   198 0.98 -
5589at766_1528098_0:00036f|OZ308468.1:160921-161521 -            201 5589                 -            204    5e-100  324.3   2.6   1   1  5.6e-100  5.6e-100  324.2   2.6     1   200     4   201     4   201 0.98 -
5589at766_752179_0:000235|OZ308468.1:160921-161521  -            201 5589                 -            204    5e-100  324.3   2.6   1   1  5.6e-100  5.6e-100  324.2   2.6     1   200     4   201     4   201 0.98 -
5589at766_696127_0:000056|OZ308468.1:160924-161530  -            203 5589                 -            204   1.5e-99  322.8   2.6   1   1   1.7e-99   1.7e-99  322.6   2.6     1   199     7   203     7   203 0.98 -
5589at766_2115978_0:0003fd|OZ308468.1:160921-161506 -            196 5589                 -            204   2.1e-99  322.3   2.6   1   1   2.3e-99   2.3e-99  322.2   2.6     3   200     1   196     1   196 0.98 -
5589at766_334380_0:000209|OZ308468.1:160921-161506  -            196 5589                 -            204   2.1e-99  322.3   2.6   1   1   2.3e-99   2.3e-99  322.2   2.6     3   200     1   196     1   196 0.98 -
5589at766_205920_0:000112|OZ308468.1:160924-161509  -            196 5589                 -            204     3e-99  321.8   2.6   1   1   3.3e-99   3.3e-99  321.7   2.6     3   199     2   196     1   196 0.98 -
5589at766_1392507_0:0002a1|OZ308468.1:160930-161509 -            194 5589                 -            204   1.5e-98  319.5   2.3   1   1   1.7e-98   1.7e-98  319.4   2.3     3   197     2   194     1   194 0.98 -
#
# Program:         hmmsearch
# Version:         3.4 (Aug 2023)
# Pipeline mode:   SEARCH
# Query file:      /Users/rossoaa/Desktop/dummy/genomes/records/compleasm/mb_downloads/rickettsiales_odb12/hmms/5589at766.hmm
# Target file:     -
# Option settings: /Users/rossoaa/miniconda3/envs/compleasm_env/bin/hmmsearch --domtblout /Users/rossoaa/Desktop/dummy/genomes/records/compleasm/rickettsiales_odb12/hmmer_output/5589at766.out --cpu 1 /Users/rossoaa/Desktop/dummy/genomes/records/compleasm/mb_downloads/rickettsiales_odb12/hmms/5589at766.hmm - 
# Current dir:     /Users/rossoaa/Desktop/dummy/genomes/records/compleasm
# Date:            Tue Feb 10 10:20:22 2026
# [ok]
