#                                                                                                          --- full sequence --- -------------- this domain -------------   hmm coord   ali coord   env coord
# target name                                      accession   tlen query name           accession   qlen   E-value  score  bias   #  of  c-Evalue  i-Evalue  score  bias  from    to  from    to  from    to  acc description of target
#                              ------------------- ---------- ----- -------------------- ---------- ----- --------- ------ ----- --- --- --------- --------- ------ ----- ----- ----- ----- ----- ----- ----- ---- ---------------------
558at766_955_0:000104|OZ308468.1:159636-160893     -            420 558                  -            414  6.1e-195  638.8  12.4   1   1  6.9e-195  6.9e-195  638.6  12.4     2   414     3   418     2   418 0.99 -
558at766_1359163_0:000052|OZ308468.1:159633-160893 -            421 558                  -            414  6.2e-195  638.7  12.4   1   1    7e-195    7e-195  638.6  12.4     2   414     3   418     2   418 0.99 -
558at766_2486577_0:00021f|OZ308468.1:159633-160896 -            422 558                  -            414  6.2e-195  638.7  12.4   1   1    7e-195    7e-195  638.6  12.4     2   414     4   419     3   419 0.99 -
558at766_1242993_0:000136|OZ308468.1:159633-160899 -            423 558                  -            414  6.3e-195  638.7  12.4   1   1  7.1e-195  7.1e-195  638.5  12.4     2   414     5   420     4   420 0.99 -
558at766_1423892_0:0001d5|OZ308468.1:159633-160899 -            423 558                  -            414  6.3e-195  638.7  12.4   1   1  7.1e-195  7.1e-195  638.5  12.4     2   414     5   420     4   420 0.99 -
558at766_205920_0:00029c|OZ308468.1:159633-160899  -            423 558                  -            414  6.3e-195  638.7  12.4   1   1  7.1e-195  7.1e-195  638.5  12.4     2   414     5   420     4   420 0.99 -
558at766_391036_0:0000d7|OZ308468.1:159633-160899  -            423 558                  -            414  6.3e-195  638.7  12.4   1   1  7.1e-195  7.1e-195  638.5  12.4     2   414     5   420     4   420 0.99 -
558at766_779_0:000367|OZ308468.1:159633-160899     -            423 558                  -            414  6.3e-195  638.7  12.4   1   1  7.1e-195  7.1e-195  638.5  12.4     2   414     5   420     4   420 0.99 -
558at766_1248439_0:0002da|OZ308468.1:159636-160902 -            423 558                  -            414  6.3e-195  638.7  12.4   1   1  7.1e-195  7.1e-195  638.5  12.4     2   414     6   421     5   421 0.99 -
558at766_142058_0:0000c3|OZ308468.1:159636-160902  -            423 558                  -            414  6.3e-195  638.7  12.4   1   1  7.1e-195  7.1e-195  638.5  12.4     2   414     6   421     5   421 0.99 -
558at766_574556_0:0000d6|OZ308468.1:159636-160902  -            423 558                  -            414  6.3e-195  638.7  12.4   1   1  7.1e-195  7.1e-195  638.5  12.4     2   414     6   421     5   421 0.99 -
558at766_1605993_0:0000e6|OZ308468.1:159630-160902 -            424 558                  -            414  6.3e-195  638.7  12.4   1   1  7.2e-195  7.2e-195  638.5  12.4     2   414     6   421     5   421 0.99 -
558at766_169402_0:00001b|OZ308468.1:159633-160902  -            424 558                  -            414  6.3e-195  638.7  12.4   1   1  7.2e-195  7.2e-195  638.5  12.4     2   414     6   421     5   421 0.99 -
558at766_246273_0:000303|OZ308468.1:159633-160902  -            424 558                  -            414  6.3e-195  638.7  12.4   1   1  7.2e-195  7.2e-195  638.5  12.4     2   414     6   421     5   421 0.99 -
558at766_96496_0:000324|OZ308468.1:159633-160902   -            424 558                  -            414  6.3e-195  638.7  12.4   1   1  7.2e-195  7.2e-195  638.5  12.4     2   414     6   421     5   421 0.99 -
558at766_1392507_0:0001e8|OZ308468.1:159636-160905 -            424 558                  -            414  6.3e-195  638.7  12.4   1   1  7.2e-195  7.2e-195  638.5  12.4     2   414     7   422     6   422 0.99 -
558at766_2115978_0:000246|OZ308468.1:159636-160884 -            417 558                  -            414  2.2e-194  636.9  12.1   1   1  2.4e-194  2.4e-194  636.8  12.1     3   414     1   415     1   415 0.99 -
558at766_86105_0:000248|OZ308468.1:159633-160878   -            416 558                  -            414  1.2e-193  634.6  11.7   1   1  1.3e-193  1.3e-193  634.4  11.7     5   414     1   413     1   413 0.99 -
558at766_696127_0:000430|OZ308468.1:159630-160866  -            412 558                  -            414  1.5e-191  627.6  12.2   1   1  1.6e-191  1.6e-191  627.5  12.2     9   414     1   409     1   409 0.99 -
558at766_2486578_0:000244|OZ308468.1:159684-160911 -            410 558                  -            414  1.8e-190  624.1  12.3   1   1    2e-190    2e-190  623.9  12.3     2   400     9   410     8   410 0.99 -
558at766_272947_0:00000d|OZ308468.1:159684-160887  -            402 558                  -            414  2.8e-190  623.4  12.0   1   1  3.1e-190  3.1e-190  623.3  12.0     2   400     1   402     1   402 0.99 -
558at766_336407_0:000456|OZ308468.1:159684-160887  -            402 558                  -            414  2.8e-190  623.4  12.0   1   1  3.1e-190  3.1e-190  623.3  12.0     2   400     1   402     1   402 0.99 -
558at766_481009_0:0002ed|OZ308468.1:159684-160887  -            402 558                  -            414  2.8e-190  623.4  12.0   1   1  3.1e-190  3.1e-190  623.3  12.0     2   400     1   402     1   402 0.99 -
558at766_434131_0:00029a|OZ308468.1:159684-160881  -            400 558                  -            414  1.4e-189  621.1  11.8   1   1  1.5e-189  1.5e-189  621.0  11.8     4   400     1   400     1   400 0.99 -
558at766_1961830_0:000208|OZ308468.1:159633-160845 -            405 558                  -            414  4.2e-189  619.5  12.0   1   1  4.7e-189  4.7e-189  619.4  12.0    17   414     2   402     1   402 0.99 -
558at766_752179_0:00028f|OZ308468.1:159633-160845  -            405 558                  -            414  4.2e-189  619.5  12.0   1   1  4.7e-189  4.7e-189  619.4  12.0    17   414     2   402     1   402 0.99 -
558at766_1105107_0:00006a|OZ308468.1:159717-160887 -            391 558                  -            414    9e-188  615.1  11.6   1   1    1e-187    1e-187  615.0  11.6     2   391     1   391     1   391 0.99 -
558at766_1286528_0:000092|OZ308468.1:159636-160830 -            399 558                  -            414  1.1e-187  614.9  11.6   1   1  1.2e-187  1.2e-187  614.7  11.6    21   414     1   397     1   397 0.99 -
558at766_1714371_0:0000e5|OZ308468.1:159684-160830 -            383 558                  -            414    3e-183  600.2  11.5   1   1  3.4e-183  3.4e-183  600.1  11.5    21   400     1   383     1   383 0.99 -
558at766_222891_0:00010a|OZ308468.1:159684-160830  -            383 558                  -            414    3e-183  600.2  11.5   1   1  3.4e-183  3.4e-183  600.1  11.5    21   400     1   383     1   383 0.99 -
558at766_2602574_0:000107|OZ308468.1:159633-160746 -            372 558                  -            414  2.8e-171  560.8  10.7   1   1  3.2e-171  3.2e-171  560.6  10.7    49   414     1   369     1   369 0.99 -
#
# Program:         hmmsearch
# Version:         3.4 (Aug 2023)
# Pipeline mode:   SEARCH
# Query file:      /Users/rossoaa/Desktop/dummy/genomes/records/compleasm/mb_downloads/rickettsiales_odb12/hmms/558at766.hmm
# Target file:     -
# Option settings: /Users/rossoaa/miniconda3/envs/compleasm_env/bin/hmmsearch --domtblout /Users/rossoaa/Desktop/dummy/genomes/records/compleasm/rickettsiales_odb12/hmmer_output/558at766.out --cpu 1 /Users/rossoaa/Desktop/dummy/genomes/records/compleasm/mb_downloads/rickettsiales_odb12/hmms/558at766.hmm - 
# Current dir:     /Users/rossoaa/Desktop/dummy/genomes/records/compleasm
# Date:            Tue Feb 10 10:20:24 2026
# [ok]
