#                                                                                                           --- full sequence --- -------------- this domain -------------   hmm coord   ali coord   env coord
# target name                                       accession   tlen query name           accession   qlen   E-value  score  bias   #  of  c-Evalue  i-Evalue  score  bias  from    to  from    to  from    to  acc description of target
#                               ------------------- ---------- ----- -------------------- ---------- ----- --------- ------ ----- --- --- --------- --------- ------ ----- ----- ----- ----- ----- ----- ----- ---- ---------------------
5613at766_1242993_0:0001c4|OZ308468.1:445568-446138 -            190 5613                 -            190   1.1e-81  262.8   4.9   1   1   1.2e-81   1.2e-81  262.7   4.9     1   187     1   189     1   190 0.99 -
5613at766_1359163_0:000018|OZ308468.1:445568-446138 -            190 5613                 -            190   1.1e-81  262.8   4.9   1   1   1.2e-81   1.2e-81  262.7   4.9     1   187     1   189     1   190 0.99 -
5613at766_1392507_0:000048|OZ308468.1:445568-446138 -            190 5613                 -            190   1.1e-81  262.8   4.9   1   1   1.2e-81   1.2e-81  262.7   4.9     1   187     1   189     1   190 0.99 -
5613at766_1423892_0:000062|OZ308468.1:445568-446138 -            190 5613                 -            190   1.1e-81  262.8   4.9   1   1   1.2e-81   1.2e-81  262.7   4.9     1   187     1   189     1   190 0.99 -
5613at766_1605993_0:0001c5|OZ308468.1:445568-446138 -            190 5613                 -            190   1.1e-81  262.8   4.9   1   1   1.2e-81   1.2e-81  262.7   4.9     1   187     1   189     1   190 0.99 -
5613at766_169402_0:00042a|OZ308468.1:445568-446138  -            190 5613                 -            190   1.1e-81  262.8   4.9   1   1   1.2e-81   1.2e-81  262.7   4.9     1   187     1   189     1   190 0.99 -
5613at766_205920_0:00020d|OZ308468.1:445568-446138  -            190 5613                 -            190   1.1e-81  262.8   4.9   1   1   1.2e-81   1.2e-81  262.7   4.9     1   187     1   189     1   190 0.99 -
5613at766_246273_0:00010b|OZ308468.1:445568-446138  -            190 5613                 -            190   1.1e-81  262.8   4.9   1   1   1.2e-81   1.2e-81  262.7   4.9     1   187     1   189     1   190 0.99 -
5613at766_391036_0:000072|OZ308468.1:445568-446138  -            190 5613                 -            190   1.1e-81  262.8   4.9   1   1   1.2e-81   1.2e-81  262.7   4.9     1   187     1   189     1   190 0.99 -
5613at766_779_0:00024e|OZ308468.1:445568-446138     -            190 5613                 -            190   1.1e-81  262.8   4.9   1   1   1.2e-81   1.2e-81  262.7   4.9     1   187     1   189     1   190 0.99 -
5613at766_955_0:0001c4|OZ308468.1:445568-446138     -            190 5613                 -            190   1.1e-81  262.8   4.9   1   1   1.2e-81   1.2e-81  262.7   4.9     1   187     1   189     1   190 0.99 -
5613at766_96496_0:0000a9|OZ308468.1:445568-446138   -            190 5613                 -            190   1.1e-81  262.8   4.9   1   1   1.2e-81   1.2e-81  262.7   4.9     1   187     1   189     1   190 0.99 -
5613at766_1248439_0:0002cd|OZ308468.1:445568-446129 -            188 5613                 -            190   2.6e-81  261.7   4.4   1   1   2.9e-81   2.9e-81  261.5   4.4     1   186     1   188     1   188 0.99 -
5613at766_142058_0:00001c|OZ308468.1:445568-446129  -            188 5613                 -            190   2.6e-81  261.7   4.4   1   1   2.9e-81   2.9e-81  261.5   4.4     1   186     1   188     1   188 0.99 -
#
# Program:         hmmsearch
# Version:         3.4 (Aug 2023)
# Pipeline mode:   SEARCH
# Query file:      /Users/rossoaa/Desktop/dummy/genomes/records/compleasm/mb_downloads/rickettsiales_odb12/hmms/5613at766.hmm
# Target file:     -
# Option settings: /Users/rossoaa/miniconda3/envs/compleasm_env/bin/hmmsearch --domtblout /Users/rossoaa/Desktop/dummy/genomes/records/compleasm/rickettsiales_odb12/hmmer_output/5613at766.out --cpu 1 /Users/rossoaa/Desktop/dummy/genomes/records/compleasm/mb_downloads/rickettsiales_odb12/hmms/5613at766.hmm - 
# Current dir:     /Users/rossoaa/Desktop/dummy/genomes/records/compleasm
# Date:            Tue Feb 10 10:20:23 2026
# [ok]
