#                                                                                                           --- full sequence --- -------------- this domain -------------   hmm coord   ali coord   env coord
# target name                                       accession   tlen query name           accession   qlen   E-value  score  bias   #  of  c-Evalue  i-Evalue  score  bias  from    to  from    to  from    to  acc description of target
#                               ------------------- ---------- ----- -------------------- ---------- ----- --------- ------ ----- --- --- --------- --------- ------ ----- ----- ----- ----- ----- ----- ----- ---- ---------------------
5625at766_1248439_0:000247|OZ308468.1:429289-429796 -            169 5625                 -            166   2.8e-75  242.5   4.5   1   1   3.2e-75   3.2e-75  242.3   4.5     1   166     2   169     2   169 0.98 -
5625at766_142058_0:0002eb|OZ308468.1:429289-429796  -            169 5625                 -            166   2.8e-75  242.5   4.5   1   1   3.2e-75   3.2e-75  242.3   4.5     1   166     2   169     2   169 0.98 -
5625at766_246273_0:000037|OZ308468.1:429289-429796  -            169 5625                 -            166   2.8e-75  242.5   4.5   1   1   3.2e-75   3.2e-75  242.3   4.5     1   166     2   169     2   169 0.98 -
5625at766_574556_0:00028b|OZ308468.1:429289-429796  -            169 5625                 -            166   2.8e-75  242.5   4.5   1   1   3.2e-75   3.2e-75  242.3   4.5     1   166     2   169     2   169 0.98 -
5625at766_779_0:0002db|OZ308468.1:429289-429796     -            169 5625                 -            166   2.8e-75  242.5   4.5   1   1   3.2e-75   3.2e-75  242.3   4.5     1   166     2   169     2   169 0.98 -
5625at766_955_0:0002d1|OZ308468.1:429289-429796     -            169 5625                 -            166   2.8e-75  242.5   4.5   1   1   3.2e-75   3.2e-75  242.3   4.5     1   166     2   169     2   169 0.98 -
5625at766_2602574_0:00009f|OZ308468.1:429283-429796 -            171 5625                 -            166   2.9e-75  242.4   4.5   1   1   3.3e-75   3.3e-75  242.2   4.5     1   166     4   171     4   171 0.98 -
5625at766_1423892_0:0001cf|OZ308468.1:429280-429796 -            172 5625                 -            166     3e-75  242.4   4.5   1   1   3.4e-75   3.4e-75  242.2   4.5     1   166     5   172     5   172 0.98 -
5625at766_1528098_0:000516|OZ308468.1:429280-429796 -            172 5625                 -            166     3e-75  242.4   4.5   1   1   3.4e-75   3.4e-75  242.2   4.5     1   166     5   172     5   172 0.98 -
5625at766_1605993_0:000290|OZ308468.1:429280-429796 -            172 5625                 -            166     3e-75  242.4   4.5   1   1   3.4e-75   3.4e-75  242.2   4.5     1   166     5   172     5   172 0.98 -
5625at766_169402_0:00009d|OZ308468.1:429280-429796  -            172 5625                 -            166     3e-75  242.4   4.5   1   1   3.4e-75   3.4e-75  242.2   4.5     1   166     5   172     5   172 0.98 -
5625at766_205920_0:000082|OZ308468.1:429280-429796  -            172 5625                 -            166     3e-75  242.4   4.5   1   1   3.4e-75   3.4e-75  242.2   4.5     1   166     5   172     5   172 0.98 -
5625at766_2486577_0:00024d|OZ308468.1:429280-429796 -            172 5625                 -            166     3e-75  242.4   4.5   1   1   3.4e-75   3.4e-75  242.2   4.5     1   166     5   172     5   172 0.98 -
5625at766_96496_0:000179|OZ308468.1:429280-429796   -            172 5625                 -            166     3e-75  242.4   4.5   1   1   3.4e-75   3.4e-75  242.2   4.5     1   166     5   172     5   172 0.98 -
5625at766_86105_0:000617|OZ308468.1:429277-429796   -            173 5625                 -            166   3.1e-75  242.4   4.5   1   1   3.5e-75   3.5e-75  242.2   4.5     1   166     6   173     6   173 0.98 -
5625at766_334380_0:000409|OZ308468.1:429289-429790  -            168 5625                 -            166   3.9e-75  242.0   3.8   1   1   4.4e-75   4.4e-75  241.9   3.8     1   164     2   167     2   168 0.98 -
5625at766_1105107_0:000029|OZ308468.1:429286-429790 -            169 5625                 -            166   3.9e-75  242.0   3.8   1   1   4.5e-75   4.5e-75  241.8   3.8     1   164     3   168     3   169 0.98 -
5625at766_2486578_0:0002b0|OZ308468.1:429280-429787 -            170 5625                 -            166   8.7e-75  240.9   4.0   1   1     1e-74     1e-74  240.7   4.0     1   163     5   169     5   170 0.98 -
5625at766_1359168_0:000051|OZ308468.1:429304-429790 -            163 5625                 -            166   3.3e-74  239.0   2.3   1   1   3.7e-74   3.7e-74  238.9   2.3     5   164     1   162     1   163 0.98 -
5625at766_1392507_0:000001|OZ308468.1:429307-429796 -            163 5625                 -            166   4.9e-74  238.5   2.8   1   1   5.4e-74   5.4e-74  238.3   2.8     6   166     1   163     1   163 0.98 -
5625at766_1274402_0:000030|OZ308468.1:429292-429772 -            161 5625                 -            166   3.6e-73  235.6   5.1   1   1     4e-73     4e-73  235.5   5.1     1   159     1   161     1   161 0.98 -
5625at766_1961830_0:0000de|OZ308468.1:429286-429772 -            163 5625                 -            166   3.7e-73  235.6   5.1   1   1   4.2e-73   4.2e-73  235.4   5.1     1   159     3   163     3   163 0.98 -
5625at766_272947_0:000121|OZ308468.1:429286-429772  -            163 5625                 -            166   3.7e-73  235.6   5.1   1   1   4.2e-73   4.2e-73  235.4   5.1     1   159     3   163     3   163 0.98 -
5625at766_336407_0:00005e|OZ308468.1:429286-429772  -            163 5625                 -            166   3.7e-73  235.6   5.1   1   1   4.2e-73   4.2e-73  235.4   5.1     1   159     3   163     3   163 0.98 -
5625at766_481009_0:000352|OZ308468.1:429286-429772  -            163 5625                 -            166   3.7e-73  235.6   5.1   1   1   4.2e-73   4.2e-73  235.4   5.1     1   159     3   163     3   163 0.98 -
5625at766_1286528_0:000046|OZ308468.1:429334-429796 -            154 5625                 -            166   1.8e-70  226.8   1.8   1   1     2e-70     2e-70  226.7   1.8    15   166     1   154     1   154 0.98 -
5625at766_1714371_0:0002cf|OZ308468.1:429334-429790 -            153 5625                 -            166   2.9e-70  226.2   1.4   1   1   3.2e-70   3.2e-70  226.0   1.4    15   164     1   152     1   153 0.98 -
5625at766_222891_0:0000c4|OZ308468.1:429334-429790  -            153 5625                 -            166   2.9e-70  226.2   1.4   1   1   3.2e-70   3.2e-70  226.0   1.4    15   164     1   152     1   153 0.98 -
5625at766_434131_0:000073|OZ308468.1:429334-429790  -            153 5625                 -            166   2.9e-70  226.2   1.4   1   1   3.2e-70   3.2e-70  226.0   1.4    15   164     1   152     1   153 0.98 -
#
# Program:         hmmsearch
# Version:         3.4 (Aug 2023)
# Pipeline mode:   SEARCH
# Query file:      /Users/rossoaa/Desktop/dummy/genomes/records/compleasm/mb_downloads/rickettsiales_odb12/hmms/5625at766.hmm
# Target file:     -
# Option settings: /Users/rossoaa/miniconda3/envs/compleasm_env/bin/hmmsearch --domtblout /Users/rossoaa/Desktop/dummy/genomes/records/compleasm/rickettsiales_odb12/hmmer_output/5625at766.out --cpu 1 /Users/rossoaa/Desktop/dummy/genomes/records/compleasm/mb_downloads/rickettsiales_odb12/hmms/5625at766.hmm - 
# Current dir:     /Users/rossoaa/Desktop/dummy/genomes/records/compleasm
# Date:            Tue Feb 10 10:20:22 2026
# [ok]
