#                                                                                                           --- full sequence --- -------------- this domain -------------   hmm coord   ali coord   env coord
# target name                                       accession   tlen query name           accession   qlen   E-value  score  bias   #  of  c-Evalue  i-Evalue  score  bias  from    to  from    to  from    to  acc description of target
#                               ------------------- ---------- ----- -------------------- ---------- ----- --------- ------ ----- --- --- --------- --------- ------ ----- ----- ----- ----- ----- ----- ----- ---- ---------------------
5639at766_1714371_0:000295|OZ308468.1:308881-309418 -            180 5639                 -            179  8.8e-104  335.9   2.0   1   1  9.8e-104  9.8e-104  335.7   2.0     2   179     2   179     1   179 0.99 -
5639at766_222891_0:0001cd|OZ308468.1:308881-309418  -            180 5639                 -            179  8.8e-104  335.9   2.0   1   1  9.8e-104  9.8e-104  335.7   2.0     2   179     2   179     1   179 0.99 -
5639at766_1961830_0:000292|OZ308468.1:308878-309418 -            181 5639                 -            179  8.9e-104  335.9   2.0   1   1    1e-103    1e-103  335.7   2.0     2   179     3   180     2   180 0.99 -
5639at766_1105107_0:0000a1|OZ308468.1:308875-309418 -            182 5639                 -            179    9e-104  335.9   2.0   1   1    1e-103    1e-103  335.7   2.0     2   179     4   181     3   181 0.99 -
5639at766_272947_0:0002a9|OZ308468.1:308875-309418  -            182 5639                 -            179    9e-104  335.9   2.0   1   1    1e-103    1e-103  335.7   2.0     2   179     4   181     3   181 0.99 -
5639at766_336407_0:0002b1|OZ308468.1:308875-309418  -            182 5639                 -            179    9e-104  335.9   2.0   1   1    1e-103    1e-103  335.7   2.0     2   179     4   181     3   181 0.99 -
5639at766_481009_0:000111|OZ308468.1:308875-309418  -            182 5639                 -            179    9e-104  335.9   2.0   1   1    1e-103    1e-103  335.7   2.0     2   179     4   181     3   181 0.99 -
5639at766_2486577_0:0000ff|OZ308468.1:308872-309415 -            182 5639                 -            179  9.1e-104  335.8   2.0   1   1    1e-103    1e-103  335.7   2.0     2   179     5   182     4   182 0.99 -
5639at766_1528098_0:00021b|OZ308468.1:308869-309415 -            183 5639                 -            179  9.3e-104  335.8   2.0   1   1    1e-103    1e-103  335.6   2.0     2   179     6   183     5   183 0.99 -
5639at766_169402_0:000295|OZ308468.1:308869-309415  -            183 5639                 -            179  9.3e-104  335.8   2.0   1   1    1e-103    1e-103  335.6   2.0     2   179     6   183     5   183 0.99 -
5639at766_2486578_0:00006a|OZ308468.1:308869-309415 -            183 5639                 -            179  9.3e-104  335.8   2.0   1   1    1e-103    1e-103  335.6   2.0     2   179     6   183     5   183 0.99 -
5639at766_86105_0:00030c|OZ308468.1:308869-309415   -            183 5639                 -            179  9.3e-104  335.8   2.0   1   1    1e-103    1e-103  335.6   2.0     2   179     6   183     5   183 0.99 -
5639at766_1242993_0:00010f|OZ308468.1:308869-309421 -            184 5639                 -            179  9.4e-104  335.8   2.0   1   1  1.1e-103  1.1e-103  335.6   2.0     2   179     6   183     5   183 0.99 -
5639at766_1248439_0:000272|OZ308468.1:308869-309421 -            184 5639                 -            179  9.4e-104  335.8   2.0   1   1  1.1e-103  1.1e-103  335.6   2.0     2   179     6   183     5   183 0.99 -
5639at766_1274402_0:000002|OZ308468.1:308869-309421 -            184 5639                 -            179  9.4e-104  335.8   2.0   1   1  1.1e-103  1.1e-103  335.6   2.0     2   179     6   183     5   183 0.99 -
5639at766_1359163_0:000143|OZ308468.1:308869-309421 -            184 5639                 -            179  9.4e-104  335.8   2.0   1   1  1.1e-103  1.1e-103  335.6   2.0     2   179     6   183     5   183 0.99 -
5639at766_1392507_0:000039|OZ308468.1:308869-309421 -            184 5639                 -            179  9.4e-104  335.8   2.0   1   1  1.1e-103  1.1e-103  335.6   2.0     2   179     6   183     5   183 0.99 -
5639at766_142058_0:000357|OZ308468.1:308869-309421  -            184 5639                 -            179  9.4e-104  335.8   2.0   1   1  1.1e-103  1.1e-103  335.6   2.0     2   179     6   183     5   183 0.99 -
5639at766_1423892_0:000207|OZ308468.1:308869-309421 -            184 5639                 -            179  9.4e-104  335.8   2.0   1   1  1.1e-103  1.1e-103  335.6   2.0     2   179     6   183     5   183 0.99 -
5639at766_1605993_0:000108|OZ308468.1:308869-309421 -            184 5639                 -            179  9.4e-104  335.8   2.0   1   1  1.1e-103  1.1e-103  335.6   2.0     2   179     6   183     5   183 0.99 -
5639at766_205920_0:000053|OZ308468.1:308869-309421  -            184 5639                 -            179  9.4e-104  335.8   2.0   1   1  1.1e-103  1.1e-103  335.6   2.0     2   179     6   183     5   183 0.99 -
5639at766_246273_0:0000b2|OZ308468.1:308869-309421  -            184 5639                 -            179  9.4e-104  335.8   2.0   1   1  1.1e-103  1.1e-103  335.6   2.0     2   179     6   183     5   183 0.99 -
5639at766_391036_0:000231|OZ308468.1:308869-309421  -            184 5639                 -            179  9.4e-104  335.8   2.0   1   1  1.1e-103  1.1e-103  335.6   2.0     2   179     6   183     5   183 0.99 -
5639at766_574556_0:000296|OZ308468.1:308869-309421  -            184 5639                 -            179  9.4e-104  335.8   2.0   1   1  1.1e-103  1.1e-103  335.6   2.0     2   179     6   183     5   183 0.99 -
5639at766_779_0:000042|OZ308468.1:308869-309421     -            184 5639                 -            179  9.4e-104  335.8   2.0   1   1  1.1e-103  1.1e-103  335.6   2.0     2   179     6   183     5   183 0.99 -
5639at766_955_0:000223|OZ308468.1:308869-309421     -            184 5639                 -            179  9.4e-104  335.8   2.0   1   1  1.1e-103  1.1e-103  335.6   2.0     2   179     6   183     5   183 0.99 -
5639at766_96496_0:0001a4|OZ308468.1:308869-309421   -            184 5639                 -            179  9.4e-104  335.8   2.0   1   1  1.1e-103  1.1e-103  335.6   2.0     2   179     6   183     5   183 0.99 -
5639at766_434131_0:00003c|OZ308468.1:308884-309418  -            179 5639                 -            179  1.7e-103  335.0   2.1   1   1  1.9e-103  1.9e-103  334.8   2.1     3   179     2   178     1   178 0.99 -
5639at766_696127_0:0001d3|OZ308468.1:308887-309415  -            177 5639                 -            179  2.8e-103  334.3   2.2   1   1  3.1e-103  3.1e-103  334.1   2.2     4   179     2   177     1   177 0.99 -
5639at766_1286528_0:0002c2|OZ308468.1:308890-309418 -            177 5639                 -            179  5.2e-103  333.4   2.3   1   1  5.9e-103  5.9e-103  333.2   2.3     4   179     1   176     1   176 0.99 -
5639at766_752179_0:000063|OZ308468.1:308893-309418  -            176 5639                 -            179  1.2e-102  332.2   2.2   1   1  1.3e-102  1.3e-102  332.1   2.2     5   179     1   175     1   175 1.00 -
5639at766_2602574_0:00016e|OZ308468.1:308896-309421 -            175 5639                 -            179  4.9e-102  330.2   2.0   1   1  5.5e-102  5.5e-102  330.0   2.0     6   179     1   174     1   174 1.00 -
#
# Program:         hmmsearch
# Version:         3.4 (Aug 2023)
# Pipeline mode:   SEARCH
# Query file:      /Users/rossoaa/Desktop/dummy/genomes/records/compleasm/mb_downloads/rickettsiales_odb12/hmms/5639at766.hmm
# Target file:     -
# Option settings: /Users/rossoaa/miniconda3/envs/compleasm_env/bin/hmmsearch --domtblout /Users/rossoaa/Desktop/dummy/genomes/records/compleasm/rickettsiales_odb12/hmmer_output/5639at766.out --cpu 1 /Users/rossoaa/Desktop/dummy/genomes/records/compleasm/mb_downloads/rickettsiales_odb12/hmms/5639at766.hmm - 
# Current dir:     /Users/rossoaa/Desktop/dummy/genomes/records/compleasm
# Date:            Tue Feb 10 10:20:21 2026
# [ok]
