#                                                                                                          --- full sequence --- -------------- this domain -------------   hmm coord   ali coord   env coord
# target name                                      accession   tlen query name           accession   qlen   E-value  score  bias   #  of  c-Evalue  i-Evalue  score  bias  from    to  from    to  from    to  acc description of target
#                              ------------------- ---------- ----- -------------------- ---------- ----- --------- ------ ----- --- --- --------- --------- ------ ----- ----- ----- ----- ----- ----- ----- ---- ---------------------
563at766_696127_0:000049|OZ308468.1:446146-447106  -            321 563                  -            318  8.9e-167  545.0   0.2   1   1    1e-166    1e-166  544.8   0.2     2   317     4   320     3   321 0.99 -
563at766_1359168_0:0000f6|OZ308468.1:446137-447106 -            324 563                  -            318  9.2e-167  545.0   0.2   1   1  1.1e-166  1.1e-166  544.8   0.2     2   317     7   323     6   324 0.99 -
563at766_334380_0:0003a9|OZ308468.1:446137-447106  -            324 563                  -            318  9.2e-167  545.0   0.2   1   1  1.1e-166  1.1e-166  544.8   0.2     2   317     7   323     6   324 0.99 -
563at766_779_0:000305|OZ308468.1:446137-447106     -            324 563                  -            318  9.2e-167  545.0   0.2   1   1  1.1e-166  1.1e-166  544.8   0.2     2   317     7   323     6   324 0.99 -
563at766_336407_0:000481|OZ308468.1:446137-447109  -            325 563                  -            318  9.2e-167  545.0   0.2   1   1  1.1e-166  1.1e-166  544.8   0.2     2   317     7   323     6   324 0.99 -
563at766_1359163_0:00024f|OZ308468.1:446146-447121 -            326 563                  -            318  9.3e-167  545.0   0.2   1   1  1.1e-166  1.1e-166  544.7   0.2     2   317     4   320     3   321 0.99 -
563at766_246273_0:00004f|OZ308468.1:446137-447115  -            327 563                  -            318  9.4e-167  544.9   0.2   1   1  1.1e-166  1.1e-166  544.7   0.2     2   317     7   323     6   324 0.99 -
563at766_96496_0:0000a5|OZ308468.1:446137-447115   -            327 563                  -            318  9.4e-167  544.9   0.2   1   1  1.1e-166  1.1e-166  544.7   0.2     2   317     7   323     6   324 0.99 -
563at766_1528098_0:000486|OZ308468.1:446131-447109 -            327 563                  -            318  9.5e-167  544.9   0.2   1   1  1.1e-166  1.1e-166  544.7   0.2     2   317     9   325     8   326 0.99 -
563at766_169402_0:0004df|OZ308468.1:446137-447118  -            328 563                  -            318  9.5e-167  544.9   0.2   1   1  1.1e-166  1.1e-166  544.7   0.2     2   317     7   323     6   324 0.99 -
563at766_1242993_0:0001b5|OZ308468.1:446137-447121 -            329 563                  -            318  9.6e-167  544.9   0.2   1   1  1.1e-166  1.1e-166  544.7   0.2     2   317     7   323     6   324 0.99 -
563at766_1423892_0:000008|OZ308468.1:446137-447121 -            329 563                  -            318  9.6e-167  544.9   0.2   1   1  1.1e-166  1.1e-166  544.7   0.2     2   317     7   323     6   324 0.99 -
563at766_1605993_0:0001ca|OZ308468.1:446137-447124 -            329 563                  -            318  9.6e-167  544.9   0.2   1   1  1.1e-166  1.1e-166  544.7   0.2     2   317     7   323     6   324 0.99 -
563at766_205920_0:0000ab|OZ308468.1:446137-447121  -            329 563                  -            318  9.6e-167  544.9   0.2   1   1  1.1e-166  1.1e-166  544.7   0.2     2   317     7   323     6   324 0.99 -
563at766_391036_0:00029a|OZ308468.1:446137-447121  -            329 563                  -            318  9.6e-167  544.9   0.2   1   1  1.1e-166  1.1e-166  544.7   0.2     2   317     7   323     6   324 0.99 -
563at766_1105107_0:000093|OZ308468.1:446155-447109 -            319 563                  -            318  1.2e-166  544.5   0.2   1   1  1.4e-166  1.4e-166  544.4   0.2     3   317     2   317     1   318 0.99 -
563at766_272947_0:0002a5|OZ308468.1:446155-447109  -            319 563                  -            318  1.2e-166  544.5   0.2   1   1  1.4e-166  1.4e-166  544.4   0.2     3   317     2   317     1   318 0.99 -
563at766_481009_0:0001ab|OZ308468.1:446155-447109  -            319 563                  -            318  1.2e-166  544.5   0.2   1   1  1.4e-166  1.4e-166  544.4   0.2     3   317     2   317     1   318 0.99 -
563at766_752179_0:0002f4|OZ308468.1:446155-447124  -            323 563                  -            318  1.3e-166  544.5   0.2   1   1  1.5e-166  1.5e-166  544.3   0.2     3   317     2   317     1   318 0.99 -
563at766_1392507_0:0003cd|OZ308468.1:446158-447103 -            316 563                  -            318  2.7e-166  543.4   0.2   1   1    3e-166    3e-166  543.3   0.2     4   316     2   315     1   316 0.99 -
563at766_1714371_0:00001d|OZ308468.1:446161-447112 -            318 563                  -            318  3.3e-166  543.2   0.2   1   1  3.7e-166  3.7e-166  543.0   0.2     5   317     2   315     1   316 0.99 -
563at766_222891_0:00020a|OZ308468.1:446161-447115  -            319 563                  -            318  3.3e-166  543.1   0.2   1   1  3.7e-166  3.7e-166  543.0   0.2     5   317     2   315     1   316 0.99 -
563at766_434131_0:00016c|OZ308468.1:446161-447118  -            320 563                  -            318  3.3e-166  543.1   0.2   1   1  3.8e-166  3.8e-166  543.0   0.2     5   317     2   315     1   316 0.99 -
563at766_2486578_0:0001fa|OZ308468.1:446170-447109 -            314 563                  -            318  1.3e-165  541.2   0.3   1   1  1.4e-165  1.4e-165  541.0   0.3     7   317     1   312     1   313 0.99 -
563at766_2602574_0:000252|OZ308468.1:446170-447109 -            314 563                  -            318  1.3e-165  541.2   0.3   1   1  1.4e-165  1.4e-165  541.0   0.3     7   317     1   312     1   313 0.99 -
563at766_1248439_0:0001e4|OZ308468.1:446170-447121 -            318 563                  -            318  1.3e-165  541.1   0.3   1   1  1.5e-165  1.5e-165  541.0   0.3     7   317     1   312     1   313 0.99 -
563at766_142058_0:000020|OZ308468.1:446170-447121  -            318 563                  -            318  1.3e-165  541.1   0.3   1   1  1.5e-165  1.5e-165  541.0   0.3     7   317     1   312     1   313 0.99 -
563at766_1274402_0:0001c4|OZ308468.1:446173-447112 -            314 563                  -            318  2.9e-165  540.0   0.3   1   1  3.3e-165  3.3e-165  539.9   0.3     9   317     2   311     1   312 0.99 -
563at766_2115978_0:0000f6|OZ308468.1:446173-447115 -            315 563                  -            318  2.9e-165  540.0   0.3   1   1  3.3e-165  3.3e-165  539.8   0.3     9   317     2   311     1   312 0.99 -
563at766_2486577_0:000119|OZ308468.1:446173-447103 -            311 563                  -            318  3.9e-165  539.6   0.3   1   1  4.4e-165  4.4e-165  539.5   0.3     9   316     2   310     1   311 0.99 -
563at766_1961830_0:000462|OZ308468.1:446179-447109 -            311 563                  -            318  7.3e-165  538.7   0.3   1   1  8.2e-165  8.2e-165  538.6   0.3    11   317     2   309     1   310 0.99 -
563at766_86105_0:0005b7|OZ308468.1:446185-447103   -            307 563                  -            318  3.7e-164  536.4   0.3   1   1  4.1e-164  4.1e-164  536.3   0.3    13   316     2   306     1   307 0.99 -
563at766_1802984_0:0000ce|OZ308468.1:446194-447118 -            309 563                  -            318  3.4e-163  533.3   0.2   1   1  3.8e-163  3.8e-163  533.1   0.2    15   317     1   304     1   305 0.99 -
563at766_1286528_0:000289|OZ308468.1:446206-447112 -            303 563                  -            318  5.3e-161  526.0   0.3   1   1    6e-161    6e-161  525.9   0.3    19   317     1   300     1   301 0.99 -
#
# Program:         hmmsearch
# Version:         3.4 (Aug 2023)
# Pipeline mode:   SEARCH
# Query file:      /Users/rossoaa/Desktop/dummy/genomes/records/compleasm/mb_downloads/rickettsiales_odb12/hmms/563at766.hmm
# Target file:     -
# Option settings: /Users/rossoaa/miniconda3/envs/compleasm_env/bin/hmmsearch --domtblout /Users/rossoaa/Desktop/dummy/genomes/records/compleasm/rickettsiales_odb12/hmmer_output/563at766.out --cpu 1 /Users/rossoaa/Desktop/dummy/genomes/records/compleasm/mb_downloads/rickettsiales_odb12/hmms/563at766.hmm - 
# Current dir:     /Users/rossoaa/Desktop/dummy/genomes/records/compleasm
# Date:            Tue Feb 10 10:20:21 2026
# [ok]
