#                                                                                                           --- full sequence --- -------------- this domain -------------   hmm coord   ali coord   env coord
# target name                                       accession   tlen query name           accession   qlen   E-value  score  bias   #  of  c-Evalue  i-Evalue  score  bias  from    to  from    to  from    to  acc description of target
#                               ------------------- ---------- ----- -------------------- ---------- ----- --------- ------ ----- --- --- --------- --------- ------ ----- ----- ----- ----- ----- ----- ----- ---- ---------------------
5666at766_2115978_0:000466|OZ308468.1:743801-744278 -            159 5666                 -            155   8.1e-74  237.3   2.4   1   1     9e-74     9e-74  237.1   2.4     2   155     2   159     1   159 0.97 -
5666at766_2486578_0:0003dd|OZ308468.1:743801-744278 -            159 5666                 -            155   8.1e-74  237.3   2.4   1   1     9e-74     9e-74  237.1   2.4     2   155     2   159     1   159 0.97 -
5666at766_752179_0:0003b4|OZ308468.1:743801-744275  -            159 5666                 -            155   8.1e-74  237.3   2.4   1   1     9e-74     9e-74  237.1   2.4     2   155     2   159     1   159 0.97 -
5666at766_1961830_0:000347|OZ308468.1:743798-744278 -            160 5666                 -            155   8.3e-74  237.2   2.4   1   1   9.2e-74   9.2e-74  237.1   2.4     2   155     3   160     2   160 0.97 -
5666at766_2602574_0:0003dd|OZ308468.1:743798-744278 -            160 5666                 -            155   8.3e-74  237.2   2.4   1   1   9.2e-74   9.2e-74  237.1   2.4     2   155     3   160     2   160 0.97 -
5666at766_336407_0:000470|OZ308468.1:743798-744278  -            160 5666                 -            155   8.3e-74  237.2   2.4   1   1   9.2e-74   9.2e-74  237.1   2.4     2   155     3   160     2   160 0.97 -
5666at766_1528098_0:000087|OZ308468.1:743795-744275 -            161 5666                 -            155   8.5e-74  237.2   2.4   1   1   9.5e-74   9.5e-74  237.1   2.4     2   155     4   161     3   161 0.97 -
5666at766_1242993_0:0001d3|OZ308468.1:743786-744278 -            164 5666                 -            155   9.1e-74  237.1   2.4   1   1     1e-73     1e-73  236.9   2.4     2   155     7   164     6   164 0.97 -
5666at766_1248439_0:000002|OZ308468.1:743786-744278 -            164 5666                 -            155   9.1e-74  237.1   2.4   1   1     1e-73     1e-73  236.9   2.4     2   155     7   164     6   164 0.97 -
5666at766_1359163_0:000309|OZ308468.1:743786-744278 -            164 5666                 -            155   9.1e-74  237.1   2.4   1   1     1e-73     1e-73  236.9   2.4     2   155     7   164     6   164 0.97 -
5666at766_1392507_0:0001b0|OZ308468.1:743786-744278 -            164 5666                 -            155   9.1e-74  237.1   2.4   1   1     1e-73     1e-73  236.9   2.4     2   155     7   164     6   164 0.97 -
5666at766_142058_0:00026c|OZ308468.1:743786-744278  -            164 5666                 -            155   9.1e-74  237.1   2.4   1   1     1e-73     1e-73  236.9   2.4     2   155     7   164     6   164 0.97 -
5666at766_1423892_0:0000a8|OZ308468.1:743786-744278 -            164 5666                 -            155   9.1e-74  237.1   2.4   1   1     1e-73     1e-73  236.9   2.4     2   155     7   164     6   164 0.97 -
5666at766_1605993_0:0001e2|OZ308468.1:743786-744278 -            164 5666                 -            155   9.1e-74  237.1   2.4   1   1     1e-73     1e-73  236.9   2.4     2   155     7   164     6   164 0.97 -
5666at766_169402_0:00012c|OZ308468.1:743786-744278  -            164 5666                 -            155   9.1e-74  237.1   2.4   1   1     1e-73     1e-73  236.9   2.4     2   155     7   164     6   164 0.97 -
5666at766_205920_0:0000b0|OZ308468.1:743786-744278  -            164 5666                 -            155   9.1e-74  237.1   2.4   1   1     1e-73     1e-73  236.9   2.4     2   155     7   164     6   164 0.97 -
5666at766_246273_0:000288|OZ308468.1:743786-744278  -            164 5666                 -            155   9.1e-74  237.1   2.4   1   1     1e-73     1e-73  236.9   2.4     2   155     7   164     6   164 0.97 -
5666at766_574556_0:000255|OZ308468.1:743786-744278  -            164 5666                 -            155   9.1e-74  237.1   2.4   1   1     1e-73     1e-73  236.9   2.4     2   155     7   164     6   164 0.97 -
5666at766_779_0:0001cb|OZ308468.1:743786-744278     -            164 5666                 -            155   9.1e-74  237.1   2.4   1   1     1e-73     1e-73  236.9   2.4     2   155     7   164     6   164 0.97 -
5666at766_955_0:00030e|OZ308468.1:743786-744278     -            164 5666                 -            155   9.1e-74  237.1   2.4   1   1     1e-73     1e-73  236.9   2.4     2   155     7   164     6   164 0.97 -
5666at766_96496_0:00005e|OZ308468.1:743786-744278   -            164 5666                 -            155   9.1e-74  237.1   2.4   1   1     1e-73     1e-73  236.9   2.4     2   155     7   164     6   164 0.97 -
#
# Program:         hmmsearch
# Version:         3.4 (Aug 2023)
# Pipeline mode:   SEARCH
# Query file:      /Users/rossoaa/Desktop/dummy/genomes/records/compleasm/mb_downloads/rickettsiales_odb12/hmms/5666at766.hmm
# Target file:     -
# Option settings: /Users/rossoaa/miniconda3/envs/compleasm_env/bin/hmmsearch --domtblout /Users/rossoaa/Desktop/dummy/genomes/records/compleasm/rickettsiales_odb12/hmmer_output/5666at766.out --cpu 1 /Users/rossoaa/Desktop/dummy/genomes/records/compleasm/mb_downloads/rickettsiales_odb12/hmms/5666at766.hmm - 
# Current dir:     /Users/rossoaa/Desktop/dummy/genomes/records/compleasm
# Date:            Tue Feb 10 10:20:22 2026
# [ok]
