#                                                                                                          --- full sequence --- -------------- this domain -------------   hmm coord   ali coord   env coord
# target name                                      accession   tlen query name           accession   qlen   E-value  score  bias   #  of  c-Evalue  i-Evalue  score  bias  from    to  from    to  from    to  acc description of target
#                              ------------------- ---------- ----- -------------------- ---------- ----- --------- ------ ----- --- --- --------- --------- ------ ----- ----- ----- ----- ----- ----- ----- ---- ---------------------
566at766_955_0:000016|OZ308468.1:645954-647418     -            489 566                  -            500  3.9e-229  752.7   1.7   1   1  4.6e-229  4.6e-229  752.4   1.7     4   498     6   487     3   489 0.97 -
566at766_1605993_0:00026e|OZ308468.1:645930-647424 -            498 566                  -            500  4.1e-229  752.6   1.7   1   1  4.9e-229  4.9e-229  752.3   1.7     4   498    14   495    11   497 0.97 -
566at766_246273_0:00030f|OZ308468.1:645912-647424  -            504 566                  -            500  4.3e-229  752.5   1.7   1   1  5.2e-229  5.2e-229  752.3   1.7     4   498    20   501    17   503 0.97 -
566at766_1105107_0:00029a|OZ308468.1:645960-647415 -            486 566                  -            500    5e-229  752.3   1.5   1   1  5.5e-229  5.5e-229  752.2   1.5     4   498     4   485     1   486 0.97 -
566at766_1242993_0:000271|OZ308468.1:645966-647421 -            486 566                  -            500  5.5e-229  752.2   1.5   1   1  6.2e-229  6.2e-229  752.0   1.5    10   498     7   483     1   485 0.97 -
566at766_1423892_0:00005f|OZ308468.1:645966-647421 -            486 566                  -            500  5.5e-229  752.2   1.5   1   1  6.2e-229  6.2e-229  752.0   1.5    10   498     7   483     1   485 0.97 -
566at766_205920_0:0000e4|OZ308468.1:645966-647421  -            486 566                  -            500  5.5e-229  752.2   1.5   1   1  6.2e-229  6.2e-229  752.0   1.5    10   498     7   483     1   485 0.97 -
566at766_391036_0:000045|OZ308468.1:645966-647421  -            486 566                  -            500  5.5e-229  752.2   1.5   1   1  6.2e-229  6.2e-229  752.0   1.5    10   498     7   483     1   485 0.97 -
566at766_1286528_0:0000ee|OZ308468.1:645969-647424 -            485 566                  -            500  6.6e-229  751.9   1.4   1   1  7.5e-229  7.5e-229  751.7   1.4    10   498     6   482     1   484 0.97 -
566at766_169402_0:0000b4|OZ308468.1:645969-647421  -            485 566                  -            500  6.6e-229  751.9   1.4   1   1  7.5e-229  7.5e-229  751.7   1.4    10   498     6   482     1   484 0.97 -
566at766_2602574_0:0002fe|OZ308468.1:645969-647421 -            485 566                  -            500  6.6e-229  751.9   1.4   1   1  7.5e-229  7.5e-229  751.7   1.4    10   498     6   482     1   484 0.97 -
566at766_96496_0:0002e6|OZ308468.1:645969-647424   -            485 566                  -            500  6.6e-229  751.9   1.4   1   1  7.5e-229  7.5e-229  751.7   1.4    10   498     6   482     1   484 0.97 -
566at766_2115978_0:000453|OZ308468.1:645966-647415 -            484 566                  -            500  6.8e-229  751.9   1.4   1   1  7.6e-229  7.6e-229  751.7   1.4    10   498     7   483     1   484 0.97 -
566at766_1528098_0:000145|OZ308468.1:645969-647415 -            483 566                  -            500  8.3e-229  751.6   1.3   1   1  9.2e-229  9.2e-229  751.4   1.3    10   498     6   482     1   483 0.97 -
566at766_1961830_0:00044b|OZ308468.1:645981-647418 -            480 566                  -            500  1.2e-228  751.1   1.0   1   1  1.3e-228  1.3e-228  750.9   1.0    12   498     4   478     1   480 0.97 -
566at766_481009_0:000407|OZ308468.1:645981-647412  -            478 566                  -            500  1.9e-228  750.4   0.9   1   1  2.1e-228  2.1e-228  750.2   0.9    12   498     4   478     1   478 0.97 -
566at766_779_0:000223|OZ308468.1:645990-647421     -            478 566                  -            500  1.9e-228  750.4   0.9   1   1  2.2e-228  2.2e-228  750.2   0.9    15   498     4   475     1   477 0.97 -
566at766_1392507_0:000112|OZ308468.1:645990-647415 -            476 566                  -            500  2.5e-228  750.0   0.8   1   1  2.7e-228  2.7e-228  749.9   0.8    15   498     4   475     1   476 0.97 -
566at766_1802984_0:000118|OZ308468.1:645969-647409 -            481 566                  -            500  3.6e-228  749.5   1.2   1   1    4e-228    4e-228  749.3   1.2    10   497     6   481     1   481 0.97 -
566at766_1714371_0:0000f0|OZ308468.1:645960-647406 -            483 566                  -            500  8.5e-228  748.3   1.6   1   1  9.4e-228  9.4e-228  748.1   1.6     4   496     4   483     1   483 0.97 -
566at766_222891_0:00004a|OZ308468.1:645960-647406  -            483 566                  -            500  8.5e-228  748.3   1.6   1   1  9.4e-228  9.4e-228  748.1   1.6     4   496     4   483     1   483 0.97 -
566at766_434131_0:00020f|OZ308468.1:645960-647406  -            483 566                  -            500  8.5e-228  748.3   1.6   1   1  9.4e-228  9.4e-228  748.1   1.6     4   496     4   483     1   483 0.97 -
566at766_336407_0:000103|OZ308468.1:646008-647418  -            471 566                  -            500  1.3e-227  747.6   1.6   1   1  1.5e-227  1.5e-227  747.5   1.6    19   498     2   469     1   471 0.97 -
566at766_1359163_0:00016d|OZ308468.1:646011-647424 -            471 566                  -            500  1.9e-227  747.1   1.5   1   1  2.2e-227  2.2e-227  746.9   1.5    20   498     2   468     1   470 0.97 -
566at766_1248439_0:0002cc|OZ308468.1:646011-647418 -            470 566                  -            500    2e-227  747.1   1.5   1   1  2.2e-227  2.2e-227  746.9   1.5    20   498     2   468     1   470 0.97 -
566at766_142058_0:000378|OZ308468.1:646011-647418  -            470 566                  -            500    2e-227  747.1   1.5   1   1  2.2e-227  2.2e-227  746.9   1.5    20   498     2   468     1   470 0.97 -
566at766_272947_0:000206|OZ308468.1:646011-647412  -            468 566                  -            500  3.1e-227  746.4   1.3   1   1  3.4e-227  3.4e-227  746.3   1.3    20   498     2   468     1   468 0.97 -
566at766_1359168_0:000139|OZ308468.1:646038-647421 -            462 566                  -            500  6.8e-227  745.3   1.7   1   1  8.4e-227  8.4e-227  745.0   1.7    41   498     9   459     2   461 0.98 -
566at766_696127_0:000165|OZ308468.1:646038-647424  -            462 566                  -            500  6.8e-227  745.3   1.7   1   1  8.4e-227  8.4e-227  745.0   1.7    41   498     9   459     2   461 0.98 -
566at766_2486577_0:000236|OZ308468.1:646032-647415 -            462 566                  -            500  7.9e-227  745.1   1.6   1   1  9.1e-227  9.1e-227  744.9   1.6    41   498    11   461     2   462 0.98 -
566at766_752179_0:000092|OZ308468.1:646041-647421  -            461 566                  -            500  7.9e-227  745.1   1.8   1   1  9.6e-227  9.6e-227  744.8   1.8    41   498     8   458     2   460 0.98 -
566at766_86105_0:000479|OZ308468.1:646041-647415   -            459 566                  -            500  9.8e-227  744.8   1.7   1   1  1.2e-226  1.2e-226  744.5   1.7    41   498     8   458     2   459 0.98 -
566at766_334380_0:00031e|OZ308468.1:646080-647424  -            448 566                  -            500  1.1e-225  741.3   1.1   1   1  1.2e-225  1.2e-225  741.1   1.1    48   498     2   445     1   447 0.99 -
566at766_1274402_0:0000ab|OZ308468.1:645966-647388 -            475 566                  -            500    4e-225  739.4   1.3   1   1  4.5e-225  4.5e-225  739.3   1.3    10   490     7   475     1   475 0.97 -
566at766_2486578_0:000585|OZ308468.1:646125-647418 -            432 566                  -            500  2.5e-221  726.9   1.1   1   1  2.8e-221  2.8e-221  726.7   1.1    68   498     5   430     1   432 0.98 -
#
# Program:         hmmsearch
# Version:         3.4 (Aug 2023)
# Pipeline mode:   SEARCH
# Query file:      /Users/rossoaa/Desktop/dummy/genomes/records/compleasm/mb_downloads/rickettsiales_odb12/hmms/566at766.hmm
# Target file:     -
# Option settings: /Users/rossoaa/miniconda3/envs/compleasm_env/bin/hmmsearch --domtblout /Users/rossoaa/Desktop/dummy/genomes/records/compleasm/rickettsiales_odb12/hmmer_output/566at766.out --cpu 1 /Users/rossoaa/Desktop/dummy/genomes/records/compleasm/mb_downloads/rickettsiales_odb12/hmms/566at766.hmm - 
# Current dir:     /Users/rossoaa/Desktop/dummy/genomes/records/compleasm
# Date:            Tue Feb 10 10:20:24 2026
# [ok]
