#                                                                                                           --- full sequence --- -------------- this domain -------------   hmm coord   ali coord   env coord
# target name                                       accession   tlen query name           accession   qlen   E-value  score  bias   #  of  c-Evalue  i-Evalue  score  bias  from    to  from    to  from    to  acc description of target
#                               ------------------- ---------- ----- -------------------- ---------- ----- --------- ------ ----- --- --- --------- --------- ------ ----- ----- ----- ----- ----- ----- ----- ---- ---------------------
5672at766_1242993_0:000229|OZ308468.1:706394-706868 -            159 5672                 -            157   1.5e-67  215.8   0.9   1   1   1.6e-67   1.6e-67  215.6   0.9     2   155     2   156     1   158 0.97 -
5672at766_1423892_0:00012c|OZ308468.1:706394-706868 -            159 5672                 -            157   1.5e-67  215.8   0.9   1   1   1.6e-67   1.6e-67  215.6   0.9     2   155     2   156     1   158 0.97 -
5672at766_205920_0:000181|OZ308468.1:706394-706868  -            159 5672                 -            157   1.5e-67  215.8   0.9   1   1   1.6e-67   1.6e-67  215.6   0.9     2   155     2   156     1   158 0.97 -
5672at766_391036_0:0000e5|OZ308468.1:706394-706868  -            159 5672                 -            157   1.5e-67  215.8   0.9   1   1   1.6e-67   1.6e-67  215.6   0.9     2   155     2   156     1   158 0.97 -
5672at766_955_0:000295|OZ308468.1:706391-706868     -            160 5672                 -            157   1.5e-67  215.8   0.9   1   1   1.7e-67   1.7e-67  215.6   0.9     2   155     3   157     2   159 0.97 -
5672at766_1605993_0:00037e|OZ308468.1:706391-706877 -            162 5672                 -            157   1.6e-67  215.7   0.9   1   1   1.7e-67   1.7e-67  215.5   0.9     2   155     3   157     2   159 0.97 -
5672at766_246273_0:000102|OZ308468.1:706391-706877  -            162 5672                 -            157   1.6e-67  215.7   0.9   1   1   1.7e-67   1.7e-67  215.5   0.9     2   155     3   157     2   159 0.97 -
5672at766_96496_0:000117|OZ308468.1:706391-706877   -            162 5672                 -            157   1.6e-67  215.7   0.9   1   1   1.7e-67   1.7e-67  215.5   0.9     2   155     3   157     2   159 0.97 -
5672at766_169402_0:00026e|OZ308468.1:706391-706859  -            157 5672                 -            157   2.5e-67  215.0   1.0   1   1   2.8e-67   2.8e-67  214.9   1.0     2   154     3   156     2   157 0.97 -
5672at766_779_0:00011a|OZ308468.1:706394-706856     -            155 5672                 -            157   3.4e-67  214.6   1.0   1   1   3.8e-67   3.8e-67  214.4   1.0     2   153     2   154     1   155 0.97 -
5672at766_1359163_0:000205|OZ308468.1:706345-706853 -            170 5672                 -            157   8.8e-67  213.3   1.2   1   1     1e-66     1e-66  213.1   1.2     2   152    18   169    17   170 0.97 -
#
# Program:         hmmsearch
# Version:         3.4 (Aug 2023)
# Pipeline mode:   SEARCH
# Query file:      /Users/rossoaa/Desktop/dummy/genomes/records/compleasm/mb_downloads/rickettsiales_odb12/hmms/5672at766.hmm
# Target file:     -
# Option settings: /Users/rossoaa/miniconda3/envs/compleasm_env/bin/hmmsearch --domtblout /Users/rossoaa/Desktop/dummy/genomes/records/compleasm/rickettsiales_odb12/hmmer_output/5672at766.out --cpu 1 /Users/rossoaa/Desktop/dummy/genomes/records/compleasm/mb_downloads/rickettsiales_odb12/hmms/5672at766.hmm - 
# Current dir:     /Users/rossoaa/Desktop/dummy/genomes/records/compleasm
# Date:            Tue Feb 10 10:20:24 2026
# [ok]
