#                                                                                                           --- full sequence --- -------------- this domain -------------   hmm coord   ali coord   env coord
# target name                                       accession   tlen query name           accession   qlen   E-value  score  bias   #  of  c-Evalue  i-Evalue  score  bias  from    to  from    to  from    to  acc description of target
#                               ------------------- ---------- ----- -------------------- ---------- ----- --------- ------ ----- --- --- --------- --------- ------ ----- ----- ----- ----- ----- ----- ----- ---- ---------------------
5714at766_1605993_0:000118|OZ308468.1:184887-185325 -            146 5714                 -            144   5.7e-73  234.7   1.6   1   1   6.4e-73   6.4e-73  234.5   1.6     4   144     5   146     2   146 0.97 -
5714at766_2602574_0:0002e0|OZ308468.1:184887-185325 -            146 5714                 -            144   5.7e-73  234.7   1.6   1   1   6.4e-73   6.4e-73  234.5   1.6     4   144     5   146     2   146 0.97 -
5714at766_1802984_0:000206|OZ308468.1:184890-185325 -            145 5714                 -            144   5.7e-73  234.7   1.6   1   1   6.2e-73   6.2e-73  234.6   1.6     4   144     4   145     1   145 0.97 -
5714at766_1286528_0:0002aa|OZ308468.1:184893-185325 -            144 5714                 -            144   6.2e-73  234.6   1.5   1   1   6.7e-73   6.7e-73  234.5   1.5     4   144     3   144     1   144 0.97 -
5714at766_1359163_0:000105|OZ308468.1:184893-185325 -            144 5714                 -            144   6.2e-73  234.6   1.5   1   1   6.7e-73   6.7e-73  234.5   1.5     4   144     3   144     1   144 0.97 -
5714at766_1714371_0:0001f9|OZ308468.1:184893-185325 -            144 5714                 -            144   6.2e-73  234.6   1.5   1   1   6.7e-73   6.7e-73  234.5   1.5     4   144     3   144     1   144 0.97 -
5714at766_222891_0:000001|OZ308468.1:184893-185325  -            144 5714                 -            144   6.2e-73  234.6   1.5   1   1   6.7e-73   6.7e-73  234.5   1.5     4   144     3   144     1   144 0.97 -
5714at766_434131_0:00006e|OZ308468.1:184893-185325  -            144 5714                 -            144   6.2e-73  234.6   1.5   1   1   6.7e-73   6.7e-73  234.5   1.5     4   144     3   144     1   144 0.97 -
5714at766_169402_0:00021c|OZ308468.1:184896-185325  -            143 5714                 -            144   6.2e-73  234.6   1.2   1   1   6.8e-73   6.8e-73  234.4   1.2     5   144     3   143     1   143 0.97 -
5714at766_96496_0:00002e|OZ308468.1:184896-185325   -            143 5714                 -            144   6.2e-73  234.6   1.2   1   1   6.8e-73   6.8e-73  234.4   1.2     5   144     3   143     1   143 0.97 -
5714at766_246273_0:0000e3|OZ308468.1:184899-185325  -            142 5714                 -            144   8.2e-73  234.2   1.3   1   1     9e-73     9e-73  234.0   1.3     5   144     2   142     1   142 0.97 -
5714at766_779_0:000173|OZ308468.1:184899-185325     -            142 5714                 -            144   8.2e-73  234.2   1.3   1   1     9e-73     9e-73  234.0   1.3     5   144     2   142     1   142 0.97 -
5714at766_1392507_0:00002a|OZ308468.1:184905-185325 -            140 5714                 -            144   1.8e-72  233.1   1.4   1   1     2e-72     2e-72  233.0   1.4     8   144     3   140     1   140 0.97 -
5714at766_205920_0:0001b1|OZ308468.1:184905-185325  -            140 5714                 -            144   1.8e-72  233.1   1.4   1   1     2e-72     2e-72  233.0   1.4     8   144     3   140     1   140 0.97 -
5714at766_2486578_0:00000f|OZ308468.1:184908-185325 -            139 5714                 -            144   2.6e-72  232.6   1.4   1   1   2.8e-72   2.8e-72  232.4   1.4     9   144     3   139     1   139 0.97 -
5714at766_336407_0:0000b7|OZ308468.1:184420-185325  -            161 5714                 -            144   3.1e-72  232.3   1.0   1   1   3.8e-72   3.8e-72  232.0   1.0     9   144    25   161    19   161 0.97 -
5714at766_1242993_0:000112|OZ308468.1:184911-185325 -            138 5714                 -            144     4e-72  232.0   1.6   1   1   4.4e-72   4.4e-72  231.8   1.6    10   144     3   138     1   138 0.97 -
5714at766_955_0:0001dd|OZ308468.1:184911-185325     -            138 5714                 -            144     4e-72  232.0   1.6   1   1   4.4e-72   4.4e-72  231.8   1.6    10   144     3   138     1   138 0.97 -
5714at766_334380_0:00000c|OZ308468.1:184914-185325  -            137 5714                 -            144   5.3e-72  231.6   1.4   1   1   5.8e-72   5.8e-72  231.4   1.4    10   144     2   137     1   137 0.98 -
5714at766_1423892_0:00014d|OZ308468.1:184917-185325 -            136 5714                 -            144   1.2e-71  230.4   2.2   1   1   1.3e-71   1.3e-71  230.2   2.2    11   144     2   136     1   136 0.98 -
5714at766_1961830_0:00048a|OZ308468.1:184917-185325 -            136 5714                 -            144   1.2e-71  230.4   2.2   1   1   1.3e-71   1.3e-71  230.2   2.2    11   144     2   136     1   136 0.98 -
5714at766_272947_0:000240|OZ308468.1:184920-185325  -            135 5714                 -            144   1.6e-71  230.0   1.8   1   1   1.8e-71   1.8e-71  229.9   1.8    12   144     2   135     1   135 0.98 -
5714at766_481009_0:00032d|OZ308468.1:184920-185325  -            135 5714                 -            144   1.6e-71  230.0   1.8   1   1   1.8e-71   1.8e-71  229.9   1.8    12   144     2   135     1   135 0.98 -
5714at766_1248439_0:000299|OZ308468.1:184923-185325 -            134 5714                 -            144     2e-71  229.7   1.5   1   1   2.2e-71   2.2e-71  229.5   1.5    13   144     2   134     1   134 0.98 -
5714at766_142058_0:000354|OZ308468.1:184923-185325  -            134 5714                 -            144     2e-71  229.7   1.5   1   1   2.2e-71   2.2e-71  229.5   1.5    13   144     2   134     1   134 0.98 -
5714at766_574556_0:0001d3|OZ308468.1:184923-185325  -            134 5714                 -            144     2e-71  229.7   1.5   1   1   2.2e-71   2.2e-71  229.5   1.5    13   144     2   134     1   134 0.98 -
5714at766_1274402_0:000249|OZ308468.1:184926-185325 -            133 5714                 -            144   2.8e-71  229.2   1.5   1   1     3e-71     3e-71  229.1   1.5    14   144     2   133     1   133 0.98 -
5714at766_1105107_0:000338|OZ308468.1:184929-185325 -            132 5714                 -            144   4.6e-71  228.5   1.5   1   1     5e-71     5e-71  228.4   1.5    15   144     2   132     1   132 0.98 -
5714at766_86105_0:0001af|OZ308468.1:184935-185325   -            130 5714                 -            144   2.6e-70  226.1   1.9   1   1   2.8e-70   2.8e-70  225.9   1.9    17   144     2   130     1   130 0.98 -
5714at766_1528098_0:000228|OZ308468.1:184944-185325 -            127 5714                 -            144   1.5e-69  223.6   2.1   1   1   1.7e-69   1.7e-69  223.4   2.1    19   144     1   127     1   127 0.98 -
5714at766_2486577_0:0000a8|OZ308468.1:184944-185325 -            127 5714                 -            144   1.5e-69  223.6   2.1   1   1   1.7e-69   1.7e-69  223.4   2.1    19   144     1   127     1   127 0.98 -
5714at766_1359168_0:00029b|OZ308468.1:184947-185325 -            126 5714                 -            144   3.9e-69  222.2   1.7   1   1   4.3e-69   4.3e-69  222.1   1.7    20   144     1   126     1   126 0.98 -
5714at766_2115978_0:0003c2|OZ308468.1:184947-185325 -            126 5714                 -            144   3.9e-69  222.2   1.7   1   1   4.3e-69   4.3e-69  222.1   1.7    20   144     1   126     1   126 0.98 -
#
# Program:         hmmsearch
# Version:         3.4 (Aug 2023)
# Pipeline mode:   SEARCH
# Query file:      /Users/rossoaa/Desktop/dummy/genomes/records/compleasm/mb_downloads/rickettsiales_odb12/hmms/5714at766.hmm
# Target file:     -
# Option settings: /Users/rossoaa/miniconda3/envs/compleasm_env/bin/hmmsearch --domtblout /Users/rossoaa/Desktop/dummy/genomes/records/compleasm/rickettsiales_odb12/hmmer_output/5714at766.out --cpu 1 /Users/rossoaa/Desktop/dummy/genomes/records/compleasm/mb_downloads/rickettsiales_odb12/hmms/5714at766.hmm - 
# Current dir:     /Users/rossoaa/Desktop/dummy/genomes/records/compleasm
# Date:            Tue Feb 10 10:20:21 2026
# [ok]
