#                                                                                                           --- full sequence --- -------------- this domain -------------   hmm coord   ali coord   env coord
# target name                                       accession   tlen query name           accession   qlen   E-value  score  bias   #  of  c-Evalue  i-Evalue  score  bias  from    to  from    to  from    to  acc description of target
#                               ------------------- ---------- ----- -------------------- ---------- ----- --------- ------ ----- --- --- --------- --------- ------ ----- ----- ----- ----- ----- ----- ----- ---- ---------------------
5722at766_955_0:0000e4|OZ308468.1:568353-568710     -            120 5722                 -            119   1.7e-58  186.6   1.4   1   1   1.9e-58   1.9e-58  186.5   1.4     2   118     2   118     1   119 0.98 -
5722at766_1286528_0:000086|OZ308468.1:568356-568713 -            120 5722                 -            119   1.8e-58  186.6   1.4   1   1   1.9e-58   1.9e-58  186.5   1.4     2   118     3   119     2   120 0.98 -
5722at766_1605993_0:000151|OZ308468.1:568350-568716 -            122 5722                 -            119   1.8e-58  186.6   1.4   1   1     2e-58     2e-58  186.4   1.4     2   118     4   120     3   121 0.98 -
5722at766_246273_0:000190|OZ308468.1:568350-568716  -            122 5722                 -            119   1.8e-58  186.6   1.4   1   1     2e-58     2e-58  186.4   1.4     2   118     4   120     3   121 0.98 -
5722at766_96496_0:0000c2|OZ308468.1:568350-568716   -            122 5722                 -            119   1.8e-58  186.6   1.4   1   1     2e-58     2e-58  186.4   1.4     2   118     4   120     3   121 0.98 -
5722at766_1274402_0:0001f5|OZ308468.1:568350-568707 -            119 5722                 -            119   2.6e-58  186.1   1.5   1   1   2.8e-58   2.8e-58  185.9   1.5     3   118     2   117     1   118 0.98 -
5722at766_169402_0:000219|OZ308468.1:568350-568707  -            119 5722                 -            119   2.6e-58  186.1   1.5   1   1   2.8e-58   2.8e-58  185.9   1.5     3   118     2   117     1   118 0.98 -
5722at766_86105_0:0007d1|OZ308468.1:568365-568716   -            118 5722                 -            119   6.1e-58  184.9   0.8   1   1   6.7e-58   6.7e-58  184.7   0.8     2   115     4   117     3   118 0.98 -
5722at766_205920_0:000150|OZ308468.1:568365-568719  -            119 5722                 -            119   6.3e-58  184.8   0.8   1   1   6.9e-58   6.9e-58  184.7   0.8     2   115     5   118     4   119 0.98 -
5722at766_2486577_0:00002d|OZ308468.1:568365-568707 -            115 5722                 -            119   8.3e-58  184.4   0.9   1   1     9e-58     9e-58  184.3   0.9     3   115     2   114     1   115 0.98 -
5722at766_696127_0:000195|OZ308468.1:568365-568707  -            115 5722                 -            119   8.3e-58  184.4   0.9   1   1     9e-58     9e-58  184.3   0.9     3   115     2   114     1   115 0.98 -
5722at766_222891_0:000185|OZ308468.1:568368-568710  -            115 5722                 -            119   9.2e-58  184.3   0.7   1   1     1e-57     1e-57  184.2   0.7     2   114     2   114     1   115 0.98 -
5722at766_1242993_0:000012|OZ308468.1:568368-568713 -            116 5722                 -            119   9.4e-58  184.3   0.7   1   1     1e-57     1e-57  184.1   0.7     2   114     3   115     2   116 0.98 -
5722at766_779_0:00000f|OZ308468.1:568368-568713     -            116 5722                 -            119   9.4e-58  184.3   0.7   1   1     1e-57     1e-57  184.1   0.7     2   114     3   115     2   116 0.98 -
5722at766_391036_0:0000df|OZ308468.1:568368-568719  -            118 5722                 -            119     1e-57  184.2   0.7   1   1   1.1e-57   1.1e-57  184.0   0.7     2   114     5   117     4   118 0.98 -
5722at766_1423892_0:000356|OZ308468.1:568371-568719 -            117 5722                 -            119     2e-57  183.2   1.0   1   1   2.2e-57   2.2e-57  183.1   1.0     2   113     5   116     4   117 0.98 -
5722at766_1714371_0:00019e|OZ308468.1:568368-568704 -            113 5722                 -            119   2.1e-57  183.1   0.9   1   1   2.3e-57   2.3e-57  183.0   0.9     4   114     2   112     1   113 0.99 -
5722at766_434131_0:00028e|OZ308468.1:568368-568704  -            113 5722                 -            119   2.1e-57  183.1   0.9   1   1   2.3e-57   2.3e-57  183.0   0.9     4   114     2   112     1   113 0.99 -
5722at766_1359163_0:0000d5|OZ308468.1:568374-568716 -            115 5722                 -            119     4e-57  182.2   1.2   1   1   4.4e-57   4.4e-57  182.1   1.2     2   112     4   114     3   115 0.98 -
5722at766_1392507_0:0000c9|OZ308468.1:568380-568716 -            113 5722                 -            119   2.2e-56  179.8   1.2   1   1   2.5e-56   2.5e-56  179.7   1.2     2   111     4   113     3   113 0.99 -
5722at766_1248439_0:000338|OZ308468.1:568380-568701 -            108 5722                 -            119   1.1e-55  177.6   1.6   1   1   1.2e-55   1.2e-55  177.5   1.6     4   111     1   108     1   108 0.99 -
5722at766_142058_0:000115|OZ308468.1:568380-568701  -            108 5722                 -            119   1.1e-55  177.6   1.6   1   1   1.2e-55   1.2e-55  177.5   1.6     4   111     1   108     1   108 0.99 -
5722at766_574556_0:000291|OZ308468.1:568380-568701  -            108 5722                 -            119   1.1e-55  177.6   1.6   1   1   1.2e-55   1.2e-55  177.5   1.6     4   111     1   108     1   108 0.99 -
#
# Program:         hmmsearch
# Version:         3.4 (Aug 2023)
# Pipeline mode:   SEARCH
# Query file:      /Users/rossoaa/Desktop/dummy/genomes/records/compleasm/mb_downloads/rickettsiales_odb12/hmms/5722at766.hmm
# Target file:     -
# Option settings: /Users/rossoaa/miniconda3/envs/compleasm_env/bin/hmmsearch --domtblout /Users/rossoaa/Desktop/dummy/genomes/records/compleasm/rickettsiales_odb12/hmmer_output/5722at766.out --cpu 1 /Users/rossoaa/Desktop/dummy/genomes/records/compleasm/mb_downloads/rickettsiales_odb12/hmms/5722at766.hmm - 
# Current dir:     /Users/rossoaa/Desktop/dummy/genomes/records/compleasm
# Date:            Tue Feb 10 10:20:23 2026
# [ok]
