#                                                                                                           --- full sequence --- -------------- this domain -------------   hmm coord   ali coord   env coord
# target name                                       accession   tlen query name           accession   qlen   E-value  score  bias   #  of  c-Evalue  i-Evalue  score  bias  from    to  from    to  from    to  acc description of target
#                               ------------------- ---------- ----- -------------------- ---------- ----- --------- ------ ----- --- --- --------- --------- ------ ----- ----- ----- ----- ----- ----- ----- ---- ---------------------
5733at766_1528098_0:00005f|OZ308468.1:896812-897145 -            112 5733                 -            107   5.9e-54  171.8   0.1   1   1   6.6e-54   6.6e-54  171.7   0.1     1   107     1   112     1   112 0.94 -
5733at766_1248439_0:0000d7|OZ308468.1:896812-897148 -            113 5733                 -            107   6.1e-54  171.8   0.1   1   1   6.8e-54   6.8e-54  171.6   0.1     1   107     1   112     1   112 0.94 -
5733at766_1274402_0:00032c|OZ308468.1:896812-897148 -            113 5733                 -            107   6.1e-54  171.8   0.1   1   1   6.8e-54   6.8e-54  171.6   0.1     1   107     1   112     1   112 0.94 -
5733at766_1359163_0:000068|OZ308468.1:896812-897148 -            113 5733                 -            107   6.1e-54  171.8   0.1   1   1   6.8e-54   6.8e-54  171.6   0.1     1   107     1   112     1   112 0.94 -
5733at766_142058_0:0000a3|OZ308468.1:896812-897148  -            113 5733                 -            107   6.1e-54  171.8   0.1   1   1   6.8e-54   6.8e-54  171.6   0.1     1   107     1   112     1   112 0.94 -
5733at766_2486577_0:0003db|OZ308468.1:896812-897148 -            113 5733                 -            107   6.1e-54  171.8   0.1   1   1   6.8e-54   6.8e-54  171.6   0.1     1   107     1   112     1   112 0.94 -
5733at766_1802984_0:0001e7|OZ308468.1:896812-897151 -            114 5733                 -            107   6.3e-54  171.7   0.1   1   1     7e-54     7e-54  171.6   0.1     1   107     1   112     1   112 0.94 -
5733at766_1961830_0:000221|OZ308468.1:896812-897151 -            114 5733                 -            107   6.3e-54  171.7   0.1   1   1     7e-54     7e-54  171.6   0.1     1   107     1   112     1   112 0.94 -
5733at766_2115978_0:0000ae|OZ308468.1:896812-897151 -            114 5733                 -            107   6.3e-54  171.7   0.1   1   1     7e-54     7e-54  171.6   0.1     1   107     1   112     1   112 0.94 -
5733at766_2486578_0:0001fe|OZ308468.1:896812-897151 -            114 5733                 -            107   6.3e-54  171.7   0.1   1   1     7e-54     7e-54  171.6   0.1     1   107     1   112     1   112 0.94 -
5733at766_1242993_0:00038b|OZ308468.1:896812-897157 -            115 5733                 -            107   6.5e-54  171.7   0.1   1   1   7.3e-54   7.3e-54  171.5   0.1     1   107     1   112     1   112 0.94 -
5733at766_1392507_0:0001b9|OZ308468.1:896812-897154 -            115 5733                 -            107   6.5e-54  171.7   0.1   1   1   7.3e-54   7.3e-54  171.5   0.1     1   107     1   112     1   112 0.94 -
5733at766_1423892_0:000258|OZ308468.1:896812-897157 -            115 5733                 -            107   6.5e-54  171.7   0.1   1   1   7.3e-54   7.3e-54  171.5   0.1     1   107     1   112     1   112 0.94 -
5733at766_1605993_0:000054|OZ308468.1:896812-897157 -            115 5733                 -            107   6.5e-54  171.7   0.1   1   1   7.3e-54   7.3e-54  171.5   0.1     1   107     1   112     1   112 0.94 -
5733at766_169402_0:0004e4|OZ308468.1:896812-897157  -            115 5733                 -            107   6.5e-54  171.7   0.1   1   1   7.3e-54   7.3e-54  171.5   0.1     1   107     1   112     1   112 0.94 -
5733at766_246273_0:000007|OZ308468.1:896812-897157  -            115 5733                 -            107   6.5e-54  171.7   0.1   1   1   7.3e-54   7.3e-54  171.5   0.1     1   107     1   112     1   112 0.94 -
5733at766_696127_0:000357|OZ308468.1:896812-897154  -            115 5733                 -            107   6.5e-54  171.7   0.1   1   1   7.3e-54   7.3e-54  171.5   0.1     1   107     1   112     1   112 0.94 -
5733at766_779_0:00003d|OZ308468.1:896812-897157     -            115 5733                 -            107   6.5e-54  171.7   0.1   1   1   7.3e-54   7.3e-54  171.5   0.1     1   107     1   112     1   112 0.94 -
5733at766_86105_0:0006ac|OZ308468.1:896812-897157   -            115 5733                 -            107   6.5e-54  171.7   0.1   1   1   7.3e-54   7.3e-54  171.5   0.1     1   107     1   112     1   112 0.94 -
5733at766_955_0:0000f3|OZ308468.1:896812-897157     -            115 5733                 -            107   6.5e-54  171.7   0.1   1   1   7.3e-54   7.3e-54  171.5   0.1     1   107     1   112     1   112 0.94 -
5733at766_96496_0:000136|OZ308468.1:896812-897157   -            115 5733                 -            107   6.5e-54  171.7   0.1   1   1   7.3e-54   7.3e-54  171.5   0.1     1   107     1   112     1   112 0.94 -
5733at766_1714371_0:000175|OZ308468.1:896803-897148 -            116 5733                 -            107   6.7e-54  171.6   0.1   1   1   7.5e-54   7.5e-54  171.5   0.1     1   107     4   115     4   115 0.94 -
5733at766_336407_0:000518|OZ308468.1:896803-897148  -            116 5733                 -            107   6.7e-54  171.6   0.1   1   1   7.5e-54   7.5e-54  171.5   0.1     1   107     4   115     4   115 0.94 -
5733at766_1105107_0:0002fa|OZ308468.1:896803-897151 -            117 5733                 -            107   6.9e-54  171.6   0.1   1   1   7.8e-54   7.8e-54  171.4   0.1     1   107     4   115     4   115 0.94 -
5733at766_481009_0:0001ad|OZ308468.1:896803-897151  -            117 5733                 -            107   6.9e-54  171.6   0.1   1   1   7.8e-54   7.8e-54  171.4   0.1     1   107     4   115     4   115 0.94 -
5733at766_1286528_0:000000|OZ308468.1:896818-897148 -            111 5733                 -            107   3.8e-53  169.2   0.1   1   1   4.2e-53   4.2e-53  169.1   0.1     4   107     2   110     1   110 0.94 -
5733at766_222891_0:000251|OZ308468.1:896821-897148  -            110 5733                 -            107   7.5e-53  168.3   0.1   1   1   8.3e-53   8.3e-53  168.1   0.1     4   107     1   109     1   109 0.94 -
5733at766_434131_0:0001b8|OZ308468.1:896821-897148  -            110 5733                 -            107   7.5e-53  168.3   0.1   1   1   8.3e-53   8.3e-53  168.1   0.1     4   107     1   109     1   109 0.94 -
5733at766_272947_0:00026f|OZ308468.1:896821-897151  -            111 5733                 -            107   7.7e-53  168.2   0.1   1   1   8.6e-53   8.6e-53  168.1   0.1     4   107     1   109     1   109 0.94 -
5733at766_752179_0:000196|OZ308468.1:896821-897151  -            111 5733                 -            107   7.7e-53  168.2   0.1   1   1   8.6e-53   8.6e-53  168.1   0.1     4   107     1   109     1   109 0.94 -
5733at766_1359168_0:000121|OZ308468.1:896821-897154 -            112 5733                 -            107     8e-53  168.2   0.1   1   1     9e-53     9e-53  168.0   0.1     4   107     1   109     1   109 0.94 -
5733at766_334380_0:0003d0|OZ308468.1:896821-897154  -            112 5733                 -            107     8e-53  168.2   0.1   1   1     9e-53     9e-53  168.0   0.1     4   107     1   109     1   109 0.94 -
#
# Program:         hmmsearch
# Version:         3.4 (Aug 2023)
# Pipeline mode:   SEARCH
# Query file:      /Users/rossoaa/Desktop/dummy/genomes/records/compleasm/mb_downloads/rickettsiales_odb12/hmms/5733at766.hmm
# Target file:     -
# Option settings: /Users/rossoaa/miniconda3/envs/compleasm_env/bin/hmmsearch --domtblout /Users/rossoaa/Desktop/dummy/genomes/records/compleasm/rickettsiales_odb12/hmmer_output/5733at766.out --cpu 1 /Users/rossoaa/Desktop/dummy/genomes/records/compleasm/mb_downloads/rickettsiales_odb12/hmms/5733at766.hmm - 
# Current dir:     /Users/rossoaa/Desktop/dummy/genomes/records/compleasm
# Date:            Tue Feb 10 10:20:24 2026
# [ok]
