#                                                                                                           --- full sequence --- -------------- this domain -------------   hmm coord   ali coord   env coord
# target name                                       accession   tlen query name           accession   qlen   E-value  score  bias   #  of  c-Evalue  i-Evalue  score  bias  from    to  from    to  from    to  acc description of target
#                               ------------------- ---------- ----- -------------------- ---------- ----- --------- ------ ----- --- --- --------- --------- ------ ----- ----- ----- ----- ----- ----- ----- ---- ---------------------
5739at766_1105107_0:00003e|OZ308468.1:732187-732598 -            137 5739                 -            136   2.3e-71  229.1   3.2   1   1   2.5e-71   2.5e-71  229.0   3.2     1   135     1   136     1   137 0.98 -
5739at766_1242993_0:00029c|OZ308468.1:732187-732598 -            137 5739                 -            136   2.3e-71  229.1   3.2   1   1   2.5e-71   2.5e-71  229.0   3.2     1   135     1   136     1   137 0.98 -
5739at766_1423892_0:000097|OZ308468.1:732187-732598 -            137 5739                 -            136   2.3e-71  229.1   3.2   1   1   2.5e-71   2.5e-71  229.0   3.2     1   135     1   136     1   137 0.98 -
5739at766_1605993_0:0001de|OZ308468.1:732187-732598 -            137 5739                 -            136   2.3e-71  229.1   3.2   1   1   2.5e-71   2.5e-71  229.0   3.2     1   135     1   136     1   137 0.98 -
5739at766_169402_0:000222|OZ308468.1:732187-732598  -            137 5739                 -            136   2.3e-71  229.1   3.2   1   1   2.5e-71   2.5e-71  229.0   3.2     1   135     1   136     1   137 0.98 -
5739at766_1961830_0:0000a0|OZ308468.1:732187-732598 -            137 5739                 -            136   2.3e-71  229.1   3.2   1   1   2.5e-71   2.5e-71  229.0   3.2     1   135     1   136     1   137 0.98 -
5739at766_205920_0:00004d|OZ308468.1:732187-732598  -            137 5739                 -            136   2.3e-71  229.1   3.2   1   1   2.5e-71   2.5e-71  229.0   3.2     1   135     1   136     1   137 0.98 -
5739at766_2115978_0:000143|OZ308468.1:732187-732598 -            137 5739                 -            136   2.3e-71  229.1   3.2   1   1   2.5e-71   2.5e-71  229.0   3.2     1   135     1   136     1   137 0.98 -
5739at766_246273_0:000129|OZ308468.1:732187-732598  -            137 5739                 -            136   2.3e-71  229.1   3.2   1   1   2.5e-71   2.5e-71  229.0   3.2     1   135     1   136     1   137 0.98 -
5739at766_272947_0:000216|OZ308468.1:732187-732598  -            137 5739                 -            136   2.3e-71  229.1   3.2   1   1   2.5e-71   2.5e-71  229.0   3.2     1   135     1   136     1   137 0.98 -
5739at766_336407_0:0004b1|OZ308468.1:732187-732598  -            137 5739                 -            136   2.3e-71  229.1   3.2   1   1   2.5e-71   2.5e-71  229.0   3.2     1   135     1   136     1   137 0.98 -
5739at766_481009_0:0001eb|OZ308468.1:732187-732598  -            137 5739                 -            136   2.3e-71  229.1   3.2   1   1   2.5e-71   2.5e-71  229.0   3.2     1   135     1   136     1   137 0.98 -
5739at766_779_0:000267|OZ308468.1:732187-732598     -            137 5739                 -            136   2.3e-71  229.1   3.2   1   1   2.5e-71   2.5e-71  229.0   3.2     1   135     1   136     1   137 0.98 -
5739at766_96496_0:000075|OZ308468.1:732187-732598   -            137 5739                 -            136   2.3e-71  229.1   3.2   1   1   2.5e-71   2.5e-71  229.0   3.2     1   135     1   136     1   137 0.98 -
5739at766_1274402_0:000339|OZ308468.1:732184-732598 -            138 5739                 -            136   2.3e-71  229.1   3.2   1   1   2.6e-71   2.6e-71  229.0   3.2     1   135     2   137     2   138 0.98 -
5739at766_1359163_0:00004b|OZ308468.1:732187-732592 -            136 5739                 -            136   4.1e-71  228.3   3.5   1   1   4.5e-71   4.5e-71  228.2   3.5     1   134     1   135     1   136 0.98 -
5739at766_1802984_0:00008e|OZ308468.1:732187-732592 -            136 5739                 -            136   4.1e-71  228.3   3.5   1   1   4.5e-71   4.5e-71  228.2   3.5     1   134     1   135     1   136 0.98 -
5739at766_2602574_0:000206|OZ308468.1:732187-732592 -            136 5739                 -            136   4.1e-71  228.3   3.5   1   1   4.5e-71   4.5e-71  228.2   3.5     1   134     1   135     1   136 0.98 -
5739at766_1248439_0:00024d|OZ308468.1:732184-732592 -            137 5739                 -            136   4.2e-71  228.3   3.5   1   1   4.7e-71   4.7e-71  228.1   3.5     1   134     2   136     2   137 0.98 -
5739at766_142058_0:0000ef|OZ308468.1:732184-732592  -            137 5739                 -            136   4.2e-71  228.3   3.5   1   1   4.7e-71   4.7e-71  228.1   3.5     1   134     2   136     2   137 0.98 -
5739at766_574556_0:0001f5|OZ308468.1:732184-732592  -            137 5739                 -            136   4.2e-71  228.3   3.5   1   1   4.7e-71   4.7e-71  228.1   3.5     1   134     2   136     2   137 0.98 -
5739at766_1286528_0:000263|OZ308468.1:732187-732586 -            134 5739                 -            136   1.8e-70  226.2   3.9   1   1     2e-70     2e-70  226.1   3.9     1   133     1   134     1   134 0.98 -
5739at766_1528098_0:0004b1|OZ308468.1:732187-732586 -            134 5739                 -            136   1.8e-70  226.2   3.9   1   1     2e-70     2e-70  226.1   3.9     1   133     1   134     1   134 0.98 -
5739at766_1714371_0:0002e5|OZ308468.1:732187-732586 -            134 5739                 -            136   1.8e-70  226.2   3.9   1   1     2e-70     2e-70  226.1   3.9     1   133     1   134     1   134 0.98 -
5739at766_222891_0:0000fa|OZ308468.1:732187-732586  -            134 5739                 -            136   1.8e-70  226.2   3.9   1   1     2e-70     2e-70  226.1   3.9     1   133     1   134     1   134 0.98 -
5739at766_2486577_0:000163|OZ308468.1:732187-732586 -            134 5739                 -            136   1.8e-70  226.2   3.9   1   1     2e-70     2e-70  226.1   3.9     1   133     1   134     1   134 0.98 -
5739at766_2486578_0:000527|OZ308468.1:732187-732586 -            134 5739                 -            136   1.8e-70  226.2   3.9   1   1     2e-70     2e-70  226.1   3.9     1   133     1   134     1   134 0.98 -
5739at766_696127_0:000320|OZ308468.1:732187-732586  -            134 5739                 -            136   1.8e-70  226.2   3.9   1   1     2e-70     2e-70  226.1   3.9     1   133     1   134     1   134 0.98 -
5739at766_86105_0:0001ae|OZ308468.1:732187-732586   -            134 5739                 -            136   1.8e-70  226.2   3.9   1   1     2e-70     2e-70  226.1   3.9     1   133     1   134     1   134 0.98 -
5739at766_1392507_0:0003a0|OZ308468.1:732184-732586 -            135 5739                 -            136   1.9e-70  226.2   3.9   1   1   2.1e-70   2.1e-70  226.0   3.9     1   133     2   135     2   135 0.98 -
5739at766_955_0:000308|OZ308468.1:732184-732541     -            120 5739                 -            136   2.9e-62  199.7   2.8   1   1   3.2e-62   3.2e-62  199.5   2.8     1   118     2   120     2   120 0.98 -
#
# Program:         hmmsearch
# Version:         3.4 (Aug 2023)
# Pipeline mode:   SEARCH
# Query file:      /Users/rossoaa/Desktop/dummy/genomes/records/compleasm/mb_downloads/rickettsiales_odb12/hmms/5739at766.hmm
# Target file:     -
# Option settings: /Users/rossoaa/miniconda3/envs/compleasm_env/bin/hmmsearch --domtblout /Users/rossoaa/Desktop/dummy/genomes/records/compleasm/rickettsiales_odb12/hmmer_output/5739at766.out --cpu 1 /Users/rossoaa/Desktop/dummy/genomes/records/compleasm/mb_downloads/rickettsiales_odb12/hmms/5739at766.hmm - 
# Current dir:     /Users/rossoaa/Desktop/dummy/genomes/records/compleasm
# Date:            Tue Feb 10 10:20:24 2026
# [ok]
