#                                                                                                           --- full sequence --- -------------- this domain -------------   hmm coord   ali coord   env coord
# target name                                       accession   tlen query name           accession   qlen   E-value  score  bias   #  of  c-Evalue  i-Evalue  score  bias  from    to  from    to  from    to  acc description of target
#                               ------------------- ---------- ----- -------------------- ---------- ----- --------- ------ ----- --- --- --------- --------- ------ ----- ----- ----- ----- ----- ----- ----- ---- ---------------------
5744at766_1274402_0:0002ca|OZ308468.1:740858-741251 -            132 5744                 -            130   3.9e-65  208.3   1.2   1   1   4.3e-65   4.3e-65  208.1   1.2     1   129     1   131     1   132 0.97 -
5744at766_955_0:00032f|OZ308468.1:740858-741257     -            134 5744                 -            130   3.9e-65  208.3   1.2   1   1   4.5e-65   4.5e-65  208.1   1.2     1   129     1   131     1   132 0.97 -
5744at766_336407_0:000106|OZ308468.1:740858-741260  -            135 5744                 -            130     4e-65  208.2   1.2   1   1   4.7e-65   4.7e-65  208.0   1.2     1   129     1   131     1   132 0.97 -
5744at766_334380_0:00043b|OZ308468.1:740858-741269  -            138 5744                 -            130   4.4e-65  208.1   1.2   1   1   5.1e-65   5.1e-65  207.9   1.2     1   129     1   131     1   132 0.97 -
5744at766_2486577_0:00003e|OZ308468.1:740858-741272 -            139 5744                 -            130   4.5e-65  208.1   1.2   1   1   5.2e-65   5.2e-65  207.9   1.2     1   129     1   131     1   132 0.97 -
5744at766_1605993_0:0001d6|OZ308468.1:740858-741284 -            142 5744                 -            130   4.8e-65  208.0   1.2   1   1   5.7e-65   5.7e-65  207.7   1.2     1   129     1   131     1   132 0.97 -
5744at766_169402_0:00010e|OZ308468.1:740858-741284  -            142 5744                 -            130   4.8e-65  208.0   1.2   1   1   5.7e-65   5.7e-65  207.7   1.2     1   129     1   131     1   132 0.97 -
5744at766_246273_0:000298|OZ308468.1:740858-741284  -            142 5744                 -            130   4.8e-65  208.0   1.2   1   1   5.7e-65   5.7e-65  207.7   1.2     1   129     1   131     1   132 0.97 -
5744at766_96496_0:000074|OZ308468.1:740858-741284   -            142 5744                 -            130   4.8e-65  208.0   1.2   1   1   5.7e-65   5.7e-65  207.7   1.2     1   129     1   131     1   132 0.97 -
5744at766_272947_0:00021b|OZ308468.1:740858-741245  -            130 5744                 -            130   7.8e-65  207.3   1.0   1   1   8.6e-65   8.6e-65  207.2   1.0     1   126     1   128     1   130 0.97 -
5744at766_481009_0:000133|OZ308468.1:740858-741242  -            129 5744                 -            130   1.1e-64  206.9   1.0   1   1   1.2e-64   1.2e-64  206.7   1.0     1   125     1   127     1   129 0.97 -
5744at766_86105_0:0001ab|OZ308468.1:740858-741242   -            129 5744                 -            130   1.1e-64  206.9   1.0   1   1   1.2e-64   1.2e-64  206.7   1.0     1   125     1   127     1   129 0.97 -
5744at766_1961830_0:000096|OZ308468.1:740858-741236 -            127 5744                 -            130   2.1e-64  205.9   1.0   1   1   2.3e-64   2.3e-64  205.8   1.0     1   124     1   126     1   127 0.97 -
5744at766_779_0:000312|OZ308468.1:740858-741236     -            127 5744                 -            130   2.1e-64  205.9   1.0   1   1   2.3e-64   2.3e-64  205.8   1.0     1   124     1   126     1   127 0.97 -
5744at766_1392507_0:0001c0|OZ308468.1:740858-741233 -            126 5744                 -            130   3.3e-64  205.3   1.1   1   1   3.7e-64   3.7e-64  205.1   1.1     1   123     1   125     1   126 0.97 -
5744at766_1242993_0:0002b2|OZ308468.1:740858-741224 -            123 5744                 -            130   2.2e-63  202.6   1.1   1   1   2.4e-63   2.4e-63  202.5   1.1     1   120     1   122     1   123 0.97 -
5744at766_205920_0:0002e8|OZ308468.1:740858-741224  -            123 5744                 -            130   2.2e-63  202.6   1.1   1   1   2.4e-63   2.4e-63  202.5   1.1     1   120     1   122     1   123 0.97 -
5744at766_1359163_0:00013d|OZ308468.1:740858-741221 -            122 5744                 -            130   3.8e-63  201.9   1.2   1   1   4.2e-63   4.2e-63  201.7   1.2     1   120     1   122     1   122 0.97 -
5744at766_1248439_0:000355|OZ308468.1:740858-741218 -            121 5744                 -            130   7.9e-63  200.8   1.1   1   1   8.8e-63   8.8e-63  200.7   1.1     1   119     1   121     1   121 0.97 -
5744at766_574556_0:000093|OZ308468.1:740858-741218  -            121 5744                 -            130   7.9e-63  200.8   1.1   1   1   8.8e-63   8.8e-63  200.7   1.1     1   119     1   121     1   121 0.97 -
5744at766_1286528_0:00030d|OZ308468.1:740858-741212 -            119 5744                 -            130   1.1e-61  197.1   1.0   1   1   1.2e-61   1.2e-61  197.0   1.0     1   117     1   119     1   119 0.97 -
5744at766_1714371_0:00015a|OZ308468.1:740858-741212 -            119 5744                 -            130   1.1e-61  197.1   1.0   1   1   1.2e-61   1.2e-61  197.0   1.0     1   117     1   119     1   119 0.97 -
5744at766_222891_0:0000ee|OZ308468.1:740858-741212  -            119 5744                 -            130   1.1e-61  197.1   1.0   1   1   1.2e-61   1.2e-61  197.0   1.0     1   117     1   119     1   119 0.97 -
5744at766_2602574_0:000337|OZ308468.1:740858-741212 -            119 5744                 -            130   1.1e-61  197.1   1.0   1   1   1.2e-61   1.2e-61  197.0   1.0     1   117     1   119     1   119 0.97 -
5744at766_434131_0:000190|OZ308468.1:740858-741212  -            119 5744                 -            130   1.1e-61  197.1   1.0   1   1   1.2e-61   1.2e-61  197.0   1.0     1   117     1   119     1   119 0.97 -
#
# Program:         hmmsearch
# Version:         3.4 (Aug 2023)
# Pipeline mode:   SEARCH
# Query file:      /Users/rossoaa/Desktop/dummy/genomes/records/compleasm/mb_downloads/rickettsiales_odb12/hmms/5744at766.hmm
# Target file:     -
# Option settings: /Users/rossoaa/miniconda3/envs/compleasm_env/bin/hmmsearch --domtblout /Users/rossoaa/Desktop/dummy/genomes/records/compleasm/rickettsiales_odb12/hmmer_output/5744at766.out --cpu 1 /Users/rossoaa/Desktop/dummy/genomes/records/compleasm/mb_downloads/rickettsiales_odb12/hmms/5744at766.hmm - 
# Current dir:     /Users/rossoaa/Desktop/dummy/genomes/records/compleasm
# Date:            Tue Feb 10 10:20:24 2026
# [ok]
