#                                                                                                           --- full sequence --- -------------- this domain -------------   hmm coord   ali coord   env coord
# target name                                       accession   tlen query name           accession   qlen   E-value  score  bias   #  of  c-Evalue  i-Evalue  score  bias  from    to  from    to  from    to  acc description of target
#                               ------------------- ---------- ----- -------------------- ---------- ----- --------- ------ ----- --- --- --------- --------- ------ ----- ----- ----- ----- ----- ----- ----- ---- ---------------------
5747at766_1359163_0:0002f7|OZ308468.1:735592-735952 -            120 5747                 -            116   1.9e-45  143.5   1.1   1   1   2.1e-45   2.1e-45  143.3   1.1     2   116     2   119     1   119 0.93 -
5747at766_779_0:0000d9|OZ308468.1:735592-735952     -            120 5747                 -            116   1.9e-45  143.5   1.1   1   1   2.1e-45   2.1e-45  143.3   1.1     2   116     2   119     1   119 0.93 -
5747at766_1242993_0:000297|OZ308468.1:735589-735952 -            121 5747                 -            116     2e-45  143.4   1.1   1   1   2.2e-45   2.2e-45  143.3   1.1     2   116     3   120     2   120 0.93 -
5747at766_1423892_0:000307|OZ308468.1:735589-735952 -            121 5747                 -            116     2e-45  143.4   1.1   1   1   2.2e-45   2.2e-45  143.3   1.1     2   116     3   120     2   120 0.93 -
5747at766_205920_0:00016e|OZ308468.1:735589-735952  -            121 5747                 -            116     2e-45  143.4   1.1   1   1   2.2e-45   2.2e-45  143.3   1.1     2   116     3   120     2   120 0.93 -
5747at766_391036_0:000069|OZ308468.1:735589-735952  -            121 5747                 -            116     2e-45  143.4   1.1   1   1   2.2e-45   2.2e-45  143.3   1.1     2   116     3   120     2   120 0.93 -
5747at766_1605993_0:0001e1|OZ308468.1:735583-735952 -            123 5747                 -            116   2.1e-45  143.4   1.1   1   1   2.4e-45   2.4e-45  143.2   1.1     2   116     5   122     4   122 0.93 -
5747at766_169402_0:0001d1|OZ308468.1:735583-735952  -            123 5747                 -            116   2.1e-45  143.4   1.1   1   1   2.4e-45   2.4e-45  143.2   1.1     2   116     5   122     4   122 0.93 -
5747at766_246273_0:000377|OZ308468.1:735583-735952  -            123 5747                 -            116   2.1e-45  143.4   1.1   1   1   2.4e-45   2.4e-45  143.2   1.1     2   116     5   122     4   122 0.93 -
5747at766_955_0:00031e|OZ308468.1:735583-735952     -            123 5747                 -            116   2.1e-45  143.4   1.1   1   1   2.4e-45   2.4e-45  143.2   1.1     2   116     5   122     4   122 0.93 -
5747at766_96496_0:00006d|OZ308468.1:735583-735952   -            123 5747                 -            116   2.1e-45  143.4   1.1   1   1   2.4e-45   2.4e-45  143.2   1.1     2   116     5   122     4   122 0.93 -
5747at766_1392507_0:000232|OZ308468.1:735604-735952 -            116 5747                 -            116   1.1e-44  141.1   1.3   1   1   1.2e-44   1.2e-44  141.0   1.3     6   116     2   115     1   115 0.93 -
#
# Program:         hmmsearch
# Version:         3.4 (Aug 2023)
# Pipeline mode:   SEARCH
# Query file:      /Users/rossoaa/Desktop/dummy/genomes/records/compleasm/mb_downloads/rickettsiales_odb12/hmms/5747at766.hmm
# Target file:     -
# Option settings: /Users/rossoaa/miniconda3/envs/compleasm_env/bin/hmmsearch --domtblout /Users/rossoaa/Desktop/dummy/genomes/records/compleasm/rickettsiales_odb12/hmmer_output/5747at766.out --cpu 1 /Users/rossoaa/Desktop/dummy/genomes/records/compleasm/mb_downloads/rickettsiales_odb12/hmms/5747at766.hmm - 
# Current dir:     /Users/rossoaa/Desktop/dummy/genomes/records/compleasm
# Date:            Tue Feb 10 10:20:21 2026
# [ok]
