#                                                                                                           --- full sequence --- -------------- this domain -------------   hmm coord   ali coord   env coord
# target name                                       accession   tlen query name           accession   qlen   E-value  score  bias   #  of  c-Evalue  i-Evalue  score  bias  from    to  from    to  from    to  acc description of target
#                               ------------------- ---------- ----- -------------------- ---------- ----- --------- ------ ----- --- --- --------- --------- ------ ----- ----- ----- ----- ----- ----- ----- ---- ---------------------
5748at766_1286528_0:0001e1|OZ308468.1:440723-441305 -            195 5748                 -            194   1.1e-83  270.6  22.8   1   1   1.2e-83   1.2e-83  270.5  22.8     1   193     1   194     1   195 0.98 -
5748at766_1605993_0:0002d6|OZ308468.1:440720-441305 -            195 5748                 -            194   1.1e-83  270.6  22.8   1   1   1.2e-83   1.2e-83  270.5  22.8     1   193     1   194     1   195 0.98 -
5748at766_169402_0:000440|OZ308468.1:440720-441305  -            195 5748                 -            194   1.1e-83  270.6  22.8   1   1   1.2e-83   1.2e-83  270.5  22.8     1   193     1   194     1   195 0.98 -
5748at766_1714371_0:000015|OZ308468.1:440720-441305 -            195 5748                 -            194   1.1e-83  270.6  22.8   1   1   1.2e-83   1.2e-83  270.5  22.8     1   193     1   194     1   195 0.98 -
5748at766_222891_0:000182|OZ308468.1:440720-441305  -            195 5748                 -            194   1.1e-83  270.6  22.8   1   1   1.2e-83   1.2e-83  270.5  22.8     1   193     1   194     1   195 0.98 -
5748at766_246273_0:0000d3|OZ308468.1:440720-441305  -            195 5748                 -            194   1.1e-83  270.6  22.8   1   1   1.2e-83   1.2e-83  270.5  22.8     1   193     1   194     1   195 0.98 -
5748at766_434131_0:0002c1|OZ308468.1:440720-441305  -            195 5748                 -            194   1.1e-83  270.6  22.8   1   1   1.2e-83   1.2e-83  270.5  22.8     1   193     1   194     1   195 0.98 -
5748at766_955_0:00021a|OZ308468.1:440720-441305     -            195 5748                 -            194   1.1e-83  270.6  22.8   1   1   1.2e-83   1.2e-83  270.5  22.8     1   193     1   194     1   195 0.98 -
5748at766_96496_0:0002d2|OZ308468.1:440720-441305   -            195 5748                 -            194   1.1e-83  270.6  22.8   1   1   1.2e-83   1.2e-83  270.5  22.8     1   193     1   194     1   195 0.98 -
5748at766_1242993_0:0002fc|OZ308468.1:440720-441308 -            196 5748                 -            194   1.1e-83  270.6  22.8   1   1   1.3e-83   1.3e-83  270.5  22.8     1   193     2   195     2   196 0.98 -
5748at766_1423892_0:00022d|OZ308468.1:440720-441308 -            196 5748                 -            194   1.1e-83  270.6  22.8   1   1   1.3e-83   1.3e-83  270.5  22.8     1   193     2   195     2   196 0.98 -
5748at766_205920_0:000180|OZ308468.1:440720-441308  -            196 5748                 -            194   1.1e-83  270.6  22.8   1   1   1.3e-83   1.3e-83  270.5  22.8     1   193     2   195     2   196 0.98 -
5748at766_2602574_0:00049e|OZ308468.1:440723-441308 -            196 5748                 -            194   1.1e-83  270.6  22.8   1   1   1.3e-83   1.3e-83  270.5  22.8     1   193     2   195     2   196 0.98 -
5748at766_391036_0:0002a4|OZ308468.1:440720-441308  -            196 5748                 -            194   1.1e-83  270.6  22.8   1   1   1.3e-83   1.3e-83  270.5  22.8     1   193     2   195     2   196 0.98 -
5748at766_696127_0:00000e|OZ308468.1:440720-441308  -            196 5748                 -            194   1.1e-83  270.6  22.8   1   1   1.3e-83   1.3e-83  270.5  22.8     1   193     2   195     2   196 0.98 -
5748at766_86105_0:0002e5|OZ308468.1:440723-441308   -            196 5748                 -            194   1.1e-83  270.6  22.8   1   1   1.3e-83   1.3e-83  270.5  22.8     1   193     2   195     2   196 0.98 -
5748at766_2486578_0:00058f|OZ308468.1:440720-441311 -            197 5748                 -            194   1.2e-83  270.6  22.8   1   1   1.3e-83   1.3e-83  270.4  22.8     1   193     3   196     3   197 0.98 -
5748at766_1105107_0:000295|OZ308468.1:440726-441305 -            194 5748                 -            194   2.7e-83  269.4  23.1   1   1     3e-83     3e-83  269.2  23.1     1   193     1   194     1   194 0.98 -
5748at766_1961830_0:0004a5|OZ308468.1:440726-441305 -            194 5748                 -            194   2.7e-83  269.4  23.1   1   1     3e-83     3e-83  269.2  23.1     1   193     1   194     1   194 0.98 -
5748at766_272947_0:00024c|OZ308468.1:440726-441305  -            194 5748                 -            194   2.7e-83  269.4  23.1   1   1     3e-83     3e-83  269.2  23.1     1   193     1   194     1   194 0.98 -
5748at766_336407_0:000048|OZ308468.1:440726-441305  -            194 5748                 -            194   2.7e-83  269.4  23.1   1   1     3e-83     3e-83  269.2  23.1     1   193     1   194     1   194 0.98 -
5748at766_481009_0:000387|OZ308468.1:440726-441305  -            194 5748                 -            194   2.7e-83  269.4  23.1   1   1     3e-83     3e-83  269.2  23.1     1   193     1   194     1   194 0.98 -
5748at766_1359163_0:000145|OZ308468.1:440726-441308 -            195 5748                 -            194   2.8e-83  269.3  23.1   1   1   3.1e-83   3.1e-83  269.2  23.1     1   193     2   195     2   195 0.98 -
5748at766_1392507_0:00001a|OZ308468.1:440726-441308 -            195 5748                 -            194   2.8e-83  269.3  23.1   1   1   3.1e-83   3.1e-83  269.2  23.1     1   193     2   195     2   195 0.98 -
5748at766_334380_0:00036a|OZ308468.1:440726-441302  -            193 5748                 -            194   4.7e-83  268.6  22.5   1   1   5.2e-83   5.2e-83  268.5  22.5     3   193     2   193     1   193 0.98 -
5748at766_1248439_0:000163|OZ308468.1:440729-441308 -            194 5748                 -            194   1.2e-82  267.3  24.0   1   1   1.4e-82   1.4e-82  267.1  24.0     1   192     2   194     2   194 0.98 -
5748at766_142058_0:000070|OZ308468.1:440729-441308  -            194 5748                 -            194   1.2e-82  267.3  24.0   1   1   1.4e-82   1.4e-82  267.1  24.0     1   192     2   194     2   194 0.98 -
5748at766_574556_0:000144|OZ308468.1:440729-441308  -            194 5748                 -            194   1.2e-82  267.3  24.0   1   1   1.4e-82   1.4e-82  267.1  24.0     1   192     2   194     2   194 0.98 -
5748at766_779_0:0001fa|OZ308468.1:440729-441308     -            194 5748                 -            194   1.2e-82  267.3  24.0   1   1   1.4e-82   1.4e-82  267.1  24.0     1   192     2   194     2   194 0.98 -
5748at766_1528098_0:0001a0|OZ308468.1:440729-441320 -            198 5748                 -            194   1.3e-82  267.2  24.0   1   1   1.5e-82   1.5e-82  267.0  24.0     1   192     6   198     6   198 0.98 -
5748at766_1359168_0:0000a6|OZ308468.1:440729-441302 -            192 5748                 -            194     2e-82  266.5  23.4   1   1   2.3e-82   2.3e-82  266.4  23.4     3   192     2   192     1   192 0.98 -
5748at766_2115978_0:000223|OZ308468.1:440729-441287 -            187 5748                 -            194   1.2e-79  257.5  22.8   1   1   1.4e-79   1.4e-79  257.3  22.8     7   192     1   187     1   187 0.98 -
5748at766_752179_0:000230|OZ308468.1:440744-441302  -            187 5748                 -            194   2.2e-79  256.6  24.9   1   1   2.4e-79   2.4e-79  256.5  24.9     3   186     2   186     1   187 0.98 -
5748at766_1802984_0:0000be|OZ308468.1:440729-441230 -            168 5748                 -            194   1.5e-71  231.1  19.3   1   1   1.6e-71   1.6e-71  231.0  19.3    26   192     1   168     1   168 0.98 -
#
# Program:         hmmsearch
# Version:         3.4 (Aug 2023)
# Pipeline mode:   SEARCH
# Query file:      /Users/rossoaa/Desktop/dummy/genomes/records/compleasm/mb_downloads/rickettsiales_odb12/hmms/5748at766.hmm
# Target file:     -
# Option settings: /Users/rossoaa/miniconda3/envs/compleasm_env/bin/hmmsearch --domtblout /Users/rossoaa/Desktop/dummy/genomes/records/compleasm/rickettsiales_odb12/hmmer_output/5748at766.out --cpu 1 /Users/rossoaa/Desktop/dummy/genomes/records/compleasm/mb_downloads/rickettsiales_odb12/hmms/5748at766.hmm - 
# Current dir:     /Users/rossoaa/Desktop/dummy/genomes/records/compleasm
# Date:            Tue Feb 10 10:20:22 2026
# [ok]
