#                                                                                                           --- full sequence --- -------------- this domain -------------   hmm coord   ali coord   env coord
# target name                                       accession   tlen query name           accession   qlen   E-value  score  bias   #  of  c-Evalue  i-Evalue  score  bias  from    to  from    to  from    to  acc description of target
#                               ------------------- ---------- ----- -------------------- ---------- ----- --------- ------ ----- --- --- --------- --------- ------ ----- ----- ----- ----- ----- ----- ----- ---- ---------------------
5758at766_2115978_0:0002db|OZ308468.1:258921-259230 -            104 5758                 -            104   9.7e-48  150.6   0.2   1   1   1.1e-47   1.1e-47  150.5   0.2     2   104     2   103     1   103 0.98 -
5758at766_696127_0:00029b|OZ308468.1:258915-259230  -            105 5758                 -            104     1e-47  150.6   0.2   1   1   1.1e-47   1.1e-47  150.4   0.2     2   104     2   103     1   103 0.98 -
5758at766_1605993_0:0000b1|OZ308468.1:258915-259239 -            108 5758                 -            104   1.1e-47  150.4   0.2   1   1   1.2e-47   1.2e-47  150.3   0.2     2   104     5   106     4   106 0.98 -
5758at766_169402_0:0002dc|OZ308468.1:258918-259239  -            108 5758                 -            104   1.1e-47  150.4   0.2   1   1   1.2e-47   1.2e-47  150.3   0.2     2   104     5   106     4   106 0.98 -
5758at766_1802984_0:0000e5|OZ308468.1:258915-259239 -            108 5758                 -            104   1.1e-47  150.4   0.2   1   1   1.2e-47   1.2e-47  150.3   0.2     2   104     5   106     4   106 0.98 -
5758at766_246273_0:0002d9|OZ308468.1:258918-259239  -            108 5758                 -            104   1.1e-47  150.4   0.2   1   1   1.2e-47   1.2e-47  150.3   0.2     2   104     5   106     4   106 0.98 -
5758at766_96496_0:0002cb|OZ308468.1:258918-259239   -            108 5758                 -            104   1.1e-47  150.4   0.2   1   1   1.2e-47   1.2e-47  150.3   0.2     2   104     5   106     4   106 0.98 -
5758at766_2602574_0:0004b1|OZ308468.1:258921-259227 -            103 5758                 -            104   1.4e-47  150.1   0.2   1   1   1.5e-47   1.5e-47  150.0   0.2     2   104     1   102     1   102 0.98 -
5758at766_272947_0:00009d|OZ308468.1:258921-259227  -            103 5758                 -            104   1.4e-47  150.1   0.2   1   1   1.5e-47   1.5e-47  150.0   0.2     2   104     1   102     1   102 0.98 -
5758at766_2486578_0:0000dd|OZ308468.1:258927-259230 -            102 5758                 -            104   2.2e-47  149.5   0.1   1   1   2.4e-47   2.4e-47  149.3   0.1     2   102     2   101     1   102 0.98 -
5758at766_955_0:0002f2|OZ308468.1:258915-259224     -            103 5758                 -            104   2.9e-47  149.1   0.1   1   1   3.2e-47   3.2e-47  149.0   0.1     4   104     2   101     1   101 0.98 -
5758at766_86105_0:000476|OZ308468.1:258918-259221   -            102 5758                 -            104   4.6e-47  148.4   0.1   1   1   5.1e-47   5.1e-47  148.3   0.1     5   104     2   100     1   100 0.98 -
5758at766_481009_0:000367|OZ308468.1:258921-259218  -            100 5758                 -            104   6.9e-47  147.9   0.1   1   1   7.6e-47   7.6e-47  147.7   0.1     5   104     1    99     1    99 0.98 -
5758at766_1961830_0:000244|OZ308468.1:258915-259218 -            101 5758                 -            104   7.2e-47  147.8   0.1   1   1   7.9e-47   7.9e-47  147.7   0.1     5   104     1    99     1    99 0.98 -
5758at766_1105107_0:0001a7|OZ308468.1:258933-259218 -             96 5758                 -            104   5.8e-46  144.9   0.1   1   1   6.4e-46   6.4e-46  144.8   0.1     5   101     1    96     1    96 0.98 -
5758at766_1286528_0:000168|OZ308468.1:258918-259209 -             98 5758                 -            104   1.7e-45  143.4   0.1   1   1   1.9e-45   1.9e-45  143.3   0.1     8   104     1    96     1    96 0.98 -
#
# Program:         hmmsearch
# Version:         3.4 (Aug 2023)
# Pipeline mode:   SEARCH
# Query file:      /Users/rossoaa/Desktop/dummy/genomes/records/compleasm/mb_downloads/rickettsiales_odb12/hmms/5758at766.hmm
# Target file:     -
# Option settings: /Users/rossoaa/miniconda3/envs/compleasm_env/bin/hmmsearch --domtblout /Users/rossoaa/Desktop/dummy/genomes/records/compleasm/rickettsiales_odb12/hmmer_output/5758at766.out --cpu 1 /Users/rossoaa/Desktop/dummy/genomes/records/compleasm/mb_downloads/rickettsiales_odb12/hmms/5758at766.hmm - 
# Current dir:     /Users/rossoaa/Desktop/dummy/genomes/records/compleasm
# Date:            Tue Feb 10 10:20:23 2026
# [ok]
