#                                                                                                           --- full sequence --- -------------- this domain -------------   hmm coord   ali coord   env coord
# target name                                       accession   tlen query name           accession   qlen   E-value  score  bias   #  of  c-Evalue  i-Evalue  score  bias  from    to  from    to  from    to  acc description of target
#                               ------------------- ---------- ----- -------------------- ---------- ----- --------- ------ ----- --- --- --------- --------- ------ ----- ----- ----- ----- ----- ----- ----- ---- ---------------------
5765at766_1248439_0:00008b|OZ308468.1:739388-739760 -            124 5765                 -            118   8.1e-54  170.9   3.3   1   1     9e-54     9e-54  170.7   3.3     1   118     5   124     5   124 0.96 -
5765at766_1392507_0:000313|OZ308468.1:739388-739760 -            124 5765                 -            118   8.1e-54  170.9   3.3   1   1     9e-54     9e-54  170.7   3.3     1   118     5   124     5   124 0.96 -
5765at766_1359163_0:0002a7|OZ308468.1:739385-739760 -            125 5765                 -            118   8.3e-54  170.9   3.3   1   1   9.3e-54   9.3e-54  170.7   3.3     1   118     6   125     6   125 0.96 -
5765at766_2486578_0:000033|OZ308468.1:739382-739760 -            126 5765                 -            118   8.5e-54  170.8   3.3   1   1   9.6e-54   9.6e-54  170.7   3.3     1   118     7   126     7   126 0.96 -
5765at766_86105_0:00016f|OZ308468.1:739379-739760   -            127 5765                 -            118   8.8e-54  170.8   3.3   1   1   9.9e-54   9.9e-54  170.6   3.3     1   118     8   127     8   127 0.96 -
5765at766_1105107_0:0002f9|OZ308468.1:739376-739760 -            128 5765                 -            118     9e-54  170.8   3.3   1   1     1e-53     1e-53  170.6   3.3     1   118     9   128     9   128 0.96 -
5765at766_1605993_0:0001e9|OZ308468.1:739376-739760 -            128 5765                 -            118     9e-54  170.8   3.3   1   1     1e-53     1e-53  170.6   3.3     1   118     9   128     9   128 0.96 -
5765at766_169402_0:000587|OZ308468.1:739376-739760  -            128 5765                 -            118     9e-54  170.8   3.3   1   1     1e-53     1e-53  170.6   3.3     1   118     9   128     9   128 0.96 -
5765at766_246273_0:000125|OZ308468.1:739376-739760  -            128 5765                 -            118     9e-54  170.8   3.3   1   1     1e-53     1e-53  170.6   3.3     1   118     9   128     9   128 0.96 -
5765at766_272947_0:0001c1|OZ308468.1:739376-739760  -            128 5765                 -            118     9e-54  170.8   3.3   1   1     1e-53     1e-53  170.6   3.3     1   118     9   128     9   128 0.96 -
5765at766_336407_0:0004c1|OZ308468.1:739376-739760  -            128 5765                 -            118     9e-54  170.8   3.3   1   1     1e-53     1e-53  170.6   3.3     1   118     9   128     9   128 0.96 -
5765at766_955_0:000327|OZ308468.1:739376-739760     -            128 5765                 -            118     9e-54  170.8   3.3   1   1     1e-53     1e-53  170.6   3.3     1   118     9   128     9   128 0.96 -
5765at766_96496_0:000078|OZ308468.1:739376-739760   -            128 5765                 -            118     9e-54  170.8   3.3   1   1     1e-53     1e-53  170.6   3.3     1   118     9   128     9   128 0.96 -
5765at766_2115978_0:000321|OZ308468.1:739373-739760 -            129 5765                 -            118   9.2e-54  170.7   3.3   1   1   1.1e-53   1.1e-53  170.5   3.3     1   118    10   129    10   129 0.96 -
#
# Program:         hmmsearch
# Version:         3.4 (Aug 2023)
# Pipeline mode:   SEARCH
# Query file:      /Users/rossoaa/Desktop/dummy/genomes/records/compleasm/mb_downloads/rickettsiales_odb12/hmms/5765at766.hmm
# Target file:     -
# Option settings: /Users/rossoaa/miniconda3/envs/compleasm_env/bin/hmmsearch --domtblout /Users/rossoaa/Desktop/dummy/genomes/records/compleasm/rickettsiales_odb12/hmmer_output/5765at766.out --cpu 1 /Users/rossoaa/Desktop/dummy/genomes/records/compleasm/mb_downloads/rickettsiales_odb12/hmms/5765at766.hmm - 
# Current dir:     /Users/rossoaa/Desktop/dummy/genomes/records/compleasm
# Date:            Tue Feb 10 10:20:22 2026
# [ok]
