#                                                                                                           --- full sequence --- -------------- this domain -------------   hmm coord   ali coord   env coord
# target name                                       accession   tlen query name           accession   qlen   E-value  score  bias   #  of  c-Evalue  i-Evalue  score  bias  from    to  from    to  from    to  acc description of target
#                               ------------------- ---------- ----- -------------------- ---------- ----- --------- ------ ----- --- --- --------- --------- ------ ----- ----- ----- ----- ----- ----- ----- ---- ---------------------
5798at766_1605993_0:0000cd|OZ308468.1:393904-394324 -            140 5798                 -            116   3.1e-49  155.5   1.9   1   1     4e-49     4e-49  155.1   1.9     2   116     2   140     1   140 0.95 -
5798at766_169402_0:000087|OZ308468.1:393904-394324  -            140 5798                 -            116   3.1e-49  155.5   1.9   1   1     4e-49     4e-49  155.1   1.9     2   116     2   140     1   140 0.95 -
5798at766_246273_0:000018|OZ308468.1:393904-394324  -            140 5798                 -            116   3.1e-49  155.5   1.9   1   1     4e-49     4e-49  155.1   1.9     2   116     2   140     1   140 0.95 -
5798at766_955_0:0001c8|OZ308468.1:393904-394324     -            140 5798                 -            116   3.1e-49  155.5   1.9   1   1     4e-49     4e-49  155.1   1.9     2   116     2   140     1   140 0.95 -
5798at766_96496_0:0002c1|OZ308468.1:393904-394324   -            140 5798                 -            116   3.1e-49  155.5   1.9   1   1     4e-49     4e-49  155.1   1.9     2   116     2   140     1   140 0.95 -
5798at766_696127_0:0001ec|OZ308468.1:393904-394321  -            139 5798                 -            116   5.3e-49  154.7   1.8   1   1   6.8e-49   6.8e-49  154.4   1.8     3   116     2   139     1   139 0.95 -
5798at766_2486577_0:000302|OZ308468.1:393904-394318 -            138 5798                 -            116   7.3e-49  154.3   1.7   1   1   9.4e-49   9.4e-49  154.0   1.7     4   116     2   138     1   138 0.95 -
5798at766_1961830_0:000328|OZ308468.1:393904-394312 -            136 5798                 -            116   2.4e-48  152.6   1.7   1   1   3.1e-48   3.1e-48  152.3   1.7     5   116     1   136     1   136 0.95 -
5798at766_1242993_0:00039f|OZ308468.1:393904-394309 -            135 5798                 -            116   5.2e-48  151.5   1.7   1   1   6.8e-48   6.8e-48  151.2   1.7     6   116     1   135     1   135 0.95 -
5798at766_1359163_0:00028f|OZ308468.1:393904-394309 -            135 5798                 -            116   5.2e-48  151.5   1.7   1   1   6.8e-48   6.8e-48  151.2   1.7     6   116     1   135     1   135 0.95 -
5798at766_205920_0:00028f|OZ308468.1:393904-394309  -            135 5798                 -            116   5.2e-48  151.5   1.7   1   1   6.8e-48   6.8e-48  151.2   1.7     6   116     1   135     1   135 0.95 -
5798at766_391036_0:000141|OZ308468.1:393904-394309  -            135 5798                 -            116   5.2e-48  151.5   1.7   1   1   6.8e-48   6.8e-48  151.2   1.7     6   116     1   135     1   135 0.95 -
#
# Program:         hmmsearch
# Version:         3.4 (Aug 2023)
# Pipeline mode:   SEARCH
# Query file:      /Users/rossoaa/Desktop/dummy/genomes/records/compleasm/mb_downloads/rickettsiales_odb12/hmms/5798at766.hmm
# Target file:     -
# Option settings: /Users/rossoaa/miniconda3/envs/compleasm_env/bin/hmmsearch --domtblout /Users/rossoaa/Desktop/dummy/genomes/records/compleasm/rickettsiales_odb12/hmmer_output/5798at766.out --cpu 1 /Users/rossoaa/Desktop/dummy/genomes/records/compleasm/mb_downloads/rickettsiales_odb12/hmms/5798at766.hmm - 
# Current dir:     /Users/rossoaa/Desktop/dummy/genomes/records/compleasm
# Date:            Tue Feb 10 10:20:22 2026
# [ok]
