#                                                                                                           --- full sequence --- -------------- this domain -------------   hmm coord   ali coord   env coord
# target name                                       accession   tlen query name           accession   qlen   E-value  score  bias   #  of  c-Evalue  i-Evalue  score  bias  from    to  from    to  from    to  acc description of target
#                               ------------------- ---------- ----- -------------------- ---------- ----- --------- ------ ----- --- --- --------- --------- ------ ----- ----- ----- ----- ----- ----- ----- ---- ---------------------
5807at766_1605993_0:0002ce|OZ308468.1:434389-434779 -            130 5807                 -            136   1.7e-56  178.7   1.4   1   1   1.8e-56   1.8e-56  178.5   1.4     2   129     1   128     1   130 0.97 -
5807at766_169402_0:00054b|OZ308468.1:434389-434779  -            130 5807                 -            136   1.7e-56  178.7   1.4   1   1   1.8e-56   1.8e-56  178.5   1.4     2   129     1   128     1   130 0.97 -
5807at766_246273_0:00026a|OZ308468.1:434389-434779  -            130 5807                 -            136   1.7e-56  178.7   1.4   1   1   1.8e-56   1.8e-56  178.5   1.4     2   129     1   128     1   130 0.97 -
5807at766_96496_0:0002ca|OZ308468.1:434395-434779   -            129 5807                 -            136     2e-56  178.4   1.3   1   1   2.2e-56   2.2e-56  178.3   1.3     2   128     1   127     1   129 0.97 -
5807at766_1242993_0:000038|OZ308468.1:434401-434779 -            127 5807                 -            136   2.8e-56  177.9   1.1   1   1   3.1e-56   3.1e-56  177.8   1.1     2   128     1   127     1   127 0.97 -
5807at766_1423892_0:0000ff|OZ308468.1:434401-434779 -            127 5807                 -            136   2.8e-56  177.9   1.1   1   1   3.1e-56   3.1e-56  177.8   1.1     2   128     1   127     1   127 0.97 -
5807at766_391036_0:000062|OZ308468.1:434401-434779  -            127 5807                 -            136   2.8e-56  177.9   1.1   1   1   3.1e-56   3.1e-56  177.8   1.1     2   128     1   127     1   127 0.97 -
5807at766_955_0:000011|OZ308468.1:434407-434779     -            125 5807                 -            136   6.7e-55  173.5   1.3   1   1   7.4e-55   7.4e-55  173.3   1.3     2   126     1   125     1   125 0.97 -
#
# Program:         hmmsearch
# Version:         3.4 (Aug 2023)
# Pipeline mode:   SEARCH
# Query file:      /Users/rossoaa/Desktop/dummy/genomes/records/compleasm/mb_downloads/rickettsiales_odb12/hmms/5807at766.hmm
# Target file:     -
# Option settings: /Users/rossoaa/miniconda3/envs/compleasm_env/bin/hmmsearch --domtblout /Users/rossoaa/Desktop/dummy/genomes/records/compleasm/rickettsiales_odb12/hmmer_output/5807at766.out --cpu 1 /Users/rossoaa/Desktop/dummy/genomes/records/compleasm/mb_downloads/rickettsiales_odb12/hmms/5807at766.hmm - 
# Current dir:     /Users/rossoaa/Desktop/dummy/genomes/records/compleasm
# Date:            Tue Feb 10 10:20:23 2026
# [ok]
