#                                                                                                         --- full sequence --- -------------- this domain -------------   hmm coord   ali coord   env coord
# target name                                     accession   tlen query name           accession   qlen   E-value  score  bias   #  of  c-Evalue  i-Evalue  score  bias  from    to  from    to  from    to  acc description of target
#                             ------------------- ---------- ----- -------------------- ---------- ----- --------- ------ ----- --- --- --------- --------- ------ ----- ----- ----- ----- ----- ----- ----- ---- ---------------------
5811at766_1274402_0:0000eb|OZ308468.1:58374-58611 -             80 5811                 -             80   1.3e-48  153.9   0.6   1   1   1.4e-48   1.4e-48  153.8   0.6     1    79     1    79     1    80 0.99 -
5811at766_696127_0:000074|OZ308468.1:58353-58611  -             87 5811                 -             80   1.7e-48  153.5   0.6   1   1   1.9e-48   1.9e-48  153.3   0.6     1    79     1    79     1    80 0.99 -
5811at766_1242993_0:0000d1|OZ308468.1:58350-58611 -             88 5811                 -             80   1.8e-48  153.4   0.6   1   1     2e-48     2e-48  153.2   0.6     1    79     1    79     1    80 0.99 -
5811at766_1359163_0:000031|OZ308468.1:58350-58611 -             88 5811                 -             80   1.8e-48  153.4   0.6   1   1     2e-48     2e-48  153.2   0.6     1    79     1    79     1    80 0.99 -
5811at766_1423892_0:00012f|OZ308468.1:58350-58611 -             88 5811                 -             80   1.8e-48  153.4   0.6   1   1     2e-48     2e-48  153.2   0.6     1    79     1    79     1    80 0.99 -
5811at766_205920_0:000090|OZ308468.1:58350-58611  -             88 5811                 -             80   1.8e-48  153.4   0.6   1   1     2e-48     2e-48  153.2   0.6     1    79     1    79     1    80 0.99 -
5811at766_779_0:0002ae|OZ308468.1:58350-58611     -             88 5811                 -             80   1.8e-48  153.4   0.6   1   1     2e-48     2e-48  153.2   0.6     1    79     1    79     1    80 0.99 -
5811at766_1248439_0:000382|OZ308468.1:58344-58611 -             90 5811                 -             80   1.9e-48  153.3   0.6   1   1   2.2e-48   2.2e-48  153.1   0.6     1    79     1    79     1    80 0.99 -
5811at766_334380_0:00031b|OZ308468.1:58326-58611  -             96 5811                 -             80   2.3e-48  153.1   0.6   1   1   2.8e-48   2.8e-48  152.8   0.6     1    79     1    79     1    80 0.99 -
5811at766_2115978_0:0004a9|OZ308468.1:58329-58614 -             96 5811                 -             80   2.3e-48  153.0   0.6   1   1   2.8e-48   2.8e-48  152.8   0.6     1    79     2    80     2    81 0.99 -
5811at766_1392507_0:0000e7|OZ308468.1:58323-58611 -             97 5811                 -             80   2.4e-48  153.0   0.6   1   1   2.9e-48   2.9e-48  152.8   0.6     1    79     1    79     1    80 0.99 -
5811at766_752179_0:000284|OZ308468.1:58317-58611  -             99 5811                 -             80   2.4e-48  153.0   0.6   1   1   3.1e-48   3.1e-48  152.7   0.6     1    79     1    79     1    80 0.99 -
5811at766_1359168_0:000098|OZ308468.1:58314-58611 -            100 5811                 -             80   2.4e-48  153.0   0.6   1   1   3.2e-48   3.2e-48  152.6   0.6     1    79     1    79     1    80 0.99 -
5811at766_1105107_0:000172|OZ308468.1:58299-58611 -            104 5811                 -             80   2.6e-48  152.9   0.6   1   1   3.7e-48   3.7e-48  152.4   0.6     1    79     1    79     1    80 0.99 -
5811at766_1605993_0:0000c6|OZ308468.1:58299-58611 -            104 5811                 -             80   2.6e-48  152.9   0.6   1   1   3.7e-48   3.7e-48  152.4   0.6     1    79     1    79     1    80 0.99 -
5811at766_169402_0:00005f|OZ308468.1:58299-58611  -            104 5811                 -             80   2.6e-48  152.9   0.6   1   1   3.7e-48   3.7e-48  152.4   0.6     1    79     1    79     1    80 0.99 -
5811at766_246273_0:00014f|OZ308468.1:58299-58611  -            104 5811                 -             80   2.6e-48  152.9   0.6   1   1   3.7e-48   3.7e-48  152.4   0.6     1    79     1    79     1    80 0.99 -
5811at766_2486578_0:000207|OZ308468.1:58299-58611 -            104 5811                 -             80   2.6e-48  152.9   0.6   1   1   3.7e-48   3.7e-48  152.4   0.6     1    79     1    79     1    80 0.99 -
5811at766_2602574_0:00039b|OZ308468.1:58299-58611 -            104 5811                 -             80   2.6e-48  152.9   0.6   1   1   3.7e-48   3.7e-48  152.4   0.6     1    79     1    79     1    80 0.99 -
5811at766_272947_0:0002d4|OZ308468.1:58299-58611  -            104 5811                 -             80   2.6e-48  152.9   0.6   1   1   3.7e-48   3.7e-48  152.4   0.6     1    79     1    79     1    80 0.99 -
5811at766_336407_0:0001ed|OZ308468.1:58299-58611  -            104 5811                 -             80   2.6e-48  152.9   0.6   1   1   3.7e-48   3.7e-48  152.4   0.6     1    79     1    79     1    80 0.99 -
5811at766_481009_0:00023c|OZ308468.1:58299-58611  -            104 5811                 -             80   2.6e-48  152.9   0.6   1   1   3.7e-48   3.7e-48  152.4   0.6     1    79     1    79     1    80 0.99 -
5811at766_96496_0:00014c|OZ308468.1:58299-58611   -            104 5811                 -             80   2.6e-48  152.9   0.6   1   1   3.7e-48   3.7e-48  152.4   0.6     1    79     1    79     1    80 0.99 -
5811at766_86105_0:000277|OZ308468.1:58380-58611   -             78 5811                 -             80   5.5e-48  151.9   0.6   1   1     6e-48     6e-48  151.7   0.6     1    78     1    78     1    78 0.99 -
5811at766_1714371_0:000181|OZ308468.1:58371-58741 -             86 5811                 -             80   1.3e-47  150.6   0.5   1   1   1.5e-47   1.5e-47  150.5   0.5     2    79     7    84     6    85 0.98 -
5811at766_1286528_0:00003a|OZ308468.1:58380-58608 -             77 5811                 -             80   4.2e-47  149.0   0.5   1   1   4.6e-47   4.6e-47  148.9   0.5     2    78     1    77     1    77 0.99 -
5811at766_222891_0:00000c|OZ308468.1:58380-58741  -             83 5811                 -             80   5.4e-47  148.7   0.4   1   1     6e-47     6e-47  148.5   0.4     2    78     7    83     6    83 0.98 -
5811at766_434131_0:000175|OZ308468.1:58380-58741  -             83 5811                 -             80   5.4e-47  148.7   0.4   1   1     6e-47     6e-47  148.5   0.4     2    78     7    83     6    83 0.98 -
5811at766_955_0:0001ff|OZ308468.1:58443-58611     -             57 5811                 -             80   2.1e-34  108.4   0.8   1   1   2.2e-34   2.2e-34  108.2   0.8     1    57     1    57     1    57 0.99 -
#
# Program:         hmmsearch
# Version:         3.4 (Aug 2023)
# Pipeline mode:   SEARCH
# Query file:      /Users/rossoaa/Desktop/dummy/genomes/records/compleasm/mb_downloads/rickettsiales_odb12/hmms/5811at766.hmm
# Target file:     -
# Option settings: /Users/rossoaa/miniconda3/envs/compleasm_env/bin/hmmsearch --domtblout /Users/rossoaa/Desktop/dummy/genomes/records/compleasm/rickettsiales_odb12/hmmer_output/5811at766.out --cpu 1 /Users/rossoaa/Desktop/dummy/genomes/records/compleasm/mb_downloads/rickettsiales_odb12/hmms/5811at766.hmm - 
# Current dir:     /Users/rossoaa/Desktop/dummy/genomes/records/compleasm
# Date:            Tue Feb 10 10:20:23 2026
# [ok]
