#                                                                                                           --- full sequence --- -------------- this domain -------------   hmm coord   ali coord   env coord
# target name                                       accession   tlen query name           accession   qlen   E-value  score  bias   #  of  c-Evalue  i-Evalue  score  bias  from    to  from    to  from    to  acc description of target
#                               ------------------- ---------- ----- -------------------- ---------- ----- --------- ------ ----- --- --- --------- --------- ------ ----- ----- ----- ----- ----- ----- ----- ---- ---------------------
5814at766_1392507_0:0000ce|OZ308468.1:786280-786595 -            106 5814                 -            104   1.4e-44  140.6   4.4   1   1   1.5e-44   1.5e-44  140.5   4.4     1   102     2   105     2   106 0.94 -
5814at766_1248439_0:00026a|OZ308468.1:786280-786598 -            107 5814                 -            104   1.4e-44  140.6   4.4   1   1   1.5e-44   1.5e-44  140.5   4.4     1   102     3   106     3   107 0.94 -
5814at766_142058_0:00034a|OZ308468.1:786280-786598  -            107 5814                 -            104   1.4e-44  140.6   4.4   1   1   1.5e-44   1.5e-44  140.5   4.4     1   102     3   106     3   107 0.94 -
5814at766_1423892_0:000344|OZ308468.1:786244-786595 -            118 5814                 -            104   1.5e-44  140.5   4.5   1   1   1.7e-44   1.7e-44  140.3   4.5     1   102     2   105     2   107 0.94 -
5814at766_1359163_0:00020a|OZ308468.1:786241-786595 -            119 5814                 -            104   1.5e-44  140.5   4.5   1   1   1.8e-44   1.8e-44  140.2   4.5     1   102     2   105     2   107 0.94 -
5814at766_391036_0:0001ee|OZ308468.1:786232-786595  -            122 5814                 -            104   1.6e-44  140.4   4.5   1   1     2e-44     2e-44  140.1   4.5     1   102     2   105     2   107 0.94 -
5814at766_1961830_0:000021|OZ308468.1:786226-786592 -            123 5814                 -            104   1.6e-44  140.4   4.5   1   1     2e-44     2e-44  140.1   4.5     1   102     1   104     1   106 0.94 -
5814at766_205920_0:00007e|OZ308468.1:786229-786595  -            123 5814                 -            104   1.6e-44  140.4   4.5   1   1     2e-44     2e-44  140.1   4.5     1   102     2   105     2   107 0.94 -
5814at766_1242993_0:000119|OZ308468.1:786226-786595 -            124 5814                 -            104   1.7e-44  140.3   4.5   1   1   2.1e-44   2.1e-44  140.0   4.5     1   102     2   105     2   107 0.94 -
5814at766_1528098_0:000094|OZ308468.1:786211-786598 -            130 5814                 -            104   1.9e-44  140.2   4.5   1   1   2.5e-44   2.5e-44  139.8   4.5     1   102     3   106     3   108 0.94 -
5814at766_246273_0:0002b4|OZ308468.1:786190-786592  -            135 5814                 -            104     2e-44  140.1   4.5   1   1   2.8e-44   2.8e-44  139.6   4.5     1   102     1   104     1   106 0.94 -
5814at766_1605993_0:000111|OZ308468.1:786181-786592 -            137 5814                 -            104   2.1e-44  140.0   4.5   1   1   2.9e-44   2.9e-44  139.6   4.5     1   102     1   104     1   106 0.94 -
5814at766_169402_0:0002b4|OZ308468.1:786181-786592  -            137 5814                 -            104   2.1e-44  140.0   4.5   1   1   2.9e-44   2.9e-44  139.6   4.5     1   102     1   104     1   106 0.94 -
5814at766_955_0:000098|OZ308468.1:786184-786592     -            137 5814                 -            104   2.1e-44  140.0   4.5   1   1   2.9e-44   2.9e-44  139.6   4.5     1   102     1   104     1   106 0.94 -
5814at766_96496_0:00031e|OZ308468.1:786184-786592   -            137 5814                 -            104   2.1e-44  140.0   4.5   1   1   2.9e-44   2.9e-44  139.6   4.5     1   102     1   104     1   106 0.94 -
5814at766_481009_0:0003aa|OZ308468.1:786217-786583  -            123 5814                 -            104   4.1e-44  139.1   3.6   1   1   5.1e-44   5.1e-44  138.8   3.6     7   102     6   101     1   103 0.95 -
5814at766_779_0:0002bb|OZ308468.1:786241-786586     -            116 5814                 -            104   4.4e-44  139.0   4.2   1   1     5e-44     5e-44  138.8   4.2     7   102     7   102     1   104 0.95 -
#
# Program:         hmmsearch
# Version:         3.4 (Aug 2023)
# Pipeline mode:   SEARCH
# Query file:      /Users/rossoaa/Desktop/dummy/genomes/records/compleasm/mb_downloads/rickettsiales_odb12/hmms/5814at766.hmm
# Target file:     -
# Option settings: /Users/rossoaa/miniconda3/envs/compleasm_env/bin/hmmsearch --domtblout /Users/rossoaa/Desktop/dummy/genomes/records/compleasm/rickettsiales_odb12/hmmer_output/5814at766.out --cpu 1 /Users/rossoaa/Desktop/dummy/genomes/records/compleasm/mb_downloads/rickettsiales_odb12/hmms/5814at766.hmm - 
# Current dir:     /Users/rossoaa/Desktop/dummy/genomes/records/compleasm
# Date:            Tue Feb 10 10:20:21 2026
# [ok]
