#                                                                                                           --- full sequence --- -------------- this domain -------------   hmm coord   ali coord   env coord
# target name                                       accession   tlen query name           accession   qlen   E-value  score  bias   #  of  c-Evalue  i-Evalue  score  bias  from    to  from    to  from    to  acc description of target
#                               ------------------- ---------- ----- -------------------- ---------- ----- --------- ------ ----- --- --- --------- --------- ------ ----- ----- ----- ----- ----- ----- ----- ---- ---------------------
5832at766_1605993_0:00008f|OZ308468.1:416360-416663 -            101 5832                 -             99   2.9e-38  119.4   5.3   1   1   3.2e-38   3.2e-38  119.2   5.3     4    99     8    99     5    99 0.94 -
5832at766_169402_0:000340|OZ308468.1:416360-416663  -            101 5832                 -             99   2.9e-38  119.4   5.3   1   1   3.2e-38   3.2e-38  119.2   5.3     4    99     8    99     5    99 0.94 -
5832at766_246273_0:000089|OZ308468.1:416360-416663  -            101 5832                 -             99   2.9e-38  119.4   5.3   1   1   3.2e-38   3.2e-38  119.2   5.3     4    99     8    99     5    99 0.94 -
5832at766_96496_0:0002be|OZ308468.1:416360-416663   -            101 5832                 -             99   2.9e-38  119.4   5.3   1   1   3.2e-38   3.2e-38  119.2   5.3     4    99     8    99     5    99 0.94 -
5832at766_955_0:00002b|OZ308468.1:416360-416630     -             90 5832                 -             99   6.4e-38  118.3   4.9   1   1     7e-38     7e-38  118.1   4.9     9    99     2    88     1    88 0.96 -
5832at766_779_0:00003b|OZ308468.1:416390-416657     -             90 5832                 -             99   1.2e-36  114.2   2.0   1   1   1.3e-36   1.3e-36  114.1   2.0     4    87     6    88     3    90 0.94 -
5832at766_1359163_0:000132|OZ308468.1:416402-416657 -             86 5832                 -             99     5e-36  112.2   1.4   1   1   5.5e-36   5.5e-36  112.1   1.4     4    85     6    86     3    86 0.95 -
#
# Program:         hmmsearch
# Version:         3.4 (Aug 2023)
# Pipeline mode:   SEARCH
# Query file:      /Users/rossoaa/Desktop/dummy/genomes/records/compleasm/mb_downloads/rickettsiales_odb12/hmms/5832at766.hmm
# Target file:     -
# Option settings: /Users/rossoaa/miniconda3/envs/compleasm_env/bin/hmmsearch --domtblout /Users/rossoaa/Desktop/dummy/genomes/records/compleasm/rickettsiales_odb12/hmmer_output/5832at766.out --cpu 1 /Users/rossoaa/Desktop/dummy/genomes/records/compleasm/mb_downloads/rickettsiales_odb12/hmms/5832at766.hmm - 
# Current dir:     /Users/rossoaa/Desktop/dummy/genomes/records/compleasm
# Date:            Tue Feb 10 10:20:23 2026
# [ok]
