#                                                                                                           --- full sequence --- -------------- this domain -------------   hmm coord   ali coord   env coord
# target name                                       accession   tlen query name           accession   qlen   E-value  score  bias   #  of  c-Evalue  i-Evalue  score  bias  from    to  from    to  from    to  acc description of target
#                               ------------------- ---------- ----- -------------------- ---------- ----- --------- ------ ----- --- --- --------- --------- ------ ----- ----- ----- ----- ----- ----- ----- ---- ---------------------
5860at766_1392507_0:0002e4|OZ308468.1:574530-574707 -             60 5860                 -             63   5.8e-34  106.1   2.4   1   1   6.2e-34   6.2e-34  106.0   2.4     2    59     2    59     1    60 0.97 -
5860at766_1605993_0:000152|OZ308468.1:574527-574707 -             60 5860                 -             63   5.8e-34  106.1   2.4   1   1   6.2e-34   6.2e-34  106.0   2.4     2    59     2    59     1    60 0.97 -
5860at766_246273_0:000104|OZ308468.1:574527-574707  -             60 5860                 -             63   5.8e-34  106.1   2.4   1   1   6.2e-34   6.2e-34  106.0   2.4     2    59     2    59     1    60 0.97 -
5860at766_96496_0:0002cc|OZ308468.1:574527-574707   -             60 5860                 -             63   5.8e-34  106.1   2.4   1   1   6.2e-34   6.2e-34  106.0   2.4     2    59     2    59     1    60 0.97 -
5860at766_1359163_0:000152|OZ308468.1:574533-574707 -             59 5860                 -             63   1.2e-33  105.1   2.7   1   1   1.3e-33   1.3e-33  105.0   2.7     2    58     2    58     1    59 0.97 -
5860at766_955_0:00027f|OZ308468.1:574533-574707     -             59 5860                 -             63   1.2e-33  105.1   2.7   1   1   1.3e-33   1.3e-33  105.0   2.7     2    58     2    58     1    59 0.97 -
5860at766_1242993_0:000282|OZ308468.1:574548-574707 -             54 5860                 -             63   1.4e-32  101.7   1.9   1   1   1.5e-32   1.5e-32  101.6   1.9     2    54     2    54     1    54 0.98 -
5860at766_1248439_0:000288|OZ308468.1:574548-574707 -             54 5860                 -             63   1.4e-32  101.7   1.9   1   1   1.5e-32   1.5e-32  101.6   1.9     2    54     2    54     1    54 0.98 -
5860at766_1423892_0:00001d|OZ308468.1:574548-574707 -             54 5860                 -             63   1.4e-32  101.7   1.9   1   1   1.5e-32   1.5e-32  101.6   1.9     2    54     2    54     1    54 0.98 -
5860at766_205920_0:0000b6|OZ308468.1:574548-574707  -             54 5860                 -             63   1.4e-32  101.7   1.9   1   1   1.5e-32   1.5e-32  101.6   1.9     2    54     2    54     1    54 0.98 -
5860at766_391036_0:000282|OZ308468.1:574548-574707  -             54 5860                 -             63   1.4e-32  101.7   1.9   1   1   1.5e-32   1.5e-32  101.6   1.9     2    54     2    54     1    54 0.98 -
5860at766_574556_0:0002fc|OZ308468.1:574548-574707  -             54 5860                 -             63   1.4e-32  101.7   1.9   1   1   1.5e-32   1.5e-32  101.6   1.9     2    54     2    54     1    54 0.98 -
5860at766_779_0:00005e|OZ308468.1:574548-574707     -             54 5860                 -             63   1.4e-32  101.7   1.9   1   1   1.5e-32   1.5e-32  101.6   1.9     2    54     2    54     1    54 0.98 -
5860at766_169402_0:000172|OZ308468.1:574560-574707  -             50 5860                 -             63   1.6e-30   95.1   1.7   1   1   1.7e-30   1.7e-30   95.0   1.7     2    50     2    50     1    50 0.98 -
#
# Program:         hmmsearch
# Version:         3.4 (Aug 2023)
# Pipeline mode:   SEARCH
# Query file:      /Users/rossoaa/Desktop/dummy/genomes/records/compleasm/mb_downloads/rickettsiales_odb12/hmms/5860at766.hmm
# Target file:     -
# Option settings: /Users/rossoaa/miniconda3/envs/compleasm_env/bin/hmmsearch --domtblout /Users/rossoaa/Desktop/dummy/genomes/records/compleasm/rickettsiales_odb12/hmmer_output/5860at766.out --cpu 1 /Users/rossoaa/Desktop/dummy/genomes/records/compleasm/mb_downloads/rickettsiales_odb12/hmms/5860at766.hmm - 
# Current dir:     /Users/rossoaa/Desktop/dummy/genomes/records/compleasm
# Date:            Tue Feb 10 10:20:24 2026
# [ok]
