#                                                                                                           --- full sequence --- -------------- this domain -------------   hmm coord   ali coord   env coord
# target name                                       accession   tlen query name           accession   qlen   E-value  score  bias   #  of  c-Evalue  i-Evalue  score  bias  from    to  from    to  from    to  acc description of target
#                               ------------------- ---------- ----- -------------------- ---------- ----- --------- ------ ----- --- --- --------- --------- ------ ----- ----- ----- ----- ----- ----- ----- ---- ---------------------
5864at766_86105_0:00012c|OZ308468.1:587532-587787   -             86 5864                 -             85   1.2e-37  117.9   0.4   1   1   1.3e-37   1.3e-37  117.8   0.4     1    84     1    84     1    85 0.98 -
5864at766_1605993_0:000136|OZ308468.1:587532-587796 -             88 5864                 -             85   1.3e-37  117.8   0.4   1   1   1.4e-37   1.4e-37  117.7   0.4     1    84     1    84     1    85 0.98 -
5864at766_246273_0:0002f8|OZ308468.1:587532-587796  -             88 5864                 -             85   1.3e-37  117.8   0.4   1   1   1.4e-37   1.4e-37  117.7   0.4     1    84     1    84     1    85 0.98 -
5864at766_96496_0:000035|OZ308468.1:587532-587796   -             88 5864                 -             85   1.3e-37  117.8   0.4   1   1   1.4e-37   1.4e-37  117.7   0.4     1    84     1    84     1    85 0.98 -
5864at766_1242993_0:000071|OZ308468.1:587532-587781 -             84 5864                 -             85   1.5e-37  117.6   0.4   1   1   1.7e-37   1.7e-37  117.5   0.4     1    83     1    83     1    84 0.98 -
5864at766_1359163_0:000035|OZ308468.1:587532-587781 -             84 5864                 -             85   1.5e-37  117.6   0.4   1   1   1.7e-37   1.7e-37  117.5   0.4     1    83     1    83     1    84 0.98 -
5864at766_1423892_0:000316|OZ308468.1:587532-587781 -             84 5864                 -             85   1.5e-37  117.6   0.4   1   1   1.7e-37   1.7e-37  117.5   0.4     1    83     1    83     1    84 0.98 -
5864at766_955_0:0001b5|OZ308468.1:587532-587781     -             84 5864                 -             85   1.5e-37  117.6   0.4   1   1   1.7e-37   1.7e-37  117.5   0.4     1    83     1    83     1    84 0.98 -
5864at766_205920_0:0002e5|OZ308468.1:587517-587781  -             89 5864                 -             85   1.9e-37  117.3   0.4   1   1   2.1e-37   2.1e-37  117.1   0.4     1    83     6    88     6    89 0.98 -
5864at766_1392507_0:0002d0|OZ308468.1:587532-587778 -             83 5864                 -             85   2.7e-37  116.8   0.4   1   1   2.9e-37   2.9e-37  116.7   0.4     1    83     1    83     1    83 0.98 -
5864at766_169402_0:000438|OZ308468.1:587532-587778  -             83 5864                 -             85   2.7e-37  116.8   0.4   1   1   2.9e-37   2.9e-37  116.7   0.4     1    83     1    83     1    83 0.98 -
5864at766_1248439_0:00006f|OZ308468.1:587532-587775 -             82 5864                 -             85   6.5e-37  115.6   0.4   1   1     7e-37     7e-37  115.4   0.4     1    82     1    82     1    82 0.98 -
5864at766_142058_0:00032c|OZ308468.1:587532-587775  -             82 5864                 -             85   6.5e-37  115.6   0.4   1   1     7e-37     7e-37  115.4   0.4     1    82     1    82     1    82 0.98 -
5864at766_574556_0:00016f|OZ308468.1:587526-587775  -             84 5864                 -             85     7e-37  115.4   0.4   1   1   7.7e-37   7.7e-37  115.3   0.4     1    82     3    84     3    84 0.98 -
5864at766_779_0:0000c2|OZ308468.1:587535-587781     -             83 5864                 -             85   7.4e-37  115.4   0.4   1   1   7.9e-37   7.9e-37  115.3   0.4     3    83     2    82     1    83 0.97 -
5864at766_1528098_0:0003fa|OZ308468.1:587550-587778 -             77 5864                 -             85   8.4e-36  112.0   0.4   1   1   9.1e-36   9.1e-36  111.9   0.4     7    83     1    77     1    77 0.98 -
5864at766_1286528_0:00017d|OZ308468.1:587535-587742 -             70 5864                 -             85   1.5e-33  104.8   0.9   1   1   1.5e-33   1.5e-33  104.7   0.9     3    70     2    69     1    70 0.96 -
#
# Program:         hmmsearch
# Version:         3.4 (Aug 2023)
# Pipeline mode:   SEARCH
# Query file:      /Users/rossoaa/Desktop/dummy/genomes/records/compleasm/mb_downloads/rickettsiales_odb12/hmms/5864at766.hmm
# Target file:     -
# Option settings: /Users/rossoaa/miniconda3/envs/compleasm_env/bin/hmmsearch --domtblout /Users/rossoaa/Desktop/dummy/genomes/records/compleasm/rickettsiales_odb12/hmmer_output/5864at766.out --cpu 1 /Users/rossoaa/Desktop/dummy/genomes/records/compleasm/mb_downloads/rickettsiales_odb12/hmms/5864at766.hmm - 
# Current dir:     /Users/rossoaa/Desktop/dummy/genomes/records/compleasm
# Date:            Tue Feb 10 10:20:21 2026
# [ok]
