#                                                                                                          --- full sequence --- -------------- this domain -------------   hmm coord   ali coord   env coord
# target name                                      accession   tlen query name           accession   qlen   E-value  score  bias   #  of  c-Evalue  i-Evalue  score  bias  from    to  from    to  from    to  acc description of target
#                              ------------------- ---------- ----- -------------------- ---------- ----- --------- ------ ----- --- --- --------- --------- ------ ----- ----- ----- ----- ----- ----- ----- ---- ---------------------
588at766_1248439_0:000211|OZ308468.1:749232-751845 -            872 588                  -            853         0 1430.8   4.2   1   1         0         0 1430.6   4.2     2   851     3   870     2   872 0.97 -
588at766_142058_0:0001fe|OZ308468.1:749232-751845  -            872 588                  -            853         0 1430.8   4.2   1   1         0         0 1430.6   4.2     2   851     3   870     2   872 0.97 -
588at766_169402_0:000256|OZ308468.1:749232-751848  -            873 588                  -            853         0 1430.8   4.2   1   1         0         0 1430.6   4.2     2   851     3   870     2   872 0.97 -
588at766_222891_0:00023a|OZ308468.1:749232-751848  -            873 588                  -            853         0 1430.8   4.2   1   1         0         0 1430.6   4.2     2   851     3   870     2   872 0.97 -
588at766_955_0:0000c1|OZ308468.1:749232-751845     -            872 588                  -            853         0 1430.8   4.2   1   1         0         0 1430.6   4.2     2   851     3   870     2   872 0.97 -
588at766_1359163_0:0001e5|OZ308468.1:749232-751851 -            874 588                  -            853         0 1430.8   4.2   1   1         0         0 1430.6   4.2     2   851     3   870     2   872 0.97 -
588at766_1359168_0:000101|OZ308468.1:749235-751845 -            871 588                  -            853         0 1430.8   4.2   1   1         0         0 1430.6   4.2     2   851     2   869     1   871 0.97 -
588at766_1528098_0:0003f9|OZ308468.1:749235-751845 -            871 588                  -            853         0 1430.8   4.2   1   1         0         0 1430.6   4.2     2   851     2   869     1   871 0.97 -
588at766_1605993_0:000247|OZ308468.1:749205-751857 -            884 588                  -            853         0 1430.7   4.2   1   1         0         0 1430.5   4.2     2   851    12   879    11   881 0.97 -
588at766_1242993_0:0001be|OZ308468.1:749232-751842 -            871 588                  -            853         0 1430.5   4.3   1   1         0         0 1430.3   4.3     2   851     3   870     2   871 0.97 -
588at766_1286528_0:00019f|OZ308468.1:749232-751842 -            871 588                  -            853         0 1430.5   4.3   1   1         0         0 1430.3   4.3     2   851     3   870     2   871 0.97 -
588at766_1392507_0:0001fe|OZ308468.1:749232-751842 -            871 588                  -            853         0 1430.5   4.3   1   1         0         0 1430.3   4.3     2   851     3   870     2   871 0.97 -
588at766_1714371_0:000168|OZ308468.1:749232-751842 -            871 588                  -            853         0 1430.5   4.3   1   1         0         0 1430.3   4.3     2   851     3   870     2   871 0.97 -
588at766_205920_0:000091|OZ308468.1:749232-751842  -            871 588                  -            853         0 1430.5   4.3   1   1         0         0 1430.3   4.3     2   851     3   870     2   871 0.97 -
588at766_246273_0:000186|OZ308468.1:749232-751842  -            871 588                  -            853         0 1430.5   4.3   1   1         0         0 1430.3   4.3     2   851     3   870     2   871 0.97 -
588at766_752179_0:0000f8|OZ308468.1:749232-751842  -            871 588                  -            853         0 1430.5   4.3   1   1         0         0 1430.3   4.3     2   851     3   870     2   871 0.97 -
588at766_779_0:00012e|OZ308468.1:749232-751842     -            871 588                  -            853         0 1430.5   4.3   1   1         0         0 1430.3   4.3     2   851     3   870     2   871 0.97 -
588at766_1105107_0:0002f8|OZ308468.1:749235-751842 -            870 588                  -            853         0 1430.4   4.3   1   1         0         0 1430.3   4.3     2   851     2   869     1   870 0.97 -
588at766_1961830_0:0004ef|OZ308468.1:749235-751842 -            870 588                  -            853         0 1430.4   4.3   1   1         0         0 1430.3   4.3     2   851     2   869     1   870 0.97 -
588at766_2486578_0:000574|OZ308468.1:749235-751842 -            870 588                  -            853         0 1430.4   4.3   1   1         0         0 1430.3   4.3     2   851     2   869     1   870 0.97 -
588at766_272947_0:0000a9|OZ308468.1:749235-751842  -            870 588                  -            853         0 1430.4   4.3   1   1         0         0 1430.3   4.3     2   851     2   869     1   870 0.97 -
588at766_336407_0:0001f7|OZ308468.1:749235-751842  -            870 588                  -            853         0 1430.4   4.3   1   1         0         0 1430.3   4.3     2   851     2   869     1   870 0.97 -
588at766_481009_0:000320|OZ308468.1:749235-751842  -            870 588                  -            853         0 1430.4   4.3   1   1         0         0 1430.3   4.3     2   851     2   869     1   870 0.97 -
588at766_96496_0:0001e3|OZ308468.1:749232-751839   -            870 588                  -            853         0 1429.8   4.3   1   1         0         0 1429.6   4.3     2   851     3   870     2   870 0.97 -
588at766_2486577_0:0001c2|OZ308468.1:749241-751857 -            872 588                  -            853         0 1429.1   3.9   1   1         0         0 1428.9   3.9     3   851     1   867     1   869 0.97 -
588at766_391036_0:000284|OZ308468.1:749232-751833  -            868 588                  -            853         0 1428.3   4.0   1   1         0         0 1428.1   4.0     2   848     3   867     2   868 0.97 -
588at766_434131_0:0001c4|OZ308468.1:749232-751833  -            868 588                  -            853         0 1428.3   4.0   1   1         0         0 1428.1   4.0     2   848     3   867     2   868 0.97 -
588at766_2115978_0:00008b|OZ308468.1:749247-751842 -            866 588                  -            853         0 1425.8   4.0   1   1         0         0 1425.7   4.0     5   851     1   865     1   866 0.97 -
588at766_334380_0:000046|OZ308468.1:749289-751842  -            852 588                  -            853         0 1414.0   4.0   1   1         0         0 1413.9   4.0    18   851     1   851     1   852 0.98 -
588at766_1274402_0:0000e6|OZ308468.1:749277-751830 -            852 588                  -            853         0 1413.7   3.8   1   1         0         0 1413.5   3.8    15   848     2   852     1   852 0.98 -
588at766_1802984_0:000175|OZ308468.1:749292-751833 -            848 588                  -            853         0 1410.8   3.5   1   1         0         0 1410.7   3.5    20   848     2   847     1   848 0.98 -
588at766_696127_0:000403|OZ308468.1:749292-751719  -            810 588                  -            853         0 1336.4   4.2   1   1         0         0 1336.2   4.2    20   811     2   810     1   810 0.98 -
588at766_2602574_0:000178|OZ308468.1:749676-751848 -            725 588                  -            853         0 1198.8   5.1   1   1         0         0 1198.6   5.1   143   851     1   722     1   724 0.98 -
#
# Program:         hmmsearch
# Version:         3.4 (Aug 2023)
# Pipeline mode:   SEARCH
# Query file:      /Users/rossoaa/Desktop/dummy/genomes/records/compleasm/mb_downloads/rickettsiales_odb12/hmms/588at766.hmm
# Target file:     -
# Option settings: /Users/rossoaa/miniconda3/envs/compleasm_env/bin/hmmsearch --domtblout /Users/rossoaa/Desktop/dummy/genomes/records/compleasm/rickettsiales_odb12/hmmer_output/588at766.out --cpu 1 /Users/rossoaa/Desktop/dummy/genomes/records/compleasm/mb_downloads/rickettsiales_odb12/hmms/588at766.hmm - 
# Current dir:     /Users/rossoaa/Desktop/dummy/genomes/records/compleasm
# Date:            Tue Feb 10 10:20:24 2026
# [ok]
