#                                                                                                         --- full sequence --- -------------- this domain -------------   hmm coord   ali coord   env coord
# target name                                     accession   tlen query name           accession   qlen   E-value  score  bias   #  of  c-Evalue  i-Evalue  score  bias  from    to  from    to  from    to  acc description of target
#                             ------------------- ---------- ----- -------------------- ---------- ----- --------- ------ ----- --- --- --------- --------- ------ ----- ----- ----- ----- ----- ----- ----- ---- ---------------------
59at766_1714371_0:0000e0|OZ308468.1:451834-453046 -            404 59                   -            382  1.3e-195  640.5   0.1   1   1  1.5e-195  1.5e-195  640.4   0.1     2   382     3   404     2   404 0.93 -
59at766_222891_0:0002dd|OZ308468.1:451834-453046  -            404 59                   -            382  1.3e-195  640.5   0.1   1   1  1.5e-195  1.5e-195  640.4   0.1     2   382     3   404     2   404 0.93 -
59at766_434131_0:0000c0|OZ308468.1:451834-453046  -            404 59                   -            382  1.3e-195  640.5   0.1   1   1  1.5e-195  1.5e-195  640.4   0.1     2   382     3   404     2   404 0.93 -
59at766_2115978_0:000012|OZ308468.1:451837-453052 -            406 59                   -            382  1.3e-195  640.5   0.1   1   1  1.5e-195  1.5e-195  640.3   0.1     2   382     5   406     4   406 0.93 -
59at766_2602574_0:00034a|OZ308468.1:451837-453067 -            411 59                   -            382  1.4e-195  640.5   0.1   1   1  1.6e-195  1.6e-195  640.3   0.1     2   382    10   411     9   411 0.93 -
59at766_1961830_0:00030f|OZ308468.1:451837-453070 -            412 59                   -            382  1.4e-195  640.4   0.1   1   1  1.6e-195  1.6e-195  640.3   0.1     2   382    11   412    10   412 0.93 -
59at766_2486578_0:00000d|OZ308468.1:451837-453070 -            412 59                   -            382  1.4e-195  640.4   0.1   1   1  1.6e-195  1.6e-195  640.3   0.1     2   382    11   412    10   412 0.93 -
59at766_1242993_0:0001d5|OZ308468.1:451837-453073 -            413 59                   -            382  1.4e-195  640.4   0.1   1   1  1.6e-195  1.6e-195  640.2   0.1     2   382    12   413    11   413 0.93 -
59at766_1248439_0:0002e2|OZ308468.1:451834-453073 -            413 59                   -            382  1.4e-195  640.4   0.1   1   1  1.6e-195  1.6e-195  640.2   0.1     2   382    12   413    11   413 0.93 -
59at766_1359163_0:0002b3|OZ308468.1:451834-453073 -            413 59                   -            382  1.4e-195  640.4   0.1   1   1  1.6e-195  1.6e-195  640.2   0.1     2   382    12   413    11   413 0.93 -
59at766_1392507_0:0002c1|OZ308468.1:451834-453073 -            413 59                   -            382  1.4e-195  640.4   0.1   1   1  1.6e-195  1.6e-195  640.2   0.1     2   382    12   413    11   413 0.93 -
59at766_142058_0:00027c|OZ308468.1:451834-453073  -            413 59                   -            382  1.4e-195  640.4   0.1   1   1  1.6e-195  1.6e-195  640.2   0.1     2   382    12   413    11   413 0.93 -
59at766_1423892_0:0001a3|OZ308468.1:451837-453073 -            413 59                   -            382  1.4e-195  640.4   0.1   1   1  1.6e-195  1.6e-195  640.2   0.1     2   382    12   413    11   413 0.93 -
59at766_1605993_0:000399|OZ308468.1:451834-453073 -            413 59                   -            382  1.4e-195  640.4   0.1   1   1  1.6e-195  1.6e-195  640.2   0.1     2   382    12   413    11   413 0.93 -
59at766_169402_0:000385|OZ308468.1:451834-453073  -            413 59                   -            382  1.4e-195  640.4   0.1   1   1  1.6e-195  1.6e-195  640.2   0.1     2   382    12   413    11   413 0.93 -
59at766_205920_0:0001ff|OZ308468.1:451837-453073  -            413 59                   -            382  1.4e-195  640.4   0.1   1   1  1.6e-195  1.6e-195  640.2   0.1     2   382    12   413    11   413 0.93 -
59at766_246273_0:000253|OZ308468.1:451834-453073  -            413 59                   -            382  1.4e-195  640.4   0.1   1   1  1.6e-195  1.6e-195  640.2   0.1     2   382    12   413    11   413 0.93 -
59at766_391036_0:000060|OZ308468.1:451837-453073  -            413 59                   -            382  1.4e-195  640.4   0.1   1   1  1.6e-195  1.6e-195  640.2   0.1     2   382    12   413    11   413 0.93 -
59at766_574556_0:00023c|OZ308468.1:451834-453073  -            413 59                   -            382  1.4e-195  640.4   0.1   1   1  1.6e-195  1.6e-195  640.2   0.1     2   382    12   413    11   413 0.93 -
59at766_779_0:0001e4|OZ308468.1:451837-453073     -            413 59                   -            382  1.4e-195  640.4   0.1   1   1  1.6e-195  1.6e-195  640.2   0.1     2   382    12   413    11   413 0.93 -
59at766_955_0:0000a9|OZ308468.1:451834-453073     -            413 59                   -            382  1.4e-195  640.4   0.1   1   1  1.6e-195  1.6e-195  640.2   0.1     2   382    12   413    11   413 0.93 -
59at766_96496_0:000167|OZ308468.1:451834-453073   -            413 59                   -            382  1.4e-195  640.4   0.1   1   1  1.6e-195  1.6e-195  640.2   0.1     2   382    12   413    11   413 0.93 -
59at766_1528098_0:000388|OZ308468.1:451837-453079 -            415 59                   -            382  1.5e-195  640.4   0.1   1   1  1.7e-195  1.7e-195  640.2   0.1     2   382    14   415    13   415 0.93 -
59at766_86105_0:00017c|OZ308468.1:451834-453082   -            416 59                   -            382  1.5e-195  640.4   0.1   1   1  1.7e-195  1.7e-195  640.2   0.1     2   382    15   416    14   416 0.93 -
59at766_1105107_0:000200|OZ308468.1:451837-453040 -            402 59                   -            382  2.1e-195  639.9   0.1   1   1  2.4e-195  2.4e-195  639.7   0.1     3   382     2   402     1   402 0.93 -
59at766_272947_0:00033d|OZ308468.1:451837-453040  -            402 59                   -            382  2.1e-195  639.9   0.1   1   1  2.4e-195  2.4e-195  639.7   0.1     3   382     2   402     1   402 0.93 -
59at766_481009_0:0000da|OZ308468.1:451837-453040  -            402 59                   -            382  2.1e-195  639.9   0.1   1   1  2.4e-195  2.4e-195  639.7   0.1     3   382     2   402     1   402 0.93 -
59at766_696127_0:000465|OZ308468.1:451834-453034  -            400 59                   -            382  5.1e-195  638.6   0.1   1   1  5.8e-195  5.8e-195  638.4   0.1     4   382     1   400     1   400 0.93 -
59at766_336407_0:00046c|OZ308468.1:451834-453025  -            397 59                   -            382  6.8e-194  634.9   0.1   1   1  7.6e-194  7.6e-194  634.7   0.1     7   382     1   397     1   397 0.93 -
59at766_752179_0:00040f|OZ308468.1:451837-453025  -            397 59                   -            382  6.8e-194  634.9   0.1   1   1  7.6e-194  7.6e-194  634.7   0.1     7   382     1   397     1   397 0.93 -
59at766_1286528_0:000002|OZ308468.1:451834-454862 -            403 59                   -            382  4.1e-191  625.7   0.3   1   1  5.1e-191  5.1e-191  625.5   0.3    10   382    13   403     5   403 0.93 -
59at766_334380_0:0001e3|OZ308468.1:452707-453004  -            100 59                   -            382   1.2e-41  133.7   0.0   1   1   1.3e-41   1.3e-41  133.7   0.0    15   110     2   100     1   100 0.93 -
#
# Program:         hmmsearch
# Version:         3.4 (Aug 2023)
# Pipeline mode:   SEARCH
# Query file:      /Users/rossoaa/Desktop/dummy/genomes/records/compleasm/mb_downloads/rickettsiales_odb12/hmms/59at766.hmm
# Target file:     -
# Option settings: /Users/rossoaa/miniconda3/envs/compleasm_env/bin/hmmsearch --domtblout /Users/rossoaa/Desktop/dummy/genomes/records/compleasm/rickettsiales_odb12/hmmer_output/59at766.out --cpu 1 /Users/rossoaa/Desktop/dummy/genomes/records/compleasm/mb_downloads/rickettsiales_odb12/hmms/59at766.hmm - 
# Current dir:     /Users/rossoaa/Desktop/dummy/genomes/records/compleasm
# Date:            Tue Feb 10 10:20:24 2026
# [ok]
