#                                                                                                            --- full sequence --- -------------- this domain -------------   hmm coord   ali coord   env coord
# target name                                        accession   tlen query name           accession   qlen   E-value  score  bias   #  of  c-Evalue  i-Evalue  score  bias  from    to  from    to  from    to  acc description of target
#                                ------------------- ---------- ----- -------------------- ---------- ----- --------- ------ ----- --- --- --------- --------- ------ ----- ----- ----- ----- ----- ----- ----- ---- ---------------------
600at766_1961830_0:000131|OZ308468.1:1178353-1180306 -            652 600                  -            664  2.8e-307 1011.7   1.8   1   1  3.4e-307  3.4e-307 1011.4   1.8     4   660     4   651     2   652 0.99 -
600at766_1392507_0:0002e5|OZ308468.1:1178353-1180303 -            651 600                  -            664    3e-307 1011.5   1.8   1   1  3.4e-307  3.4e-307 1011.4   1.8     4   660     3   650     1   651 0.99 -
600at766_1605993_0:000249|OZ308468.1:1178350-1180303 -            651 600                  -            664    3e-307 1011.5   1.8   1   1  3.4e-307  3.4e-307 1011.4   1.8     4   660     3   650     1   651 0.99 -
600at766_169402_0:0002e2|OZ308468.1:1178353-1180303  -            651 600                  -            664    3e-307 1011.5   1.8   1   1  3.4e-307  3.4e-307 1011.4   1.8     4   660     3   650     1   651 0.99 -
600at766_246273_0:0000f3|OZ308468.1:1178353-1180303  -            651 600                  -            664    3e-307 1011.5   1.8   1   1  3.4e-307  3.4e-307 1011.4   1.8     4   660     3   650     1   651 0.99 -
600at766_2602574_0:00018a|OZ308468.1:1178353-1180303 -            651 600                  -            664    3e-307 1011.5   1.8   1   1  3.4e-307  3.4e-307 1011.4   1.8     4   660     3   650     1   651 0.99 -
600at766_955_0:0000de|OZ308468.1:1178353-1180303     -            651 600                  -            664    3e-307 1011.5   1.8   1   1  3.4e-307  3.4e-307 1011.4   1.8     4   660     3   650     1   651 0.99 -
600at766_96496_0:00001f|OZ308468.1:1178353-1180303   -            651 600                  -            664    3e-307 1011.5   1.8   1   1  3.4e-307  3.4e-307 1011.4   1.8     4   660     3   650     1   651 0.99 -
600at766_1286528_0:00021e|OZ308468.1:1178353-1180300 -            650 600                  -            664  3.6e-307 1011.3   1.8   1   1    4e-307    4e-307 1011.1   1.8     5   660     3   649     1   650 0.99 -
600at766_1714371_0:00008b|OZ308468.1:1178353-1180300 -            650 600                  -            664  3.6e-307 1011.3   1.8   1   1    4e-307    4e-307 1011.1   1.8     5   660     3   649     1   650 0.99 -
600at766_2115978_0:000385|OZ308468.1:1178353-1180300 -            650 600                  -            664  3.6e-307 1011.3   1.8   1   1    4e-307    4e-307 1011.1   1.8     5   660     3   649     1   650 0.99 -
600at766_2486577_0:000357|OZ308468.1:1178350-1180300 -            650 600                  -            664  3.6e-307 1011.3   1.8   1   1    4e-307    4e-307 1011.1   1.8     5   660     3   649     1   650 0.99 -
600at766_2486578_0:0000b1|OZ308468.1:1178353-1180300 -            650 600                  -            664  3.6e-307 1011.3   1.8   1   1    4e-307    4e-307 1011.1   1.8     5   660     3   649     1   650 0.99 -
600at766_1248439_0:0001dd|OZ308468.1:1178353-1180297 -            649 600                  -            664  4.7e-307 1010.9   1.7   1   1  5.2e-307  5.2e-307 1010.8   1.7     6   660     3   648     1   649 0.99 -
600at766_142058_0:000022|OZ308468.1:1178353-1180297  -            649 600                  -            664  4.7e-307 1010.9   1.7   1   1  5.2e-307  5.2e-307 1010.8   1.7     6   660     3   648     1   649 0.99 -
600at766_334380_0:0002a7|OZ308468.1:1178353-1180291  -            647 600                  -            664  9.3e-307 1009.9   1.9   1   1    1e-306    1e-306 1009.8   1.9     8   660     3   646     1   647 0.99 -
600at766_696127_0:0003d3|OZ308468.1:1178362-1180306  -            649 600                  -            664  1.9e-306 1008.9   2.0   1   1  2.3e-306  2.3e-306 1008.6   2.0     4   657     4   648     2   649 0.99 -
600at766_86105_0:0007d7|OZ308468.1:1178362-1180306   -            649 600                  -            664  1.9e-306 1008.9   2.0   1   1  2.3e-306  2.3e-306 1008.6   2.0     4   657     4   648     2   649 0.99 -
600at766_1359163_0:0001f5|OZ308468.1:1178362-1180303 -            648 600                  -            664  2.1e-306 1008.8   2.0   1   1  2.3e-306  2.3e-306 1008.6   2.0     4   657     3   647     1   648 0.99 -
600at766_205920_0:0000e9|OZ308468.1:1178362-1180303  -            648 600                  -            664  2.1e-306 1008.8   2.0   1   1  2.3e-306  2.3e-306 1008.6   2.0     4   657     3   647     1   648 0.99 -
600at766_336407_0:0004d9|OZ308468.1:1178362-1180303  -            648 600                  -            664  2.1e-306 1008.8   2.0   1   1  2.3e-306  2.3e-306 1008.6   2.0     4   657     3   647     1   648 0.99 -
600at766_752179_0:000098|OZ308468.1:1178362-1180303  -            648 600                  -            664  2.1e-306 1008.8   2.0   1   1  2.3e-306  2.3e-306 1008.6   2.0     4   657     3   647     1   648 0.99 -
600at766_779_0:00020f|OZ308468.1:1178362-1180303     -            648 600                  -            664  2.1e-306 1008.8   2.0   1   1  2.3e-306  2.3e-306 1008.6   2.0     4   657     3   647     1   648 0.99 -
600at766_1359168_0:000279|OZ308468.1:1178353-1180279 -            643 600                  -            664  2.3e-306 1008.6   1.6   1   1  2.6e-306  2.6e-306 1008.5   1.6    10   660     1   642     1   643 0.99 -
600at766_1528098_0:000511|OZ308468.1:1178353-1180279 -            643 600                  -            664  2.3e-306 1008.6   1.6   1   1  2.6e-306  2.6e-306 1008.5   1.6    10   660     1   642     1   643 0.99 -
600at766_1105107_0:00028b|OZ308468.1:1178362-1180297 -            646 600                  -            664  3.2e-306 1008.2   2.0   1   1  3.6e-306  3.6e-306 1008.0   2.0     6   657     3   645     1   646 0.99 -
600at766_272947_0:000215|OZ308468.1:1178362-1180297  -            646 600                  -            664  3.2e-306 1008.2   2.0   1   1  3.6e-306  3.6e-306 1008.0   2.0     6   657     3   645     1   646 0.99 -
600at766_481009_0:0000e8|OZ308468.1:1178362-1180297  -            646 600                  -            664  3.2e-306 1008.2   2.0   1   1  3.6e-306  3.6e-306 1008.0   2.0     6   657     3   645     1   646 0.99 -
600at766_1242993_0:000190|OZ308468.1:1178362-1180279 -            640 600                  -            664  1.6e-305 1005.9   1.8   1   1  1.8e-305  1.8e-305 1005.7   1.8    10   657     1   639     1   640 0.99 -
600at766_1423892_0:000183|OZ308468.1:1178362-1180279 -            640 600                  -            664  1.6e-305 1005.9   1.8   1   1  1.8e-305  1.8e-305 1005.7   1.8    10   657     1   639     1   640 0.99 -
600at766_391036_0:0001a4|OZ308468.1:1178362-1180279  -            640 600                  -            664  1.6e-305 1005.9   1.8   1   1  1.8e-305  1.8e-305 1005.7   1.8    10   657     1   639     1   640 0.99 -
600at766_222891_0:000156|OZ308468.1:1178368-1180300  -            645 600                  -            664    7e-305 1003.7   2.3   1   1  7.8e-305  7.8e-305 1003.6   2.3     5   656     3   645     1   645 0.99 -
600at766_434131_0:00014c|OZ308468.1:1178368-1180300  -            645 600                  -            664    7e-305 1003.7   2.3   1   1  7.8e-305  7.8e-305 1003.6   2.3     5   656     3   645     1   645 0.99 -
600at766_1274402_0:000000|OZ308468.1:1178371-1180273 -            635 600                  -            664  4.1e-303  997.9   1.7   1   1  4.6e-303  4.6e-303  997.7   1.7    12   655     1   635     1   635 0.99 -
600at766_1802984_0:000233|OZ308468.1:1178584-1180273 -            564 600                  -            664    3e-271  892.6   1.4   1   1  3.4e-271  3.4e-271  892.4   1.4    12   583     1   563     1   564 0.99 -
#
# Program:         hmmsearch
# Version:         3.4 (Aug 2023)
# Pipeline mode:   SEARCH
# Query file:      /Users/rossoaa/Desktop/dummy/genomes/records/compleasm/mb_downloads/rickettsiales_odb12/hmms/600at766.hmm
# Target file:     -
# Option settings: /Users/rossoaa/miniconda3/envs/compleasm_env/bin/hmmsearch --domtblout /Users/rossoaa/Desktop/dummy/genomes/records/compleasm/rickettsiales_odb12/hmmer_output/600at766.out --cpu 1 /Users/rossoaa/Desktop/dummy/genomes/records/compleasm/mb_downloads/rickettsiales_odb12/hmms/600at766.hmm - 
# Current dir:     /Users/rossoaa/Desktop/dummy/genomes/records/compleasm
# Date:            Tue Feb 10 10:20:21 2026
# [ok]
