#                                                                                                          --- full sequence --- -------------- this domain -------------   hmm coord   ali coord   env coord
# target name                                      accession   tlen query name           accession   qlen   E-value  score  bias   #  of  c-Evalue  i-Evalue  score  bias  from    to  from    to  from    to  acc description of target
#                              ------------------- ---------- ----- -------------------- ---------- ----- --------- ------ ----- --- --- --------- --------- ------ ----- ----- ----- ----- ----- ----- ----- ---- ---------------------
602at766_1105107_0:00017c|OZ308468.1:534172-535555 -            461 602                  -            458  2.5e-233  765.9   8.9   1   1  2.8e-233  2.8e-233  765.7   8.9     1   457     1   460     1   461 0.99 -
602at766_1242993_0:0000b7|OZ308468.1:534172-535555 -            461 602                  -            458  2.5e-233  765.9   8.9   1   1  2.8e-233  2.8e-233  765.7   8.9     1   457     1   460     1   461 0.99 -
602at766_1248439_0:000383|OZ308468.1:534172-535555 -            461 602                  -            458  2.5e-233  765.9   8.9   1   1  2.8e-233  2.8e-233  765.7   8.9     1   457     1   460     1   461 0.99 -
602at766_1359163_0:00018e|OZ308468.1:534172-535555 -            461 602                  -            458  2.5e-233  765.9   8.9   1   1  2.8e-233  2.8e-233  765.7   8.9     1   457     1   460     1   461 0.99 -
602at766_1392507_0:00022c|OZ308468.1:534172-535555 -            461 602                  -            458  2.5e-233  765.9   8.9   1   1  2.8e-233  2.8e-233  765.7   8.9     1   457     1   460     1   461 0.99 -
602at766_142058_0:00005c|OZ308468.1:534172-535555  -            461 602                  -            458  2.5e-233  765.9   8.9   1   1  2.8e-233  2.8e-233  765.7   8.9     1   457     1   460     1   461 0.99 -
602at766_1423892_0:000193|OZ308468.1:534172-535555 -            461 602                  -            458  2.5e-233  765.9   8.9   1   1  2.8e-233  2.8e-233  765.7   8.9     1   457     1   460     1   461 0.99 -
602at766_1605993_0:00033b|OZ308468.1:534172-535555 -            461 602                  -            458  2.5e-233  765.9   8.9   1   1  2.8e-233  2.8e-233  765.7   8.9     1   457     1   460     1   461 0.99 -
602at766_169402_0:000080|OZ308468.1:534172-535555  -            461 602                  -            458  2.5e-233  765.9   8.9   1   1  2.8e-233  2.8e-233  765.7   8.9     1   457     1   460     1   461 0.99 -
602at766_1802984_0:00024a|OZ308468.1:534172-535555 -            461 602                  -            458  2.5e-233  765.9   8.9   1   1  2.8e-233  2.8e-233  765.7   8.9     1   457     1   460     1   461 0.99 -
602at766_1961830_0:00000d|OZ308468.1:534172-535555 -            461 602                  -            458  2.5e-233  765.9   8.9   1   1  2.8e-233  2.8e-233  765.7   8.9     1   457     1   460     1   461 0.99 -
602at766_205920_0:000250|OZ308468.1:534172-535555  -            461 602                  -            458  2.5e-233  765.9   8.9   1   1  2.8e-233  2.8e-233  765.7   8.9     1   457     1   460     1   461 0.99 -
602at766_2115978_0:00007b|OZ308468.1:534172-535555 -            461 602                  -            458  2.5e-233  765.9   8.9   1   1  2.8e-233  2.8e-233  765.7   8.9     1   457     1   460     1   461 0.99 -
602at766_246273_0:000256|OZ308468.1:534172-535555  -            461 602                  -            458  2.5e-233  765.9   8.9   1   1  2.8e-233  2.8e-233  765.7   8.9     1   457     1   460     1   461 0.99 -
602at766_272947_0:000014|OZ308468.1:534172-535555  -            461 602                  -            458  2.5e-233  765.9   8.9   1   1  2.8e-233  2.8e-233  765.7   8.9     1   457     1   460     1   461 0.99 -
602at766_336407_0:0001c8|OZ308468.1:534172-535555  -            461 602                  -            458  2.5e-233  765.9   8.9   1   1  2.8e-233  2.8e-233  765.7   8.9     1   457     1   460     1   461 0.99 -
602at766_481009_0:0001da|OZ308468.1:534172-535555  -            461 602                  -            458  2.5e-233  765.9   8.9   1   1  2.8e-233  2.8e-233  765.7   8.9     1   457     1   460     1   461 0.99 -
602at766_574556_0:000111|OZ308468.1:534172-535555  -            461 602                  -            458  2.5e-233  765.9   8.9   1   1  2.8e-233  2.8e-233  765.7   8.9     1   457     1   460     1   461 0.99 -
602at766_696127_0:0002b6|OZ308468.1:534172-535555  -            461 602                  -            458  2.5e-233  765.9   8.9   1   1  2.8e-233  2.8e-233  765.7   8.9     1   457     1   460     1   461 0.99 -
602at766_779_0:000285|OZ308468.1:534172-535555     -            461 602                  -            458  2.5e-233  765.9   8.9   1   1  2.8e-233  2.8e-233  765.7   8.9     1   457     1   460     1   461 0.99 -
602at766_96496_0:000008|OZ308468.1:534172-535555   -            461 602                  -            458  2.5e-233  765.9   8.9   1   1  2.8e-233  2.8e-233  765.7   8.9     1   457     1   460     1   461 0.99 -
602at766_1528098_0:000333|OZ308468.1:534172-535558 -            462 602                  -            458  2.5e-233  765.9   8.9   1   1  2.8e-233  2.8e-233  765.7   8.9     1   457     2   461     2   462 0.99 -
602at766_2486578_0:0000f2|OZ308468.1:534172-535558 -            462 602                  -            458  2.5e-233  765.9   8.9   1   1  2.8e-233  2.8e-233  765.7   8.9     1   457     2   461     2   462 0.99 -
602at766_2602574_0:00031e|OZ308468.1:534172-535558 -            462 602                  -            458  2.5e-233  765.9   8.9   1   1  2.8e-233  2.8e-233  765.7   8.9     1   457     2   461     2   462 0.99 -
602at766_752179_0:000136|OZ308468.1:534172-535561  -            463 602                  -            458  2.5e-233  765.9   8.9   1   1  2.8e-233  2.8e-233  765.7   8.9     1   457     3   462     3   463 0.99 -
602at766_2486577_0:00020e|OZ308468.1:534172-535573 -            467 602                  -            458  2.6e-233  765.8   8.9   1   1  2.9e-233  2.9e-233  765.7   8.9     1   457     7   466     7   467 0.99 -
602at766_86105_0:000112|OZ308468.1:534172-535552   -            460 602                  -            458  7.9e-233  764.2   8.8   1   1  8.9e-233  8.9e-233  764.1   8.8     3   457     2   459     1   460 0.98 -
602at766_1286528_0:000181|OZ308468.1:534172-535549 -            459 602                  -            458  1.4e-232  763.4   8.7   1   1  1.6e-232  1.6e-232  763.3   8.7     3   457     1   458     1   459 0.99 -
602at766_1714371_0:000035|OZ308468.1:534172-535549 -            459 602                  -            458  1.4e-232  763.4   8.7   1   1  1.6e-232  1.6e-232  763.3   8.7     3   457     1   458     1   459 0.99 -
602at766_222891_0:000234|OZ308468.1:534172-535549  -            459 602                  -            458  1.4e-232  763.4   8.7   1   1  1.6e-232  1.6e-232  763.3   8.7     3   457     1   458     1   459 0.99 -
602at766_434131_0:00012a|OZ308468.1:534172-535549  -            459 602                  -            458  1.4e-232  763.4   8.7   1   1  1.6e-232  1.6e-232  763.3   8.7     3   457     1   458     1   459 0.99 -
602at766_1274402_0:00008d|OZ308468.1:534172-535543 -            457 602                  -            458  1.9e-231  759.7   9.0   1   1  2.1e-231  2.1e-231  759.5   9.0     5   457     1   456     1   457 0.99 -
602at766_955_0:000134|OZ308468.1:534193-535552     -            454 602                  -            458  3.5e-231  758.8   8.9   1   1  3.9e-231  3.9e-231  758.7   8.9     3   451     2   453     1   454 0.99 -
#
# Program:         hmmsearch
# Version:         3.4 (Aug 2023)
# Pipeline mode:   SEARCH
# Query file:      /Users/rossoaa/Desktop/dummy/genomes/records/compleasm/mb_downloads/rickettsiales_odb12/hmms/602at766.hmm
# Target file:     -
# Option settings: /Users/rossoaa/miniconda3/envs/compleasm_env/bin/hmmsearch --domtblout /Users/rossoaa/Desktop/dummy/genomes/records/compleasm/rickettsiales_odb12/hmmer_output/602at766.out --cpu 1 /Users/rossoaa/Desktop/dummy/genomes/records/compleasm/mb_downloads/rickettsiales_odb12/hmms/602at766.hmm - 
# Current dir:     /Users/rossoaa/Desktop/dummy/genomes/records/compleasm
# Date:            Tue Feb 10 10:20:24 2026
# [ok]
