#                                                                                                          --- full sequence --- -------------- this domain -------------   hmm coord   ali coord   env coord
# target name                                      accession   tlen query name           accession   qlen   E-value  score  bias   #  of  c-Evalue  i-Evalue  score  bias  from    to  from    to  from    to  acc description of target
#                              ------------------- ---------- ----- -------------------- ---------- ----- --------- ------ ----- --- --- --------- --------- ------ ----- ----- ----- ----- ----- ----- ----- ---- ---------------------
608at766_1242993_0:000004|OZ308468.1:328921-331806 -            195 608                  -            194   1.8e-97  314.7   0.1   1   1     2e-97     2e-97  314.6   0.1     2   193     2   193     1   194 0.99 -
608at766_1359163_0:00008b|OZ308468.1:328921-331806 -            195 608                  -            194   1.8e-97  314.7   0.1   1   1     2e-97     2e-97  314.6   0.1     2   193     2   193     1   194 0.99 -
608at766_779_0:00020d|OZ308468.1:328921-331806     -            195 608                  -            194   1.8e-97  314.7   0.1   1   1     2e-97     2e-97  314.6   0.1     2   193     2   193     1   194 0.99 -
608at766_1528098_0:0003a5|OZ308468.1:328915-331803 -            197 608                  -            194   1.9e-97  314.7   0.1   1   1   2.1e-97   2.1e-97  314.5   0.1     2   193     4   195     3   196 0.99 -
608at766_1605993_0:000252|OZ308468.1:328915-331806 -            197 608                  -            194   1.9e-97  314.7   0.1   1   1   2.1e-97   2.1e-97  314.5   0.1     2   193     4   195     3   196 0.99 -
608at766_169402_0:0002b6|OZ308468.1:328915-331806  -            197 608                  -            194   1.9e-97  314.7   0.1   1   1   2.1e-97   2.1e-97  314.5   0.1     2   193     4   195     3   196 0.99 -
608at766_246273_0:0000df|OZ308468.1:328915-331806  -            197 608                  -            194   1.9e-97  314.7   0.1   1   1   2.1e-97   2.1e-97  314.5   0.1     2   193     4   195     3   196 0.99 -
608at766_2486578_0:0003c8|OZ308468.1:328915-331806 -            197 608                  -            194   1.9e-97  314.7   0.1   1   1   2.1e-97   2.1e-97  314.5   0.1     2   193     4   195     3   196 0.99 -
608at766_336407_0:00018f|OZ308468.1:328915-331806  -            197 608                  -            194   1.9e-97  314.7   0.1   1   1   2.1e-97   2.1e-97  314.5   0.1     2   193     4   195     3   196 0.99 -
608at766_955_0:0002cf|OZ308468.1:328915-331806     -            197 608                  -            194   1.9e-97  314.7   0.1   1   1   2.1e-97   2.1e-97  314.5   0.1     2   193     4   195     3   196 0.99 -
608at766_96496_0:0000e1|OZ308468.1:328915-331806   -            197 608                  -            194   1.9e-97  314.7   0.1   1   1   2.1e-97   2.1e-97  314.5   0.1     2   193     4   195     3   196 0.99 -
608at766_1105107_0:00030b|OZ308468.1:328924-331806 -            194 608                  -            194   2.5e-97  314.3   0.1   1   1   2.8e-97   2.8e-97  314.1   0.1     2   193     1   192     1   193 0.99 -
608at766_272947_0:00023f|OZ308468.1:328924-331806  -            194 608                  -            194   2.5e-97  314.3   0.1   1   1   2.8e-97   2.8e-97  314.1   0.1     2   193     1   192     1   193 0.99 -
608at766_696127_0:000066|OZ308468.1:328924-331803  -            194 608                  -            194   2.5e-97  314.3   0.1   1   1   2.8e-97   2.8e-97  314.1   0.1     2   193     1   192     1   193 0.99 -
608at766_1961830_0:000215|OZ308468.1:328927-331806 -            193 608                  -            194   5.2e-97  313.3   0.1   1   1   5.8e-97   5.8e-97  313.1   0.1     3   193     1   191     1   192 0.99 -
608at766_1248439_0:00016e|OZ308468.1:328921-331794 -            192 608                  -            194   6.2e-97  313.0   0.2   1   1   6.8e-97   6.8e-97  312.9   0.2     2   192     2   192     1   192 0.99 -
608at766_1392507_0:00005a|OZ308468.1:328921-331794 -            192 608                  -            194   6.2e-97  313.0   0.2   1   1   6.8e-97   6.8e-97  312.9   0.2     2   192     2   192     1   192 0.99 -
608at766_142058_0:000161|OZ308468.1:328921-331794  -            192 608                  -            194   6.2e-97  313.0   0.2   1   1   6.8e-97   6.8e-97  312.9   0.2     2   192     2   192     1   192 0.99 -
608at766_1423892_0:0002c5|OZ308468.1:328921-331794 -            192 608                  -            194   6.2e-97  313.0   0.2   1   1   6.8e-97   6.8e-97  312.9   0.2     2   192     2   192     1   192 0.99 -
608at766_205920_0:00011d|OZ308468.1:328921-331794  -            192 608                  -            194   6.2e-97  313.0   0.2   1   1   6.8e-97   6.8e-97  312.9   0.2     2   192     2   192     1   192 0.99 -
608at766_391036_0:000126|OZ308468.1:328921-331794  -            192 608                  -            194   6.2e-97  313.0   0.2   1   1   6.8e-97   6.8e-97  312.9   0.2     2   192     2   192     1   192 0.99 -
#
# Program:         hmmsearch
# Version:         3.4 (Aug 2023)
# Pipeline mode:   SEARCH
# Query file:      /Users/rossoaa/Desktop/dummy/genomes/records/compleasm/mb_downloads/rickettsiales_odb12/hmms/608at766.hmm
# Target file:     -
# Option settings: /Users/rossoaa/miniconda3/envs/compleasm_env/bin/hmmsearch --domtblout /Users/rossoaa/Desktop/dummy/genomes/records/compleasm/rickettsiales_odb12/hmmer_output/608at766.out --cpu 1 /Users/rossoaa/Desktop/dummy/genomes/records/compleasm/mb_downloads/rickettsiales_odb12/hmms/608at766.hmm - 
# Current dir:     /Users/rossoaa/Desktop/dummy/genomes/records/compleasm
# Date:            Tue Feb 10 10:20:24 2026
# [ok]
