#                                                                                                        --- full sequence --- -------------- this domain -------------   hmm coord   ali coord   env coord
# target name                                    accession   tlen query name           accession   qlen   E-value  score  bias   #  of  c-Evalue  i-Evalue  score  bias  from    to  from    to  from    to  acc description of target
#                            ------------------- ---------- ----- -------------------- ---------- ----- --------- ------ ----- --- --- --------- --------- ------ ----- ----- ----- ----- ----- ----- ----- ---- ---------------------
618at766_1802984_0:0000f7|OZ308468.1:71776-72700 -            309 618                  -            306  5.8e-144  469.7   0.3   1   1  6.6e-144  6.6e-144  469.5   0.3     1   305     1   306     1   307 0.98 -
618at766_2602574_0:000439|OZ308468.1:71782-72706 -            309 618                  -            306  5.9e-144  469.7   0.3   1   1  6.6e-144  6.6e-144  469.5   0.3     1   305     3   308     3   309 0.98 -
618at766_752179_0:0000c3|OZ308468.1:71782-72706  -            309 618                  -            306  5.9e-144  469.7   0.3   1   1  6.6e-144  6.6e-144  469.5   0.3     1   305     3   308     3   309 0.98 -
618at766_1359168_0:0002c7|OZ308468.1:71776-72706 -            311 618                  -            306    6e-144  469.6   0.3   1   1  6.7e-144  6.7e-144  469.5   0.3     1   305     3   308     3   309 0.98 -
618at766_334380_0:0002fd|OZ308468.1:71776-72706  -            311 618                  -            306    6e-144  469.6   0.3   1   1  6.7e-144  6.7e-144  469.5   0.3     1   305     3   308     3   309 0.98 -
618at766_2486578_0:000171|OZ308468.1:71773-72709 -            313 618                  -            306  6.1e-144  469.6   0.3   1   1  6.9e-144  6.9e-144  469.4   0.3     1   305     4   309     4   310 0.98 -
618at766_1359163_0:00031d|OZ308468.1:71764-72700 -            313 618                  -            306  6.1e-144  469.6   0.3   1   1  6.9e-144  6.9e-144  469.4   0.3     1   305     1   306     1   307 0.98 -
618at766_955_0:0000a7|OZ308468.1:71761-72700     -            314 618                  -            306  6.2e-144  469.6   0.3   1   1    7e-144    7e-144  469.4   0.3     1   305     1   306     1   307 0.98 -
618at766_272947_0:000209|OZ308468.1:71782-72721  -            314 618                  -            306  6.2e-144  469.6   0.3   1   1    7e-144    7e-144  469.4   0.3     1   305     8   313     8   314 0.98 -
618at766_1605993_0:00020c|OZ308468.1:71746-72700 -            319 618                  -            306  6.6e-144  469.5   0.3   1   1  7.4e-144  7.4e-144  469.3   0.3     1   305     1   306     1   307 0.98 -
618at766_779_0:0001b2|OZ308468.1:71746-72700     -            319 618                  -            306  6.6e-144  469.5   0.3   1   1  7.4e-144  7.4e-144  469.3   0.3     1   305     1   306     1   307 0.98 -
618at766_2486577_0:0003e3|OZ308468.1:71773-72730 -            320 618                  -            306  6.6e-144  469.5   0.3   1   1  7.5e-144  7.5e-144  469.3   0.3     1   305    11   316    11   317 0.98 -
618at766_169402_0:00007c|OZ308468.1:71737-72700  -            321 618                  -            306  6.7e-144  469.5   0.3   1   1  7.6e-144  7.6e-144  469.3   0.3     1   305     1   306     1   307 0.98 -
618at766_246273_0:0001f7|OZ308468.1:71737-72700  -            321 618                  -            306  6.7e-144  469.5   0.3   1   1  7.6e-144  7.6e-144  469.3   0.3     1   305     1   306     1   307 0.98 -
618at766_96496_0:000045|OZ308468.1:71737-72700   -            321 618                  -            306  6.7e-144  469.5   0.3   1   1  7.6e-144  7.6e-144  469.3   0.3     1   305     1   306     1   307 0.98 -
618at766_1392507_0:00013d|OZ308468.1:71788-72706 -            307 618                  -            306  1.5e-143  468.3   0.3   1   1  1.7e-143  1.7e-143  468.1   0.3     1   303     3   306     3   307 0.98 -
618at766_1961830_0:0000d9|OZ308468.1:71788-72706 -            307 618                  -            306  1.5e-143  468.3   0.3   1   1  1.7e-143  1.7e-143  468.1   0.3     1   303     3   306     3   307 0.98 -
618at766_1242993_0:000129|OZ308468.1:71791-72700 -            304 618                  -            306  2.9e-143  467.4   0.4   1   1  3.2e-143  3.2e-143  467.2   0.4     1   303     1   304     1   304 0.98 -
618at766_1423892_0:00032b|OZ308468.1:71791-72700 -            304 618                  -            306  2.9e-143  467.4   0.4   1   1  3.2e-143  3.2e-143  467.2   0.4     1   303     1   304     1   304 0.98 -
618at766_205920_0:000320|OZ308468.1:71791-72700  -            304 618                  -            306  2.9e-143  467.4   0.4   1   1  3.2e-143  3.2e-143  467.2   0.4     1   303     1   304     1   304 0.98 -
618at766_1248439_0:000167|OZ308468.1:71791-72706 -            306 618                  -            306  2.9e-143  467.4   0.4   1   1  3.3e-143  3.3e-143  467.2   0.4     1   303     3   306     3   306 0.98 -
618at766_142058_0:0000c8|OZ308468.1:71791-72706  -            306 618                  -            306  2.9e-143  467.4   0.4   1   1  3.3e-143  3.3e-143  467.2   0.4     1   303     3   306     3   306 0.98 -
618at766_574556_0:00019a|OZ308468.1:71791-72706  -            306 618                  -            306  2.9e-143  467.4   0.4   1   1  3.3e-143  3.3e-143  467.2   0.4     1   303     3   306     3   306 0.98 -
618at766_1714371_0:00014b|OZ308468.1:71794-72703 -            304 618                  -            306  7.2e-143  466.1   0.4   1   1    8e-143    8e-143  465.9   0.4     1   301     2   303     2   304 0.98 -
618at766_222891_0:000059|OZ308468.1:71794-72703  -            304 618                  -            306  7.2e-143  466.1   0.4   1   1    8e-143    8e-143  465.9   0.4     1   301     2   303     2   304 0.98 -
618at766_434131_0:000063|OZ308468.1:71794-72703  -            304 618                  -            306  7.2e-143  466.1   0.4   1   1    8e-143    8e-143  465.9   0.4     1   301     2   303     2   304 0.98 -
618at766_1286528_0:0000e5|OZ308468.1:71797-72703 -            303 618                  -            306  1.2e-142  465.4   0.4   1   1  1.3e-142  1.3e-142  465.2   0.4     1   300     2   302     2   303 0.98 -
#
# Program:         hmmsearch
# Version:         3.4 (Aug 2023)
# Pipeline mode:   SEARCH
# Query file:      /Users/rossoaa/Desktop/dummy/genomes/records/compleasm/mb_downloads/rickettsiales_odb12/hmms/618at766.hmm
# Target file:     -
# Option settings: /Users/rossoaa/miniconda3/envs/compleasm_env/bin/hmmsearch --domtblout /Users/rossoaa/Desktop/dummy/genomes/records/compleasm/rickettsiales_odb12/hmmer_output/618at766.out --cpu 1 /Users/rossoaa/Desktop/dummy/genomes/records/compleasm/mb_downloads/rickettsiales_odb12/hmms/618at766.hmm - 
# Current dir:     /Users/rossoaa/Desktop/dummy/genomes/records/compleasm
# Date:            Tue Feb 10 10:20:23 2026
# [ok]
