#                                                                                                          --- full sequence --- -------------- this domain -------------   hmm coord   ali coord   env coord
# target name                                      accession   tlen query name           accession   qlen   E-value  score  bias   #  of  c-Evalue  i-Evalue  score  bias  from    to  from    to  from    to  acc description of target
#                              ------------------- ---------- ----- -------------------- ---------- ----- --------- ------ ----- --- --- --------- --------- ------ ----- ----- ----- ----- ----- ----- ----- ---- ---------------------
620at766_1802984_0:000195|OZ308468.1:484021-485293 -            425 620                  -            415  1.8e-194  637.0   0.0   1   1    2e-194    2e-194  636.9   0.0     1   414     1   424     1   425 0.97 -
620at766_169402_0:0003c9|OZ308468.1:484015-485293  -            427 620                  -            415  1.8e-194  637.0   0.0   1   1  2.1e-194  2.1e-194  636.9   0.0     1   414     1   424     1   425 0.97 -
620at766_1248439_0:000379|OZ308468.1:484018-485302 -            429 620                  -            415  1.9e-194  637.0   0.0   1   1  2.1e-194  2.1e-194  636.8   0.0     1   414     4   427     4   428 0.97 -
620at766_142058_0:000394|OZ308468.1:484018-485302  -            429 620                  -            415  1.9e-194  637.0   0.0   1   1  2.1e-194  2.1e-194  636.8   0.0     1   414     4   427     4   428 0.97 -
620at766_2486578_0:000510|OZ308468.1:484018-485302 -            429 620                  -            415  1.9e-194  637.0   0.0   1   1  2.1e-194  2.1e-194  636.8   0.0     1   414     4   427     4   428 0.97 -
620at766_955_0:0000fc|OZ308468.1:484018-485302     -            429 620                  -            415  1.9e-194  637.0   0.0   1   1  2.1e-194  2.1e-194  636.8   0.0     1   414     4   427     4   428 0.97 -
620at766_1359163_0:000366|OZ308468.1:484015-485302 -            430 620                  -            415  1.9e-194  637.0   0.0   1   1  2.1e-194  2.1e-194  636.8   0.0     1   414     4   427     4   428 0.97 -
620at766_1392507_0:0000b5|OZ308468.1:484015-485302 -            430 620                  -            415  1.9e-194  637.0   0.0   1   1  2.1e-194  2.1e-194  636.8   0.0     1   414     4   427     4   428 0.97 -
620at766_1242993_0:00039a|OZ308468.1:484012-485302 -            431 620                  -            415  1.9e-194  637.0   0.0   1   1  2.2e-194  2.2e-194  636.8   0.0     1   414     4   427     4   428 0.97 -
620at766_86105_0:000466|OZ308468.1:484012-485302   -            431 620                  -            415  1.9e-194  637.0   0.0   1   1  2.2e-194  2.2e-194  636.8   0.0     1   414     4   427     4   428 0.97 -
620at766_1423892_0:00008f|OZ308468.1:484009-485302 -            432 620                  -            415  1.9e-194  637.0   0.0   1   1  2.2e-194  2.2e-194  636.8   0.0     1   414     4   427     4   428 0.97 -
620at766_1528098_0:000382|OZ308468.1:484009-485302 -            432 620                  -            415  1.9e-194  637.0   0.0   1   1  2.2e-194  2.2e-194  636.8   0.0     1   414     4   427     4   428 0.97 -
620at766_205920_0:0002a2|OZ308468.1:484009-485302  -            432 620                  -            415  1.9e-194  637.0   0.0   1   1  2.2e-194  2.2e-194  636.8   0.0     1   414     4   427     4   428 0.97 -
620at766_391036_0:000306|OZ308468.1:484009-485302  -            432 620                  -            415  1.9e-194  637.0   0.0   1   1  2.2e-194  2.2e-194  636.8   0.0     1   414     4   427     4   428 0.97 -
620at766_779_0:0000de|OZ308468.1:484009-485302     -            432 620                  -            415  1.9e-194  637.0   0.0   1   1  2.2e-194  2.2e-194  636.8   0.0     1   414     4   427     4   428 0.97 -
620at766_1605993_0:000099|OZ308468.1:484006-485302 -            433 620                  -            415  1.9e-194  637.0   0.0   1   1  2.2e-194  2.2e-194  636.8   0.0     1   414     4   427     4   428 0.97 -
620at766_481009_0:00027a|OZ308468.1:484003-485299  -            433 620                  -            415  1.9e-194  637.0   0.0   1   1  2.2e-194  2.2e-194  636.8   0.0     1   414     3   426     3   427 0.97 -
620at766_336407_0:00005c|OZ308468.1:484000-485299  -            434 620                  -            415    2e-194  637.0   0.0   1   1  2.2e-194  2.2e-194  636.8   0.0     1   414     3   426     3   427 0.97 -
620at766_1359168_0:000058|OZ308468.1:483997-485299 -            435 620                  -            415    2e-194  636.9   0.0   1   1  2.2e-194  2.2e-194  636.8   0.0     1   414     3   426     3   427 0.97 -
620at766_334380_0:000470|OZ308468.1:483997-485302  -            436 620                  -            415    2e-194  636.9   0.0   1   1  2.3e-194  2.3e-194  636.7   0.0     1   414     4   427     4   428 0.97 -
620at766_752179_0:00005b|OZ308468.1:483994-485302  -            436 620                  -            415    2e-194  636.9   0.0   1   1  2.3e-194  2.3e-194  636.7   0.0     1   414     4   427     4   428 0.97 -
620at766_1286528_0:000247|OZ308468.1:484027-485305 -            427 620                  -            415  5.1e-194  635.6   0.0   1   1  5.7e-194  5.7e-194  635.4   0.0     1   412     5   426     5   427 0.97 -
620at766_1714371_0:0001ef|OZ308468.1:484027-485305 -            427 620                  -            415  5.1e-194  635.6   0.0   1   1  5.7e-194  5.7e-194  635.4   0.0     1   412     5   426     5   427 0.97 -
620at766_1105107_0:00035c|OZ308468.1:484030-485299 -            424 620                  -            415  7.1e-194  635.1   0.0   1   1  7.9e-194  7.9e-194  635.0   0.0     1   411     3   423     3   424 0.97 -
620at766_272947_0:0002ec|OZ308468.1:484030-485299  -            424 620                  -            415  7.1e-194  635.1   0.0   1   1  7.9e-194  7.9e-194  635.0   0.0     1   411     3   423     3   424 0.97 -
620at766_2115978_0:0001a8|OZ308468.1:484033-485293 -            421 620                  -            415  1.1e-193  634.5   0.0   1   1  1.2e-193  1.2e-193  634.4   0.0     1   411     1   421     1   421 0.97 -
620at766_696127_0:0000af|OZ308468.1:484033-485299  -            423 620                  -            415  1.1e-193  634.5   0.0   1   1  1.2e-193  1.2e-193  634.3   0.0     1   411     3   423     3   423 0.97 -
620at766_2602574_0:000495|OZ308468.1:484033-485302 -            424 620                  -            415  1.1e-193  634.5   0.0   1   1  1.2e-193  1.2e-193  634.3   0.0     1   411     4   424     4   424 0.97 -
620at766_434131_0:000216|OZ308468.1:484033-485305  -            425 620                  -            415  1.1e-193  634.5   0.0   1   1  1.2e-193  1.2e-193  634.3   0.0     1   411     5   425     5   425 0.97 -
620at766_2486577_0:000171|OZ308468.1:484012-485251 -            414 620                  -            415  5.6e-189  619.0   0.2   1   1  6.4e-189  6.4e-189  618.8   0.2    15   414     2   410     1   411 0.97 -
620at766_222891_0:000186|OZ308468.1:484033-485251  -            407 620                  -            415  3.2e-188  616.5   0.2   1   1  3.5e-188  3.5e-188  616.3   0.2    15   411     2   407     1   407 0.97 -
#
# Program:         hmmsearch
# Version:         3.4 (Aug 2023)
# Pipeline mode:   SEARCH
# Query file:      /Users/rossoaa/Desktop/dummy/genomes/records/compleasm/mb_downloads/rickettsiales_odb12/hmms/620at766.hmm
# Target file:     -
# Option settings: /Users/rossoaa/miniconda3/envs/compleasm_env/bin/hmmsearch --domtblout /Users/rossoaa/Desktop/dummy/genomes/records/compleasm/rickettsiales_odb12/hmmer_output/620at766.out --cpu 1 /Users/rossoaa/Desktop/dummy/genomes/records/compleasm/mb_downloads/rickettsiales_odb12/hmms/620at766.hmm - 
# Current dir:     /Users/rossoaa/Desktop/dummy/genomes/records/compleasm
# Date:            Tue Feb 10 10:20:23 2026
# [ok]
