#                                                                                                           --- full sequence --- -------------- this domain -------------   hmm coord   ali coord   env coord
# target name                                       accession   tlen query name           accession   qlen   E-value  score  bias   #  of  c-Evalue  i-Evalue  score  bias  from    to  from    to  from    to  acc description of target
#                               ------------------- ---------- ----- -------------------- ---------- ----- --------- ------ ----- --- --- --------- --------- ------ ----- ----- ----- ----- ----- ----- ----- ---- ---------------------
6217at766_1961830_0:000213|OZ308468.1:647902-649939 -            680 6217                 -            659         0 1159.1   0.0   1   1         0         0 1158.5   0.0     1   658     4   678     4   679 0.97 -
6217at766_2115978_0:000279|OZ308468.1:647902-649939 -            680 6217                 -            659         0 1159.1   0.0   1   1         0         0 1158.5   0.0     1   658     4   678     4   679 0.97 -
6217at766_1242993_0:000385|OZ308468.1:647902-649945 -            682 6217                 -            659         0 1159.1   0.0   1   1         0         0 1158.5   0.0     1   658     4   678     4   679 0.97 -
6217at766_1248439_0:00022c|OZ308468.1:647902-649948 -            682 6217                 -            659         0 1159.1   0.0   1   1         0         0 1158.5   0.0     1   658     4   678     4   679 0.97 -
6217at766_1392507_0:00027e|OZ308468.1:647902-649948 -            682 6217                 -            659         0 1159.1   0.0   1   1         0         0 1158.5   0.0     1   658     4   678     4   679 0.97 -
6217at766_142058_0:00009f|OZ308468.1:647902-649948  -            682 6217                 -            659         0 1159.1   0.0   1   1         0         0 1158.5   0.0     1   658     4   678     4   679 0.97 -
6217at766_169402_0:000043|OZ308468.1:647902-649948  -            682 6217                 -            659         0 1159.1   0.0   1   1         0         0 1158.5   0.0     1   658     4   678     4   679 0.97 -
6217at766_1714371_0:0000b0|OZ308468.1:647902-649945 -            682 6217                 -            659         0 1159.1   0.0   1   1         0         0 1158.5   0.0     1   658     4   678     4   679 0.97 -
6217at766_205920_0:0000fe|OZ308468.1:647902-649945  -            682 6217                 -            659         0 1159.1   0.0   1   1         0         0 1158.5   0.0     1   658     4   678     4   679 0.97 -
6217at766_246273_0:0001ff|OZ308468.1:647902-649948  -            682 6217                 -            659         0 1159.1   0.0   1   1         0         0 1158.5   0.0     1   658     4   678     4   679 0.97 -
6217at766_2486578_0:0004cf|OZ308468.1:647902-649948 -            682 6217                 -            659         0 1159.1   0.0   1   1         0         0 1158.5   0.0     1   658     4   678     4   679 0.97 -
6217at766_336407_0:00039c|OZ308468.1:647902-649948  -            682 6217                 -            659         0 1159.1   0.0   1   1         0         0 1158.5   0.0     1   658     4   678     4   679 0.97 -
6217at766_391036_0:00033d|OZ308468.1:647902-649945  -            682 6217                 -            659         0 1159.1   0.0   1   1         0         0 1158.5   0.0     1   658     4   678     4   679 0.97 -
6217at766_779_0:00023e|OZ308468.1:647902-649945     -            682 6217                 -            659         0 1159.1   0.0   1   1         0         0 1158.5   0.0     1   658     4   678     4   679 0.97 -
6217at766_955_0:0000d6|OZ308468.1:647902-649948     -            682 6217                 -            659         0 1159.1   0.0   1   1         0         0 1158.5   0.0     1   658     4   678     4   679 0.97 -
6217at766_96496_0:000262|OZ308468.1:647902-649948   -            682 6217                 -            659         0 1159.1   0.0   1   1         0         0 1158.5   0.0     1   658     4   678     4   679 0.97 -
6217at766_1274402_0:0002b8|OZ308468.1:647902-649933 -            678 6217                 -            659         0 1158.5   0.0   1   1         0         0 1157.9   0.0     1   657     4   677     4   678 0.97 -
6217at766_1286528_0:000100|OZ308468.1:647902-649933 -            678 6217                 -            659         0 1158.5   0.0   1   1         0         0 1157.9   0.0     1   657     4   677     4   678 0.97 -
6217at766_1359163_0:0001f8|OZ308468.1:647902-649933 -            678 6217                 -            659         0 1158.5   0.0   1   1         0         0 1157.9   0.0     1   657     4   677     4   678 0.97 -
6217at766_1423892_0:0000d1|OZ308468.1:647902-649933 -            678 6217                 -            659         0 1158.5   0.0   1   1         0         0 1157.9   0.0     1   657     4   677     4   678 0.97 -
6217at766_222891_0:00000e|OZ308468.1:647902-649933  -            678 6217                 -            659         0 1158.5   0.0   1   1         0         0 1157.9   0.0     1   657     4   677     4   678 0.97 -
6217at766_434131_0:000246|OZ308468.1:647902-649933  -            678 6217                 -            659         0 1158.5   0.0   1   1         0         0 1157.9   0.0     1   657     4   677     4   678 0.97 -
6217at766_696127_0:0003d2|OZ308468.1:647902-649930  -            677 6217                 -            659         0 1157.9   0.0   1   1         0         0 1157.3   0.0     1   656     4   676     4   677 0.97 -
6217at766_86105_0:000516|OZ308468.1:647902-649930   -            677 6217                 -            659         0 1157.9   0.0   1   1         0         0 1157.3   0.0     1   656     4   676     4   677 0.97 -
6217at766_1105107_0:00016d|OZ308468.1:647902-649927 -            676 6217                 -            659         0 1157.1   0.0   1   1         0         0 1156.5   0.0     1   655     4   675     4   676 0.97 -
6217at766_1359168_0:0000b0|OZ308468.1:647902-649927 -            676 6217                 -            659         0 1157.1   0.0   1   1         0         0 1156.5   0.0     1   655     4   675     4   676 0.97 -
6217at766_2602574_0:000136|OZ308468.1:647902-649927 -            676 6217                 -            659         0 1157.1   0.0   1   1         0         0 1156.5   0.0     1   655     4   675     4   676 0.97 -
6217at766_272947_0:0001af|OZ308468.1:647902-649927  -            676 6217                 -            659         0 1157.1   0.0   1   1         0         0 1156.5   0.0     1   655     4   675     4   676 0.97 -
6217at766_334380_0:000382|OZ308468.1:647902-649927  -            676 6217                 -            659         0 1157.1   0.0   1   1         0         0 1156.5   0.0     1   655     4   675     4   676 0.97 -
6217at766_481009_0:00041e|OZ308468.1:647902-649927  -            676 6217                 -            659         0 1157.1   0.0   1   1         0         0 1156.5   0.0     1   655     4   675     4   676 0.97 -
6217at766_752179_0:00023a|OZ308468.1:647902-649927  -            676 6217                 -            659         0 1157.1   0.0   1   1         0         0 1156.5   0.0     1   655     4   675     4   676 0.97 -
6217at766_1528098_0:0003e3|OZ308468.1:647902-649924 -            675 6217                 -            659         0 1156.5   0.0   1   1         0         0 1155.9   0.0     1   655     4   675     4   675 0.97 -
6217at766_1802984_0:000038|OZ308468.1:647911-649912 -            668 6217                 -            659         0 1149.0   0.0   1   1         0         0 1148.4   0.0     1   651     1   668     1   668 0.97 -
6217at766_1605993_0:000394|OZ308468.1:648202-649948 -            582 6217                 -            659  1.5e-286  942.8   0.0   1   1  2.5e-286  2.5e-286  942.1   0.0    97   658     1   578     1   579 0.97 -
#
# Program:         hmmsearch
# Version:         3.4 (Aug 2023)
# Pipeline mode:   SEARCH
# Query file:      /Users/rossoaa/Desktop/dummy/genomes/records/compleasm/mb_downloads/rickettsiales_odb12/hmms/6217at766.hmm
# Target file:     -
# Option settings: /Users/rossoaa/miniconda3/envs/compleasm_env/bin/hmmsearch --domtblout /Users/rossoaa/Desktop/dummy/genomes/records/compleasm/rickettsiales_odb12/hmmer_output/6217at766.out --cpu 1 /Users/rossoaa/Desktop/dummy/genomes/records/compleasm/mb_downloads/rickettsiales_odb12/hmms/6217at766.hmm - 
# Current dir:     /Users/rossoaa/Desktop/dummy/genomes/records/compleasm
# Date:            Tue Feb 10 10:20:24 2026
# [ok]
