#                                                                                                             --- full sequence --- -------------- this domain -------------   hmm coord   ali coord   env coord
# target name                                         accession   tlen query name           accession   qlen   E-value  score  bias   #  of  c-Evalue  i-Evalue  score  bias  from    to  from    to  from    to  acc description of target
#                                 ------------------- ---------- ----- -------------------- ---------- ----- --------- ------ ----- --- --- --------- --------- ------ ----- ----- ----- ----- ----- ----- ----- ---- ---------------------
6234at766_1248439_0:000346|OZ308468.1:1061896-1063564 -            557 6234                 -            530  5.4e-240  788.6  27.6   1   1  1.2e-239  1.2e-239  787.5  27.6     2   529     3   555     2   556 0.93 -
6234at766_574556_0:000169|OZ308468.1:1061896-1063564  -            557 6234                 -            530  5.4e-240  788.6  27.6   1   1  1.2e-239  1.2e-239  787.5  27.6     2   529     3   555     2   556 0.93 -
6234at766_696127_0:0001e9|OZ308468.1:1061893-1063561  -            557 6234                 -            530  5.4e-240  788.6  27.6   1   1  1.2e-239  1.2e-239  787.5  27.6     2   529     2   554     1   555 0.93 -
6234at766_1105107_0:000149|OZ308468.1:1061896-1063567 -            558 6234                 -            530  5.5e-240  788.6  27.6   1   1  1.2e-239  1.2e-239  787.4  27.6     2   529     4   556     3   557 0.93 -
6234at766_142058_0:000167|OZ308468.1:1061896-1063567  -            558 6234                 -            530  5.5e-240  788.6  27.6   1   1  1.2e-239  1.2e-239  787.4  27.6     2   529     4   556     3   557 0.93 -
6234at766_1242993_0:000022|OZ308468.1:1061887-1063564 -            560 6234                 -            530  5.5e-240  788.5  27.6   1   1  1.2e-239  1.2e-239  787.4  27.6     2   529     3   555     2   556 0.93 -
6234at766_1286528_0:0002bb|OZ308468.1:1061887-1063564 -            560 6234                 -            530  5.5e-240  788.5  27.6   1   1  1.2e-239  1.2e-239  787.4  27.6     2   529     3   555     2   556 0.93 -
6234at766_1359163_0:000386|OZ308468.1:1061887-1063564 -            560 6234                 -            530  5.5e-240  788.5  27.6   1   1  1.2e-239  1.2e-239  787.4  27.6     2   529     3   555     2   556 0.93 -
6234at766_1423892_0:0000aa|OZ308468.1:1061887-1063564 -            560 6234                 -            530  5.5e-240  788.5  27.6   1   1  1.2e-239  1.2e-239  787.4  27.6     2   529     3   555     2   556 0.93 -
6234at766_205920_0:00021e|OZ308468.1:1061887-1063564  -            560 6234                 -            530  5.5e-240  788.5  27.6   1   1  1.2e-239  1.2e-239  787.4  27.6     2   529     3   555     2   556 0.93 -
6234at766_222891_0:000129|OZ308468.1:1061887-1063564  -            560 6234                 -            530  5.5e-240  788.5  27.6   1   1  1.2e-239  1.2e-239  787.4  27.6     2   529     3   555     2   556 0.93 -
6234at766_391036_0:0002bb|OZ308468.1:1061887-1063564  -            560 6234                 -            530  5.5e-240  788.5  27.6   1   1  1.2e-239  1.2e-239  787.4  27.6     2   529     3   555     2   556 0.93 -
6234at766_86105_0:0000ad|OZ308468.1:1061884-1063564   -            561 6234                 -            530  5.6e-240  788.5  27.6   1   1  1.2e-239  1.2e-239  787.4  27.6     2   529     3   555     2   556 0.93 -
6234at766_2486578_0:00000b|OZ308468.1:1061881-1063564 -            562 6234                 -            530  5.6e-240  788.5  27.6   1   1  1.2e-239  1.2e-239  787.4  27.6     2   529     3   555     2   556 0.93 -
6234at766_1392507_0:00032d|OZ308468.1:1061872-1063564 -            565 6234                 -            530  5.7e-240  788.5  27.6   1   1  1.3e-239  1.3e-239  787.4  27.6     2   529     3   555     2   556 0.93 -
6234at766_955_0:000214|OZ308468.1:1061872-1063564     -            565 6234                 -            530  5.7e-240  788.5  27.6   1   1  1.3e-239  1.3e-239  787.4  27.6     2   529     3   555     2   556 0.93 -
6234at766_779_0:0002f1|OZ308468.1:1061863-1063564     -            568 6234                 -            530  5.9e-240  788.5  27.6   1   1  1.3e-239  1.3e-239  787.3  27.6     2   529     3   555     2   556 0.93 -
6234at766_1605993_0:0000bb|OZ308468.1:1061857-1063564 -            569 6234                 -            530  5.9e-240  788.4  27.6   1   1  1.3e-239  1.3e-239  787.3  27.6     2   529     3   555     2   556 0.93 -
6234at766_169402_0:00020a|OZ308468.1:1061857-1063564  -            569 6234                 -            530  5.9e-240  788.4  27.6   1   1  1.3e-239  1.3e-239  787.3  27.6     2   529     3   555     2   556 0.93 -
6234at766_246273_0:00013c|OZ308468.1:1061857-1063564  -            569 6234                 -            530  5.9e-240  788.4  27.6   1   1  1.3e-239  1.3e-239  787.3  27.6     2   529     3   555     2   556 0.93 -
6234at766_434131_0:000271|OZ308468.1:1061857-1063564  -            569 6234                 -            530  5.9e-240  788.4  27.6   1   1  1.3e-239  1.3e-239  787.3  27.6     2   529     3   555     2   556 0.93 -
6234at766_96496_0:000311|OZ308468.1:1061857-1063564   -            569 6234                 -            530  5.9e-240  788.4  27.6   1   1  1.3e-239  1.3e-239  787.3  27.6     2   529     3   555     2   556 0.93 -
6234at766_1714371_0:0001d1|OZ308468.1:1061857-1063591 -            578 6234                 -            530  6.5e-240  788.3  27.7   1   1  1.4e-239  1.4e-239  787.2  27.7     2   529    12   564    11   565 0.93 -
6234at766_2486577_0:00022d|OZ308468.1:1061905-1063564 -            554 6234                 -            530  9.5e-240  787.8  27.4   1   1  2.1e-239  2.1e-239  786.6  27.4     2   527     3   553     2   554 0.93 -
6234at766_2602574_0:00038c|OZ308468.1:1061905-1063564 -            554 6234                 -            530  9.5e-240  787.8  27.4   1   1  2.1e-239  2.1e-239  786.6  27.4     2   527     3   553     2   554 0.93 -
6234at766_752179_0:0003d2|OZ308468.1:1061908-1063561  -            552 6234                 -            530  1.3e-239  787.4  27.3   1   1  2.7e-239  2.7e-239  786.3  27.3     2   527     2   552     1   552 0.93 -
6234at766_1528098_0:0000eb|OZ308468.1:1061908-1063564 -            553 6234                 -            530  1.3e-239  787.4  27.3   1   1  2.7e-239  2.7e-239  786.2  27.3     2   527     3   553     2   553 0.93 -
6234at766_272947_0:000112|OZ308468.1:1061896-1063549  -            552 6234                 -            530  8.2e-239  784.7  27.7   1   1  1.8e-238  1.8e-238  783.6  27.7     5   529     1   550     1   551 0.93 -
6234at766_481009_0:0000ff|OZ308468.1:1061896-1063549  -            552 6234                 -            530  8.2e-239  784.7  27.7   1   1  1.8e-238  1.8e-238  783.6  27.7     5   529     1   550     1   551 0.93 -
6234at766_2115978_0:00044c|OZ308468.1:1061893-1063549 -            553 6234                 -            530  8.2e-239  784.7  27.7   1   1  1.8e-238  1.8e-238  783.6  27.7     5   529     1   550     1   551 0.93 -
6234at766_334380_0:0002c8|OZ308468.1:1061890-1063549  -            554 6234                 -            530  8.3e-239  784.7  27.7   1   1  1.8e-238  1.8e-238  783.5  27.7     5   529     1   550     1   551 0.93 -
6234at766_1961830_0:00002b|OZ308468.1:1061881-1063549 -            557 6234                 -            530  8.4e-239  784.6  27.7   1   1  1.8e-238  1.8e-238  783.5  27.7     5   529     1   550     1   551 0.93 -
6234at766_1359168_0:0002c0|OZ308468.1:1061908-1063549 -            548 6234                 -            530  1.7e-238  783.6  27.2   1   1  3.7e-238  3.7e-238  782.5  27.2     5   527     1   548     1   548 0.93 -
6234at766_336407_0:00003c|OZ308468.1:1061908-1063549  -            548 6234                 -            530  1.7e-238  783.6  27.2   1   1  3.7e-238  3.7e-238  782.5  27.2     5   527     1   548     1   548 0.93 -
6234at766_1274402_0:000111|OZ308468.1:1061908-1063360 -            485 6234                 -            530  6.5e-231  758.6  23.1   1   1  7.2e-231  7.2e-231  758.5  23.1    52   527     1   485     1   485 0.97 -
#
# Program:         hmmsearch
# Version:         3.4 (Aug 2023)
# Pipeline mode:   SEARCH
# Query file:      /Users/rossoaa/Desktop/dummy/genomes/records/compleasm/mb_downloads/rickettsiales_odb12/hmms/6234at766.hmm
# Target file:     -
# Option settings: /Users/rossoaa/miniconda3/envs/compleasm_env/bin/hmmsearch --domtblout /Users/rossoaa/Desktop/dummy/genomes/records/compleasm/rickettsiales_odb12/hmmer_output/6234at766.out --cpu 1 /Users/rossoaa/Desktop/dummy/genomes/records/compleasm/mb_downloads/rickettsiales_odb12/hmms/6234at766.hmm - 
# Current dir:     /Users/rossoaa/Desktop/dummy/genomes/records/compleasm
# Date:            Tue Feb 10 10:20:24 2026
# [ok]
