#                                                                                                          --- full sequence --- -------------- this domain -------------   hmm coord   ali coord   env coord
# target name                                      accession   tlen query name           accession   qlen   E-value  score  bias   #  of  c-Evalue  i-Evalue  score  bias  from    to  from    to  from    to  acc description of target
#                              ------------------- ---------- ----- -------------------- ---------- ----- --------- ------ ----- --- --- --------- --------- ------ ----- ----- ----- ----- ----- ----- ----- ---- ---------------------
625at766_1392507_0:0003d3|OZ308468.1:496513-497632 -            373 625                  -            371    4e-161  526.4   5.1   1   1  4.5e-161  4.5e-161  526.3   5.1     3   370     5   372     3   373 0.99 -
625at766_1528098_0:0003fd|OZ308468.1:496519-497632 -            371 625                  -            371    4e-161  526.4   5.1   1   1  4.4e-161  4.4e-161  526.3   5.1     3   370     3   370     1   371 0.99 -
625at766_1605993_0:00020b|OZ308468.1:496483-497632 -            383 625                  -            371  4.4e-161  526.3   5.1   1   1    5e-161    5e-161  526.1   5.1     3   370    15   382    13   383 0.99 -
625at766_169402_0:00024d|OZ308468.1:496483-497632  -            383 625                  -            371  4.4e-161  526.3   5.1   1   1    5e-161    5e-161  526.1   5.1     3   370    15   382    13   383 0.99 -
625at766_246273_0:000328|OZ308468.1:496483-497632  -            383 625                  -            371  4.4e-161  526.3   5.1   1   1    5e-161    5e-161  526.1   5.1     3   370    15   382    13   383 0.99 -
625at766_96496_0:00024a|OZ308468.1:496483-497632   -            383 625                  -            371  4.4e-161  526.3   5.1   1   1    5e-161    5e-161  526.1   5.1     3   370    15   382    13   383 0.99 -
625at766_955_0:000128|OZ308468.1:496531-497632     -            367 625                  -            371  1.4e-160  524.7   5.0   1   1  1.5e-160  1.5e-160  524.5   5.0     6   370     2   366     1   367 0.99 -
625at766_1105107_0:00016a|OZ308468.1:496534-497632 -            366 625                  -            371  2.5e-160  523.8   4.9   1   1  2.8e-160  2.8e-160  523.6   4.9     6   370     1   365     1   366 0.99 -
625at766_1242993_0:000116|OZ308468.1:496534-497632 -            366 625                  -            371  2.5e-160  523.8   4.9   1   1  2.8e-160  2.8e-160  523.6   4.9     6   370     1   365     1   366 0.99 -
625at766_1359163_0:0001b4|OZ308468.1:496534-497632 -            366 625                  -            371  2.5e-160  523.8   4.9   1   1  2.8e-160  2.8e-160  523.6   4.9     6   370     1   365     1   366 0.99 -
625at766_1423892_0:000187|OZ308468.1:496534-497632 -            366 625                  -            371  2.5e-160  523.8   4.9   1   1  2.8e-160  2.8e-160  523.6   4.9     6   370     1   365     1   366 0.99 -
625at766_1961830_0:000211|OZ308468.1:496534-497632 -            366 625                  -            371  2.5e-160  523.8   4.9   1   1  2.8e-160  2.8e-160  523.6   4.9     6   370     1   365     1   366 0.99 -
625at766_205920_0:0002a0|OZ308468.1:496534-497632  -            366 625                  -            371  2.5e-160  523.8   4.9   1   1  2.8e-160  2.8e-160  523.6   4.9     6   370     1   365     1   366 0.99 -
625at766_272947_0:00018f|OZ308468.1:496534-497632  -            366 625                  -            371  2.5e-160  523.8   4.9   1   1  2.8e-160  2.8e-160  523.6   4.9     6   370     1   365     1   366 0.99 -
625at766_336407_0:0002c5|OZ308468.1:496534-497632  -            366 625                  -            371  2.5e-160  523.8   4.9   1   1  2.8e-160  2.8e-160  523.6   4.9     6   370     1   365     1   366 0.99 -
625at766_391036_0:000267|OZ308468.1:496534-497632  -            366 625                  -            371  2.5e-160  523.8   4.9   1   1  2.8e-160  2.8e-160  523.6   4.9     6   370     1   365     1   366 0.99 -
625at766_481009_0:000427|OZ308468.1:496534-497632  -            366 625                  -            371  2.5e-160  523.8   4.9   1   1  2.8e-160  2.8e-160  523.6   4.9     6   370     1   365     1   366 0.99 -
625at766_2486577_0:000213|OZ308468.1:496537-497632 -            365 625                  -            371  5.5e-160  522.7   4.8   1   1  6.2e-160  6.2e-160  522.5   4.8     7   370     1   364     1   365 0.99 -
625at766_1248439_0:00012f|OZ308468.1:496546-497632 -            362 625                  -            371  6.3e-159  519.2   4.8   1   1    7e-159    7e-159  519.1   4.8    10   370     1   361     1   362 0.99 -
625at766_142058_0:000346|OZ308468.1:496546-497632  -            362 625                  -            371  6.3e-159  519.2   4.8   1   1    7e-159    7e-159  519.1   4.8    10   370     1   361     1   362 0.99 -
625at766_752179_0:0002a3|OZ308468.1:496567-497626  -            354 625                  -            371  3.1e-156  510.4   4.5   1   1  3.4e-156  3.4e-156  510.2   4.5    18   370     2   354     1   354 0.99 -
625at766_1359168_0:0002a8|OZ308468.1:496594-497626 -            345 625                  -            371  3.5e-153  500.3   4.7   1   1  3.9e-153  3.9e-153  500.1   4.7    26   370     1   345     1   345 0.99 -
625at766_334380_0:000247|OZ308468.1:496594-497626  -            345 625                  -            371  3.5e-153  500.3   4.7   1   1  3.9e-153  3.9e-153  500.1   4.7    26   370     1   345     1   345 0.99 -
#
# Program:         hmmsearch
# Version:         3.4 (Aug 2023)
# Pipeline mode:   SEARCH
# Query file:      /Users/rossoaa/Desktop/dummy/genomes/records/compleasm/mb_downloads/rickettsiales_odb12/hmms/625at766.hmm
# Target file:     -
# Option settings: /Users/rossoaa/miniconda3/envs/compleasm_env/bin/hmmsearch --domtblout /Users/rossoaa/Desktop/dummy/genomes/records/compleasm/rickettsiales_odb12/hmmer_output/625at766.out --cpu 1 /Users/rossoaa/Desktop/dummy/genomes/records/compleasm/mb_downloads/rickettsiales_odb12/hmms/625at766.hmm - 
# Current dir:     /Users/rossoaa/Desktop/dummy/genomes/records/compleasm
# Date:            Tue Feb 10 10:20:21 2026
# [ok]
