#                                                                                                          --- full sequence --- -------------- this domain -------------   hmm coord   ali coord   env coord
# target name                                      accession   tlen query name           accession   qlen   E-value  score  bias   #  of  c-Evalue  i-Evalue  score  bias  from    to  from    to  from    to  acc description of target
#                              ------------------- ---------- ----- -------------------- ---------- ----- --------- ------ ----- --- --- --------- --------- ------ ----- ----- ----- ----- ----- ----- ----- ---- ---------------------
626at766_2602574_0:000267|OZ308468.1:908187-909993 -            603 626                  -            594         0 1141.5   0.5   1   1         0         0 1141.3   0.5     2   593     2   600     1   601 0.99 -
626at766_1423892_0:00014c|OZ308468.1:908184-909993 -            604 626                  -            594         0 1141.5   0.5   1   1         0         0 1141.3   0.5     2   593     3   601     2   602 0.99 -
626at766_1105107_0:0000f9|OZ308468.1:908187-909990 -            602 626                  -            594         0 1141.4   0.5   1   1         0         0 1141.3   0.5     2   593     2   600     1   601 0.99 -
626at766_272947_0:0000a1|OZ308468.1:908187-909990  -            602 626                  -            594         0 1141.4   0.5   1   1         0         0 1141.3   0.5     2   593     2   600     1   601 0.99 -
626at766_481009_0:0004c4|OZ308468.1:908187-909990  -            602 626                  -            594         0 1141.4   0.5   1   1         0         0 1141.3   0.5     2   593     2   600     1   601 0.99 -
626at766_1286528_0:000150|OZ308468.1:908184-909996 -            605 626                  -            594         0 1141.4   0.5   1   1         0         0 1141.2   0.5     2   593     3   601     2   602 0.99 -
626at766_2486577_0:000105|OZ308468.1:908187-909987 -            601 626                  -            594         0 1141.4   0.5   1   1         0         0 1141.3   0.5     2   593     2   600     1   601 0.99 -
626at766_1961830_0:000375|OZ308468.1:908187-910005 -            606 626                  -            594         0 1141.4   0.5   1   1         0         0 1141.2   0.5     2   593     2   600     1   601 0.99 -
626at766_86105_0:0003ca|OZ308468.1:908187-910002   -            606 626                  -            594         0 1141.4   0.5   1   1         0         0 1141.2   0.5     2   593     2   600     1   601 0.99 -
626at766_1242993_0:00038c|OZ308468.1:908184-910005 -            607 626                  -            594         0 1141.4   0.5   1   1         0         0 1141.2   0.5     2   593     3   601     2   602 0.99 -
626at766_205920_0:00025a|OZ308468.1:908184-910005  -            607 626                  -            594         0 1141.4   0.5   1   1         0         0 1141.2   0.5     2   593     3   601     2   602 0.99 -
626at766_779_0:000043|OZ308468.1:908184-910002     -            607 626                  -            594         0 1141.4   0.5   1   1         0         0 1141.2   0.5     2   593     3   601     2   602 0.99 -
626at766_1392507_0:000175|OZ308468.1:908175-909996 -            608 626                  -            594         0 1141.4   0.5   1   1         0         0 1141.2   0.5     2   593     6   604     5   605 0.99 -
626at766_1605993_0:000050|OZ308468.1:908178-910005 -            609 626                  -            594         0 1141.4   0.5   1   1         0         0 1141.2   0.5     2   593     5   603     4   604 0.99 -
626at766_169402_0:00038b|OZ308468.1:908178-910005  -            609 626                  -            594         0 1141.4   0.5   1   1         0         0 1141.2   0.5     2   593     5   603     4   604 0.99 -
626at766_246273_0:00007a|OZ308468.1:908178-910005  -            609 626                  -            594         0 1141.4   0.5   1   1         0         0 1141.2   0.5     2   593     5   603     4   604 0.99 -
626at766_2486578_0:0004ec|OZ308468.1:908178-910002 -            609 626                  -            594         0 1141.4   0.5   1   1         0         0 1141.2   0.5     2   593     5   603     4   604 0.99 -
626at766_96496_0:000054|OZ308468.1:908178-910005   -            609 626                  -            594         0 1141.4   0.5   1   1         0         0 1141.2   0.5     2   593     5   603     4   604 0.99 -
626at766_1248439_0:000179|OZ308468.1:908175-910005 -            610 626                  -            594         0 1141.4   0.5   1   1         0         0 1141.2   0.5     2   593     6   604     5   605 0.99 -
626at766_1359163_0:0000a7|OZ308468.1:908175-910002 -            610 626                  -            594         0 1141.4   0.5   1   1         0         0 1141.2   0.5     2   593     6   604     5   605 0.99 -
626at766_142058_0:0002a2|OZ308468.1:908175-910005  -            610 626                  -            594         0 1141.4   0.5   1   1         0         0 1141.2   0.5     2   593     6   604     5   605 0.99 -
626at766_2115978_0:00013d|OZ308468.1:908190-909996 -            603 626                  -            594         0 1140.6   0.6   1   1         0         0 1140.4   0.6     2   593     1   599     1   600 0.99 -
626at766_1528098_0:00034f|OZ308468.1:908190-909999 -            604 626                  -            594         0 1140.6   0.6   1   1         0         0 1140.4   0.6     2   593     1   599     1   600 0.99 -
626at766_1802984_0:00002b|OZ308468.1:908181-909984 -            602 626                  -            594         0 1140.6   0.5   1   1         0         0 1140.4   0.5     2   592     4   601     3   602 0.99 -
626at766_696127_0:0003d9|OZ308468.1:908190-910002  -            605 626                  -            594         0 1140.6   0.6   1   1         0         0 1140.4   0.6     2   593     1   599     1   600 0.99 -
626at766_955_0:000348|OZ308468.1:908193-909996     -            602 626                  -            594         0 1139.6   0.5   1   1         0         0 1139.4   0.5     3   593     1   598     1   599 0.99 -
626at766_1274402_0:000150|OZ308468.1:908193-909990 -            600 626                  -            594         0 1139.6   0.5   1   1         0         0 1139.4   0.5     3   593     1   598     1   599 0.99 -
626at766_1714371_0:000273|OZ308468.1:908202-909990 -            597 626                  -            594         0 1134.5   0.5   1   1         0         0 1134.3   0.5     6   593     1   595     1   596 0.99 -
626at766_222891_0:0000fc|OZ308468.1:908202-909990  -            597 626                  -            594         0 1134.5   0.5   1   1         0         0 1134.3   0.5     6   593     1   595     1   596 0.99 -
626at766_434131_0:0001eb|OZ308468.1:908202-909990  -            597 626                  -            594         0 1134.5   0.5   1   1         0         0 1134.3   0.5     6   593     1   595     1   596 0.99 -
#
# Program:         hmmsearch
# Version:         3.4 (Aug 2023)
# Pipeline mode:   SEARCH
# Query file:      /Users/rossoaa/Desktop/dummy/genomes/records/compleasm/mb_downloads/rickettsiales_odb12/hmms/626at766.hmm
# Target file:     -
# Option settings: /Users/rossoaa/miniconda3/envs/compleasm_env/bin/hmmsearch --domtblout /Users/rossoaa/Desktop/dummy/genomes/records/compleasm/rickettsiales_odb12/hmmer_output/626at766.out --cpu 1 /Users/rossoaa/Desktop/dummy/genomes/records/compleasm/mb_downloads/rickettsiales_odb12/hmms/626at766.hmm - 
# Current dir:     /Users/rossoaa/Desktop/dummy/genomes/records/compleasm
# Date:            Tue Feb 10 10:20:23 2026
# [ok]
