#                                                                                                          --- full sequence --- -------------- this domain -------------   hmm coord   ali coord   env coord
# target name                                      accession   tlen query name           accession   qlen   E-value  score  bias   #  of  c-Evalue  i-Evalue  score  bias  from    to  from    to  from    to  acc description of target
#                              ------------------- ---------- ----- -------------------- ---------- ----- --------- ------ ----- --- --- --------- --------- ------ ----- ----- ----- ----- ----- ----- ----- ---- ---------------------
633at766_1105107_0:000249|OZ308468.1:502191-503076 -            296 633                  -            307  1.8e-143  468.7   0.6   1   1    2e-143    2e-143  468.5   0.6     3   306     3   295     1   296 0.98 -
633at766_1359168_0:0000e3|OZ308468.1:502188-503076 -            296 633                  -            307  1.8e-143  468.7   0.6   1   1    2e-143    2e-143  468.5   0.6     3   306     3   295     1   296 0.98 -
633at766_272947_0:0000c3|OZ308468.1:502188-503076  -            296 633                  -            307  1.8e-143  468.7   0.6   1   1    2e-143    2e-143  468.5   0.6     3   306     3   295     1   296 0.98 -
633at766_334380_0:0001e6|OZ308468.1:502188-503076  -            296 633                  -            307  1.8e-143  468.7   0.6   1   1    2e-143    2e-143  468.5   0.6     3   306     3   295     1   296 0.98 -
633at766_336407_0:00001a|OZ308468.1:502191-503076  -            296 633                  -            307  1.8e-143  468.7   0.6   1   1    2e-143    2e-143  468.5   0.6     3   306     3   295     1   296 0.98 -
633at766_481009_0:0003ec|OZ308468.1:502191-503076  -            296 633                  -            307  1.8e-143  468.7   0.6   1   1    2e-143    2e-143  468.5   0.6     3   306     3   295     1   296 0.98 -
633at766_696127_0:00045e|OZ308468.1:502191-503076  -            296 633                  -            307  1.8e-143  468.7   0.6   1   1    2e-143    2e-143  468.5   0.6     3   306     3   295     1   296 0.98 -
633at766_955_0:000121|OZ308468.1:502188-503076     -            296 633                  -            307  1.8e-143  468.7   0.6   1   1    2e-143    2e-143  468.5   0.6     3   306     3   295     1   296 0.98 -
633at766_1286528_0:0001d1|OZ308468.1:502191-503088 -            300 633                  -            307  1.9e-143  468.6   0.6   1   1  2.1e-143  2.1e-143  468.5   0.6     3   306     7   299     5   300 0.98 -
633at766_1714371_0:000226|OZ308468.1:502191-503094 -            302 633                  -            307  1.9e-143  468.6   0.6   1   1  2.2e-143  2.2e-143  468.4   0.6     3   306     9   301     7   302 0.98 -
633at766_222891_0:000187|OZ308468.1:502191-503073  -            295 633                  -            307  2.1e-143  468.5   0.6   1   1  2.4e-143  2.4e-143  468.3   0.6     3   306     2   294     1   295 0.99 -
633at766_434131_0:0000a1|OZ308468.1:502191-503073  -            295 633                  -            307  2.1e-143  468.5   0.6   1   1  2.4e-143  2.4e-143  468.3   0.6     3   306     2   294     1   295 0.99 -
633at766_1248439_0:0000fa|OZ308468.1:502188-503070 -            294 633                  -            307  3.1e-143  467.9   0.6   1   1  3.4e-143  3.4e-143  467.8   0.6     3   306     1   293     1   294 0.99 -
633at766_142058_0:00009d|OZ308468.1:502188-503070  -            294 633                  -            307  3.1e-143  467.9   0.6   1   1  3.4e-143  3.4e-143  467.8   0.6     3   306     1   293     1   294 0.99 -
633at766_1528098_0:000458|OZ308468.1:502188-503070 -            294 633                  -            307  3.1e-143  467.9   0.6   1   1  3.4e-143  3.4e-143  467.8   0.6     3   306     1   293     1   294 0.99 -
633at766_1605993_0:0001fd|OZ308468.1:502188-503070 -            294 633                  -            307  3.1e-143  467.9   0.6   1   1  3.4e-143  3.4e-143  467.8   0.6     3   306     1   293     1   294 0.99 -
633at766_169402_0:00058c|OZ308468.1:502188-503070  -            294 633                  -            307  3.1e-143  467.9   0.6   1   1  3.4e-143  3.4e-143  467.8   0.6     3   306     1   293     1   294 0.99 -
633at766_2115978_0:0002b0|OZ308468.1:502188-503070 -            294 633                  -            307  3.1e-143  467.9   0.6   1   1  3.4e-143  3.4e-143  467.8   0.6     3   306     1   293     1   294 0.99 -
633at766_246273_0:0000cb|OZ308468.1:502188-503070  -            294 633                  -            307  3.1e-143  467.9   0.6   1   1  3.4e-143  3.4e-143  467.8   0.6     3   306     1   293     1   294 0.99 -
633at766_574556_0:000366|OZ308468.1:502188-503070  -            294 633                  -            307  3.1e-143  467.9   0.6   1   1  3.4e-143  3.4e-143  467.8   0.6     3   306     1   293     1   294 0.99 -
633at766_779_0:00014b|OZ308468.1:502191-503070     -            294 633                  -            307  3.1e-143  467.9   0.6   1   1  3.4e-143  3.4e-143  467.8   0.6     3   306     1   293     1   294 0.99 -
633at766_96496_0:0001f0|OZ308468.1:502188-503070   -            294 633                  -            307  3.1e-143  467.9   0.6   1   1  3.4e-143  3.4e-143  467.8   0.6     3   306     1   293     1   294 0.99 -
633at766_1242993_0:0002dc|OZ308468.1:502191-503067 -            293 633                  -            307  6.4e-143  466.9   0.6   1   1  7.1e-143  7.1e-143  466.7   0.6     4   306     1   292     1   293 0.99 -
633at766_1359163_0:00024b|OZ308468.1:502191-503067 -            293 633                  -            307  6.4e-143  466.9   0.6   1   1  7.1e-143  7.1e-143  466.7   0.6     4   306     1   292     1   293 0.99 -
633at766_1423892_0:0002f6|OZ308468.1:502191-503067 -            293 633                  -            307  6.4e-143  466.9   0.6   1   1  7.1e-143  7.1e-143  466.7   0.6     4   306     1   292     1   293 0.99 -
633at766_1961830_0:000116|OZ308468.1:502191-503067 -            293 633                  -            307  6.4e-143  466.9   0.6   1   1  7.1e-143  7.1e-143  466.7   0.6     4   306     1   292     1   293 0.99 -
633at766_205920_0:000141|OZ308468.1:502191-503067  -            293 633                  -            307  6.4e-143  466.9   0.6   1   1  7.1e-143  7.1e-143  466.7   0.6     4   306     1   292     1   293 0.99 -
633at766_2486577_0:000176|OZ308468.1:502188-503067 -            293 633                  -            307  6.4e-143  466.9   0.6   1   1  7.1e-143  7.1e-143  466.7   0.6     4   306     1   292     1   293 0.99 -
633at766_391036_0:00002a|OZ308468.1:502191-503067  -            293 633                  -            307  6.4e-143  466.9   0.6   1   1  7.1e-143  7.1e-143  466.7   0.6     4   306     1   292     1   293 0.99 -
633at766_2602574_0:000347|OZ308468.1:502191-503064 -            292 633                  -            307  1.4e-142  465.7   0.5   1   1  1.6e-142  1.6e-142  465.6   0.5     5   306     1   291     1   292 0.99 -
633at766_86105_0:0007d5|OZ308468.1:502188-503064   -            292 633                  -            307  1.4e-142  465.7   0.5   1   1  1.6e-142  1.6e-142  465.6   0.5     5   306     1   291     1   292 0.99 -
633at766_2486578_0:00004a|OZ308468.1:502194-503064 -            291 633                  -            307  2.2e-142  465.1   0.5   1   1  2.4e-142  2.4e-142  465.0   0.5     5   305     1   290     1   291 0.99 -
633at766_752179_0:00021a|OZ308468.1:502197-503064  -            290 633                  -            307  4.4e-142  464.1   0.6   1   1  4.9e-142  4.9e-142  464.0   0.6     5   305     1   290     1   290 0.99 -
633at766_1392507_0:000376|OZ308468.1:502200-503067 -            290 633                  -            307  6.6e-142  463.5   0.6   1   1  7.5e-142  7.5e-142  463.4   0.6     4   304     1   290     1   290 0.99 -
#
# Program:         hmmsearch
# Version:         3.4 (Aug 2023)
# Pipeline mode:   SEARCH
# Query file:      /Users/rossoaa/Desktop/dummy/genomes/records/compleasm/mb_downloads/rickettsiales_odb12/hmms/633at766.hmm
# Target file:     -
# Option settings: /Users/rossoaa/miniconda3/envs/compleasm_env/bin/hmmsearch --domtblout /Users/rossoaa/Desktop/dummy/genomes/records/compleasm/rickettsiales_odb12/hmmer_output/633at766.out --cpu 1 /Users/rossoaa/Desktop/dummy/genomes/records/compleasm/mb_downloads/rickettsiales_odb12/hmms/633at766.hmm - 
# Current dir:     /Users/rossoaa/Desktop/dummy/genomes/records/compleasm
# Date:            Tue Feb 10 10:20:21 2026
# [ok]
