#                                                                                                           --- full sequence --- -------------- this domain -------------   hmm coord   ali coord   env coord
# target name                                       accession   tlen query name           accession   qlen   E-value  score  bias   #  of  c-Evalue  i-Evalue  score  bias  from    to  from    to  from    to  acc description of target
#                               ------------------- ---------- ----- -------------------- ---------- ----- --------- ------ ----- --- --- --------- --------- ------ ----- ----- ----- ----- ----- ----- ----- ---- ---------------------
6342at766_334380_0:0003d6|OZ308468.1:567485-567977  -            164 6342                 -            160  2.1e-101  327.2   1.1   1   1  2.3e-101  2.3e-101  327.1   1.1     4   159     4   163     1   164 0.95 -
6342at766_1605993_0:000158|OZ308468.1:567485-567986 -            167 6342                 -            160  2.2e-101  327.2   1.1   1   1  2.5e-101  2.5e-101  327.0   1.1     4   159     7   166     4   167 0.95 -
6342at766_246273_0:0000ea|OZ308468.1:567485-567989  -            168 6342                 -            160  2.3e-101  327.1   1.1   1   1  2.6e-101  2.6e-101  327.0   1.1     4   159     8   167     5   168 0.95 -
6342at766_96496_0:0000ae|OZ308468.1:567485-567989   -            168 6342                 -            160  2.3e-101  327.1   1.1   1   1  2.6e-101  2.6e-101  327.0   1.1     4   159     8   167     5   168 0.95 -
6342at766_222891_0:0000f1|OZ308468.1:567488-567992  -            169 6342                 -            160  2.3e-101  327.1   1.1   1   1  2.6e-101  2.6e-101  326.9   1.1     4   159     9   168     6   169 0.95 -
6342at766_169402_0:0001b8|OZ308468.1:567485-567974  -            163 6342                 -            160  2.7e-101  326.9   1.2   1   1    3e-101    3e-101  326.8   1.2     4   159     3   162     1   163 0.95 -
6342at766_696127_0:000048|OZ308468.1:567485-567974  -            163 6342                 -            160  2.7e-101  326.9   1.2   1   1    3e-101    3e-101  326.8   1.2     4   159     3   162     1   163 0.95 -
6342at766_1359163_0:0001ab|OZ308468.1:567491-567980 -            164 6342                 -            160  3.4e-101  326.6   1.1   1   1  3.8e-101  3.8e-101  326.4   1.1     4   158     5   163     2   164 0.95 -
6342at766_1286528_0:000260|OZ308468.1:567485-567971 -            162 6342                 -            160  3.6e-101  326.5   1.3   1   1    4e-101    4e-101  326.3   1.3     6   159     4   161     1   162 0.95 -
6342at766_272947_0:000190|OZ308468.1:567494-567974  -            161 6342                 -            160  8.7e-101  325.3   1.3   1   1  9.6e-101  9.6e-101  325.1   1.3     4   158     3   161     1   161 0.95 -
6342at766_779_0:00024a|OZ308468.1:567494-567974     -            161 6342                 -            160  8.7e-101  325.3   1.3   1   1  9.6e-101  9.6e-101  325.1   1.3     4   158     3   161     1   161 0.95 -
6342at766_1242993_0:000037|OZ308468.1:567497-567974 -            160 6342                 -            160  1.9e-100  324.2   1.3   1   1  2.1e-100  2.1e-100  324.0   1.3     4   157     3   160     1   160 0.96 -
6342at766_1392507_0:000058|OZ308468.1:567497-567974 -            160 6342                 -            160  1.9e-100  324.2   1.3   1   1  2.1e-100  2.1e-100  324.0   1.3     4   157     3   160     1   160 0.96 -
6342at766_1423892_0:000243|OZ308468.1:567497-567974 -            160 6342                 -            160  1.9e-100  324.2   1.3   1   1  2.1e-100  2.1e-100  324.0   1.3     4   157     3   160     1   160 0.96 -
6342at766_205920_0:0002f3|OZ308468.1:567497-567974  -            160 6342                 -            160  1.9e-100  324.2   1.3   1   1  2.1e-100  2.1e-100  324.0   1.3     4   157     3   160     1   160 0.96 -
6342at766_1248439_0:000203|OZ308468.1:567494-567959 -            156 6342                 -            160  4.4e-100  323.0   1.8   1   1  4.9e-100  4.9e-100  322.8   1.8     7   158     1   156     1   156 0.96 -
6342at766_955_0:0000e3|OZ308468.1:567500-567974     -            159 6342                 -            160  4.6e-100  322.9   1.4   1   1  5.1e-100  5.1e-100  322.8   1.4     4   156     3   159     1   159 0.96 -
6342at766_142058_0:0001c3|OZ308468.1:567497-567959  -            155 6342                 -            160  9.6e-100  321.9   1.9   1   1   1.1e-99   1.1e-99  321.7   1.9     7   157     1   155     1   155 0.96 -
6342at766_2115978_0:000271|OZ308468.1:567491-567953 -            155 6342                 -            160  9.8e-100  321.8   1.9   1   1   1.1e-99   1.1e-99  321.7   1.9    10   158     2   154     1   155 0.96 -
6342at766_1105107_0:000339|OZ308468.1:567494-567956 -            155 6342                 -            160     1e-99  321.7   1.9   1   1   1.2e-99   1.2e-99  321.6   1.9     9   158     2   155     1   155 0.96 -
6342at766_336407_0:0004b8|OZ308468.1:567494-567956  -            155 6342                 -            160     1e-99  321.7   1.9   1   1   1.2e-99   1.2e-99  321.6   1.9     9   158     2   155     1   155 0.96 -
6342at766_481009_0:000460|OZ308468.1:567494-567956  -            155 6342                 -            160     1e-99  321.7   1.9   1   1   1.2e-99   1.2e-99  321.6   1.9     9   158     2   155     1   155 0.96 -
6342at766_1274402_0:00027b|OZ308468.1:567491-567947 -            153 6342                 -            160   3.3e-99  320.1   1.7   1   1   3.7e-99   3.7e-99  320.0   1.7    12   158     2   152     1   153 0.96 -
6342at766_1802984_0:0000f9|OZ308468.1:567497-567953 -            153 6342                 -            160   4.5e-99  319.7   2.2   1   1     5e-99     5e-99  319.5   2.2    10   157     2   153     1   153 0.96 -
6342at766_752179_0:00009d|OZ308468.1:567488-567941  -            152 6342                 -            160     1e-98  318.5   2.0   1   1   1.1e-98   1.1e-98  318.4   2.0    13   159     1   151     1   152 0.96 -
6342at766_1528098_0:000569|OZ308468.1:567485-567938 -            151 6342                 -            160     3e-98  317.0   2.3   1   1   3.3e-98   3.3e-98  316.9   2.3    14   159     1   150     1   151 0.96 -
6342at766_1714371_0:0002d7|OZ308468.1:567488-567938 -            151 6342                 -            160     3e-98  317.0   2.3   1   1   3.3e-98   3.3e-98  316.9   2.3    14   159     1   150     1   151 0.96 -
6342at766_86105_0:000699|OZ308468.1:567485-567938   -            151 6342                 -            160     3e-98  317.0   2.3   1   1   3.3e-98   3.3e-98  316.9   2.3    14   159     1   150     1   151 0.96 -
6342at766_2486578_0:00048a|OZ308468.1:567494-567941 -            150 6342                 -            160   3.4e-98  316.8   2.1   1   1   3.8e-98   3.8e-98  316.7   2.1    13   158     1   150     1   150 0.96 -
6342at766_1961830_0:000362|OZ308468.1:567494-567938 -            149 6342                 -            160     1e-97  315.3   2.5   1   1   1.1e-97   1.1e-97  315.1   2.5    14   158     1   149     1   149 0.96 -
6342at766_2602574_0:00003f|OZ308468.1:567494-567938 -            149 6342                 -            160     1e-97  315.3   2.5   1   1   1.1e-97   1.1e-97  315.1   2.5    14   158     1   149     1   149 0.96 -
#
# Program:         hmmsearch
# Version:         3.4 (Aug 2023)
# Pipeline mode:   SEARCH
# Query file:      /Users/rossoaa/Desktop/dummy/genomes/records/compleasm/mb_downloads/rickettsiales_odb12/hmms/6342at766.hmm
# Target file:     -
# Option settings: /Users/rossoaa/miniconda3/envs/compleasm_env/bin/hmmsearch --domtblout /Users/rossoaa/Desktop/dummy/genomes/records/compleasm/rickettsiales_odb12/hmmer_output/6342at766.out --cpu 1 /Users/rossoaa/Desktop/dummy/genomes/records/compleasm/mb_downloads/rickettsiales_odb12/hmms/6342at766.hmm - 
# Current dir:     /Users/rossoaa/Desktop/dummy/genomes/records/compleasm
# Date:            Tue Feb 10 10:20:22 2026
# [ok]
