#                                                                                                          --- full sequence --- -------------- this domain -------------   hmm coord   ali coord   env coord
# target name                                      accession   tlen query name           accession   qlen   E-value  score  bias   #  of  c-Evalue  i-Evalue  score  bias  from    to  from    to  from    to  acc description of target
#                              ------------------- ---------- ----- -------------------- ---------- ----- --------- ------ ----- --- --- --------- --------- ------ ----- ----- ----- ----- ----- ----- ----- ---- ---------------------
636at766_1105107_0:0001a5|OZ308468.1:188167-189517 -            450 636                  -            446  1.8e-211  693.6   0.5   1   1    2e-211    2e-211  693.4   0.5     3   444     4   449     2   450 0.98 -
636at766_1359168_0:000292|OZ308468.1:188167-189517 -            450 636                  -            446  1.8e-211  693.6   0.5   1   1    2e-211    2e-211  693.4   0.5     3   444     4   449     2   450 0.98 -
636at766_1605993_0:0002a8|OZ308468.1:188167-189517 -            450 636                  -            446  1.8e-211  693.6   0.5   1   1    2e-211    2e-211  693.4   0.5     3   444     4   449     2   450 0.98 -
636at766_246273_0:0002d2|OZ308468.1:188167-189517  -            450 636                  -            446  1.8e-211  693.6   0.5   1   1    2e-211    2e-211  693.4   0.5     3   444     4   449     2   450 0.98 -
636at766_272947_0:000194|OZ308468.1:188167-189517  -            450 636                  -            446  1.8e-211  693.6   0.5   1   1    2e-211    2e-211  693.4   0.5     3   444     4   449     2   450 0.98 -
636at766_334380_0:000469|OZ308468.1:188167-189517  -            450 636                  -            446  1.8e-211  693.6   0.5   1   1    2e-211    2e-211  693.4   0.5     3   444     4   449     2   450 0.98 -
636at766_2486577_0:00018a|OZ308468.1:188170-189523 -            452 636                  -            446  1.8e-211  693.6   0.5   1   1    2e-211    2e-211  693.4   0.5     3   444     6   451     4   452 0.98 -
636at766_2486578_0:00001a|OZ308468.1:188167-189514 -            449 636                  -            446  1.8e-211  693.6   0.5   1   1    2e-211    2e-211  693.4   0.5     3   444     3   448     1   449 0.98 -
636at766_86105_0:000441|OZ308468.1:188167-189514   -            449 636                  -            446  1.8e-211  693.6   0.5   1   1    2e-211    2e-211  693.4   0.5     3   444     3   448     1   449 0.98 -
636at766_1802984_0:000005|OZ308468.1:188170-189511 -            448 636                  -            446  2.5e-211  693.1   0.8   1   1  2.8e-211  2.8e-211  692.9   0.8     3   444     2   447     1   448 0.98 -
636at766_955_0:000288|OZ308468.1:188173-189517     -            449 636                  -            446  2.8e-211  692.9   0.4   1   1  3.1e-211  3.1e-211  692.7   0.4     3   443     4   448     2   449 0.98 -
636at766_1248439_0:00000a|OZ308468.1:188173-189514 -            448 636                  -            446  2.8e-211  692.9   0.4   1   1  3.1e-211  3.1e-211  692.8   0.4     3   443     3   447     1   448 0.98 -
636at766_142058_0:000215|OZ308468.1:188173-189514  -            448 636                  -            446  2.8e-211  692.9   0.4   1   1  3.1e-211  3.1e-211  692.8   0.4     3   443     3   447     1   448 0.98 -
636at766_222891_0:000102|OZ308468.1:188173-189514  -            448 636                  -            446  2.8e-211  692.9   0.4   1   1  3.1e-211  3.1e-211  692.8   0.4     3   443     3   447     1   448 0.98 -
636at766_1528098_0:00049e|OZ308468.1:188173-189511 -            447 636                  -            446  3.8e-211  692.5   0.7   1   1  4.3e-211  4.3e-211  692.3   0.7     3   443     2   446     1   447 0.98 -
636at766_1423892_0:0001ee|OZ308468.1:188167-189508 -            447 636                  -            446  4.2e-211  692.4   1.0   1   1  4.6e-211  4.6e-211  692.2   1.0     3   444     1   446     1   447 0.98 -
636at766_336407_0:000072|OZ308468.1:188167-189508  -            447 636                  -            446  4.2e-211  692.4   1.0   1   1  4.6e-211  4.6e-211  692.2   1.0     3   444     1   446     1   447 0.98 -
636at766_391036_0:00024c|OZ308468.1:188167-189508  -            447 636                  -            446  4.2e-211  692.4   1.0   1   1  4.6e-211  4.6e-211  692.2   1.0     3   444     1   446     1   447 0.98 -
636at766_481009_0:000053|OZ308468.1:188167-189508  -            447 636                  -            446  4.2e-211  692.4   1.0   1   1  4.6e-211  4.6e-211  692.2   1.0     3   444     1   446     1   447 0.98 -
636at766_1274402_0:0000a4|OZ308468.1:188176-189514 -            447 636                  -            446  4.5e-211  692.2   0.4   1   1    5e-211    5e-211  692.1   0.4     3   443     3   447     1   447 0.98 -
636at766_1392507_0:000368|OZ308468.1:188176-189514 -            447 636                  -            446  4.5e-211  692.2   0.4   1   1    5e-211    5e-211  692.1   0.4     3   443     3   447     1   447 0.98 -
636at766_1714371_0:0000ac|OZ308468.1:188176-189514 -            447 636                  -            446  4.5e-211  692.2   0.4   1   1    5e-211    5e-211  692.1   0.4     3   443     3   447     1   447 0.98 -
636at766_1961830_0:000169|OZ308468.1:188176-189514 -            447 636                  -            446  4.5e-211  692.2   0.4   1   1    5e-211    5e-211  692.1   0.4     3   443     3   447     1   447 0.98 -
636at766_2602574_0:0001ab|OZ308468.1:188176-189514 -            447 636                  -            446  4.5e-211  692.2   0.4   1   1    5e-211    5e-211  692.1   0.4     3   443     3   447     1   447 0.98 -
636at766_434131_0:0002b2|OZ308468.1:188176-189514  -            447 636                  -            446  4.5e-211  692.2   0.4   1   1    5e-211    5e-211  692.1   0.4     3   443     3   447     1   447 0.98 -
636at766_696127_0:0001da|OZ308468.1:188176-189514  -            447 636                  -            446  4.5e-211  692.2   0.4   1   1    5e-211    5e-211  692.1   0.4     3   443     3   447     1   447 0.98 -
636at766_752179_0:000120|OZ308468.1:188176-189514  -            447 636                  -            446  4.5e-211  692.2   0.4   1   1    5e-211    5e-211  692.1   0.4     3   443     3   447     1   447 0.98 -
636at766_2115978_0:000463|OZ308468.1:188176-189511 -            446 636                  -            446  6.2e-211  691.8   0.7   1   1  6.9e-211  6.9e-211  691.6   0.7     3   443     2   446     1   446 0.98 -
636at766_1242993_0:00031c|OZ308468.1:188173-189508 -            446 636                  -            446  6.3e-211  691.8   0.9   1   1    7e-211    7e-211  691.6   0.9     3   443     1   445     1   446 0.98 -
636at766_1359163_0:000187|OZ308468.1:188173-189508 -            446 636                  -            446  6.3e-211  691.8   0.9   1   1    7e-211    7e-211  691.6   0.9     3   443     1   445     1   446 0.98 -
636at766_169402_0:00053a|OZ308468.1:188173-189508  -            446 636                  -            446  6.3e-211  691.8   0.9   1   1    7e-211    7e-211  691.6   0.9     3   443     1   445     1   446 0.98 -
636at766_205920_0:00029a|OZ308468.1:188173-189508  -            446 636                  -            446  6.3e-211  691.8   0.9   1   1    7e-211    7e-211  691.6   0.9     3   443     1   445     1   446 0.98 -
636at766_779_0:0000ec|OZ308468.1:188173-189508     -            446 636                  -            446  6.3e-211  691.8   0.9   1   1    7e-211    7e-211  691.6   0.9     3   443     1   445     1   446 0.98 -
636at766_1286528_0:000066|OZ308468.1:188176-189508 -            445 636                  -            446    1e-210  691.1   0.9   1   1  1.1e-210  1.1e-210  690.9   0.9     3   443     1   445     1   445 0.98 -
#
# Program:         hmmsearch
# Version:         3.4 (Aug 2023)
# Pipeline mode:   SEARCH
# Query file:      /Users/rossoaa/Desktop/dummy/genomes/records/compleasm/mb_downloads/rickettsiales_odb12/hmms/636at766.hmm
# Target file:     -
# Option settings: /Users/rossoaa/miniconda3/envs/compleasm_env/bin/hmmsearch --domtblout /Users/rossoaa/Desktop/dummy/genomes/records/compleasm/rickettsiales_odb12/hmmer_output/636at766.out --cpu 1 /Users/rossoaa/Desktop/dummy/genomes/records/compleasm/mb_downloads/rickettsiales_odb12/hmms/636at766.hmm - 
# Current dir:     /Users/rossoaa/Desktop/dummy/genomes/records/compleasm
# Date:            Tue Feb 10 10:20:24 2026
# [ok]
