#                                                                                                           --- full sequence --- -------------- this domain -------------   hmm coord   ali coord   env coord
# target name                                       accession   tlen query name           accession   qlen   E-value  score  bias   #  of  c-Evalue  i-Evalue  score  bias  from    to  from    to  from    to  acc description of target
#                               ------------------- ---------- ----- -------------------- ---------- ----- --------- ------ ----- --- --- --------- --------- ------ ----- ----- ----- ----- ----- ----- ----- ---- ---------------------
6396at766_1242993_0:0002a8|OZ308468.1:778409-778814 -            135 6396                 -            138   9.8e-60  191.5   0.1   1   1   1.1e-59   1.1e-59  191.3   0.1     1   137     1   134     1   135 0.95 -
6396at766_1248439_0:000297|OZ308468.1:778412-778814 -            135 6396                 -            138   9.8e-60  191.5   0.1   1   1   1.1e-59   1.1e-59  191.3   0.1     1   137     1   134     1   135 0.95 -
6396at766_1286528_0:000224|OZ308468.1:778412-778814 -            135 6396                 -            138   9.8e-60  191.5   0.1   1   1   1.1e-59   1.1e-59  191.3   0.1     1   137     1   134     1   135 0.95 -
6396at766_1359163_0:0000fb|OZ308468.1:778412-778814 -            135 6396                 -            138   9.8e-60  191.5   0.1   1   1   1.1e-59   1.1e-59  191.3   0.1     1   137     1   134     1   135 0.95 -
6396at766_1392507_0:00015f|OZ308468.1:778412-778814 -            135 6396                 -            138   9.8e-60  191.5   0.1   1   1   1.1e-59   1.1e-59  191.3   0.1     1   137     1   134     1   135 0.95 -
6396at766_1423892_0:00030b|OZ308468.1:778412-778814 -            135 6396                 -            138   9.8e-60  191.5   0.1   1   1   1.1e-59   1.1e-59  191.3   0.1     1   137     1   134     1   135 0.95 -
6396at766_1528098_0:0001d4|OZ308468.1:778412-778814 -            135 6396                 -            138   9.8e-60  191.5   0.1   1   1   1.1e-59   1.1e-59  191.3   0.1     1   137     1   134     1   135 0.95 -
6396at766_1605993_0:000275|OZ308468.1:778409-778814 -            135 6396                 -            138   9.8e-60  191.5   0.1   1   1   1.1e-59   1.1e-59  191.3   0.1     1   137     1   134     1   135 0.95 -
6396at766_169402_0:0001c0|OZ308468.1:778412-778814  -            135 6396                 -            138   9.8e-60  191.5   0.1   1   1   1.1e-59   1.1e-59  191.3   0.1     1   137     1   134     1   135 0.95 -
6396at766_205920_0:000156|OZ308468.1:778412-778814  -            135 6396                 -            138   9.8e-60  191.5   0.1   1   1   1.1e-59   1.1e-59  191.3   0.1     1   137     1   134     1   135 0.95 -
6396at766_222891_0:000064|OZ308468.1:778409-778814  -            135 6396                 -            138   9.8e-60  191.5   0.1   1   1   1.1e-59   1.1e-59  191.3   0.1     1   137     1   134     1   135 0.95 -
6396at766_246273_0:0000b1|OZ308468.1:778409-778814  -            135 6396                 -            138   9.8e-60  191.5   0.1   1   1   1.1e-59   1.1e-59  191.3   0.1     1   137     1   134     1   135 0.95 -
6396at766_2486577_0:000353|OZ308468.1:778412-778814 -            135 6396                 -            138   9.8e-60  191.5   0.1   1   1   1.1e-59   1.1e-59  191.3   0.1     1   137     1   134     1   135 0.95 -
6396at766_2602574_0:0003c9|OZ308468.1:778412-778814 -            135 6396                 -            138   9.8e-60  191.5   0.1   1   1   1.1e-59   1.1e-59  191.3   0.1     1   137     1   134     1   135 0.95 -
6396at766_391036_0:000294|OZ308468.1:778412-778814  -            135 6396                 -            138   9.8e-60  191.5   0.1   1   1   1.1e-59   1.1e-59  191.3   0.1     1   137     1   134     1   135 0.95 -
6396at766_779_0:000032|OZ308468.1:778412-778814     -            135 6396                 -            138   9.8e-60  191.5   0.1   1   1   1.1e-59   1.1e-59  191.3   0.1     1   137     1   134     1   135 0.95 -
6396at766_955_0:00027c|OZ308468.1:778412-778814     -            135 6396                 -            138   9.8e-60  191.5   0.1   1   1   1.1e-59   1.1e-59  191.3   0.1     1   137     1   134     1   135 0.95 -
6396at766_96496_0:0002ac|OZ308468.1:778412-778814   -            135 6396                 -            138   9.8e-60  191.5   0.1   1   1   1.1e-59   1.1e-59  191.3   0.1     1   137     1   134     1   135 0.95 -
6396at766_2115978_0:000088|OZ308468.1:778412-778817 -            136 6396                 -            138     1e-59  191.4   0.1   1   1   1.1e-59   1.1e-59  191.3   0.1     1   137     2   135     2   136 0.95 -
6396at766_1714371_0:0001b2|OZ308468.1:778409-778829 -            140 6396                 -            138   1.1e-59  191.3   0.1   1   1   1.3e-59   1.3e-59  191.1   0.1     1   137     6   139     6   140 0.95 -
6396at766_434131_0:0002a2|OZ308468.1:778409-778829  -            140 6396                 -            138   1.1e-59  191.3   0.1   1   1   1.3e-59   1.3e-59  191.1   0.1     1   137     6   139     6   140 0.95 -
6396at766_696127_0:0001c6|OZ308468.1:778412-778832  -            141 6396                 -            138   1.2e-59  191.2   0.1   1   1   1.3e-59   1.3e-59  191.1   0.1     1   137     7   140     7   141 0.95 -
6396at766_86105_0:0004d9|OZ308468.1:778409-778832   -            141 6396                 -            138   1.2e-59  191.2   0.1   1   1   1.3e-59   1.3e-59  191.1   0.1     1   137     7   140     7   141 0.95 -
6396at766_142058_0:0001f9|OZ308468.1:778412-778838  -            143 6396                 -            138   1.2e-59  191.2   0.1   1   1   1.4e-59   1.4e-59  191.0   0.1     1   137     9   142     9   143 0.95 -
6396at766_574556_0:00024a|OZ308468.1:778412-778841  -            144 6396                 -            138   1.3e-59  191.1   0.1   1   1   1.4e-59   1.4e-59  191.0   0.1     1   137    10   143    10   144 0.95 -
6396at766_2486578_0:0003bb|OZ308468.1:778409-778805 -            132 6396                 -            138     3e-58  186.7   0.1   1   1   3.3e-58   3.3e-58  186.5   0.1     4   137     1   131     1   132 0.94 -
#
# Program:         hmmsearch
# Version:         3.4 (Aug 2023)
# Pipeline mode:   SEARCH
# Query file:      /Users/rossoaa/Desktop/dummy/genomes/records/compleasm/mb_downloads/rickettsiales_odb12/hmms/6396at766.hmm
# Target file:     -
# Option settings: /Users/rossoaa/miniconda3/envs/compleasm_env/bin/hmmsearch --domtblout /Users/rossoaa/Desktop/dummy/genomes/records/compleasm/rickettsiales_odb12/hmmer_output/6396at766.out --cpu 1 /Users/rossoaa/Desktop/dummy/genomes/records/compleasm/mb_downloads/rickettsiales_odb12/hmms/6396at766.hmm - 
# Current dir:     /Users/rossoaa/Desktop/dummy/genomes/records/compleasm
# Date:            Tue Feb 10 10:20:23 2026
# [ok]
