#                                                                                                         --- full sequence --- -------------- this domain -------------   hmm coord   ali coord   env coord
# target name                                     accession   tlen query name           accession   qlen   E-value  score  bias   #  of  c-Evalue  i-Evalue  score  bias  from    to  from    to  from    to  acc description of target
#                             ------------------- ---------- ----- -------------------- ---------- ----- --------- ------ ----- --- --- --------- --------- ------ ----- ----- ----- ----- ----- ----- ----- ---- ---------------------
63at766_1105107_0:000264|OZ308468.1:259327-259939 -            205 63                   -            202  1.3e-105  342.5   1.0   1   1  1.4e-105  1.4e-105  342.3   1.0     1   202     1   204     1   204 0.98 -
63at766_1248439_0:00026b|OZ308468.1:259327-259939 -            205 63                   -            202  1.3e-105  342.5   1.0   1   1  1.4e-105  1.4e-105  342.3   1.0     1   202     1   204     1   204 0.98 -
63at766_1274402_0:0000a9|OZ308468.1:259327-259939 -            205 63                   -            202  1.3e-105  342.5   1.0   1   1  1.4e-105  1.4e-105  342.3   1.0     1   202     1   204     1   204 0.98 -
63at766_1359168_0:00014f|OZ308468.1:259327-259939 -            205 63                   -            202  1.3e-105  342.5   1.0   1   1  1.4e-105  1.4e-105  342.3   1.0     1   202     1   204     1   204 0.98 -
63at766_1528098_0:000467|OZ308468.1:259327-259939 -            205 63                   -            202  1.3e-105  342.5   1.0   1   1  1.4e-105  1.4e-105  342.3   1.0     1   202     1   204     1   204 0.98 -
63at766_1961830_0:0002e4|OZ308468.1:259327-259939 -            205 63                   -            202  1.3e-105  342.5   1.0   1   1  1.4e-105  1.4e-105  342.3   1.0     1   202     1   204     1   204 0.98 -
63at766_2486578_0:000173|OZ308468.1:259327-259939 -            205 63                   -            202  1.3e-105  342.5   1.0   1   1  1.4e-105  1.4e-105  342.3   1.0     1   202     1   204     1   204 0.98 -
63at766_272947_0:000191|OZ308468.1:259327-259939  -            205 63                   -            202  1.3e-105  342.5   1.0   1   1  1.4e-105  1.4e-105  342.3   1.0     1   202     1   204     1   204 0.98 -
63at766_334380_0:000423|OZ308468.1:259327-259939  -            205 63                   -            202  1.3e-105  342.5   1.0   1   1  1.4e-105  1.4e-105  342.3   1.0     1   202     1   204     1   204 0.98 -
63at766_336407_0:0003e7|OZ308468.1:259327-259939  -            205 63                   -            202  1.3e-105  342.5   1.0   1   1  1.4e-105  1.4e-105  342.3   1.0     1   202     1   204     1   204 0.98 -
63at766_481009_0:0000c0|OZ308468.1:259327-259939  -            205 63                   -            202  1.3e-105  342.5   1.0   1   1  1.4e-105  1.4e-105  342.3   1.0     1   202     1   204     1   204 0.98 -
63at766_1286528_0:0000a2|OZ308468.1:259327-259942 -            206 63                   -            202  1.3e-105  342.5   1.0   1   1  1.5e-105  1.5e-105  342.3   1.0     1   202     2   205     2   205 0.98 -
63at766_1242993_0:000108|OZ308468.1:259321-259939 -            206 63                   -            202  1.3e-105  342.5   1.0   1   1  1.5e-105  1.5e-105  342.3   1.0     1   202     1   204     1   204 0.98 -
63at766_1359163_0:0001aa|OZ308468.1:259321-259939 -            206 63                   -            202  1.3e-105  342.5   1.0   1   1  1.5e-105  1.5e-105  342.3   1.0     1   202     1   204     1   204 0.98 -
63at766_1392507_0:000203|OZ308468.1:259321-259939 -            206 63                   -            202  1.3e-105  342.5   1.0   1   1  1.5e-105  1.5e-105  342.3   1.0     1   202     1   204     1   204 0.98 -
63at766_142058_0:000340|OZ308468.1:259321-259939  -            206 63                   -            202  1.3e-105  342.5   1.0   1   1  1.5e-105  1.5e-105  342.3   1.0     1   202     1   204     1   204 0.98 -
63at766_1423892_0:00017a|OZ308468.1:259321-259939 -            206 63                   -            202  1.3e-105  342.5   1.0   1   1  1.5e-105  1.5e-105  342.3   1.0     1   202     1   204     1   204 0.98 -
63at766_1605993_0:0000aa|OZ308468.1:259321-259939 -            206 63                   -            202  1.3e-105  342.5   1.0   1   1  1.5e-105  1.5e-105  342.3   1.0     1   202     1   204     1   204 0.98 -
63at766_169402_0:0001d9|OZ308468.1:259321-259939  -            206 63                   -            202  1.3e-105  342.5   1.0   1   1  1.5e-105  1.5e-105  342.3   1.0     1   202     1   204     1   204 0.98 -
63at766_205920_0:0002c6|OZ308468.1:259321-259939  -            206 63                   -            202  1.3e-105  342.5   1.0   1   1  1.5e-105  1.5e-105  342.3   1.0     1   202     1   204     1   204 0.98 -
63at766_246273_0:00023b|OZ308468.1:259321-259939  -            206 63                   -            202  1.3e-105  342.5   1.0   1   1  1.5e-105  1.5e-105  342.3   1.0     1   202     1   204     1   204 0.98 -
63at766_391036_0:00033c|OZ308468.1:259321-259939  -            206 63                   -            202  1.3e-105  342.5   1.0   1   1  1.5e-105  1.5e-105  342.3   1.0     1   202     1   204     1   204 0.98 -
63at766_696127_0:00015a|OZ308468.1:259324-259939  -            206 63                   -            202  1.3e-105  342.5   1.0   1   1  1.5e-105  1.5e-105  342.3   1.0     1   202     1   204     1   204 0.98 -
63at766_779_0:0002f7|OZ308468.1:259321-259939     -            206 63                   -            202  1.3e-105  342.5   1.0   1   1  1.5e-105  1.5e-105  342.3   1.0     1   202     1   204     1   204 0.98 -
63at766_86105_0:0002b9|OZ308468.1:259321-259939   -            206 63                   -            202  1.3e-105  342.5   1.0   1   1  1.5e-105  1.5e-105  342.3   1.0     1   202     1   204     1   204 0.98 -
63at766_955_0:0001c0|OZ308468.1:259321-259939     -            206 63                   -            202  1.3e-105  342.5   1.0   1   1  1.5e-105  1.5e-105  342.3   1.0     1   202     1   204     1   204 0.98 -
63at766_96496_0:0002db|OZ308468.1:259321-259939   -            206 63                   -            202  1.3e-105  342.5   1.0   1   1  1.5e-105  1.5e-105  342.3   1.0     1   202     1   204     1   204 0.98 -
63at766_434131_0:000127|OZ308468.1:259321-259942  -            207 63                   -            202  1.3e-105  342.4   1.0   1   1  1.5e-105  1.5e-105  342.3   1.0     1   202     2   205     2   205 0.98 -
63at766_1714371_0:0001b1|OZ308468.1:259321-259927 -            202 63                   -            202  4.4e-104  337.5   0.9   1   1    5e-104    5e-104  337.3   0.9     5   202     1   200     1   200 0.98 -
63at766_222891_0:00010f|OZ308468.1:259321-259927  -            202 63                   -            202  4.4e-104  337.5   0.9   1   1    5e-104    5e-104  337.3   0.9     5   202     1   200     1   200 0.98 -
63at766_1802984_0:000220|OZ308468.1:259351-259939 -            197 63                   -            202  2.9e-102  331.5   0.7   1   1  3.2e-102  3.2e-102  331.4   0.7     1   194     1   196     1   197 0.98 -
#
# Program:         hmmsearch
# Version:         3.4 (Aug 2023)
# Pipeline mode:   SEARCH
# Query file:      /Users/rossoaa/Desktop/dummy/genomes/records/compleasm/mb_downloads/rickettsiales_odb12/hmms/63at766.hmm
# Target file:     -
# Option settings: /Users/rossoaa/miniconda3/envs/compleasm_env/bin/hmmsearch --domtblout /Users/rossoaa/Desktop/dummy/genomes/records/compleasm/rickettsiales_odb12/hmmer_output/63at766.out --cpu 1 /Users/rossoaa/Desktop/dummy/genomes/records/compleasm/mb_downloads/rickettsiales_odb12/hmms/63at766.hmm - 
# Current dir:     /Users/rossoaa/Desktop/dummy/genomes/records/compleasm
# Date:            Tue Feb 10 10:20:21 2026
# [ok]
