#                                                                                                          --- full sequence --- -------------- this domain -------------   hmm coord   ali coord   env coord
# target name                                      accession   tlen query name           accession   qlen   E-value  score  bias   #  of  c-Evalue  i-Evalue  score  bias  from    to  from    to  from    to  acc description of target
#                              ------------------- ---------- ----- -------------------- ---------- ----- --------- ------ ----- --- --- --------- --------- ------ ----- ----- ----- ----- ----- ----- ----- ---- ---------------------
641at766_955_0:00015c|OZ308468.1:983337-984411     -            359 641                  -            350    6e-186  608.8   7.7   1   1  6.7e-186  6.7e-186  608.6   7.7     1   348     1   356     1   358 0.97 -
641at766_169402_0:00020d|OZ308468.1:983337-984414  -            360 641                  -            350  6.1e-186  608.8   7.7   1   1  6.8e-186  6.8e-186  608.6   7.7     1   348     1   356     1   358 0.97 -
641at766_246273_0:00038b|OZ308468.1:983337-984414  -            360 641                  -            350  6.1e-186  608.8   7.7   1   1  6.8e-186  6.8e-186  608.6   7.7     1   348     1   356     1   358 0.97 -
641at766_752179_0:0000fd|OZ308468.1:983337-984414  -            360 641                  -            350  6.1e-186  608.8   7.7   1   1  6.8e-186  6.8e-186  608.6   7.7     1   348     1   356     1   358 0.97 -
641at766_96496_0:00011e|OZ308468.1:983337-984414   -            360 641                  -            350  6.1e-186  608.8   7.7   1   1  6.8e-186  6.8e-186  608.6   7.7     1   348     1   356     1   358 0.97 -
641at766_696127_0:0003f1|OZ308468.1:983337-984417  -            361 641                  -            350  6.1e-186  608.8   7.7   1   1  6.9e-186  6.9e-186  608.6   7.7     1   348     1   356     1   358 0.97 -
641at766_86105_0:00047d|OZ308468.1:983337-984417   -            361 641                  -            350  6.1e-186  608.8   7.7   1   1  6.9e-186  6.9e-186  608.6   7.7     1   348     1   356     1   358 0.97 -
641at766_2602574_0:0003d6|OZ308468.1:983337-984423 -            363 641                  -            350  6.2e-186  608.7   7.7   1   1    7e-186    7e-186  608.6   7.7     1   348     1   356     1   358 0.97 -
641at766_334380_0:0001d2|OZ308468.1:983337-984426  -            363 641                  -            350  6.2e-186  608.7   7.7   1   1    7e-186    7e-186  608.6   7.7     1   348     1   356     1   358 0.97 -
641at766_1961830_0:0000d6|OZ308468.1:983337-984405 -            357 641                  -            350  8.8e-186  608.3   8.1   1   1  9.8e-186  9.8e-186  608.1   8.1     1   348     1   356     1   357 0.97 -
641at766_2486578_0:00049c|OZ308468.1:983337-984405 -            357 641                  -            350  8.8e-186  608.3   8.1   1   1  9.8e-186  9.8e-186  608.1   8.1     1   348     1   356     1   357 0.97 -
641at766_272947_0:000056|OZ308468.1:983337-984405  -            357 641                  -            350  8.8e-186  608.3   8.1   1   1  9.8e-186  9.8e-186  608.1   8.1     1   348     1   356     1   357 0.97 -
641at766_336407_0:0001e8|OZ308468.1:983337-984405  -            357 641                  -            350  8.8e-186  608.3   8.1   1   1  9.8e-186  9.8e-186  608.1   8.1     1   348     1   356     1   357 0.97 -
641at766_1528098_0:00014f|OZ308468.1:983328-984405 -            360 641                  -            350    9e-186  608.2   8.1   1   1    1e-185    1e-185  608.1   8.1     1   348     4   359     4   360 0.97 -
641at766_1105107_0:00006d|OZ308468.1:983337-984402 -            356 641                  -            350  1.6e-185  607.4   8.4   1   1  1.8e-185  1.8e-185  607.2   8.4     1   347     1   355     1   356 0.97 -
641at766_1242993_0:00039d|OZ308468.1:983337-984402 -            356 641                  -            350  1.6e-185  607.4   8.4   1   1  1.8e-185  1.8e-185  607.2   8.4     1   347     1   355     1   356 0.97 -
641at766_1248439_0:000014|OZ308468.1:983337-984402 -            356 641                  -            350  1.6e-185  607.4   8.4   1   1  1.8e-185  1.8e-185  607.2   8.4     1   347     1   355     1   356 0.97 -
641at766_1359163_0:00011e|OZ308468.1:983337-984402 -            356 641                  -            350  1.6e-185  607.4   8.4   1   1  1.8e-185  1.8e-185  607.2   8.4     1   347     1   355     1   356 0.97 -
641at766_1359168_0:000106|OZ308468.1:983337-984402 -            356 641                  -            350  1.6e-185  607.4   8.4   1   1  1.8e-185  1.8e-185  607.2   8.4     1   347     1   355     1   356 0.97 -
641at766_1392507_0:0001c2|OZ308468.1:983337-984402 -            356 641                  -            350  1.6e-185  607.4   8.4   1   1  1.8e-185  1.8e-185  607.2   8.4     1   347     1   355     1   356 0.97 -
641at766_142058_0:000075|OZ308468.1:983337-984402  -            356 641                  -            350  1.6e-185  607.4   8.4   1   1  1.8e-185  1.8e-185  607.2   8.4     1   347     1   355     1   356 0.97 -
641at766_1423892_0:0001fe|OZ308468.1:983337-984402 -            356 641                  -            350  1.6e-185  607.4   8.4   1   1  1.8e-185  1.8e-185  607.2   8.4     1   347     1   355     1   356 0.97 -
641at766_1802984_0:0002a3|OZ308468.1:983337-984402 -            356 641                  -            350  1.6e-185  607.4   8.4   1   1  1.8e-185  1.8e-185  607.2   8.4     1   347     1   355     1   356 0.97 -
641at766_205920_0:00006f|OZ308468.1:983337-984402  -            356 641                  -            350  1.6e-185  607.4   8.4   1   1  1.8e-185  1.8e-185  607.2   8.4     1   347     1   355     1   356 0.97 -
641at766_391036_0:000277|OZ308468.1:983337-984402  -            356 641                  -            350  1.6e-185  607.4   8.4   1   1  1.8e-185  1.8e-185  607.2   8.4     1   347     1   355     1   356 0.97 -
641at766_481009_0:0003bc|OZ308468.1:983337-984402  -            356 641                  -            350  1.6e-185  607.4   8.4   1   1  1.8e-185  1.8e-185  607.2   8.4     1   347     1   355     1   356 0.97 -
641at766_779_0:0001b5|OZ308468.1:983337-984402     -            356 641                  -            350  1.6e-185  607.4   8.4   1   1  1.8e-185  1.8e-185  607.2   8.4     1   347     1   355     1   356 0.97 -
641at766_1286528_0:00014a|OZ308468.1:983343-984408 -            356 641                  -            350    3e-185  606.5   7.6   1   1  3.4e-185  3.4e-185  606.3   7.6     4   348     2   354     1   356 0.97 -
641at766_1274402_0:000386|OZ308468.1:983343-984402 -            354 641                  -            350  8.2e-185  605.1   8.3   1   1  9.1e-185  9.1e-185  604.9   8.4     4   347     2   353     1   354 0.97 -
641at766_2115978_0:0000ce|OZ308468.1:983349-984408 -            354 641                  -            350  8.7e-185  605.0   7.2   1   1  9.6e-185  9.6e-185  604.8   7.2     5   348     1   352     1   354 0.97 -
641at766_1714371_0:0000c0|OZ308468.1:983355-984408 -            352 641                  -            350  3.5e-184  603.0   7.0   1   1  3.9e-184  3.9e-184  602.8   7.0     7   348     1   350     1   352 0.97 -
641at766_222891_0:0000db|OZ308468.1:983355-984408  -            352 641                  -            350  3.5e-184  603.0   7.0   1   1  3.9e-184  3.9e-184  602.8   7.0     7   348     1   350     1   352 0.97 -
641at766_434131_0:0001a5|OZ308468.1:983355-984408  -            352 641                  -            350  3.5e-184  603.0   7.0   1   1  3.9e-184  3.9e-184  602.8   7.0     7   348     1   350     1   352 0.97 -
641at766_2486577_0:0003b1|OZ308468.1:983718-984402 -            229 641                  -            350  2.4e-143  468.7   2.3   1   1  2.7e-143  2.7e-143  468.5   2.3   121   347     1   228     1   229 0.99 -
#
# Program:         hmmsearch
# Version:         3.4 (Aug 2023)
# Pipeline mode:   SEARCH
# Query file:      /Users/rossoaa/Desktop/dummy/genomes/records/compleasm/mb_downloads/rickettsiales_odb12/hmms/641at766.hmm
# Target file:     -
# Option settings: /Users/rossoaa/miniconda3/envs/compleasm_env/bin/hmmsearch --domtblout /Users/rossoaa/Desktop/dummy/genomes/records/compleasm/rickettsiales_odb12/hmmer_output/641at766.out --cpu 1 /Users/rossoaa/Desktop/dummy/genomes/records/compleasm/mb_downloads/rickettsiales_odb12/hmms/641at766.hmm - 
# Current dir:     /Users/rossoaa/Desktop/dummy/genomes/records/compleasm
# Date:            Tue Feb 10 10:20:24 2026
# [ok]
