#                                                                                                        --- full sequence --- -------------- this domain -------------   hmm coord   ali coord   env coord
# target name                                    accession   tlen query name           accession   qlen   E-value  score  bias   #  of  c-Evalue  i-Evalue  score  bias  from    to  from    to  from    to  acc description of target
#                            ------------------- ---------- ----- -------------------- ---------- ----- --------- ------ ----- --- --- --------- --------- ------ ----- ----- ----- ----- ----- ----- ----- ---- ---------------------
656at766_246273_0:0000bf|OZ308468.1:61628-62213  -            195 656                  -            161   2.4e-72  230.9   3.6   1   1   2.9e-72   2.9e-72  230.6   3.6     2   161    17   180    16   180 0.94 -
656at766_96496_0:00013e|OZ308468.1:61628-62213   -            195 656                  -            161   2.4e-72  230.9   3.6   1   1   2.9e-72   2.9e-72  230.6   3.6     2   161    17   180    16   180 0.94 -
656at766_955_0:000305|OZ308468.1:61619-62201     -            195 656                  -            161   2.4e-72  230.9   3.6   1   1   2.9e-72   2.9e-72  230.6   3.6     2   161    20   183    19   183 0.94 -
656at766_1605993_0:0003bd|OZ308468.1:61610-62213 -            201 656                  -            161   2.7e-72  230.7   3.6   1   1   3.2e-72   3.2e-72  230.5   3.6     2   161    23   186    22   186 0.94 -
656at766_169402_0:00008b|OZ308468.1:61610-62213  -            201 656                  -            161   2.7e-72  230.7   3.6   1   1   3.2e-72   3.2e-72  230.5   3.6     2   161    23   186    22   186 0.94 -
656at766_1359163_0:00006d|OZ308468.1:61685-62201 -            173 656                  -            161   2.7e-71  227.5   3.8   1   1   3.1e-71   3.1e-71  227.3   3.8     5   161     1   161     1   161 0.95 -
656at766_2115978_0:0002ad|OZ308468.1:61688-62144 -            153 656                  -            161   3.7e-69  220.5   2.8   1   1   4.1e-69   4.1e-69  220.4   2.8     6   153     1   152     1   153 0.95 -
#
# Program:         hmmsearch
# Version:         3.4 (Aug 2023)
# Pipeline mode:   SEARCH
# Query file:      /Users/rossoaa/Desktop/dummy/genomes/records/compleasm/mb_downloads/rickettsiales_odb12/hmms/656at766.hmm
# Target file:     -
# Option settings: /Users/rossoaa/miniconda3/envs/compleasm_env/bin/hmmsearch --domtblout /Users/rossoaa/Desktop/dummy/genomes/records/compleasm/rickettsiales_odb12/hmmer_output/656at766.out --cpu 1 /Users/rossoaa/Desktop/dummy/genomes/records/compleasm/mb_downloads/rickettsiales_odb12/hmms/656at766.hmm - 
# Current dir:     /Users/rossoaa/Desktop/dummy/genomes/records/compleasm
# Date:            Tue Feb 10 10:20:23 2026
# [ok]
