#                                                                                                          --- full sequence --- -------------- this domain -------------   hmm coord   ali coord   env coord
# target name                                      accession   tlen query name           accession   qlen   E-value  score  bias   #  of  c-Evalue  i-Evalue  score  bias  from    to  from    to  from    to  acc description of target
#                              ------------------- ---------- ----- -------------------- ---------- ----- --------- ------ ----- --- --- --------- --------- ------ ----- ----- ----- ----- ----- ----- ----- ---- ---------------------
659at766_1105107_0:000079|OZ308468.1:196186-196906 -            241 659                  -            242    1e-115  376.8  29.9   1   1  1.1e-115  1.1e-115  376.7  29.9     1   240     1   241     1   241 0.99 -
659at766_1242993_0:00006e|OZ308468.1:196183-196906 -            241 659                  -            242    1e-115  376.8  29.9   1   1  1.1e-115  1.1e-115  376.7  29.9     1   240     1   241     1   241 0.99 -
659at766_1359163_0:0002d3|OZ308468.1:196186-196906 -            241 659                  -            242    1e-115  376.8  29.9   1   1  1.1e-115  1.1e-115  376.7  29.9     1   240     1   241     1   241 0.99 -
659at766_1359168_0:0000da|OZ308468.1:196186-196906 -            241 659                  -            242    1e-115  376.8  29.9   1   1  1.1e-115  1.1e-115  376.7  29.9     1   240     1   241     1   241 0.99 -
659at766_1423892_0:000263|OZ308468.1:196186-196906 -            241 659                  -            242    1e-115  376.8  29.9   1   1  1.1e-115  1.1e-115  376.7  29.9     1   240     1   241     1   241 0.99 -
659at766_1605993_0:00030b|OZ308468.1:196183-196906 -            241 659                  -            242    1e-115  376.8  29.9   1   1  1.1e-115  1.1e-115  376.7  29.9     1   240     1   241     1   241 0.99 -
659at766_169402_0:000020|OZ308468.1:196183-196906  -            241 659                  -            242    1e-115  376.8  29.9   1   1  1.1e-115  1.1e-115  376.7  29.9     1   240     1   241     1   241 0.99 -
659at766_1961830_0:000433|OZ308468.1:196186-196906 -            241 659                  -            242    1e-115  376.8  29.9   1   1  1.1e-115  1.1e-115  376.7  29.9     1   240     1   241     1   241 0.99 -
659at766_205920_0:00024f|OZ308468.1:196186-196906  -            241 659                  -            242    1e-115  376.8  29.9   1   1  1.1e-115  1.1e-115  376.7  29.9     1   240     1   241     1   241 0.99 -
659at766_2115978_0:00022f|OZ308468.1:196186-196906 -            241 659                  -            242    1e-115  376.8  29.9   1   1  1.1e-115  1.1e-115  376.7  29.9     1   240     1   241     1   241 0.99 -
659at766_246273_0:0002a5|OZ308468.1:196183-196906  -            241 659                  -            242    1e-115  376.8  29.9   1   1  1.1e-115  1.1e-115  376.7  29.9     1   240     1   241     1   241 0.99 -
659at766_272947_0:000161|OZ308468.1:196186-196906  -            241 659                  -            242    1e-115  376.8  29.9   1   1  1.1e-115  1.1e-115  376.7  29.9     1   240     1   241     1   241 0.99 -
659at766_334380_0:0003f5|OZ308468.1:196186-196906  -            241 659                  -            242    1e-115  376.8  29.9   1   1  1.1e-115  1.1e-115  376.7  29.9     1   240     1   241     1   241 0.99 -
659at766_336407_0:000531|OZ308468.1:196186-196906  -            241 659                  -            242    1e-115  376.8  29.9   1   1  1.1e-115  1.1e-115  376.7  29.9     1   240     1   241     1   241 0.99 -
659at766_391036_0:0000a7|OZ308468.1:196186-196906  -            241 659                  -            242    1e-115  376.8  29.9   1   1  1.1e-115  1.1e-115  376.7  29.9     1   240     1   241     1   241 0.99 -
659at766_481009_0:000489|OZ308468.1:196186-196906  -            241 659                  -            242    1e-115  376.8  29.9   1   1  1.1e-115  1.1e-115  376.7  29.9     1   240     1   241     1   241 0.99 -
659at766_696127_0:000027|OZ308468.1:196186-196906  -            241 659                  -            242    1e-115  376.8  29.9   1   1  1.1e-115  1.1e-115  376.7  29.9     1   240     1   241     1   241 0.99 -
659at766_752179_0:00041c|OZ308468.1:196186-196906  -            241 659                  -            242    1e-115  376.8  29.9   1   1  1.1e-115  1.1e-115  376.7  29.9     1   240     1   241     1   241 0.99 -
659at766_779_0:0001e3|OZ308468.1:196186-196906     -            241 659                  -            242    1e-115  376.8  29.9   1   1  1.1e-115  1.1e-115  376.7  29.9     1   240     1   241     1   241 0.99 -
659at766_86105_0:000645|OZ308468.1:196186-196906   -            241 659                  -            242    1e-115  376.8  29.9   1   1  1.1e-115  1.1e-115  376.7  29.9     1   240     1   241     1   241 0.99 -
659at766_955_0:0000ee|OZ308468.1:196183-196906     -            241 659                  -            242    1e-115  376.8  29.9   1   1  1.1e-115  1.1e-115  376.7  29.9     1   240     1   241     1   241 0.99 -
659at766_96496_0:000301|OZ308468.1:196183-196906   -            241 659                  -            242    1e-115  376.8  29.9   1   1  1.1e-115  1.1e-115  376.7  29.9     1   240     1   241     1   241 0.99 -
659at766_1248439_0:00030b|OZ308468.1:196186-196912 -            243 659                  -            242    1e-115  376.8  29.9   1   1  1.2e-115  1.2e-115  376.6  29.9     1   240     3   243     3   243 0.99 -
659at766_142058_0:000316|OZ308468.1:196186-196912  -            243 659                  -            242    1e-115  376.8  29.9   1   1  1.2e-115  1.2e-115  376.6  29.9     1   240     3   243     3   243 0.99 -
659at766_574556_0:000198|OZ308468.1:196186-196912  -            243 659                  -            242    1e-115  376.8  29.9   1   1  1.2e-115  1.2e-115  376.6  29.9     1   240     3   243     3   243 0.99 -
659at766_2602574_0:0000f0|OZ308468.1:196186-196903 -            240 659                  -            242  1.8e-115  376.0  29.4   1   1    2e-115    2e-115  375.8  29.4     3   240     2   240     1   240 0.99 -
659at766_1286528_0:00029b|OZ308468.1:196186-196900 -            239 659                  -            242  2.8e-115  375.4  29.5   1   1  3.1e-115  3.1e-115  375.2  29.5     4   240     2   239     1   239 0.99 -
659at766_1392507_0:0003bc|OZ308468.1:196186-196900 -            239 659                  -            242  2.8e-115  375.4  29.5   1   1  3.1e-115  3.1e-115  375.2  29.5     4   240     2   239     1   239 0.99 -
659at766_1714371_0:000232|OZ308468.1:196186-196900 -            239 659                  -            242  2.8e-115  375.4  29.5   1   1  3.1e-115  3.1e-115  375.2  29.5     4   240     2   239     1   239 0.99 -
659at766_222891_0:0001f1|OZ308468.1:196186-196900  -            239 659                  -            242  2.8e-115  375.4  29.5   1   1  3.1e-115  3.1e-115  375.2  29.5     4   240     2   239     1   239 0.99 -
659at766_434131_0:000243|OZ308468.1:196186-196900  -            239 659                  -            242  2.8e-115  375.4  29.5   1   1  3.1e-115  3.1e-115  375.2  29.5     4   240     2   239     1   239 0.99 -
659at766_1274402_0:000342|OZ308468.1:196186-196897 -            238 659                  -            242  4.1e-115  374.8  29.2   1   1  4.5e-115  4.5e-115  374.7  29.2     4   240     1   238     1   238 0.99 -
659at766_1528098_0:00004a|OZ308468.1:196186-196897 -            238 659                  -            242  4.1e-115  374.8  29.2   1   1  4.5e-115  4.5e-115  374.7  29.2     4   240     1   238     1   238 0.99 -
659at766_2486577_0:0001f8|OZ308468.1:196186-196897 -            238 659                  -            242  4.1e-115  374.8  29.2   1   1  4.5e-115  4.5e-115  374.7  29.2     4   240     1   238     1   238 0.99 -
659at766_2486578_0:0003ca|OZ308468.1:196186-196897 -            238 659                  -            242  4.1e-115  374.8  29.2   1   1  4.5e-115  4.5e-115  374.7  29.2     4   240     1   238     1   238 0.99 -
659at766_1802984_0:000131|OZ308468.1:196198-196882 -            229 659                  -            242  7.7e-109  354.3  32.3   1   1  8.6e-109  8.6e-109  354.1  32.3     9   236     1   229     1   229 0.99 -
#
# Program:         hmmsearch
# Version:         3.4 (Aug 2023)
# Pipeline mode:   SEARCH
# Query file:      /Users/rossoaa/Desktop/dummy/genomes/records/compleasm/mb_downloads/rickettsiales_odb12/hmms/659at766.hmm
# Target file:     -
# Option settings: /Users/rossoaa/miniconda3/envs/compleasm_env/bin/hmmsearch --domtblout /Users/rossoaa/Desktop/dummy/genomes/records/compleasm/rickettsiales_odb12/hmmer_output/659at766.out --cpu 1 /Users/rossoaa/Desktop/dummy/genomes/records/compleasm/mb_downloads/rickettsiales_odb12/hmms/659at766.hmm - 
# Current dir:     /Users/rossoaa/Desktop/dummy/genomes/records/compleasm
# Date:            Tue Feb 10 10:20:20 2026
# [ok]
