#                                                                                                          --- full sequence --- -------------- this domain -------------   hmm coord   ali coord   env coord
# target name                                      accession   tlen query name           accession   qlen   E-value  score  bias   #  of  c-Evalue  i-Evalue  score  bias  from    to  from    to  from    to  acc description of target
#                              ------------------- ---------- ----- -------------------- ---------- ----- --------- ------ ----- --- --- --------- --------- ------ ----- ----- ----- ----- ----- ----- ----- ---- ---------------------
662at766_1605993_0:0002fb|OZ308468.1:373374-373878 -            168 662                  -            168   7.3e-85  273.6   0.1   1   1     8e-85     8e-85  273.5   0.1     1   165     1   166     1   168 0.98 -
662at766_272947_0:000328|OZ308468.1:373374-373878  -            168 662                  -            168   7.3e-85  273.6   0.1   1   1     8e-85     8e-85  273.5   0.1     1   165     1   166     1   168 0.98 -
662at766_96496_0:000001|OZ308468.1:373374-373878   -            168 662                  -            168   7.3e-85  273.6   0.1   1   1     8e-85     8e-85  273.5   0.1     1   165     1   166     1   168 0.98 -
662at766_1248439_0:0002ff|OZ308468.1:373374-373872 -            167 662                  -            168   9.6e-85  273.2   0.1   1   1   1.1e-84   1.1e-84  273.1   0.1     1   165     1   166     1   167 0.98 -
662at766_1359168_0:0002d2|OZ308468.1:373374-373872 -            167 662                  -            168   9.6e-85  273.2   0.1   1   1   1.1e-84   1.1e-84  273.1   0.1     1   165     1   166     1   167 0.98 -
662at766_142058_0:00034b|OZ308468.1:373374-373872  -            167 662                  -            168   9.6e-85  273.2   0.1   1   1   1.1e-84   1.1e-84  273.1   0.1     1   165     1   166     1   167 0.98 -
662at766_246273_0:0002ed|OZ308468.1:373374-373872  -            167 662                  -            168   9.6e-85  273.2   0.1   1   1   1.1e-84   1.1e-84  273.1   0.1     1   165     1   166     1   167 0.98 -
662at766_2486577_0:00028a|OZ308468.1:373374-373872 -            167 662                  -            168   9.6e-85  273.2   0.1   1   1   1.1e-84   1.1e-84  273.1   0.1     1   165     1   166     1   167 0.98 -
662at766_2486578_0:000266|OZ308468.1:373374-373872 -            167 662                  -            168   9.6e-85  273.2   0.1   1   1   1.1e-84   1.1e-84  273.1   0.1     1   165     1   166     1   167 0.98 -
662at766_574556_0:00000b|OZ308468.1:373374-373872  -            167 662                  -            168   9.6e-85  273.2   0.1   1   1   1.1e-84   1.1e-84  273.1   0.1     1   165     1   166     1   167 0.98 -
662at766_696127_0:0002e2|OZ308468.1:373374-373872  -            167 662                  -            168   9.6e-85  273.2   0.1   1   1   1.1e-84   1.1e-84  273.1   0.1     1   165     1   166     1   167 0.98 -
662at766_86105_0:000717|OZ308468.1:373374-373872   -            167 662                  -            168   9.6e-85  273.2   0.1   1   1   1.1e-84   1.1e-84  273.1   0.1     1   165     1   166     1   167 0.98 -
662at766_955_0:000072|OZ308468.1:373374-373872     -            167 662                  -            168   9.6e-85  273.2   0.1   1   1   1.1e-84   1.1e-84  273.1   0.1     1   165     1   166     1   167 0.98 -
662at766_1105107_0:0000c4|OZ308468.1:373374-373869 -            166 662                  -            168   1.3e-84  272.8   0.1   1   1   1.4e-84   1.4e-84  272.7   0.1     1   164     1   165     1   166 0.98 -
662at766_336407_0:0004ca|OZ308468.1:373374-373869  -            166 662                  -            168   1.3e-84  272.8   0.1   1   1   1.4e-84   1.4e-84  272.7   0.1     1   164     1   165     1   166 0.98 -
662at766_481009_0:000383|OZ308468.1:373374-373869  -            166 662                  -            168   1.3e-84  272.8   0.1   1   1   1.4e-84   1.4e-84  272.7   0.1     1   164     1   165     1   166 0.98 -
662at766_1392507_0:000044|OZ308468.1:373377-373872 -            166 662                  -            168   3.6e-84  271.3   0.1   1   1     4e-84     4e-84  271.2   0.1     3   165     2   165     1   166 0.98 -
662at766_1242993_0:00011a|OZ308468.1:373374-373863 -            164 662                  -            168   4.9e-84  270.9   0.1   1   1   5.5e-84   5.5e-84  270.7   0.1     1   163     1   164     1   164 0.98 -
662at766_1359163_0:000266|OZ308468.1:373374-373863 -            164 662                  -            168   4.9e-84  270.9   0.1   1   1   5.5e-84   5.5e-84  270.7   0.1     1   163     1   164     1   164 0.98 -
662at766_1423892_0:000345|OZ308468.1:373374-373863 -            164 662                  -            168   4.9e-84  270.9   0.1   1   1   5.5e-84   5.5e-84  270.7   0.1     1   163     1   164     1   164 0.98 -
662at766_169402_0:000042|OZ308468.1:373374-373863  -            164 662                  -            168   4.9e-84  270.9   0.1   1   1   5.5e-84   5.5e-84  270.7   0.1     1   163     1   164     1   164 0.98 -
662at766_205920_0:0002f9|OZ308468.1:373374-373863  -            164 662                  -            168   4.9e-84  270.9   0.1   1   1   5.5e-84   5.5e-84  270.7   0.1     1   163     1   164     1   164 0.98 -
662at766_391036_0:000312|OZ308468.1:373374-373863  -            164 662                  -            168   4.9e-84  270.9   0.1   1   1   5.5e-84   5.5e-84  270.7   0.1     1   163     1   164     1   164 0.98 -
662at766_779_0:000329|OZ308468.1:373374-373863     -            164 662                  -            168   4.9e-84  270.9   0.1   1   1   5.5e-84   5.5e-84  270.7   0.1     1   163     1   164     1   164 0.98 -
662at766_334380_0:00038b|OZ308468.1:373401-373872  -            158 662                  -            168   9.9e-82  263.4   0.1   1   1   1.1e-81   1.1e-81  263.3   0.1    10   165     1   157     1   158 0.98 -
662at766_1802984_0:00020e|OZ308468.1:373407-373866 -            154 662                  -            168   1.9e-80  259.2   0.1   1   1   2.1e-80   2.1e-80  259.1   0.1    12   164     1   154     1   154 0.98 -
#
# Program:         hmmsearch
# Version:         3.4 (Aug 2023)
# Pipeline mode:   SEARCH
# Query file:      /Users/rossoaa/Desktop/dummy/genomes/records/compleasm/mb_downloads/rickettsiales_odb12/hmms/662at766.hmm
# Target file:     -
# Option settings: /Users/rossoaa/miniconda3/envs/compleasm_env/bin/hmmsearch --domtblout /Users/rossoaa/Desktop/dummy/genomes/records/compleasm/rickettsiales_odb12/hmmer_output/662at766.out --cpu 1 /Users/rossoaa/Desktop/dummy/genomes/records/compleasm/mb_downloads/rickettsiales_odb12/hmms/662at766.hmm - 
# Current dir:     /Users/rossoaa/Desktop/dummy/genomes/records/compleasm
# Date:            Tue Feb 10 10:20:23 2026
# [ok]
