#                                                                                                          --- full sequence --- -------------- this domain -------------   hmm coord   ali coord   env coord
# target name                                      accession   tlen query name           accession   qlen   E-value  score  bias   #  of  c-Evalue  i-Evalue  score  bias  from    to  from    to  from    to  acc description of target
#                              ------------------- ---------- ----- -------------------- ---------- ----- --------- ------ ----- --- --- --------- --------- ------ ----- ----- ----- ----- ----- ----- ----- ---- ---------------------
671at766_1359163_0:0001c6|OZ308468.1:939867-940452 -            195 671                  -            200   1.6e-82  265.6   3.5   1   1   1.7e-82   1.7e-82  265.5   3.5     1   194     1   193     1   195 0.99 -
671at766_1423892_0:00015b|OZ308468.1:939867-940452 -            195 671                  -            200   1.6e-82  265.6   3.5   1   1   1.7e-82   1.7e-82  265.5   3.5     1   194     1   193     1   195 0.99 -
671at766_1605993_0:000032|OZ308468.1:939867-940452 -            195 671                  -            200   1.6e-82  265.6   3.5   1   1   1.7e-82   1.7e-82  265.5   3.5     1   194     1   193     1   195 0.99 -
671at766_1714371_0:000285|OZ308468.1:939867-940452 -            195 671                  -            200   1.6e-82  265.6   3.5   1   1   1.7e-82   1.7e-82  265.5   3.5     1   194     1   193     1   195 0.99 -
671at766_222891_0:0001f4|OZ308468.1:939867-940452  -            195 671                  -            200   1.6e-82  265.6   3.5   1   1   1.7e-82   1.7e-82  265.5   3.5     1   194     1   193     1   195 0.99 -
671at766_434131_0:0001e1|OZ308468.1:939867-940452  -            195 671                  -            200   1.6e-82  265.6   3.5   1   1   1.7e-82   1.7e-82  265.5   3.5     1   194     1   193     1   195 0.99 -
671at766_96496_0:0002e3|OZ308468.1:939867-940452   -            195 671                  -            200   1.6e-82  265.6   3.5   1   1   1.7e-82   1.7e-82  265.5   3.5     1   194     1   193     1   195 0.99 -
671at766_205920_0:00027f|OZ308468.1:939867-940440  -            192 671                  -            200   3.7e-82  264.4   3.5   1   1   4.1e-82   4.1e-82  264.3   3.5     1   192     1   191     1   192 0.99 -
671at766_246273_0:000248|OZ308468.1:939867-940492  -            209 671                  -            200   6.5e-82  263.6   4.4   1   1   7.5e-82   7.5e-82  263.4   4.4     1   196     1   195     1   199 0.98 -
671at766_1242993_0:000021|OZ308468.1:939867-940434 -            190 671                  -            200   8.9e-82  263.2   3.4   1   1   9.8e-82   9.8e-82  263.0   3.4     1   190     1   189     1   190 0.99 -
671at766_779_0:000119|OZ308468.1:939867-940434     -            190 671                  -            200   8.9e-82  263.2   3.4   1   1   9.8e-82   9.8e-82  263.0   3.4     1   190     1   189     1   190 0.99 -
671at766_1286528_0:000196|OZ308468.1:939867-940431 -            189 671                  -            200   1.5e-81  262.4   3.2   1   1   1.7e-81   1.7e-81  262.3   3.2     1   190     1   189     1   189 0.99 -
671at766_955_0:000069|OZ308468.1:939867-940428     -            188 671                  -            200   2.8e-81  261.6   2.7   1   1     3e-81     3e-81  261.4   2.7     1   188     1   187     1   188 0.99 -
671at766_1392507_0:000006|OZ308468.1:939867-940419 -            185 671                  -            200   9.2e-81  259.8   2.5   1   1     1e-80     1e-80  259.7   2.5     1   186     1   185     1   185 0.99 -
671at766_169402_0:00028b|OZ308468.1:939888-940492  -            202 671                  -            200   1.1e-80  259.6   3.4   1   1   1.3e-80   1.3e-80  259.4   3.4     8   196     1   188     1   192 0.98 -
#
# Program:         hmmsearch
# Version:         3.4 (Aug 2023)
# Pipeline mode:   SEARCH
# Query file:      /Users/rossoaa/Desktop/dummy/genomes/records/compleasm/mb_downloads/rickettsiales_odb12/hmms/671at766.hmm
# Target file:     -
# Option settings: /Users/rossoaa/miniconda3/envs/compleasm_env/bin/hmmsearch --domtblout /Users/rossoaa/Desktop/dummy/genomes/records/compleasm/rickettsiales_odb12/hmmer_output/671at766.out --cpu 1 /Users/rossoaa/Desktop/dummy/genomes/records/compleasm/mb_downloads/rickettsiales_odb12/hmms/671at766.hmm - 
# Current dir:     /Users/rossoaa/Desktop/dummy/genomes/records/compleasm
# Date:            Tue Feb 10 10:20:21 2026
# [ok]
