#                                                                                                          --- full sequence --- -------------- this domain -------------   hmm coord   ali coord   env coord
# target name                                      accession   tlen query name           accession   qlen   E-value  score  bias   #  of  c-Evalue  i-Evalue  score  bias  from    to  from    to  from    to  acc description of target
#                              ------------------- ---------- ----- -------------------- ---------- ----- --------- ------ ----- --- --- --------- --------- ------ ----- ----- ----- ----- ----- ----- ----- ---- ---------------------
679at766_1286528_0:000188|OZ308468.1:113351-114629 -            426 679                  -            425  1.9e-221  726.2   6.3   1   1  2.1e-221  2.1e-221  726.0   6.3     1   423     1   425     1   426 0.99 -
679at766_1605993_0:000348|OZ308468.1:113351-114629 -            426 679                  -            425  1.9e-221  726.2   6.3   1   1  2.1e-221  2.1e-221  726.0   6.3     1   423     1   425     1   426 0.99 -
679at766_169402_0:00003f|OZ308468.1:113354-114629  -            426 679                  -            425  1.9e-221  726.2   6.3   1   1  2.1e-221  2.1e-221  726.0   6.3     1   423     1   425     1   426 0.99 -
679at766_246273_0:0002d6|OZ308468.1:113354-114629  -            426 679                  -            425  1.9e-221  726.2   6.3   1   1  2.1e-221  2.1e-221  726.0   6.3     1   423     1   425     1   426 0.99 -
679at766_2486577_0:00024a|OZ308468.1:113354-114629 -            426 679                  -            425  1.9e-221  726.2   6.3   1   1  2.1e-221  2.1e-221  726.0   6.3     1   423     1   425     1   426 0.99 -
679at766_2486578_0:000384|OZ308468.1:113354-114629 -            426 679                  -            425  1.9e-221  726.2   6.3   1   1  2.1e-221  2.1e-221  726.0   6.3     1   423     1   425     1   426 0.99 -
679at766_2602574_0:0002da|OZ308468.1:113354-114629 -            426 679                  -            425  1.9e-221  726.2   6.3   1   1  2.1e-221  2.1e-221  726.0   6.3     1   423     1   425     1   426 0.99 -
679at766_86105_0:000478|OZ308468.1:113354-114629   -            426 679                  -            425  1.9e-221  726.2   6.3   1   1  2.1e-221  2.1e-221  726.0   6.3     1   423     1   425     1   426 0.99 -
679at766_955_0:0000d7|OZ308468.1:113351-114629     -            426 679                  -            425  1.9e-221  726.2   6.3   1   1  2.1e-221  2.1e-221  726.0   6.3     1   423     1   425     1   426 0.99 -
679at766_96496_0:000309|OZ308468.1:113354-114629   -            426 679                  -            425  1.9e-221  726.2   6.3   1   1  2.1e-221  2.1e-221  726.0   6.3     1   423     1   425     1   426 0.99 -
679at766_1242993_0:000318|OZ308468.1:113357-114629 -            425 679                  -            425  2.5e-221  725.8   6.1   1   1  2.7e-221  2.7e-221  725.6   6.1     1   422     1   424     1   425 0.99 -
679at766_1274402_0:000382|OZ308468.1:113357-114629 -            425 679                  -            425  2.5e-221  725.8   6.1   1   1  2.7e-221  2.7e-221  725.6   6.1     1   422     1   424     1   425 0.99 -
679at766_1359163_0:00009b|OZ308468.1:113357-114629 -            425 679                  -            425  2.5e-221  725.8   6.1   1   1  2.7e-221  2.7e-221  725.6   6.1     1   422     1   424     1   425 0.99 -
679at766_205920_0:0001c1|OZ308468.1:113357-114629  -            425 679                  -            425  2.5e-221  725.8   6.1   1   1  2.7e-221  2.7e-221  725.6   6.1     1   422     1   424     1   425 0.99 -
679at766_2115978_0:000474|OZ308468.1:113357-114629 -            425 679                  -            425  2.5e-221  725.8   6.1   1   1  2.7e-221  2.7e-221  725.6   6.1     1   422     1   424     1   425 0.99 -
679at766_334380_0:0003a8|OZ308468.1:113357-114629  -            425 679                  -            425  2.5e-221  725.8   6.1   1   1  2.7e-221  2.7e-221  725.6   6.1     1   422     1   424     1   425 0.99 -
679at766_391036_0:000008|OZ308468.1:113357-114629  -            425 679                  -            425  2.5e-221  725.8   6.1   1   1  2.7e-221  2.7e-221  725.6   6.1     1   422     1   424     1   425 0.99 -
679at766_779_0:0001ca|OZ308468.1:113357-114629     -            425 679                  -            425  2.5e-221  725.8   6.1   1   1  2.7e-221  2.7e-221  725.6   6.1     1   422     1   424     1   425 0.99 -
679at766_1248439_0:0002b5|OZ308468.1:113360-114629 -            424 679                  -            425  3.4e-221  725.3   5.8   1   1  3.8e-221  3.8e-221  725.2   5.8     1   421     1   423     1   424 0.99 -
679at766_142058_0:000072|OZ308468.1:113360-114629  -            424 679                  -            425  3.4e-221  725.3   5.8   1   1  3.8e-221  3.8e-221  725.2   5.8     1   421     1   423     1   424 0.99 -
679at766_1714371_0:000236|OZ308468.1:113360-114629 -            424 679                  -            425  3.4e-221  725.3   5.8   1   1  3.8e-221  3.8e-221  725.2   5.8     1   421     1   423     1   424 0.99 -
679at766_222891_0:0001d0|OZ308468.1:113360-114629  -            424 679                  -            425  3.4e-221  725.3   5.8   1   1  3.8e-221  3.8e-221  725.2   5.8     1   421     1   423     1   424 0.99 -
679at766_434131_0:00023f|OZ308468.1:113360-114629  -            424 679                  -            425  3.4e-221  725.3   5.8   1   1  3.8e-221  3.8e-221  725.2   5.8     1   421     1   423     1   424 0.99 -
679at766_696127_0:000421|OZ308468.1:113360-114629  -            424 679                  -            425  3.4e-221  725.3   5.8   1   1  3.8e-221  3.8e-221  725.2   5.8     1   421     1   423     1   424 0.99 -
679at766_752179_0:0003e3|OZ308468.1:113360-114629  -            424 679                  -            425  3.4e-221  725.3   5.8   1   1  3.8e-221  3.8e-221  725.2   5.8     1   421     1   423     1   424 0.99 -
679at766_1392507_0:000374|OZ308468.1:113363-114629 -            423 679                  -            425  5.8e-221  724.6   5.7   1   1  6.5e-221  6.5e-221  724.4   5.7     1   421     1   423     1   423 0.99 -
679at766_1105107_0:0002c4|OZ308468.1:113378-114629 -            418 679                  -            425    1e-219  720.4   5.4   1   1  1.2e-219  1.2e-219  720.3   5.4     1   416     1   418     1   418 0.99 -
679at766_1528098_0:00001b|OZ308468.1:113378-114629 -            418 679                  -            425    1e-219  720.4   5.4   1   1  1.2e-219  1.2e-219  720.3   5.4     1   416     1   418     1   418 0.99 -
679at766_1961830_0:000038|OZ308468.1:113378-114629 -            418 679                  -            425    1e-219  720.4   5.4   1   1  1.2e-219  1.2e-219  720.3   5.4     1   416     1   418     1   418 0.99 -
679at766_272947_0:000025|OZ308468.1:113378-114629  -            418 679                  -            425    1e-219  720.4   5.4   1   1  1.2e-219  1.2e-219  720.3   5.4     1   416     1   418     1   418 0.99 -
679at766_336407_0:00011c|OZ308468.1:113378-114629  -            418 679                  -            425    1e-219  720.4   5.4   1   1  1.2e-219  1.2e-219  720.3   5.4     1   416     1   418     1   418 0.99 -
679at766_481009_0:000196|OZ308468.1:113378-114629  -            418 679                  -            425    1e-219  720.4   5.4   1   1  1.2e-219  1.2e-219  720.3   5.4     1   416     1   418     1   418 0.99 -
679at766_1802984_0:0001a4|OZ308468.1:113381-114629 -            417 679                  -            425    2e-219  719.5   5.4   1   1  2.3e-219  2.3e-219  719.3   5.4     1   415     1   417     1   417 0.99 -
#
# Program:         hmmsearch
# Version:         3.4 (Aug 2023)
# Pipeline mode:   SEARCH
# Query file:      /Users/rossoaa/Desktop/dummy/genomes/records/compleasm/mb_downloads/rickettsiales_odb12/hmms/679at766.hmm
# Target file:     -
# Option settings: /Users/rossoaa/miniconda3/envs/compleasm_env/bin/hmmsearch --domtblout /Users/rossoaa/Desktop/dummy/genomes/records/compleasm/rickettsiales_odb12/hmmer_output/679at766.out --cpu 1 /Users/rossoaa/Desktop/dummy/genomes/records/compleasm/mb_downloads/rickettsiales_odb12/hmms/679at766.hmm - 
# Current dir:     /Users/rossoaa/Desktop/dummy/genomes/records/compleasm
# Date:            Tue Feb 10 10:20:22 2026
# [ok]
