#                                                                                                         --- full sequence --- -------------- this domain -------------   hmm coord   ali coord   env coord
# target name                                     accession   tlen query name           accession   qlen   E-value  score  bias   #  of  c-Evalue  i-Evalue  score  bias  from    to  from    to  from    to  acc description of target
#                             ------------------- ---------- ----- -------------------- ---------- ----- --------- ------ ----- --- --- --------- --------- ------ ----- ----- ----- ----- ----- ----- ----- ---- ---------------------
67at766_1286528_0:000233|OZ308468.1:269606-270407 -            268 67                   -            254  4.3e-126  410.6   0.6   1   1  4.9e-126  4.9e-126  410.4   0.6     2   254     2   252     1   252 0.99 -
67at766_1714371_0:0000b8|OZ308468.1:269606-270407 -            268 67                   -            254  4.3e-126  410.6   0.6   1   1  4.9e-126  4.9e-126  410.4   0.6     2   254     2   252     1   252 0.99 -
67at766_222891_0:000028|OZ308468.1:269606-270407  -            268 67                   -            254  4.3e-126  410.6   0.6   1   1  4.9e-126  4.9e-126  410.4   0.6     2   254     2   252     1   252 0.99 -
67at766_434131_0:0000ac|OZ308468.1:269606-270407  -            268 67                   -            254  4.3e-126  410.6   0.6   1   1  4.9e-126  4.9e-126  410.4   0.6     2   254     2   252     1   252 0.99 -
67at766_1528098_0:0001c2|OZ308468.1:269600-270407 -            270 67                   -            254  4.4e-126  410.5   0.6   1   1  5.1e-126  5.1e-126  410.3   0.6     2   254     2   252     1   252 0.99 -
67at766_1248439_0:000230|OZ308468.1:269603-270404 -            268 67                   -            254  5.7e-126  410.2   0.6   1   1  6.6e-126  6.6e-126  410.0   0.6     2   254     1   251     1   251 0.99 -
67at766_205920_0:0000b3|OZ308468.1:269603-270404  -            268 67                   -            254  5.7e-126  410.2   0.6   1   1  6.6e-126  6.6e-126  410.0   0.6     2   254     1   251     1   251 0.99 -
67at766_1359163_0:0001ac|OZ308468.1:269600-270404 -            269 67                   -            254  5.8e-126  410.1   0.6   1   1  6.7e-126  6.7e-126  409.9   0.6     2   254     1   251     1   251 0.99 -
67at766_246273_0:0001a0|OZ308468.1:269600-270404  -            269 67                   -            254  5.8e-126  410.1   0.6   1   1  6.7e-126  6.7e-126  409.9   0.6     2   254     1   251     1   251 0.99 -
67at766_779_0:0001f7|OZ308468.1:269600-270404     -            269 67                   -            254  5.8e-126  410.1   0.6   1   1  6.7e-126  6.7e-126  409.9   0.6     2   254     1   251     1   251 0.99 -
67at766_96496_0:0000cd|OZ308468.1:269597-270404   -            270 67                   -            254  5.9e-126  410.1   0.6   1   1  6.8e-126  6.8e-126  409.9   0.6     2   254     1   251     1   251 0.99 -
67at766_1242993_0:000097|OZ308468.1:269594-270404 -            271 67                   -            254    6e-126  410.1   0.6   1   1  6.8e-126  6.8e-126  409.9   0.6     2   254     1   251     1   251 0.99 -
67at766_142058_0:000180|OZ308468.1:269594-270404  -            271 67                   -            254    6e-126  410.1   0.6   1   1  6.8e-126  6.8e-126  409.9   0.6     2   254     1   251     1   251 0.99 -
67at766_169402_0:0004f2|OZ308468.1:269594-270404  -            271 67                   -            254    6e-126  410.1   0.6   1   1  6.8e-126  6.8e-126  409.9   0.6     2   254     1   251     1   251 0.99 -
67at766_1423892_0:000130|OZ308468.1:269591-270404 -            272 67                   -            254    6e-126  410.1   0.6   1   1  6.9e-126  6.9e-126  409.9   0.6     2   254     1   251     1   251 0.99 -
67at766_391036_0:0002df|OZ308468.1:269591-270404  -            272 67                   -            254    6e-126  410.1   0.6   1   1  6.9e-126  6.9e-126  409.9   0.6     2   254     1   251     1   251 0.99 -
67at766_1392507_0:000189|OZ308468.1:269588-270404 -            273 67                   -            254  6.1e-126  410.1   0.6   1   1    7e-126    7e-126  409.9   0.6     2   254     1   251     1   251 0.99 -
67at766_1605993_0:000075|OZ308468.1:269561-270404 -            281 67                   -            254  6.8e-126  409.9   0.6   1   1  7.8e-126  7.8e-126  409.7   0.6     2   254     1   251     1   251 0.99 -
67at766_86105_0:000719|OZ308468.1:269678-270401   -            242 67                   -            254  1.9e-123  401.9   0.4   1   1  2.1e-123  2.1e-123  401.8   0.4     4   245     2   241     1   242 0.99 -
67at766_1105107_0:0002ae|OZ308468.1:269690-270410 -            241 67                   -            254  1.4e-122  399.0   0.3   1   1  1.6e-122  1.6e-122  398.9   0.3     2   241     3   240     2   241 0.99 -
67at766_481009_0:00004b|OZ308468.1:269690-270410  -            241 67                   -            254  1.4e-122  399.0   0.3   1   1  1.6e-122  1.6e-122  398.9   0.3     2   241     3   240     2   241 0.99 -
67at766_2486577_0:00028b|OZ308468.1:269693-270407 -            239 67                   -            254  2.5e-122  398.3   0.3   1   1  2.7e-122  2.7e-122  398.1   0.3     2   240     2   238     1   239 0.99 -
67at766_272947_0:000342|OZ308468.1:269693-270410  -            240 67                   -            254  2.5e-122  398.2   0.3   1   1  2.8e-122  2.8e-122  398.1   0.3     2   240     3   239     2   240 0.99 -
67at766_336407_0:000549|OZ308468.1:269693-270410  -            240 67                   -            254  2.5e-122  398.2   0.3   1   1  2.8e-122  2.8e-122  398.1   0.3     2   240     3   239     2   240 0.99 -
67at766_1802984_0:000091|OZ308468.1:269690-270398 -            237 67                   -            254  7.8e-122  396.6   0.3   1   1  8.7e-122  8.7e-122  396.5   0.3     4   241     1   236     1   237 0.99 -
67at766_1359168_0:00026e|OZ308468.1:269699-270404 -            236 67                   -            254  1.1e-121  396.1   0.2   1   1  1.3e-121  1.3e-121  395.9   0.2     2   239     1   236     1   236 0.99 -
67at766_334380_0:000267|OZ308468.1:269699-270404  -            236 67                   -            254  1.1e-121  396.1   0.2   1   1  1.3e-121  1.3e-121  395.9   0.2     2   239     1   236     1   236 0.99 -
67at766_2486578_0:0000d2|OZ308468.1:269702-270407 -            236 67                   -            254  2.1e-121  395.2   0.3   1   1  2.3e-121  2.3e-121  395.1   0.3     2   238     2   236     1   236 0.99 -
67at766_1961830_0:00025f|OZ308468.1:269693-270392 -            234 67                   -            254    9e-121  393.1   0.3   1   1    1e-120    1e-120  393.0   0.3     6   240     1   233     1   234 0.99 -
67at766_2115978_0:000252|OZ308468.1:269696-270386 -            231 67                   -            254  1.1e-119  389.6   0.2   1   1  1.2e-119  1.2e-119  389.5   0.2     8   239     1   230     1   231 0.99 -
67at766_2602574_0:00002c|OZ308468.1:269723-270407 -            229 67                   -            254  1.3e-118  386.1   0.7   1   1  1.4e-118  1.4e-118  385.9   0.7     2   231     2   229     1   229 0.99 -
67at766_696127_0:000073|OZ308468.1:269828-270404  -            193 67                   -            254   8.1e-96  311.4   0.1   1   1     9e-96     9e-96  311.2   0.1     2   196     1   193     1   193 0.99 -
#
# Program:         hmmsearch
# Version:         3.4 (Aug 2023)
# Pipeline mode:   SEARCH
# Query file:      /Users/rossoaa/Desktop/dummy/genomes/records/compleasm/mb_downloads/rickettsiales_odb12/hmms/67at766.hmm
# Target file:     -
# Option settings: /Users/rossoaa/miniconda3/envs/compleasm_env/bin/hmmsearch --domtblout /Users/rossoaa/Desktop/dummy/genomes/records/compleasm/rickettsiales_odb12/hmmer_output/67at766.out --cpu 1 /Users/rossoaa/Desktop/dummy/genomes/records/compleasm/mb_downloads/rickettsiales_odb12/hmms/67at766.hmm - 
# Current dir:     /Users/rossoaa/Desktop/dummy/genomes/records/compleasm
# Date:            Tue Feb 10 10:20:24 2026
# [ok]
