#                                                                                                          --- full sequence --- -------------- this domain -------------   hmm coord   ali coord   env coord
# target name                                      accession   tlen query name           accession   qlen   E-value  score  bias   #  of  c-Evalue  i-Evalue  score  bias  from    to  from    to  from    to  acc description of target
#                              ------------------- ---------- ----- -------------------- ---------- ----- --------- ------ ----- --- --- --------- --------- ------ ----- ----- ----- ----- ----- ----- ----- ---- ---------------------
680at766_272947_0:00018a|OZ308468.1:476762-483875  -            906 680                  -            879         0 1536.1   7.8   1   1         0         0 1535.9   7.8     2   877     4   891     3   893 0.97 -
680at766_1359163_0:000265|OZ308468.1:476765-479447 -            895 680                  -            879         0 1535.6   8.0   1   1         0         0 1535.4   8.0     2   877     3   890     2   892 0.98 -
680at766_205920_0:000282|OZ308468.1:476765-479447  -            895 680                  -            879         0 1535.6   8.0   1   1         0         0 1535.4   8.0     2   877     3   890     2   892 0.98 -
680at766_779_0:0001ac|OZ308468.1:476765-479447     -            895 680                  -            879         0 1535.6   8.0   1   1         0         0 1535.4   8.0     2   877     3   890     2   892 0.98 -
680at766_2115978_0:000121|OZ308468.1:476765-479450 -            896 680                  -            879         0 1535.6   8.0   1   1         0         0 1535.4   8.0     2   877     3   890     2   892 0.98 -
680at766_955_0:000241|OZ308468.1:476765-479441     -            893 680                  -            879         0 1535.6   8.0   1   1         0         0 1535.4   8.0     2   877     3   890     2   892 0.98 -
680at766_1802984_0:0001b8|OZ308468.1:476762-479441 -            894 680                  -            879         0 1535.6   8.0   1   1         0         0 1535.4   8.0     2   877     4   891     3   893 0.98 -
680at766_1242993_0:0000a7|OZ308468.1:476765-479459 -            899 680                  -            879         0 1535.6   8.0   1   1         0         0 1535.3   8.0     2   877     3   890     2   892 0.98 -
680at766_391036_0:000332|OZ308468.1:476765-479459  -            899 680                  -            879         0 1535.6   8.0   1   1         0         0 1535.3   8.0     2   877     3   890     2   892 0.98 -
680at766_1359168_0:00017d|OZ308468.1:476768-479453 -            896 680                  -            879         0 1535.6   8.0   1   1         0         0 1535.4   8.0     2   877     2   889     1   891 0.98 -
680at766_434131_0:00024b|OZ308468.1:476768-479453  -            896 680                  -            879         0 1535.6   8.0   1   1         0         0 1535.4   8.0     2   877     2   889     1   891 0.98 -
680at766_222891_0:0000d4|OZ308468.1:476768-479456  -            897 680                  -            879         0 1535.6   8.0   1   1         0         0 1535.4   8.0     2   877     2   889     1   891 0.98 -
680at766_1392507_0:00039f|OZ308468.1:476765-479465 -            900 680                  -            879         0 1535.6   8.0   1   1         0         0 1535.3   8.0     2   877     3   890     2   892 0.98 -
680at766_1605993_0:00036c|OZ308468.1:476765-479465 -            900 680                  -            879         0 1535.6   8.0   1   1         0         0 1535.3   8.0     2   877     3   890     2   892 0.98 -
680at766_169402_0:00047f|OZ308468.1:476765-479465  -            900 680                  -            879         0 1535.6   8.0   1   1         0         0 1535.3   8.0     2   877     3   890     2   892 0.98 -
680at766_246273_0:000067|OZ308468.1:476765-479465  -            900 680                  -            879         0 1535.6   8.0   1   1         0         0 1535.3   8.0     2   877     3   890     2   892 0.98 -
680at766_96496_0:000292|OZ308468.1:476765-479465   -            900 680                  -            879         0 1535.6   8.0   1   1         0         0 1535.3   8.0     2   877     3   890     2   892 0.98 -
680at766_1286528_0:00030a|OZ308468.1:476768-479459 -            898 680                  -            879         0 1535.6   8.0   1   1         0         0 1535.4   8.0     2   877     2   889     1   891 0.98 -
680at766_1714371_0:00016f|OZ308468.1:476768-479462 -            899 680                  -            879         0 1535.6   8.0   1   1         0         0 1535.3   8.0     2   877     2   889     1   891 0.98 -
680at766_334380_0:000354|OZ308468.1:476768-479465  -            899 680                  -            879         0 1535.6   8.0   1   1         0         0 1535.3   8.0     2   877     2   889     1   891 0.98 -
680at766_481009_0:0004cc|OZ308468.1:476762-479435  -            892 680                  -            879         0 1535.3   8.0   1   1         0         0 1535.1   8.0     2   876     4   890     3   892 0.98 -
680at766_1248439_0:00026e|OZ308468.1:476765-479432 -            890 680                  -            879         0 1535.2   7.7   1   1         0         0 1535.0   7.7     2   876     3   889     2   890 0.98 -
680at766_142058_0:00010c|OZ308468.1:476765-479432  -            890 680                  -            879         0 1535.2   7.7   1   1         0         0 1535.0   7.7     2   876     3   889     2   890 0.98 -
680at766_1528098_0:00001c|OZ308468.1:476765-479432 -            890 680                  -            879         0 1535.2   7.7   1   1         0         0 1535.0   7.7     2   876     3   889     2   890 0.98 -
680at766_1105107_0:000006|OZ308468.1:476762-479432 -            891 680                  -            879         0 1535.2   7.7   1   1         0         0 1535.0   7.7     2   876     4   890     3   891 0.98 -
680at766_1961830_0:0004d5|OZ308468.1:476774-479444 -            891 680                  -            879         0 1533.7   7.9   1   1         0         0 1533.5   7.9     3   877     1   887     1   889 0.98 -
680at766_336407_0:000026|OZ308468.1:476774-479462  -            897 680                  -            879         0 1533.7   7.9   1   1         0         0 1533.5   7.9     3   877     1   887     1   889 0.98 -
680at766_2486578_0:0002e8|OZ308468.1:476774-479432 -            887 680                  -            879         0 1533.3   7.7   1   1         0         0 1533.2   7.7     3   876     1   886     1   887 0.98 -
680at766_1274402_0:000129|OZ308468.1:476774-479429 -            886 680                  -            879         0 1532.7   7.7   1   1         0         0 1532.6   7.7     3   875     1   885     1   886 0.98 -
680at766_696127_0:000211|OZ308468.1:476771-479423  -            885 680                  -            879         0 1532.3   7.7   1   1         0         0 1532.1   7.7     2   872     1   883     1   885 0.98 -
680at766_86105_0:0004b1|OZ308468.1:476804-479444   -            881 680                  -            879         0 1520.5   6.8   1   1         0         0 1520.3   6.8    13   877     1   877     1   879 0.97 -
680at766_2602574_0:000418|OZ308468.1:476804-479408 -            869 680                  -            879         0 1514.0   7.4   1   1         0         0 1513.8   7.4    13   869     1   869     1   869 0.98 -
680at766_2486577_0:0003a9|OZ308468.1:477011-479420 -            804 680                  -            879         0 1353.6   8.3   1   1         0         0 1353.5   8.3    82   871     1   802     1   804 0.97 -
#
# Program:         hmmsearch
# Version:         3.4 (Aug 2023)
# Pipeline mode:   SEARCH
# Query file:      /Users/rossoaa/Desktop/dummy/genomes/records/compleasm/mb_downloads/rickettsiales_odb12/hmms/680at766.hmm
# Target file:     -
# Option settings: /Users/rossoaa/miniconda3/envs/compleasm_env/bin/hmmsearch --domtblout /Users/rossoaa/Desktop/dummy/genomes/records/compleasm/rickettsiales_odb12/hmmer_output/680at766.out --cpu 1 /Users/rossoaa/Desktop/dummy/genomes/records/compleasm/mb_downloads/rickettsiales_odb12/hmms/680at766.hmm - 
# Current dir:     /Users/rossoaa/Desktop/dummy/genomes/records/compleasm
# Date:            Tue Feb 10 10:20:23 2026
# [ok]
