#                                                                                                            --- full sequence --- -------------- this domain -------------   hmm coord   ali coord   env coord
# target name                                        accession   tlen query name           accession   qlen   E-value  score  bias   #  of  c-Evalue  i-Evalue  score  bias  from    to  from    to  from    to  acc description of target
#                                ------------------- ---------- ----- -------------------- ---------- ----- --------- ------ ----- --- --- --------- --------- ------ ----- ----- ----- ----- ----- ----- ----- ---- ---------------------
682at766_1274402_0:00003a|OZ308468.1:1059674-1060118 -            148 682                  -            146   3.2e-71  228.5   0.0   1   1   3.5e-71   3.5e-71  228.4   0.0     1   145     1   147     1   148 0.98 -
682at766_1359163_0:000378|OZ308468.1:1059674-1060118 -            148 682                  -            146   3.2e-71  228.5   0.0   1   1   3.5e-71   3.5e-71  228.4   0.0     1   145     1   147     1   148 0.98 -
682at766_1359168_0:00025b|OZ308468.1:1059674-1060115 -            148 682                  -            146   3.2e-71  228.5   0.0   1   1   3.5e-71   3.5e-71  228.4   0.0     1   145     1   147     1   148 0.98 -
682at766_1392507_0:000334|OZ308468.1:1059674-1060118 -            148 682                  -            146   3.2e-71  228.5   0.0   1   1   3.5e-71   3.5e-71  228.4   0.0     1   145     1   147     1   148 0.98 -
682at766_1961830_0:000279|OZ308468.1:1059674-1060118 -            148 682                  -            146   3.2e-71  228.5   0.0   1   1   3.5e-71   3.5e-71  228.4   0.0     1   145     1   147     1   148 0.98 -
682at766_205920_0:0000a8|OZ308468.1:1059674-1060118  -            148 682                  -            146   3.2e-71  228.5   0.0   1   1   3.5e-71   3.5e-71  228.4   0.0     1   145     1   147     1   148 0.98 -
682at766_2115978_0:0002f3|OZ308468.1:1059674-1060115 -            148 682                  -            146   3.2e-71  228.5   0.0   1   1   3.5e-71   3.5e-71  228.4   0.0     1   145     1   147     1   148 0.98 -
682at766_2486578_0:00051a|OZ308468.1:1059674-1060118 -            148 682                  -            146   3.2e-71  228.5   0.0   1   1   3.5e-71   3.5e-71  228.4   0.0     1   145     1   147     1   148 0.98 -
682at766_272947_0:0000c4|OZ308468.1:1059674-1060118  -            148 682                  -            146   3.2e-71  228.5   0.0   1   1   3.5e-71   3.5e-71  228.4   0.0     1   145     1   147     1   148 0.98 -
682at766_334380_0:00031d|OZ308468.1:1059674-1060115  -            148 682                  -            146   3.2e-71  228.5   0.0   1   1   3.5e-71   3.5e-71  228.4   0.0     1   145     1   147     1   148 0.98 -
682at766_1248439_0:0000bc|OZ308468.1:1059671-1060118 -            149 682                  -            146   3.3e-71  228.5   0.0   1   1   3.6e-71   3.6e-71  228.3   0.0     1   145     2   148     2   149 0.98 -
682at766_142058_0:000231|OZ308468.1:1059671-1060118  -            149 682                  -            146   3.3e-71  228.5   0.0   1   1   3.6e-71   3.6e-71  228.3   0.0     1   145     2   148     2   149 0.98 -
682at766_1528098_0:0002b0|OZ308468.1:1059671-1060115 -            149 682                  -            146   3.3e-71  228.5   0.0   1   1   3.6e-71   3.6e-71  228.3   0.0     1   145     2   148     2   149 0.98 -
682at766_2486577_0:000263|OZ308468.1:1059665-1060115 -            151 682                  -            146   3.4e-71  228.4   0.0   1   1   3.8e-71   3.8e-71  228.3   0.0     1   145     4   150     4   151 0.98 -
682at766_2602574_0:000121|OZ308468.1:1059665-1060115 -            151 682                  -            146   3.4e-71  228.4   0.0   1   1   3.8e-71   3.8e-71  228.3   0.0     1   145     4   150     4   151 0.98 -
682at766_1802984_0:00000e|OZ308468.1:1059662-1060115 -            152 682                  -            146   3.5e-71  228.4   0.0   1   1   3.9e-71   3.9e-71  228.2   0.0     1   145     5   151     5   152 0.98 -
682at766_955_0:000273|OZ308468.1:1059662-1060118     -            152 682                  -            146   3.5e-71  228.4   0.0   1   1   3.9e-71   3.9e-71  228.2   0.0     1   145     5   151     5   152 0.98 -
682at766_1423892_0:000046|OZ308468.1:1059659-1060118 -            153 682                  -            146   3.6e-71  228.4   0.0   1   1     4e-71     4e-71  228.2   0.0     1   145     6   152     6   153 0.98 -
682at766_1605993_0:00009d|OZ308468.1:1059659-1060118 -            153 682                  -            146   3.6e-71  228.4   0.0   1   1     4e-71     4e-71  228.2   0.0     1   145     6   152     6   153 0.98 -
682at766_169402_0:0000b8|OZ308468.1:1059659-1060118  -            153 682                  -            146   3.6e-71  228.4   0.0   1   1     4e-71     4e-71  228.2   0.0     1   145     6   152     6   153 0.98 -
682at766_246273_0:0001a8|OZ308468.1:1059659-1060118  -            153 682                  -            146   3.6e-71  228.4   0.0   1   1     4e-71     4e-71  228.2   0.0     1   145     6   152     6   153 0.98 -
682at766_391036_0:00030d|OZ308468.1:1059659-1060118  -            153 682                  -            146   3.6e-71  228.4   0.0   1   1     4e-71     4e-71  228.2   0.0     1   145     6   152     6   153 0.98 -
682at766_96496_0:00011b|OZ308468.1:1059656-1060118   -            154 682                  -            146   3.7e-71  228.3   0.0   1   1   4.1e-71   4.1e-71  228.2   0.0     1   145     7   153     7   154 0.98 -
682at766_1242993_0:0002fa|OZ308468.1:1059653-1060118 -            155 682                  -            146   3.8e-71  228.3   0.0   1   1   4.3e-71   4.3e-71  228.1   0.0     1   145     8   154     8   155 0.98 -
682at766_336407_0:00055b|OZ308468.1:1059677-1060115  -            147 682                  -            146     7e-71  227.4   0.0   1   1   7.8e-71   7.8e-71  227.3   0.0     2   145     1   146     1   147 0.98 -
682at766_481009_0:000146|OZ308468.1:1059677-1060118  -            147 682                  -            146     7e-71  227.4   0.0   1   1   7.8e-71   7.8e-71  227.3   0.0     2   145     1   146     1   147 0.98 -
682at766_1286528_0:0002f2|OZ308468.1:1059680-1060115 -            146 682                  -            146   1.9e-70  226.0   0.0   1   1   2.2e-70   2.2e-70  225.8   0.0     3   145     1   145     1   146 0.98 -
682at766_1714371_0:000227|OZ308468.1:1059683-1060115 -            145 682                  -            146   6.5e-70  224.3   0.0   1   1   7.2e-70   7.2e-70  224.1   0.0     4   145     1   144     1   145 0.98 -
682at766_222891_0:000167|OZ308468.1:1059683-1060115  -            145 682                  -            146   6.5e-70  224.3   0.0   1   1   7.2e-70   7.2e-70  224.1   0.0     4   145     1   144     1   145 0.98 -
682at766_434131_0:000201|OZ308468.1:1059683-1060115  -            145 682                  -            146   6.5e-70  224.3   0.0   1   1   7.2e-70   7.2e-70  224.1   0.0     4   145     1   144     1   145 0.98 -
682at766_779_0:0002e7|OZ308468.1:1059689-1060118     -            143 682                  -            146     6e-69  221.2   0.0   1   1   6.6e-69   6.6e-69  221.0   0.0     6   145     1   142     1   143 0.98 -
682at766_1105107_0:000250|OZ308468.1:1059719-1060118 -            133 682                  -            146   8.1e-66  211.0   0.0   1   1     9e-66     9e-66  210.9   0.0    16   145     1   132     1   133 0.98 -
#
# Program:         hmmsearch
# Version:         3.4 (Aug 2023)
# Pipeline mode:   SEARCH
# Query file:      /Users/rossoaa/Desktop/dummy/genomes/records/compleasm/mb_downloads/rickettsiales_odb12/hmms/682at766.hmm
# Target file:     -
# Option settings: /Users/rossoaa/miniconda3/envs/compleasm_env/bin/hmmsearch --domtblout /Users/rossoaa/Desktop/dummy/genomes/records/compleasm/rickettsiales_odb12/hmmer_output/682at766.out --cpu 1 /Users/rossoaa/Desktop/dummy/genomes/records/compleasm/mb_downloads/rickettsiales_odb12/hmms/682at766.hmm - 
# Current dir:     /Users/rossoaa/Desktop/dummy/genomes/records/compleasm
# Date:            Tue Feb 10 10:20:20 2026
# [ok]
