#                                                                                                          --- full sequence --- -------------- this domain -------------   hmm coord   ali coord   env coord
# target name                                      accession   tlen query name           accession   qlen   E-value  score  bias   #  of  c-Evalue  i-Evalue  score  bias  from    to  from    to  from    to  acc description of target
#                              ------------------- ---------- ----- -------------------- ---------- ----- --------- ------ ----- --- --- --------- --------- ------ ----- ----- ----- ----- ----- ----- ----- ---- ---------------------
704at766_142058_0:0002ba|OZ308468.1:654630-656703  -            692 704                  -            649  1.7e-252  829.7  20.4   1   1  2.3e-252  2.3e-252  829.2  20.4     2   649     3   691     2   691 0.92 -
704at766_574556_0:0002f8|OZ308468.1:654630-656703  -            692 704                  -            649  1.7e-252  829.7  20.4   1   1  2.3e-252  2.3e-252  829.2  20.4     2   649     3   691     2   691 0.92 -
704at766_1242993_0:000252|OZ308468.1:654630-656706 -            693 704                  -            649  1.7e-252  829.7  20.4   1   1  2.4e-252  2.4e-252  829.2  20.4     2   649     3   691     2   691 0.92 -
704at766_1423892_0:000022|OZ308468.1:654630-656706 -            693 704                  -            649  1.7e-252  829.7  20.4   1   1  2.4e-252  2.4e-252  829.2  20.4     2   649     3   691     2   691 0.92 -
704at766_205920_0:0002d3|OZ308468.1:654630-656706  -            693 704                  -            649  1.7e-252  829.7  20.4   1   1  2.4e-252  2.4e-252  829.2  20.4     2   649     3   691     2   691 0.92 -
704at766_391036_0:00019e|OZ308468.1:654630-656706  -            693 704                  -            649  1.7e-252  829.7  20.4   1   1  2.4e-252  2.4e-252  829.2  20.4     2   649     3   691     2   691 0.92 -
704at766_779_0:000192|OZ308468.1:654627-656706     -            694 704                  -            649  1.7e-252  829.7  20.4   1   1  2.4e-252  2.4e-252  829.2  20.4     2   649     4   692     3   692 0.92 -
704at766_1359163_0:0002af|OZ308468.1:654630-656712 -            695 704                  -            649  1.7e-252  829.7  20.4   1   1  2.4e-252  2.4e-252  829.2  20.4     2   649     3   691     2   691 0.92 -
704at766_955_0:0002e2|OZ308468.1:654630-656712     -            695 704                  -            649  1.7e-252  829.7  20.4   1   1  2.4e-252  2.4e-252  829.2  20.4     2   649     3   691     2   691 0.92 -
704at766_96496_0:00016e|OZ308468.1:654630-656715   -            696 704                  -            649  1.7e-252  829.7  20.4   1   1  2.4e-252  2.4e-252  829.2  20.4     2   649     3   691     2   691 0.92 -
704at766_1105107_0:0001f3|OZ308468.1:654633-656703 -            691 704                  -            649  1.7e-252  829.7  20.4   1   1  2.3e-252  2.3e-252  829.3  20.4     2   649     2   690     1   690 0.92 -
704at766_1961830_0:0003e2|OZ308468.1:654633-656703 -            691 704                  -            649  1.7e-252  829.7  20.4   1   1  2.3e-252  2.3e-252  829.3  20.4     2   649     2   690     1   690 0.92 -
704at766_2115978_0:0004b4|OZ308468.1:654633-656703 -            691 704                  -            649  1.7e-252  829.7  20.4   1   1  2.3e-252  2.3e-252  829.3  20.4     2   649     2   690     1   690 0.92 -
704at766_272947_0:00007a|OZ308468.1:654633-656703  -            691 704                  -            649  1.7e-252  829.7  20.4   1   1  2.3e-252  2.3e-252  829.3  20.4     2   649     2   690     1   690 0.92 -
704at766_336407_0:000084|OZ308468.1:654633-656703  -            691 704                  -            649  1.7e-252  829.7  20.4   1   1  2.3e-252  2.3e-252  829.3  20.4     2   649     2   690     1   690 0.92 -
704at766_481009_0:00004f|OZ308468.1:654633-656703  -            691 704                  -            649  1.7e-252  829.7  20.4   1   1  2.3e-252  2.3e-252  829.3  20.4     2   649     2   690     1   690 0.92 -
704at766_246273_0:000279|OZ308468.1:654630-656727  -            700 704                  -            649  1.7e-252  829.7  20.4   1   1  2.5e-252  2.5e-252  829.2  20.4     2   649     3   691     2   691 0.92 -
704at766_1605993_0:000212|OZ308468.1:654630-656736 -            702 704                  -            649  1.8e-252  829.7  20.4   1   1  2.5e-252  2.5e-252  829.2  20.4     2   649     3   691     2   691 0.92 -
704at766_169402_0:00012f|OZ308468.1:654636-656727  -            698 704                  -            649  2.7e-252  829.1  20.4   1   1  3.7e-252  3.7e-252  828.6  20.4     2   649     1   689     1   689 0.92 -
704at766_2486578_0:0004ad|OZ308468.1:654633-656664 -            678 704                  -            649  2.4e-248  816.0  19.6   1   1  3.3e-248  3.3e-248  815.5  19.6     2   637     2   678     1   678 0.92 -
#
# Program:         hmmsearch
# Version:         3.4 (Aug 2023)
# Pipeline mode:   SEARCH
# Query file:      /Users/rossoaa/Desktop/dummy/genomes/records/compleasm/mb_downloads/rickettsiales_odb12/hmms/704at766.hmm
# Target file:     -
# Option settings: /Users/rossoaa/miniconda3/envs/compleasm_env/bin/hmmsearch --domtblout /Users/rossoaa/Desktop/dummy/genomes/records/compleasm/rickettsiales_odb12/hmmer_output/704at766.out --cpu 1 /Users/rossoaa/Desktop/dummy/genomes/records/compleasm/mb_downloads/rickettsiales_odb12/hmms/704at766.hmm - 
# Current dir:     /Users/rossoaa/Desktop/dummy/genomes/records/compleasm
# Date:            Tue Feb 10 10:20:21 2026
# [ok]
