#                                                                                                          --- full sequence --- -------------- this domain -------------   hmm coord   ali coord   env coord
# target name                                      accession   tlen query name           accession   qlen   E-value  score  bias   #  of  c-Evalue  i-Evalue  score  bias  from    to  from    to  from    to  acc description of target
#                              ------------------- ---------- ----- -------------------- ---------- ----- --------- ------ ----- --- --- --------- --------- ------ ----- ----- ----- ----- ----- ----- ----- ---- ---------------------
708at766_1248439_0:000159|OZ308468.1:323974-325936 -            654 708                  -            619  5.4e-261  858.2  14.4   1   1  7.3e-261  7.3e-261  857.8  14.4     2   619     4   654     3   654 0.92 -
708at766_142058_0:000223|OZ308468.1:323974-325936  -            654 708                  -            619  5.4e-261  858.2  14.4   1   1  7.3e-261  7.3e-261  857.8  14.4     2   619     4   654     3   654 0.92 -
708at766_1528098_0:0005cf|OZ308468.1:323974-325936 -            654 708                  -            619  5.4e-261  858.2  14.4   1   1  7.3e-261  7.3e-261  857.8  14.4     2   619     4   654     3   654 0.92 -
708at766_1605993_0:00024f|OZ308468.1:323974-325936 -            654 708                  -            619  5.4e-261  858.2  14.4   1   1  7.3e-261  7.3e-261  857.8  14.4     2   619     4   654     3   654 0.92 -
708at766_2115978_0:000366|OZ308468.1:323974-325936 -            654 708                  -            619  5.4e-261  858.2  14.4   1   1  7.3e-261  7.3e-261  857.8  14.4     2   619     4   654     3   654 0.92 -
708at766_246273_0:00014e|OZ308468.1:323974-325936  -            654 708                  -            619  5.4e-261  858.2  14.4   1   1  7.3e-261  7.3e-261  857.8  14.4     2   619     4   654     3   654 0.92 -
708at766_86105_0:0006c1|OZ308468.1:323974-325936   -            654 708                  -            619  5.4e-261  858.2  14.4   1   1  7.3e-261  7.3e-261  857.8  14.4     2   619     4   654     3   654 0.92 -
708at766_955_0:0000f1|OZ308468.1:323974-325936     -            654 708                  -            619  5.4e-261  858.2  14.4   1   1  7.3e-261  7.3e-261  857.8  14.4     2   619     4   654     3   654 0.92 -
708at766_2486577_0:00001f|OZ308468.1:323971-325936 -            655 708                  -            619  5.4e-261  858.2  14.4   1   1  7.3e-261  7.3e-261  857.8  14.4     2   619     5   655     4   655 0.92 -
708at766_2602574_0:0002db|OZ308468.1:323971-325936 -            655 708                  -            619  5.4e-261  858.2  14.4   1   1  7.3e-261  7.3e-261  857.8  14.4     2   619     5   655     4   655 0.92 -
708at766_1961830_0:000406|OZ308468.1:323977-325936 -            653 708                  -            619  5.5e-261  858.2  14.4   1   1  7.2e-261  7.2e-261  857.8  14.4     2   619     3   653     2   653 0.92 -
708at766_2486578_0:0003a1|OZ308468.1:323977-325936 -            653 708                  -            619  5.5e-261  858.2  14.4   1   1  7.2e-261  7.2e-261  857.8  14.4     2   619     3   653     2   653 0.92 -
708at766_272947_0:000211|OZ308468.1:323977-325936  -            653 708                  -            619  5.5e-261  858.2  14.4   1   1  7.2e-261  7.2e-261  857.8  14.4     2   619     3   653     2   653 0.92 -
708at766_1242993_0:0002be|OZ308468.1:323980-325936 -            652 708                  -            619  5.5e-261  858.2  14.4   1   1  7.2e-261  7.2e-261  857.8  14.4     2   619     2   652     1   652 0.92 -
708at766_1286528_0:000019|OZ308468.1:323980-325936 -            652 708                  -            619  5.5e-261  858.2  14.4   1   1  7.2e-261  7.2e-261  857.8  14.4     2   619     2   652     1   652 0.92 -
708at766_1359163_0:000243|OZ308468.1:323980-325936 -            652 708                  -            619  5.5e-261  858.2  14.4   1   1  7.2e-261  7.2e-261  857.8  14.4     2   619     2   652     1   652 0.92 -
708at766_1392507_0:00032b|OZ308468.1:323980-325936 -            652 708                  -            619  5.5e-261  858.2  14.4   1   1  7.2e-261  7.2e-261  857.8  14.4     2   619     2   652     1   652 0.92 -
708at766_1423892_0:000255|OZ308468.1:323980-325936 -            652 708                  -            619  5.5e-261  858.2  14.4   1   1  7.2e-261  7.2e-261  857.8  14.4     2   619     2   652     1   652 0.92 -
708at766_1714371_0:0002d9|OZ308468.1:323980-325936 -            652 708                  -            619  5.5e-261  858.2  14.4   1   1  7.2e-261  7.2e-261  857.8  14.4     2   619     2   652     1   652 0.92 -
708at766_205920_0:000000|OZ308468.1:323980-325936  -            652 708                  -            619  5.5e-261  858.2  14.4   1   1  7.2e-261  7.2e-261  857.8  14.4     2   619     2   652     1   652 0.92 -
708at766_222891_0:0000a1|OZ308468.1:323980-325936  -            652 708                  -            619  5.5e-261  858.2  14.4   1   1  7.2e-261  7.2e-261  857.8  14.4     2   619     2   652     1   652 0.92 -
708at766_391036_0:00024d|OZ308468.1:323980-325936  -            652 708                  -            619  5.5e-261  858.2  14.4   1   1  7.2e-261  7.2e-261  857.8  14.4     2   619     2   652     1   652 0.92 -
708at766_434131_0:0001db|OZ308468.1:323980-325936  -            652 708                  -            619  5.5e-261  858.2  14.4   1   1  7.2e-261  7.2e-261  857.8  14.4     2   619     2   652     1   652 0.92 -
708at766_779_0:00003c|OZ308468.1:323980-325936     -            652 708                  -            619  5.5e-261  858.2  14.4   1   1  7.2e-261  7.2e-261  857.8  14.4     2   619     2   652     1   652 0.92 -
708at766_1802984_0:00024f|OZ308468.1:323986-325936 -            650 708                  -            619  1.3e-260  857.0  14.5   1   1  1.8e-260  1.8e-260  856.6  14.5     4   619     2   650     1   650 0.92 -
708at766_1274402_0:0003ea|OZ308468.1:323995-325936 -            647 708                  -            619  1.5e-259  853.5  14.3   1   1    2e-259    2e-259  853.1  14.3     6   619     1   647     1   647 0.92 -
708at766_96496_0:00019a|OZ308468.1:323974-325918   -            649 708                  -            619    1e-257  847.4  15.3   1   1  1.4e-257  1.4e-257  847.0  15.3     2   614     4   649     3   649 0.92 -
708at766_1105107_0:000123|OZ308468.1:324004-325936 -            644 708                  -            619  1.2e-257  847.1  14.8   1   1  1.6e-257  1.6e-257  846.7  14.8    10   619     2   644     1   644 0.92 -
708at766_1359168_0:000000|OZ308468.1:324004-325936 -            644 708                  -            619  1.2e-257  847.1  14.8   1   1  1.6e-257  1.6e-257  846.7  14.8    10   619     2   644     1   644 0.92 -
708at766_334380_0:000055|OZ308468.1:324004-325936  -            644 708                  -            619  1.2e-257  847.1  14.8   1   1  1.6e-257  1.6e-257  846.7  14.8    10   619     2   644     1   644 0.92 -
708at766_481009_0:000361|OZ308468.1:324004-325936  -            644 708                  -            619  1.2e-257  847.1  14.8   1   1  1.6e-257  1.6e-257  846.7  14.8    10   619     2   644     1   644 0.92 -
708at766_752179_0:00010b|OZ308468.1:324004-325936  -            644 708                  -            619  1.2e-257  847.1  14.8   1   1  1.6e-257  1.6e-257  846.7  14.8    10   619     2   644     1   644 0.92 -
708at766_336407_0:000147|OZ308468.1:324028-325936  -            636 708                  -            619  6.6e-256  841.4  15.3   1   1  8.6e-256  8.6e-256  841.1  15.3    19   619     5   636     1   636 0.92 -
708at766_696127_0:000475|OZ308468.1:323977-325201  -            409 708                  -            619  4.5e-168  551.3   8.7   1   1  5.1e-168  5.1e-168  551.1   8.7     2   389     3   404     2   409 0.92 -
#
# Program:         hmmsearch
# Version:         3.4 (Aug 2023)
# Pipeline mode:   SEARCH
# Query file:      /Users/rossoaa/Desktop/dummy/genomes/records/compleasm/mb_downloads/rickettsiales_odb12/hmms/708at766.hmm
# Target file:     -
# Option settings: /Users/rossoaa/miniconda3/envs/compleasm_env/bin/hmmsearch --domtblout /Users/rossoaa/Desktop/dummy/genomes/records/compleasm/rickettsiales_odb12/hmmer_output/708at766.out --cpu 1 /Users/rossoaa/Desktop/dummy/genomes/records/compleasm/mb_downloads/rickettsiales_odb12/hmms/708at766.hmm - 
# Current dir:     /Users/rossoaa/Desktop/dummy/genomes/records/compleasm
# Date:            Tue Feb 10 10:20:21 2026
# [ok]
