#                                                                                                          --- full sequence --- -------------- this domain -------------   hmm coord   ali coord   env coord
# target name                                      accession   tlen query name           accession   qlen   E-value  score  bias   #  of  c-Evalue  i-Evalue  score  bias  from    to  from    to  from    to  acc description of target
#                              ------------------- ---------- ----- -------------------- ---------- ----- --------- ------ ----- --- --- --------- --------- ------ ----- ----- ----- ----- ----- ----- ----- ---- ---------------------
734at766_1286528_0:00016e|OZ308468.1:801254-802244 -            330 734                  -            329  2.6e-193  632.4   0.2   1   1  2.9e-193  2.9e-193  632.2   0.2     1   328     1   328     1   329 0.99 -
734at766_1359163_0:00004e|OZ308468.1:801254-802244 -            330 734                  -            329  2.6e-193  632.4   0.2   1   1  2.9e-193  2.9e-193  632.2   0.2     1   328     1   328     1   329 0.99 -
734at766_1605993_0:00039e|OZ308468.1:801254-802244 -            330 734                  -            329  2.6e-193  632.4   0.2   1   1  2.9e-193  2.9e-193  632.2   0.2     1   328     1   328     1   329 0.99 -
734at766_169402_0:000041|OZ308468.1:801254-802244  -            330 734                  -            329  2.6e-193  632.4   0.2   1   1  2.9e-193  2.9e-193  632.2   0.2     1   328     1   328     1   329 0.99 -
734at766_222891_0:00011d|OZ308468.1:801254-802241  -            330 734                  -            329  2.6e-193  632.4   0.2   1   1  2.9e-193  2.9e-193  632.2   0.2     1   328     1   328     1   329 0.99 -
734at766_246273_0:00038e|OZ308468.1:801254-802244  -            330 734                  -            329  2.6e-193  632.4   0.2   1   1  2.9e-193  2.9e-193  632.2   0.2     1   328     1   328     1   329 0.99 -
734at766_2486577_0:0000c8|OZ308468.1:801254-802241 -            330 734                  -            329  2.6e-193  632.4   0.2   1   1  2.9e-193  2.9e-193  632.2   0.2     1   328     1   328     1   329 0.99 -
734at766_272947_0:000129|OZ308468.1:801254-802244  -            330 734                  -            329  2.6e-193  632.4   0.2   1   1  2.9e-193  2.9e-193  632.2   0.2     1   328     1   328     1   329 0.99 -
734at766_752179_0:0002d5|OZ308468.1:801254-802241  -            330 734                  -            329  2.6e-193  632.4   0.2   1   1  2.9e-193  2.9e-193  632.2   0.2     1   328     1   328     1   329 0.99 -
734at766_96496_0:000276|OZ308468.1:801254-802244   -            330 734                  -            329  2.6e-193  632.4   0.2   1   1  2.9e-193  2.9e-193  632.2   0.2     1   328     1   328     1   329 0.99 -
734at766_1528098_0:00052b|OZ308468.1:801251-802244 -            331 734                  -            329  2.6e-193  632.4   0.2   1   1  2.9e-193  2.9e-193  632.2   0.2     1   328     2   329     2   330 0.99 -
734at766_1359168_0:0001a0|OZ308468.1:801251-802238 -            330 734                  -            329  2.6e-193  632.4   0.2   1   1  2.9e-193  2.9e-193  632.2   0.2     1   328     2   329     2   330 0.99 -
734at766_334380_0:000462|OZ308468.1:801251-802238  -            330 734                  -            329  2.6e-193  632.4   0.2   1   1  2.9e-193  2.9e-193  632.2   0.2     1   328     2   329     2   330 0.99 -
734at766_1242993_0:00024f|OZ308468.1:801248-802244 -            332 734                  -            329  2.6e-193  632.4   0.2   1   1    3e-193    3e-193  632.2   0.2     1   328     3   330     3   331 0.99 -
734at766_1248439_0:00009c|OZ308468.1:801248-802244 -            332 734                  -            329  2.6e-193  632.4   0.2   1   1    3e-193    3e-193  632.2   0.2     1   328     3   330     3   331 0.99 -
734at766_142058_0:0002e9|OZ308468.1:801248-802244  -            332 734                  -            329  2.6e-193  632.4   0.2   1   1    3e-193    3e-193  632.2   0.2     1   328     3   330     3   331 0.99 -
734at766_1423892_0:000176|OZ308468.1:801248-802244 -            332 734                  -            329  2.6e-193  632.4   0.2   1   1    3e-193    3e-193  632.2   0.2     1   328     3   330     3   331 0.99 -
734at766_1802984_0:0000cf|OZ308468.1:801248-802241 -            332 734                  -            329  2.6e-193  632.4   0.2   1   1    3e-193    3e-193  632.2   0.2     1   328     3   330     3   331 0.99 -
734at766_205920_0:000092|OZ308468.1:801248-802244  -            332 734                  -            329  2.6e-193  632.4   0.2   1   1    3e-193    3e-193  632.2   0.2     1   328     3   330     3   331 0.99 -
734at766_391036_0:00002d|OZ308468.1:801248-802244  -            332 734                  -            329  2.6e-193  632.4   0.2   1   1    3e-193    3e-193  632.2   0.2     1   328     3   330     3   331 0.99 -
734at766_574556_0:0002c8|OZ308468.1:801248-802244  -            332 734                  -            329  2.6e-193  632.4   0.2   1   1    3e-193    3e-193  632.2   0.2     1   328     3   330     3   331 0.99 -
734at766_779_0:000113|OZ308468.1:801248-802244     -            332 734                  -            329  2.6e-193  632.4   0.2   1   1    3e-193    3e-193  632.2   0.2     1   328     3   330     3   331 0.99 -
734at766_1961830_0:000313|OZ308468.1:801248-802238 -            331 734                  -            329  2.6e-193  632.4   0.2   1   1  2.9e-193  2.9e-193  632.2   0.2     1   328     3   330     3   331 0.99 -
734at766_86105_0:000722|OZ308468.1:801254-802235   -            328 734                  -            329  4.5e-193  631.6   0.2   1   1    5e-193    5e-193  631.5   0.2     1   327     1   327     1   328 0.99 -
734at766_955_0:0001b0|OZ308468.1:801254-802235     -            328 734                  -            329  4.5e-193  631.6   0.2   1   1    5e-193    5e-193  631.5   0.2     1   327     1   327     1   328 0.99 -
734at766_1105107_0:0002b1|OZ308468.1:801248-802235 -            330 734                  -            329  4.6e-193  631.6   0.2   1   1  5.1e-193  5.1e-193  631.4   0.2     1   327     3   329     3   330 0.99 -
734at766_481009_0:00035e|OZ308468.1:801248-802235  -            330 734                  -            329  4.6e-193  631.6   0.2   1   1  5.1e-193  5.1e-193  631.4   0.2     1   327     3   329     3   330 0.99 -
734at766_696127_0:000167|OZ308468.1:801248-802235  -            330 734                  -            329  4.6e-193  631.6   0.2   1   1  5.1e-193  5.1e-193  631.4   0.2     1   327     3   329     3   330 0.99 -
734at766_2486578_0:0002b9|OZ308468.1:801251-802232 -            328 734                  -            329  7.4e-193  630.9   0.2   1   1  8.3e-193  8.3e-193  630.7   0.2     1   326     2   327     2   328 0.99 -
734at766_2602574_0:0002e5|OZ308468.1:801248-802229 -            328 734                  -            329  1.2e-192  630.2   0.2   1   1  1.4e-192  1.4e-192  630.0   0.2     1   325     3   327     3   328 0.99 -
734at766_1714371_0:000073|OZ308468.1:801254-802226 -            325 734                  -            329  1.8e-192  629.6   0.2   1   1    2e-192    2e-192  629.4   0.2     1   324     1   324     1   325 1.00 -
734at766_434131_0:00004e|OZ308468.1:801254-802226  -            325 734                  -            329  1.8e-192  629.6   0.2   1   1    2e-192    2e-192  629.4   0.2     1   324     1   324     1   325 1.00 -
734at766_336407_0:00056a|OZ308468.1:801260-802235  -            326 734                  -            329  2.9e-192  628.9   0.2   1   1  3.2e-192  3.2e-192  628.8   0.2     3   327     1   325     1   326 0.99 -
734at766_1392507_0:00010a|OZ308468.1:801263-802244 -            327 734                  -            329  4.7e-192  628.3   0.2   1   1  5.3e-192  5.3e-192  628.1   0.2     4   328     1   325     1   326 0.99 -
734at766_2115978_0:0000b3|OZ308468.1:801254-802220 -            323 734                  -            329  6.1e-192  627.9   0.2   1   1  6.8e-192  6.8e-192  627.7   0.2     1   323     1   323     1   323 1.00 -
#
# Program:         hmmsearch
# Version:         3.4 (Aug 2023)
# Pipeline mode:   SEARCH
# Query file:      /Users/rossoaa/Desktop/dummy/genomes/records/compleasm/mb_downloads/rickettsiales_odb12/hmms/734at766.hmm
# Target file:     -
# Option settings: /Users/rossoaa/miniconda3/envs/compleasm_env/bin/hmmsearch --domtblout /Users/rossoaa/Desktop/dummy/genomes/records/compleasm/rickettsiales_odb12/hmmer_output/734at766.out --cpu 1 /Users/rossoaa/Desktop/dummy/genomes/records/compleasm/mb_downloads/rickettsiales_odb12/hmms/734at766.hmm - 
# Current dir:     /Users/rossoaa/Desktop/dummy/genomes/records/compleasm
# Date:            Tue Feb 10 10:20:24 2026
# [ok]
