#                                                                                                         --- full sequence --- -------------- this domain -------------   hmm coord   ali coord   env coord
# target name                                     accession   tlen query name           accession   qlen   E-value  score  bias   #  of  c-Evalue  i-Evalue  score  bias  from    to  from    to  from    to  acc description of target
#                             ------------------- ---------- ----- -------------------- ---------- ----- --------- ------ ----- --- --- --------- --------- ------ ----- ----- ----- ----- ----- ----- ----- ---- ---------------------
76at766_1286528_0:0001c5|OZ308468.1:550049-550730 -            228 76                   -            216    7e-103  333.4   0.0   1   1  7.9e-103  7.9e-103  333.2   0.0     1   215     1   226     1   227 0.94 -
76at766_1359168_0:00011f|OZ308468.1:550049-550730 -            228 76                   -            216    7e-103  333.4   0.0   1   1  7.9e-103  7.9e-103  333.2   0.0     1   215     1   226     1   227 0.94 -
76at766_2486578_0:0005b3|OZ308468.1:550049-550730 -            228 76                   -            216    7e-103  333.4   0.0   1   1  7.9e-103  7.9e-103  333.2   0.0     1   215     1   226     1   227 0.94 -
76at766_696127_0:0002d8|OZ308468.1:550052-550733  -            228 76                   -            216  7.1e-103  333.4   0.0   1   1  7.9e-103  7.9e-103  333.2   0.0     1   215     2   227     2   228 0.94 -
76at766_169402_0:000198|OZ308468.1:550049-550736  -            230 76                   -            216  7.1e-103  333.4   0.0   1   1  8.2e-103  8.2e-103  333.2   0.0     1   215     3   228     3   229 0.94 -
76at766_1961830_0:00016b|OZ308468.1:550052-550739 -            230 76                   -            216  7.2e-103  333.4   0.0   1   1  8.2e-103  8.2e-103  333.2   0.0     1   215     4   229     4   230 0.94 -
76at766_1714371_0:000246|OZ308468.1:550043-550730 -            230 76                   -            216  7.2e-103  333.4   0.0   1   1  8.2e-103  8.2e-103  333.2   0.0     1   215     1   226     1   227 0.94 -
76at766_222891_0:0000f0|OZ308468.1:550043-550730  -            230 76                   -            216  7.2e-103  333.4   0.0   1   1  8.2e-103  8.2e-103  333.2   0.0     1   215     1   226     1   227 0.94 -
76at766_434131_0:000159|OZ308468.1:550043-550730  -            230 76                   -            216  7.2e-103  333.4   0.0   1   1  8.2e-103  8.2e-103  333.2   0.0     1   215     1   226     1   227 0.94 -
76at766_1242993_0:000256|OZ308468.1:550046-550736 -            231 76                   -            216  7.2e-103  333.4   0.0   1   1  8.3e-103  8.3e-103  333.2   0.0     1   215     3   228     3   229 0.94 -
76at766_1423892_0:000280|OZ308468.1:550046-550736 -            231 76                   -            216  7.2e-103  333.4   0.0   1   1  8.3e-103  8.3e-103  333.2   0.0     1   215     3   228     3   229 0.94 -
76at766_205920_0:00000b|OZ308468.1:550046-550736  -            231 76                   -            216  7.2e-103  333.4   0.0   1   1  8.3e-103  8.3e-103  333.2   0.0     1   215     3   228     3   229 0.94 -
76at766_391036_0:00017b|OZ308468.1:550046-550736  -            231 76                   -            216  7.2e-103  333.4   0.0   1   1  8.3e-103  8.3e-103  333.2   0.0     1   215     3   228     3   229 0.94 -
76at766_955_0:000106|OZ308468.1:550046-550736     -            231 76                   -            216  7.2e-103  333.4   0.0   1   1  8.3e-103  8.3e-103  333.2   0.0     1   215     3   228     3   229 0.94 -
76at766_2602574_0:00039d|OZ308468.1:550040-550733 -            231 76                   -            216  7.3e-103  333.4   0.0   1   1  8.3e-103  8.3e-103  333.2   0.0     1   215     2   227     2   228 0.94 -
76at766_86105_0:000258|OZ308468.1:550040-550733   -            231 76                   -            216  7.3e-103  333.4   0.0   1   1  8.3e-103  8.3e-103  333.2   0.0     1   215     2   227     2   228 0.94 -
76at766_1605993_0:0002b4|OZ308468.1:550040-550736 -            232 76                   -            216  7.3e-103  333.3   0.0   1   1  8.5e-103  8.5e-103  333.1   0.0     1   215     3   228     3   229 0.94 -
76at766_779_0:00031b|OZ308468.1:550043-550736     -            232 76                   -            216  7.3e-103  333.3   0.0   1   1  8.5e-103  8.5e-103  333.1   0.0     1   215     3   228     3   229 0.94 -
76at766_2115978_0:0000f8|OZ308468.1:550040-550739 -            233 76                   -            216  7.4e-103  333.3   0.0   1   1  8.6e-103  8.6e-103  333.1   0.0     1   215     4   229     4   230 0.94 -
76at766_246273_0:0001e7|OZ308468.1:550027-550733  -            235 76                   -            216  7.8e-103  333.3   0.0   1   1  8.9e-103  8.9e-103  333.1   0.0     1   215     2   227     2   228 0.94 -
76at766_96496_0:0000a4|OZ308468.1:550027-550733   -            235 76                   -            216  7.8e-103  333.3   0.0   1   1  8.9e-103  8.9e-103  333.1   0.0     1   215     2   227     2   228 0.94 -
76at766_1248439_0:0001a0|OZ308468.1:550055-550736 -            228 76                   -            216  9.6e-103  333.0   0.0   1   1  1.1e-102  1.1e-102  332.8   0.0     1   215     3   228     3   228 0.94 -
76at766_1392507_0:000121|OZ308468.1:550055-550736 -            228 76                   -            216  9.6e-103  333.0   0.0   1   1  1.1e-102  1.1e-102  332.8   0.0     1   215     3   228     3   228 0.94 -
76at766_142058_0:0002cc|OZ308468.1:550055-550736  -            228 76                   -            216  9.6e-103  333.0   0.0   1   1  1.1e-102  1.1e-102  332.8   0.0     1   215     3   228     3   228 0.94 -
76at766_1105107_0:000309|OZ308468.1:550055-550739 -            229 76                   -            216  9.8e-103  332.9   0.0   1   1  1.1e-102  1.1e-102  332.8   0.0     1   215     4   229     4   229 0.94 -
76at766_272947_0:000228|OZ308468.1:550055-550739  -            229 76                   -            216  9.8e-103  332.9   0.0   1   1  1.1e-102  1.1e-102  332.8   0.0     1   215     4   229     4   229 0.94 -
76at766_336407_0:000416|OZ308468.1:550055-550739  -            229 76                   -            216  9.8e-103  332.9   0.0   1   1  1.1e-102  1.1e-102  332.8   0.0     1   215     4   229     4   229 0.94 -
76at766_481009_0:0003f9|OZ308468.1:550055-550739  -            229 76                   -            216  9.8e-103  332.9   0.0   1   1  1.1e-102  1.1e-102  332.8   0.0     1   215     4   229     4   229 0.94 -
76at766_334380_0:00039a|OZ308468.1:550055-550751  -            233 76                   -            216    1e-102  332.8   0.0   1   1  1.2e-102  1.2e-102  332.7   0.0     1   215     8   233     8   233 0.94 -
76at766_1274402_0:0000da|OZ308468.1:550058-550730 -            225 76                   -            216  2.2e-102  331.8   0.0   1   1  2.4e-102  2.4e-102  331.7   0.0     1   214     1   225     1   225 0.94 -
76at766_1359163_0:000278|OZ308468.1:550058-550730 -            225 76                   -            216  2.2e-102  331.8   0.0   1   1  2.4e-102  2.4e-102  331.7   0.0     1   214     1   225     1   225 0.94 -
76at766_1528098_0:000332|OZ308468.1:550058-550733 -            226 76                   -            216  2.2e-102  331.8   0.0   1   1  2.4e-102  2.4e-102  331.6   0.0     1   214     2   226     2   226 0.94 -
76at766_2486577_0:0001c4|OZ308468.1:550058-550733 -            226 76                   -            216  2.2e-102  331.8   0.0   1   1  2.4e-102  2.4e-102  331.6   0.0     1   214     2   226     2   226 0.94 -
76at766_752179_0:0001d8|OZ308468.1:550043-550697  -            219 76                   -            216   1.8e-96  312.4   0.0   1   1   2.1e-96   2.1e-96  312.2   0.0    12   215     1   215     1   216 0.94 -
#
# Program:         hmmsearch
# Version:         3.4 (Aug 2023)
# Pipeline mode:   SEARCH
# Query file:      /Users/rossoaa/Desktop/dummy/genomes/records/compleasm/mb_downloads/rickettsiales_odb12/hmms/76at766.hmm
# Target file:     -
# Option settings: /Users/rossoaa/miniconda3/envs/compleasm_env/bin/hmmsearch --domtblout /Users/rossoaa/Desktop/dummy/genomes/records/compleasm/rickettsiales_odb12/hmmer_output/76at766.out --cpu 1 /Users/rossoaa/Desktop/dummy/genomes/records/compleasm/mb_downloads/rickettsiales_odb12/hmms/76at766.hmm - 
# Current dir:     /Users/rossoaa/Desktop/dummy/genomes/records/compleasm
# Date:            Tue Feb 10 10:20:23 2026
# [ok]
