#                                                                                                          --- full sequence --- -------------- this domain -------------   hmm coord   ali coord   env coord
# target name                                      accession   tlen query name           accession   qlen   E-value  score  bias   #  of  c-Evalue  i-Evalue  score  bias  from    to  from    to  from    to  acc description of target
#                              ------------------- ---------- ----- -------------------- ---------- ----- --------- ------ ----- --- --- --------- --------- ------ ----- ----- ----- ----- ----- ----- ----- ---- ---------------------
774at766_1802984_0:000261|OZ308468.1:650367-651372 -            336 774                  -            321  1.5e-173  567.6  32.8   1   1  2.6e-173  2.6e-173  566.9  32.8     2   320     3   333     2   334 0.97 -
774at766_955_0:0000cf|OZ308468.1:650367-651375     -            337 774                  -            321  1.5e-173  567.6  32.8   1   1  2.7e-173  2.7e-173  566.8  32.8     2   320     3   333     2   334 0.97 -
774at766_96496_0:00025d|OZ308468.1:650367-651381   -            339 774                  -            321  1.6e-173  567.6  32.8   1   1  2.7e-173  2.7e-173  566.8  32.8     2   320     3   333     2   334 0.97 -
774at766_752179_0:00023e|OZ308468.1:650367-651384  -            340 774                  -            321  1.6e-173  567.6  32.8   1   1  2.7e-173  2.7e-173  566.8  32.8     2   320     3   333     2   334 0.97 -
774at766_1605993_0:000391|OZ308468.1:650367-651390 -            341 774                  -            321  1.6e-173  567.5  32.8   1   1  2.8e-173  2.8e-173  566.8  32.8     2   320     3   333     2   334 0.97 -
774at766_169402_0:000135|OZ308468.1:650367-651387  -            341 774                  -            321  1.6e-173  567.5  32.8   1   1  2.8e-173  2.8e-173  566.8  32.8     2   320     3   333     2   334 0.97 -
774at766_246273_0:00039d|OZ308468.1:650367-651390  -            341 774                  -            321  1.6e-173  567.5  32.8   1   1  2.8e-173  2.8e-173  566.8  32.8     2   320     3   333     2   334 0.97 -
774at766_1359163_0:000340|OZ308468.1:650370-651390 -            340 774                  -            321  1.6e-173  567.5  32.8   1   1  2.7e-173  2.7e-173  566.8  32.8     2   320     2   332     1   333 0.97 -
774at766_1242993_0:000356|OZ308468.1:650373-651378 -            336 774                  -            321  1.9e-173  567.3  32.7   1   1  3.2e-173  3.2e-173  566.6  32.7     3   320     2   331     1   332 0.97 -
774at766_1423892_0:000010|OZ308468.1:650373-651378 -            336 774                  -            321  1.9e-173  567.3  32.7   1   1  3.2e-173  3.2e-173  566.6  32.7     3   320     2   331     1   332 0.97 -
774at766_2486578_0:000277|OZ308468.1:650373-651378 -            336 774                  -            321  1.9e-173  567.3  32.7   1   1  3.2e-173  3.2e-173  566.6  32.7     3   320     2   331     1   332 0.97 -
774at766_1248439_0:000093|OZ308468.1:650373-651381 -            337 774                  -            321    2e-173  567.3  32.7   1   1  3.3e-173  3.3e-173  566.5  32.7     3   320     2   331     1   332 0.97 -
774at766_1528098_0:000508|OZ308468.1:650373-651381 -            337 774                  -            321    2e-173  567.3  32.7   1   1  3.3e-173  3.3e-173  566.5  32.7     3   320     2   331     1   332 0.97 -
774at766_696127_0:0001d1|OZ308468.1:650373-651381  -            337 774                  -            321    2e-173  567.3  32.7   1   1  3.3e-173  3.3e-173  566.5  32.7     3   320     2   331     1   332 0.97 -
774at766_86105_0:00032a|OZ308468.1:650373-651381   -            337 774                  -            321    2e-173  567.3  32.7   1   1  3.3e-173  3.3e-173  566.5  32.7     3   320     2   331     1   332 0.97 -
774at766_205920_0:0002f5|OZ308468.1:650373-651387  -            339 774                  -            321    2e-173  567.2  32.8   1   1  3.4e-173  3.4e-173  566.5  32.8     3   320     2   331     1   332 0.97 -
774at766_391036_0:000160|OZ308468.1:650373-651387  -            339 774                  -            321    2e-173  567.2  32.8   1   1  3.4e-173  3.4e-173  566.5  32.8     3   320     2   331     1   332 0.97 -
774at766_779_0:0000b7|OZ308468.1:650373-651390     -            339 774                  -            321    2e-173  567.2  32.8   1   1  3.4e-173  3.4e-173  566.5  32.8     3   320     2   331     1   332 0.97 -
774at766_142058_0:0000b1|OZ308468.1:650376-651381  -            336 774                  -            321  2.3e-173  567.1  32.3   1   1  3.8e-173  3.8e-173  566.3  32.3     4   320     2   330     1   331 0.97 -
774at766_1714371_0:00008c|OZ308468.1:650364-651363 -            334 774                  -            321  2.6e-173  566.9  33.1   1   1  4.4e-173  4.4e-173  566.1  33.1     2   320     4   334     3   334 0.97 -
774at766_222891_0:00022f|OZ308468.1:650364-651363  -            334 774                  -            321  2.6e-173  566.9  33.1   1   1  4.4e-173  4.4e-173  566.1  33.1     2   320     4   334     3   334 0.97 -
774at766_434131_0:00014e|OZ308468.1:650364-651363  -            334 774                  -            321  2.6e-173  566.9  33.1   1   1  4.4e-173  4.4e-173  566.1  33.1     2   320     4   334     3   334 0.97 -
774at766_1286528_0:00000f|OZ308468.1:650376-651363 -            330 774                  -            321  4.7e-173  566.0  32.9   1   1  7.8e-173  7.8e-173  565.3  32.9     4   320     2   330     1   330 0.97 -
774at766_1274402_0:000275|OZ308468.1:650373-651360 -            330 774                  -            321  6.5e-173  565.6  32.8   1   1  1.1e-172  1.1e-172  564.8  32.8     3   319     2   330     1   330 0.97 -
774at766_1359168_0:0000b3|OZ308468.1:650385-651372 -            330 774                  -            321  8.1e-173  565.2  32.0   1   1  1.4e-172  1.4e-172  564.5  32.0     6   320     1   327     1   328 0.97 -
774at766_334380_0:000468|OZ308468.1:650385-651378  -            332 774                  -            321  8.3e-173  565.2  32.0   1   1  1.4e-172  1.4e-172  564.5  32.0     6   320     1   327     1   328 0.97 -
774at766_1961830_0:000217|OZ308468.1:650385-651381 -            333 774                  -            321  8.4e-173  565.2  32.0   1   1  1.4e-172  1.4e-172  564.5  32.0     6   320     1   327     1   328 0.97 -
774at766_1105107_0:0001c5|OZ308468.1:650385-651384 -            334 774                  -            321  8.5e-173  565.2  32.0   1   1  1.4e-172  1.4e-172  564.4  32.0     6   320     1   327     1   328 0.97 -
774at766_272947_0:000097|OZ308468.1:650385-651384  -            334 774                  -            321  8.5e-173  565.2  32.0   1   1  1.4e-172  1.4e-172  564.4  32.0     6   320     1   327     1   328 0.97 -
774at766_336407_0:00014b|OZ308468.1:650385-651384  -            334 774                  -            321  8.5e-173  565.2  32.0   1   1  1.4e-172  1.4e-172  564.4  32.0     6   320     1   327     1   328 0.97 -
774at766_481009_0:000386|OZ308468.1:650385-651384  -            334 774                  -            321  8.5e-173  565.2  32.0   1   1  1.4e-172  1.4e-172  564.4  32.0     6   320     1   327     1   328 0.97 -
774at766_2115978_0:000236|OZ308468.1:650394-651369 -            326 774                  -            321  3.1e-172  563.3  31.0   1   1  5.3e-172  5.3e-172  562.6  31.0     9   320     1   324     1   325 0.97 -
774at766_1392507_0:00013e|OZ308468.1:650394-651390 -            332 774                  -            321  3.3e-172  563.2  31.0   1   1  5.5e-172  5.5e-172  562.5  31.0     9   320     1   324     1   325 0.97 -
774at766_2602574_0:000390|OZ308468.1:650373-651300 -            310 774                  -            321  1.1e-163  535.2  27.4   1   1  1.9e-163  1.9e-163  534.5  27.4     3   299     2   310     1   310 0.97 -
#
# Program:         hmmsearch
# Version:         3.4 (Aug 2023)
# Pipeline mode:   SEARCH
# Query file:      /Users/rossoaa/Desktop/dummy/genomes/records/compleasm/mb_downloads/rickettsiales_odb12/hmms/774at766.hmm
# Target file:     -
# Option settings: /Users/rossoaa/miniconda3/envs/compleasm_env/bin/hmmsearch --domtblout /Users/rossoaa/Desktop/dummy/genomes/records/compleasm/rickettsiales_odb12/hmmer_output/774at766.out --cpu 1 /Users/rossoaa/Desktop/dummy/genomes/records/compleasm/mb_downloads/rickettsiales_odb12/hmms/774at766.hmm - 
# Current dir:     /Users/rossoaa/Desktop/dummy/genomes/records/compleasm
# Date:            Tue Feb 10 10:20:22 2026
# [ok]
