#                                                                                                          --- full sequence --- -------------- this domain -------------   hmm coord   ali coord   env coord
# target name                                      accession   tlen query name           accession   qlen   E-value  score  bias   #  of  c-Evalue  i-Evalue  score  bias  from    to  from    to  from    to  acc description of target
#                              ------------------- ---------- ----- -------------------- ---------- ----- --------- ------ ----- --- --- --------- --------- ------ ----- ----- ----- ----- ----- ----- ----- ---- ---------------------
786at766_1359163_0:000262|OZ308468.1:761225-761951 -            243 786                  -            239  1.9e-114  371.9   0.1   1   1  2.1e-114  2.1e-114  371.8   0.1     1   238     1   242     1   243 0.97 -
786at766_1392507_0:000282|OZ308468.1:761225-761951 -            243 786                  -            239  1.9e-114  371.9   0.1   1   1  2.1e-114  2.1e-114  371.8   0.1     1   238     1   242     1   243 0.97 -
786at766_1423892_0:000348|OZ308468.1:761225-761951 -            243 786                  -            239  1.9e-114  371.9   0.1   1   1  2.1e-114  2.1e-114  371.8   0.1     1   238     1   242     1   243 0.97 -
786at766_391036_0:000264|OZ308468.1:761225-761951  -            243 786                  -            239  1.9e-114  371.9   0.1   1   1  2.1e-114  2.1e-114  371.8   0.1     1   238     1   242     1   243 0.97 -
786at766_1242993_0:000362|OZ308468.1:761225-761954 -            244 786                  -            239  1.9e-114  371.9   0.1   1   1  2.1e-114  2.1e-114  371.7   0.1     1   238     1   242     1   243 0.97 -
786at766_205920_0:0002e9|OZ308468.1:761225-761954  -            244 786                  -            239  1.9e-114  371.9   0.1   1   1  2.1e-114  2.1e-114  371.7   0.1     1   238     1   242     1   243 0.97 -
786at766_246273_0:000346|OZ308468.1:761225-761954  -            244 786                  -            239  1.9e-114  371.9   0.1   1   1  2.1e-114  2.1e-114  371.7   0.1     1   238     1   242     1   243 0.97 -
786at766_96496_0:000158|OZ308468.1:761225-761954   -            244 786                  -            239  1.9e-114  371.9   0.1   1   1  2.1e-114  2.1e-114  371.7   0.1     1   238     1   242     1   243 0.97 -
786at766_1248439_0:000025|OZ308468.1:761225-761957 -            245 786                  -            239  1.9e-114  371.9   0.1   1   1  2.2e-114  2.2e-114  371.7   0.1     1   238     1   242     1   243 0.97 -
786at766_1286528_0:0002f3|OZ308468.1:761225-761957 -            245 786                  -            239  1.9e-114  371.9   0.1   1   1  2.2e-114  2.2e-114  371.7   0.1     1   238     1   242     1   243 0.97 -
786at766_142058_0:00038e|OZ308468.1:761225-761957  -            245 786                  -            239  1.9e-114  371.9   0.1   1   1  2.2e-114  2.2e-114  371.7   0.1     1   238     1   242     1   243 0.97 -
786at766_2602574_0:00019f|OZ308468.1:761225-761957 -            245 786                  -            239  1.9e-114  371.9   0.1   1   1  2.2e-114  2.2e-114  371.7   0.1     1   238     1   242     1   243 0.97 -
786at766_272947_0:00010c|OZ308468.1:761225-761957  -            245 786                  -            239  1.9e-114  371.9   0.1   1   1  2.2e-114  2.2e-114  371.7   0.1     1   238     1   242     1   243 0.97 -
786at766_779_0:000156|OZ308468.1:761225-761957     -            245 786                  -            239  1.9e-114  371.9   0.1   1   1  2.2e-114  2.2e-114  371.7   0.1     1   238     1   242     1   243 0.97 -
786at766_1528098_0:00028f|OZ308468.1:761225-761963 -            246 786                  -            239    2e-114  371.9   0.1   1   1  2.2e-114  2.2e-114  371.7   0.1     1   238     1   242     1   243 0.97 -
786at766_1605993_0:0000ed|OZ308468.1:761225-761963 -            246 786                  -            239    2e-114  371.9   0.1   1   1  2.2e-114  2.2e-114  371.7   0.1     1   238     1   242     1   243 0.97 -
786at766_169402_0:000141|OZ308468.1:761225-761963  -            246 786                  -            239    2e-114  371.9   0.1   1   1  2.2e-114  2.2e-114  371.7   0.1     1   238     1   242     1   243 0.97 -
786at766_1961830_0:0001f6|OZ308468.1:761225-761963 -            246 786                  -            239    2e-114  371.9   0.1   1   1  2.2e-114  2.2e-114  371.7   0.1     1   238     1   242     1   243 0.97 -
786at766_2115978_0:00032d|OZ308468.1:761225-761963 -            246 786                  -            239    2e-114  371.9   0.1   1   1  2.2e-114  2.2e-114  371.7   0.1     1   238     1   242     1   243 0.97 -
786at766_86105_0:0000ba|OZ308468.1:761225-761963   -            246 786                  -            239    2e-114  371.9   0.1   1   1  2.2e-114  2.2e-114  371.7   0.1     1   238     1   242     1   243 0.97 -
786at766_955_0:00011d|OZ308468.1:761225-761960     -            246 786                  -            239    2e-114  371.9   0.1   1   1  2.2e-114  2.2e-114  371.7   0.1     1   238     1   242     1   243 0.97 -
786at766_2486578_0:0004de|OZ308468.1:761225-761945 -            241 786                  -            239  4.7e-114  370.6   0.1   1   1  5.3e-114  5.3e-114  370.5   0.1     1   236     1   240     1   241 0.97 -
786at766_696127_0:000010|OZ308468.1:761225-761942  -            240 786                  -            239  6.7e-114  370.1   0.1   1   1  7.5e-114  7.5e-114  370.0   0.1     1   236     1   240     1   240 0.97 -
786at766_1714371_0:0001fd|OZ308468.1:761225-761933 -            237 786                  -            239  1.8e-112  365.4   0.1   1   1    2e-112    2e-112  365.3   0.1     1   233     1   237     1   237 0.97 -
786at766_222891_0:000112|OZ308468.1:761225-761933  -            237 786                  -            239  1.8e-112  365.4   0.1   1   1    2e-112    2e-112  365.3   0.1     1   233     1   237     1   237 0.97 -
786at766_434131_0:0001d9|OZ308468.1:761225-761933  -            237 786                  -            239  1.8e-112  365.4   0.1   1   1    2e-112    2e-112  365.3   0.1     1   233     1   237     1   237 0.97 -
#
# Program:         hmmsearch
# Version:         3.4 (Aug 2023)
# Pipeline mode:   SEARCH
# Query file:      /Users/rossoaa/Desktop/dummy/genomes/records/compleasm/mb_downloads/rickettsiales_odb12/hmms/786at766.hmm
# Target file:     -
# Option settings: /Users/rossoaa/miniconda3/envs/compleasm_env/bin/hmmsearch --domtblout /Users/rossoaa/Desktop/dummy/genomes/records/compleasm/rickettsiales_odb12/hmmer_output/786at766.out --cpu 1 /Users/rossoaa/Desktop/dummy/genomes/records/compleasm/mb_downloads/rickettsiales_odb12/hmms/786at766.hmm - 
# Current dir:     /Users/rossoaa/Desktop/dummy/genomes/records/compleasm
# Date:            Tue Feb 10 10:20:22 2026
# [ok]
