#                                                                                                          --- full sequence --- -------------- this domain -------------   hmm coord   ali coord   env coord
# target name                                      accession   tlen query name           accession   qlen   E-value  score  bias   #  of  c-Evalue  i-Evalue  score  bias  from    to  from    to  from    to  acc description of target
#                              ------------------- ---------- ----- -------------------- ---------- ----- --------- ------ ----- --- --- --------- --------- ------ ----- ----- ----- ----- ----- ----- ----- ---- ---------------------
795at766_779_0:0001d0|OZ308468.1:393212-393869     -            220 795                  -            212   3.8e-94  305.0   1.8   1   1   4.4e-94   4.4e-94  304.8   1.8     2   211     3   219     2   220 0.96 -
795at766_86105_0:0005a4|OZ308468.1:393209-393866   -            220 795                  -            212   3.8e-94  305.0   1.8   1   1   4.4e-94   4.4e-94  304.8   1.8     2   211     2   218     1   219 0.96 -
795at766_336407_0:00000f|OZ308468.1:393212-393872  -            221 795                  -            212   3.9e-94  305.0   1.8   1   1   4.4e-94   4.4e-94  304.8   1.8     2   211     4   220     3   221 0.96 -
795at766_481009_0:000295|OZ308468.1:393212-393872  -            221 795                  -            212   3.9e-94  305.0   1.8   1   1   4.4e-94   4.4e-94  304.8   1.8     2   211     4   220     3   221 0.96 -
795at766_1248439_0:00017c|OZ308468.1:393203-393869 -            222 795                  -            212   3.9e-94  304.9   1.8   1   1   4.5e-94   4.5e-94  304.7   1.8     2   211     3   219     2   220 0.96 -
795at766_1392507_0:00029a|OZ308468.1:393203-393869 -            222 795                  -            212   3.9e-94  304.9   1.8   1   1   4.5e-94   4.5e-94  304.7   1.8     2   211     3   219     2   220 0.96 -
795at766_142058_0:000035|OZ308468.1:393203-393869  -            222 795                  -            212   3.9e-94  304.9   1.8   1   1   4.5e-94   4.5e-94  304.7   1.8     2   211     3   219     2   220 0.96 -
795at766_1423892_0:0001b2|OZ308468.1:393203-393869 -            222 795                  -            212   3.9e-94  304.9   1.8   1   1   4.5e-94   4.5e-94  304.7   1.8     2   211     3   219     2   220 0.96 -
795at766_391036_0:00009d|OZ308468.1:393203-393869  -            222 795                  -            212   3.9e-94  304.9   1.8   1   1   4.5e-94   4.5e-94  304.7   1.8     2   211     3   219     2   220 0.96 -
795at766_1528098_0:000034|OZ308468.1:393209-393872 -            222 795                  -            212   3.9e-94  304.9   1.8   1   1   4.5e-94   4.5e-94  304.7   1.8     2   211     4   220     3   221 0.96 -
795at766_1714371_0:0001d9|OZ308468.1:393209-393872 -            222 795                  -            212   3.9e-94  304.9   1.8   1   1   4.5e-94   4.5e-94  304.7   1.8     2   211     4   220     3   221 0.96 -
795at766_1961830_0:00047c|OZ308468.1:393209-393872 -            222 795                  -            212   3.9e-94  304.9   1.8   1   1   4.5e-94   4.5e-94  304.7   1.8     2   211     4   220     3   221 0.96 -
795at766_222891_0:000246|OZ308468.1:393209-393872  -            222 795                  -            212   3.9e-94  304.9   1.8   1   1   4.5e-94   4.5e-94  304.7   1.8     2   211     4   220     3   221 0.96 -
795at766_434131_0:00025a|OZ308468.1:393209-393872  -            222 795                  -            212   3.9e-94  304.9   1.8   1   1   4.5e-94   4.5e-94  304.7   1.8     2   211     4   220     3   221 0.96 -
795at766_2486578_0:000572|OZ308468.1:393206-393872 -            223 795                  -            212     4e-94  304.9   1.8   1   1   4.6e-94   4.6e-94  304.7   1.8     2   211     4   220     3   221 0.96 -
795at766_1605993_0:0000cc|OZ308468.1:393203-393875 -            224 795                  -            212     4e-94  304.9   1.8   1   1   4.7e-94   4.7e-94  304.7   1.8     2   211     5   221     4   222 0.96 -
795at766_246273_0:000299|OZ308468.1:393203-393875  -            224 795                  -            212     4e-94  304.9   1.8   1   1   4.7e-94   4.7e-94  304.7   1.8     2   211     5   221     4   222 0.96 -
795at766_96496_0:0002c8|OZ308468.1:393203-393875   -            224 795                  -            212     4e-94  304.9   1.8   1   1   4.7e-94   4.7e-94  304.7   1.8     2   211     5   221     4   222 0.96 -
795at766_169402_0:000566|OZ308468.1:393203-393878  -            225 795                  -            212   4.1e-94  304.9   1.8   1   1   4.8e-94   4.8e-94  304.7   1.8     2   211     6   222     5   223 0.96 -
795at766_955_0:0001d0|OZ308468.1:393203-393863     -            220 795                  -            212   6.1e-94  304.3   2.0   1   1     7e-94     7e-94  304.1   2.0     3   211     2   217     1   218 0.96 -
795at766_696127_0:0002c7|OZ308468.1:393212-393857  -            216 795                  -            212   1.5e-93  303.1   1.8   1   1   1.7e-93   1.7e-93  302.9   1.8     4   211     1   215     1   216 0.96 -
795at766_1242993_0:00016f|OZ308468.1:393221-393869 -            217 795                  -            212     2e-93  302.6   1.5   1   1   2.3e-93   2.3e-93  302.5   1.5     2   208     3   216     2   217 0.96 -
795at766_1105107_0:000182|OZ308468.1:393221-393872 -            218 795                  -            212     2e-93  302.6   1.5   1   1   2.3e-93   2.3e-93  302.4   1.5     2   208     4   217     3   218 0.96 -
795at766_1286528_0:00025c|OZ308468.1:393221-393872 -            218 795                  -            212     2e-93  302.6   1.5   1   1   2.3e-93   2.3e-93  302.4   1.5     2   208     4   217     3   218 0.96 -
795at766_272947_0:000164|OZ308468.1:393221-393872  -            218 795                  -            212     2e-93  302.6   1.5   1   1   2.3e-93   2.3e-93  302.4   1.5     2   208     4   217     3   218 0.96 -
795at766_1359163_0:000196|OZ308468.1:393215-393857 -            215 795                  -            212   2.2e-93  302.5   1.7   1   1   2.5e-93   2.5e-93  302.3   1.7     4   211     1   215     1   215 0.96 -
795at766_205920_0:0000e6|OZ308468.1:393227-393869  -            215 795                  -            212   9.4e-93  300.4   1.5   1   1   1.1e-92   1.1e-92  300.2   1.5     2   207     3   215     2   215 0.96 -
795at766_752179_0:0001cf|OZ308468.1:393227-393875  -            217 795                  -            212   9.7e-93  300.4   1.5   1   1   1.1e-92   1.1e-92  300.2   1.5     2   207     5   217     4   217 0.96 -
795at766_1802984_0:0001ef|OZ308468.1:393203-393800 -            199 795                  -            212   2.2e-88  286.1   1.4   1   1   2.6e-88   2.6e-88  285.9   1.4    22   211     1   196     1   197 0.97 -
795at766_2602574_0:00024b|OZ308468.1:770674-771340 -            223 795                  -            212   4.1e-39  125.2   0.3   1   1   4.7e-39   4.7e-39  125.0   0.3     4   210    10   220     7   222 0.84 -
#
# Program:         hmmsearch
# Version:         3.4 (Aug 2023)
# Pipeline mode:   SEARCH
# Query file:      /Users/rossoaa/Desktop/dummy/genomes/records/compleasm/mb_downloads/rickettsiales_odb12/hmms/795at766.hmm
# Target file:     -
# Option settings: /Users/rossoaa/miniconda3/envs/compleasm_env/bin/hmmsearch --domtblout /Users/rossoaa/Desktop/dummy/genomes/records/compleasm/rickettsiales_odb12/hmmer_output/795at766.out --cpu 1 /Users/rossoaa/Desktop/dummy/genomes/records/compleasm/mb_downloads/rickettsiales_odb12/hmms/795at766.hmm - 
# Current dir:     /Users/rossoaa/Desktop/dummy/genomes/records/compleasm
# Date:            Tue Feb 10 10:20:22 2026
# [ok]
