#                                                                                                         --- full sequence --- -------------- this domain -------------   hmm coord   ali coord   env coord
# target name                                     accession   tlen query name           accession   qlen   E-value  score  bias   #  of  c-Evalue  i-Evalue  score  bias  from    to  from    to  from    to  acc description of target
#                             ------------------- ---------- ----- -------------------- ---------- ----- --------- ------ ----- --- --- --------- --------- ------ ----- ----- ----- ----- ----- ----- ----- ---- ---------------------
80at766_1105107_0:00030c|OZ308468.1:828457-828814 -            119 80                   -            108   8.3e-49  155.0   0.4   1   1   1.1e-48   1.1e-48  154.7   0.4     2   108     2   119     1   119 0.90 -
80at766_272947_0:000345|OZ308468.1:828457-828814  -            119 80                   -            108   8.3e-49  155.0   0.4   1   1   1.1e-48   1.1e-48  154.7   0.4     2   108     2   119     1   119 0.90 -
80at766_481009_0:000091|OZ308468.1:828457-828814  -            119 80                   -            108   8.3e-49  155.0   0.4   1   1   1.1e-48   1.1e-48  154.7   0.4     2   108     2   119     1   119 0.90 -
80at766_696127_0:000086|OZ308468.1:828457-828814  -            119 80                   -            108   8.3e-49  155.0   0.4   1   1   1.1e-48   1.1e-48  154.7   0.4     2   108     2   119     1   119 0.90 -
80at766_2602574_0:000062|OZ308468.1:828457-828817 -            120 80                   -            108   8.5e-49  155.0   0.4   1   1   1.1e-48   1.1e-48  154.6   0.4     2   108     3   120     2   120 0.90 -
80at766_336407_0:0002e1|OZ308468.1:828457-828817  -            120 80                   -            108   8.5e-49  155.0   0.4   1   1   1.1e-48   1.1e-48  154.6   0.4     2   108     3   120     2   120 0.90 -
80at766_1714371_0:000017|OZ308468.1:828457-828823 -            122 80                   -            108     9e-49  154.9   0.4   1   1   1.2e-48   1.2e-48  154.5   0.4     2   108     5   122     4   122 0.90 -
80at766_222891_0:000128|OZ308468.1:828457-828823  -            122 80                   -            108     9e-49  154.9   0.4   1   1   1.2e-48   1.2e-48  154.5   0.4     2   108     5   122     4   122 0.90 -
80at766_434131_0:00001a|OZ308468.1:828457-828823  -            122 80                   -            108     9e-49  154.9   0.4   1   1   1.2e-48   1.2e-48  154.5   0.4     2   108     5   122     4   122 0.90 -
80at766_1605993_0:000127|OZ308468.1:828457-828841 -            128 80                   -            108   1.1e-48  154.6   0.4   1   1   1.4e-48   1.4e-48  154.3   0.4     2   108    11   128    10   128 0.90 -
80at766_169402_0:000227|OZ308468.1:828457-828841  -            128 80                   -            108   1.1e-48  154.6   0.4   1   1   1.4e-48   1.4e-48  154.3   0.4     2   108    11   128    10   128 0.90 -
80at766_246273_0:000030|OZ308468.1:828457-828841  -            128 80                   -            108   1.1e-48  154.6   0.4   1   1   1.4e-48   1.4e-48  154.3   0.4     2   108    11   128    10   128 0.90 -
80at766_96496_0:0001ce|OZ308468.1:828457-828841   -            128 80                   -            108   1.1e-48  154.6   0.4   1   1   1.4e-48   1.4e-48  154.3   0.4     2   108    11   128    10   128 0.90 -
80at766_1242993_0:00033d|OZ308468.1:828457-828811 -            118 80                   -            108   1.1e-48  154.6   0.3   1   1   1.4e-48   1.4e-48  154.3   0.3     2   108     1   118     1   118 0.90 -
80at766_205920_0:000214|OZ308468.1:828457-828811  -            118 80                   -            108   1.1e-48  154.6   0.3   1   1   1.4e-48   1.4e-48  154.3   0.3     2   108     1   118     1   118 0.90 -
80at766_391036_0:00022e|OZ308468.1:828457-828811  -            118 80                   -            108   1.1e-48  154.6   0.3   1   1   1.4e-48   1.4e-48  154.3   0.3     2   108     1   118     1   118 0.90 -
80at766_779_0:00018b|OZ308468.1:828457-828811     -            118 80                   -            108   1.1e-48  154.6   0.3   1   1   1.4e-48   1.4e-48  154.3   0.3     2   108     1   118     1   118 0.90 -
80at766_1248439_0:0002eb|OZ308468.1:828457-828805 -            116 80                   -            108   4.9e-48  152.5   0.2   1   1   6.4e-48   6.4e-48  152.2   0.2     4   108     1   116     1   116 0.90 -
80at766_1359163_0:000295|OZ308468.1:828457-828805 -            116 80                   -            108   4.9e-48  152.5   0.2   1   1   6.4e-48   6.4e-48  152.2   0.2     4   108     1   116     1   116 0.90 -
80at766_1392507_0:0000c0|OZ308468.1:828457-828805 -            116 80                   -            108   4.9e-48  152.5   0.2   1   1   6.4e-48   6.4e-48  152.2   0.2     4   108     1   116     1   116 0.90 -
80at766_142058_0:0000ac|OZ308468.1:828457-828805  -            116 80                   -            108   4.9e-48  152.5   0.2   1   1   6.4e-48   6.4e-48  152.2   0.2     4   108     1   116     1   116 0.90 -
80at766_1423892_0:000323|OZ308468.1:828457-828805 -            116 80                   -            108   4.9e-48  152.5   0.2   1   1   6.4e-48   6.4e-48  152.2   0.2     4   108     1   116     1   116 0.90 -
80at766_1274402_0:000056|OZ308468.1:828457-828802 -            115 80                   -            108   1.3e-47  151.1   0.4   1   1   1.8e-47   1.8e-47  150.8   0.4     5   108     1   115     1   115 0.90 -
80at766_1528098_0:00021d|OZ308468.1:828457-828802 -            115 80                   -            108   1.3e-47  151.1   0.4   1   1   1.8e-47   1.8e-47  150.8   0.4     5   108     1   115     1   115 0.90 -
80at766_955_0:00029d|OZ308468.1:828499-828823     -            109 80                   -            108   1.7e-38  121.8   0.1   1   1   2.3e-38   2.3e-38  121.4   0.1     2    95     5   109     4   109 0.89 -
#
# Program:         hmmsearch
# Version:         3.4 (Aug 2023)
# Pipeline mode:   SEARCH
# Query file:      /Users/rossoaa/Desktop/dummy/genomes/records/compleasm/mb_downloads/rickettsiales_odb12/hmms/80at766.hmm
# Target file:     -
# Option settings: /Users/rossoaa/miniconda3/envs/compleasm_env/bin/hmmsearch --domtblout /Users/rossoaa/Desktop/dummy/genomes/records/compleasm/rickettsiales_odb12/hmmer_output/80at766.out --cpu 1 /Users/rossoaa/Desktop/dummy/genomes/records/compleasm/mb_downloads/rickettsiales_odb12/hmms/80at766.hmm - 
# Current dir:     /Users/rossoaa/Desktop/dummy/genomes/records/compleasm
# Date:            Tue Feb 10 10:20:21 2026
# [ok]
