#                                                                                                          --- full sequence --- -------------- this domain -------------   hmm coord   ali coord   env coord
# target name                                      accession   tlen query name           accession   qlen   E-value  score  bias   #  of  c-Evalue  i-Evalue  score  bias  from    to  from    to  from    to  acc description of target
#                              ------------------- ---------- ----- -------------------- ---------- ----- --------- ------ ----- --- --- --------- --------- ------ ----- ----- ----- ----- ----- ----- ----- ---- ---------------------
818at766_1359163_0:0001e2|OZ308468.1:453489-454179 -            231 818                  -            215   1.9e-85  275.8   9.2   1   1   2.1e-85   2.1e-85  275.7   9.2     1   214     1   224     1   225 0.93 -
818at766_1242993_0:0001fc|OZ308468.1:453486-454179 -            232 818                  -            215   1.9e-85  275.8   9.2   1   1   2.2e-85   2.2e-85  275.6   9.2     1   214     1   224     1   225 0.93 -
818at766_1423892_0:0001bc|OZ308468.1:453486-454179 -            232 818                  -            215   1.9e-85  275.8   9.2   1   1   2.2e-85   2.2e-85  275.6   9.2     1   214     1   224     1   225 0.93 -
818at766_779_0:0000a3|OZ308468.1:453486-454179     -            232 818                  -            215   1.9e-85  275.8   9.2   1   1   2.2e-85   2.2e-85  275.6   9.2     1   214     1   224     1   225 0.93 -
818at766_169402_0:0004db|OZ308468.1:453492-454191  -            234 818                  -            215     2e-85  275.8   9.2   1   1   2.2e-85   2.2e-85  275.6   9.2     1   214     5   228     5   229 0.93 -
818at766_1714371_0:000008|OZ308468.1:453492-454194 -            235 818                  -            215     2e-85  275.8   9.2   1   1   2.3e-85   2.3e-85  275.6   9.2     1   214     6   229     6   230 0.93 -
818at766_434131_0:000270|OZ308468.1:453492-454194  -            235 818                  -            215     2e-85  275.8   9.2   1   1   2.3e-85   2.3e-85  275.6   9.2     1   214     6   229     6   230 0.93 -
818at766_205920_0:000204|OZ308468.1:453477-454179  -            235 818                  -            215     2e-85  275.7   9.2   1   1   2.3e-85   2.3e-85  275.6   9.2     1   214     1   224     1   225 0.93 -
818at766_391036_0:0001ae|OZ308468.1:453477-454179  -            235 818                  -            215     2e-85  275.7   9.2   1   1   2.3e-85   2.3e-85  275.6   9.2     1   214     1   224     1   225 0.93 -
818at766_2486578_0:000505|OZ308468.1:453492-454197 -            236 818                  -            215     2e-85  275.7   9.2   1   1   2.3e-85   2.3e-85  275.5   9.2     1   214     7   230     7   231 0.93 -
818at766_955_0:00009d|OZ308468.1:453483-454191     -            237 818                  -            215   2.1e-85  275.7   9.2   1   1   2.4e-85   2.4e-85  275.5   9.2     1   214     5   228     5   229 0.93 -
818at766_2602574_0:0001fe|OZ308468.1:453495-454206 -            238 818                  -            215   2.1e-85  275.7   9.2   1   1   2.4e-85   2.4e-85  275.5   9.2     1   214    10   233    10   234 0.93 -
818at766_222891_0:00003b|OZ308468.1:453483-454194  -            238 818                  -            215   2.1e-85  275.7   9.2   1   1   2.4e-85   2.4e-85  275.5   9.2     1   214     6   229     6   230 0.93 -
818at766_96496_0:000169|OZ308468.1:453480-454191   -            238 818                  -            215   2.1e-85  275.7   9.2   1   1   2.4e-85   2.4e-85  275.5   9.2     1   214     5   228     5   229 0.93 -
818at766_86105_0:000129|OZ308468.1:453483-454197   -            239 818                  -            215   2.1e-85  275.7   9.2   1   1   2.4e-85   2.4e-85  275.5   9.2     1   214     7   230     7   231 0.93 -
818at766_1528098_0:00004d|OZ308468.1:453492-454209 -            240 818                  -            215   2.2e-85  275.7   9.2   1   1   2.5e-85   2.5e-85  275.5   9.2     1   214    11   234    11   235 0.93 -
818at766_1605993_0:000395|OZ308468.1:453468-454191 -            241 818                  -            215   2.2e-85  275.6   9.2   1   1   2.5e-85   2.5e-85  275.4   9.2     1   214     5   228     5   229 0.93 -
818at766_246273_0:00036b|OZ308468.1:453468-454191  -            241 818                  -            215   2.2e-85  275.6   9.2   1   1   2.5e-85   2.5e-85  275.4   9.2     1   214     5   228     5   229 0.93 -
818at766_696127_0:000419|OZ308468.1:453507-454059  -            185 818                  -            215   1.1e-78  253.7   3.4   1   1   1.3e-78   1.3e-78  253.5   3.4    37   214     1   184     1   185 0.95 -
#
# Program:         hmmsearch
# Version:         3.4 (Aug 2023)
# Pipeline mode:   SEARCH
# Query file:      /Users/rossoaa/Desktop/dummy/genomes/records/compleasm/mb_downloads/rickettsiales_odb12/hmms/818at766.hmm
# Target file:     -
# Option settings: /Users/rossoaa/miniconda3/envs/compleasm_env/bin/hmmsearch --domtblout /Users/rossoaa/Desktop/dummy/genomes/records/compleasm/rickettsiales_odb12/hmmer_output/818at766.out --cpu 1 /Users/rossoaa/Desktop/dummy/genomes/records/compleasm/mb_downloads/rickettsiales_odb12/hmms/818at766.hmm - 
# Current dir:     /Users/rossoaa/Desktop/dummy/genomes/records/compleasm
# Date:            Tue Feb 10 10:20:21 2026
# [ok]
