#                                                                                                          --- full sequence --- -------------- this domain -------------   hmm coord   ali coord   env coord
# target name                                      accession   tlen query name           accession   qlen   E-value  score  bias   #  of  c-Evalue  i-Evalue  score  bias  from    to  from    to  from    to  acc description of target
#                              ------------------- ---------- ----- -------------------- ---------- ----- --------- ------ ----- --- --- --------- --------- ------ ----- ----- ----- ----- ----- ----- ----- ---- ---------------------
821at766_1248439_0:0001ee|OZ308468.1:508627-509131 -            168 821                  -            167   3.3e-78  251.6   2.0   1   1   3.6e-78   3.6e-78  251.4   2.0     3   167     3   168     1   168 0.97 -
821at766_1392507_0:000172|OZ308468.1:508627-509131 -            168 821                  -            167   3.3e-78  251.6   2.0   1   1   3.6e-78   3.6e-78  251.4   2.0     3   167     3   168     1   168 0.97 -
821at766_142058_0:00019d|OZ308468.1:508627-509131  -            168 821                  -            167   3.3e-78  251.6   2.0   1   1   3.6e-78   3.6e-78  251.4   2.0     3   167     3   168     1   168 0.97 -
821at766_1359163_0:000087|OZ308468.1:508624-509131 -            169 821                  -            167   3.3e-78  251.6   2.0   1   1   3.7e-78   3.7e-78  251.4   2.0     3   167     4   169     2   169 0.97 -
821at766_2115978_0:000468|OZ308468.1:508621-509131 -            170 821                  -            167   3.4e-78  251.5   2.0   1   1   3.8e-78   3.8e-78  251.4   2.0     3   167     5   170     3   170 0.97 -
821at766_2602574_0:0000d1|OZ308468.1:508621-509131 -            170 821                  -            167   3.4e-78  251.5   2.0   1   1   3.8e-78   3.8e-78  251.4   2.0     3   167     5   170     3   170 0.97 -
821at766_1528098_0:000589|OZ308468.1:508609-509131 -            174 821                  -            167   3.7e-78  251.4   2.0   1   1   4.2e-78   4.2e-78  251.2   2.0     3   167     9   174     7   174 0.97 -
821at766_1605993_0:0001e8|OZ308468.1:508606-509131 -            175 821                  -            167   3.7e-78  251.4   2.0   1   1   4.2e-78   4.2e-78  251.2   2.0     3   167    10   175     8   175 0.97 -
821at766_169402_0:00026c|OZ308468.1:508606-509131  -            175 821                  -            167   3.7e-78  251.4   2.0   1   1   4.2e-78   4.2e-78  251.2   2.0     3   167    10   175     8   175 0.97 -
821at766_955_0:000202|OZ308468.1:508606-509131     -            175 821                  -            167   3.7e-78  251.4   2.0   1   1   4.2e-78   4.2e-78  251.2   2.0     3   167    10   175     8   175 0.97 -
821at766_246273_0:0000cc|OZ308468.1:508594-509131  -            179 821                  -            167     4e-78  251.3   2.0   1   1   4.6e-78   4.6e-78  251.1   2.0     3   167    14   179    12   179 0.97 -
821at766_96496_0:00000a|OZ308468.1:508594-509131   -            179 821                  -            167     4e-78  251.3   2.0   1   1   4.6e-78   4.6e-78  251.1   2.0     3   167    14   179    12   179 0.97 -
821at766_1242993_0:00009a|OZ308468.1:508630-509131 -            167 821                  -            167   4.5e-78  251.1   2.2   1   1   4.9e-78   4.9e-78  251.0   2.2     4   167     3   167     1   167 0.97 -
821at766_1423892_0:000194|OZ308468.1:508630-509131 -            167 821                  -            167   4.5e-78  251.1   2.2   1   1   4.9e-78   4.9e-78  251.0   2.2     4   167     3   167     1   167 0.97 -
821at766_205920_0:00012c|OZ308468.1:508630-509131  -            167 821                  -            167   4.5e-78  251.1   2.2   1   1   4.9e-78   4.9e-78  251.0   2.2     4   167     3   167     1   167 0.97 -
821at766_391036_0:00017e|OZ308468.1:508630-509131  -            167 821                  -            167   4.5e-78  251.1   2.2   1   1   4.9e-78   4.9e-78  251.0   2.2     4   167     3   167     1   167 0.97 -
821at766_696127_0:000424|OZ308468.1:508630-509131  -            167 821                  -            167   4.5e-78  251.1   2.2   1   1   4.9e-78   4.9e-78  251.0   2.2     4   167     3   167     1   167 0.97 -
821at766_752179_0:000123|OZ308468.1:508636-509131  -            165 821                  -            167   9.8e-78  250.0   2.5   1   1   1.1e-77   1.1e-77  249.9   2.5     5   167     2   165     1   165 0.97 -
821at766_1105107_0:00016c|OZ308468.1:508642-509131 -            163 821                  -            167   3.7e-77  248.2   2.7   1   1   4.1e-77   4.1e-77  248.0   2.7     6   167     1   163     1   163 0.98 -
821at766_2486578_0:000095|OZ308468.1:508642-509131 -            163 821                  -            167   3.7e-77  248.2   2.7   1   1   4.1e-77   4.1e-77  248.0   2.7     6   167     1   163     1   163 0.98 -
821at766_272947_0:00022b|OZ308468.1:508642-509131  -            163 821                  -            167   3.7e-77  248.2   2.7   1   1   4.1e-77   4.1e-77  248.0   2.7     6   167     1   163     1   163 0.98 -
821at766_481009_0:000236|OZ308468.1:508642-509131  -            163 821                  -            167   3.7e-77  248.2   2.7   1   1   4.1e-77   4.1e-77  248.0   2.7     6   167     1   163     1   163 0.98 -
821at766_779_0:00016d|OZ308468.1:508642-509131     -            163 821                  -            167   3.7e-77  248.2   2.7   1   1   4.1e-77   4.1e-77  248.0   2.7     6   167     1   163     1   163 0.98 -
#
# Program:         hmmsearch
# Version:         3.4 (Aug 2023)
# Pipeline mode:   SEARCH
# Query file:      /Users/rossoaa/Desktop/dummy/genomes/records/compleasm/mb_downloads/rickettsiales_odb12/hmms/821at766.hmm
# Target file:     -
# Option settings: /Users/rossoaa/miniconda3/envs/compleasm_env/bin/hmmsearch --domtblout /Users/rossoaa/Desktop/dummy/genomes/records/compleasm/rickettsiales_odb12/hmmer_output/821at766.out --cpu 1 /Users/rossoaa/Desktop/dummy/genomes/records/compleasm/mb_downloads/rickettsiales_odb12/hmms/821at766.hmm - 
# Current dir:     /Users/rossoaa/Desktop/dummy/genomes/records/compleasm
# Date:            Tue Feb 10 10:20:21 2026
# [ok]
