#                                                                                                          --- full sequence --- -------------- this domain -------------   hmm coord   ali coord   env coord
# target name                                      accession   tlen query name           accession   qlen   E-value  score  bias   #  of  c-Evalue  i-Evalue  score  bias  from    to  from    to  from    to  acc description of target
#                              ------------------- ---------- ----- -------------------- ---------- ----- --------- ------ ----- --- --- --------- --------- ------ ----- ----- ----- ----- ----- ----- ----- ---- ---------------------
840at766_1242993_0:0001b7|OZ308468.1:135006-135603 -            199 840                  -            188   1.6e-79  256.0  12.2   1   1   1.8e-79   1.8e-79  255.8  12.2     2   188     5   199     4   199 0.93 -
840at766_1248439_0:000217|OZ308468.1:135006-135603 -            199 840                  -            188   1.6e-79  256.0  12.2   1   1   1.8e-79   1.8e-79  255.8  12.2     2   188     5   199     4   199 0.93 -
840at766_1359163_0:0001ba|OZ308468.1:135006-135603 -            199 840                  -            188   1.6e-79  256.0  12.2   1   1   1.8e-79   1.8e-79  255.8  12.2     2   188     5   199     4   199 0.93 -
840at766_1423892_0:000169|OZ308468.1:135006-135603 -            199 840                  -            188   1.6e-79  256.0  12.2   1   1   1.8e-79   1.8e-79  255.8  12.2     2   188     5   199     4   199 0.93 -
840at766_1605993_0:0001bc|OZ308468.1:135006-135603 -            199 840                  -            188   1.6e-79  256.0  12.2   1   1   1.8e-79   1.8e-79  255.8  12.2     2   188     5   199     4   199 0.93 -
840at766_169402_0:00011c|OZ308468.1:135006-135603  -            199 840                  -            188   1.6e-79  256.0  12.2   1   1   1.8e-79   1.8e-79  255.8  12.2     2   188     5   199     4   199 0.93 -
840at766_205920_0:0001dc|OZ308468.1:135006-135603  -            199 840                  -            188   1.6e-79  256.0  12.2   1   1   1.8e-79   1.8e-79  255.8  12.2     2   188     5   199     4   199 0.93 -
840at766_246273_0:0000c5|OZ308468.1:135006-135603  -            199 840                  -            188   1.6e-79  256.0  12.2   1   1   1.8e-79   1.8e-79  255.8  12.2     2   188     5   199     4   199 0.93 -
840at766_2602574_0:0001dc|OZ308468.1:135009-135603 -            199 840                  -            188   1.6e-79  256.0  12.2   1   1   1.8e-79   1.8e-79  255.8  12.2     2   188     5   199     4   199 0.93 -
840at766_391036_0:000324|OZ308468.1:135006-135603  -            199 840                  -            188   1.6e-79  256.0  12.2   1   1   1.8e-79   1.8e-79  255.8  12.2     2   188     5   199     4   199 0.93 -
840at766_574556_0:0001a5|OZ308468.1:135006-135603  -            199 840                  -            188   1.6e-79  256.0  12.2   1   1   1.8e-79   1.8e-79  255.8  12.2     2   188     5   199     4   199 0.93 -
840at766_779_0:000073|OZ308468.1:135006-135603     -            199 840                  -            188   1.6e-79  256.0  12.2   1   1   1.8e-79   1.8e-79  255.8  12.2     2   188     5   199     4   199 0.93 -
840at766_955_0:0001c7|OZ308468.1:135009-135603     -            199 840                  -            188   1.6e-79  256.0  12.2   1   1   1.8e-79   1.8e-79  255.8  12.2     2   188     5   199     4   199 0.93 -
840at766_96496_0:000022|OZ308468.1:135006-135603   -            199 840                  -            188   1.6e-79  256.0  12.2   1   1   1.8e-79   1.8e-79  255.8  12.2     2   188     5   199     4   199 0.93 -
840at766_1392507_0:0002bc|OZ308468.1:135006-135606 -            200 840                  -            188   1.6e-79  255.9  12.2   1   1   1.8e-79   1.8e-79  255.8  12.2     2   188     6   200     5   200 0.93 -
840at766_1714371_0:000222|OZ308468.1:135018-135609 -            198 840                  -            188   2.1e-78  252.3  12.8   1   1   2.4e-78   2.4e-78  252.1  12.8     2   185     7   198     6   198 0.93 -
840at766_434131_0:000027|OZ308468.1:135024-135609  -            196 840                  -            188   9.1e-78  250.2  12.7   1   1     1e-77     1e-77  250.0  12.7     2   183     7   196     6   196 0.92 -
#
# Program:         hmmsearch
# Version:         3.4 (Aug 2023)
# Pipeline mode:   SEARCH
# Query file:      /Users/rossoaa/Desktop/dummy/genomes/records/compleasm/mb_downloads/rickettsiales_odb12/hmms/840at766.hmm
# Target file:     -
# Option settings: /Users/rossoaa/miniconda3/envs/compleasm_env/bin/hmmsearch --domtblout /Users/rossoaa/Desktop/dummy/genomes/records/compleasm/rickettsiales_odb12/hmmer_output/840at766.out --cpu 1 /Users/rossoaa/Desktop/dummy/genomes/records/compleasm/mb_downloads/rickettsiales_odb12/hmms/840at766.hmm - 
# Current dir:     /Users/rossoaa/Desktop/dummy/genomes/records/compleasm
# Date:            Tue Feb 10 10:20:20 2026
# [ok]
