#                                                                                                          --- full sequence --- -------------- this domain -------------   hmm coord   ali coord   env coord
# target name                                      accession   tlen query name           accession   qlen   E-value  score  bias   #  of  c-Evalue  i-Evalue  score  bias  from    to  from    to  from    to  acc description of target
#                              ------------------- ---------- ----- -------------------- ---------- ----- --------- ------ ----- --- --- --------- --------- ------ ----- ----- ----- ----- ----- ----- ----- ---- ---------------------
853at766_86105_0:000192|OZ308468.1:576689-578018   -            444 853                  -            446    1e-218  717.3  27.7   1   1  1.2e-218  1.2e-218  717.2  27.7     1   446     1   444     1   444 1.00 -
853at766_1274402_0:000211|OZ308468.1:576686-578018 -            445 853                  -            446  1.1e-218  717.3  27.7   1   1  1.2e-218  1.2e-218  717.2  27.7     1   446     1   444     1   444 1.00 -
853at766_779_0:00019f|OZ308468.1:576686-578018     -            445 853                  -            446  1.1e-218  717.3  27.7   1   1  1.2e-218  1.2e-218  717.2  27.7     1   446     1   444     1   444 1.00 -
853at766_1105107_0:0002ad|OZ308468.1:576683-578018 -            446 853                  -            446  1.1e-218  717.3  27.7   1   1  1.2e-218  1.2e-218  717.2  27.7     1   446     1   444     1   444 1.00 -
853at766_1528098_0:0001d1|OZ308468.1:576683-578018 -            446 853                  -            446  1.1e-218  717.3  27.7   1   1  1.2e-218  1.2e-218  717.2  27.7     1   446     1   444     1   444 1.00 -
853at766_2486578_0:00021b|OZ308468.1:576683-578018 -            446 853                  -            446  1.1e-218  717.3  27.7   1   1  1.2e-218  1.2e-218  717.2  27.7     1   446     1   444     1   444 1.00 -
853at766_272947_0:00012a|OZ308468.1:576683-578018  -            446 853                  -            446  1.1e-218  717.3  27.7   1   1  1.2e-218  1.2e-218  717.2  27.7     1   446     1   444     1   444 1.00 -
853at766_336407_0:00007b|OZ308468.1:576683-578018  -            446 853                  -            446  1.1e-218  717.3  27.7   1   1  1.2e-218  1.2e-218  717.2  27.7     1   446     1   444     1   444 1.00 -
853at766_481009_0:00006b|OZ308468.1:576683-578018  -            446 853                  -            446  1.1e-218  717.3  27.7   1   1  1.2e-218  1.2e-218  717.2  27.7     1   446     1   444     1   444 1.00 -
853at766_1248439_0:0000de|OZ308468.1:576677-578018 -            447 853                  -            446  1.1e-218  717.3  27.7   1   1  1.2e-218  1.2e-218  717.1  27.7     1   446     1   444     1   444 1.00 -
853at766_1286528_0:00022d|OZ308468.1:576677-578018 -            447 853                  -            446  1.1e-218  717.3  27.7   1   1  1.2e-218  1.2e-218  717.1  27.7     1   446     1   444     1   444 1.00 -
853at766_1359163_0:000222|OZ308468.1:576677-578018 -            447 853                  -            446  1.1e-218  717.3  27.7   1   1  1.2e-218  1.2e-218  717.1  27.7     1   446     1   444     1   444 1.00 -
853at766_1392507_0:0002ed|OZ308468.1:576677-578018 -            447 853                  -            446  1.1e-218  717.3  27.7   1   1  1.2e-218  1.2e-218  717.1  27.7     1   446     1   444     1   444 1.00 -
853at766_142058_0:00020f|OZ308468.1:576677-578018  -            447 853                  -            446  1.1e-218  717.3  27.7   1   1  1.2e-218  1.2e-218  717.1  27.7     1   446     1   444     1   444 1.00 -
853at766_1423892_0:00033d|OZ308468.1:576677-578018 -            447 853                  -            446  1.1e-218  717.3  27.7   1   1  1.2e-218  1.2e-218  717.1  27.7     1   446     1   444     1   444 1.00 -
853at766_1605993_0:000137|OZ308468.1:576677-578018 -            447 853                  -            446  1.1e-218  717.3  27.7   1   1  1.2e-218  1.2e-218  717.1  27.7     1   446     1   444     1   444 1.00 -
853at766_169402_0:0001f1|OZ308468.1:576677-578018  -            447 853                  -            446  1.1e-218  717.3  27.7   1   1  1.2e-218  1.2e-218  717.1  27.7     1   446     1   444     1   444 1.00 -
853at766_1714371_0:000278|OZ308468.1:576680-578018 -            447 853                  -            446  1.1e-218  717.3  27.7   1   1  1.2e-218  1.2e-218  717.1  27.7     1   446     1   444     1   444 1.00 -
853at766_1961830_0:000524|OZ308468.1:576680-578018 -            447 853                  -            446  1.1e-218  717.3  27.7   1   1  1.2e-218  1.2e-218  717.1  27.7     1   446     1   444     1   444 1.00 -
853at766_205920_0:00018a|OZ308468.1:576677-578018  -            447 853                  -            446  1.1e-218  717.3  27.7   1   1  1.2e-218  1.2e-218  717.1  27.7     1   446     1   444     1   444 1.00 -
853at766_222891_0:0002d9|OZ308468.1:576677-578018  -            447 853                  -            446  1.1e-218  717.3  27.7   1   1  1.2e-218  1.2e-218  717.1  27.7     1   446     1   444     1   444 1.00 -
853at766_246273_0:000087|OZ308468.1:576677-578018  -            447 853                  -            446  1.1e-218  717.3  27.7   1   1  1.2e-218  1.2e-218  717.1  27.7     1   446     1   444     1   444 1.00 -
853at766_391036_0:000000|OZ308468.1:576677-578018  -            447 853                  -            446  1.1e-218  717.3  27.7   1   1  1.2e-218  1.2e-218  717.1  27.7     1   446     1   444     1   444 1.00 -
853at766_434131_0:00023e|OZ308468.1:576677-578018  -            447 853                  -            446  1.1e-218  717.3  27.7   1   1  1.2e-218  1.2e-218  717.1  27.7     1   446     1   444     1   444 1.00 -
853at766_955_0:00004d|OZ308468.1:576677-578018     -            447 853                  -            446  1.1e-218  717.3  27.7   1   1  1.2e-218  1.2e-218  717.1  27.7     1   446     1   444     1   444 1.00 -
853at766_96496_0:0000c9|OZ308468.1:576677-578018   -            447 853                  -            446  1.1e-218  717.3  27.7   1   1  1.2e-218  1.2e-218  717.1  27.7     1   446     1   444     1   444 1.00 -
853at766_1359168_0:00002f|OZ308468.1:576692-578018 -            443 853                  -            446  2.7e-218  716.0  27.7   1   1    3e-218    3e-218  715.8  27.7     1   445     1   443     1   443 1.00 -
853at766_2486577_0:00000b|OZ308468.1:576707-578018 -            438 853                  -            446  8.1e-217  711.1  26.6   1   1  9.1e-217  9.1e-217  710.9  26.6     1   439     1   437     1   438 1.00 -
853at766_334380_0:000406|OZ308468.1:576707-578018  -            438 853                  -            446  8.1e-217  711.1  26.6   1   1  9.1e-217  9.1e-217  710.9  26.6     1   439     1   437     1   438 1.00 -
853at766_2602574_0:00030d|OZ308468.1:576710-578018 -            437 853                  -            446  1.5e-216  710.3  26.7   1   1  1.6e-216  1.6e-216  710.1  26.7     1   438     1   436     1   437 1.00 -
853at766_696127_0:00041b|OZ308468.1:576710-578018  -            437 853                  -            446  1.5e-216  710.3  26.7   1   1  1.6e-216  1.6e-216  710.1  26.7     1   438     1   436     1   437 1.00 -
853at766_752179_0:0001ef|OZ308468.1:576713-578018  -            436 853                  -            446  2.6e-216  709.5  26.7   1   1  2.9e-216  2.9e-216  709.3  26.7     1   437     1   435     1   436 1.00 -
853at766_1802984_0:0000bf|OZ308468.1:576728-578018 -            431 853                  -            446  3.6e-215  705.7  26.0   1   1    4e-215    4e-215  705.5  26.0     1   433     1   431     1   431 1.00 -
853at766_1242993_0:00027b|OZ308468.1:576677-577721 -            348 853                  -            446  7.9e-176  576.0  17.7   1   1  8.8e-176  8.8e-176  575.9  17.7   100   446     1   345     1   345 0.99 -
#
# Program:         hmmsearch
# Version:         3.4 (Aug 2023)
# Pipeline mode:   SEARCH
# Query file:      /Users/rossoaa/Desktop/dummy/genomes/records/compleasm/mb_downloads/rickettsiales_odb12/hmms/853at766.hmm
# Target file:     -
# Option settings: /Users/rossoaa/miniconda3/envs/compleasm_env/bin/hmmsearch --domtblout /Users/rossoaa/Desktop/dummy/genomes/records/compleasm/rickettsiales_odb12/hmmer_output/853at766.out --cpu 1 /Users/rossoaa/Desktop/dummy/genomes/records/compleasm/mb_downloads/rickettsiales_odb12/hmms/853at766.hmm - 
# Current dir:     /Users/rossoaa/Desktop/dummy/genomes/records/compleasm
# Date:            Tue Feb 10 10:20:24 2026
# [ok]
