#                                                                                                        --- full sequence --- -------------- this domain -------------   hmm coord   ali coord   env coord
# target name                                    accession   tlen query name           accession   qlen   E-value  score  bias   #  of  c-Evalue  i-Evalue  score  bias  from    to  from    to  from    to  acc description of target
#                            ------------------- ---------- ----- -------------------- ---------- ----- --------- ------ ----- --- --- --------- --------- ------ ----- ----- ----- ----- ----- ----- ----- ---- ---------------------
864at766_1242993_0:000131|OZ308468.1:73059-73842 -            261 864                  -            258  2.4e-117  380.9   0.9   1   1  2.7e-117  2.7e-117  380.7   0.9     2   257     3   260     2   261 0.99 -
864at766_1359163_0:000170|OZ308468.1:73059-73842 -            261 864                  -            258  2.4e-117  380.9   0.9   1   1  2.7e-117  2.7e-117  380.7   0.9     2   257     3   260     2   261 0.99 -
864at766_1423892_0:000103|OZ308468.1:73059-73842 -            261 864                  -            258  2.4e-117  380.9   0.9   1   1  2.7e-117  2.7e-117  380.7   0.9     2   257     3   260     2   261 0.99 -
864at766_1605993_0:000214|OZ308468.1:73059-73842 -            261 864                  -            258  2.4e-117  380.9   0.9   1   1  2.7e-117  2.7e-117  380.7   0.9     2   257     3   260     2   261 0.99 -
864at766_205920_0:00026d|OZ308468.1:73059-73842  -            261 864                  -            258  2.4e-117  380.9   0.9   1   1  2.7e-117  2.7e-117  380.7   0.9     2   257     3   260     2   261 0.99 -
864at766_246273_0:000084|OZ308468.1:73059-73842  -            261 864                  -            258  2.4e-117  380.9   0.9   1   1  2.7e-117  2.7e-117  380.7   0.9     2   257     3   260     2   261 0.99 -
864at766_391036_0:00006f|OZ308468.1:73059-73842  -            261 864                  -            258  2.4e-117  380.9   0.9   1   1  2.7e-117  2.7e-117  380.7   0.9     2   257     3   260     2   261 0.99 -
864at766_779_0:000005|OZ308468.1:73059-73842     -            261 864                  -            258  2.4e-117  380.9   0.9   1   1  2.7e-117  2.7e-117  380.7   0.9     2   257     3   260     2   261 0.99 -
864at766_96496_0:000043|OZ308468.1:73059-73842   -            261 864                  -            258  2.4e-117  380.9   0.9   1   1  2.7e-117  2.7e-117  380.7   0.9     2   257     3   260     2   261 0.99 -
864at766_169402_0:00025a|OZ308468.1:73062-73842  -            260 864                  -            258  2.4e-117  380.9   0.9   1   1  2.7e-117  2.7e-117  380.8   0.9     2   257     2   259     1   260 0.99 -
864at766_2486577_0:00008a|OZ308468.1:73062-73842 -            260 864                  -            258  2.4e-117  380.9   0.9   1   1  2.7e-117  2.7e-117  380.8   0.9     2   257     2   259     1   260 0.99 -
864at766_1248439_0:000059|OZ308468.1:73065-73842 -            259 864                  -            258  4.1e-117  380.2   1.0   1   1  4.6e-117  4.6e-117  380.0   1.0     2   257     1   258     1   259 0.99 -
864at766_1392507_0:00022a|OZ308468.1:73065-73842 -            259 864                  -            258  4.1e-117  380.2   1.0   1   1  4.6e-117  4.6e-117  380.0   1.0     2   257     1   258     1   259 0.99 -
864at766_142058_0:0000bc|OZ308468.1:73065-73842  -            259 864                  -            258  4.1e-117  380.2   1.0   1   1  4.6e-117  4.6e-117  380.0   1.0     2   257     1   258     1   259 0.99 -
864at766_1961830_0:000176|OZ308468.1:73071-73836 -            256 864                  -            258  6.9e-116  376.1   1.0   1   1  7.7e-116  7.7e-116  376.0   1.0     4   257     1   256     1   256 0.99 -
864at766_955_0:000037|OZ308468.1:73074-73839     -            256 864                  -            258  1.1e-115  375.5   0.9   1   1  1.2e-115  1.2e-115  375.4   0.9     5   257     1   255     1   256 0.99 -
864at766_222891_0:00010d|OZ308468.1:73077-73839  -            255 864                  -            258  2.5e-115  374.3   0.8   1   1  2.8e-115  2.8e-115  374.2   0.8     6   257     1   254     1   255 0.99 -
864at766_434131_0:000032|OZ308468.1:73077-73839  -            255 864                  -            258  2.5e-115  374.3   0.8   1   1  2.8e-115  2.8e-115  374.2   0.8     6   257     1   254     1   255 0.99 -
864at766_1802984_0:000125|OZ308468.1:73179-73836 -            220 864                  -            258  3.5e-107  347.6   0.4   1   1  3.9e-107  3.9e-107  347.5   0.4    40   257     1   220     1   220 0.99 -
#
# Program:         hmmsearch
# Version:         3.4 (Aug 2023)
# Pipeline mode:   SEARCH
# Query file:      /Users/rossoaa/Desktop/dummy/genomes/records/compleasm/mb_downloads/rickettsiales_odb12/hmms/864at766.hmm
# Target file:     -
# Option settings: /Users/rossoaa/miniconda3/envs/compleasm_env/bin/hmmsearch --domtblout /Users/rossoaa/Desktop/dummy/genomes/records/compleasm/rickettsiales_odb12/hmmer_output/864at766.out --cpu 1 /Users/rossoaa/Desktop/dummy/genomes/records/compleasm/mb_downloads/rickettsiales_odb12/hmms/864at766.hmm - 
# Current dir:     /Users/rossoaa/Desktop/dummy/genomes/records/compleasm
# Date:            Tue Feb 10 10:20:21 2026
# [ok]
