#                                                                                                          --- full sequence --- -------------- this domain -------------   hmm coord   ali coord   env coord
# target name                                      accession   tlen query name           accession   qlen   E-value  score  bias   #  of  c-Evalue  i-Evalue  score  bias  from    to  from    to  from    to  acc description of target
#                              ------------------- ---------- ----- -------------------- ---------- ----- --------- ------ ----- --- --- --------- --------- ------ ----- ----- ----- ----- ----- ----- ----- ---- ---------------------
875at766_1242993_0:000120|OZ308468.1:281937-282507 -            190 875                  -            174   2.1e-80  259.3   2.3   1   1   1.8e-79   1.8e-79  256.3   2.3     1   173     1   188     1   189 0.89 -
875at766_1248439_0:0001e9|OZ308468.1:281940-282507 -            190 875                  -            174   2.1e-80  259.3   2.3   1   1   1.8e-79   1.8e-79  256.3   2.3     1   173     1   188     1   189 0.89 -
875at766_1286528_0:000149|OZ308468.1:281940-282507 -            190 875                  -            174   2.1e-80  259.3   2.3   1   1   1.8e-79   1.8e-79  256.3   2.3     1   173     1   188     1   189 0.89 -
875at766_1359163_0:0002b4|OZ308468.1:281937-282507 -            190 875                  -            174   2.1e-80  259.3   2.3   1   1   1.8e-79   1.8e-79  256.3   2.3     1   173     1   188     1   189 0.89 -
875at766_1359168_0:0002e2|OZ308468.1:281940-282507 -            190 875                  -            174   2.1e-80  259.3   2.3   1   1   1.8e-79   1.8e-79  256.3   2.3     1   173     1   188     1   189 0.89 -
875at766_1392507_0:0001a2|OZ308468.1:281940-282507 -            190 875                  -            174   2.1e-80  259.3   2.3   1   1   1.8e-79   1.8e-79  256.3   2.3     1   173     1   188     1   189 0.89 -
875at766_142058_0:00020d|OZ308468.1:281940-282507  -            190 875                  -            174   2.1e-80  259.3   2.3   1   1   1.8e-79   1.8e-79  256.3   2.3     1   173     1   188     1   189 0.89 -
875at766_1423892_0:00005a|OZ308468.1:281937-282507 -            190 875                  -            174   2.1e-80  259.3   2.3   1   1   1.8e-79   1.8e-79  256.3   2.3     1   173     1   188     1   189 0.89 -
875at766_1605993_0:00006e|OZ308468.1:281937-282507 -            190 875                  -            174   2.1e-80  259.3   2.3   1   1   1.8e-79   1.8e-79  256.3   2.3     1   173     1   188     1   189 0.89 -
875at766_169402_0:000081|OZ308468.1:281937-282507  -            190 875                  -            174   2.1e-80  259.3   2.3   1   1   1.8e-79   1.8e-79  256.3   2.3     1   173     1   188     1   189 0.89 -
875at766_1714371_0:000290|OZ308468.1:281940-282507 -            190 875                  -            174   2.1e-80  259.3   2.3   1   1   1.8e-79   1.8e-79  256.3   2.3     1   173     1   188     1   189 0.89 -
875at766_205920_0:0001a2|OZ308468.1:281937-282507  -            190 875                  -            174   2.1e-80  259.3   2.3   1   1   1.8e-79   1.8e-79  256.3   2.3     1   173     1   188     1   189 0.89 -
875at766_2115978_0:0002ed|OZ308468.1:281940-282507 -            190 875                  -            174   2.1e-80  259.3   2.3   1   1   1.8e-79   1.8e-79  256.3   2.3     1   173     1   188     1   189 0.89 -
875at766_222891_0:00008f|OZ308468.1:281940-282507  -            190 875                  -            174   2.1e-80  259.3   2.3   1   1   1.8e-79   1.8e-79  256.3   2.3     1   173     1   188     1   189 0.89 -
875at766_246273_0:0003a4|OZ308468.1:281937-282507  -            190 875                  -            174   2.1e-80  259.3   2.3   1   1   1.8e-79   1.8e-79  256.3   2.3     1   173     1   188     1   189 0.89 -
875at766_2486577_0:0001ab|OZ308468.1:281940-282507 -            190 875                  -            174   2.1e-80  259.3   2.3   1   1   1.8e-79   1.8e-79  256.3   2.3     1   173     1   188     1   189 0.89 -
875at766_2486578_0:000120|OZ308468.1:281940-282507 -            190 875                  -            174   2.1e-80  259.3   2.3   1   1   1.8e-79   1.8e-79  256.3   2.3     1   173     1   188     1   189 0.89 -
875at766_2602574_0:0004a1|OZ308468.1:281940-282507 -            190 875                  -            174   2.1e-80  259.3   2.3   1   1   1.8e-79   1.8e-79  256.3   2.3     1   173     1   188     1   189 0.89 -
875at766_334380_0:000289|OZ308468.1:281940-282507  -            190 875                  -            174   2.1e-80  259.3   2.3   1   1   1.8e-79   1.8e-79  256.3   2.3     1   173     1   188     1   189 0.89 -
875at766_391036_0:000091|OZ308468.1:281937-282507  -            190 875                  -            174   2.1e-80  259.3   2.3   1   1   1.8e-79   1.8e-79  256.3   2.3     1   173     1   188     1   189 0.89 -
875at766_434131_0:0002c3|OZ308468.1:281940-282507  -            190 875                  -            174   2.1e-80  259.3   2.3   1   1   1.8e-79   1.8e-79  256.3   2.3     1   173     1   188     1   189 0.89 -
875at766_574556_0:000086|OZ308468.1:281940-282507  -            190 875                  -            174   2.1e-80  259.3   2.3   1   1   1.8e-79   1.8e-79  256.3   2.3     1   173     1   188     1   189 0.89 -
875at766_696127_0:00026d|OZ308468.1:281940-282507  -            190 875                  -            174   2.1e-80  259.3   2.3   1   1   1.8e-79   1.8e-79  256.3   2.3     1   173     1   188     1   189 0.89 -
875at766_752179_0:000065|OZ308468.1:281937-282507  -            190 875                  -            174   2.1e-80  259.3   2.3   1   1   1.8e-79   1.8e-79  256.3   2.3     1   173     1   188     1   189 0.89 -
875at766_779_0:0001e0|OZ308468.1:281940-282507     -            190 875                  -            174   2.1e-80  259.3   2.3   1   1   1.8e-79   1.8e-79  256.3   2.3     1   173     1   188     1   189 0.89 -
875at766_86105_0:000672|OZ308468.1:281940-282507   -            190 875                  -            174   2.1e-80  259.3   2.3   1   1   1.8e-79   1.8e-79  256.3   2.3     1   173     1   188     1   189 0.89 -
875at766_955_0:00023d|OZ308468.1:281940-282507     -            190 875                  -            174   2.1e-80  259.3   2.3   1   1   1.8e-79   1.8e-79  256.3   2.3     1   173     1   188     1   189 0.89 -
875at766_96496_0:00008c|OZ308468.1:281937-282507   -            190 875                  -            174   2.1e-80  259.3   2.3   1   1   1.8e-79   1.8e-79  256.3   2.3     1   173     1   188     1   189 0.89 -
875at766_1802984_0:000218|OZ308468.1:281940-282342 -            135 875                  -            174   9.9e-59  188.8   1.4   1   1   1.1e-57   1.1e-57  185.4   1.4    53   173     1   133     1   134 0.89 -
#
# Program:         hmmsearch
# Version:         3.4 (Aug 2023)
# Pipeline mode:   SEARCH
# Query file:      /Users/rossoaa/Desktop/dummy/genomes/records/compleasm/mb_downloads/rickettsiales_odb12/hmms/875at766.hmm
# Target file:     -
# Option settings: /Users/rossoaa/miniconda3/envs/compleasm_env/bin/hmmsearch --domtblout /Users/rossoaa/Desktop/dummy/genomes/records/compleasm/rickettsiales_odb12/hmmer_output/875at766.out --cpu 1 /Users/rossoaa/Desktop/dummy/genomes/records/compleasm/mb_downloads/rickettsiales_odb12/hmms/875at766.hmm - 
# Current dir:     /Users/rossoaa/Desktop/dummy/genomes/records/compleasm
# Date:            Tue Feb 10 10:20:20 2026
# [ok]
