#                                                                                                            --- full sequence --- -------------- this domain -------------   hmm coord   ali coord   env coord
# target name                                        accession   tlen query name           accession   qlen   E-value  score  bias   #  of  c-Evalue  i-Evalue  score  bias  from    to  from    to  from    to  acc description of target
#                                ------------------- ---------- ----- -------------------- ---------- ----- --------- ------ ----- --- --- --------- --------- ------ ----- ----- ----- ----- ----- ----- ----- ---- ---------------------
881at766_1392507_0:0001c5|OZ308468.1:1023361-1023787 -            142 881                  -            142   5.3e-68  218.5  14.4   1   1   5.8e-68   5.8e-68  218.3  14.4     1   142     1   142     1   142 0.99 -
881at766_1605993_0:000351|OZ308468.1:1023361-1023787 -            142 881                  -            142   5.3e-68  218.5  14.4   1   1   5.8e-68   5.8e-68  218.3  14.4     1   142     1   142     1   142 0.99 -
881at766_169402_0:0003e1|OZ308468.1:1023361-1023787  -            142 881                  -            142   5.3e-68  218.5  14.4   1   1   5.8e-68   5.8e-68  218.3  14.4     1   142     1   142     1   142 0.99 -
881at766_246273_0:0000bb|OZ308468.1:1023361-1023787  -            142 881                  -            142   5.3e-68  218.5  14.4   1   1   5.8e-68   5.8e-68  218.3  14.4     1   142     1   142     1   142 0.99 -
881at766_955_0:000082|OZ308468.1:1023364-1023787     -            142 881                  -            142   5.3e-68  218.5  14.4   1   1   5.8e-68   5.8e-68  218.3  14.4     1   142     1   142     1   142 0.99 -
881at766_96496_0:0001e4|OZ308468.1:1023361-1023787   -            142 881                  -            142   5.3e-68  218.5  14.4   1   1   5.8e-68   5.8e-68  218.3  14.4     1   142     1   142     1   142 0.99 -
881at766_1105107_0:00013b|OZ308468.1:1023361-1023790 -            143 881                  -            142   5.4e-68  218.4  14.4   1   1     6e-68     6e-68  218.3  14.4     1   142     2   143     2   143 0.99 -
881at766_1359168_0:00008b|OZ308468.1:1023361-1023790 -            143 881                  -            142   5.4e-68  218.4  14.4   1   1     6e-68     6e-68  218.3  14.4     1   142     2   143     2   143 0.99 -
881at766_1423892_0:00032e|OZ308468.1:1023361-1023790 -            143 881                  -            142   5.4e-68  218.4  14.4   1   1     6e-68     6e-68  218.3  14.4     1   142     2   143     2   143 0.99 -
881at766_1528098_0:00054d|OZ308468.1:1023361-1023790 -            143 881                  -            142   5.4e-68  218.4  14.4   1   1     6e-68     6e-68  218.3  14.4     1   142     2   143     2   143 0.99 -
881at766_1961830_0:00020f|OZ308468.1:1023361-1023790 -            143 881                  -            142   5.4e-68  218.4  14.4   1   1     6e-68     6e-68  218.3  14.4     1   142     2   143     2   143 0.99 -
881at766_205920_0:0000f4|OZ308468.1:1023361-1023790  -            143 881                  -            142   5.4e-68  218.4  14.4   1   1     6e-68     6e-68  218.3  14.4     1   142     2   143     2   143 0.99 -
881at766_2486578_0:00004b|OZ308468.1:1023361-1023790 -            143 881                  -            142   5.4e-68  218.4  14.4   1   1     6e-68     6e-68  218.3  14.4     1   142     2   143     2   143 0.99 -
881at766_272947_0:0000d7|OZ308468.1:1023361-1023790  -            143 881                  -            142   5.4e-68  218.4  14.4   1   1     6e-68     6e-68  218.3  14.4     1   142     2   143     2   143 0.99 -
881at766_334380_0:0003c4|OZ308468.1:1023361-1023790  -            143 881                  -            142   5.4e-68  218.4  14.4   1   1     6e-68     6e-68  218.3  14.4     1   142     2   143     2   143 0.99 -
881at766_391036_0:00019c|OZ308468.1:1023361-1023790  -            143 881                  -            142   5.4e-68  218.4  14.4   1   1     6e-68     6e-68  218.3  14.4     1   142     2   143     2   143 0.99 -
881at766_481009_0:000052|OZ308468.1:1023361-1023790  -            143 881                  -            142   5.4e-68  218.4  14.4   1   1     6e-68     6e-68  218.3  14.4     1   142     2   143     2   143 0.99 -
881at766_752179_0:0003d7|OZ308468.1:1023361-1023790  -            143 881                  -            142   5.4e-68  218.4  14.4   1   1     6e-68     6e-68  218.3  14.4     1   142     2   143     2   143 0.99 -
881at766_779_0:0001bd|OZ308468.1:1023361-1023790     -            143 881                  -            142   5.4e-68  218.4  14.4   1   1     6e-68     6e-68  218.3  14.4     1   142     2   143     2   143 0.99 -
881at766_1286528_0:0000ec|OZ308468.1:1023361-1023793 -            144 881                  -            142   5.5e-68  218.4  14.4   1   1   6.2e-68   6.2e-68  218.2  14.4     1   142     3   144     3   144 0.99 -
881at766_1359163_0:0001f4|OZ308468.1:1023361-1023805 -            148 881                  -            142   6.1e-68  218.2  14.4   1   1   6.9e-68   6.9e-68  218.1  14.4     1   142     7   148     7   148 0.99 -
881at766_1248439_0:000242|OZ308468.1:1023361-1023781 -            140 881                  -            142   3.1e-67  216.0  14.7   1   1   3.4e-67   3.4e-67  215.8  14.7     3   142     1   140     1   140 1.00 -
881at766_142058_0:00002b|OZ308468.1:1023361-1023781  -            140 881                  -            142   3.1e-67  216.0  14.7   1   1   3.4e-67   3.4e-67  215.8  14.7     3   142     1   140     1   140 1.00 -
881at766_1242993_0:0001ae|OZ308468.1:1023361-1023724 -            121 881                  -            142   2.3e-55  177.5   9.7   1   1   2.6e-55   2.6e-55  177.3   9.7    22   142     1   121     1   121 1.00 -
#
# Program:         hmmsearch
# Version:         3.4 (Aug 2023)
# Pipeline mode:   SEARCH
# Query file:      /Users/rossoaa/Desktop/dummy/genomes/records/compleasm/mb_downloads/rickettsiales_odb12/hmms/881at766.hmm
# Target file:     -
# Option settings: /Users/rossoaa/miniconda3/envs/compleasm_env/bin/hmmsearch --domtblout /Users/rossoaa/Desktop/dummy/genomes/records/compleasm/rickettsiales_odb12/hmmer_output/881at766.out --cpu 1 /Users/rossoaa/Desktop/dummy/genomes/records/compleasm/mb_downloads/rickettsiales_odb12/hmms/881at766.hmm - 
# Current dir:     /Users/rossoaa/Desktop/dummy/genomes/records/compleasm
# Date:            Tue Feb 10 10:20:21 2026
# [ok]
