#                                                                                                          --- full sequence --- -------------- this domain -------------   hmm coord   ali coord   env coord
# target name                                      accession   tlen query name           accession   qlen   E-value  score  bias   #  of  c-Evalue  i-Evalue  score  bias  from    to  from    to  from    to  acc description of target
#                              ------------------- ---------- ----- -------------------- ---------- ----- --------- ------ ----- --- --- --------- --------- ------ ----- ----- ----- ----- ----- ----- ----- ---- ---------------------
894at766_1605993_0:0000d3|OZ308468.1:390010-390730 -            240 894                  -            237    3e-108  351.6  28.8   1   1  3.6e-108  3.6e-108  351.4  28.8     1   234     1   234     1   237 0.99 -
894at766_246273_0:000143|OZ308468.1:390010-390730  -            240 894                  -            237    3e-108  351.6  28.8   1   1  3.6e-108  3.6e-108  351.4  28.8     1   234     1   234     1   237 0.99 -
894at766_955_0:0000c7|OZ308468.1:390010-390730     -            240 894                  -            237    3e-108  351.6  28.8   1   1  3.6e-108  3.6e-108  351.4  28.8     1   234     1   234     1   237 0.99 -
894at766_96496_0:00020a|OZ308468.1:390010-390730   -            240 894                  -            237    3e-108  351.6  28.8   1   1  3.6e-108  3.6e-108  351.4  28.8     1   234     1   234     1   237 0.99 -
894at766_169402_0:000511|OZ308468.1:390019-390730  -            238 894                  -            237  3.1e-108  351.6  28.8   1   1  3.5e-108  3.5e-108  351.4  28.8     1   234     1   234     1   237 0.99 -
894at766_336407_0:000418|OZ308468.1:390010-390733  -            241 894                  -            237  3.1e-108  351.6  28.8   1   1  3.6e-108  3.6e-108  351.4  28.8     1   234     2   235     2   238 0.99 -
894at766_1286528_0:0000de|OZ308468.1:390031-390730 -            234 894                  -            237  4.4e-108  351.1  28.5   1   1  4.8e-108  4.8e-108  351.0  28.5     1   234     1   234     1   234 0.99 -
894at766_1714371_0:000031|OZ308468.1:390031-390730 -            234 894                  -            237  4.4e-108  351.1  28.5   1   1  4.8e-108  4.8e-108  351.0  28.5     1   234     1   234     1   234 0.99 -
894at766_222891_0:0001c9|OZ308468.1:390031-390730  -            234 894                  -            237  4.4e-108  351.1  28.5   1   1  4.8e-108  4.8e-108  351.0  28.5     1   234     1   234     1   234 0.99 -
894at766_434131_0:000083|OZ308468.1:390031-390730  -            234 894                  -            237  4.4e-108  351.1  28.5   1   1  4.8e-108  4.8e-108  351.0  28.5     1   234     1   234     1   234 0.99 -
894at766_1359163_0:00036f|OZ308468.1:390031-390721 -            231 894                  -            237  5.9e-107  347.4  27.1   1   1  6.6e-107  6.6e-107  347.3  27.1     4   234     1   231     1   231 0.99 -
894at766_1248439_0:0001d9|OZ308468.1:390031-390718 -            230 894                  -            237  8.4e-107  346.9  26.4   1   1  9.3e-107  9.3e-107  346.8  26.4     6   234     2   230     1   230 0.99 -
894at766_1392507_0:000309|OZ308468.1:390031-390718 -            230 894                  -            237  8.4e-107  346.9  26.4   1   1  9.3e-107  9.3e-107  346.8  26.4     6   234     2   230     1   230 0.99 -
894at766_574556_0:0002f3|OZ308468.1:390031-390718  -            230 894                  -            237  8.4e-107  346.9  26.4   1   1  9.3e-107  9.3e-107  346.8  26.4     6   234     2   230     1   230 0.99 -
894at766_1242993_0:000231|OZ308468.1:390034-390721 -            230 894                  -            237  1.4e-106  346.2  27.2   1   1  1.6e-106  1.6e-106  346.0  27.2     4   233     1   230     1   230 0.99 -
894at766_1423892_0:00021b|OZ308468.1:390034-390721 -            230 894                  -            237  1.4e-106  346.2  27.2   1   1  1.6e-106  1.6e-106  346.0  27.2     4   233     1   230     1   230 0.99 -
894at766_205920_0:000222|OZ308468.1:390034-390721  -            230 894                  -            237  1.4e-106  346.2  27.2   1   1  1.6e-106  1.6e-106  346.0  27.2     4   233     1   230     1   230 0.99 -
894at766_391036_0:0000ec|OZ308468.1:390034-390721  -            230 894                  -            237  1.4e-106  346.2  27.2   1   1  1.6e-106  1.6e-106  346.0  27.2     4   233     1   230     1   230 0.99 -
894at766_779_0:00010c|OZ308468.1:390034-390721     -            230 894                  -            237  1.4e-106  346.2  27.2   1   1  1.6e-106  1.6e-106  346.0  27.2     4   233     1   230     1   230 0.99 -
894at766_272947_0:00018b|OZ308468.1:390010-390697  -            229 894                  -            237  7.7e-105  340.5  29.6   1   1    9e-105    9e-105  340.3  29.6    13   234     2   223     1   226 0.99 -
894at766_481009_0:00021a|OZ308468.1:390010-390697  -            229 894                  -            237  7.7e-105  340.5  29.6   1   1    9e-105    9e-105  340.3  29.6    13   234     2   223     1   226 0.99 -
894at766_2602574_0:000417|OZ308468.1:390016-390682 -            223 894                  -            237  1.5e-103  336.2  29.8   1   1  1.8e-103  1.8e-103  336.0  29.8    17   234     1   218     1   221 0.99 -
894at766_1105107_0:000160|OZ308468.1:390010-390682 -            224 894                  -            237  1.6e-103  336.2  29.8   1   1  1.8e-103  1.8e-103  336.0  29.8    17   234     1   218     1   221 0.99 -
894at766_1961830_0:000175|OZ308468.1:390037-390682 -            216 894                  -            237  1.2e-102  333.3  29.4   1   1  1.3e-102  1.3e-102  333.2  29.4    17   232     1   216     1   216 0.99 -
894at766_752179_0:000116|OZ308468.1:390037-390682  -            216 894                  -            237  1.2e-102  333.3  29.4   1   1  1.3e-102  1.3e-102  333.2  29.4    17   232     1   216     1   216 0.99 -
#
# Program:         hmmsearch
# Version:         3.4 (Aug 2023)
# Pipeline mode:   SEARCH
# Query file:      /Users/rossoaa/Desktop/dummy/genomes/records/compleasm/mb_downloads/rickettsiales_odb12/hmms/894at766.hmm
# Target file:     -
# Option settings: /Users/rossoaa/miniconda3/envs/compleasm_env/bin/hmmsearch --domtblout /Users/rossoaa/Desktop/dummy/genomes/records/compleasm/rickettsiales_odb12/hmmer_output/894at766.out --cpu 1 /Users/rossoaa/Desktop/dummy/genomes/records/compleasm/mb_downloads/rickettsiales_odb12/hmms/894at766.hmm - 
# Current dir:     /Users/rossoaa/Desktop/dummy/genomes/records/compleasm
# Date:            Tue Feb 10 10:20:23 2026
# [ok]
