#                                                                                                          --- full sequence --- -------------- this domain -------------   hmm coord   ali coord   env coord
# target name                                      accession   tlen query name           accession   qlen   E-value  score  bias   #  of  c-Evalue  i-Evalue  score  bias  from    to  from    to  from    to  acc description of target
#                              ------------------- ---------- ----- -------------------- ---------- ----- --------- ------ ----- --- --- --------- --------- ------ ----- ----- ----- ----- ----- ----- ----- ---- ---------------------
907at766_1105107_0:00024f|OZ308468.1:197525-199856 -            778 907                  -            764         0 1126.0   7.5   1   1         0         0 1125.8   7.5     1   763     1   776     1   777 0.96 -
907at766_1528098_0:00021e|OZ308468.1:197525-199856 -            778 907                  -            764         0 1126.0   7.5   1   1         0         0 1125.8   7.5     1   763     1   776     1   777 0.96 -
907at766_1961830_0:0002c0|OZ308468.1:197525-199856 -            778 907                  -            764         0 1126.0   7.5   1   1         0         0 1125.8   7.5     1   763     1   776     1   777 0.96 -
907at766_2115978_0:000198|OZ308468.1:197525-199856 -            778 907                  -            764         0 1126.0   7.5   1   1         0         0 1125.8   7.5     1   763     1   776     1   777 0.96 -
907at766_2486578_0:000293|OZ308468.1:197525-199856 -            778 907                  -            764         0 1126.0   7.5   1   1         0         0 1125.8   7.5     1   763     1   776     1   777 0.96 -
907at766_272947_0:0001da|OZ308468.1:197525-199856  -            778 907                  -            764         0 1126.0   7.5   1   1         0         0 1125.8   7.5     1   763     1   776     1   777 0.96 -
907at766_481009_0:000259|OZ308468.1:197525-199856  -            778 907                  -            764         0 1126.0   7.5   1   1         0         0 1125.8   7.5     1   763     1   776     1   777 0.96 -
907at766_1392507_0:000268|OZ308468.1:197525-199853 -            777 907                  -            764         0 1126.0   7.5   1   1         0         0 1125.8   7.5     1   763     1   776     1   777 0.96 -
907at766_2486577_0:000014|OZ308468.1:197525-199853 -            777 907                  -            764         0 1126.0   7.5   1   1         0         0 1125.8   7.5     1   763     1   776     1   777 0.96 -
907at766_86105_0:00007c|OZ308468.1:197525-199853   -            777 907                  -            764         0 1126.0   7.5   1   1         0         0 1125.8   7.5     1   763     1   776     1   777 0.96 -
907at766_1242993_0:0002a4|OZ308468.1:197525-199859 -            779 907                  -            764         0 1125.9   7.5   1   1         0         0 1125.8   7.5     1   763     1   776     1   777 0.96 -
907at766_1248439_0:000224|OZ308468.1:197525-199859 -            779 907                  -            764         0 1125.9   7.5   1   1         0         0 1125.8   7.5     1   763     1   776     1   777 0.96 -
907at766_1286528_0:00000c|OZ308468.1:197525-199862 -            779 907                  -            764         0 1125.9   7.5   1   1         0         0 1125.8   7.5     1   763     1   776     1   777 0.96 -
907at766_1359163_0:0001bc|OZ308468.1:197525-199862 -            779 907                  -            764         0 1125.9   7.5   1   1         0         0 1125.8   7.5     1   763     1   776     1   777 0.96 -
907at766_1359168_0:00000a|OZ308468.1:197525-199859 -            779 907                  -            764         0 1125.9   7.5   1   1         0         0 1125.8   7.5     1   763     1   776     1   777 0.96 -
907at766_142058_0:0000f4|OZ308468.1:197525-199859  -            779 907                  -            764         0 1125.9   7.5   1   1         0         0 1125.8   7.5     1   763     1   776     1   777 0.96 -
907at766_1423892_0:00028f|OZ308468.1:197525-199859 -            779 907                  -            764         0 1125.9   7.5   1   1         0         0 1125.8   7.5     1   763     1   776     1   777 0.96 -
907at766_1605993_0:00031b|OZ308468.1:197525-199862 -            779 907                  -            764         0 1125.9   7.5   1   1         0         0 1125.8   7.5     1   763     1   776     1   777 0.96 -
907at766_169402_0:000009|OZ308468.1:197525-199859  -            779 907                  -            764         0 1125.9   7.5   1   1         0         0 1125.8   7.5     1   763     1   776     1   777 0.96 -
907at766_205920_0:0000a4|OZ308468.1:197525-199859  -            779 907                  -            764         0 1125.9   7.5   1   1         0         0 1125.8   7.5     1   763     1   776     1   777 0.96 -
907at766_246273_0:000120|OZ308468.1:197525-199859  -            779 907                  -            764         0 1125.9   7.5   1   1         0         0 1125.8   7.5     1   763     1   776     1   777 0.96 -
907at766_2602574_0:00046c|OZ308468.1:197525-199859 -            779 907                  -            764         0 1125.9   7.5   1   1         0         0 1125.8   7.5     1   763     1   776     1   777 0.96 -
907at766_334380_0:0002b4|OZ308468.1:197525-199859  -            779 907                  -            764         0 1125.9   7.5   1   1         0         0 1125.8   7.5     1   763     1   776     1   777 0.96 -
907at766_391036_0:0001fd|OZ308468.1:197525-199859  -            779 907                  -            764         0 1125.9   7.5   1   1         0         0 1125.8   7.5     1   763     1   776     1   777 0.96 -
907at766_574556_0:00022e|OZ308468.1:197525-199859  -            779 907                  -            764         0 1125.9   7.5   1   1         0         0 1125.8   7.5     1   763     1   776     1   777 0.96 -
907at766_779_0:000009|OZ308468.1:197525-199859     -            779 907                  -            764         0 1125.9   7.5   1   1         0         0 1125.8   7.5     1   763     1   776     1   777 0.96 -
907at766_955_0:000339|OZ308468.1:197525-199859     -            779 907                  -            764         0 1125.9   7.5   1   1         0         0 1125.8   7.5     1   763     1   776     1   777 0.96 -
907at766_96496_0:000308|OZ308468.1:197525-199859   -            779 907                  -            764         0 1125.9   7.5   1   1         0         0 1125.8   7.5     1   763     1   776     1   777 0.96 -
#
# Program:         hmmsearch
# Version:         3.4 (Aug 2023)
# Pipeline mode:   SEARCH
# Query file:      /Users/rossoaa/Desktop/dummy/genomes/records/compleasm/mb_downloads/rickettsiales_odb12/hmms/907at766.hmm
# Target file:     -
# Option settings: /Users/rossoaa/miniconda3/envs/compleasm_env/bin/hmmsearch --domtblout /Users/rossoaa/Desktop/dummy/genomes/records/compleasm/rickettsiales_odb12/hmmer_output/907at766.out --cpu 1 /Users/rossoaa/Desktop/dummy/genomes/records/compleasm/mb_downloads/rickettsiales_odb12/hmms/907at766.hmm - 
# Current dir:     /Users/rossoaa/Desktop/dummy/genomes/records/compleasm
# Date:            Tue Feb 10 10:20:22 2026
# [ok]
