#                                                                                                            --- full sequence --- -------------- this domain -------------   hmm coord   ali coord   env coord
# target name                                        accession   tlen query name           accession   qlen   E-value  score  bias   #  of  c-Evalue  i-Evalue  score  bias  from    to  from    to  from    to  acc description of target
#                                ------------------- ---------- ----- -------------------- ---------- ----- --------- ------ ----- --- --- --------- --------- ------ ----- ----- ----- ----- ----- ----- ----- ---- ---------------------
908at766_1105107_0:000241|OZ308468.1:16623-18642     -            673 908                  -            642  8.4e-281  924.0   2.4   1   1  9.7e-281  9.7e-281  923.8   2.4     3   639     6   666     4   669 0.94 -
908at766_336407_0:000028|OZ308468.1:16623-18642      -            673 908                  -            642  8.4e-281  924.0   2.4   1   1  9.7e-281  9.7e-281  923.8   2.4     3   639     6   666     4   669 0.94 -
908at766_1528098_0:000465|OZ308468.1:16605-18642     -            679 908                  -            642  8.7e-281  923.9   2.4   1   1    1e-280    1e-280  923.7   2.4     3   639    12   672    10   675 0.94 -
908at766_1605993_0:000135|OZ308468.1:16605-18642     -            679 908                  -            642  8.7e-281  923.9   2.4   1   1    1e-280    1e-280  923.7   2.4     3   639    12   672    10   675 0.94 -
908at766_246273_0:000071|OZ308468.1:16605-18642      -            679 908                  -            642  8.7e-281  923.9   2.4   1   1    1e-280    1e-280  923.7   2.4     3   639    12   672    10   675 0.94 -
908at766_96496_0:0002f1|OZ308468.1:16605-18642       -            679 908                  -            642  8.7e-281  923.9   2.4   1   1    1e-280    1e-280  923.7   2.4     3   639    12   672    10   675 0.94 -
908at766_169402_0:000392|OZ308468.1:16605-18618      -            672 908                  -            642  1.4e-280  923.2   2.3   1   1  1.6e-280  1.6e-280  923.0   2.3     3   638    12   671    10   672 0.95 -
908at766_2486577_0:000201|OZ308468.1:16596-18618     -            675 908                  -            642  1.4e-280  923.2   2.3   1   1  1.7e-280  1.7e-280  923.0   2.3     3   638    15   674    13   675 0.95 -
908at766_1359163_0:000108|OZ308468.1:16647-18633     -            663 908                  -            642  3.3e-280  922.0   2.3   1   1  3.7e-280  3.7e-280  921.9   2.3     7   639     2   658     1   661 0.95 -
908at766_205920_0:000287|OZ308468.1:16596-18612      -            673 908                  -            642  3.5e-280  921.9   2.4   1   1    4e-280    4e-280  921.8   2.4     3   636    15   672    13   673 0.95 -
908at766_86105_0:000113|OZ308468.1:16650-18642       -            664 908                  -            642  5.7e-280  921.2   2.3   1   1  6.5e-280  6.5e-280  921.0   2.3     8   639     2   657     1   660 0.94 -
908at766_434131_0:00021e|OZ308468.1:16632-18606      -            659 908                  -            642  1.6e-279  919.7   2.6   1   1  1.8e-279  1.8e-279  919.6   2.6     3   635     3   659     1   659 0.95 -
908at766_696127_0:000386|OZ308468.1:16620-18606      -            663 908                  -            642  1.6e-279  919.7   2.6   1   1  1.9e-279  1.9e-279  919.5   2.6     3   635     7   663     5   663 0.95 -
908at766_142058_0:0002bb|OZ308468.1:16659-18630      -            658 908                  -            642    2e-279  919.4   1.9   1   1  2.2e-279  2.2e-279  919.3   1.9    11   639     2   654     1   657 0.94 -
908at766_955_0:00030c|OZ308468.1:16662-18630         -            657 908                  -            642  3.4e-279  918.7   1.8   1   1  3.8e-279  3.8e-279  918.5   1.8    13   639     3   653     1   656 0.94 -
908at766_246273_0:000071|OZ308468.1:1415733-1417775  -            679 908                  -            642  4.3e-279  918.4   2.7   1   1  4.9e-279  4.9e-279  918.1   2.7     3   639    12   672    10   675 0.94 -
908at766_96496_0:0002f1|OZ308468.1:1415733-1417775   -            679 908                  -            642  4.3e-279  918.4   2.7   1   1  4.9e-279  4.9e-279  918.1   2.7     3   639    12   672    10   675 0.94 -
908at766_1605993_0:000135|OZ308468.1:1415733-1417775 -            679 908                  -            642  4.9e-279  918.1   2.5   1   1  5.7e-279  5.7e-279  917.9   2.5     3   639    12   672    10   675 0.94 -
908at766_169402_0:000392|OZ308468.1:1415733-1417751  -            672 908                  -            642  6.9e-279  917.6   2.6   1   1  7.9e-279  7.9e-279  917.5   2.6     3   638    12   671    10   672 0.95 -
908at766_1248439_0:000117|OZ308468.1:16683-18630     -            650 908                  -            642  1.7e-278  916.3   2.0   1   1  1.9e-278  1.9e-278  916.2   2.0    23   639     7   646     1   649 0.94 -
908at766_481009_0:00008b|OZ308468.1:16623-18597      -            659 908                  -            642  1.8e-278  916.2   2.2   1   1  2.1e-278  2.1e-278  916.1   2.2     3   628     6   653     4   659 0.94 -
908at766_779_0:0000d3|OZ308468.1:16683-18624         -            648 908                  -            642  2.2e-278  916.0   2.1   1   1  2.5e-278  2.5e-278  915.8   2.1    23   638     7   645     1   648 0.94 -
908at766_1242993_0:000207|OZ308468.1:16596-18576     -            661 908                  -            642  5.5e-278  914.7   2.3   1   1  6.9e-278  6.9e-278  914.3   2.3     3   623    15   657    13   660 0.95 -
908at766_1286528_0:0001e2|OZ308468.1:16683-18606     -            642 908                  -            642  3.3e-277  912.1   2.2   1   1  3.7e-277  3.7e-277  911.9   2.2    23   635     7   642     1   642 0.94 -
908at766_1714371_0:0002d8|OZ308468.1:16683-18606     -            642 908                  -            642  3.3e-277  912.1   2.2   1   1  3.7e-277  3.7e-277  911.9   2.2    23   635     7   642     1   642 0.94 -
908at766_222891_0:0000eb|OZ308468.1:16683-18606      -            642 908                  -            642  3.3e-277  912.1   2.2   1   1  3.7e-277  3.7e-277  911.9   2.2    23   635     7   642     1   642 0.94 -
908at766_1961830_0:0002de|OZ308468.1:16692-18603     -            638 908                  -            642  1.4e-276  910.0   2.4   1   1  1.6e-276  1.6e-276  909.8   2.4    23   634     4   638     1   638 0.95 -
908at766_1423892_0:0001d6|OZ308468.1:16683-18567     -            629 908                  -            642  1.4e-275  906.7   1.7   1   1  1.6e-275  1.6e-275  906.6   1.7    23   623     7   628     1   629 0.95 -
908at766_391036_0:00003b|OZ308468.1:16683-18567      -            629 908                  -            642  1.4e-275  906.7   1.7   1   1  1.6e-275  1.6e-275  906.6   1.7    23   623     7   628     1   629 0.95 -
908at766_272947_0:0001d9|OZ308468.1:16692-18579      -            630 908                  -            642  1.7e-275  906.4   2.2   1   1  1.9e-275  1.9e-275  906.3   2.2    23   624     4   626     1   630 0.95 -
908at766_752179_0:000083|OZ308468.1:16713-18567      -            619 908                  -            642  1.5e-273  900.1   2.7   1   1  1.6e-273  1.6e-273  899.9   2.7    27   623     1   618     1   619 0.95 -
908at766_1392507_0:0002b5|OZ308468.1:16653-18519     -            623 908                  -            642    2e-272  896.3   2.4   1   1  2.2e-272  2.2e-272  896.2   2.4     9   608     2   623     1   623 0.95 -
908at766_2115978_0:00038e|OZ308468.1:16713-18543     -            611 908                  -            642  8.1e-272  894.3   3.3   1   1    9e-272    9e-272  894.1   3.3    27   616     1   611     1   611 0.95 -
908at766_2602574_0:000074|OZ308468.1:16848-18609     -            588 908                  -            642  6.4e-265  871.5   4.8   1   1  7.2e-265  7.2e-265  871.3   4.8    68   636     1   588     1   588 0.95 -
908at766_2486578_0:000530|OZ308468.1:16863-18606     -            582 908                  -            642  1.1e-262  864.1   5.1   1   1  1.2e-262  1.2e-262  864.0   5.1    74   635     2   582     1   582 0.95 -
908at766_1274402_0:00032d|OZ308468.1:17055-18504     -            484 908                  -            642  2.9e-239  786.7   4.3   1   1  3.3e-239  3.3e-239  786.6   4.3   128   603     1   484     1   484 0.97 -
#
# Program:         hmmsearch
# Version:         3.4 (Aug 2023)
# Pipeline mode:   SEARCH
# Query file:      /Users/rossoaa/Desktop/dummy/genomes/records/compleasm/mb_downloads/rickettsiales_odb12/hmms/908at766.hmm
# Target file:     -
# Option settings: /Users/rossoaa/miniconda3/envs/compleasm_env/bin/hmmsearch --domtblout /Users/rossoaa/Desktop/dummy/genomes/records/compleasm/rickettsiales_odb12/hmmer_output/908at766.out --cpu 1 /Users/rossoaa/Desktop/dummy/genomes/records/compleasm/mb_downloads/rickettsiales_odb12/hmms/908at766.hmm - 
# Current dir:     /Users/rossoaa/Desktop/dummy/genomes/records/compleasm
# Date:            Tue Feb 10 10:20:23 2026
# [ok]
