#                                                                                                          --- full sequence --- -------------- this domain -------------   hmm coord   ali coord   env coord
# target name                                      accession   tlen query name           accession   qlen   E-value  score  bias   #  of  c-Evalue  i-Evalue  score  bias  from    to  from    to  from    to  acc description of target
#                              ------------------- ---------- ----- -------------------- ---------- ----- --------- ------ ----- --- --- --------- --------- ------ ----- ----- ----- ----- ----- ----- ----- ---- ---------------------
912at766_752179_0:0002fa|OZ308468.1:975367-975943  -            193 912                  -            194   2.6e-94  304.4   0.0   1   1   2.9e-94   2.9e-94  304.2   0.0     3   191     3   192     1   193 0.97 -
912at766_142058_0:00024a|OZ308468.1:975367-975946  -            194 912                  -            194   2.7e-94  304.3   0.0   1   1   2.9e-94   2.9e-94  304.2   0.0     3   191     4   193     2   194 0.97 -
912at766_1423892_0:000213|OZ308468.1:975367-975946 -            194 912                  -            194   2.7e-94  304.3   0.0   1   1   2.9e-94   2.9e-94  304.2   0.0     3   191     4   193     2   194 0.97 -
912at766_205920_0:000355|OZ308468.1:975367-975946  -            194 912                  -            194   2.7e-94  304.3   0.0   1   1   2.9e-94   2.9e-94  304.2   0.0     3   191     4   193     2   194 0.97 -
912at766_391036_0:000173|OZ308468.1:975367-975946  -            194 912                  -            194   2.7e-94  304.3   0.0   1   1   2.9e-94   2.9e-94  304.2   0.0     3   191     4   193     2   194 0.97 -
912at766_779_0:00001c|OZ308468.1:975367-975946     -            194 912                  -            194   2.7e-94  304.3   0.0   1   1   2.9e-94   2.9e-94  304.2   0.0     3   191     4   193     2   194 0.97 -
912at766_169402_0:00041b|OZ308468.1:975367-975952  -            196 912                  -            194   2.7e-94  304.3   0.0   1   1   3.1e-94   3.1e-94  304.1   0.0     3   191     6   195     4   196 0.97 -
912at766_246273_0:00032b|OZ308468.1:975367-975952  -            196 912                  -            194   2.7e-94  304.3   0.0   1   1   3.1e-94   3.1e-94  304.1   0.0     3   191     6   195     4   196 0.97 -
912at766_955_0:00008a|OZ308468.1:975367-975952     -            196 912                  -            194   2.7e-94  304.3   0.0   1   1   3.1e-94   3.1e-94  304.1   0.0     3   191     6   195     4   196 0.97 -
912at766_96496_0:00030e|OZ308468.1:975367-975952   -            196 912                  -            194   2.7e-94  304.3   0.0   1   1   3.1e-94   3.1e-94  304.1   0.0     3   191     6   195     4   196 0.97 -
912at766_1528098_0:000257|OZ308468.1:975367-975940 -            192 912                  -            194   3.3e-94  304.0   0.0   1   1   3.6e-94   3.6e-94  303.9   0.0     3   191     2   191     1   192 0.98 -
912at766_1605993_0:000052|OZ308468.1:975370-975952 -            195 912                  -            194   3.5e-94  304.0   0.0   1   1   3.9e-94   3.9e-94  303.8   0.0     3   190     6   194     4   195 0.98 -
912at766_1248439_0:00032f|OZ308468.1:975367-975937 -            191 912                  -            194   4.5e-94  303.6   0.0   1   1   4.9e-94   4.9e-94  303.5   0.0     4   191     2   190     1   191 0.98 -
912at766_1359163_0:000303|OZ308468.1:975367-975937 -            191 912                  -            194   4.5e-94  303.6   0.0   1   1   4.9e-94   4.9e-94  303.5   0.0     4   191     2   190     1   191 0.98 -
912at766_1392507_0:000139|OZ308468.1:975367-975937 -            191 912                  -            194   4.5e-94  303.6   0.0   1   1   4.9e-94   4.9e-94  303.5   0.0     4   191     2   190     1   191 0.98 -
912at766_574556_0:000030|OZ308468.1:975367-975937  -            191 912                  -            194   4.5e-94  303.6   0.0   1   1   4.9e-94   4.9e-94  303.5   0.0     4   191     2   190     1   191 0.98 -
912at766_1242993_0:0002f9|OZ308468.1:975367-975934 -            190 912                  -            194   6.9e-94  303.0   0.0   1   1   7.6e-94   7.6e-94  302.9   0.0     5   191     2   189     1   190 0.98 -
912at766_334380_0:000171|OZ308468.1:975385-975943  -            187 912                  -            194   1.6e-92  298.5   0.1   1   1   1.8e-92   1.8e-92  298.4   0.1     3   186     3   187     1   187 0.98 -
912at766_1359168_0:00017c|OZ308468.1:975385-975934 -            184 912                  -            194   4.2e-92  297.2   0.1   1   1   4.7e-92   4.7e-92  297.0   0.1     5   186     2   184     1   184 0.98 -
912at766_2486577_0:0001fd|OZ308468.1:975382-975928 -            183 912                  -            194   1.2e-91  295.7   0.1   1   1   1.3e-91   1.3e-91  295.5   0.1     6   187     1   183     1   183 0.98 -
912at766_481009_0:0001d0|OZ308468.1:975397-975928  -            178 912                  -            194   1.8e-89  288.6   0.1   1   1     2e-89     2e-89  288.4   0.1     6   182     1   178     1   178 0.98 -
#
# Program:         hmmsearch
# Version:         3.4 (Aug 2023)
# Pipeline mode:   SEARCH
# Query file:      /Users/rossoaa/Desktop/dummy/genomes/records/compleasm/mb_downloads/rickettsiales_odb12/hmms/912at766.hmm
# Target file:     -
# Option settings: /Users/rossoaa/miniconda3/envs/compleasm_env/bin/hmmsearch --domtblout /Users/rossoaa/Desktop/dummy/genomes/records/compleasm/rickettsiales_odb12/hmmer_output/912at766.out --cpu 1 /Users/rossoaa/Desktop/dummy/genomes/records/compleasm/mb_downloads/rickettsiales_odb12/hmms/912at766.hmm - 
# Current dir:     /Users/rossoaa/Desktop/dummy/genomes/records/compleasm
# Date:            Tue Feb 10 10:20:24 2026
# [ok]
