#                                                                                                          --- full sequence --- -------------- this domain -------------   hmm coord   ali coord   env coord
# target name                                      accession   tlen query name           accession   qlen   E-value  score  bias   #  of  c-Evalue  i-Evalue  score  bias  from    to  from    to  from    to  acc description of target
#                              ------------------- ---------- ----- -------------------- ---------- ----- --------- ------ ----- --- --- --------- --------- ------ ----- ----- ----- ----- ----- ----- ----- ---- ---------------------
926at766_1242993_0:00006c|OZ308468.1:364111-365932 -            608 926                  -            599         0 1080.6   5.4   1   1         0         0 1080.3   5.4     1   596     1   602     1   605 0.98 -
926at766_1359163_0:000248|OZ308468.1:364111-365932 -            608 926                  -            599         0 1080.6   5.4   1   1         0         0 1080.3   5.4     1   596     1   602     1   605 0.98 -
926at766_1423892_0:000210|OZ308468.1:364111-365932 -            608 926                  -            599         0 1080.6   5.4   1   1         0         0 1080.3   5.4     1   596     1   602     1   605 0.98 -
926at766_205920_0:00025d|OZ308468.1:364111-365932  -            608 926                  -            599         0 1080.6   5.4   1   1         0         0 1080.3   5.4     1   596     1   602     1   605 0.98 -
926at766_2115978_0:000482|OZ308468.1:364111-365932 -            608 926                  -            599         0 1080.6   5.4   1   1         0         0 1080.3   5.4     1   596     1   602     1   605 0.98 -
926at766_391036_0:000107|OZ308468.1:364111-365932  -            608 926                  -            599         0 1080.6   5.4   1   1         0         0 1080.3   5.4     1   596     1   602     1   605 0.98 -
926at766_779_0:000382|OZ308468.1:364114-365932     -            607 926                  -            599         0 1080.6   5.4   1   1         0         0 1080.3   5.4     1   596     1   602     1   605 0.98 -
926at766_1105107_0:0001de|OZ308468.1:364108-365932 -            609 926                  -            599         0 1080.6   5.4   1   1         0         0 1080.3   5.4     1   596     1   602     1   605 0.98 -
926at766_1274402_0:000369|OZ308468.1:364105-365932 -            609 926                  -            599         0 1080.6   5.4   1   1         0         0 1080.3   5.4     1   596     1   602     1   605 0.98 -
926at766_1286528_0:00026f|OZ308468.1:364105-365932 -            609 926                  -            599         0 1080.6   5.4   1   1         0         0 1080.3   5.4     1   596     1   602     1   605 0.98 -
926at766_1359168_0:0000ac|OZ308468.1:364108-365932 -            609 926                  -            599         0 1080.6   5.4   1   1         0         0 1080.3   5.4     1   596     1   602     1   605 0.98 -
926at766_1528098_0:0004af|OZ308468.1:364105-365932 -            609 926                  -            599         0 1080.6   5.4   1   1         0         0 1080.3   5.4     1   596     1   602     1   605 0.98 -
926at766_1605993_0:0002fc|OZ308468.1:364105-365932 -            609 926                  -            599         0 1080.6   5.4   1   1         0         0 1080.3   5.4     1   596     1   602     1   605 0.98 -
926at766_169402_0:000555|OZ308468.1:364105-365932  -            609 926                  -            599         0 1080.6   5.4   1   1         0         0 1080.3   5.4     1   596     1   602     1   605 0.98 -
926at766_1714371_0:0001e8|OZ308468.1:364105-365932 -            609 926                  -            599         0 1080.6   5.4   1   1         0         0 1080.3   5.4     1   596     1   602     1   605 0.98 -
926at766_1961830_0:0002d7|OZ308468.1:364108-365932 -            609 926                  -            599         0 1080.6   5.4   1   1         0         0 1080.3   5.4     1   596     1   602     1   605 0.98 -
926at766_222891_0:0001a3|OZ308468.1:364105-365932  -            609 926                  -            599         0 1080.6   5.4   1   1         0         0 1080.3   5.4     1   596     1   602     1   605 0.98 -
926at766_246273_0:0000be|OZ308468.1:364105-365932  -            609 926                  -            599         0 1080.6   5.4   1   1         0         0 1080.3   5.4     1   596     1   602     1   605 0.98 -
926at766_481009_0:000472|OZ308468.1:364108-365932  -            609 926                  -            599         0 1080.6   5.4   1   1         0         0 1080.3   5.4     1   596     1   602     1   605 0.98 -
926at766_696127_0:00036b|OZ308468.1:364105-365932  -            609 926                  -            599         0 1080.6   5.4   1   1         0         0 1080.3   5.4     1   596     1   602     1   605 0.98 -
926at766_752179_0:000247|OZ308468.1:364105-365932  -            609 926                  -            599         0 1080.6   5.4   1   1         0         0 1080.3   5.4     1   596     1   602     1   605 0.98 -
926at766_955_0:000019|OZ308468.1:364108-365932     -            609 926                  -            599         0 1080.6   5.4   1   1         0         0 1080.3   5.4     1   596     1   602     1   605 0.98 -
926at766_96496_0:0001b2|OZ308468.1:364105-365932   -            609 926                  -            599         0 1080.6   5.4   1   1         0         0 1080.3   5.4     1   596     1   602     1   605 0.98 -
926at766_2486578_0:000099|OZ308468.1:364126-365932 -            603 926                  -            599         0 1080.3   5.2   1   1         0         0 1080.1   5.2     1   595     1   601     1   603 0.98 -
926at766_272947_0:0001ee|OZ308468.1:364129-365932  -            602 926                  -            599         0 1079.9   5.2   1   1         0         0 1079.7   5.2     1   594     1   600     1   602 0.98 -
926at766_1248439_0:000373|OZ308468.1:364111-365929 -            607 926                  -            599         0 1079.1   5.2   1   1         0         0 1078.8   5.2     2   596     1   601     1   604 0.98 -
926at766_1392507_0:000267|OZ308468.1:364111-365929 -            607 926                  -            599         0 1079.1   5.2   1   1         0         0 1078.8   5.2     2   596     1   601     1   604 0.98 -
926at766_574556_0:0002af|OZ308468.1:364111-365929  -            607 926                  -            599         0 1079.1   5.2   1   1         0         0 1078.8   5.2     2   596     1   601     1   604 0.98 -
926at766_336407_0:0001cc|OZ308468.1:364141-365932  -            598 926                  -            599         0 1077.8   5.1   1   1         0         0 1077.6   5.1     1   591     1   597     1   598 0.98 -
926at766_2602574_0:0004a2|OZ308468.1:364126-365923 -            600 926                  -            599         0 1077.1   4.7   1   1         0         0 1076.9   4.7     5   595     2   598     1   600 0.98 -
926at766_1802984_0:000105|OZ308468.1:364135-365917 -            595 926                  -            599         0 1074.5   4.7   1   1         0         0 1074.4   4.7     6   593     1   594     1   595 0.98 -
926at766_2486577_0:0000c2|OZ308468.1:364108-365902 -            599 926                  -            599         0 1069.7   5.1   1   1         0         0 1069.4   5.1    11   596     1   592     1   595 0.98 -
926at766_334380_0:000334|OZ308468.1:364177-365932  -            586 926                  -            599         0 1065.1   4.2   1   1         0         0 1065.0   4.2     1   580     1   586     1   586 0.98 -
926at766_86105_0:00015b|OZ308468.1:364138-365890   -            585 926                  -            599  8.4e-322 1059.3   5.4   1   1  8.4e-322  8.4e-322 1059.2   5.4    15   592     1   584     1   585 0.98 -
#
# Program:         hmmsearch
# Version:         3.4 (Aug 2023)
# Pipeline mode:   SEARCH
# Query file:      /Users/rossoaa/Desktop/dummy/genomes/records/compleasm/mb_downloads/rickettsiales_odb12/hmms/926at766.hmm
# Target file:     -
# Option settings: /Users/rossoaa/miniconda3/envs/compleasm_env/bin/hmmsearch --domtblout /Users/rossoaa/Desktop/dummy/genomes/records/compleasm/rickettsiales_odb12/hmmer_output/926at766.out --cpu 1 /Users/rossoaa/Desktop/dummy/genomes/records/compleasm/mb_downloads/rickettsiales_odb12/hmms/926at766.hmm - 
# Current dir:     /Users/rossoaa/Desktop/dummy/genomes/records/compleasm
# Date:            Tue Feb 10 10:20:24 2026
# [ok]
