#                                                                                                          --- full sequence --- -------------- this domain -------------   hmm coord   ali coord   env coord
# target name                                      accession   tlen query name           accession   qlen   E-value  score  bias   #  of  c-Evalue  i-Evalue  score  bias  from    to  from    to  from    to  acc description of target
#                              ------------------- ---------- ----- -------------------- ---------- ----- --------- ------ ----- --- --- --------- --------- ------ ----- ----- ----- ----- ----- ----- ----- ---- ---------------------
950at766_1242993_0:0000a3|OZ308468.1:442030-443941 -            637 950                  -            639  2.2e-318 1047.9  17.7   1   1  2.5e-318  2.5e-318 1047.7  17.7     2   636     2   635     1   637 0.99 -
950at766_1359163_0:000144|OZ308468.1:442030-443941 -            637 950                  -            639  2.2e-318 1047.9  17.7   1   1  2.5e-318  2.5e-318 1047.7  17.7     2   636     2   635     1   637 0.99 -
950at766_1423892_0:000355|OZ308468.1:442030-443941 -            637 950                  -            639  2.2e-318 1047.9  17.7   1   1  2.5e-318  2.5e-318 1047.7  17.7     2   636     2   635     1   637 0.99 -
950at766_1605993_0:0001c9|OZ308468.1:442030-443941 -            637 950                  -            639  2.2e-318 1047.9  17.7   1   1  2.5e-318  2.5e-318 1047.7  17.7     2   636     2   635     1   637 0.99 -
950at766_169402_0:000178|OZ308468.1:442030-443941  -            637 950                  -            639  2.2e-318 1047.9  17.7   1   1  2.5e-318  2.5e-318 1047.7  17.7     2   636     2   635     1   637 0.99 -
950at766_205920_0:000303|OZ308468.1:442030-443941  -            637 950                  -            639  2.2e-318 1047.9  17.7   1   1  2.5e-318  2.5e-318 1047.7  17.7     2   636     2   635     1   637 0.99 -
950at766_246273_0:000339|OZ308468.1:442030-443941  -            637 950                  -            639  2.2e-318 1047.9  17.7   1   1  2.5e-318  2.5e-318 1047.7  17.7     2   636     2   635     1   637 0.99 -
950at766_391036_0:000293|OZ308468.1:442030-443941  -            637 950                  -            639  2.2e-318 1047.9  17.7   1   1  2.5e-318  2.5e-318 1047.7  17.7     2   636     2   635     1   637 0.99 -
950at766_779_0:0002f9|OZ308468.1:442030-443938     -            637 950                  -            639  2.2e-318 1047.9  17.7   1   1  2.5e-318  2.5e-318 1047.7  17.7     2   636     2   635     1   637 0.99 -
950at766_96496_0:0002cf|OZ308468.1:442030-443941   -            637 950                  -            639  2.2e-318 1047.9  17.7   1   1  2.5e-318  2.5e-318 1047.7  17.7     2   636     2   635     1   637 0.99 -
950at766_1961830_0:000421|OZ308468.1:442024-443932 -            637 950                  -            639  4.7e-318 1046.8  18.0   1   1  5.3e-318  5.3e-318 1046.6  18.0     2   635     4   636     3   637 0.99 -
950at766_1392507_0:0001d1|OZ308468.1:442036-443941 -            635 950                  -            639  6.3e-318 1046.4  17.3   1   1    7e-318    7e-318 1046.2  17.3     3   636     1   633     1   635 0.99 -
950at766_1248439_0:0002b3|OZ308468.1:442027-443929 -            635 950                  -            639  6.7e-318 1046.3  18.0   1   1  7.5e-318  7.5e-318 1046.1  18.0     2   634     3   634     2   635 1.00 -
950at766_86105_0:00044e|OZ308468.1:442012-443929   -            640 950                  -            639  6.9e-318 1046.3  18.0   1   1  7.8e-318  7.8e-318 1046.1  18.0     2   634     8   639     7   640 1.00 -
950at766_2486578_0:000283|OZ308468.1:442030-443926 -            633 950                  -            639  1.1e-317 1045.6  18.1   1   1  1.2e-317  1.2e-317 1045.4  18.1     2   634     2   633     1   633 1.00 -
950at766_955_0:000200|OZ308468.1:442039-443941     -            634 950                  -            639  1.4e-317 1045.2  17.4   1   1  1.6e-317  1.6e-317 1045.0  17.4     4   636     1   632     1   634 0.99 -
950at766_2486577_0:0001c7|OZ308468.1:442036-443929 -            632 950                  -            639  1.9e-317 1044.8  17.7   1   1  2.1e-317  2.1e-317 1044.6  17.7     3   634     1   631     1   632 1.00 -
950at766_2602574_0:0001f3|OZ308468.1:442036-443929 -            632 950                  -            639  1.9e-317 1044.8  17.7   1   1  2.1e-317  2.1e-317 1044.6  17.7     3   634     1   631     1   632 1.00 -
950at766_1274402_0:00000c|OZ308468.1:442042-443938 -            633 950                  -            639  2.9e-317 1044.2  17.3   1   1  3.3e-317  3.3e-317 1044.0  17.3     6   636     2   631     1   633 0.99 -
950at766_142058_0:00017a|OZ308468.1:442039-443929  -            631 950                  -            639  4.4e-317 1043.6  17.8   1   1  4.9e-317  4.9e-317 1043.4  17.8     4   634     1   630     1   631 1.00 -
950at766_696127_0:000144|OZ308468.1:442039-443929  -            631 950                  -            639  4.4e-317 1043.6  17.8   1   1  4.9e-317  4.9e-317 1043.4  17.8     4   634     1   630     1   631 1.00 -
950at766_1528098_0:0004a7|OZ308468.1:442027-443917 -            631 950                  -            639  4.8e-317 1043.5  17.3   1   1  5.4e-317  5.4e-317 1043.3  17.3     2   630     3   630     2   631 1.00 -
950at766_1359168_0:000068|OZ308468.1:442030-443908 -            627 950                  -            639  2.2e-316 1041.3  17.0   1   1  2.5e-316  2.5e-316 1041.1  17.0     2   627     2   626     1   627 1.00 -
950at766_336407_0:000520|OZ308468.1:442024-443908  -            629 950                  -            639  2.2e-316 1041.3  17.0   1   1  2.5e-316  2.5e-316 1041.1  17.0     2   627     4   628     3   629 1.00 -
950at766_481009_0:000260|OZ308468.1:442024-443908  -            629 950                  -            639  2.2e-316 1041.3  17.0   1   1  2.5e-316  2.5e-316 1041.1  17.0     2   627     4   628     3   629 1.00 -
950at766_1105107_0:000073|OZ308468.1:442036-443908 -            625 950                  -            639  6.2e-316 1039.8  16.6   1   1    7e-316    7e-316 1039.6  16.6     3   627     1   624     1   625 1.00 -
950at766_272947_0:00013e|OZ308468.1:442036-443908  -            625 950                  -            639  6.2e-316 1039.8  16.6   1   1    7e-316    7e-316 1039.6  16.6     3   627     1   624     1   625 1.00 -
950at766_334380_0:000043|OZ308468.1:442030-443902  -            625 950                  -            639  6.4e-316 1039.7  16.6   1   1  7.2e-316  7.2e-316 1039.6  16.6     2   625     2   624     1   625 1.00 -
950at766_2115978_0:00039c|OZ308468.1:442042-443908 -            623 950                  -            639  2.9e-315 1037.6  16.5   1   1  3.2e-315  3.2e-315 1037.4  16.5     6   627     2   622     1   623 1.00 -
950at766_752179_0:00006a|OZ308468.1:442039-443902  -            622 950                  -            639  4.2e-315 1037.0  16.3   1   1  4.7e-315  4.7e-315 1036.9  16.3     4   625     1   621     1   622 1.00 -
950at766_1286528_0:000170|OZ308468.1:442045-443908 -            622 950                  -            639  5.4e-315 1036.7  16.6   1   1  6.1e-315  6.1e-315 1036.5  16.6     7   627     2   621     1   622 1.00 -
950at766_1714371_0:00024c|OZ308468.1:442045-443908 -            622 950                  -            639  5.4e-315 1036.7  16.6   1   1  6.1e-315  6.1e-315 1036.5  16.6     7   627     2   621     1   622 1.00 -
950at766_222891_0:0000c6|OZ308468.1:442051-443908  -            620 950                  -            639  1.3e-314 1035.4  16.8   1   1  1.5e-314  1.5e-314 1035.2  16.8     8   627     1   619     1   620 1.00 -
950at766_1802984_0:0001f3|OZ308468.1:442045-443896 -            618 950                  -            639  2.1e-313 1031.4  17.3   1   1  2.4e-313  2.4e-313 1031.3  17.3     7   624     2   618     1   618 1.00 -
#
# Program:         hmmsearch
# Version:         3.4 (Aug 2023)
# Pipeline mode:   SEARCH
# Query file:      /Users/rossoaa/Desktop/dummy/genomes/records/compleasm/mb_downloads/rickettsiales_odb12/hmms/950at766.hmm
# Target file:     -
# Option settings: /Users/rossoaa/miniconda3/envs/compleasm_env/bin/hmmsearch --domtblout /Users/rossoaa/Desktop/dummy/genomes/records/compleasm/rickettsiales_odb12/hmmer_output/950at766.out --cpu 1 /Users/rossoaa/Desktop/dummy/genomes/records/compleasm/mb_downloads/rickettsiales_odb12/hmms/950at766.hmm - 
# Current dir:     /Users/rossoaa/Desktop/dummy/genomes/records/compleasm
# Date:            Tue Feb 10 10:20:24 2026
# [ok]
