#                                                                                                          --- full sequence --- -------------- this domain -------------   hmm coord   ali coord   env coord
# target name                                      accession   tlen query name           accession   qlen   E-value  score  bias   #  of  c-Evalue  i-Evalue  score  bias  from    to  from    to  from    to  acc description of target
#                              ------------------- ---------- ----- -------------------- ---------- ----- --------- ------ ----- --- --- --------- --------- ------ ----- ----- ----- ----- ----- ----- ----- ---- ---------------------
951at766_2115978_0:0000c6|OZ308468.1:575719-576406 -            230 951                  -            238  3.8e-109  354.6   6.8   1   1  4.2e-109  4.2e-109  354.4   6.8     2   237     2   230     1   230 0.99 -
951at766_1605993_0:000167|OZ308468.1:575713-576412 -            233 951                  -            238  4.2e-109  354.5   7.3   1   1  4.7e-109  4.7e-109  354.3   7.3     2   237     4   232     3   233 0.99 -
951at766_169402_0:000070|OZ308468.1:575713-576412  -            233 951                  -            238  4.2e-109  354.5   7.3   1   1  4.7e-109  4.7e-109  354.3   7.3     2   237     4   232     3   233 0.99 -
951at766_246273_0:0001a7|OZ308468.1:575713-576412  -            233 951                  -            238  4.2e-109  354.5   7.3   1   1  4.7e-109  4.7e-109  354.3   7.3     2   237     4   232     3   233 0.99 -
951at766_96496_0:0002e4|OZ308468.1:575713-576412   -            233 951                  -            238  4.2e-109  354.5   7.3   1   1  4.7e-109  4.7e-109  354.3   7.3     2   237     4   232     3   233 0.99 -
951at766_2602574_0:000410|OZ308468.1:575710-576409 -            234 951                  -            238  4.2e-109  354.4   7.3   1   1  4.8e-109  4.8e-109  354.3   7.3     2   237     5   233     4   234 0.99 -
951at766_1359168_0:000009|OZ308468.1:575722-576406 -            229 951                  -            238  5.2e-109  354.1   6.7   1   1  5.8e-109  5.8e-109  354.0   6.7     3   237     2   229     1   229 0.99 -
951at766_334380_0:00003b|OZ308468.1:575722-576406  -            229 951                  -            238  5.2e-109  354.1   6.7   1   1  5.8e-109  5.8e-109  354.0   6.7     3   237     2   229     1   229 0.99 -
951at766_1242993_0:0001f7|OZ308468.1:575719-576403 -            229 951                  -            238  1.1e-108  353.0   7.4   1   1  1.3e-108  1.3e-108  352.9   7.4     2   236     2   229     1   229 0.99 -
951at766_1423892_0:000033|OZ308468.1:575719-576403 -            229 951                  -            238  1.1e-108  353.0   7.4   1   1  1.3e-108  1.3e-108  352.9   7.4     2   236     2   229     1   229 0.99 -
951at766_205920_0:000261|OZ308468.1:575719-576403  -            229 951                  -            238  1.1e-108  353.0   7.4   1   1  1.3e-108  1.3e-108  352.9   7.4     2   236     2   229     1   229 0.99 -
951at766_391036_0:000110|OZ308468.1:575719-576403  -            229 951                  -            238  1.1e-108  353.0   7.4   1   1  1.3e-108  1.3e-108  352.9   7.4     2   236     2   229     1   229 0.99 -
951at766_2486577_0:000058|OZ308468.1:575713-576403 -            231 951                  -            238  1.2e-108  353.0   7.4   1   1  1.3e-108  1.3e-108  352.8   7.4     2   236     4   231     3   231 0.99 -
951at766_955_0:0000ff|OZ308468.1:575713-576403     -            231 951                  -            238  1.2e-108  353.0   7.4   1   1  1.3e-108  1.3e-108  352.8   7.4     2   236     4   231     3   231 0.99 -
951at766_1528098_0:00059b|OZ308468.1:575710-576403 -            232 951                  -            238  1.2e-108  353.0   7.4   1   1  1.3e-108  1.3e-108  352.8   7.4     2   236     5   232     4   232 0.99 -
951at766_2486578_0:000393|OZ308468.1:575725-576406 -            228 951                  -            238  1.4e-108  352.8   7.6   1   1  1.5e-108  1.5e-108  352.6   7.6     3   237     1   228     1   228 0.99 -
951at766_1105107_0:0000db|OZ308468.1:575728-576406 -            227 951                  -            238  1.9e-108  352.3   7.0   1   1  2.1e-108  2.1e-108  352.1   7.0     4   237     1   227     1   227 0.99 -
951at766_1961830_0:000272|OZ308468.1:575728-576406 -            227 951                  -            238  1.9e-108  352.3   7.0   1   1  2.1e-108  2.1e-108  352.1   7.0     4   237     1   227     1   227 0.99 -
951at766_272947_0:000022|OZ308468.1:575728-576406  -            227 951                  -            238  1.9e-108  352.3   7.0   1   1  2.1e-108  2.1e-108  352.1   7.0     4   237     1   227     1   227 0.99 -
951at766_336407_0:000325|OZ308468.1:575728-576406  -            227 951                  -            238  1.9e-108  352.3   7.0   1   1  2.1e-108  2.1e-108  352.1   7.0     4   237     1   227     1   227 0.99 -
951at766_481009_0:000030|OZ308468.1:575728-576406  -            227 951                  -            238  1.9e-108  352.3   7.0   1   1  2.1e-108  2.1e-108  352.1   7.0     4   237     1   227     1   227 0.99 -
951at766_752179_0:0000c6|OZ308468.1:575728-576406  -            227 951                  -            238  1.9e-108  352.3   7.0   1   1  2.1e-108  2.1e-108  352.1   7.0     4   237     1   227     1   227 0.99 -
951at766_1359163_0:0001c2|OZ308468.1:575728-576412 -            228 951                  -            238  2.1e-108  352.2   7.5   1   1  2.3e-108  2.3e-108  352.0   7.5     4   237     1   227     1   228 0.99 -
951at766_1392507_0:0001c8|OZ308468.1:575728-576409 -            228 951                  -            238  2.1e-108  352.2   7.5   1   1  2.3e-108  2.3e-108  352.0   7.5     4   237     1   227     1   228 0.99 -
951at766_1248439_0:000317|OZ308468.1:575728-576403 -            226 951                  -            238  5.7e-108  350.7   7.6   1   1  6.4e-108  6.4e-108  350.6   7.6     4   236     1   226     1   226 0.99 -
951at766_142058_0:00027f|OZ308468.1:575728-576403  -            226 951                  -            238  5.7e-108  350.7   7.6   1   1  6.4e-108  6.4e-108  350.6   7.6     4   236     1   226     1   226 0.99 -
951at766_574556_0:00002f|OZ308468.1:575728-576403  -            226 951                  -            238  5.7e-108  350.7   7.6   1   1  6.4e-108  6.4e-108  350.6   7.6     4   236     1   226     1   226 0.99 -
951at766_696127_0:0002ed|OZ308468.1:575728-576403  -            226 951                  -            238  5.7e-108  350.7   7.6   1   1  6.4e-108  6.4e-108  350.6   7.6     4   236     1   226     1   226 0.99 -
951at766_779_0:000040|OZ308468.1:575728-576403     -            226 951                  -            238  5.7e-108  350.7   7.6   1   1  6.4e-108  6.4e-108  350.6   7.6     4   236     1   226     1   226 0.99 -
#
# Program:         hmmsearch
# Version:         3.4 (Aug 2023)
# Pipeline mode:   SEARCH
# Query file:      /Users/rossoaa/Desktop/dummy/genomes/records/compleasm/mb_downloads/rickettsiales_odb12/hmms/951at766.hmm
# Target file:     -
# Option settings: /Users/rossoaa/miniconda3/envs/compleasm_env/bin/hmmsearch --domtblout /Users/rossoaa/Desktop/dummy/genomes/records/compleasm/rickettsiales_odb12/hmmer_output/951at766.out --cpu 1 /Users/rossoaa/Desktop/dummy/genomes/records/compleasm/mb_downloads/rickettsiales_odb12/hmms/951at766.hmm - 
# Current dir:     /Users/rossoaa/Desktop/dummy/genomes/records/compleasm
# Date:            Tue Feb 10 10:20:24 2026
# [ok]
