#                                                                                                          --- full sequence --- -------------- this domain -------------   hmm coord   ali coord   env coord
# target name                                      accession   tlen query name           accession   qlen   E-value  score  bias   #  of  c-Evalue  i-Evalue  score  bias  from    to  from    to  from    to  acc description of target
#                              ------------------- ---------- ----- -------------------- ---------- ----- --------- ------ ----- --- --- --------- --------- ------ ----- ----- ----- ----- ----- ----- ----- ---- ---------------------
963at766_1105107_0:00027e|OZ308468.1:746725-747457 -            244 963                  -            241  1.2e-122  398.9   8.0   1   1  1.4e-122  1.4e-122  398.7   8.0     1   240     1   244     1   244 0.98 -
963at766_1242993_0:000338|OZ308468.1:746725-747457 -            244 963                  -            241  1.2e-122  398.9   8.0   1   1  1.4e-122  1.4e-122  398.7   8.0     1   240     1   244     1   244 0.98 -
963at766_1248439_0:00015f|OZ308468.1:746725-747457 -            244 963                  -            241  1.2e-122  398.9   8.0   1   1  1.4e-122  1.4e-122  398.7   8.0     1   240     1   244     1   244 0.98 -
963at766_1359163_0:00025c|OZ308468.1:746728-747457 -            244 963                  -            241  1.2e-122  398.9   8.0   1   1  1.4e-122  1.4e-122  398.7   8.0     1   240     1   244     1   244 0.98 -
963at766_1359168_0:000157|OZ308468.1:746725-747457 -            244 963                  -            241  1.2e-122  398.9   8.0   1   1  1.4e-122  1.4e-122  398.7   8.0     1   240     1   244     1   244 0.98 -
963at766_1392507_0:00038b|OZ308468.1:746725-747457 -            244 963                  -            241  1.2e-122  398.9   8.0   1   1  1.4e-122  1.4e-122  398.7   8.0     1   240     1   244     1   244 0.98 -
963at766_1423892_0:000129|OZ308468.1:746725-747457 -            244 963                  -            241  1.2e-122  398.9   8.0   1   1  1.4e-122  1.4e-122  398.7   8.0     1   240     1   244     1   244 0.98 -
963at766_1528098_0:000503|OZ308468.1:746725-747457 -            244 963                  -            241  1.2e-122  398.9   8.0   1   1  1.4e-122  1.4e-122  398.7   8.0     1   240     1   244     1   244 0.98 -
963at766_1605993_0:0001d2|OZ308468.1:746725-747457 -            244 963                  -            241  1.2e-122  398.9   8.0   1   1  1.4e-122  1.4e-122  398.7   8.0     1   240     1   244     1   244 0.98 -
963at766_169402_0:0002e0|OZ308468.1:746725-747457  -            244 963                  -            241  1.2e-122  398.9   8.0   1   1  1.4e-122  1.4e-122  398.7   8.0     1   240     1   244     1   244 0.98 -
963at766_1802984_0:00021a|OZ308468.1:746725-747457 -            244 963                  -            241  1.2e-122  398.9   8.0   1   1  1.4e-122  1.4e-122  398.7   8.0     1   240     1   244     1   244 0.98 -
963at766_1961830_0:00010a|OZ308468.1:746725-747457 -            244 963                  -            241  1.2e-122  398.9   8.0   1   1  1.4e-122  1.4e-122  398.7   8.0     1   240     1   244     1   244 0.98 -
963at766_205920_0:0001bb|OZ308468.1:746725-747457  -            244 963                  -            241  1.2e-122  398.9   8.0   1   1  1.4e-122  1.4e-122  398.7   8.0     1   240     1   244     1   244 0.98 -
963at766_2115978_0:0003e2|OZ308468.1:746725-747457 -            244 963                  -            241  1.2e-122  398.9   8.0   1   1  1.4e-122  1.4e-122  398.7   8.0     1   240     1   244     1   244 0.98 -
963at766_246273_0:0001ef|OZ308468.1:746725-747457  -            244 963                  -            241  1.2e-122  398.9   8.0   1   1  1.4e-122  1.4e-122  398.7   8.0     1   240     1   244     1   244 0.98 -
963at766_2602574_0:000437|OZ308468.1:746725-747457 -            244 963                  -            241  1.2e-122  398.9   8.0   1   1  1.4e-122  1.4e-122  398.7   8.0     1   240     1   244     1   244 0.98 -
963at766_272947_0:000104|OZ308468.1:746725-747457  -            244 963                  -            241  1.2e-122  398.9   8.0   1   1  1.4e-122  1.4e-122  398.7   8.0     1   240     1   244     1   244 0.98 -
963at766_336407_0:00039a|OZ308468.1:746725-747457  -            244 963                  -            241  1.2e-122  398.9   8.0   1   1  1.4e-122  1.4e-122  398.7   8.0     1   240     1   244     1   244 0.98 -
963at766_391036_0:00032b|OZ308468.1:746725-747457  -            244 963                  -            241  1.2e-122  398.9   8.0   1   1  1.4e-122  1.4e-122  398.7   8.0     1   240     1   244     1   244 0.98 -
963at766_481009_0:000160|OZ308468.1:746725-747457  -            244 963                  -            241  1.2e-122  398.9   8.0   1   1  1.4e-122  1.4e-122  398.7   8.0     1   240     1   244     1   244 0.98 -
963at766_574556_0:00006f|OZ308468.1:746725-747457  -            244 963                  -            241  1.2e-122  398.9   8.0   1   1  1.4e-122  1.4e-122  398.7   8.0     1   240     1   244     1   244 0.98 -
963at766_696127_0:00019b|OZ308468.1:746725-747457  -            244 963                  -            241  1.2e-122  398.9   8.0   1   1  1.4e-122  1.4e-122  398.7   8.0     1   240     1   244     1   244 0.98 -
963at766_779_0:000204|OZ308468.1:746725-747457     -            244 963                  -            241  1.2e-122  398.9   8.0   1   1  1.4e-122  1.4e-122  398.7   8.0     1   240     1   244     1   244 0.98 -
963at766_86105_0:0002c3|OZ308468.1:746725-747457   -            244 963                  -            241  1.2e-122  398.9   8.0   1   1  1.4e-122  1.4e-122  398.7   8.0     1   240     1   244     1   244 0.98 -
963at766_955_0:000083|OZ308468.1:746725-747457     -            244 963                  -            241  1.2e-122  398.9   8.0   1   1  1.4e-122  1.4e-122  398.7   8.0     1   240     1   244     1   244 0.98 -
963at766_96496_0:000076|OZ308468.1:746725-747457   -            244 963                  -            241  1.2e-122  398.9   8.0   1   1  1.4e-122  1.4e-122  398.7   8.0     1   240     1   244     1   244 0.98 -
963at766_1286528_0:00022f|OZ308468.1:746725-747460 -            245 963                  -            241  1.2e-122  398.9   8.0   1   1  1.4e-122  1.4e-122  398.7   8.0     1   240     2   245     2   245 0.98 -
963at766_1714371_0:000233|OZ308468.1:746725-747460 -            245 963                  -            241  1.2e-122  398.9   8.0   1   1  1.4e-122  1.4e-122  398.7   8.0     1   240     2   245     2   245 0.98 -
963at766_222891_0:000003|OZ308468.1:746725-747460  -            245 963                  -            241  1.2e-122  398.9   8.0   1   1  1.4e-122  1.4e-122  398.7   8.0     1   240     2   245     2   245 0.98 -
963at766_2486578_0:0001aa|OZ308468.1:746725-747460 -            245 963                  -            241  1.2e-122  398.9   8.0   1   1  1.4e-122  1.4e-122  398.7   8.0     1   240     2   245     2   245 0.98 -
963at766_434131_0:0000d9|OZ308468.1:746725-747460  -            245 963                  -            241  1.2e-122  398.9   8.0   1   1  1.4e-122  1.4e-122  398.7   8.0     1   240     2   245     2   245 0.98 -
963at766_142058_0:0002f2|OZ308468.1:746725-747463  -            246 963                  -            241  1.3e-122  398.8   8.0   1   1  1.4e-122  1.4e-122  398.7   8.0     1   240     3   246     3   246 0.98 -
963at766_2486577_0:0003e5|OZ308468.1:746725-747451 -            242 963                  -            241  1.6e-121  395.3   8.0   1   1  1.7e-121  1.7e-121  395.1   8.0     4   240     2   242     1   242 0.98 -
#
# Program:         hmmsearch
# Version:         3.4 (Aug 2023)
# Pipeline mode:   SEARCH
# Query file:      /Users/rossoaa/Desktop/dummy/genomes/records/compleasm/mb_downloads/rickettsiales_odb12/hmms/963at766.hmm
# Target file:     -
# Option settings: /Users/rossoaa/miniconda3/envs/compleasm_env/bin/hmmsearch --domtblout /Users/rossoaa/Desktop/dummy/genomes/records/compleasm/rickettsiales_odb12/hmmer_output/963at766.out --cpu 1 /Users/rossoaa/Desktop/dummy/genomes/records/compleasm/mb_downloads/rickettsiales_odb12/hmms/963at766.hmm - 
# Current dir:     /Users/rossoaa/Desktop/dummy/genomes/records/compleasm
# Date:            Tue Feb 10 10:20:22 2026
# [ok]
