#                                                                                                          --- full sequence --- -------------- this domain -------------   hmm coord   ali coord   env coord
# target name                                      accession   tlen query name           accession   qlen   E-value  score  bias   #  of  c-Evalue  i-Evalue  score  bias  from    to  from    to  from    to  acc description of target
#                              ------------------- ---------- ----- -------------------- ---------- ----- --------- ------ ----- --- --- --------- --------- ------ ----- ----- ----- ----- ----- ----- ----- ---- ---------------------
979at766_272947_0:000013|OZ308468.1:412477-413305  -            276 979                  -            283  2.7e-112  364.7  12.5   1   1  2.9e-112  2.9e-112  364.5  12.5     4   281     4   276     1   276 0.98 -
979at766_1105107_0:000240|OZ308468.1:412456-413305 -            283 979                  -            283  2.9e-112  364.6  12.5   1   1  3.3e-112  3.3e-112  364.4  12.5     4   281    11   283     8   283 0.98 -
979at766_481009_0:000371|OZ308468.1:412456-413305  -            283 979                  -            283  2.9e-112  364.6  12.5   1   1  3.3e-112  3.3e-112  364.4  12.5     4   281    11   283     8   283 0.98 -
979at766_955_0:000132|OZ308468.1:412480-413299     -            274 979                  -            283  5.4e-112  363.7  12.1   1   1  5.9e-112  5.9e-112  363.5  12.1     5   279     4   273     1   274 0.98 -
979at766_1605993_0:00013b|OZ308468.1:412489-413305 -            272 979                  -            283  5.8e-112  363.6  12.4   1   1  6.4e-112  6.4e-112  363.4  12.4     6   281     2   272     1   272 0.98 -
979at766_169402_0:000242|OZ308468.1:412489-413305  -            272 979                  -            283  5.8e-112  363.6  12.4   1   1  6.4e-112  6.4e-112  363.4  12.4     6   281     2   272     1   272 0.98 -
979at766_246273_0:00011d|OZ308468.1:412489-413305  -            272 979                  -            283  5.8e-112  363.6  12.4   1   1  6.4e-112  6.4e-112  363.4  12.4     6   281     2   272     1   272 0.98 -
979at766_96496_0:000051|OZ308468.1:412489-413305   -            272 979                  -            283  5.8e-112  363.6  12.4   1   1  6.4e-112  6.4e-112  363.4  12.4     6   281     2   272     1   272 0.98 -
979at766_336407_0:0004ae|OZ308468.1:412477-413296  -            274 979                  -            283  9.2e-112  362.9  12.1   1   1    1e-111    1e-111  362.8  12.1     4   278     4   273     1   274 0.98 -
979at766_434131_0:0000db|OZ308468.1:412519-413305  -            262 979                  -            283  2.4e-110  358.3  11.3   1   1  2.6e-110  2.6e-110  358.1  11.3    16   281     2   262     1   262 0.98 -
979at766_86105_0:00071c|OZ308468.1:412516-413296   -            261 979                  -            283  5.1e-110  357.2  11.1   1   1  5.7e-110  5.7e-110  357.0  11.1    15   278     2   260     1   261 0.98 -
979at766_1248439_0:00014e|OZ308468.1:412513-413293 -            261 979                  -            283  6.5e-110  356.9  11.5   1   1  7.2e-110  7.2e-110  356.7  11.5    14   278     2   261     1   261 0.98 -
979at766_574556_0:000014|OZ308468.1:412522-413293  -            258 979                  -            283  2.4e-109  355.0  10.6   1   1  2.7e-109  2.7e-109  354.8  10.6    17   278     2   258     1   258 0.98 -
979at766_1392507_0:000163|OZ308468.1:412528-413293 -            256 979                  -            283  1.1e-108  352.9  11.0   1   1  1.2e-108  1.2e-108  352.7  11.0    19   278     2   256     1   256 0.98 -
979at766_142058_0:0002b7|OZ308468.1:412615-413293  -            227 979                  -            283  1.2e-104  339.6  11.3   1   1  1.3e-104  1.3e-104  339.4  11.3    51   278     1   227     1   227 0.99 -
979at766_222891_0:000217|OZ308468.1:412627-413305  -            226 979                  -            283  1.8e-104  339.0  10.7   1   1    2e-104    2e-104  338.8  10.7    55   281     1   226     1   226 0.99 -
#
# Program:         hmmsearch
# Version:         3.4 (Aug 2023)
# Pipeline mode:   SEARCH
# Query file:      /Users/rossoaa/Desktop/dummy/genomes/records/compleasm/mb_downloads/rickettsiales_odb12/hmms/979at766.hmm
# Target file:     -
# Option settings: /Users/rossoaa/miniconda3/envs/compleasm_env/bin/hmmsearch --domtblout /Users/rossoaa/Desktop/dummy/genomes/records/compleasm/rickettsiales_odb12/hmmer_output/979at766.out --cpu 1 /Users/rossoaa/Desktop/dummy/genomes/records/compleasm/mb_downloads/rickettsiales_odb12/hmms/979at766.hmm - 
# Current dir:     /Users/rossoaa/Desktop/dummy/genomes/records/compleasm
# Date:            Tue Feb 10 10:20:24 2026
# [ok]
