#                                                                                                         --- full sequence --- -------------- this domain -------------   hmm coord   ali coord   env coord
# target name                                     accession   tlen query name           accession   qlen   E-value  score  bias   #  of  c-Evalue  i-Evalue  score  bias  from    to  from    to  from    to  acc description of target
#                             ------------------- ---------- ----- -------------------- ---------- ----- --------- ------ ----- --- --- --------- --------- ------ ----- ----- ----- ----- ----- ----- ----- ---- ---------------------
97at766_752179_0:000145|OZ308468.1:178138-179698  -            521 97                   -            525    1e-280  922.6   0.4   1   1  1.1e-280  1.1e-280  922.4   0.4     4   524     4   519     1   520 0.99 -
97at766_1605993_0:0002fe|OZ308468.1:178126-179701 -            525 97                   -            525    1e-280  922.6   0.4   1   1  1.2e-280  1.2e-280  922.4   0.4     4   524     8   523     5   524 0.99 -
97at766_246273_0:0002c8|OZ308468.1:178126-179701  -            525 97                   -            525    1e-280  922.6   0.4   1   1  1.2e-280  1.2e-280  922.4   0.4     4   524     8   523     5   524 0.99 -
97at766_2486577_0:000057|OZ308468.1:178126-179701 -            525 97                   -            525    1e-280  922.6   0.4   1   1  1.2e-280  1.2e-280  922.4   0.4     4   524     8   523     5   524 0.99 -
97at766_96496_0:000191|OZ308468.1:178126-179701   -            525 97                   -            525    1e-280  922.6   0.4   1   1  1.2e-280  1.2e-280  922.4   0.4     4   524     8   523     5   524 0.99 -
97at766_2486578_0:0001ef|OZ308468.1:178147-179698 -            518 97                   -            525  1.8e-280  921.8   0.5   1   1    2e-280    2e-280  921.6   0.5     8   524     5   516     1   517 0.99 -
97at766_169402_0:0003fc|OZ308468.1:178168-179695  -            510 97                   -            525  5.1e-280  920.3   0.3   1   1  5.7e-280  5.7e-280  920.1   0.3    13   524     3   509     1   510 0.99 -
97at766_86105_0:0000fc|OZ308468.1:178126-179683   -            520 97                   -            525  5.5e-280  920.2   0.4   1   1  6.2e-280  6.2e-280  920.0   0.4     4   520     8   519     5   520 0.99 -
97at766_1286528_0:0001a5|OZ308468.1:178171-179695 -            509 97                   -            525  6.3e-280  920.0   0.3   1   1  7.1e-280  7.1e-280  919.8   0.3    13   524     2   508     1   509 0.99 -
97at766_1714371_0:00021f|OZ308468.1:178174-179695 -            508 97                   -            525    9e-280  919.5   0.3   1   1    1e-279    1e-279  919.3   0.3    13   524     1   507     1   508 0.99 -
97at766_1802984_0:00012f|OZ308468.1:178174-179695 -            508 97                   -            525    9e-280  919.5   0.3   1   1    1e-279    1e-279  919.3   0.3    13   524     1   507     1   508 0.99 -
97at766_1961830_0:000454|OZ308468.1:178174-179695 -            508 97                   -            525    9e-280  919.5   0.3   1   1    1e-279    1e-279  919.3   0.3    13   524     1   507     1   508 0.99 -
97at766_222891_0:00029d|OZ308468.1:178174-179695  -            508 97                   -            525    9e-280  919.5   0.3   1   1    1e-279    1e-279  919.3   0.3    13   524     1   507     1   508 0.99 -
97at766_434131_0:000077|OZ308468.1:178174-179695  -            508 97                   -            525    9e-280  919.5   0.3   1   1    1e-279    1e-279  919.3   0.3    13   524     1   507     1   508 0.99 -
97at766_1359163_0:0001d8|OZ308468.1:178174-179698 -            509 97                   -            525  9.1e-280  919.5   0.3   1   1    1e-279    1e-279  919.3   0.3    13   524     1   507     1   508 0.99 -
97at766_1528098_0:0002cd|OZ308468.1:178174-179698 -            509 97                   -            525  9.1e-280  919.5   0.3   1   1    1e-279    1e-279  919.3   0.3    13   524     1   507     1   508 0.99 -
97at766_334380_0:000199|OZ308468.1:178138-179680  -            515 97                   -            525  9.4e-280  919.4   0.5   1   1    1e-279    1e-279  919.3   0.5     4   519     4   514     1   515 0.99 -
97at766_272947_0:000348|OZ308468.1:178126-179680  -            519 97                   -            525  9.4e-280  919.4   0.5   1   1  1.1e-279  1.1e-279  919.2   0.5     4   519     8   518     5   519 0.99 -
97at766_955_0:000133|OZ308468.1:178171-179689     -            507 97                   -            525  1.5e-279  918.7   0.3   1   1  1.7e-279  1.7e-279  918.6   0.3    13   522     2   506     1   507 0.99 -
97at766_1105107_0:0001c3|OZ308468.1:178174-179689 -            506 97                   -            525  2.1e-279  918.2   0.3   1   1  2.4e-279  2.4e-279  918.1   0.3    13   522     1   505     1   506 0.99 -
97at766_1248439_0:0001fd|OZ308468.1:178174-179689 -            506 97                   -            525  2.1e-279  918.2   0.3   1   1  2.4e-279  2.4e-279  918.1   0.3    13   522     1   505     1   506 0.99 -
97at766_336407_0:00006c|OZ308468.1:178174-179689  -            506 97                   -            525  2.1e-279  918.2   0.3   1   1  2.4e-279  2.4e-279  918.1   0.3    13   522     1   505     1   506 0.99 -
97at766_481009_0:000189|OZ308468.1:178174-179689  -            506 97                   -            525  2.1e-279  918.2   0.3   1   1  2.4e-279  2.4e-279  918.1   0.3    13   522     1   505     1   506 0.99 -
97at766_1392507_0:0002e2|OZ308468.1:178156-179680 -            509 97                   -            525  2.5e-279  918.0   0.5   1   1  3.1e-279  3.1e-279  917.7   0.5    11   519     5   508     2   509 0.99 -
97at766_1242993_0:000364|OZ308468.1:178177-179695 -            507 97                   -            525  2.7e-279  917.9   0.3   1   1    3e-279    3e-279  917.7   0.3    14   524     1   506     1   507 0.99 -
97at766_1423892_0:000081|OZ308468.1:178177-179695 -            507 97                   -            525  2.7e-279  917.9   0.3   1   1    3e-279    3e-279  917.7   0.3    14   524     1   506     1   507 0.99 -
97at766_205920_0:000201|OZ308468.1:178177-179695  -            507 97                   -            525  2.7e-279  917.9   0.3   1   1    3e-279    3e-279  917.7   0.3    14   524     1   506     1   507 0.99 -
97at766_391036_0:000181|OZ308468.1:178177-179695  -            507 97                   -            525  2.7e-279  917.9   0.3   1   1    3e-279    3e-279  917.7   0.3    14   524     1   506     1   507 0.99 -
97at766_779_0:000126|OZ308468.1:178177-179698     -            508 97                   -            525  2.7e-279  917.9   0.3   1   1  3.1e-279  3.1e-279  917.7   0.3    14   524     1   506     1   507 0.99 -
97at766_2602574_0:0002df|OZ308468.1:178147-179677 -            511 97                   -            525  3.2e-279  917.7   0.6   1   1  3.5e-279  3.5e-279  917.5   0.6     8   519     5   511     1   511 0.99 -
97at766_574556_0:00028f|OZ308468.1:178174-179686  -            505 97                   -            525  3.2e-279  917.7   0.3   1   1  3.6e-279  3.6e-279  917.5   0.3    13   521     1   504     1   505 0.99 -
97at766_1359168_0:0001d5|OZ308468.1:178174-179683 -            504 97                   -            525  4.7e-279  917.1   0.3   1   1  5.3e-279  5.3e-279  916.9   0.3    13   520     1   503     1   504 0.99 -
97at766_2115978_0:0004ac|OZ308468.1:178174-179680 -            503 97                   -            525  8.1e-279  916.3   0.3   1   1  9.1e-279  9.1e-279  916.2   0.3    13   519     1   502     1   503 0.99 -
97at766_696127_0:0003bf|OZ308468.1:178174-179680  -            503 97                   -            525  8.1e-279  916.3   0.3   1   1  9.1e-279  9.1e-279  916.2   0.3    13   519     1   502     1   503 0.99 -
#
# Program:         hmmsearch
# Version:         3.4 (Aug 2023)
# Pipeline mode:   SEARCH
# Query file:      /Users/rossoaa/Desktop/dummy/genomes/records/compleasm/mb_downloads/rickettsiales_odb12/hmms/97at766.hmm
# Target file:     -
# Option settings: /Users/rossoaa/miniconda3/envs/compleasm_env/bin/hmmsearch --domtblout /Users/rossoaa/Desktop/dummy/genomes/records/compleasm/rickettsiales_odb12/hmmer_output/97at766.out --cpu 1 /Users/rossoaa/Desktop/dummy/genomes/records/compleasm/mb_downloads/rickettsiales_odb12/hmms/97at766.hmm - 
# Current dir:     /Users/rossoaa/Desktop/dummy/genomes/records/compleasm
# Date:            Tue Feb 10 10:20:22 2026
# [ok]
