#                                                                                                          --- full sequence --- -------------- this domain -------------   hmm coord   ali coord   env coord
# target name                                      accession   tlen query name           accession   qlen   E-value  score  bias   #  of  c-Evalue  i-Evalue  score  bias  from    to  from    to  from    to  acc description of target
#                              ------------------- ---------- ----- -------------------- ---------- ----- --------- ------ ----- --- --- --------- --------- ------ ----- ----- ----- ----- ----- ----- ----- ---- ---------------------
998at766_2486577_0:0001e5|OZ308468.1:877785-879855 -            691 998                  -            610  2.8e-302  995.1  21.3   1   2   8.5e-20   8.5e-20   62.1   4.0     2   110     4   119     3   128 0.82 -
998at766_2486577_0:0001e5|OZ308468.1:877785-879855 -            691 998                  -            610  2.8e-302  995.1  21.3   2   2    6e-285    6e-285  937.9  11.2    95   609   164   690   115   691 0.89 -
998at766_1423892_0:00023e|OZ308468.1:877791-879861 -            690 998                  -            610  2.8e-302  995.1  21.3   1   2   8.5e-20   8.5e-20   62.1   4.0     2   110     2   117     1   126 0.82 -
998at766_1423892_0:00023e|OZ308468.1:877791-879861 -            690 998                  -            610  2.8e-302  995.1  21.3   2   2    6e-285    6e-285  937.9  11.2    95   609   162   688   113   689 0.89 -
998at766_205920_0:000341|OZ308468.1:877791-879861  -            690 998                  -            610  2.8e-302  995.1  21.3   1   2   8.5e-20   8.5e-20   62.1   4.0     2   110     2   117     1   126 0.82 -
998at766_205920_0:000341|OZ308468.1:877791-879861  -            690 998                  -            610  2.8e-302  995.1  21.3   2   2    6e-285    6e-285  937.9  11.2    95   609   162   688   113   689 0.89 -
998at766_391036_0:0001b7|OZ308468.1:877791-879861  -            690 998                  -            610  2.8e-302  995.1  21.3   1   2   8.5e-20   8.5e-20   62.1   4.0     2   110     2   117     1   126 0.82 -
998at766_391036_0:0001b7|OZ308468.1:877791-879861  -            690 998                  -            610  2.8e-302  995.1  21.3   2   2    6e-285    6e-285  937.9  11.2    95   609   162   688   113   689 0.89 -
998at766_752179_0:00033b|OZ308468.1:877791-879858  -            690 998                  -            610  2.8e-302  995.1  21.3   1   2   8.5e-20   8.5e-20   62.1   4.0     2   110     2   117     1   126 0.82 -
998at766_752179_0:00033b|OZ308468.1:877791-879858  -            690 998                  -            610  2.8e-302  995.1  21.3   2   2    6e-285    6e-285  937.9  11.2    95   609   162   688   113   689 0.89 -
998at766_1392507_0:00006e|OZ308468.1:877779-879858 -            694 998                  -            610  2.8e-302  995.1  21.3   1   2   8.6e-20   8.6e-20   62.1   4.0     2   110     6   121     5   130 0.82 -
998at766_1392507_0:00006e|OZ308468.1:877779-879858 -            694 998                  -            610  2.8e-302  995.1  21.3   2   2  6.1e-285  6.1e-285  937.9  11.2    95   609   166   692   117   693 0.89 -
998at766_1528098_0:0003a7|OZ308468.1:877779-879861 -            694 998                  -            610  2.8e-302  995.1  21.3   1   2   8.6e-20   8.6e-20   62.1   4.0     2   110     6   121     5   130 0.82 -
998at766_1528098_0:0003a7|OZ308468.1:877779-879861 -            694 998                  -            610  2.8e-302  995.1  21.3   2   2  6.1e-285  6.1e-285  937.9  11.2    95   609   166   692   117   693 0.89 -
998at766_1105107_0:000314|OZ308468.1:877776-879858 -            695 998                  -            610  2.8e-302  995.1  21.3   1   2   8.6e-20   8.6e-20   62.1   4.0     2   110     7   122     6   131 0.82 -
998at766_1105107_0:000314|OZ308468.1:877776-879858 -            695 998                  -            610  2.8e-302  995.1  21.3   2   2  6.2e-285  6.2e-285  937.8  11.2    95   609   167   693   118   694 0.89 -
998at766_336407_0:00022f|OZ308468.1:877776-879858  -            695 998                  -            610  2.8e-302  995.1  21.3   1   2   8.6e-20   8.6e-20   62.1   4.0     2   110     7   122     6   131 0.82 -
998at766_336407_0:00022f|OZ308468.1:877776-879858  -            695 998                  -            610  2.8e-302  995.1  21.3   2   2  6.2e-285  6.2e-285  937.8  11.2    95   609   167   693   118   694 0.89 -
998at766_86105_0:00005b|OZ308468.1:877776-879858   -            695 998                  -            610  2.8e-302  995.1  21.3   1   2   8.6e-20   8.6e-20   62.1   4.0     2   110     7   122     6   131 0.82 -
998at766_86105_0:00005b|OZ308468.1:877776-879858   -            695 998                  -            610  2.8e-302  995.1  21.3   2   2  6.2e-285  6.2e-285  937.8  11.2    95   609   167   693   118   694 0.89 -
998at766_1242993_0:0000ae|OZ308468.1:877770-879861 -            697 998                  -            610  2.9e-302  995.1  21.3   1   2   8.6e-20   8.6e-20   62.1   4.0     2   110     9   124     8   133 0.82 -
998at766_1242993_0:0000ae|OZ308468.1:877770-879861 -            697 998                  -            610  2.9e-302  995.1  21.3   2   2  6.2e-285  6.2e-285  937.8  11.2    95   609   169   695   120   696 0.89 -
998at766_1359168_0:0001b1|OZ308468.1:877764-879861 -            699 998                  -            610    3e-302  995.0  21.4   1   2   8.9e-20   8.9e-20   62.1   4.0     2   110    11   126    10   135 0.82 -
998at766_1359168_0:0001b1|OZ308468.1:877764-879861 -            699 998                  -            610    3e-302  995.0  21.4   2   2  6.4e-285  6.4e-285  937.8  11.3    95   609   171   697   122   698 0.89 -
998at766_272947_0:0001d3|OZ308468.1:877764-879858  -            699 998                  -            610    3e-302  995.0  21.4   1   2   8.9e-20   8.9e-20   62.1   4.0     2   110    11   126    10   135 0.82 -
998at766_272947_0:0001d3|OZ308468.1:877764-879858  -            699 998                  -            610    3e-302  995.0  21.4   2   2  6.4e-285  6.4e-285  937.8  11.3    95   609   171   697   122   698 0.89 -
998at766_334380_0:0004b5|OZ308468.1:877764-879861  -            699 998                  -            610    3e-302  995.0  21.4   1   2   8.9e-20   8.9e-20   62.1   4.0     2   110    11   126    10   135 0.82 -
998at766_334380_0:0004b5|OZ308468.1:877764-879861  -            699 998                  -            610    3e-302  995.0  21.4   2   2  6.4e-285  6.4e-285  937.8  11.3    95   609   171   697   122   698 0.89 -
998at766_2602574_0:0001b3|OZ308468.1:877761-879855 -            699 998                  -            610    3e-302  995.0  21.4   1   2   8.9e-20   8.9e-20   62.1   4.0     2   110    12   127    11   136 0.82 -
998at766_2602574_0:0001b3|OZ308468.1:877761-879855 -            699 998                  -            610    3e-302  995.0  21.4   2   2  6.4e-285  6.4e-285  937.8  11.3    95   609   172   698   123   699 0.89 -
998at766_2486578_0:0004f1|OZ308468.1:877758-879858 -            701 998                  -            610    3e-302  995.0  21.4   1   2   8.9e-20   8.9e-20   62.1   4.0     2   110    13   128    12   137 0.82 -
998at766_2486578_0:0004f1|OZ308468.1:877758-879858 -            701 998                  -            610    3e-302  995.0  21.4   2   2  6.5e-285  6.5e-285  937.8  11.3    95   609   173   699   124   700 0.89 -
998at766_696127_0:000333|OZ308468.1:877758-879858  -            701 998                  -            610    3e-302  995.0  21.4   1   2   8.9e-20   8.9e-20   62.1   4.0     2   110    13   128    12   137 0.82 -
998at766_696127_0:000333|OZ308468.1:877758-879858  -            701 998                  -            610    3e-302  995.0  21.4   2   2  6.5e-285  6.5e-285  937.8  11.3    95   609   173   699   124   700 0.89 -
998at766_955_0:00016f|OZ308468.1:877755-879861     -            702 998                  -            610    3e-302  995.0  21.4   1   2     9e-20     9e-20   62.0   4.0     2   110    14   129    13   138 0.82 -
998at766_955_0:00016f|OZ308468.1:877755-879861     -            702 998                  -            610    3e-302  995.0  21.4   2   2  6.5e-285  6.5e-285  937.8  11.3    95   609   174   700   125   701 0.89 -
998at766_1248439_0:000032|OZ308468.1:877752-879858 -            703 998                  -            610    3e-302  995.0  21.4   1   2     9e-20     9e-20   62.0   4.0     2   110    15   130    14   139 0.82 -
998at766_1248439_0:000032|OZ308468.1:877752-879858 -            703 998                  -            610    3e-302  995.0  21.4   2   2  6.6e-285  6.6e-285  937.8  11.3    95   609   175   701   126   702 0.89 -
998at766_1359163_0:0000c1|OZ308468.1:877752-879861 -            703 998                  -            610    3e-302  995.0  21.4   1   2     9e-20     9e-20   62.0   4.0     2   110    15   130    14   139 0.82 -
998at766_1359163_0:0000c1|OZ308468.1:877752-879861 -            703 998                  -            610    3e-302  995.0  21.4   2   2  6.6e-285  6.6e-285  937.8  11.3    95   609   175   701   126   702 0.89 -
998at766_1605993_0:000175|OZ308468.1:877752-879861 -            703 998                  -            610    3e-302  995.0  21.4   1   2     9e-20     9e-20   62.0   4.0     2   110    15   130    14   139 0.82 -
998at766_1605993_0:000175|OZ308468.1:877752-879861 -            703 998                  -            610    3e-302  995.0  21.4   2   2  6.6e-285  6.6e-285  937.8  11.3    95   609   175   701   126   702 0.89 -
998at766_169402_0:0004dc|OZ308468.1:877752-879861  -            703 998                  -            610    3e-302  995.0  21.4   1   2     9e-20     9e-20   62.0   4.0     2   110    15   130    14   139 0.82 -
998at766_169402_0:0004dc|OZ308468.1:877752-879861  -            703 998                  -            610    3e-302  995.0  21.4   2   2  6.6e-285  6.6e-285  937.8  11.3    95   609   175   701   126   702 0.89 -
998at766_1961830_0:0003b1|OZ308468.1:877752-879858 -            703 998                  -            610    3e-302  995.0  21.4   1   2     9e-20     9e-20   62.0   4.0     2   110    15   130    14   139 0.82 -
998at766_1961830_0:0003b1|OZ308468.1:877752-879858 -            703 998                  -            610    3e-302  995.0  21.4   2   2  6.6e-285  6.6e-285  937.8  11.3    95   609   175   701   126   702 0.89 -
998at766_246273_0:000354|OZ308468.1:877752-879861  -            703 998                  -            610    3e-302  995.0  21.4   1   2     9e-20     9e-20   62.0   4.0     2   110    15   130    14   139 0.82 -
998at766_246273_0:000354|OZ308468.1:877752-879861  -            703 998                  -            610    3e-302  995.0  21.4   2   2  6.6e-285  6.6e-285  937.8  11.3    95   609   175   701   126   702 0.89 -
998at766_481009_0:0001ce|OZ308468.1:877752-879858  -            703 998                  -            610    3e-302  995.0  21.4   1   2     9e-20     9e-20   62.0   4.0     2   110    15   130    14   139 0.82 -
998at766_481009_0:0001ce|OZ308468.1:877752-879858  -            703 998                  -            610    3e-302  995.0  21.4   2   2  6.6e-285  6.6e-285  937.8  11.3    95   609   175   701   126   702 0.89 -
998at766_96496_0:0002d7|OZ308468.1:877752-879861   -            703 998                  -            610    3e-302  995.0  21.4   1   2     9e-20     9e-20   62.0   4.0     2   110    15   130    14   139 0.82 -
998at766_96496_0:0002d7|OZ308468.1:877752-879861   -            703 998                  -            610    3e-302  995.0  21.4   2   2  6.6e-285  6.6e-285  937.8  11.3    95   609   175   701   126   702 0.89 -
998at766_2115978_0:000036|OZ308468.1:876515-879861 -            706 998                  -            610  3.1e-302  995.0  21.4   1   2     9e-20     9e-20   62.0   4.0     2   110    18   133    17   142 0.82 -
998at766_2115978_0:000036|OZ308468.1:876515-879861 -            706 998                  -            610  3.1e-302  995.0  21.4   2   2  6.7e-285  6.7e-285  937.7  11.3    95   609   178   704   129   705 0.89 -
998at766_142058_0:000153|OZ308468.1:877797-879858  -            688 998                  -            610  3.8e-302  994.7  20.7   1   2   1.3e-19   1.3e-19   61.5   3.5     4   110     2   115     1   121 0.82 -
998at766_142058_0:000153|OZ308468.1:877797-879858  -            688 998                  -            610  3.8e-302  994.7  20.7   2   2  4.5e-285  4.5e-285  938.3  10.6    96   609   161   686   113   687 0.90 -
998at766_574556_0:00024e|OZ308468.1:877797-879858  -            688 998                  -            610  3.8e-302  994.7  20.7   1   2   1.3e-19   1.3e-19   61.5   3.5     4   110     2   115     1   121 0.82 -
998at766_574556_0:00024e|OZ308468.1:877797-879858  -            688 998                  -            610  3.8e-302  994.7  20.7   2   2  4.5e-285  4.5e-285  938.3  10.6    96   609   161   686   113   687 0.90 -
998at766_779_0:0002c1|OZ308468.1:877797-879861     -            688 998                  -            610  3.8e-302  994.7  20.7   1   2   1.3e-19   1.3e-19   61.5   3.5     4   110     2   115     1   121 0.82 -
998at766_779_0:0002c1|OZ308468.1:877797-879861     -            688 998                  -            610  3.8e-302  994.7  20.7   2   2  4.5e-285  4.5e-285  938.3  10.6    96   609   161   686   113   687 0.90 -
998at766_1274402_0:00016b|OZ308468.1:877803-879861 -            686 998                  -            610  9.9e-302  993.3  20.2   1   2   3.4e-19   3.4e-19   60.2   3.0     5   110     1   113     1   121 0.82 -
998at766_1274402_0:00016b|OZ308468.1:877803-879861 -            686 998                  -            610  9.9e-302  993.3  20.2   2   2  4.1e-285  4.1e-285  938.4  10.4    98   609   161   684   112   685 0.90 -
998at766_1802984_0:0001d1|OZ308468.1:878052-879855 -            602 998                  -            610  1.4e-286  943.3   8.3   1   1  1.6e-286  1.6e-286  943.1   8.3    64   609    41   601     4   602 0.86 -
998at766_434131_0:0001d8|OZ308468.1:878247-879855  -            537 998                  -            610  3.7e-285  938.6  10.3   1   1  4.5e-285  4.5e-285  938.3  10.3   113   609    29   536     9   537 0.93 -
998at766_1286528_0:0000e0|OZ308468.1:878292-879858 -            523 998                  -            610  4.1e-285  938.4  10.0   1   1  4.8e-285  4.8e-285  938.2  10.0   114   609    15   521     2   522 0.94 -
998at766_1714371_0:000280|OZ308468.1:878325-879855 -            511 998                  -            610  6.4e-285  937.8   9.7   1   1  7.1e-285  7.1e-285  937.6   9.7   115   609     5   510     1   511 0.95 -
998at766_222891_0:00012b|OZ308468.1:878388-879855  -            490 998                  -            610  1.6e-282  929.9   9.9   1   1  1.7e-282  1.7e-282  929.8   9.9   137   609    13   489     1   490 0.96 -
#
# Program:         hmmsearch
# Version:         3.4 (Aug 2023)
# Pipeline mode:   SEARCH
# Query file:      /Users/rossoaa/Desktop/dummy/genomes/records/compleasm/mb_downloads/rickettsiales_odb12/hmms/998at766.hmm
# Target file:     -
# Option settings: /Users/rossoaa/miniconda3/envs/compleasm_env/bin/hmmsearch --domtblout /Users/rossoaa/Desktop/dummy/genomes/records/compleasm/rickettsiales_odb12/hmmer_output/998at766.out --cpu 1 /Users/rossoaa/Desktop/dummy/genomes/records/compleasm/mb_downloads/rickettsiales_odb12/hmms/998at766.hmm - 
# Current dir:     /Users/rossoaa/Desktop/dummy/genomes/records/compleasm
# Date:            Tue Feb 10 10:20:21 2026
# [ok]
